ARM GAS  /tmp/ccLAYyK9.s 			page 1


   1              		.cpu cortex-m4
   2              		.eabi_attribute 27, 1
   3              		.eabi_attribute 28, 1
   4              		.eabi_attribute 20, 1
   5              		.eabi_attribute 21, 1
   6              		.eabi_attribute 23, 3
   7              		.eabi_attribute 24, 1
   8              		.eabi_attribute 25, 1
   9              		.eabi_attribute 26, 1
  10              		.eabi_attribute 30, 2
  11              		.eabi_attribute 34, 1
  12              		.eabi_attribute 18, 4
  13              		.file	"arm_pid_reset_f32.c"
  14              		.text
  15              	.Ltext0:
  16              		.section	.gnu.lto_.profile.9d4ce567a4af0c32,"",%progbits
  17 0000 789C6365 		.ascii	"x\234ce`b`a```d\340g\005\000\000\243\000!"
  17      60626061 
  17      60606064 
  17      E0670500 
  17      00A30021 
  18              		.text
  19              		.section	.gnu.lto_.icf.9d4ce567a4af0c32,"",%progbits
  20 0000 789C6365 		.ascii	"x\234ce`b\340`@\000F\206\365\217\277/ad\000\000\017"
  20      6062E060 
  20      40004686 
  20      F58FBF2F 
  20      61640000 
  21 0015 B7033F   		.ascii	"\267\003?"
  22              		.text
  23              		.section	.gnu.lto_.jmpfuncs.9d4ce567a4af0c32,"",%progbits
  24 0000 789C6365 		.ascii	"x\234ce`bPg@\000F\006FF\306z6\020\213QK\006HNgf\374"
  24      60625067 
  24      40004606 
  24      4646C67A 
  24      36108B51 
  25 001b FD62CA4D 		.ascii	"\375b\312M\306>\346\371\314\014\214<\214\313\031\201"
  25      C63EE6F9 
  25      CC0C8C3C 
  25      8CCB1981 
  26 002b A20C007F 		.ascii	"\242\014\000\177F\006\362"
  26      4606F2
  27              		.text
  28              		.section	.gnu.lto_.inline.9d4ce567a4af0c32,"",%progbits
  29 0000 789C6365 		.ascii	"x\234ce`bPb@\000F\006\006v~FF\006\005 \203\011\310g"
  29      60625062 
  29      40004606 
  29      06767E46 
  29      46060520 
  30 0018 5B200FA2 		.ascii	"[ \017\242\030Xx\031\030\230'\370\001Y\000\037\364\002"
  30      18587819 
  30      189827F8 
  30      0159001F 
  30      F402
  31 002a 1F       		.ascii	"\037"
  32              		.text
  33              		.section	.gnu.lto_.pureconst.9d4ce567a4af0c32,"",%progbits
ARM GAS  /tmp/ccLAYyK9.s 			page 2


  34 0000 789C6365 		.ascii	"x\234ce`b`f```d\220\000\000\000\204\000$"
  34      60626066 
  34      60606064 
  34      90000000 
  34      840024
  35              		.text
  36              		.section	.gnu.lto_arm_pid_reset_f32.9d4ce567a4af0c32,"",%progbits
  37 0000 789C2D50 		.ascii	"x\234-P\317k\023a\020\235\367M\222M\351\217\253\210"
  37      CF6B1361 
  37      109DF74D 
  37      924DE98F 
  37      AB88
  38 0012 017B2BF5 		.ascii	"\001{+\365\220\005\375\023*B\241\005a\377\200\2401B"
  38      9005FD13 
  38      2A42A105 
  38      61FF80A0 
  38      3142
  39 0024 4A9BC836 		.ascii	"J\233\3106=\347k\250\246TZ=\250iJ\343\356\241%\2656"
  39      3DE76BA8 
  39      A6545A3D 
  39      A8694AE3 
  39      EEA125B5 
  40 0039 FDE12DB7 		.ascii	"\375\341-\267\265\202\202\320\026\275I\301\203\026Q"
  40      B58282D0 
  40      16BD49C1 
  40      831651
  41 0048 AC074F05 		.ascii	"\254\007O\005\245\325\231\350\260\363\355\3167o\336"
  41      A5D599E8 
  41      B0F3EDCE 
  41      376FDE
  42 0057 BCB77132 		.ascii	"\274\267q2T\003\321(\021]\220\004\023\314\303}\242\351"
  42      5403D128 
  42      115D9004 
  42      13CCC37D 
  42      A2E9
  43 0069 A401F4C3 		.ascii	"\244\001\364\303&Ae\2032\036p\215\261[\375\3226\203"
  43      26416583 
  43      321E708D 
  43      B15BFDD2 
  43      3683
  44 007b 4D2B11D5 		.ascii	"M+\021\325>\236\267k\021\002&\252Kj\240\211AA\275\233"
  44      3E9EB76B 
  44      110226AA 
  44      4B6AA089 
  44      4141BD9B 
  45 008f D95EE605 		.ascii	"\331^\346\005\016\030\210I\371so\351s\237\226\006\375"
  45      0E188849 
  45      F9736FE9 
  45      739F9606 
  45      FD
  46 00a0 522EB75E 		.ascii	"R.\267^\205\016\217\200\224\357h\376i\357\300\252\265"
  46      850E8F80 
  46      94EF68FE 
  46      69EFC0AA 
  46      B5
  47 00b1 151BBD6E 		.ascii	"\025\033\275n:u\033\305\002f\254\203\205\022\317\220"
  47      3A751BC5 
ARM GAS  /tmp/ccLAYyK9.s 			page 3


  47      0266AC83 
  47      8512CF90 
  48 00c1 C21A5224 		.ascii	"\302\032R$W\204\347\030\320\211O;g\217{\023\261\177"
  48      5784E718 
  48      D0894F3B 
  48      678F7B13 
  48      B17F
  49 00d3 2BB18184 		.ascii	"+\261\201\204\250\247\255\367\210\354\331\237\252\215"
  49      A8A7ADF7 
  49      88ECD99F 
  49      AA8D
  50 00e1 F6CFAD5F 		.ascii	"\366\317\255_\214\003\21262\027#\232\023\240\032\271"
  50      8C038A36 
  50      3217239A 
  50      13A01AB9 
  51 00f1 CF46DFFC 		.ascii	"\317F\337\374\015\225_\325\275\203\204\3166\330\010"
  51      0D955FD5 
  51      BD8384CE 
  51      36D808
  52 0100 E593BBBB 		.ascii	"\345\223\273\273\007\216\352\343\216\246\2237og{\002"
  52      078EEAE3 
  52      8EA69337 
  52      6F677B02 
  53 0110 34A6C564 		.ascii	"4\246\305dX\020\222xC\214\264D\207vW\217*\233\216\333"
  53      58109278 
  53      438CB444 
  53      8776578F 
  53      2A9B8EDB 
  54 0124 D23FD01F 		.ascii	"\322?\320\037p\002\233\010\260\330\261/\315\303\225"
  54      70029B08 
  54      B0D8B12F 
  54      CDC395
  55 0133 972BDDE5 		.ascii	"\227+\335\345Sm\206c\262\035[pE\3456\312\364\035\367"
  55      536D8663 
  55      B21D5B70 
  55      45E536CA 
  55      F41DF7
  56 0146 C23EDDA9 		.ascii	"\302>\335\251\270v\373\370\320\021\\2`\247.[\011;\002"
  56      B876FBF8 
  56      D0115C32 
  56      60A72E5B 
  56      093B02
  57 0159 1135B894 		.ascii	"\0215\270\224\222\366\357\257\217>@\005%\321\203\027"
  57      92F6EFAF 
  57      8F3E4005 
  57      25D18317 
  58 0169 4805DC45 		.ascii	"H\005\334E?P\011O\272;\004\032s2%n\014\321p:\355\312"
  58      3F50094F 
  58      BA3B041A 
  58      7332256E 
  58      0CD1703A 
  59 017f 3334EA0D 		.ascii	"34\352\015{\377\317\253\336\365\314H\376\246\353\025"
  59      7BFFCFAB 
  59      DEF5CC48 
  59      FEA6EB15 
  60 018f A7FC6CCE 		.ascii	"\247\374l\316\035*\026J~q|<\347_\233*dK\371ba\322\275"
  60      1D2A164A 
ARM GAS  /tmp/ccLAYyK9.s 			page 4


  60      7E717C3C 
  60      E75F9B2A 
  60      644BF962 
  61 01a6 E14F64EE 		.ascii	"\341Od\356\344oe\374\334d\256\224\271}\345r:K\360\376"
  61      E46F65FC 
  61      DC64AE94 
  61      B97DE572 
  61      3A4BF0FE 
  62 01ba 02CF7E9C 		.ascii	"\002\317~\234s"
  62      73
  63              		.text
  64              		.section	.gnu.lto_.symbol_nodes.9d4ce567a4af0c32,"",%progbits
  65 0000 789C6365 		.ascii	"x\234ce`b\320e\000\002\246n\306z\006\206\011\347\030"
  65      6062D065 
  65      0002A66E 
  65      C67A0686 
  65      09E718
  66 0013 1880D4AE 		.ascii	"\030\200\324\256\006G\006\006\306\036\306zF\260\010"
  66      06470606 
  66      C61EC67A 
  66      46B008
  67 0022 03434383 		.ascii	"\003CC\203\003\003\0033\003#\303\221\007\377\030\031"
  67      03030333 
  67      0323C391 
  67      07FF1819 
  68 0032 00F6330A 		.ascii	"\000\3663\012\355"
  68      ED
  69              		.text
  70              		.section	.gnu.lto_.refs.9d4ce567a4af0c32,"",%progbits
  71 0000 789C6365 		.ascii	"x\234ce`b`d\000\002\000\000I\000\011"
  71      60626064 
  71      00020000 
  71      490009
  72              		.text
  73              		.section	.gnu.lto_.decls.9d4ce567a4af0c32,"",%progbits
  74 0000 789C9D55 		.ascii	"x\234\235UoLSW\024\177\347\275BK[\205\241Y\370\300\022"
  74      6F4C5357 
  74      147FE7BD 
  74      424B5B85 
  74      A159F8C0 
  75 0015 347C2099 		.ascii	"4| \231\355\263\230\270/\373\240aq3n\303\204\351\267"
  75      EDB398B8 
  75      2FFBA061 
  75      71336EC3 
  75      84E9B7
  76 0028 8541FB90 		.ascii	"\205A\373\220f\355{\254-q\331\247\207\240\303\177S\343"
  76      66ED7BAC 
  76      2D71D9A7 
  76      87A0C37F 
  76      53E3
  77 003a 868A5618 		.ascii	"\206\212V\030S\374\203\010\303?\250\245\330\351tLD\254"
  77      53FC8308 
  77      C33FA8A5 
  77      D8E9744C 
  77      44AC
  78 004c 4E14B550 		.ascii	"N\024\265PuT\315\234N1n:\023v\356\275\257\264\242\311"
  78      7554CD9C 
ARM GAS  /tmp/ccLAYyK9.s 			page 5


  78      4E316E3A 
  78      1376EEBD 
  78      AFB4A2C9 
  79 0060 B2DDF4DC 		.ascii	"\262\335\364\334w\317\271\277{\316\357\236s\357m\012"
  79      77CFB9BF 
  79      7BCEEF9E 
  79      73EF6D0A 
  80 0070 C7734603 		.ascii	"\307sF\003\307\035\002\216\253\3418n\014\033\217\337"
  80      C71D028E 
  80      ABE1386E 
  80      0C1B8FDF 
  81 0080 56143471 		.ascii	"V\0244q\205\034k\304\026F\211q/\267\357\020h\304\357"
  81      851C6BC4 
  81      16468971 
  81      2FB7EF10 
  81      68C4EF
  82 0093 62944C94 		.ascii	"b\224L\224\251(}(\267QzQ\216\241\334\321|\215h~O\376"
  82      A9287D28 
  82      B7517A51 
  82      8EA1DCD1 
  82      7C8D687E 
  83 00a9 8BCF4D02 		.ascii	"\213\317M\002\034\376\362\264\337<\004\327\001q\220"
  83      1CFEF2B4 
  83      DF3C04D7 
  83      017190
  84 00b8 41AD00AC 		.ascii	"A\255\000\254\007*T\035\2137\000jG+O{\006\244&\210\257"
  84      072A541D 
  84      8B37006A 
  84      472B4F7B 
  84      06A42688 
  85 00cd D0745E53 		.ascii	"\320t^Sy\315%\375i\213!\311#\233f\221\342\215\361g\003"
  85      79CD25FD 
  85      698B21C9 
  85      239B6691 
  85      E28DF167 
  86 00e2 BA4C5B0A 		.ascii	"\272L[\012\300'\002\000$/Hr\310hk\363\343\374\270\304"
  86      C0270200 
  86      242F4872 
  86      C8686BF3 
  86      E3FCB8C4 
  87 00f6 E620BEFB 		.ascii	"\346 \276\373{kF\033t\303\020\0010q\215s\200\332\236"
  87      7B6B461B 
  87      74C31001 
  87      30718D73 
  87      80DA9E
  88 0109 F737B7F2 		.ascii	"\3677\267\362\002\017d<\374t\367<\353>\2255\303\214"
  88      020F643C 
  88      FC74F73C 
  88      EB3E9535 
  88      C38C
  89 011b 44DAC235 		.ascii	"D\332\3025\355\333\204\257\004\3104\202\016\325\207"
  89      EDDB84AF 
  89      04C83482 
  89      0ED587
  90 012a 7DF5B726 		.ascii	"}\365\267&\243:\325\0109Ij&S\357\327\214DML\315Bu\325"
  90      A33AD508 
  90      39496A26 
ARM GAS  /tmp/ccLAYyK9.s 			page 6


  90      53EFD78C 
  90      444D4CCD 
  91 0141 486BBD59 		.ascii	"Hk\275Yx\203\006\370\255\347\312\200Y\310!c~\335\246"
  91      788306F8 
  91      ADE7CA80 
  91      59C82163 
  91      7EDDA6
  92 0154 471D02E4 		.ascii	"G\035\002\344\231\232I\260\320\345\2217\353\226\253"
  92      999A49B0 
  92      D0E59137 
  92      EB96AB
  93 0163 2A0F1D60 		.ascii	"*\017\035`\202v\020`/X\011\365\002\023\366+\011\244"
  93      82761060 
  93      2F5809F5 
  93      0213F62B 
  93      09A4
  94 0175 7D859AF6 		.ascii	"}\205\232\366\036\007\373 \033Z \233\203\357!\017g5"
  94      1E07FB20 
  94      1B5A209B 
  94      83EF210F 
  94      6735
  95 0187 1C71FE78 		.ascii	"\034q\376xs\300\257\027>\246\201\352\003\217\317\244"
  95      73C0AF17 
  95      3EA681EA 
  95      038FCFA4 
  96 0197 300E0654 		.ascii	"0\016\006T\377\276\363\365 0\325\214\352\262\300\340"
  96      FFBEF3F5 
  96      2030D58C 
  96      EAB2C0E0 
  97 01a7 8674C63F 		.ascii	"\206t\306?J\320\021\377\203Q\235\360\011]yj\354\317"
  97      4AD011FF 
  97      83519DF0 
  97      095D796A 
  97      ECCF
  98 01b9 503A83F2 		.ascii	"P:\203\362\250v>\364\257\020\214\265\204\300\372j$@"
  98      A8763EF4 
  98      AF108CB5 
  98      84C0FA6A 
  98      2440
  99 01cb EC710A1C 		.ascii	"\354q\012\034\034\005<\243 f\303\021T\021\035\270\272"
  99      1C053CA3 
  99      2066C311 
  99      54111DB8 
  99      BA
 100 01dc 6CA73E73 		.ascii	"l\247>s=E\253j\216\216\356\3460\302\017Q\3701\310\214"
 100      3D45AB6A 
 100      8E8EEEE6 
 100      30C20F51 
 100      F831C88C 
 101 01f0 2F22E858 		.ascii	"/\"\350X\375\361\200 \224\321\260\177\015D\237\245\011"
 101      FDF18020 
 101      94D1B07F 
 101      0D449FA5 
 101      09
 102 0201 4E3A6EF6 		.ascii	"N:n\366_C:.f\357\0127\361\214N.\252{C\253{\004\306\274"
 102      5F433A2E 
 102      66EF0A37 
ARM GAS  /tmp/ccLAYyK9.s 			page 7


 102      F18C4E2E 
 102      AA7B43AB 
 103 0219 91D0EB3D 		.ascii	"\221\320\353=t$\222.(\004\232\326?P\323\252\203)\271"
 103      7424922E 
 103      28049AD6 
 103      3F50D3AA 
 103      8329B9
 104 022c B4E5E56E 		.ascii	"\264\345\345n\320X\314\321qp\034)tS\012?\300\024\222"
 104      D058CCD1 
 104      71701C29 
 104      74530A3F 
 104      C01492
 105 023f 32E8C1EC 		.ascii	"2\350\301\354\235\202\\8\215r\002\345$\312\217(?\241"
 105      9D825C38 
 105      8D7202E5 
 105      24CA8F28 
 105      3FA1
 106 0251 FC0CB9B4 		.ascii	"\374\014\271\264\360M\2642\367\203\372\206\230\252\256"
 106      F04DB432 
 106      F783FA86 
 106      98AAAE
 107 0260 4CA59B09 		.ascii	"L\245\233\011`i\210\217\3612\034\244nm\331\343\370G"
 107      6069888F 
 107      F1321CA4 
 107      6E6DD9E3 
 107      F847
 108 0272 417D951A 		.ascii	"A}\225\032\252\021\310n\241S\203\307s\240\301\367A\002"
 108      AA11C86E 
 108      A15383C7 
 108      73A0C1F7 
 108      4102
 109 0284 FF2CA83F 		.ascii	"\377,\250?@\361\304\375\201\211\356\367Ot\1775\031\036"
 109      40F1C4FD 
 109      8189EEF7 
 109      4F747F35 
 109      191E
 110 0296 9C081727 		.ascii	"\234\010\027'\240o&\243\273^\211N\346r\242;\011\336"
 110      A06F26A3 
 110      BB5E894E 
 110      E672A23B 
 110      09DE
 111 02a8 F66A2E0C 		.ascii	"\366j.\014\317N\355\271\240~\253\252f\020\030\027?\211"
 111      CF4EEDB9 
 111      A07EABAA 
 111      66101817 
 111      3F89
 112 02ba E3CECE75 		.ascii	"\343\316\316u''.4\321[kbgX\310G+\2077\362\202\207\336"
 112      27272E34 
 112      D15B6B62 
 112      6758C847 
 112      2B8737F2 
 113 02d1 8CDE8EFD 		.ascii	"\214\336\216\375\233'\303\224\274WU\020\316b\341\376"
 113      9B27C394 
 113      BC575510 
 113      CE62E1FE 
 114 02e1 4B1119D1 		.ascii	"K\021\031\321\201n=\336.\200^\\y&q\273\010o\032\276"
 114      816E3DDE 
ARM GAS  /tmp/ccLAYyK9.s 			page 8


 114      2E805E5C 
 114      792671BB 
 114      086F1ABE 
 115 02f5 EF9B0D11 		.ascii	"\357\233\015\021\203y\225\252.\323\216yo\022U\016\372"
 115      837995AA 
 115      2ED38E79 
 115      6F12550E 
 115      FA
 116 0306 C0AC5DB2 		.ascii	"\300\254]\262#m\255\333\322t<\263A\251\216\330.\374"
 116      236DADDB 
 116      D2743CB3 
 116      41A98ED8 
 116      2EFC
 117 0318 71D66F62 		.ascii	"q\326ob\2072\003\325=\337\236^\316g\325\321G\244Z\315"
 117      873203D5 
 117      3DDF9E5E 
 117      CE67D5D1 
 117      47A45ACD 
 118 032c E061F1EB 		.ascii	"\340a\361\353\320\017\354\216pp\036\262\260?\007:\346"
 118      D00FEC8E 
 118      70701EB2 
 118      B03F073A 
 118      E6
 119 033d AFE9F296 		.ascii	"\257\351\362\226\260~z\243\332\030UCc\273\337\216u\250"
 119      B07E7AA3 
 119      DA185543 
 119      63BBDF8E 
 119      75A8
 120 034f 2A125575 		.ascii	"*\022Uu\004\007{\022Lq\210\375n\030\006\330\005C\370"
 120      04077B12 
 120      4C7188FD 
 120      6E1806D8 
 120      0543F8
 121 0362 C085613A 		.ascii	"\300\205a:.o\353\354Z\233\"\204\201\336\225\276\266"
 121      2E6FEBEC 
 121      5A9B2284 
 121      81DE95BE 
 121      B6
 122 0373 BBAB5385 		.ascii	"\273\253S\205+Li\337\032;\243G\242p\221\254\244\226"
 122      2B4C69DF 
 122      1A3BA347 
 122      A27091AC 
 122      A496
 123 0385 AAD0AE49 		.ascii	"\252\320\256IB\204M7\355\334~\201\354\003.\3414\374"
 123      42844D37 
 123      EDDC7E81 
 123      EC032EE1 
 123      34FC
 124 0397 02742391 		.ascii	"\002t#\221\236=-\344v\025\032\201<\255\351$\300\275"
 124      9E3D2DE4 
 124      76151A81 
 124      3CADE924 
 124      C0BD
 125 03a9 A34F2731 		.ascii	"\243O'1\023A\354x\372\240\323,\214P\037|8\370\373\015"
 125      1341EC78 
 125      FAA0D32C 
 125      8C501F7C 
ARM GAS  /tmp/ccLAYyK9.s 			page 9


 125      38F8FB0D 
 126 03bd 03E41959 		.ascii	"\003\344\031Y\212o\007\247\007\206\360\322\30350\302"
 126      8A6F07A7 
 126      0786F0D2 
 126      C33530C2 
 127 03cd 60827921 		.ascii	"`\202y!\271\355\265\343\231Mz\301\256b\371\320/\301"
 127      B9EDB5E3 
 127      994D7AC1 
 127      AE62F9D0 
 127      2FC1
 128 03df C115345E 		.ascii	"\301\0254^f\217\310\366\023\017\252\3144\305\304\023"
 128      668FC8F6 
 128      130FAACC 
 128      34C5C413 
 129 03ef 4B71DDC5 		.ascii	"Kq\335\305\252Z\201\332\026\032\361\337\213\332b\317"
 129      AA5A81DA 
 129      161AF1DF 
 129      8BDA62CF 
 130 03ff EBA23CB5 		.ascii	"\353\242<\265-2\343\233Nm\003\325k\236L\236\326\317"
 130      2D32E39B 
 130      4E6D03D5 
 130      6B9E4C9E 
 130      D6CF
 131 0411 37A806BA 		.ascii	"7\250\006\272\347\340\226\273\007t\0243\014\323\250"
 131      E7E096BB 
 131      07741433 
 131      0CD3A8
 132 0420 E5C9CDB5 		.ascii	"\345\311\315\265\033\365B\230=\370\017\033F\233SI\026"
 132      1BF54298 
 132      3DF80F1B 
 132      469B5349 
 132      16
 133 0431 6E20DF28 		.ascii	"n \337(\251\011yG\257o\351J\021\006\031\242e\323\216"
 133      A9097947 
 133      AF6FE94A 
 133      110619A2 
 133      65D38E
 134 0444 F3348DB7 		.ascii	"\3634\215\267H\236n\262(\267\252\017\372u\311\025F\002"
 134      489E6EB2 
 134      28B7AA0F 
 134      FA75C915 
 134      4602
 135 0456 5A85E157 		.ascii	"Z\205\341W\204\300\010-\362P\274\310\317[\"!R\344h\243"
 135      84C0082D 
 135      F250BCC8 
 135      CF5B2221 
 135      52E468A3 
 136 046a 1AEABF3E 		.ascii	"\032\352\277>{\264C\255Y\256f\015\361\004\007\027\342"
 136      7BB443AD 
 136      59AE660D 
 136      F1040717 
 136      E2
 137 047b A98201D0 		.ascii	"\251\202\001\320\021\215\375q\305h}k\333\207w\232\222"
 137      118DFD71 
 137      C5687D6B 
 137      DB87779A 
 137      92
ARM GAS  /tmp/ccLAYyK9.s 			page 10


 138 048c CF257954 		.ascii	"\317%yT\022\347\3626;\227\344\213\340k\227z\326\361"
 138      12E7F236 
 138      3B97E48B 
 138      E06B977A 
 138      D6F1
 139 049e C960E23E 		.ascii	"\311`\342>\001\276\243\201\311\367\265\022\217\273\270"
 139      01BEA381 
 139      C9F7B512 
 139      8FBBB8
 140 04ad C2E928F6 		.ascii	"\302\351(\366H^\311W\\6+\337\360\356\207\213r\012l6"
 140      485EC957 
 140      5C362BDF 
 140      F0EE878B 
 140      720A6C36 
 141 04c1 8E5FE04C 		.ascii	"\216_\340L+s)%\276Y\371\305\276|\253U,(w\226:\013\213"
 141      2B732925 
 141      BE59F9C5 
 141      BE7CAB55 
 141      2C287796 
 142 04d8 44C52BDA 		.ascii	"D\305+\332\025\267[\221E\351s\237X\360A\321\374\"\321"
 142      15B75B91 
 142      45E9739F 
 142      58F041D1 
 142      FC22D1
 143 04eb 29DB5D95 		.ascii	")\333]\225\016I$\356\334%\276rk9\256\257H\361\372J|"
 143      0E4924EE 
 143      DC25BE72 
 143      6B39AEAF 
 143      48F1FA4A 
 144 0500 123F379F 		.ascii	"\022?7\237\237k\343\347\316\344\0278\246\306\3439e\234"
 144      9F6BE3E7 
 144      CEE41738 
 144      A6C6E339 
 144      659C
 145 0512 93ED1209 		.ascii	"\223\355\022\0119\037\235\023\377\324\023\353\337)Z"
 145      391F9D13 
 145      FFD413EB 
 145      DF295A
 146 0521 58FCBEB3 		.ascii	"X\374\276\263T,R*=vI,Pd\237Gq\271$\317\274J\331\356"
 146      542C522A 
 146      3D76492C 
 146      50649F47 
 146      71B924CF 
 147 0539 732AB257 		.ascii	"s*\262W|\211\271\325\316\245\272%7j:\227TR\246\227\025"
 147      7C89B9D5 
 147      CEA5BA25 
 147      376A3A97 
 147      5452A697 
 148 054e 5FB94759 		.ascii	"_\271GY\232\352u~!\025\373J\305r\305-\211K%\351SIv\210"
 148      9AEA757E 
 148      2115FB4A 
 148      C572C52D 
 148      894B25E9 
 149 0566 4A854F5C 		.ascii	"J\205O\\b\267[\320\213EVd\311\"\225\224:-\263-\3713"
 149      62B75BD0 
 149      8B455664 
 149      C9229594 
ARM GAS  /tmp/ccLAYyK9.s 			page 11


 149      3A2DB32D 
 150 057c 6D6F593E 		.ascii	"moY>\263Y*+\034H]t!\007\204\211/\300\304\331\326YV\333"
 150      B3592A2B 
 150      1C485D74 
 150      21078489 
 150      2FC0C4D9 
 151 0594 F89EBD3E 		.ascii	"\370\236\275>\207C*\303\035\203M_&\347x+$;\306\226\345"
 151      87432AC3 
 151      1D834D5F 
 151      26E7782B 
 151      243BC696 
 152 05a9 4A97EBA3 		.ascii	"J\227\353\243\377\025\364\305`\2110\036\247\274\004"
 152      FF15F4C5 
 152      6089301E 
 152      A7BC04
 153 05b8 C3FC0346 		.ascii	"\303\374\003F\200\305\005"
 153      80C505
 154              		.text
 155              		.section	.gnu.lto_.symtab.9d4ce567a4af0c32,"",%progbits
 156 0000 61726D5F 		.ascii	"arm_pid_reset_f32\000"
 156      7069645F 
 156      72657365 
 156      745F6633 
 156      3200
 157 0012 00       		.ascii	"\000"
 158 0013 00       		.ascii	"\000"
 159 0014 00       		.ascii	"\000"
 160 0015 00000000 		.ascii	"\000\000\000\000\000\000\000\000"
 160      00000000 
 161 001d D1000000 		.ascii	"\321\000\000\000"
 162              		.text
 163              		.section	.gnu.lto_.opts,"",%progbits
 164 0000 272D666D 		.ascii	"'-fmath-errno' '-fsigned-zeros' '-ftrapping-math' '"
 164      6174682D 
 164      6572726E 
 164      6F272027 
 164      2D667369 
 165 0033 2D666E6F 		.ascii	"-fno-trapv' '-fno-openmp' '-fno-openacc' '-mcpu=cor"
 165      2D747261 
 165      70762720 
 165      272D666E 
 165      6F2D6F70 
 166 0066 7465782D 		.ascii	"tex-m4' '-mfloat-abi=hard' '-mfpu=fpv4-sp-d16' '-mn"
 166      6D342720 
 166      272D6D66 
 166      6C6F6174 
 166      2D616269 
 167 0099 6F2D7468 		.ascii	"o-thumb-interwork' '-mthumb' '-ggdb' '-O2' '-fomit-"
 167      756D622D 
 167      696E7465 
 167      72776F72 
 167      6B272027 
 168 00cc 6672616D 		.ascii	"frame-pointer' '-falign-functions=16' '-ffunction-s"
 168      652D706F 
 168      696E7465 
 168      72272027 
 168      2D66616C 
ARM GAS  /tmp/ccLAYyK9.s 			page 12


 169 00ff 65637469 		.ascii	"ections' '-fdata-sections' '-fno-common' '-flto' '-"
 169      6F6E7327 
 169      20272D66 
 169      64617461 
 169      2D736563 
 170 0132 6673696E 		.ascii	"fsingle-precision-constant'\000"
 170      676C652D 
 170      70726563 
 170      6973696F 
 170      6E2D636F 
 171              		.text
 172              		.comm	__gnu_lto_v1,1,1
 173              		.comm	__gnu_lto_slim,1,1
 174              		.ident	"GCC: (GNU Tools for ARM Embedded Processors 6-2017-q1-update) 6.3.1 20170215 (release) [AR
ARM GAS  /tmp/ccLAYyK9.s 			page 13


DEFINED SYMBOLS
                            *ABS*:0000000000000000 arm_pid_reset_f32.c
                            *COM*:0000000000000001 __gnu_lto_v1
                            *COM*:0000000000000001 __gnu_lto_slim

NO UNDEFINED SYMBOLS
