ARM GAS  /tmp/ccNWDAj7.s 			page 1


   1              		.cpu cortex-m4
   2              		.eabi_attribute 27, 1
   3              		.eabi_attribute 28, 1
   4              		.eabi_attribute 20, 1
   5              		.eabi_attribute 21, 1
   6              		.eabi_attribute 23, 3
   7              		.eabi_attribute 24, 1
   8              		.eabi_attribute 25, 1
   9              		.eabi_attribute 26, 1
  10              		.eabi_attribute 30, 2
  11              		.eabi_attribute 34, 1
  12              		.eabi_attribute 18, 4
  13              		.file	"arm_pid_init_f32.c"
  14              		.text
  15              	.Ltext0:
  16              		.section	.gnu.lto_.profile.8b59c20847f89797,"",%progbits
  17 0000 789C6365 		.ascii	"x\234ce`b`a```d\320\024\005\000\000\347\000K"
  17      60626061 
  17      60606064 
  17      D0140500 
  17      00E7004B 
  18              		.text
  19              		.section	.gnu.lto_.icf.8b59c20847f89797,"",%progbits
  20 0000 789C6365 		.ascii	"x\234ce`b\340c@\000&\206#WV|bf\\\267\245\371;;\003\000"
  20      6062E063 
  20      40002686 
  20      2357567C 
  20      62665CB7 
  21 001a 30880631 		.ascii	"0\210\0061"
  22              		.text
  23              		.section	.gnu.lto_.jmpfuncs.8b59c20847f89797,"",%progbits
  24 0000 789C6365 		.ascii	"x\234ce`b0e@\000&\006FF\306z6 \213\221QK\006HNgf\374"
  24      60623065 
  24      40002606 
  24      4646C67A 
  24      36208B91 
  25 001c FD62CA4D 		.ascii	"\375b\312M\306>\346\371\314\014\214<\214\313\031A\242"
  25      C63EE6F9 
  25      CC0C8C3C 
  25      8CCB1941 
  25      A2
  26 002d 4C8C8CCC 		.ascii	"L\214\214\314\365\365LL\225`M\000\361\013\010\204"
  26      F5F54C4C 
  26      95604D00 
  26      F10B0884 
  27              		.text
  28              		.section	.gnu.lto_.inline.8b59c20847f89797,"",%progbits
  29 0000 789C6365 		.ascii	"x\234ce`bX\303\200\000L\014\014\354\374\214\214\014"
  29      606258C3 
  29      80004C0C 
  29      0CECFC8C 
  29      8C0C
  30 0012 0A8C6036 		.ascii	"\012\214`6\003\333\002y\020\305\300\302\313\300\300"
  30      03DB0279 
  30      10C5C0C2 
  30      CBC0C0
  31 0021 3CC18F81 		.ascii	"<\301\217\201\201\221AH\230\221\215Q!{:3\343\264\326"
ARM GAS  /tmp/ccNWDAj7.s 			page 2


  31      81914148 
  31      98918D51 
  31      217B3A33 
  31      E3B4D6
  32 0034 43E7D9FB 		.ascii	"C\347\331\373\230\3473\00350.g\224a`T\310\002\323 \355"
  32      98E73303 
  32      35302E67 
  32      94616054 
  32      C802D320 
  33 0049 CC07C0A6 		.ascii	"\314\007\300\2460?\200P\015L\214 3y\230w\2103p\3360"
  33      303F8050 
  33      0D4C8C20 
  33      33799877 
  33      883370DE 
  34 005e 6362607C 		.ascii	"cb`|\301.\300\304\000\344\012\200\230\012`\001\005\006"
  34      C12EC0C4 
  34      00E40A80 
  34      980A6001 
  34      0506
  35 0070 A60BFC06 		.ascii	"\246\013\374\006 \226\003X\312\001\304/\000\021\001"
  35      20960358 
  35      CA01C42F 
  35      001101
  36 007f 0C2C0BE4 		.ascii	"\014,\013\344\033\030\301N\344f`a`\004\272\005\000Q"
  36      1B18C14E 
  36      E4666061 
  36      6004BA05 
  36      0051
  37 0091 581AB5   		.ascii	"X\032\265"
  38              		.text
  39              		.section	.gnu.lto_.pureconst.8b59c20847f89797,"",%progbits
  40 0000 789C6365 		.ascii	"x\234ce`b`e`\000\222\022\214R\000\000\377\000B"
  40      60626065 
  40      60009212 
  40      8C520000 
  40      FF0042
  41              		.text
  42              		.section	.gnu.lto_arm_pid_init_f32.part.0.8b59c20847f89797,"",%progbits
  43 0000 789C5550 		.ascii	"x\234UPKk\023Q\024\276\337\275\223N\252M\301MA\310\242"
  43      4B6B1351 
  43      14BEDFBD 
  43      934EAA4D 
  43      C14D41C8 
  44 0015 9B521A30 		.ascii	"\233R\0320\003\372\023*\245b\013\302,]\204\030c\011"
  44      03FA132A 
  44      A5620BC2 
  44      2C5D8418 
  44      6309
  45 0027 C4A44CA7 		.ascii	"\304\244L\247ns\033\253\221J|\020\265\215\264N\320\226"
  45      6E731BAB 
  45      914A7C10 
  45      B58DB44E 
  45      D096
  46 0039 C4479A56 		.ascii	"\304G\232Vm%\033\215\025T\304\007\212(\322\235mE\361"
  46      6D251B8D 
  46      1554C407 
  46      8A28D29D 
ARM GAS  /tmp/ccNWDAj7.s 			page 3


  46      6D45F1
  47 004c 016E146A 		.ascii	"\001n\024j\215\236;\006\321\303\3349\367\234\373\235"
  47      8D9E3B06 
  47      D1C3DC39 
  47      F79CFB9D 
  48 005c F37DE778 		.ascii	"\363}\347x\030g}\234\261\275\214\261mt\340a\320N=\245"
  48      18677D9C 
  48      B1BD8CB1 
  48      6D74E061 
  48      D04E3DA5 
  49 0070 8B06EE7A 		.ascii	"\213\006\356z\016\241\374\210W\000\352\"\275`)\215\013"
  49      0EA1FC88 
  49      5700EA22 
  49      BD60298D 
  49      0B
  50 0081 A470528C 		.ascii	"\244pR\214\013,e\336UyWQ\222\325\3067\266\312R\015\216"
  50      0B2C65DE 
  50      55795751 
  50      92D5C637 
  50      B6CA520D 
  51 0096 602C4F47 		.ascii	"`,OG\031\212\350\"\324\363\321\271IqB8\324D\243\360"
  51      198AE822 
  51      D4F3D1B9 
  51      49714238 
  51      D444A3F0 
  52 00aa EB93F32B 		.ascii	"\353\223\363+\255*\344h\247p\262|\257\240\213\335`\252"
  52      AD2AE468 
  52      A770B27C 
  52      AFA08BDD 
  52      60AA
  53 00bc DF6AF682 		.ascii	"\337j\366\202\257sF\312\264\254\325\213z^\3264G\010"
  53      AF7346CA 
  53      B4ACD58B 
  53      7A5ED634 
  53      4708
  54 00ce 5C81A096 		.ascii	"\\\201\240\226\270\014?J\3603J1\\E\247\252x\265q\353"
  54      B80C3F4A 
  54      F0334A31 
  54      5C45A7AA 
  54      78B571EB 
  55 00e2 A52EFADD 		.ascii	"\245.\372\335\352\267+w\036\373:.\271j\276\015P\361"
  55      EAB72B77 
  55      1EFB3A2E 
  55      B96ABE0D 
  55      50F1
  56 00f4 68BB2334 		.ascii	"h\273#4\\\373\277Z\231\002\317\327\317\372\2324\224"
  56      5CFBBF5A 
  56      9902CFD7 
  56      CFFA9A34 
  56      94
  57 0105 D1F1472F 		.ascii	"\321\361G/f\321\004r*Sy\001)\353\2772R\256\007\266x"
  57      66D10472 
  57      2A537901 
  57      29EBBF32 
  57      52AE07B6 
  58 011a 00C5C689 		.ascii	"\000\305\306\211\327\303\330\030a\325*\216\013My\261"
  58      D7C3D818 
ARM GAS  /tmp/ccNWDAj7.s 			page 4


  58      61D52A8E 
  58      0B4D79B1 
  59 012a 86B44BFE 		.ascii	"\206\264K\376\372\342\355\\k\240\344\222?\034\341\264"
  59      FAE2ED5C 
  59      6BA0E492 
  59      3F1CE1B4 
  60 013a 078D35B6 		.ascii	"\007\2155\266PA\200\000_r\271\305f5\033\001\356O\264"
  60      50418000 
  60      5F72B9C5 
  60      66351B01 
  60      EE4FB4
  61 014d 9D3E2C7B 		.ascii	"\235>,{\377\252\303?\263i\014s4\333\0328SRT5St\334\245"
  61      FFAAC33F 
  61      B3690C73 
  61      34DB1A38 
  61      53525435 
  62 0165 FB80F47A 		.ascii	"\373\200\364z&\2730\250\324N\011N}\317\035Yz\246\253"
  62      26BB30A8 
  62      D44E094E 
  62      7DCF1D59 
  62      7AA6AB
  63 0178 750A57C7 		.ascii	"u\012W\307\367\007\217\216\2658\230\"\001\004\000\346"
  63      F7078F8E 
  63      B5389822 
  63      010400E6 
  64 0188 D5C8949F 		.ascii	"\325\310\224\237YM\317\352FY\321\027\0169B\307u8\230"
  64      594DCFEA 
  64      4659D117 
  64      0E3942C7 
  64      753898
  65 019b 108D6D2C 		.ascii	"\020\215m,O\337\235\336\234\372\351\276Z4'n\300 \345"
  65      4FDF9DDE 
  65      9CFAE9BE 
  65      5A34276E 
  65      C020E5
  66 01ae 3791621F 		.ascii	"7\221b\037q\264\320\246\350\024\256Z\375\264\254\023"
  66      71B4D0A6 
  66      E814AE5A 
  66      FDB4AC13 
  67 01be CEEB086F 		.ascii	"\316\353\010o\236$1,\020\204\204 \340\247\347\037\357"
  67      9E24312C 
  67      10848420 
  67      E0A7E71F 
  67      EF
  68 01cf CFBC81D2 		.ascii	"\317\274\201\322\322\214\026,\302\357\210M\256v\341"
  68      D28C162C 
  68      C2EF884D 
  68      AE76E1
  69 01de 6AFF8C74 		.ascii	"j\377\214t\241\222\205\333K\331\030)\246<u\351\015\006"
  69      A19285DB 
  69      4BD91829 
  69      A63C75E9 
  69      0D06
  70 01f0 0DFABAFB 		.ascii	"\015\372\272\373\315]f\343\277\323\334\023\352\213\355"
  70      CD5D66E3 
  70      BFD3DC13 
  70      EA8BED
ARM GAS  /tmp/ccNWDAj7.s 			page 5


  71 01ff 33CCE4B0 		.ascii	"3\314\344\260\025\211\032\335\311\204m%\343\361\250"
  71      15891ADD 
  71      C9846D25 
  71      E3F1A8
  72 020e D5339C88 		.ascii	"\3253\234\210\330\261db\310\010[\007C\203\261\375\241"
  72      D8B16462 
  72      C8085B07 
  72      4383B1FD 
  72      A1
  73 021f 58226687 		.ascii	"X\"f\207\016\354\330\036\2140\230\255Vt(j\233v\330\216"
  73      0EECD81E 
  73      8C3098AD 
  73      5674286A 
  73      9B76D88E 
  74 0233 F6C4C303 		.ascii	"\366\304\303\003\277\001\275O\327\367"
  74      BF01BD4F 
  74      D7F7
  75              		.text
  76              		.section	.gnu.lto_arm_pid_init_f32.8b59c20847f89797,"",%progbits
  77 0000 789CA593 		.ascii	"x\234\245\223]HTQ\020\307\317\334s?\326eW\254\207HP"
  77      5D485451 
  77      10C7CFDC 
  77      733FD665 
  77      57AC8748 
  78 0015 F14D94D8 		.ascii	"\361M\224\330\013\371\332\233!F\011\301>\366\260\230"
  78      0BF9DA9B 
  78      214609C1 
  78      3EF6B098 
  79 0025 6DB160BB 		.ascii	"m\261`\273\262\256\317{\\m\025\3732$u7\355Z!\332\307"
  79      B2AECF7B 
  79      5C6D15FB 
  79      32247537 
  79      ED5A21DA 
  80 003a FAD187B6 		.ascii	"\372\321\207\266[\331\242T\030d\024a\201\320CY \226"
  80      5BD9A254 
  80      18641461 
  80      81D04359 
  80      2096
  81 004c D053446A 		.ascii	"\320SDj\315\234\273E\370\022\326a\357\034\316\334\231"
  81      CD9CBB45 
  81      F812D661 
  81      EF1CCEDC 
  81      99
  82 005d DFFCCFEC 		.ascii	"\337\374\317\354\\\215)\254Re\354\020c\254\022\037\320"
  82      5C8D29AC 
  82      5265EC10 
  82      63AC121F 
  82      D0
  83 006e 18285DF3 		.ascii	"\030(]\363\214\2658\024\205gJ\230p\252\013&\023.\016"
  83      8CB53814 
  83      85674A98 
  83      70AA0B26 
  83      132E0E
  84 0081 2AB94105 		.ascii	"*\271A\005\240]8\200E\025\256B\024\316\362^\0163\355"
  84      A05D3880 
  84      4515AE42 
  84      14CEF25E 
ARM GAS  /tmp/ccNWDAj7.s 			page 6


  84      0E33ED
  85 0094 1FD34AF9 		.ascii	"\037\323J\371\260\300\225\355]+\024#Y\2608c\011|h\301"
  85      B0C095ED 
  85      5D2B1423 
  85      59B03863 
  85      097C68C1 
  86 00a8 309463D4 		.ascii	"0\224c\324\213\266\361~~\206[\034@\305\343\227g\311"
  86      8BB6F17E 
  86      7E865B1C 
  86      40C5E397 
  86      67C9
  87 00ba F7F97454 		.ascii	"\367\371tT\240\024\217\375\251\331A\203\357\007F\274"
  87      A0148FFD 
  87      A9D94183 
  87      EF0746BC 
  88 00ca A5D317DD 		.ascii	"\245\323\027\335eCB\304Dvc\330H\210\254jq\016\327\200"
  88      654342C4 
  88      447663D8 
  88      4888AC6A 
  88      710ED780 
  89 00de 2312AE42 		.ascii	"#\022\256B\021\214@\021C\027\203\353P\206\011\013kS"
  89      118C4011 
  89      431783EB 
  89      5086090B 
  89      6B53
  90 00f0 AF0C5E2B 		.ascii	"\257\014^+\223W\273\273'\363(\031\305<\356\333q\256"
  90      9357BBBB 
  90      27F32819 
  90      C53CEEDB 
  90      71AE
  91 0102 55D45828 		.ascii	"U\324X(\365\306\346d\225A\012\312(\343\335\304\306y"
  91      F5C6E664 
  91      95410ACA 
  91      28E3DDC4 
  91      C679
  92 0114 B7AEDA7A 		.ascii	"\267\256\332za\024t\300}\354%d\305\306\217v\221\235"
  92      611474C0 
  92      7DEC2564 
  92      C5C68F76 
  92      919D
  93 0126 DF7929E5 		.ascii	"\337y)\345\336\246\000\325\342\230\250\251d42:\031\203"
  93      DEA600D5 
  93      E298A8A9 
  93      6434323A 
  93      1983
  94 0138 8C938C8B 		.ascii	"\214\223\214\213\214\233L\001H8\353D$u\354$Wh\347\313"
  94      8C9B4C01 
  94      4838EB44 
  94      2475EC24 
  94      5768E7CB 
  95 014c 10CB2C9F 		.ascii	"\020\313,\237j5\250\312\000\247\336\365\234\230ynP\033"
  95      6A35A8CA 
  95      00A7DEF5 
  95      9C98796E 
  95      501B
  96 015e B854FFF5 		.ascii	"\270T\377\365\311\323\016\227\005\003-(\277\324\342"
  96      C9D30E97 
ARM GAS  /tmp/ccNWDAj7.s 			page 7


  96      05032D28 
  96      BFD4E2
  97 016d 18A4C018 		.ascii	"\030\244\300\030\352\245wCK\261Q\303L\011\373\225\001"
  97      EAA57743 
  97      4BB151C3 
  97      4C09FB95 
  97      01
  98 017e E360419F 		.ascii	"\343`A\237\3541L\200\311\210=\267\313&\253[D\335\224"
  98      EC314C80 
  98      C9883DB7 
  98      CB26AB5B 
  98      44DD94
  99 0191 28BA37DC 		.ascii	"(\2727\334\222\250\326\236xB\263Y\032\012E\242\315\337"
  99      92A8D69E 
  99      7842B359 
  99      1A0A45A2 
  99      CDDF
 100 01a3 63FBF42D 		.ascii	"c\373\364-\362oK\276B\374;\277\371\271.\030\262\204"
 100      F26F4BBE 
 100      42FC3BBF 
 100      F9B92E18 
 100      B284
 101 01b5 4EFC9EB9 		.ascii	"N\374\236\271B\362m\202\017n\377\013}R\322\345\2777"
 101      42F26D82 
 101      0F6EFF0B 
 101      7D52D2E5 
 101      BF37
 102 01c7 05261289 		.ascii	"\005&\022\211\365&\276>\321hWp\342\015\250f2\376-\317"
 102      F526BE3E 
 102      D1685770 
 102      E20DA866 
 102      32FE2DCF 
 103 01db F6B8EC2B 		.ascii	"\366\270\354+\254<\372\336\345,\276 :\204(@q\342\327"
 103      AC3CFADE 
 103      E52CBE20 
 103      3A842840 
 103      71E2D7
 104 01ee C2F13518 		.ascii	"\302\3615\030\334\205b\312\352\213\317\345:\341\226"
 104      DC8562CA 
 104      EA8BCFE5 
 104      3AE196
 105 01fd 28D77F28 		.ascii	"(\327\177(MK\245*)\315\220R\267d-'\257\350\377B\273"
 105      4D4BA52A 
 105      29CD9052 
 105      B7642D27 
 105      AFE8FF42 
 106 0212 27691AD1 		.ascii	"'i\032\321\356\023MgK\320\2668\273\232p\332z\013\376"
 106      EE134D67 
 106      4BD0B638 
 106      BB9A70DA 
 106      7A0BFE
 107 0225 9C2F1518 		.ascii	"\234/\025\030< \020\243q\344,S\302?\200\222+\373\372"
 107      3C2010A3 
 107      71E42C53 
 107      C23F8092 
 107      2BFBFA
 108 0238 F274777E 		.ascii	"\362tw~\305\210\374h\336&\225\304\240\303\222*\345p"
ARM GAS  /tmp/ccNWDAj7.s 			page 8


 108      C588FC68 
 108      DE2695C4 
 108      A0C3922A 
 108      E570
 109 024a 4D4305B2 		.ascii	"MC\005\262\330\012~\376\030MB\322\351O\213Ft]`\224#"
 109      D80A7EFE 
 109      184D42D2 
 109      E94F8B46 
 109      745D6094 
 110 025f 4163030F 		.ascii	"Ac\003\017!\312P\252\305\363$^\225\323\376\031b\245"
 110      21CA50AA 
 110      C5F3245E 
 110      95D3FE19 
 110      62A5
 111 0271 32855627 		.ascii	"2\205V'\306\241\023\333\\\343\361\230\370\253\252\365"
 111      C6A113DB 
 111      5CE3F198 
 111      F8ABAAF5 
 112 0281 EEF3E6EC 		.ascii	"\356\363\346\354^\357A\337\201\300a\323\033j\016\327"
 112      5EEF41DF 
 112      81C061D3 
 112      1B6A0ED7 
 113 0291 FBCDAA50 		.ascii	"\373\315\252P0\022\01654\370\303\325\315\301\372H \024"
 113      30120E35 
 113      34F8C3D5 
 113      CDC1FA48 
 113      2014
 114 02a3 6C32EBC2 		.ascii	"l2\353\302\307}\215\201#\276@0\020\361\035\255\334\355"
 114      C77D8D81 
 114      23BE4030 
 114      10F11DAD 
 114      DCED
 115 02b5 A967E0CD 		.ascii	"\251g\340\315\017\373\233\374\021o\244.\342\257n\250"
 115      0FFB9BFC 
 115      116FA42E 
 115      E2AF6EA8 
 116 02c5 3BF613A3 		.ascii	";\366\023\243BkM"
 116      426B4D
 117              		.text
 118              		.section	.gnu.lto_.symbol_nodes.8b59c20847f89797,"",%progbits
 119 0000 789C6365 		.ascii	"x\234ce`b\360d\000\002\246^\306z\006\206\011\347\030"
 119      6062F064 
 119      0002A65E 
 119      C67A0686 
 119      09E718
 120 0013 18EA1918 		.ascii	"\030\352\031\030w\266\034lp\000\212u3\3263B\305\030"
 120      77B61C6C 
 120      70008A75 
 120      33D63342 
 120      C518
 121 0025 76353832 		.ascii	"v58200\3660\3263\201E\030\030\032@J\230\201\372[\036"
 121      3030F630 
 121      D6338145 
 121      18181A40 
 121      4A9881FA 
 122 003b FE636466 		.ascii	"\376cdfd`8t\374\030\033\003\000\300\265\022\321"
 122      64603874 
ARM GAS  /tmp/ccNWDAj7.s 			page 9


 122      FC181B03 
 122      00C0B512 
 122      D1
 123              		.text
 124              		.section	.gnu.lto_.refs.8b59c20847f89797,"",%progbits
 125 0000 789C6365 		.ascii	"x\234ce`b`d\000\002\000\000I\000\011"
 125      60626064 
 125      00020000 
 125      490009
 126              		.text
 127              		.section	.gnu.lto_.decls.8b59c20847f89797,"",%progbits
 128 0000 789CAD55 		.ascii	"x\234\255UkL\024W\024\23633\354\302\356\012\004m\353"
 128      6B4C1457 
 128      149E3333 
 128      ECC2EE0A 
 128      046DEB
 129 0013 0F7FA025 		.ascii	"\017\177\240%)\177\330\021Ll\177\364\207\206\306\332"
 129      297FD811 
 129      4C6C7FF4 
 129      8786C6DA 
 130 0023 D81613AA 		.ascii	"\330\026\023\252I\177m\226\335A6]v);\304\307\257\301"
 130      497F6D96 
 130      DD41365D 
 130      76293BC4 
 130      C7AFC1
 131 0036 373EAAC6 		.ascii	"7>\252\306V\024E\254\361\215(\242<\024W\327\027\342"
 131      561445AC 
 131      F18D28A2 
 131      3C1457D7 
 131      17E2
 132 0048 0315A9F8 		.ascii	"\003\025\251\370\342\345\013_\010\010\250\325\332\330"
 132      E2E50B5F 
 132      0808A8D5 
 132      DAD8
 133 0056 73EF9D65 		.ascii	"s\357\235e\326\025\223\266\361f\317\314\236s\277s\316"
 133      D61593B6 
 133      F166CFCC 
 133      9E73BF73 
 133      CE
 134 0067 77CFB977 		.ascii	"w\317\271wn\004\307s\227\2428n\003\317q\2579\216{\203"
 134      6E04C773 
 134      97A2386E 
 134      03CF71AF 
 134      398E7B83 
 135 007b 43C07719 		.ascii	"C\300w\031\012\232\2704\224r\216\015b\277\216\322\206"
 135      0A9AB834 
 135      94728E0D 
 135      62BF8ED2 
 135      86
 136 008c D2CFBD3B 		.ascii	"\322\317\275;\366\003\307\231\361=\035%\016e\004\312"
 136      F603C799 
 136      F13D1D25 
 136      0E6504CA 
 137 009c 15CD7F00 		.ascii	"\025\315\177\000\245\011\3458\3123-n\037\012\272p\347"
 137      A509E538 
 137      CA332D6E 
 137      1F0ABA70 
ARM GAS  /tmp/ccNWDAj7.s 			page 10


 137      E7
 138 00ad FE456C3F 		.ascii	"\376El?\002M\357\211\235\252\305>\204\362\034\345\032"
 138      024DEF89 
 138      9DAAC53E 
 138      84F21CE5 
 138      1A
 139 00be 8A01E53C 		.ascii	"\212\001\345<\312E\224F\224\006\224\013(g\265u\265i"
 139      CA459446 
 139      9406940B 
 139      2867B575 
 139      B569
 140 00d0 F9C247A1 		.ascii	"\371\302G\241\000\013\226\227\025\232~\021\300`\002"
 140      000B9697 
 140      159A7E11 
 140      C06002
 141 00df 520D239A 		.ascii	"R\015#\232\356\366\276\252\022\231I\3051\013M\355/w"
 141      EEF6BEAA 
 141      129949C5 
 141      310B4DED 
 141      2F77
 142 00f1 4CB2EE56 		.ascii	"L\262\356V\331\210\344u\367\342u-\373\242\0053\220\377"
 142      D988E475 
 142      F7E2752D 
 142      FBA20533 
 142      90FF
 143 0103 8DF3CB37 		.ascii	"\215\363\3137\010\350\027g\002\021\325\247\015Ew\242"
 143      08E81767 
 143      0211D5A7 
 143      0D4577A2 
 144 0113 511D6182 		.ascii	"Q\035a\202\370B\201\357\272U\260$\022\022M\333H\210"
 144      F84281EF 
 144      BA55B024 
 144      12124DDB 
 144      4888
 145 0125 404FC567 		.ascii	"@O\305g\371\213T\225\207=`\202] \300N\260\222\002\031"
 145      F98B5495 
 145      873D6082 
 145      5D20C04E 
 145      B0920219 
 146 0139 C8B21713 		.ascii	"\310\262\027\023\310\312yj\324d\016v\303((\205Q\034"
 146      C8CA796A 
 146      D4640E76 
 146      C3282885 
 146      511C
 147 014b 94412261 		.ascii	"\224A\"aDp\260\003\215\333\321\210Y\372^\366\036\020"
 147      4470B003 
 147      8DDBD188 
 147      59FA5EF6 
 147      1E10
 148 015d 85398400 		.ascii	"\2059\204\000\277\344V\337\3371`J\034\322\177\337\020"
 148      BFE456DF 
 148      DF31604A 
 148      1CD27FDF 
 148      10
 149 016e FE8CCBD5 		.ascii	"\376\214\313\325\035)\225\013\010\227r\344\262W\347"
 149      1D29950B 
 149      089772E4 
ARM GAS  /tmp/ccNWDAj7.s 			page 11


 149      B257E7
 150 017d 82D4C80B 		.ascii	"\202\324\310\013\255\230\247jQ]\261\245\015Z\000\027"
 150      AD98A76A 
 150      515DB1A5 
 150      0D5A0017 
 151 018d 0FB174F9 		.ascii	"\017\261t\371\000\354\011T\250\372&8\000\250\035\255"
 151      00EC0954 
 151      A8FA2638 
 151      00A81DAD 
 152 019d 3C7D3220 		.ascii	"<}2 5A\320C\323yM\345\265\220\364\2479CHD6\3152\005"
 152      3541D043 
 152      D3794DE5 
 152      B590F4A7 
 152      39434844 
 153 01b5 07DB53EC 		.ascii	"\007\333S\354\017u\323\\\001x=\001@\250CH@F[\233\037"
 153      0F75D35C 
 153      01783D01 
 153      40A84348 
 153      40465B9B 
 154 01ca E4C7E98B 		.ascii	"\344\307\351\213\203`\233\273\226\365\227\210\355\320"
 154      83609BBB 
 154      96F59788 
 154      EDD0
 155 01d8 0A60E636 		.ascii	"\012`\3466M\000j\353k?\326n\021Z\200\366>\330\3548\332"
 155      4D006AEB 
 155      6B3FD66E 
 155      115A80F6 
 155      3ED8EC38 
 156 01ed 6CE89E7F 		.ascii	"l\350\236\177\257\303\314\324\221\250.\271WVd\021\006"
 156      AFC3CCD4 
 156      91A82EB9 
 156      57566411 
 156      06
 157 01fe 18F471FD 		.ascii	"\030\364q\375\265f\213\360\202*\374\212\302\276\012"
 157      B5668BF0 
 157      822AFC8A 
 157      C2BE0A
 158 020d 0112CDAC 		.ascii	"\001\022\315\254\023\027\353\277|tYU\343\341\020\230"
 158      1317EBBF 
 158      7C745955 
 158      E3E11098 
 159 021d A146EF44 		.ascii	"\241F\357D*9h\005\004R\276\360\355\256\036\304\256\246"
 159      2A396805 
 159      0452BEF0 
 159      EDAE1EC4 
 159      AEA6
 160 022f 9A351C89 		.ascii	"\2325\034\211>\260\266\266\330(\034\340i\252\242\332"
 160      3EB0B6B6 
 160      D8281CE0 
 160      69AAA2DA 
 161 023f 81B3118C 		.ascii	"\201\263\021\214F$\252\177=\370\365:0\325\202\352\334"
 161      4624AA7F 
 161      3DF8F53A 
 161      30D582EA 
 161      DC
 162 0250 DAEBAB62 		.ascii	"\332\353\253b\330\006\355 \350\326\342\236~Q\250f\256"
 162      D806ED20 
ARM GAS  /tmp/ccNWDAj7.s 			page 12


 162      E8D6E29E 
 162      7E51A866 
 162      AE
 163 0261 A7DEBC08 		.ascii	"\247\336\274\010\3040,\217j\365\323\342\205\202I\337"
 163      C4302C8F 
 163      6AF5D3E2 
 163      858249DF 
 164 0271 58C41E24 		.ascii	"X\304\036$\301\3011\262S@\032\005\001\266)ko\314\335"
 164      C1C131B2 
 164      53401A05 
 164      01B6296B 
 164      6FCCDD
 165 0284 6A8C5B49 		.ascii	"j\214[I\321\270\034\221\256\347\010\302\375\024~\034"
 165      D1B81C91 
 165      AEE708C2 
 165      FD147E1C 
 166 0294 E2824E04 		.ascii	"\342\202N\004\335Yt\264V\020\374,\357\237\315\035\257"
 166      DD5974B4 
 166      5610FC2C 
 166      EF9FCD1D 
 166      AF
 167 02a5 A2840053 		.ascii	"\242\204\000S\266\025\337DF'\264\231\303\215\233y\306"
 167      B615DF44 
 167      4627B499 
 167      C38D9B79 
 167      C6
 168 02b6 2801D55D 		.ascii	"(\001\325]\201\245\365\002c\277\2110<WY\323\032#\324"
 168      81A5F502 
 168      63BF8930 
 168      3C5759D3 
 168      1A23D4
 169 02c9 516CD4C5 		.ascii	"Ql\324\305\346\371e\"\014O\240#1a\225\306d\202\310\301"
 169      E6F96522 
 169      0C4FA023 
 169      316195C6 
 169      6482C8C1 
 170 02dd 69A45147 		.ascii	"i\244QGi\234\201\341\244pp\011k\330\000\011p\001\345"
 170      699C81E1 
 170      A4707009 
 170      6BD80009 
 170      7001E5
 171 02f0 2CCA3994 		.ascii	",\3129\224\363(\027Q\032!\201\356\201\315\264?\335~"
 171      F3281751 
 171      1A2181EE 
 171      81CDB43F 
 171      DD7E
 172 0302 6349A7AA 		.ascii	"cI\247\252\026\030\350\202N`\203H\214\301f\034\246a"
 172      1618E882 
 172      4E608348 
 172      8CC1661C 
 172      A661
 173 0314 93470DE2 		.ascii	"\223G\015\342\373\374\306|50_ +\206\243\032<X\007\015"
 173      FBFCC67C 
 173      35305F20 
 173      2B86A31A 
 173      3C58070D 
 174 0328 BE1B74FC 		.ascii	"\276\033t\374+\277q?\305\223\360\265\341\341\253\302"
ARM GAS  /tmp/ccNWDAj7.s 			page 13


 174      2BBF713F 
 174      C593F0B5 
 174      E1E1ABC2 
 175 0338 C3DF0885 		.ascii	"\303\337\010\205\237\012\207Ka\350\333\241\350\223C"
 175      9F0A874B 
 175      61E8DBA1 
 175      E89343
 176 0347 A243B91C 		.ascii	"\242C\271\034?\022\002\257\036\232\013\303\263\275{"
 176      3F1202AF 
 176      1E9A0BC3 
 176      B3BD7B
 177 0356 C16F5CAF 		.ascii	"\301o\\\257\252\261\004\306\005\367\343`\260\013GB\013"
 177      AAB104C6 
 177      05F7E360 
 177      B00B4742 
 177      0B
 178 0367 571F1EAD 		.ascii	"W\037\036\255R_\0319X\005\355\253y\341\014\355$\177"
 178      525F1939 
 178      5805EDAB 
 178      79E10CED 
 178      247F
 179 0379 AE62CFDA 		.ascii	"\256b\317\332h\030\2368T\013\341\017\354\334\177\351"
 179      68189E38 
 179      540BE10F 
 179      ECDC7FE9 
 180 0389 2263DA7C 		.ascii	"\"c\332|\304\210\237;\200&\364\274\254\0372B\234\346"
 180      C4889F3B 
 180      8026F4BC 
 180      AC1F3242 
 180      9CE6
 181 039b 6FF86D55 		.ascii	"o\370mUk\244e\211\252\316\325\366zS\010W\016\256\200"
 181      6BA46589 
 181      AACED5F6 
 181      7A530857 
 181      0EAE80
 182 03ae 453B6B35 		.ascii	"E;k5{\3136D\211<\263A\206Hl\227{\317\027\233\331\266"
 182      7BCB3644 
 182      893CB341 
 182      86486C97 
 182      7BCF179B 
 183 03c4 8C4575E7 		.ascii	"\214Eu\347\357u\013\370\221k\350\2751O\215\345a\372"
 183      EF750BF8 
 183      916BE8BD 
 183      314F8DE5 
 183      61FA
 184 03d6 C77015D8 		.ascii	"\307p\025\330A\341\340\032\214\304g3\210,\336\243\312"
 184      41E1E01A 
 184      8CC46733 
 184      882CDEA3 
 184      CA
 185 03e7 A292E831 		.ascii	"\242\222\3501\233\324@\207\032xq\363\213\373\025\001"
 185      9BD44087 
 185      1A7871F3 
 185      8BFB1501 
 186 03f7 1589AA06 		.ascii	"\025\211\252\006\202\203\003:S\374\213\317\375\320\016"
 186      8283033A 
 186      53FC8BCF 
ARM GAS  /tmp/ccNWDAj7.s 			page 14


 186      FDD00E
 187 0406 50016DF8 		.ascii	"P\001m\370\315\272\016c\310]\364dMw\224\260]\240\247"
 187      CDBA0E63 
 187      C85DF464 
 187      4D7794B0 
 187      5DA0A7
 188 0419 A5694F57 		.ascii	"\245iOWo4\345F\276\352\214\333\366\203\017\232\371A"
 188      6F34E546 
 188      BEEA8CDB 
 188      F6830F9A 
 188      F941
 189 042b BE37811A 		.ascii	"\2767\201\032\007\226\345\253\303\336\313\260\2252l"
 189      0796E5AB 
 189      C3DECBB0 
 189      95326C
 190 043a 0932DCBC 		.ascii	"\0112\334\274\272\256\237G\206\233\220a=\354\300\216"
 190      BAAE9F47 
 190      869B9061 
 190      3DECC08E 
 191 044a C41308DC 		.ascii	"\304\023\010\334\320\311\335\010'\327F\311\355\255>"
 191      D0C9DD08 
 191      27D746C9 
 191      EDAD3E
 192 0459 BC3C42A8 		.ascii	"\274<B\250a\344\032\366>\\j\020\2162\245|}\347Y#\262"
 192      61E41AF6 
 192      3E5C6A10 
 192      8E32A57C 
 192      7DE75923 
 193 046e 820EE249 		.ascii	"\202\016\342I-\371\201\355\303\204\223lz\363\326\215"
 193      2DF981ED 
 193      C384936C 
 193      7AF3D68D 
 194 047e 974991E1 		.ascii	"\227I\221\3416N\303-F\272\265~g)9\374i\354\326\216!"
 194      364EC32D 
 194      46BAB57E 
 194      672939FC 
 194      69ECD68E 
 195 0493 09BA0EBE 		.ascii	"\011\272\016\276\034\306L\004\261\345eO\265E8Oc\360"
 195      1CC64C04 
 195      B1E5654F 
 195      B545384F 
 195      63F0
 196 04a5 8DFE27B7 		.ascii	"\215\376'\267\364\273\267\375\325\230\3326\362\225}"
 196      F4BBB7FD 
 196      D598DA36 
 196      F2957D
 197 04b4 8095E9D4 		.ascii	"\200\225\351\324\231\247iw\357\334w\356\316\373\270"
 197      99A76977 
 197      EFDC77EE 
 197      CEFBB8
 198 04c3 B7D2B4BB 		.ascii	"\267\322\264\273\363\036\032\357\262\317\334\306\343"
 198      F31E1AEF 
 198      B2CFDCC6 
 198      E3
 199 04d0 3DF9165A 		.ascii	"=\371\026Z\317\007\2035^\323\224\277X\240\266\251&x"
 199      CF078335 
 199      5ED394BF 
ARM GAS  /tmp/ccNWDAj7.s 			page 15


 199      58A0B6A9 
 199      2678
 200 04e2 C8D876BE 		.ascii	"\310\330v\276^\323\301\352>\315\002\217\230\255y\336"
 200      5ED3C1EA 
 200      3ECD028F 
 200      98AD79DE 
 201 04f2 B2E7D1A3 		.ascii	"\262\347\321\243\253\304\0225\222\256\331\277\356\341"
 201      ABC41235 
 201      92AED9BF 
 201      EEE1
 202 0500 7E9162BA 		.ascii	"~\221b\272`4\265<\277\275|\265Q\250\021\331\375R\322"
 202      6034B53C 
 202      BFBD7CB5 
 202      51A811D9 
 202      FD52D2
 203 0513 BFCD40AA 		.ascii	"\277\315@\252\320\215|\237\220v\220\326\265\254;\034"
 203      D08D7C9F 
 203      907690D6 
 203      B5AC3B1C 
 204 0523 210418A2 		.ascii	"!\004\030\242\264p\313%Z\306^R\247\036\226\345\316\274"
 204      B470CB25 
 204      5AC65E52 
 204      A71E96E5 
 204      CEBC
 205 0535 03C56268 		.ascii	"\003\305bhs\221\200\326\\x\212\020\350\243\375}\034"
 205      739180D6 
 205      5C788A10 
 205      E8A3FD7D 
 205      1C
 206 0546 ECEFEBD2 		.ascii	"\354\357\353\322\326\200\021\373\333\201\233\360\364"
 206      D68011FB 
 206      DB819BF0 
 206      F4
 207 0553 BA4FFD7B 		.ascii	"\272O\375{\026\006.\251\252\320\373\021\001bK\265Z\301"
 207      16062EA9 
 207      AAD0FB11 
 207      01624BB5 
 207      5AC1
 208 0565 1D1089C6 		.ascii	"\035\020\211\306n\312~\332\340\305\345\355[\315\241"
 208      6ECA7EDA 
 208      E0C5E5ED 
 208      5BCDA1
 209 0574 A7867CF3 		.ascii	"\247\206|\363\364S3\300N\015y#\370\346\225\372\025|"
 209      F45333C0 
 209      4E0D7923 
 209      F8E695FA 
 209      157C
 210 0586 289884D7 		.ascii	"(\230\204\327\301\3174\3603\012.\330\330\335h\014\005"
 210      C1CF34F0 
 210      330A2ED8 
 210      D8DD680C 
 210      05
 211 0597 5F7B0BFC 		.ascii	"_{\013\374\\\003\223w\344\327\337O\213OMN\346\242l6"
 211      5C039377 
 211      E4D7DF4F 
 211      8B4F4D4E 
 211      E6A26C36 
ARM GAS  /tmp/ccNWDAj7.s 			page 16


 212 05ab 97471997 		.ascii	"\227G\031\227bS\234R\2267[\226f\312\362O\262\307)ys"
 212      62539C52 
 212      96375B96 
 212      66CAF24F 
 212      B2C72979 
 213 05c0 146986C3 		.ascii	"\024i\206\303\221d\317\315N\362x=r\222l\317p%\215OJ"
 213      9164CFCD 
 213      4EF2783D 
 213      72926CCF 
 213      70258D4F 
 214 05d5 199BFC79 		.ascii	"\031\233\374y\322\317\311Iy9N\273\"KoMK.\217\303\235"
 214      D2CFC949 
 214      79394EBB 
 214      224B6F4D 
 214      4B2E8FC3 
 215 05ea E794A56C 		.ascii	"\347\224\245l\273#\313\345\221%\233S\316\264\347\271"
 215      BB23CBE5 
 215      91259B53 
 215      CEB4E7B9 
 216 05fa 159B323B 		.ascii	"\025\2332;G\366Y\2638\243\226\354\307\017\230\3147\333"
 216      47F659B3 
 216      38A396EC 
 216      C70F98CC 
 216      37DB
 217 060c 27D97C8A 		.ascii	"'\331|\212\023Cc\206O\020d\313q9qY.\305\2269.\305\232"
 217      13436386 
 217      4F1064CB 
 217      71397159 
 217      2EC59639 
 218 0623 63CF55AC 		.ascii	"c\317U\254c\371)\256\250L\267\327N\323\247X\255Rj\226"
 218      63F929AE 
 218      A84CB7D7 
 218      4ED3A758 
 218      AD526A96 
 219 0637 2BC39596 		.ascii	"+\303\225\226.y}\222\303\233\235\355\365H\362,EJ\375"
 219      2E797D92 
 219      C39B9DED 
 219      F548F22C 
 219      454AFD
 220 064a 2EFD9BF4 		.ascii	".\375\233\364\301\320$V\266]\311\302\270\374\224\234"
 220      C1D02456 
 220      B65DC9C2 
 220      B8FC949C 
 221 065a 089F822C 		.ascii	"\010\237\202,\370\211)\374\304d~\"Ft\216\320\223\341"
 221      F88929FC 
 221      C4647E22 
 221      46748ED0 
 221      93E1
 222 066c 9CC72193 		.ascii	"\234\307!\223\204\22318\211O#\261\347W\351Sm\337\272"
 222      84933138 
 222      894F23B1 
 222      E757E953 
 222      6DDFBA
 223 067f 32A4746F 		.ascii	"2\244to^\256C\226R\275\036%\327\353v\313\271\223\362"
 223      5EAE4396 
 223      52BD1E25 
 223      D7EB76CB 
ARM GAS  /tmp/ccNWDAj7.s 			page 17


 223      B993F2
 224 0692 3C0EC5E5 		.ascii	"<\016\305\345\365\370\244wh;\270\330p\233![\316\366"
 224      F5F8A477 
 224      683BB8D8 
 224      709B215B 
 224      CEF6
 225 06a4 C98AE896 		.ascii	"\311\212\350\226\355\231F\217W\311\312\365\3164\370"
 225      ED99468F 
 225      57C9CAF5 
 225      CE34F8
 226 06b3 5C73649B 		.ascii	"\\sd\233\222\361\277\012\352FN\010\013+\354x\3538k\262"
 226      92F1BF0A 
 226      EA464E08 
 226      0B2BEC78 
 226      EB386BB2 
 227 06c7 5E5EC589 		.ascii	"^^\305\211]\304\012@\2621\323\023\357\313\221\035\230"
 227      5DC40A40 
 227      B231D313 
 227      EFCB911D 
 227      98
 228 06d8 DBE3C973 		.ascii	"\333\343\311s\273\177\370\220]Tr]\236\031\230\346\037"
 228      BB7FF890 
 228      5D54725D 
 228      9E1998E6 
 228      1F
 229 06e9 A418B1A3 		.ascii	"\244\030\261\243"
 230              		.text
 231              		.section	.gnu.lto_.symtab.8b59c20847f89797,"",%progbits
 232 0000 61726D5F 		.ascii	"arm_pid_init_f32\000"
 232      7069645F 
 232      696E6974 
 232      5F663332 
 232      00
 233 0011 00       		.ascii	"\000"
 234 0012 00       		.ascii	"\000"
 235 0013 00       		.ascii	"\000"
 236 0014 00000000 		.ascii	"\000\000\000\000\000\000\000\000"
 236      00000000 
 237 001c DE000000 		.ascii	"\336\000\000\000"
 238              		.text
 239              		.section	.gnu.lto_.opts,"",%progbits
 240 0000 272D666D 		.ascii	"'-fmath-errno' '-fsigned-zeros' '-ftrapping-math' '"
 240      6174682D 
 240      6572726E 
 240      6F272027 
 240      2D667369 
 241 0033 2D666E6F 		.ascii	"-fno-trapv' '-fno-openmp' '-fno-openacc' '-mcpu=cor"
 241      2D747261 
 241      70762720 
 241      272D666E 
 241      6F2D6F70 
 242 0066 7465782D 		.ascii	"tex-m4' '-mfloat-abi=hard' '-mfpu=fpv4-sp-d16' '-mn"
 242      6D342720 
 242      272D6D66 
 242      6C6F6174 
 242      2D616269 
 243 0099 6F2D7468 		.ascii	"o-thumb-interwork' '-mthumb' '-ggdb' '-O2' '-fomit-"
ARM GAS  /tmp/ccNWDAj7.s 			page 18


 243      756D622D 
 243      696E7465 
 243      72776F72 
 243      6B272027 
 244 00cc 6672616D 		.ascii	"frame-pointer' '-falign-functions=16' '-ffunction-s"
 244      652D706F 
 244      696E7465 
 244      72272027 
 244      2D66616C 
 245 00ff 65637469 		.ascii	"ections' '-fdata-sections' '-fno-common' '-flto' '-"
 245      6F6E7327 
 245      20272D66 
 245      64617461 
 245      2D736563 
 246 0132 6673696E 		.ascii	"fsingle-precision-constant'\000"
 246      676C652D 
 246      70726563 
 246      6973696F 
 246      6E2D636F 
 247              		.text
 248              		.comm	__gnu_lto_v1,1,1
 249              		.comm	__gnu_lto_slim,1,1
 250              		.ident	"GCC: (GNU Tools for ARM Embedded Processors 6-2017-q1-update) 6.3.1 20170215 (release) [AR
ARM GAS  /tmp/ccNWDAj7.s 			page 19


DEFINED SYMBOLS
                            *ABS*:0000000000000000 arm_pid_init_f32.c
                            *COM*:0000000000000001 __gnu_lto_v1
                            *COM*:0000000000000001 __gnu_lto_slim

NO UNDEFINED SYMBOLS
