ARM GAS  /tmp/ccxM2g64.s 			page 1


   1              		.cpu cortex-m4
   2              		.eabi_attribute 27, 1
   3              		.eabi_attribute 28, 1
   4              		.eabi_attribute 20, 1
   5              		.eabi_attribute 21, 1
   6              		.eabi_attribute 23, 3
   7              		.eabi_attribute 24, 1
   8              		.eabi_attribute 25, 1
   9              		.eabi_attribute 26, 1
  10              		.eabi_attribute 30, 2
  11              		.eabi_attribute 34, 1
  12              		.eabi_attribute 18, 4
  13              		.file	"arm_fir_decimate_f32.c"
  14              		.text
  15              	.Ltext0:
  16              		.section	.gnu.lto_.profile.e535941b59c7f0ac,"",%progbits
  17 0000 789C6365 		.ascii	"x\234ce`b`c```d\330\315\270\221\021\000\005\000\001"
  17      60626063 
  17      60606064 
  17      D8CDB891 
  17      11000500 
  18 0015 7D       		.ascii	"}"
  19              		.text
  20              		.section	.gnu.lto_.icf.e535941b59c7f0ac,"",%progbits
  21 0000 789C6365 		.ascii	"x\234ce`b\340`@\000F\206\275\357\337O\343c\000\000\020"
  21      6062E060 
  21      40004686 
  21      BDEFDF4F 
  21      E3630000 
  22 0015 170350   		.ascii	"\027\003P"
  23              		.text
  24              		.section	.gnu.lto_.jmpfuncs.e535941b59c7f0ac,"",%progbits
  25 0000 789C6365 		.ascii	"x\234ce`b\340e@\000F\006\026F \340\257\007\002\006\000"
  25      6062E065 
  25      40004606 
  25      164620E0 
  25      AF070206 
  26 0015 09D00229 		.ascii	"\011\320\002)"
  27              		.text
  28              		.section	.gnu.lto_.inline.e535941b59c7f0ac,"",%progbits
  29 0000 789C6365 		.ascii	"x\234ce`b(a@\000F\006\206\315\214\377\35730\2622(02"
  29      60622861 
  29      40004606 
  29      86CD8CFF 
  29      EF3330B2 
  30 0018 303B8049 		.ascii	"0;\200I\005\006\001 )\300\300\001$\201<\240\032\236"
  30      05060120 
  30      29C0C001 
  30      24813CA0 
  30      1A9E
  31 002a 4D4C0DE7 		.ascii	"ML\015\347\316p3\260-\220gb`|\301\316\002!A\004\007"
  31      CE7033B0 
  31      2D906762 
  31      607CC1CE 
  31      02214104 
  32 003f 98C90122 		.ascii	"\230\311\001\"\004\230\030\204\177\234e\025\000\261"
  32      04981884 
ARM GAS  /tmp/ccxM2g64.s 			page 2


  32      7F9C6515 
  32      00B1
  33 004d 15981878 		.ascii	"\025\230\030x_\354fW``;\260\2331\201\201\351\002\277"
  33      5FEC6657 
  33      60603BB0 
  33      9B318181 
  33      E902BF
  34 0060 08838200 		.ascii	"\010\203\202\000\203\002\320N\000v\272\024\230"
  34      8302D04E 
  34      0076BA14 
  34      98
  35              		.text
  36              		.section	.gnu.lto_.pureconst.e535941b59c7f0ac,"",%progbits
  37 0000 789C6365 		.ascii	"x\234ce`b`f```d\220\002\000\000\206\000&"
  37      60626066 
  37      60606064 
  37      90020000 
  37      860026
  38              		.text
  39              		.section	.gnu.lto_arm_fir_decimate_f32.e535941b59c7f0ac,"",%progbits
  40 0000 789CBD5B 		.ascii	"x\234\275[y\\\025\327\365\237;\303\203\307\016\012\210"
  40      795C15D7 
  40      F59F3BC3 
  40      83C70E0A 
  40      88
  41 0011 8A40628C 		.ascii	"\212@b\214\242\211[\372\317\257Y\332\304\324\244M\233"
  41      A2895BFA 
  41      CFAF59DA 
  41      C4D4A44D 
  41      9B
  42 0022 D8F84B97 		.ascii	"\330\370K\227\264\251U\243\251I\\\342\322\2304\251("
  42      B4A955A3 
  42      A9495CE2 
  42      D29834A9 
  42      28
  43 0033 8B2BEEA2 		.ascii	"\213+\356\242\242\317\015\025\001q\243\212<\212\210"
  43      A2CF0D15 
  43      0171A38A 
  43      3C8A88
  44 0042 88288A46 		.ascii	"\210(\212F\215\013 \032\305\015\025\023\215\306\006"
  44      8D0B201A 
  44      C50D1513 
  44      8DC606
  45 0051 A3FECE72 		.ascii	"\243\376\316r\347\275y\363\346\265\364\237\237\237\314"
  45      E7BD79F3 
  45      E6B5F49F 
  45      9F9FCC
  46 0060 7D3367CE 		.ascii	"}3g\316\367\234\357=\367\336s\227!6EUF\277\250(\327"
  46      F79CEF3D 
  46      F7DE7397 
  46      21364555 
  46      46BFA828 
  47 0075 14454950 		.ascii	"\024EIP\025E<\246\010u\356aE\231lWE\010\337h\302\217"
  47      15453CA6 
  47      0875EE61 
  47      45996C57 
  47      4508DF68 
ARM GAS  /tmp/ccxM2g64.s 			page 3


  48 008b 6FFCD4C4 		.ascii	"o\374\324\304YU\212\222\034dK\015P\222C\022Y\376\242"
  48      59558A92 
  48      1C644B0D 
  48      50924312 
  48      59FEA2
  49 009e 4D04F07B 		.ascii	"M\004\360{\177\276)\267\007\250\376\254h'E\273\010b"
  49      7FBE29B7 
  49      07A8FEAC 
  49      682745BB 
  49      0862
  50 00b0 8540BE29 		.ascii	"\205@\276)\267\007\251\201\254\020L\012\301\354\252"
  50      B707A981 
  50      AC104C0A 
  50      C1ECAA
  51 00bf DC1EA26A 		.ascii	"\334\036\242j,\017%y\250h\207r\021&\302\3517\\M\340"
  51      2C0F2579 
  51      A8688772 
  51      1126C2E9 
  51      375C4DE0 
  52 00d3 D711F43A 		.ascii	"\327\021\364:\201\305/F\2106l?\222o\312\355m\324HVl"
  52      81C52F46 
  52      88366C3F 
  52      926FCAED 
  52      6DD44856 
  53 00e8 4B8A6D45 		.ascii	"K\212mE4+D\361M\271=Z\215b\205\030R\210aG\345\366vj"
  53      342B44F1 
  53      4DB93D5A 
  53      8D628518 
  53      52886147 
  54 0100 18CB6349 		.ascii	"\030\313cI\036+:0\260=\337\224\333;\250\355Y\241#)t"
  54      1E2B3A30 
  54      B03DDF94 
  54      DB3BA8ED 
  54      59A12329 
  55 0115 149D5821 		.ascii	"\024\235X!\216o\312\355\235\3248V\210'\205x!P\236l\027"
  55      8E6FCAED 
  55      9DD43856 
  55      88278578 
  55      21509E6C 
  56 012a CA2455F3 		.ascii	"\312$U\363K\264\371\007\330\003\203\202CB\303\302\023"
  56      4BB4F907 
  56      D8038382 
  56      4342C3C2 
  56      13
  57 013b 2222DBB4 		.ascii	"\"\"\333\264\215\212\216i\027\333\276C\307\270N\361"
  57      8D8A8E69 
  57      17DBBE43 
  57      C7B84EF1 
  58 014b 62527088 		.ascii	"bRp\210\"v\373\211G\360/\\\301\177\355L\317\035L\317"
  58      2276FB89 
  58      47F02F5C 
  58      C17FED4C 
  58      CF1D4CCF 
  59 015f 9D4CCFE1 		.ascii	"\235L\317\341\246\3476\246\347h\323\263\237\3519\300"
  59      A6E736A6 
  59      E768D3B3 
  59      9FE939C0 
ARM GAS  /tmp/ccxM2g64.s 			page 4


  60 016f F41C647A 		.ascii	"\364\034dz\236\243-\326\304\236\251\227\213\325\244"
  60      9EA32DD6 
  60      C49EA997 
  60      8BD5A4
  61 017e 9C64F8B7 		.ascii	"\234d\370\267{\2613(=9-v\245\246(K5RQD\216H\002\255"
  61      7BB13328 
  61      3D392D76 
  61      A5A6284B 
  61      35525144 
  62 0196 A3A95B96 		.ascii	"\243\251[\226k\263\265\225\232\020~\360x\253&\2531\014"
  62      6BB3B595 
  62      9A107EF0 
  62      78AB26AB 
  62      310C
  63 01a8 1F559108 		.ascii	"\037U\221\010\217\313\013*V\005h\257\013\005\355]\314"
  63      8FCB0B2A 
  63      560568AF 
  63      0B05ED5D 
  63      CC
  64 01b9 5811DA75 		.ascii	"X\021\332u]r\362\224\344\335\337\345\266Y\224\222\374"
  64      5D72F294 
  64      E4DDDFE5 
  64      B6599492 
  64      FC
  65 01ca EA4A4D13 		.ascii	"\352JM\023yB\003\223\"W\304\211\015\"N\001\221\"\362"
  65      79420393 
  65      2257C489 
  65      0D224E01 
  65      9122F2
  66 01dd 4557003C 		.ascii	"EW\000<\334RS\034\250\015 \360\225KG\233t\360\303\334"
  66      DC52531C 
  66      A80D20F0 
  66      954B479B 
  66      74F0C3DC 
  67 01f1 F87904F6 		.ascii	"\370y\004\366\023\033\315`\250i\001\2013\323\352\213"
  67      131BCD60 
  67      A8690181 
  67      33D3EA8B 
  68 0201 83B4B708 		.ascii	"\203\264\267\010\274\263>gz\230\004\357\351\2764y\267"
  68      BCB33E67 
  68      7A9804EF 
  68      E9BE3479 
  68      B7
  69 0212 1F623759 		.ascii	"\037b7Y`7\023v\353\303\003\327\002\264\267\011\273l"
  69      60371376 
  69      EBC303D7 
  69      02B4B709 
  69      BB6C
  70 0224 7EF1067F 		.ascii	"~\361\006\177\211=\234\027\313\216mb\213\031lS\304V"
  70      893D9C17 
  70      CB8E6D62 
  70      8B196C53 
  70      C456
  71 0236 D1151147 		.ascii	"\321\025\021G\313\316f\005i\357\022:3\347\322\215\260"
  71      CBCE6605 
  71      69EF123A 
  71      33E7D28D 
ARM GAS  /tmp/ccxM2g64.s 			page 5


  71      B0
  72 0247 2ED914C3 		.ascii	".\331\024\303\303\033;lKO\336\237\014\316\375\3056O"
  72      C31B3B6C 
  72      4B4FDE9F 
  72      0CCEFDC5 
  72      364F
  73 0259 3CFE03F5 		.ascii	"<\376\003\365\322\305+\336\324\336#\344\335\246\013"
  73      D2C52BDE 
  73      D4DE23E4 
  73      DDA60B
  74 0268 3354893C 		.ascii	"3T\211<\264\315?ym\262\212\270\177X\342\316e\315\253"
  74      B4CD3F79 
  74      6DB28AB8 
  74      7F58E2CE 
  74      65CDAB
  75 027b 09D2DE27 		.ascii	"\011\322\336'\340\355\264\015\003%\356\306V\027n\207"
  75      E0EDB40D 
  75      0325EEC6 
  75      56176E87 
  76 028b 256EE7DC 		.ascii	"%n\347\334\031S\202\265\221\204\253\251=\177Ew\270o"
  76      195382B5 
  76      9184ABA9 
  76      3D7F4577 
  76      B86F
  77 029d 637CA18B 		.ascii	"c|\241\213\352NK\350\245\005Yy6m,A\277q\336\332\240"
  77      EA4E4BE8 
  77      A5055979 
  77      366D2C41 
  77      BF71DEDA 
  78 02b2 D7F250A1 		.ascii	"\327\362P\241\313\247\323\022Xq\372\336\211@\355c\002"
  78      CBA7D312 
  78      5871FADE 
  78      8940ED63 
  78      02
  79 02c3 7EBB31F7 		.ascii	"~\2731\367V\220\004\236qW\362\237\226\300;\013\317;"
  79      5690049E 
  79      7157F29F 
  79      96C03B0B 
  79      CF3B
  80 02d5 C3B5CF08 		.ascii	"\303\265\317\010\370h\227\263<\314\273\226\273,\201"
  80      F86897B3 
  80      3CCCBB96 
  80      BB2C81
  81 02e4 530E95DE 		.ascii	"S\016\225\336\361\323&\013Bn//\274\026\210H\354H\371"
  81      F1D3260B 
  81      426E2F2F 
  81      BC168848 
  81      EC48F9
  82 02f7 110B53B8 		.ascii	"\021\013S\270\232~b\267%67c{\226]Kclcj\363\015Ub\277"
  82      9A7E62B7 
  82      25363763 
  82      7B965D4B 
  82      636C636A 
  83 0310 5CA0B157 		.ascii	"\\\240\261W?\261\307\022\2711\2738\315_\233\316\310"
  83      3FB1C712 
  83      B931BB38 
  83      CD5F9BCE 
ARM GAS  /tmp/ccxM2g64.s 			page 6


  83      C8
  84 0321 82AD85D5 		.ascii	"\202\255\205\325A\022yq\276\013\271\327\0229\255\271"
  84      41127971 
  84      BE0BB9D7 
  84      1239ADB9 
  85 0331 68BD5DCB 		.ascii	"h\275]\313`\344\334\265W\013C$\362\316<\027r\237u\377"
  85      60E4DCB5 
  85      570B4324 
  85      F2CE3C17 
  85      729F75FF 
  86 0345 6939723C 		.ascii	"i9r<\\\233\307\310U\271\013\317\371K\344w\371\330s\251"
  86      5C9BC7C8 
  86      55B90BCF 
  86      F94BE477 
  86      F9D873A9 
  87 0359 A636B1DF 		.ascii	"\2466\261\337\022[UUy?X\313blE\371\316\262p\211=\231"
  87      125B5555 
  87      793F58CB 
  87      626C45F9 
  87      CEB27089 
  88 036f 1FBFC085 		.ascii	"\037\277\300\205\255\266\304\226;\352w\204k9\214\315"
  88      ADB6C496 
  88      3BEA7784 
  88      6B398CCD 
  89 037f DFB3ED1B 		.ascii	"\337\263\355\033\275\256?\350u\265\211C\226\310\325"
  89      BDAE3FE8 
  89      75B58943 
  89      96C8D5
  90 038e D955FDB5 		.ascii	"\331U\375\265M\014\\\231\226R\024\240\003\347\271\200"
  90      4D0C5C99 
  90      965214A0 
  90      03E7B980 
  91 039e 872D81EB 		.ascii	"\207-\201\353\016V\354\012\323\2663r\376\331)\371z\303"
  91      0E56EC0A 
  91      D3B63372 
  91      FED929F9 
  91      7AC3
  92 03b0 5C7423BF 		.ascii	"\\t#\277\260Dn\315<w1X+bdQ\315\316\2656\211\254\356"
  92      B0446ECD 
  92      3C773158 
  92      2B626451 
  92      CDCEB536 
  93 03c7 01A92135 		.ascii	"\001\251!5\021\221\307\254\273\356\341\245\227U\255"
  93      1191C7AC 
  93      BBEEE1A5 
  93      9755AD
  94 03d6 8C913737 		.ascii	"\214\22177\035\336\342\257\217\227\3746\356\241\375"
  94      1DDEE2AF 
  94      8F97FC36 
  94      EEA1FD
  95 03e5 A525B6F9 		.ascii	"\245%\266\371\334\25156m\017co\244\234\277\254zw\337"
  95      DCA93536 
  95      6D0F636F 
  95      A49CBFAC 
  95      7A77DF
  96 03f8 9396C8EF 		.ascii	"\223\226\310\357W7}k\327*\031y4g\351i\233D\266t/d\276"
  96      57377D6B 
ARM GAS  /tmp/ccxM2g64.s 			page 7


  96      D72A1979 
  96      3467E969 
  96      9B44B674 
  97 040f FEE2B4F5 		.ascii	"\376\342\264\365\360\236St#H\253fd\355\255\315/\350"
  97      F09E5374 
  97      2348AB66 
  97      64EDADCD 
  97      2FE8
  98 0421 BD212F66 		.ascii	"\275!/f\276\253\337\327YB7T\327\255U\265\032\206\236"
  98      BEABDFD7 
  98      59423754 
  98      D7AD55B5 
  98      1A869E
  99 0434 DB9FD1A2 		.ascii	"\333\237\321\242z\367\3013\226\310\375\273n\026\007"
  99      7AF7C133 
  99      96C8FDBB 
  99      6E1607
 100 0443 6B5F3032 		.ascii	"k_02uU\336\352P\211\274\326]\206\327O\234\265D\2568"
 100      7555DEEA 
 100      5089BCD6 
 100      5D86D74F 
 100      9CB544AE 
 101 0458 3FFB5CB0 		.ascii	"?\373\\\260v\206\221W'\247n\321}^p#\277\262D\376\220"
 101      76869157 
 101      27A76ED1 
 101      7D5E7023 
 101      BFB244FE 
 102 046d 7A2F3350 		.ascii	"z/3P\273\310\310\312\245\316\273z7\252s#/X\"/l}\270"
 102      BBC8C8CA 
 102      A5CEBB7A 
 102      37AA7323 
 102      2F58222F 
 103 0484 28D4DF4F 		.ascii	"(\324\337O4\212.\342<\\\347\340j\200\253\036\256Z\270"
 103      348A2EE2 
 103      3C5CE7E0 
 103      6A80AB1E 
 103      AE5AB8
 104 0497 4EC17502 		.ascii	"N\301u\002\256\343p\035\205\353\010\\5p\035\204\353"
 104      AEE3701D 
 104      85EB085C 
 104      35701D84 
 104      EB
 105 04a8 005C5570 		.ascii	"\000\\UpU\302U\001W9\\ep\225\302U\002W1\\Epm\207\253"
 105      55C25501 
 105      57395C65 
 105      7095C255 
 105      0257315C 
 106 04c1 5074E199 		.ascii	"Pt\341\231S\\\024\376BQ\332\377\177x\334|L\354N~\370"
 106      535C14FE 
 106      4251DAFF 
 106      7F78DC7C 
 106      4CEC4E7E 
 107 04d6 682A8CE1 		.ascii	"h*\214\341\356\253\317\357\025\267!@8=\252TjT\362\204"
 107      EEABCFEF 
 107      15B72140 
 107      383DAA54 
 107      6A54F284 
ARM GAS  /tmp/ccxM2g64.s 			page 8


 108 04ea 69A3A9CF 		.ascii	"i\243\251\317\237JX\034\0007;\225\201T\006Q\031\254"
 108      9F4A581C 
 108      00373B95 
 108      81540651 
 108      19AC
 109 04fc 20D7102A 		.ascii	" \327\020*C\251\014\2432\234\312\010*#\025\254K\033"
 109      43A90CA3 
 109      329CCA08 
 109      2A2315AC 
 109      4B1B
 110 050e 2ADB2A58 		.ascii	"*\333*X\247(*\243\251\214\241\022\026;P\317X*\333+X"
 110      A7282AA3 
 110      A98CA112 
 110      163B50CF 
 110      582ADB2B 
 111 0523 C70E5476 		.ascii	"\307\016Tv\2442\216JX\360@\275\343\251L\2402\221JX\266"
 111      A4328E4A 
 111      58F040BD 
 111      E3A94CA0 
 111      32914A58 
 112 0538 422C1E57 		.ascii	"B,\036W0\022\235\025\214\305\023TvQ0&OR\331U\301\330"
 112      30129D15 
 112      8CC51354 
 112      76513026 
 112      4F52D955 
 113 054e 74A33249 		.ascii	"t\2432I\301\030u\247\262\207\202\261z\212\312\247\025"
 113      C11875A7 
 113      B28782B1 
 113      7A8ACAA7 
 113      15
 114 055f 8C594F2A 		.ascii	"\214YO*{)\030\273\336T\366Q0\206}\251\374\261\300u\310"
 114      7B2918BB 
 114      DE54F651 
 114      30867DA9 
 114      FCB1C075 
 115 0574 B354F7E7 		.ascii	"\263T\367\347\024l\253\347a\236\017xA\301\246\371\011"
 115      146CABE7 
 115      619E0F78 
 115      41C1A6F9 
 115      09
 116 0585 DCDA7F0A 		.ascii	"\334\332\177\012E\340\213\002'\376\227\024l\240~\024"
 116      45E08B02 
 116      27FE9714 
 116      6CA07E14 
 117 0595 CC97412C 		.ascii	"\314\227A,~\206E\177\012\312+D\372U\012\356\317\005"
 117      7E86457F 
 117      0ACA2B44 
 117      FA550AEE 
 117      CF05
 118 05a7 6AFC42E0 		.ascii	"j\374B\340\375kd\372\227\240\030\364+,^\247\252\277"
 118      FD6B64FA 
 118      97A018F4 
 118      2B2C5EA7 
 118      AABF
 119 05b9 81460710 		.ascii	"\201F\007\020\360\327\350\357M\2629\020n\203\337\"\205"
 119      F0D7E8EF 
 119      4DB23910 
ARM GAS  /tmp/ccxM2g64.s 			page 9


 119      6E83DF22 
 119      85
 120 05ca DFA0F4B7 		.ascii	"\337\240\364\267\244\360;\012\304\357A\020\3626\325"
 120      A4F03B0A 
 120      C4EF4110 
 120      F236D5
 121 05d9 FD0FA4FC 		.ascii	"\375\017\244\374G\024\274C\001\370\023\351\015\"\340"
 121      4714BC43 
 121      01F813E9 
 121      0D22E0
 122 05e8 9F513C98 		.ascii	"\237Q<\230b1\204\2429T\301\236\366\256\202}n\230\202"
 122      623184A2 
 122      3954C19E 
 122      F6AE827D 
 122      6E9882
 123 05fb 3D67B882 		.ascii	"=g\270\202}\347=\005{\317_\320\345\010\012\327\373x"
 123      7DE73D05 
 123      7BCF5FD0 
 123      E5080AD7 
 123      FB78
 124 060d FB0145EB 		.ascii	"\373\001E\353C\274\035I\301\032\205\267\243)Vc\310\322"
 124      43BC1D49 
 124      C11A85B7 
 124      A3295663 
 124      C8D2
 125 061f 4764692C 		.ascii	"Gdi,Y\032G\226\306\223\245\011\250\370W\262\3641\336"
 125      591A4796 
 125      C693A509 
 125      A8F857B2 
 125      F431DE
 126 0632 4E244B9F 		.ascii	"N$K\237\340\355\247d\351ox\373\031Y\372\234,\375\235"
 126      E0EDA764 
 126      E96F78FB 
 126      1959FA9C 
 126      2CFD9D
 127 0645 2C4D224B 		.ascii	",M\"K\311\202LM\026dk\212@\335\024A\326R\351!M\220\275"
 127      C9824C4D 
 127      16646B8A 
 127      40DD1441 
 127      D652E921 
 128 065c 747A982A 		.ascii	"tz\230*\310\3424z\230.\310\346\014A\035o\246 \333\263"
 128      C8E2347A 
 128      982EC8E6 
 128      0C411D6F 
 128      A620DBB3 
 129 0670 0475990C 		.ascii	"\004u\231\014A>f\013\012\334\034A\276\346\012\212\332"
 129      413E660B 
 129      0ADC1C41 
 129      BEE60A8A 
 129      DA
 130 0681 3C76395F 		.ascii	"<v9_P\260\026\260\347\205dr\021{\316\244\207\305\354"
 130      50B016B0 
 130      E7856472 
 130      117BCEA4 
 130      87C5EC
 131 0694 79093D2C 		.ascii	"y\011=,e\317Y\364\260\214=/\027\024h\007\377\254`\036"
 131      65CF59F4 
ARM GAS  /tmp/ccxM2g64.s 			page 10


 131      B08C3D2F 
 131      17146807 
 131      FFAC601E 
 132 06a8 2B99C72A 		.ascii	"+\231\307*\346\261\232y\254a\036\331\314c-\363X\307"
 132      E6B19A79 
 132      AC611ED9 
 132      CC632DF3 
 132      58C7
 133 06ba 3CD6338F 		.ascii	"<\3263\217\034\346\261\201\034\3442\217<z\310g\036\033"
 133      1CE6B181 
 133      1CE4328F 
 133      3C7AC867 
 133      1E1B
 134 06cc E9A18079 		.ascii	"\351\241\200yl\242\207\315\314c\013\023\330\212\262"
 134      6CA287CD 
 134      CC630B13 
 134      D88AB2
 135 06db 906D823A 		.ascii	"\220m\202:\336\016A=r\247\240\356Y,\250\24789C\224\020"
 135      DE0E413D 
 135      72A7A0EE 
 135      592CA8A7 
 135      38394394 
 136 06f0 B85450BF 		.ascii	"\270TP\277\331\305\3402\246\275\233\371\226\223\306"
 136      D9C5E032 
 136      A6BD9BF9 
 136      9693C6
 137 06ff 1E41C3B8 		.ascii	"\036A\303\270\202_\355\345W\225\364j\037\277\252\342"
 137      825FEDE5 
 137      5795F46A 
 137      1FBFAAE2 
 138 070f 57FBF9D5 		.ascii	"W\373\371\325\001zU\315\257\016r8\016\261F\215\240\254"
 138      017A55CD 
 138      AF0E7238 
 138      0EB1468D 
 138      A0AC
 139 0721 7198158F 		.ascii	"q\230\025\217\220\342\027\254x\224\011\034\343\237\343"
 139      90E217AC 
 139      7894091C 
 139      E39FE3
 140 0730 0CFB9261 		.ascii	"\014\373\222a'\030v\222a\247\010v\232a\265\254_G\225"
 140      27187692 
 140      61A70876 
 140      9A61B5AC 
 140      5F4795
 141 0743 AEE74A9F 		.ascii	"\256\347J\237\341J\237\0254r\316\341\253\300\257\270"
 141      E14A9F15 
 141      3472CEE1 
 141      ABC0AFB8 
 142 0753 9AE709DB 		.ascii	"\232\347\011\333H\345%*\257pL\2562\264\211d\327Y\371"
 142      48E5252A 
 142      AF704CAE 
 142      32B48964 
 142      D759F9
 143 0766 06FF34B3 		.ascii	"\006\3774\263\306M\326\370\2324n\361+E\231\001\371\276"
 143      C64DD6F8 
 143      9A346EF1 
 143      2B459901 
ARM GAS  /tmp/ccxM2g64.s 			page 11


 143      F9BE
 144 0778 5651666A 		.ascii	"VQfj*\374hMb\212\263)\2772\000'\000\207\366,mQ\366\034"
 144      2AFC684D 
 144      628AB329 
 144      BF320027 
 144      0087F62C 
 145 0790 09C0BD92 		.ascii	"\011\300\275\222F\363\326\275\252\352i!+\205c2\314\355"
 145      46F3D6BD 
 145      AAEA6921 
 145      2B856332 
 145      CCED
 146 07a2 AB2EA0A9 		.ascii	"\253.\240\251P\207\366cq\011'+\234\035\227\354\3746"
 146      5087F663 
 146      7109272B 
 146      9C1D97EC 
 146      FC36
 147 07b4 AC5741F2 		.ascii	"\254WA\362\334\344d\230\317\302\304e\261R,\241\275\230"
 147      DCE46498 
 147      CFC2C465 
 147      B1522CA1 
 147      BD98
 148 07c6 B8227A29 		.ascii	"\270\"z)\227\304\224U\237\322"
 148      97C49455 
 148      9FD2
 149 07d0 E40244C0 		.ascii	"\344\002D\300\276\202\376r7\332\330\335sf\373\227\377"
 149      BE82FE72 
 149      37DAD8DD 
 149      7366FB97 
 149      FF
 150 07e1 A3FDAB64 		.ascii	"\243\375\253d_\240\375&\017\373\347\321\376sd\277\251"
 150      5FA0FD26 
 150      0FFBE7D1 
 150      FE7364BF 
 150      A9
 151 07f2 F852303B 		.ascii	"\370R0;x\336\344 \361\337Z\017\027\327\310\272\212\326"
 151      78DEE420 
 151      F1DF5A0F 
 151      17D7C8BA 
 151      8AD6
 152 0804 AF837530 		.ascii	"\257\203u0v{\352\001\215m\275\000\346\320_\"\271;\216"
 152      767BEA01 
 152      8D6DBD00 
 152      E6D05F22 
 152      B93B8E
 153 0817 EE5E6077 		.ascii	"\356^`w\316K\361\254\362\223\377\312]\204\270A\356h"
 153      CE4BF1AC 
 153      F293FFCA 
 153      5D84B841 
 153      EE68
 154 0829 FE6DD6DD 		.ascii	"\376m\326\335\0116\365S\260\006\202\224-\351\337\313"
 154      0936F553 
 154      B0068294 
 154      2DE9DFCB 
 155 0839 B679C9A1 		.ascii	"\266y\311\241\275\010r7\205\203H\341%T\312L\177P{C\002"
 155      BD087237 
 155      858348E1 
 155      2554CA4C 
ARM GAS  /tmp/ccxM2g64.s 			page 12


 155      7F507B43 
 156 084e 5F065AB8 		.ascii	"_\006Z\270\273\250<\320d\347\0150n\240aa\010\034@5+"
 156      BBA83CD0 
 156      64E70D30 
 156      6EA06161 
 156      081C4035 
 157 0863 5DEAFD0C 		.ascii	"]\352\375\014Ti\311\001\302\345\351\337\313J\366\207"
 157      5469C901 
 157      C2E5E9DF 
 157      CB4AF687 
 158 0873 3682776E 		.ascii	"6\202wn'\347\320I\177fRP\377\027\326z\005\374\0327\331"
 158      27E7D049 
 158      7F665250 
 158      FF17D67A 
 158      05FC1A37 
 159 0888 81C24F7C 		.ascii	"\201\302O|\015\246\\\250\032D\275\202\250\037\374\025"
 159      0DA65CA8 
 159      1A44BD82 
 159      A81FFC15 
 160 0898 87F606EB 		.ascii	"\207\366\006\353\357\271\275%'\204\365aw\306\372\253"
 160      EFB9BD25 
 160      2784F561 
 160      77C6FAAB 
 161 08a8 BECE8C23 		.ascii	"\276\316\214#\310\001\204\274\241`\307\324\224\324\000"
 161      C80184BC 
 161      A160C7D4 
 161      94D400
 162 08b7 8D8291D1 		.ascii	"\215\202\221\3210\221=\376R\206#+\275X2\375\025\010"
 162      30913DFE 
 162      5286232B 
 162      BD5832FD 
 162      1508
 163 08c9 8D1C8280 		.ascii	"\215\034\202\200\303-\252\016\340>a\235\327A\315M\352"
 163      C32DAA0E 
 163      E03E619D 
 163      D741CD4D 
 163      EA
 164 08da 287A789D 		.ascii	"(zx\235<\370)s\017+\332%\241*,m\257\320=U6\230\357!"
 164      3CF82973 
 164      0F2BDA25 
 164      A12A2C6D 
 164      AFD03D55 
 165 08f2 DD38A09F 		.ascii	"\3358\240\237Qtj\0326\312\250\015\200\367\0245\317\000"
 165      51746A1A 
 165      36CAA80D 
 165      80F71435 
 165      CF00
 166 0904 0D60BD5A 		.ascii	"\015`\275Z\331To\002\322S\213\254\275\211\344ZfL\227"
 166      D9546F02 
 166      D2538BAC 
 166      BD89E45A 
 166      664C97
 167 0917 5A038D83 		.ascii	"Z\003\215\203\315\317k\260\341\012\032\355\334\306\316"
 167      CDCF6BB0 
 167      E10A1AED 
 167      DCC6CE
 168 0926 23BE85AE 		.ascii	"#\276\205\256\202\360\314\003=\021m\0368\361\244\034"
ARM GAS  /tmp/ccxM2g64.s 			page 13


 168      82F0CC03 
 168      3D116D1E 
 168      38F1A41C 
 169 0936 2C95EF80 		.ascii	",\225\357\2002\330\347\256\321\334\020\305\376\336\202"
 169      32D8E7AE 
 169      D1DC10C5 
 169      FEDE82
 170 0945 7A02EEFA 		.ascii	"z\002\356\372?\267\234\266\241K\033\037\255\210\273"
 170      3FB79CB6 
 170      A14B1B1F 
 170      AD88BB
 171 0954 46A2148E 		.ascii	"F\242\024\216\267\224\213\"\265\276\237\204\031i\332"
 171      B7948B22 
 171      B5BE9F84 
 171      1969DA
 172 0963 208B7CC7 		.ascii	" \213|\307\353\324\273\002|\250\0324\357\233\211Y%M"
 172      EBD4BB02 
 172      7CA81A34 
 172      EF9B8959 
 172      254D
 173 0975 DA5D11EC 		.ascii	"\332]\021\354\320B\360y@\342\355\240\273\242=\004[\313"
 173      D042F079 
 173      40E2EDA0 
 173      BBA23D04 
 173      5BCB
 174 0987 72FE0F58 		.ascii	"r\376\017XH\254+I\202\274\223\250\314\252R\304L\315"
 174      48AC2B49 
 174      82BC93A8 
 174      CCAA52C4 
 174      4CCD
 175 0999 86ED8B6D 		.ascii	"\206\355\213m\177eq\007r\0123\006nM+\036\376KtZ\226"
 175      7F657107 
 175      720A3306 
 175      6E4D2B1E 
 175      FE4B745A 
 176 09ae 6C47EB90 		.ascii	"lG\353\220\261\024qOt\242>\322\324\216\324J}\250\375"
 176      B114714F 
 176      74A23ED2 
 176      D48ED44A 
 176      7DA8FD
 177 09c1 4BAA35B3 		.ascii	"K\2525\263Z\211\017\265\357\245\332-V+\366\241\326\""
 177      5A890FB5 
 177      EFA5DA2D 
 177      562BF6A1 
 177      D622
 178 09d3 D51E2D6E 		.ascii	"\325\036-nOzU\030\221\000\356|\031\2676\310\216\360"
 178      4F7A5518 
 178      9100EE7C 
 178      19B736C8 
 178      8EF0
 179 09e5 7B188AC6 		.ascii	"{\030\212\306\356\027\002\335\357\276>\232\226\312>"
 179      EE1702DD 
 179      EFBE3E9A 
 179      96CA3E
 180 09f4 FA360041 		.ascii	"\3726\000A\325\035\335J\264\3656\333r\270l\375\221m"
 180      D51DDD4A 
 180      B4F536DB 
ARM GAS  /tmp/ccxM2g64.s 			page 14


 180      72B86CFD 
 180      916D
 181 0a06 6595DCA9 		.ascii	"e\225\334\251\266\261-\273\370\301l\353\035\262\365"
 181      B6B12DBB 
 181      F8C16CEB 
 181      1DB2F5
 182 0a15 47B7AD0A 		.ascii	"G\267\255\012\264\365\016\333*p\331\3723\333\272\177"
 182      B4F50EDB 
 182      2A70D9FA 
 182      33DBBA7F 
 183 0a25 7561AD60 		.ascii	"ua\255`[!\342\201\331\326`\262\365g\267\255r\2645\230"
 183      5B21E281 
 183      D9D660B2 
 183      F567B7AD 
 183      72B43598 
 184 0a39 AA5DB43C 		.ascii	"\252]\264<\226D\365z>M\271\235\236\361\355\030\006\016"
 184      9644F57A 
 184      3E4DB99D 
 184      9EF1ED18 
 184      060E
 185 0a4b E1E452F9 		.ascii	"\341\344R\371\350\336\356p\036t\252xh\354>\270\252\320"
 185      E8DEEE70 
 185      1E74AA78 
 185      68EC3EB8 
 185      AAD0
 186 0a5d 86D018F3 		.ascii	"\206\320\030\363\307\326\246f\316vt\223}\366\324\232"
 186      C7D6A666 
 186      CE767493 
 186      7DF6D49A 
 187 0a6d 5D0BC2BA 		.ascii	"]\013\302\272o\340\335\351tm^J\252\300\003.yt\367Ht"
 187      6FE0DDE9 
 187      746D5E4A 
 187      AAC0032E 
 187      7974F748 
 188 0a82 079D59E7 		.ascii	"\007\235Y\3476-\012~u\037\352 \022\336;\264\2668\232"
 188      362D0A7E 
 188      751FEA20 
 188      12DE3BB4 
 188      B6389A
 189 0a95 D0862292 		.ascii	"\320\206\"\222\325W\335\356pw\002(\036W\271\262vC\315"
 189      D557DDEE 
 189      70770228 
 189      1E57B9B2 
 189      7643CD
 190 0aa8 8363AC42 		.ascii	"\203c\254B\243\243\255\034\035\223U\030J\310\353}\262"
 190      A3A3AD1C 
 190      1D935518 
 190      4AC8EB7D 
 190      B2
 191 0ab9 7102290F 		.ascii	"q\002)\017%\301fGR\253\210NQ\315D\001ID;\273\211\246"
 191      25C16647 
 191      52AB884E 
 191      51CD4401 
 191      49443BBB 
 192 0acf 1889E2F6 		.ascii	"\030\211\342\366\010P\236D\337\365A\264\263$\232\352"
 192      08509E44 
 192      DFF541B4 
ARM GAS  /tmp/ccxM2g64.s 			page 15


 192      B3249AEA 
 193 0adf 49F41412 		.ascii	"I\364\024\022}\227\033\251\225D\323\274\210\026I\242"
 193      7D971BA9 
 193      9544D3BC 
 193      881649A2 
 194 0aef 5DDC44D3 		.ascii	"]\334D\323\215Dq\017\227f&:\314\007\321.\222\350TO\242"
 194      8D44710F 
 194      9766263A 
 194      CC07D12E 
 194      92E8544F 
 195 0b04 45487418 		.ascii	"EHt\030\011\312ZIt\232\027\3212I\264\253\233\350t#Q"
 195      09CA5A49 
 195      749A17D1 
 195      3249B4AB 
 195      9BE87423 
 196 0b19 DC684E33 		.ascii	"\334hN3\023\035\356\203hWIt\206'\321\355Ht8\011\256"
 196      131DEE83 
 196      68574974 
 196      8627D1ED 
 196      48743809 
 197 0b2e B492E84C 		.ascii	"\264\222\350L/\242W$\321$7\321YF\242\270\033\236i&\372"
 197      2FA25724 
 197      D12437D1 
 197      5946A2B8 
 197      1B9E6926 
 198 0b43 9E0FA249 		.ascii	"\236\017\242I\222h\206'\321B$\372\036\217\365\232{\372"
 198      92688627 
 198      D14224FA 
 198      1E8FF59A 
 198      7BFA
 199 0b55 58FF0BF4 		.ascii	"X\377\013\364[\354\021\224\346\365e\312\010\207\326"
 199      5BEC1194 
 199      E6F565CA 
 199      0887D6
 200 0b64 035EB9FD 		.ascii	"\003^\271\375\227!v\004c\033\\\330\367\011;\314\023"
 200      97217604 
 200      631B5CD8 
 200      F7093BCC 
 200      13
 201 0b75 FB81437B 		.ascii	"\373\201C{\032^\271\261\245\210\375\200\261\315.\354"
 201      1A5EB9B1 
 201      A588FD80 
 201      B1CD2EEC 
 202 0b85 87841DEE 		.ascii	"\207\204\035\356\211\035\351\320z\301+7\266\004\261"
 202      891DE9D0 
 202      7AC12B37 
 202      B604B1
 203 0b94 2319FBC0 		.ascii	"#\031\373\300\205\035E\330\367<\261\243\035Z\037x\345"
 203      851D45D8 
 203      F73CB1A3 
 203      1D5A1F78 
 203      E5
 204 0ba5 C6162376 		.ascii	"\306\026#v4\005 \177E\353\222\307lj\230S\365\033\326"
 204      3405207F 
 204      45EB92C7 
 204      6C6A9853 
 204      F51BD6
ARM GAS  /tmp/ccxM2g64.s 			page 16


 205 0bb8 08D93080 		.ascii	"\010\3310\200\304y\025\362\203\273e\346\230\263\307"
 205      C47915F2 
 205      83BB65E6 
 205      98B3C7
 206 0bc7 6C73CB8C 		.ascii	"ls\313\214\301\203\303\257\266\335\012\346Y\031\277"
 206      C183C3AF 
 206      B6DD0AE6 
 206      5919BF
 207 0bd6 1EEC7870 		.ascii	"\036\354xp\007\036\314\311d\256\212\0155\317\"\231\214"
 207      071ECCC9 
 207      64AE8A0D 
 207      35CF2299 
 207      8C
 208 0be7 E131BAA2 		.ascii	"\3411\272\242u=j\276\027q@\242k\310\027n\342\013\314"
 208      753D6ABE 
 208      177140A2 
 208      6BC8176E 
 208      E20BCC
 209 0bfa D964BE99 		.ascii	"\331d\276\231\370G>\230v\226L\027Zd\223\217HP\322J\246"
 209      F8473E98 
 209      76964C17 
 209      5A64938F 
 209      4850D24A 
 210 0c0f 8BBC9896 		.ascii	"\213\274\230\2260\3234#\323Ls:Ydf:\326\007\323.\222"
 210      30D33423 
 210      D34C733A 
 210      5964663A 
 210      D607D32E 
 211 0c24 E9628B74 		.ascii	"\351b\213t2\226\323I+\231.\361bZ\306L\247\031\231.5"
 211      3296D349 
 211      2B992EF1 
 211      625AC64C 
 211      A719992E 
 212 0c39 E7932566 		.ascii	"\347\223%f\246\343|0\355*\231fY\344\223q$hl%\323e^L"
 212      A6E37C30 
 212      ED2A9966 
 212      59E49371 
 212      24686C25 
 213 0c51 1B99E94C 		.ascii	"\033\231\351L#\323\345\346\204\262\314\314t\274\017"
 213      23D3E5E6 
 213      84B2CCCC 
 213      74BC0F
 214 0c60 A64992A9 		.ascii	"\246I\222\251\303\"\241\214\347\301Yz_\037\234\023\240"
 214      C322A18C 
 214      E7C1597A 
 214      5F1F9C13 
 214      A0
 215 0c71 EF62A7F0 		.ascii	"\357b\247\360\030\234\177\245\2342\301\224P\376*\223"
 215      189C7FA5 
 215      9C32C194 
 215      50FE2A93 
 216 0c81 910BFB31 		.ascii	"\221\013\3731a\307zb'RN\371\330\224P&\312d\344\302~"
 216      61C77A62 
 216      27524EF9 
 216      D8945026 
 216      CA64E4C2 
 217 0c96 42D8719E 		.ascii	"B\330q\236\330O)\247|bJ(\237\312d\344\302\376\215\260"
ARM GAS  /tmp/ccxM2g64.s 			page 17


 217      D84F29A7 
 217      7C624A28 
 217      9FCA64E4 
 217      C2FE8DB0 
 218 0caa E33DB19F 		.ascii	"\343=\261\237QN\371\233)\241|F\001\310Y\331M\037\375"
 218      514EF99B 
 218      29A17C46 
 218      01C859D9 
 218      4D1FFD
 219 0cbd 9E91A7F3 		.ascii	"\236\221\247\363\330\331\306\260\257\200\260{D\371s"
 219      D8D9C6B0 
 219      AF80B07B 
 219      44F973
 220 0ccc 40CC6839 		.ascii	"@\314h95\333\316\311\301\216+\300\3225\231\341^\311"
 220      35DBCEC9 
 220      C18E2BC0 
 220      D23599E1 
 220      5EC9
 221 0cde 6125057D 		.ascii	"a%\005}\225Er\370\234\004\205+\223\364\221lAb\276\221"
 221      954572F8 
 221      9C04852B 
 221      93F4916C 
 221      4162BE91 
 222 0cf2 C46A3389 		.ascii	"\304j3\211\277\373\360\332Yz]c1\320\377\316)Iz\255\264"
 222      BFFBF0DA 
 222      597A5D63 
 222      31D0FFCE 
 222      29497AAD 
 223 0d07 F4BAC8E8 		.ascii	"\364\272\310\3505\333\354u\222\017\257]\244\327\265"
 223      35DBEC75 
 223      920FAF5D 
 223      A4D7B5
 224 0d16 16837612 		.ascii	"\026\203v\022\247\027\351\265\302\322\353\022\243\327"
 224      A717E9B5 
 224      C2D2EB12 
 224      A3D7
 225 0d24 7566AFC9 		.ascii	"uf\257\311\302\207\333\256\322\355z\213\021\230\314"
 225      C287DBAE 
 225      D2ED7A8B 
 225      1198CC
 226 0d33 9232E9B7 		.ascii	"\2222\351\267\334\322\3572\243\337\034\263\337\311\276"
 226      DCD2EF32 
 226      A3DF1CB3 
 226      DFC9BE
 227 0d42 FC2649BF 		.ascii	"\374&I\277\033,\306\323d!W\343\217\364\3169\005\266"
 227      1B2CC6D3 
 227      642157E3 
 227      8FF4CE39 
 227      05B6
 228 0d54 489F63F4 		.ascii	"H\237c\364=zg\212\240Q5E\230\306T\212\304\227\272\360"
 228      3D7A678A 
 228      A0513545 
 228      98C6548A 
 228      C497BAF0 
 229 0d68 A98C9FE4 		.ascii	"\251\214\237\344\211O\0234\262R\205i\\\245I|\215\013"
 229      894F1334 
 229      B2528569 
ARM GAS  /tmp/ccxM2g64.s 			page 18


 229      5CA5497C 
 229      8D0B
 230 0d7a 9FCEF864 		.ascii	"\237\316\370d\341i`\252\240\341\225.L\203k\2524\320"
 230      E16960AA 
 230      A0E1952E 
 230      4C836BAA 
 230      34D0
 231 0d8c E032308D 		.ascii	"\34020\215\015L6\031\230.h\214M\023\246\0216\235\366"
 231      0D4C3619 
 231      982E688C 
 231      4D13A611 
 231      369DF6
 232 0d9f A82D5333 		.ascii	"\250-S3\346\255\226\006f` \217}s\310A\363i\244\210\200"
 232      E6AD9606 
 232      6660208F 
 232      7D73C841 
 232      F369A488 
 233 0db4 C7BC2927 		.ascii	"\307\274)'O\373A\\\205\034,\271*\037\217\244\025\345"
 233      4FFB415C 
 233      851C2CB9 
 233      2A1F8FA4 
 233      15E5
 234 0dc6 DDF19BF4 		.ascii	"\335\361\233\3649\266N\036\206W\021\371\352$\217\351"
 234      39B64E1E 
 234      865711F9 
 234      EA248FE9 
 235 0dd6 1AED7936 		.ascii	"\032\355y6\324L\264\237RQ\273U\016\311\020xt\354::\330"
 235      D44CB49F 
 235      5251BB55 
 235      0EC91078 
 235      74EC3A3A 
 236 0deb 6B446EA4 		.ascii	"kDn\244f+\260\030\2213%\351\322y\353$\351Y\302\213e"
 236      662BB018 
 236      913325E9 
 236      D279EB24 
 236      E959C28B 
 237 0e00 672B969B 		.ascii	"g+\226\233\230\345f#K\332.\3162\261\314\020\326\264"
 237      98E56623 
 237      4BDA2ECE 
 237      32B1CC10 
 237      D6B4
 238 0e12 3A4B5A5B 		.ascii	":KZ[,\206l\206\244U\343\2425\333\233V\027+Z[\231\326"
 238      2C866C86 
 238      A455E3A2 
 238      35DB9B56 
 238      172B5A5B 
 239 0e28 36232DDA 		.ascii	"6#-\332y\3166\321\232\343\203V\027I\253\320bL\317\221"
 239      79CE36D1 
 239      9AE38356 
 239      1749ABD0 
 239      624CCF91 
 240 0e3c B41A5CB4 		.ascii	"\264\032\\\264\346z\323\352jE\353\037Lk\273\221\026"
 240      E67AD3EA 
 240      6A45EB1F 
 240      4C6BBB91 
 240      16
 241 0e4d 6D62E79A 		.ascii	"mb\347\232h\315\363A\253\253\244\265\303b\314\317\223"
ARM GAS  /tmp/ccxM2g64.s 			page 19


 241      68CDF341 
 241      ABABA4B5 
 241      C362CCCF 
 241      93
 242 0e5e B49A5DB4 		.ascii	"\264\232]\264\346{\323J\262\242U\304\264v\032i\321~"
 242      E67BD34A 
 242      B2A255C4 
 242      B4761A69 
 242      D17E
 243 0e70 78BE89D6 		.ascii	"x\276\211\326\002\037\264\222$\255b\213\224\260@\216"
 243      021FB492 
 243      24AD628B 
 243      94B0408E 
 244 0e80 28C7825C 		.ascii	"(\307\202\\Ik\241\300\036'\233\3270\244\026\011N\014"
 244      496BA1C0 
 244      1E279BD7 
 244      30A41609 
 244      4E0C
 245 0e92 0BCD5961 		.ascii	"\013\315Ya\221\236U\\&2\245\2119&\023\213\005\347\206"
 245      919E555C 
 245      2632A589 
 245      3926138B 
 245      05E786
 246 0ea5 4C736258 		.ascii	"LsbX\254'\026\227\211%\322\304<\223\211\245\202\263"
 246      AC271697 
 246      8925D2C4 
 246      3C9389A5 
 246      82B3
 247 0eb7 C312736A 		.ascii	"\303\022sjX\252\347\026\227\211,ib\201\311\3042\301"
 247      58AAE716 
 247      97892C69 
 247      6281C9C4 
 247      32C1
 248 0ec9 F921CB9C 		.ascii	"\371!\313\234\034\226I\305\007\013&\260\346r\320\352"
 248      1C9649C5 
 248      070B26B0 
 248      E672D0EA 
 249 0ed9 E479FC44 		.ascii	"\344y\374D\347\007\313\005\035 \004\270\017\351\010"
 249      E707CB05 
 249      1D2004B8 
 249      0FE908
 250 0ee8 DF870FE6 		.ascii	"\337\207\017\346\210N/\276\247\332=\315\367\024\254"
 250      884E2FBE 
 250      A7DA3DCD 
 250      F714AC
 251 0ef7 1E7C4FED 		.ascii	"\036|O\355\227\304\367\324\305\272\362=\215\202.|O\003"
 251      97C4F7D4 
 251      C5BAF23D 
 251      8D822E7C 
 251      4F03
 252 0f09 B533DF93 		.ascii	"\2653\337\223\333N|Oi\246-\235\200U\334,\376\021S\355"
 252      DB4E7C4F 
 252      69A62D9D 
 252      8055DC2C 
 252      FE1153ED 
 253 0f1d E43EF56A 		.ascii	"\344>\365j\353\320\236\2639\033\313\005&#\377\2545{"
 253      EBD09EB3 
ARM GAS  /tmp/ccxM2g64.s 			page 20


 253      391BCB05 
 253      2623FFAC 
 253      357B
 254 0f2f D4BBA293 		.ascii	"\324\273\242\223C\033b\313\272|^ y\377\226\234kP\253"
 254      431B62CB 
 254      BA7C5E20 
 254      79FF969C 
 254      6B50AB
 255 0f42 CE0E2DC0 		.ascii	"\316\016-\300\326Rv@`:\360oYS\015zx\372c\313\272\200"
 255      D6527640 
 255      603AF06F 
 255      59530D7A 
 255      78FA63CB 
 256 0f58 B2D980CD 		.ascii	"\262\331\200\315FYW\207\366\216\315I\262\271\302\337"
 256      46595787 
 256      F68ECD49 
 256      B2B9C2DF 
 257 0f68 49B22487 		.ascii	"I\262$\2076\330VG\262\371\302\277\216d=\3608\314\346"
 257      36D85647 
 257      B2F9C2BF 
 257      8E643DF0 
 257      38CCE6
 258 0f7b DC755460 		.ascii	"\334uT`\237\360w\256\277\000N\236\306\303/[\035\011"
 258      9FF077AE 
 258      BF004E9E 
 258      C6C32F5B 
 258      1D09
 259 0f8d 17832609 		.ascii	"\027\203&\011{\341Q\227\255\205\204K\3015\011\373\340"
 259      7BE15197 
 259      AD85844B 
 259      C13509FB 
 259      E0
 260 0f9e C196     		.ascii	"\301\226"
 261 0fa0 2DAB0C85 		.ascii	"-\253\014\205\313\300w\316\005\0011\266\363Q+\037\323"
 261      CBC077CE 
 261      050131B6 
 261      F3512B1F 
 261      D3
 262 0fb1 FE9A0FCC 		.ascii	"\376\232\017\314]\307\264\001B\023NU\036\251n_$\333"
 262      5DC7B401 
 262      42134E55 
 262      1EA96E5F 
 262      24DB
 263 0fc3 DD01067E 		.ascii	"\335\001\006~mj1\007\267X \035\371\320QS\306b}\006X"
 263      6D6A3107 
 263      B758201D 
 263      F9D05153 
 263      C6627D06 
 264 0fd8 01FA519E 		.ascii	"\001\372Q\236\247\241\024\342\025\246\341\265R\370\330"
 264      A7A114E2 
 264      15A6E1B5 
 264      52F8D8
 265 0fe7 1347C93D 		.ascii	"\023G\311=q\211E\356^)OhK\027\353\303~\025\270{\302"
 265      718945EE 
 265      5E294F68 
 265      4B17EBC3 
 265      7E15B87B 
ARM GAS  /tmp/ccxM2g64.s 			page 21


 266 0ffc D31DB5F4 		.ascii	"\323\035\265\364"
 267 1000 2A93BBD5 		.ascii	"*\223\273\325\276\334=!\335\375\323\"'\257\326\017\204"
 267      BEDC3D21 
 267      DDFDD322 
 267      27AFD60F 
 267      84
 268 1011 5DEED680 		.ascii	"]\356\326\200\273'=\335Q'[cr\227\355\313\335\223\322"
 268      BB273DDD 
 268      51275B63 
 268      7297EDCB 
 268      DD93D2
 269 1024 5DA945AE 		.ascii	"]\251E\256\315\226\356\032\\\356\326\202\273n\236\356"
 269      CD96EE1A 
 269      5CEED682 
 269      BB6E9EEE 
 270 1034 A87FAF35 		.ascii	"\250\177\2575\271[\347\313]7\351n\227E\016]'\3355\273"
 270      B95BE7CB 
 270      5D37E96E 
 270      97450E5D 
 270      27DD35BB 
 271 1048 DCAD0777 		.ascii	"\334\255\007w\335=\335\321\320Zor\227\343\313]w\351"
 271      DD3DDDD1 
 271      D05A6F72 
 271      97E3CB5D 
 271      77E9
 272 105a AECC2237 		.ascii	"\256\314\"7\346\350\271q\251\236R6\010lQ=\314\356\224"
 272      E6E8B971 
 272      A99E5236 
 272      086C513D 
 272      CCEE94
 273 106d 920BB2A7 		.ascii	"\222\013\262\247\360\265)5\346\352\251\321e!OZ\3106"
 273      F0B52935 
 273      E6EAA9D1 
 273      65214F5A 
 273      C836
 274 107f 59C80759 		.ascii	"Y\310\007YO|m\312\214\371zftY\330(-\2543Y(\000Yo|mJ"
 274      4F7C6DCA 
 274      8CF97A66 
 274      7459D828 
 274      2DAC3359 
 275 109a 8C057A62 		.ascii	"\214\005zbtY\330$-\344\230,l\006Y_|m\312\213\233\365"
 275      7459D824 
 275      2DE4982C 
 275      6C06595F 
 275      7C6DCA8B 
 276 10b0 BCB854E6 		.ascii	"\274\270T\346\305-\240\030o\221\027\267\360(\0132\345"
 276      C52DA018 
 276      6F9117B7 
 276      F0280B32 
 276      E5
 277 10c1 C5BE86BC 		.ascii	"\305\276\206\274\330\333\220\027{\032\362\342S\206\274"
 277      D8DB9017 
 277      7B1AF2E2 
 277      5386BC
 278 10d0 D8DD9017 		.ascii	"\330\335\220\027\273\031\362\342\223\206\274\370\204"
 278      BB19F2E2 
 278      9386BCF8 
ARM GAS  /tmp/ccxM2g64.s 			page 22


 278      84
 279 10dd 212FC61B 		.ascii	"!/\306\033\362b\224\314\213\3252/\306\273\363b\024d"
 279      F26294CC 
 279      8BD5322F 
 279      C6BBF362 
 279      1464
 280 10ef 4DBB82E3 		.ascii	"M\273\202\343:0k\023&\305x\314\013\366\226\274\013\002"
 280      3A306B13 
 280      26C578CC 
 280      0BF696BC 
 280      0B02
 281 1101 A907B614 		.ascii	"\251\007\266\024bV|\002r.j\255\002\301&LkOBBF\301\032"
 281      62567C02 
 281      722E6AAD 
 281      02C1264C 
 281      6B4F4242 
 282 1118 11386333 		.ascii	"\0218c3<w\203d\215\317kE`\036>w\207D\216\317\353E`5"
 282      3C778364 
 282      8DCF6B45 
 282      601E3E77 
 282      87448ECF 
 283 1130 3E433FE8 		.ascii	">C?\350\201\317\271\"\320\271\015\023\0334\353\323("
 283      81CFB922 
 283      D0B90D13 
 283      1B34EBD3 
 283      28
 284 1141 C807856D 		.ascii	"\310\007\205m\240\000\215\324\013\237\013D\3405|\206"
 284      A0008DD4 
 284      0B9F0B44 
 284      E0357C86 
 285 1151 90F7C1E7 		.ascii	"\220\367\301\347\315\340\240P\205\370\005\313\234\007"
 285      CDE0A050 
 285      85F805CB 
 285      9C07
 286 115f 6DB66CBB 		.ascii	"m\266l\273l\263\255\202\317\315]+\325\020\021!v\253"
 286      6CB3AD82 
 286      CFCD5D2B 
 286      D5101121 
 286      76AB
 287 1171 F2DC5C6F 		.ascii	"\362\334\\o\301m\202\016\316\267\032Z\220>kn\343\276"
 287      C16D820E 
 287      CEB71A5A 
 287      903E6B6E 
 287      E3BE
 288 1183 FD683D7F 		.ascii	"\375h=\177\316\340?\3274\234\021&\322\001\241\315\275"
 288      CEE03FD7 
 288      349C1126 
 288      D201A1CD 
 288      BD
 289 1194 DF28E7FD 		.ascii	"\337(\347\375F\346\201N\342\242\367\307\234\030\032"
 289      46E6814E 
 289      E2A2F7C7 
 289      9C181A
 290 11a3 3A363974 		.ascii	":69t\366\250\330\231\236\"\017\3319\035DkN\025*\350"
 290      F6A8D899 
 290      9E220FD9 
 290      391D446B 
ARM GAS  /tmp/ccxM2g64.s 			page 23


 290      4E152AE8 
 291 11b7 54C1F541 		.ascii	"T\301\365A!\222v\252w\256\254\250\012r\255\205lb\257"
 291      219276AA 
 291      77AEACA8 
 291      0A72AD85 
 291      6C62AF
 292 11ca 5C0B15DC 		.ascii	"\\\013\025\334\237[\3517\351\001\037\270\347t\3005Q"
 292      9F5BE937 
 292      E9011FB8 
 292      E774C035 
 292      51
 293 11db 25F864A6 		.ascii	"%\370d\246\373\214\313\"\250\030\232\366\244\356q\352"
 293      FB8CCB22 
 293      A8189AF6 
 293      A4EE71EA 
 294 11eb A053E743 		.ascii	"\240S\347C\207*\242\336\223\267\335\255\244\276\237"
 294      872AA2DE 
 294      93B7DDAD 
 294      A4BE9F
 295 11fa A8BBBE5F 		.ascii	"\250\273\276_D\322\212>cy\346\261p\003\365\003\222z"
 295      44D28A3E 
 295      6379E6B1 
 295      7003F503 
 295      927A
 296 120c 76FE950D 		.ascii	"v\376\225\015!\222z\016S\257vQ?h\246\276\337L\335c\203"
 296      21927A0E 
 296      53AF7651 
 296      3F68A6BE 
 296      DF4CDD63 
 297 1221 A753E7FD 		.ascii	"\247S\347\375\335!\242\336\233\027\225\005\216\021\334"
 297      DD21A2DE 
 297      9B179505 
 297      8E11DC
 298 1230 017678AF 		.ascii	"\001vx\257)mVk\312\032^S\03661@\003\236\014\214\313"
 298      296D566B 
 298      CA1A5E53 
 298      1E363140 
 298      039E0C8C 
 299 1245 499D00AF 		.ascii	"I\235\000\257&\217\020\201\276\234\032\032\034#\231"
 299      268F1081 
 299      BE9C1A1A 
 299      1C2399
 300 1254 C04E903D 		.ascii	"\300N\220=\346\231\032\350[\353NN\015!JC\000g\006\222"
 300      E6991AE8 
 300      5BEB4E4E 
 300      0D214A43 
 300      00670692 
 301 1268 3EA6B83F 		.ascii	">\246\270?k\206\360}#\177\315\242{bdS\334\237;U9\272"
 301      6B86F07D 
 301      237FCDA2 
 301      7B626453 
 301      DC9F3B55 
 302 127e 0B7AB3B7 		.ascii	"\013z\263\267\307\334\243[uh?W\361[_0\177\353\2639\264"
 302      C7DCA35B 
 302      75683F57 
 302      F15B5F30 
 302      7FEBB339 
ARM GAS  /tmp/ccxM2g64.s 			page 24


 303 1293 5FE0F30E 		.ascii	"_\340\363\016\021\\\347<\006\214`\\<\253\266\344\335"
 303      115CE73C 
 303      068C605C 
 303      3CABB6E4 
 303      DD
 304 12a4 12381C82 		.ascii	"\0228\034\202\263\212ph\2068\264\376jK\341\367 \033"
 304      B38A7068 
 304      8638B4FE 
 304      6A4BE1F7 
 304      201B
 305 12b6 00B85A18 		.ascii	"\000\270Z\030\215\2179\264W\324\272\035\270\012\331"
 305      8D8F39B4 
 305      57D4BA1D 
 305      B80AD9
 306 12c5 29829D25 		.ascii	")\202\235%u\270\012\011\305\277D\000'\375\200B\010\374"
 306      75B80A09 
 306      C5BF4400 
 306      27FD8042 
 306      08FC
 307 12d7 BE0AB4F0 		.ascii	"\276\012\264\360\3675\240\212\277\277\005\372\370\373"
 307      F735A08A 
 307      BFBF05FA 
 307      F8FB
 308 12e5 3B87F646 		.ascii	";\207\366FH\313\216\363\210\011\303Q\014\262?84\277"
 308      48CB8EF3 
 308      8809C351 
 308      0CB23F38 
 308      34BF
 309 12f7 76F0FB27 		.ascii	"v\360\373'\207\026\206\277\203` \267k\331\365cP\011"
 309      871686BF 
 309      836020B7 
 309      6BD9F563 
 309      5009
 310 1309 C74429DC 		.ascii	"\307D)\334_y;\030\302\021j\250\266\306\243\374\301\312"
 310      5F793B18 
 310      C2116AA8 
 310      B6C6A3FC 
 310      C1CA
 311 131b 02990D8A 		.ascii	"\002\231\015\212\201]\250\305g\336b\341\371\235\327"
 311      815DA8C5 
 311      67DE62E1 
 311      F99DD7
 312 132a 097A9AC5 		.ascii	"\011z\232\305\207^\247\360\374\322[b\236\036\371\333"
 312      875EA7F0 
 312      FCD25B62 
 312      9E1EF9DB 
 313 133a AE2647F8 		.ascii	"\256&G\370\027j+\276\355\206J\345\243\324/J\344\234"
 313      176A2BBE 
 313      ED864AE5 
 313      A3D42F4A 
 313      E49C
 314 134c E1D81ACD 		.ascii	"\341\330\032\315.JA\330\301\342Sn\2510~\313-\025\356"
 314      2E4A41D8 
 314      C1E2536E 
 314      A9307ECB 
 314      2D15EE
 315 135f 16D51CDA 		.ascii	"\026\325\034\332\037\302\024$\233\320Rv\015\2324\324"
ARM GAS  /tmp/ccxM2g64.s 			page 25


 315      1FC21424 
 315      9BD05276 
 315      0D9A34D4 
 316 136f A1FD0905 		.ascii	"\241\375\011\005\305\"\001\277\337vph\203\360\261T$"
 316      C52201BF 
 316      DF767068 
 316      83F0B154 
 316      24
 317 1380 382F7457 		.ascii	"8/tWfh\011\362\363m\204\376\371\266p#\347\273Z\037_"
 317      666809F2 
 317      F36D84FE 
 317      F9B67023 
 317      E7BB5A1F 
 318 1395 528FA9FC 		.ascii	"R\217\251\374%\265l#\177Rl@Bv\0225=\345^\010\312\217"
 318      25B56C23 
 318      7F526C40 
 318      42761235 
 318      3DE55E08 
 319 13ab 8C0D851F 		.ascii	"\214\015\205\0371\311]P\225\027,>+\356\342>\036\351"
 319      31C95D50 
 319      95172C3E 
 319      2BEEE23E 
 319      1EE9
 320 13bd FAAE5858 		.ascii	"\372\256XX\320\272O\003\307\275\276\331\000\222Rr\264"
 320      D0BA4F03 
 320      C7BDBED9 
 320      00925272 
 320      B4
 321 13ce 3B257F69 		.ascii	";%\177i\3762p\334|\304Z\346k\221\023-\233\346\204\305"
 321      FE3270DC 
 321      7CC45AE6 
 321      6B91132D 
 321      9BE684C5 
 322 13e2 02B54C9E 		.ascii	"\002\265L\236E\265\222\352I\357\357`\222j\244\233\352"
 322      45B592EA 
 322      49EFEF60 
 322      926AA49B 
 322      EA
 323 13f3 292355FC 		.ascii	")#U\374#\315\223f\252\273}Q\215\224TO[,nw\353\253\251"
 323      23CD9366 
 323      AABB7D51 
 323      8D94544F 
 323      5B2C6E77 
 324 140a 227D2583 		.ascii	"\"}%\203{\2342\241\277q\257d\366\200\254\035\276v\323"
 324      7B9C32A1 
 324      BF71AF64 
 324      F680AC1D 
 324      BE76D3
 325 141d A8450B7B 		.ascii	"\250E\013{\330\346\275VV\266\326\353\354\373\036U\026"
 325      D8E6BD56 
 325      56B6D6EB 
 325      ECFB1E55 
 325      16
 326 142e 43EFAE6D 		.ascii	"C\357\256m\235\271aj\315\265\255\020>\016\277\243\345"
 326      9DB9616A 
 326      CDB5AD10 
 326      3E0EBFA3 
ARM GAS  /tmp/ccxM2g64.s 			page 26


 326      E5
 327 143f 3C546FD1 		.ascii	"<To\3210\025,\311\336\324:\256g\274\270\002\022\271"
 327      30152CC9 
 327      DED43AAE 
 327      67BCB802 
 327      12B9
 328 1451 9E34726D 		.ascii	"\2364rm0\267\314\0313\327\275\276\270FJ\256g-Zf\257"
 328      30B7CC19 
 328      33D7BDBE 
 328      B8464AAE 
 328      672D5A66 
 329 1466 BE4A2DD6 		.ascii	"\276J-\326[\246R`\015\3647\356\226\331'\270u*\315M\263"
 329      5BA65260 
 329      0DF437EE 
 329      96D927B8 
 329      752ACD4D 
 330 147b 8F8D966C 		.ascii	"\217\215\226l\372w\207\337\265\306\272\2343\237\211"
 330      FA7787DF 
 330      B5C6BA9C 
 330      339F89
 331 148a 56F93A13 		.ascii	"V\371:\023\215\226s\346W\026a\256b\311\025\351\267\301"
 331      8D9673E6 
 331      571661AE 
 331      62C915E9 
 331      B7C1
 332 149c D2EF19A3 		.ascii	"\322\357\031\243\337\363f\277\373}\371\215\224~/X\204"
 332      DFF366BF 
 332      FB7DF98D 
 332      947E2F58 
 332      84
 333 14ad 6CBFBE2C 		.ascii	"l\277\276,/\321C\206\233\351*\241\277q\207\254Zp\330"
 333      2FD14386 
 333      9BE92AA1 
 333      BF7187AC 
 333      5A70D8
 334 14c0 0E984356 		.ascii	"\016\230CV-\217\224\036\224\350[\331\203\336\323\177"
 334      2D8F941E 
 334      94E85BD9 
 334      83DED37F 
 335 14d0 B4D5F4DF 		.ascii	"\264\325\364\337\310\323\377E\257\323\313\203\246}\323"
 335      C8D3FF45 
 335      AFD3CB83 
 335      A67DD3
 336 14df 211F474A 		.ascii	"!\037GJ\321r\021p\311\"\242\207$\255\202R\235V\2157"
 336      D1721170 
 336      C922A287 
 336      24AD8252 
 336      9D568D37 
 337 14f3 AD482B5A 		.ascii	"\255H+Z\227\231\326\025#-\312\3115&Z\207}\320\212\224"
 337      9799D615 
 337      232DCAC9 
 337      35265A87 
 337      7DD08A94 
 338 1507 B4AE5A04 		.ascii	"\264\256Z\004\374\260~v\\\252\007\374\210@\262\372\033"
 338      FCB07E76 
 338      5CAA07FC 
 338      8840B2FA 
ARM GAS  /tmp/ccxM2g64.s 			page 27


 338      1B
 339 1518 77C0BF10 		.ascii	"w\300\277\020\034\364#\346\200\177!\0253\312\344F\010"
 339      1CF423E6 
 339      807F2115 
 339      33CAE446 
 339      08
 340 1529 57090916 		.ascii	"W\011\011\026\033\241\243<\023\264qo\204H\234\300s:"
 340      1BA1A33C 
 340      13B4716F 
 340      84489CC0 
 340      733A
 341 153b D96A67D8 		.ascii	"\331jg\330\264D\363=U5\222\2278\207\353\344\006&\301"
 341      B444F33D 
 341      55359297 
 341      3887EBE4 
 341      0626C1
 342 154e 3D2146C2 		.ascii	"=!F\302\344\024\321\322\210\303\247FD\326\265\340\036"
 342      E414D1D2 
 342      88C3A746 
 342      44D6B5E0 
 342      1E
 343 155f 261AA6A7 		.ascii	"&\032\246\247\210\272\313(;(\"[\356\241\254\035Nl\021"
 343      88BACB28 
 343      3B28225B 
 343      EEA1AC1D 
 343      4E6C11
 344 1572 598DC704 		.ascii	"Y\215\307\004R\216t\336\307\245N\002\316O\021yWTd\027"
 344      528E74DE 
 344      C7A54E02 
 344      CE4F1179 
 344      57546417 
 345 1586 99F5F01A 		.ascii	"\231\365\360\032\256Q\332\032OW~\343\320\236w\037\247"
 345      AE51DA1A 
 345      4F577EE3 
 345      D09E771F 
 345      A7
 346 1597 D494C9D9 		.ascii	"\324\224\311\331\016\255\374\306T\277c\\\277(\367q\212"
 346      0EADFCC6 
 346      54BF635C 
 346      BF28F771 
 346      8A
 347 15a8 E3A8DED8 		.ascii	"\343\250\336\330\307A?\306\3428\345\270\251\015\277"
 347      C7413FC6 
 347      E238E5B8 
 347      A90DBF
 348 15b7 F43505C4 		.ascii	"\3645\005\304\310)\240\311\242o}\251\237o\270\334\235"
 348      C829A0C9 
 348      A26F7DA9 
 348      9F6FB8DC 
 348      9D
 349 15c8 00776D3C 		.ascii	"\000wm<\335Q\034O\230\334\235\364\345\256\215tw\315"
 349      DD511C4F 
 349      98DC9DF4 
 349      E5AE8D74 
 349      77CD
 350 15da A2CF9C94 		.ascii	"\242\317\234\224}\346\301Q\275\317\234\022HB\177\343"
 350      7DE6C151 
ARM GAS  /tmp/ccxM2g64.s 			page 28


 350      BDCF9C12 
 350      48427FE3 
 351 15ea EE33A741 		.ascii	"\3563\247A\026\213\257M]\346\264\324+8.\273L-(&Zt\231"
 351      168BAF4D 
 351      5DE6B4D4 
 351      2B382EBB 
 351      4C2D2826 
 352 1601 5A0E69B4 		.ascii	"Z\016i\264\251\313$\032\272L\254\241\313\304\030\272"
 352      A9CB241A 
 352      BA4CACA1 
 352      CBC418BA 
 353 1611 4C1BEE32 		.ascii	"L\033\3562\337\235\223]&\321\335e\332@\207j\253`4\242"
 353      DF9D935D 
 353      26D1DD65 
 353      DA40876A 
 353      AB6034A2 
 354 1625 B2B22BA0 		.ascii	"\262\262+\240o\304@oC\301q\021\225\267\006\326T\300"
 354      6FC4406F 
 354      43C17111 
 354      95B706D6 
 354      54C0
 355 1637 B91D3E9F 		.ascii	"\271\035>\237\026Q-\331\215\300+\021[\267\355\214G*"
 355      16512DD9 
 355      8DC02B11 
 355      5BB7ED8C 
 355      472A
 356 1649 528AAA5B 		.ascii	"R\212\252[\177\035\373I\214kG\372\340\270\276#\255\303"
 356      7F1DFB49 
 356      8C6B47FA 
 356      E0B8BE23 
 356      ADC3
 357 165b 1DA9FB4F 		.ascii	"\035\251\373O\312\364@\324\203\330\216oM[\320z\331r"
 357      CAF440D4 
 357      83D88E6F 
 357      4D5BD07A 
 357      D972
 358 166d 0527E456 		.ascii	"\005'\344V\345\014(\372{6\034\255\367\317\230v \026"
 358      E50C28FA 
 358      7B361CAD 
 358      F7CF9876 
 358      2016
 359 167f 3B4F7FD9 		.ascii	";O\177\331d\327i\251\031+\267 'd\204\317\202\354q\317"
 359      64D769A9 
 359      192BB720 
 359      276484CF 
 359      82EC71CF 
 360 1693 08D3DF6E 		.ascii	"\010\323\337n\236\345\010\267\203-\010\257\271I\372"
 360      9EE508B7 
 360      832D08AF 
 360      B949FA
 361 16a2 B861CD1D 		.ascii	"\270a\315\035f\330\202\330\015[\020\177\303Z\334\217"
 361      66D882D8 
 361      0D5B107F 
 361      C35ADC8F 
 362 16b2 83BDEF88 		.ascii	"\203\275\357\210\334\202<\356\0166,\202\372\205\322"
 362      DC823CEE 
 362      0E362C82 
ARM GAS  /tmp/ccxM2g64.s 			page 29


 362      FA85D2
 363 16c1 82358617 		.ascii	"\2025\206\027\254\360\372U\024\234\0211uy\307\201\022"
 363      ACF0FA55 
 363      149C1131 
 363      7579C781 
 363      12
 364 16d2 04E63514 		.ascii	"\004\3465\024\324\203F\016F;\314\241\3756\224\226\264"
 364      D483460E 
 364      463BCCA1 
 364      FD369496 
 364      B4
 365 16e3 00A983F6 		.ascii	"\000\251\203\366y\334\241\375\016\005gE\2143\237b\037"
 365      79DCA1FD 
 365      0E056745 
 365      8C339F62 
 365      1F
 366 16f4 8B7B0F5A 		.ascii	"\213{\017Z\265lOp\257\364\237\225G2\247\364qpN\360\237"
 366      B56C4F70 
 366      AFF49F95 
 366      4732A7F4 
 366      71704EF0 
 367 1709 BE35ECCF 		.ascii	"\2765\354\317\315\227\177\363\312\177=y\203\017\011"
 367      CD977FF3 
 367      CA7F3D79 
 367      830F09
 368 1718 6EA7FF9E 		.ascii	"n\247\377\236\025\277\022\250\354\271|\245\225\370W"
 368      15BF12A8 
 368      ECB97CA5 
 368      95F857
 369 1727 1C9FF6AE 		.ascii	"\034\237\366\256\325\363\216$\335\237\325iA\270{Fl\346"
 369      D5F38E24 
 369      DD9FD569 
 369      41B87B46 
 369      6CE6
 370 1739 55C5AAEF 		.ascii	"U\305\252\357D\253\226*7\275\227\273;\236'\233\201n"
 370      44AB962A 
 370      37BD97BB 
 370      3B9E279B 
 370      816E
 371 174b 9B5F1B57 		.ascii	"\233_\033W*\370?\375\334\324W*M\362\217\263\317[oZ\002"
 371      2AF83FFD 
 371      DCD4572A 
 371      4DF28FB3 
 371      CF5B6F5A 
 372 1760 65E7F8C6 		.ascii	"e\347\370\306\265iy\312wO\012\227\312\267\250'\235\347"
 372      B56979CA 
 372      774F0A97 
 372      CAB7A827 
 372      9DE7
 373 1772 0450B4A3 		.ascii	"\004P\264\243u\177\032q\233\352\341yj\021nyj\001\026"
 373      757F1A71 
 373      9BEAE179 
 373      6A116E79 
 373      6A0116
 374 1785 717EFBD6 		.ascii	"q~\373\326\265\365\277c\234\342\360\177e\002[\377M\010"
 374      B5F5BF63 
 374      9CE2F07F 
ARM GAS  /tmp/ccxM2g64.s 			page 30


 374      65025BFF 
 374      4D08
 375 1797 EF7AFF4D 		.ascii	"\357z\377M\016\205\020\243\344\216\341w\346\030\336"
 375      0E8510A3 
 375      E48EE177 
 375      E618DE
 376 17a6 35C7B0D1 		.ascii	"5\307\260\321\274\332\323c\310k\275{^1\2648L\011\227"
 376      BCDAD363 
 376      C86BBD7B 
 376      5E31B438 
 376      4C0997
 377 17b9 CAFFA218 		.ascii	"\312\377\242\0306\312u\\+c\370=U\304\363\370$\334\362"
 377      36CA755C 
 377      2B63F83D 
 377      55C4F3F8 
 377      24DCF2
 378 17cc F8A48463 		.ascii	"\370\244\204c"
 379 17d0 D8E28AE1 		.ascii	"\330\342\212\341}s\014\277\367\210!V\330b)w\327\030"
 379      7D730CBF 
 379      F7882156 
 379      D8622977 
 379      D718
 380 17e2 A01FF4A5 		.ascii	"\240\037\364\245\234\036\217K\346\245\234\036\017^\310"
 380      9C1E8F4B 
 380      E6A59C1E 
 380      0F5EC8
 381 17f1 3DF08A87 		.ascii	"=\360\212\207\305\011M\270T~H\361\270\244/\322j\365"
 381      C5094DB8 
 381      547E48F1 
 381      B8A42FD2 
 381      6AF5
 382 1803 33EB2BDE 		.ascii	"3\353+\336\253\241p\253\325\320#^\015%k\236\325D\003"
 382      ABA170AB 
 382      D5D0235E 
 382      0D256B9E 
 382      D54403
 383 1816 6C52DFE5 		.ascii	"lR\337\345_\3656\030hep\262F\006\247\030\015R\256\273"
 383      5FF53618 
 383      686570B2 
 383      4606A718 
 383      0D52AEBB 
 384 182a 2A3CA3D0 		.ascii	"*<\243\320dZ^\351A\340\305U\212f\016\202\367!Q\270\324"
 384      645A5EE9 
 384      41E0C555 
 384      8A660E82 
 384      F72151B8 
 385 183f 4DA583E6 		.ascii	"M\245\203\346&}\022\254o\317\016\256\203\260\243\305"
 385      267D12AC 
 385      6FCF0EAE 
 385      83B0A3C5 
 386 184f 61C0754E 		.ascii	"a\300uNA\035\\\247D$\355hH\321\341\206\024\035\310\251"
 386      411D5CA7 
 386      4424ED68 
 386      48D1E186 
 386      141DC8A9 
 387 1863 F8E40D99 		.ascii	"\370\344\015\231\212;\272Sq $\360X\005k\326\276\245"
 387      8A3BBA53 
ARM GAS  /tmp/ccxM2g64.s 			page 31


 387      712024F0 
 387      58056BD6 
 387      BEA5
 388 1875 F03AA4E2 		.ascii	"\360:\244\342pH\231\261\316\315\367\005\206\017d\007"
 388      704899B1 
 388      CECDF705 
 388      860F6407 
 389 1885 21D776C4 		.ascii	"!\327v\304\234\027\333\262\271\007:n_\267\343\031p\335"
 389      9C17DBB2 
 389      B9073A6E 
 389      5FB7E319 
 389      70DD
 390 1897 91FF9F93 		.ascii	"\221\377\237\223\224\037\322\033\352\345\311\305\015"
 390      941FD21B 
 390      EAE5C9C5 
 390      0D
 391 18a4 4E98DF78 		.ascii	"N\230\337x\261\275\301l\343\344\344\010s[\203\336\306"
 391      B1BDC16C 
 391      E3E4E408 
 391      735B83DE 
 391      C6
 392 18b5 CD8089B0 		.ascii	"\315\200\211\2608\240i6\035\320\334\004\275 O=\252\332"
 392      38A06936 
 392      1DD0DC04 
 392      BD204F3D 
 392      AADA
 393 18c7 4D538B7C 		.ascii	"MS\213|m\235\353\202d\372J\363j\022\213\\\027!\225\323"
 393      6D9DEB82 
 393      64FA4AF3 
 393      6A128B5C 
 393      172195D3 
 394 18db A94DBE96 		.ascii	"\251M\276\226m\322\320 \333\004\017\306\342,\332\344"
 394      6DD2D020 
 394      DB040FC6 
 394      E22CDAE4 
 395 18eb 16D7B293 		.ascii	"\026\327\262\223g\233\304\031\332$\302\320&Arz\274)"
 395      679BC419 
 395      DA24C2D0 
 395      2641727A 
 395      BC29
 396 18fd DB24CEDD 		.ascii	"\333$\316\335&A\320b\035\025\254[\\\235\023\333$\002"
 396      2641D062 
 396      1D15AC5B 
 396      5C9D13DB 
 396      2402
 397 190f 9A1305CD 		.ascii	"\232\023\005\315\"n[\0208\306\210vt\026\365@\237q\316"
 397      226E5B10 
 397      38C68876 
 397      7416F540 
 397      9F71CE
 398 1922 126C8E78 		.ascii	"\022l\216xl\216f\374s\265\275\2214d\361\337\014M\200"
 398      6C8E66FC 
 398      73B5BD91 
 398      3464F1DF 
 398      0C4D80
 399 1935 585594D7 		.ascii	"XU\224\327z\366\354\005\377\365\373\325\300\237\017"
 399      7AF6EC05 
ARM GAS  /tmp/ccxM2g64.s 			page 32


 399      FFF5FBD5 
 399      C09F0F
 400 1944 94E5CB03 		.ascii	"\224\345\313\003\007\014\372\345\210!\275\006\216\236"
 400      070CFAE5 
 400      8821BD06 
 400      8E9E
 401 1952 3076E8B0 		.ascii	"0v\350\260^\375G|8~\330\330\021\243\336\353?a\324\320"
 401      5EFD477C 
 401      387ED8D8 
 401      11A3DEEB 
 401      3F61D4D0 
 402 1966 F123468F 		.ascii	"\361#F\217\032\327k\360\330\221\203\206\217\030;\350"
 402      1AD76BF0 
 402      D8918386 
 402      8F183BE8 
 403 1976 DD614347 		.ascii	"\335aCG\214\034<~\330\240\341\317\364\3559T\021\003"
 403      8C1C3C7E 
 403      D8A0E1CF 
 403      F4ED3954 
 403      1103
 404 1988 FDC60C1C 		.ascii	"\375\306\014\034;\324o\314\313\343\306\007\016\371p"
 404      3BD46FCC 
 404      CBE3C607 
 404      0EF970
 405 1997 F4D00F06 		.ascii	"\364\320\017\006\216\370t\230:\361\031ub_ub\037\277"
 405      8EF87498 
 405      3AF11975 
 405      625F7562 
 405      1FBF
 406 19a9 C143873E 		.ascii	"\301C\207>\203E_,\350\261\2676f\3423p\365\205\253\017"
 406      83455F2C 
 406      E8B1B736 
 406      66E23370 
 406      F585AB0F 
 407 19bd 5CBDED43 		.ascii	"\\\275\355C>\374\240\337\250\361\257\377(d\364\204\361"
 407      3EFCA0DF 
 407      A8F1AFFF 
 407      2864F484 
 407      F1
 408 19ce 2FE926FC 		.ascii	"/\351&\374Y\352?~\360\030\370\021#\002FM\030\371\277"
 408      59EA3F7E 
 408      F018F811 
 408      2302464D 
 408      18F9BF
 409 19e1 83C78C53 		.ascii	"\203\307\214S\207\366V'\366\366\0337adou\314\020u\314"
 409      87F65627 
 409      F6F61B37 
 409      61646F75 
 409      CC1075CC 
 410 19f5 C4E03103 		.ascii	"\304\3401\003\307\003\237~\023\306\216\032\0370\246"
 410      C7039F7E 
 410      13C68E1A 
 410      1F30A6
 411 1a04 DFE861C3 		.ascii	"\337\350a\303\207\217\363g\331\377\001\354\373M\030"
 411      878FF367 
 411      D9FF01EC 
 411      FB4D18
ARM GAS  /tmp/ccxM2g64.s 			page 33


 412              		.text
 413              		.section	.gnu.lto_.symbol_nodes.e535941b59c7f0ac,"",%progbits
 414 0000 789C6365 		.ascii	"x\234ce`b\020a\000\002\246n\306z\006\206\011\347\030"
 414      60621061 
 414      0002A66E 
 414      C67A0686 
 414      09E718
 415 0013 1880D4AE 		.ascii	"\030\200\324\256\006G\240\020\0001\370\004\201"
 415      0647A010 
 415      0031F804 
 415      81
 416              		.text
 417              		.section	.gnu.lto_.refs.e535941b59c7f0ac,"",%progbits
 418 0000 789C6365 		.ascii	"x\234ce`b`d\000\002\000\000I\000\011"
 418      60626064 
 418      00020000 
 418      490009
 419              		.text
 420              		.section	.gnu.lto_.decls.e535941b59c7f0ac,"",%progbits
 421 0000 789CAD55 		.ascii	"x\234\255UmLSW\030>oo\205\322\017 b\214K\272\205\020"
 421      6D4C5357 
 421      183E6F6F 
 421      85D20F20 
 421      628C4BBA 
 422 0016 03FD53AE 		.ascii	"\003\375S\256\340\342\366c?L\272\270-\233\323\204i\262"
 422      E0E2F663 
 422      3F4CBAB8 
 422      2D9BD384 
 422      69B2
 423 0028 5F4D2917 		.ascii	"_M)\027iF[Fo\263\371\357*~\300t\012\331\304\251S\321"
 423      69465B46 
 423      6FB3F9EF 
 423      2A7EC074 
 423      0AD9C4A9 
 424 003e A9035141 		.ascii	"\251\003QAD\005\353\020\021\030\342\007\212\2128'EE"
 424      4405EB10 
 424      1118E207 
 424      8A8A3827 
 424      4545
 425 0050 A3CE4C05 		.ascii	"\243\316L\005\247\361cc\3579\347\266\267*\314?;\351"
 425      A7F16363 
 425      EF39E7B6 
 425      B72ACC3F 
 425      3BE9
 426 0062 7BEE39EF 		.ascii	"{\3569\357y?\236\367\343\234N :\222k \244\037\010\331"
 426      793F9EF7 
 426      E39C4E20 
 426      3A926B20 
 426      A41F08D9 
 427 0076 460819C5 		.ascii	"F\010\031\305\241\303\357n\242\015<\"\327\310\253\243"
 427      A1C3EF6E 
 427      A20D3C22 
 427      D7C8ABA3 
 428 0086 030F26E2 		.ascii	"\003\017&\342w>\341\337IHa\244f\244}HMH\351HV\244\014"
 428      773EE1DF 
 428      494861A4 
 428      66A47D48 
ARM GAS  /tmp/ccxM2g64.s 			page 34


 428      4D48E948 
 429 009d A4B9480E 		.ascii	"\244\271H\016\2449H\003H\327\221\206\220n \315C\322"
 429      A4394803 
 429      48D79186 
 429      906E20CD 
 429      43D2
 430 00af 235D40EA 		.ascii	"#]@\352G\352C\272\370\037\276\327\012p`y\347F\363\000"
 430      47EA43BA 
 430      F81FBED7 
 430      0A706079 
 430      E746F300 
 431 00c3 FC0E8817 		.ascii	"\374\016\210\027\2229R\34030b\333\321\310\000`|\344"
 431      923952E0 
 431      333062DB 
 431      D1C80060 
 431      7CE4
 432 00d5 EAD8CC05 		.ascii	"\352\330\314\005\031\013\"\032\352^\247nu\252I\366S"
 432      190B221A 
 432      EA5EA76E 
 432      75AA49F6 
 432      53
 433 00e6 9521C622 		.ascii	"\225!\306\"?\346\236\"\203c\346\013\246\246\252\002"
 433      3FE69E22 
 433      8363E60B 
 433      A6A6AA02 
 434 00f6 E8340700 		.ascii	"\3504\007\000\261\0121\0069l\365<\212\217h\301A$\372"
 434      B10A3106 
 434      396CF53C 
 434      8A8F68C1 
 434      4124FA
 435 0109 BB2B4736 		.ascii	"\273+G6\353\303p\005\300D\252f\002\343U>lzC\320\001"
 435      EBC37005 
 435      C044AA66 
 435      02E3553E 
 435      6C7A43D0 
 436 011e 5D869F54 		.ascii	"]\206\237T\317\312\334\245\360a\020\265\254]\351\252"
 436      CFCADCA5 
 436      F06110B5 
 436      AC5DE9AA 
 437 012e A9155609 		.ascii	"\251\025V\011\220a\004\3522\011Yuw\233\237X8\213J\364"
 437      906104EA 
 437      32095975 
 437      779B9F58 
 437      388B4AF4 
 438 0142 AE1EDE16 		.ascii	"\256\036\336\026/\244\262\365\331%\365?R\351\211F\320"
 438      2FA4B2F5 
 438      D925F53F 
 438      52E98946 
 438      D0
 439 0153 E3F6C1A9 		.ascii	"\343\366\301\251\365\327\023q;\311\010\251k\005\335"
 439      F5D71371 
 439      3BC908A9 
 439      6B05DD
 440 0162 BAEE8B6D 		.ascii	"\272\356\213mz\260\031wP'\255\341\2772*\226+\212\016"
 440      7AB01977 
 440      5027ADE1 
 440      BF322A96 
ARM GAS  /tmp/ccxM2g64.s 			page 35


 440      2B8A0E
 441 0175 F6821176 		.ascii	"\366\202\021v\203\000;!\223\"\3160\342\\\252(\213\225"
 441      83003B21 
 441      9322CE30 
 441      E25CAA28 
 441      8B95
 442 0187 F21225E1 		.ascii	"\362\022%\341C\002u`\205=`%P\0176\352\224\312\301.d"
 442      43027560 
 442      853D6025 
 442      500F36EA 
 442      94CAC12E 
 443 019c D62213BD 		.ascii	"\326\"\023\275\324l\253\330\032'\224\003E\240\353l\271"
 443      D46CABD8 
 443      1A279403 
 443      45A0EB6C 
 443      B9
 444 01ad DCAF07A3 		.ascii	"\334\257\007\243mL\003\215c\030\340`zj\323:\227R0\373"
 444      6D4C038D 
 444      6318E060 
 444      7A6AD33A 
 444      975230FB 
 445 01c1 104C8306 		.ascii	"\020L\203\006\006\261\361<\264=\011'\353i\347P\201\\"
 445      06B1F13C 
 445      B43D0927 
 445      EB69E750 
 445      815C
 446 01d3 3D65FDD1 		.ascii	"=e\375\321\325\337g\026F\270\337\325k\207\033\004\260"
 446      D5DF6716 
 446      46B8DFD5 
 446      6B871B04 
 446      B0
 447 01e4 99B8B97B 		.ascii	"\231\270\271{G\336\273\323\253(\251\320\004&8\240\231"
 447      47DEBBD3 
 447      AB28A9D0 
 447      042638A0 
 447      99
 448 01f5 7398702E 		.ascii	"s\230p.\243\"\365\313^\204v\020\2419L\252\034\265^\272"
 448      A322F5CB 
 448      5E847610 
 448      A1394CAA 
 448      1CB55EBA 
 449 0209 FAF823B3 		.ascii	"\372\370#\263\371\233h\030\314TD\234@3\230U\3015U[\206"
 449      F99B6818 
 449      CC54449C 
 449      40339855 
 449      C135555B 
 450 021e 2D0C1AF2 		.ascii	"-\014\032\362`?0l=W\372k\222\242\314C\234\271>\364\260"
 450      603F306C 
 450      3D57FA6B 
 450      92A2CC43 
 450      9CB93EF4 
 451 0233 7B02AF8E 		.ascii	"{\002\257\216\001\267\233\256\256\012\233\204z\336\000"
 451      01B79BAE 
 451      AE0A9B84 
 451      7ADE00
 452 0242 BDF74F6E 		.ascii	"\275\367On4\361R%\343\266c\364qk\022\027\325\341voe"
 452      34F15225 
ARM GAS  /tmp/ccxM2g64.s 			page 36


 452      E3B663F4 
 452      716B1217 
 452      D5E1766F 
 453 0257 78C82434 		.ascii	"x\310$4q\321\355O\237\335\247EN\247-!\3044D:o\210#'"
 453      71D1ED4F 
 453      9FDDA745 
 453      4EA72D21 
 453      C434443A 
 454 026f 8EEF300B 		.ascii	"\216\3570\013\255LXW\276\245vEB\244\036J\2112\301F\240"
 454      AD4C5857 
 454      BEA57645 
 454      42A41E4A 
 454      8932C146 
 455 0284 05A33842 		.ascii	"\005\2438B\203\356\300\240\323\325z\264!\363h\264\036"
 455      83EEC0A0 
 455      D3D57AB4 
 455      21F368B4 
 455      1E
 456 0295 E1FD6F35 		.ascii	"\341\375o5+J2\264c\266\217i\371KW\253\321Rq\371\246"
 456      2B4A32B4 
 456      63B68F69 
 456      F94B57AB 
 456      D15271F9 
 457 02aa 5138C15D 		.ascii	"Q8\301]</\251\274\247\265UOmv;\253d\027\252vj\252\355"
 457      3C2FA9BC 
 457      A7B5554F 
 457      6D763BAB 
 457      6417AA76 
 458 02c1 10EDAB97 		.ascii	"\020\355\253\227a\374:\006\014tr\356a\317\355x\341<"
 458      61FC3A06 
 458      0C7472EE 
 458      61CFED78 
 458      E13C
 459 02d3 0FBA6EE9 		.ascii	"\017\272n\351P\215\001c\264b\320\020\023\263\225\307"
 459      508D0163 
 459      B462D010 
 459      13B395C7 
 460 02e3 DCD83AB2 		.ascii	"\334\330:\262[/\364q@\007\032\207\326\033c\372|r\023"
 460      5B2FF471 
 460      40071A87 
 460      D61B63FA 
 460      7C7213
 461 02f6 0DE534E2 		.ascii	"\015\3454\3429\251\341\261F\341\334\337\252\010S\010"
 461      39A9E1B1 
 461      46E1DCDF 
 461      AA085308 
 462 0306 4CB7C234 		.ascii	"L\267\3024\004s\012\301XU0'\020L\267\332\344\233\253"
 462      04730AC1 
 462      58553027 
 462      104CB7DA 
 462      E49BAB
 463 0319 DB2DC220 		.ascii	"\333-\302 w\260n\315\321\306\304\230\210\323\366\261"
 463      77B06ECD 
 463      D1C6C498 
 463      88D3F6B1 
 464 0329 88CFA287 		.ascii	"\210\317\242\207\036\315\303i\030\307\305\231\261]<"
 464      1ECDC369 
ARM GAS  /tmp/ccxM2g64.s 			page 37


 464      18C7C599 
 464      B15D3C
 465 0338 BBF5FD25 		.ascii	"\273\365\375%\34057\343vq\350RE\022\357\210Az\374|\311"
 465      E03537E3 
 465      7671E852 
 465      4512EF88 
 465      417AFC7C 
 466 034d E3CA04E1 		.ascii	"\343\312\004\341\026C\020\367\323\206\263\015\000Sq"
 466      164310F7 
 466      D386B30D 
 466      005371
 467 035c A4D8B652 		.ascii	"\244\330\266R\017\330\362\251\207\277\355^\251T\265"
 467      0FD8F2A9 
 467      87BFED5E 
 467      A954B5
 468 036b 01EBB9F3 		.ascii	"\001\353\271\363\010\344\022\244h\035~\230\365m\026"
 468      08E412A4 
 468      681D7E98 
 468      F56D16
 469 037a 7DDDB9C6 		.ascii	"}\335\271\306\243\220eS\275\242,\215c\245jU\345\243"
 469      A3906553 
 469      BDA22C8D 
 469      63A56A55 
 469      E5A3
 470 038c 5511A978 		.ascii	"U\021\251x\013h\362\177\206,\033\367`\361\342X\240\307"
 470      0B68F27F 
 470      862C1BF7 
 470      60F1E258 
 470      A0C7
 471 039e 55793526 		.ascii	"Uy5&\361%\343\377\204,\325\015\212R\026\307\300\374"
 471      F125E3FF 
 471      842CD50D 
 471      8A5216C7 
 471      C0FC
 472 03b0 F2321826 		.ascii	"\3622\030&^\307\214W\320$\226+\312L=\201sx\336\313p"
 472      5EC78C57 
 472      D024962B 
 472      CA4C3D81 
 472      7378DECB 
 473 03c5 52694C10 		.ascii	"RiL\020\374\206\271\272\010S\241\017\251\037\351\002"
 473      FC86B9BA 
 473      0853A10F 
 473      A91FE902 
 474 03d5 4C654F23 		.ascii	"LeO#O\375@\310\262\201\326\026\245I\344\356\362\016"
 474      4FFD40C8 
 474      B281D616 
 474      A549E4EE 
 474      F20E
 475 03e7 FDE1C6CD 		.ascii	"\375\341\306\315B\341\236z\007\016v\216Z\300\226\302"
 475      42E19E7A 
 475      070E768E 
 475      5AC096C2 
 476 03f7 754E1FB6 		.ascii	"uN\037\266`\265\000\237\342\024\270\254U\213\232\030"
 476      60B5009F 
 476      E214B8AC 
 476      558B9A18 
 477 0407 1B0CFE65 		.ascii	"\033\014\376e\331^\213\007].\332y\350\2269E\265P:\236"
ARM GAS  /tmp/ccxM2g64.s 			page 38


 477      D95E8B07 
 477      5D2EDA79 
 477      E8963945 
 477      B5503A9E 
 478 041b 05329EFA 		.ascii	"\0052\236\372\251\013\2136\231b\037\234\201\230\204"
 478      A90B8B36 
 478      99621F9C 
 478      819884
 479 042a 1108471F 		.ascii	"\021\010G\037\234;\337m\031Ido\013\362 \304\337\226"
 479      9C3BDF6D 
 479      1949646F 
 479      0BF220C4 
 479      DF96
 480 043c BFD73C5D 		.ascii	"\277\327<]\241\237R\311\376?J\224d\035\314\237\034-"
 480      A19F52C9 
 480      FE3F4A94 
 480      641DCC9F 
 480      1C2D
 481 044e 2581AB30 		.ascii	"%\201\2530\005\347A\320s\013\333\353\217m\216O\253R"
 481      05E741D0 
 481      730BDBEB 
 481      8F6D8E4F 
 481      AB52
 482 0460 AA06B16F 		.ascii	"\252\006\261on\277]\263k\231r\006\365f2A\250\321\222"
 482      6EBF5DB3 
 482      6B997206 
 482      F5663241 
 482      A8D192
 483 0473 824B9CAB 		.ascii	"\202K\234\253\321\021\374\214x\010\\\2034\324\257.\253"
 483      D111FC8C 
 483      78085C83 
 483      34D4AF2E 
 483      AB
 484 0484 6B4E8C40 		.ascii	"kN\214@-\035\357m\204\353\254\217\237\326\226\227%\031"
 484      2D1DEF6D 
 484      84EBAC8F 
 484      9FD69697 
 484      2519
 485 0496 D58B5FFA 		.ascii	"\325\213_\372\332\213\017C`D\255\320\203\221a0\252\227"
 485      DA8B0F43 
 485      6044ADD0 
 485      83916130 
 485      AA97
 486 04a8 A7F43597 		.ascii	"\247\3645\227\007n\340U\233\344*\366:\363=\305\316<"
 486      076EE055 
 486      9BE42AF6 
 486      3AF33DC5 
 486      CE3C
 487 04ba C9EDF1BA 		.ascii	"\311\355\361\272d\311\231?=\333\360\301\247\363R\035"
 487      64C9993F 
 487      3DDBF0C1 
 487      A7F3521D 
 488 04ca 5959C4E8 		.ascii	"YY\304\350t\006=>yz\266S\316\023\013\374^I\374J\222"
 488      74063D3E 
 488      797AB653 
 488      CE130BFC 
 488      5E49FC4A 
ARM GAS  /tmp/ccxM2g64.s 			page 39


 489 04df BE907C79 		.ascii	"\276\220|y\242\277H\026\027\270\335vT\267\373\374>\311"
 489      A2BF4816 
 489      17B8DD76 
 489      54B7FBFC 
 489      3EC9
 490 04f1 2EB9723D 		.ascii	".\271r=\366\031\366\354iY\357\330\277\314\262\007\213"
 490      F619F6EC 
 490      6959EFD8 
 490      BFCCB207 
 490      8B
 491 0502 F2D098F8 		.ascii	"\362\320\230\370\302\261\350\361\271\013\203y\222\350"
 491      C2B1E8F1 
 491      B90B8379 
 491      92E8
 492 0510 75B90B3C 		.ascii	"u\271\013<>ID\247\371\256`\241\354\224\027\026I\201"
 492      3E4944A7 
 492      F9AE60A1 
 492      EC941716 
 492      4981
 493 0522 CC026288 		.ascii	"\314\002b\210x\373\374\177\364\026X\030\020\235\001"
 493      78FBFC7F 
 493      F4165818 
 493      109D01
 494 0531 390F4DA3 		.ascii	"9\017M\243\213\204\374B\277\213\371\310\316\314\024"
 494      8B84FC42 
 494      BF8BF9C8 
 494      CECC14
 495 0540 1D059E5C 		.ascii	"\035\005\236\\\317\234\034\321\037\020\335~\257\327"
 495      CF9C1CD1 
 495      1F10DD7E 
 495      AFD7
 496 054e EF13A5AF 		.ascii	"\357\023\245\257e\3211;\347\243\234\250>\315\020f\246"
 496      65D1313B 
 496      E7A39CA8 
 496      3ECD1066 
 496      A6
 497 055f 0095E38B 		.ascii	"\000\225\343\213\034~)??\020\357\013z?s\025\005\324"
 497      1C7E293F 
 497      3F10EF0B 
 497      7A3F7315 
 497      05D4
 498 0571 FC64CD70 		.ascii	"\374d\315p\312\206\310\002f'p\356\273N9^\375\306\025"
 498      CA86C802 
 498      662770EE 
 498      BB4E395E 
 498      FDC615
 499 0584 E5C808F0 		.ascii	"\345\310\010\360\315W\222\355\361\005d\227\317\315\262"
 499      CD5792ED 
 499      F1056497 
 499      CFCDB2
 500 0593 FE31E2A1 		.ascii	"\3761\342\241\220\230s>\277\2373\327\371\211'W\314\361"
 500      9098733E 
 500      BF9F33D7 
 500      F9892757 
 500      CCF1
 501 05a5 078BDD92 		.ascii	"\007\213\335\2228\313S(K\305\036\337\202YA\237[\366"
 501      38CB5328 
ARM GAS  /tmp/ccxM2g64.s 			page 40


 501      4BC51EDF 
 501      8259419F 
 501      5BF6
 502 05b7 F87D0171 		.ascii	"\370}\001q\254\362e\272\311\2775\033\364\002"
 502      ACF265BA 
 502      C9BF351B 
 502      F402
 503              		.text
 504              		.section	.gnu.lto_.symtab.e535941b59c7f0ac,"",%progbits
 505 0000 61726D5F 		.ascii	"arm_fir_decimate_f32\000"
 505      6669725F 
 505      64656369 
 505      6D617465 
 505      5F663332 
 506 0015 00       		.ascii	"\000"
 507 0016 00       		.ascii	"\000"
 508 0017 00       		.ascii	"\000"
 509 0018 00000000 		.ascii	"\000\000\000\000\000\000\000\000"
 509      00000000 
 510 0020 E2000000 		.ascii	"\342\000\000\000"
 511              		.text
 512              		.section	.gnu.lto_.opts,"",%progbits
 513 0000 272D666D 		.ascii	"'-fmath-errno' '-fsigned-zeros' '-ftrapping-math' '"
 513      6174682D 
 513      6572726E 
 513      6F272027 
 513      2D667369 
 514 0033 2D666E6F 		.ascii	"-fno-trapv' '-fno-openmp' '-fno-openacc' '-mcpu=cor"
 514      2D747261 
 514      70762720 
 514      272D666E 
 514      6F2D6F70 
 515 0066 7465782D 		.ascii	"tex-m4' '-mfloat-abi=hard' '-mfpu=fpv4-sp-d16' '-mn"
 515      6D342720 
 515      272D6D66 
 515      6C6F6174 
 515      2D616269 
 516 0099 6F2D7468 		.ascii	"o-thumb-interwork' '-mthumb' '-ggdb' '-O2' '-fomit-"
 516      756D622D 
 516      696E7465 
 516      72776F72 
 516      6B272027 
 517 00cc 6672616D 		.ascii	"frame-pointer' '-falign-functions=16' '-ffunction-s"
 517      652D706F 
 517      696E7465 
 517      72272027 
 517      2D66616C 
 518 00ff 65637469 		.ascii	"ections' '-fdata-sections' '-fno-common' '-flto' '-"
 518      6F6E7327 
 518      20272D66 
 518      64617461 
 518      2D736563 
 519 0132 6673696E 		.ascii	"fsingle-precision-constant'\000"
 519      676C652D 
 519      70726563 
 519      6973696F 
 519      6E2D636F 
ARM GAS  /tmp/ccxM2g64.s 			page 41


 520              		.text
 521              		.comm	__gnu_lto_v1,1,1
 522              		.comm	__gnu_lto_slim,1,1
 523              		.ident	"GCC: (GNU Tools for ARM Embedded Processors 6-2017-q1-update) 6.3.1 20170215 (release) [AR
ARM GAS  /tmp/ccxM2g64.s 			page 42


DEFINED SYMBOLS
                            *ABS*:0000000000000000 arm_fir_decimate_f32.c
                            *COM*:0000000000000001 __gnu_lto_v1
                            *COM*:0000000000000001 __gnu_lto_slim

NO UNDEFINED SYMBOLS
