ARM GAS  /tmp/ccm3skte.s 			page 1


   1              		.cpu cortex-m4
   2              		.eabi_attribute 27, 1
   3              		.eabi_attribute 28, 1
   4              		.eabi_attribute 20, 1
   5              		.eabi_attribute 21, 1
   6              		.eabi_attribute 23, 3
   7              		.eabi_attribute 24, 1
   8              		.eabi_attribute 25, 1
   9              		.eabi_attribute 26, 1
  10              		.eabi_attribute 30, 2
  11              		.eabi_attribute 34, 1
  12              		.eabi_attribute 18, 4
  13              		.file	"arm_fir_decimate_init_f32.c"
  14              		.text
  15              	.Ltext0:
  16              		.section	.gnu.lto_.profile.f78d69dbba9ce32,"",%progbits
  17 0000 789C6365 		.ascii	"x\234ce`b`a```dP\342\007\000\000\323\000>"
  17      60626061 
  17      60606064 
  17      50E20700 
  17      00D3003E 
  18              		.text
  19              		.section	.gnu.lto_.icf.f78d69dbba9ce32,"",%progbits
  20 0000 789C6365 		.ascii	"x\234ce`b\340`@\000F\206-\377v-\340b\000\000\017n\003"
  20      6062E060 
  20      40004686 
  20      2DFF762D 
  20      E0620000 
  21 0017 27       		.ascii	"'"
  22              		.text
  23              		.section	.gnu.lto_.jmpfuncs.f78d69dbba9ce32,"",%progbits
  24 0000 789C6365 		.ascii	"x\234ce`bPd@\000F\0066F0\260\257\007\0036\246J\026\220"
  24      60625064 
  24      40004606 
  24      364630B0 
  24      AF070336 
  25 0018 30A3960C 		.ascii	"0\243\226\014D\001\000U\272\004<"
  25      44010055 
  25      BA043C
  26              		.text
  27              		.section	.gnu.lto_.inline.f78d69dbba9ce32,"",%progbits
  28 0000 789C6365 		.ascii	"x\234ce`b\260d@\000F\006\006A\005Ff&\016 \203U\001H"
  28      6062B064 
  28      40004606 
  28      06410546 
  28      66260E20 
  29 0018 300A0009 		.ascii	"0\012\000\011\026\22652\014\\g\254\231\030\330\016\354"
  29      16963532 
  29      0C5C67AC 
  29      9918D80E 
  29      EC
  30 0029 66E46160 		.ascii	"f\344a`;\244%\001R\315\302\313\300\300<\301\217\001"
  30      3BA42501 
  30      52CDC2CB 
  30      C0C03CC1 
  30      8F01
  31 003b 8800A0BF 		.ascii	"\210\000\240\277\007\005"
ARM GAS  /tmp/ccm3skte.s 			page 2


  31      0705
  32              		.text
  33              		.section	.gnu.lto_.pureconst.f78d69dbba9ce32,"",%progbits
  34 0000 789C6365 		.ascii	"x\234ce`b`f```d\220\002\000\000\206\000&"
  34      60626066 
  34      60606064 
  34      90020000 
  34      860026
  35              		.text
  36              		.section	.gnu.lto_arm_fir_decimate_init_f32.f78d69dbba9ce32,"",%progbits
  37 0000 789C9D54 		.ascii	"x\234\235T\357O[U\030>\317=\267\367\266t\245\360ABH"
  37      EF4F5B55 
  37      183ECF3D 
  37      B7F7B674 
  37      A5F04142 
  38 0015 63F665C1 		.ascii	"c\366e\301\031C\215\213\177\301\314\242\211\213K\252"
  38      19438D8B 
  38      7FC1CCA2 
  38      898B4BAA 
  39 0025 1FFC601A 		.ascii	"\037\374`\032V\313\3228\012\241%3~\030\227\22613\"N"
  39      56CBD238 
  39      0AA12533 
  39      7E189796 
  39      3133224E 
  40 0039 A36CAD94 		.ascii	"\243l\255\224\326(\331\374\001\014e\270N\305\256\025"
  40      D628D9FC 
  40      010C65B8 
  40      4EC5AE15 
  41 0049 B61A3674 		.ascii	"\266\0326t\032\023\235\021\025X\254n\213\233?\210Q\301"
  41      1A139D11 
  41      1558AC6E 
  41      8B9B3F88 
  41      51C1
  42 005b F73DB71A 		.ascii	"\367=\267\032\262\370e\336\334\236{\316{\337\3479\347"
  42      B2F865DE 
  42      DC9E7BCE 
  42      7BDFE739 
  42      E7
  43 006c 79DFE7D6 		.ascii	"y\337\347\326!4\361\220C\210\375B\210{\351\007\207\200"
  43      2134F190 
  43      4388FD42 
  43      887BE907 
  43      8780
  44 007e 76F88210 		.ascii	"v\370\202\020\275NM\323GLa\325\310\033sBX\233$t;\256"
  44      BD4E4DD3 
  44      474C61D5 
  44      C81B7342 
  44      589B2474 
  45 0094 033CB19C 		.ascii	"\003<\261\234\020=\232\324\321\203g\345\021\211\313"
  45      103D9AD4 
  45      D18367E5 
  45      1189CB
  46 00a3 0BC525CF 		.ascii	"\013\305%\317\326c\026]\205#\323\306\360\370\307\226"
  46      D663165D 
  46      8523D3C6 
  46      F0F8C796 
  47 00b3 CC4A2152 		.ascii	"\314J!RR`\233\017w\373\230\375\030\266R\352'}'\206\345"
ARM GAS  /tmp/ccm3skte.s 			page 3


  47      52609B0F 
  47      77FB98FD 
  47      18B652EA 
  47      277D2786 
  48 00c8 20BD0574 		.ascii	" \275\005tZ^?\237^\252\345\245\206\315\264\034\036+"
  48      5A5E3F9F 
  48      5EAAE5A5 
  48      86CDB41C 
  48      1E2B
  49 00da E54C1980 		.ascii	"\345L\031\200\240yq\371\231\021O\363\250e%\254\302\345"
  49      A07971F9 
  49      99114FF3 
  49      A86525AC 
  49      C2E5
  50 00ec 54C30B49 		.ascii	"T\303\013I\353\376\254\224x\035\222i_\203\017\307\341"
  50      EBFEAC94 
  50      781D9269 
  50      5F830FC7 
  50      E1
  51 00fd 13141278 		.ascii	"\023\024\022x\003\315\004\230]_-xmj\215\226\027\177"
  51      03CD0498 
  51      5D5F2D78 
  51      6D6A8D96 
  51      177F
  52 010f 9ACFB86D 		.ascii	"\232\317\270m\352:ZN\016-.\273\345#\212\332Z\374\343"
  52      EA3A5A4E 
  52      0E2D2EBB 
  52      E5238ADA 
  52      5AFCE3
  53 0122 0B4795FA 		.ascii	"\013G\225\372Z\252\2617i\335\221%5\3436\365\030Q\277"
  53      5AAAB137 
  53      69DD9125 
  53      35E336F5 
  53      1851BF
  54 0135 A9A87581 		.ascii	"\251\250u\201\011E\375\351/\013\025S>\246\300\207g\346"
  54      0945FDE9 
  54      2F0B1553 
  54      3EA6C087 
  54      67E6
  55 0147 CFD456C1 		.ascii	"\317\324V\301\277\245\032\256'\254\306\254t\340\204"
  55      BFA51AAE 
  55      27ACC6AC 
  55      74E084
  56 0156 0DB6E552 		.ascii	"\015\266\345R@`RAG\276\035\\t\313\240\202\316O}U\322"
  56      40605241 
  56      47BE1D5C 
  56      74CBA082 
  56      CE4F7D55 
  57 016b ABD0B5D4 		.ascii	"\253\320\265\324\355\317)I\006\336\272Y\222!\360\266"
  57      EDCF2949 
  57      06DEBA59 
  57      9221F0B6 
  58 017b 02FFD9B7 		.ascii	"\002\377\331\267:\344\222{\024x%U\260\234Up\261)e\025"
  58      3AE4927B 
  58      14782555 
  58      B09C5570 
  58      B1296515 
ARM GAS  /tmp/ccm3skte.s 			page 4


  59 018f 74C64EFD 		.ascii	"t\306N\375\007\366\244\302N\256\225\1770eTa_z>\177\334"
  59      07F6A4C2 
  59      4EAE957F 
  59      30655461 
  59      5F7A3E7F 
  60 01a4 A8622FA4 		.ascii	"\250b/\244\033\355\215ML\337\0146\005\336A3#\276?`\215"
  60      1BED8D4D 
  60      4CDF0C36 
  60      05DE4133 
  60      23BE3F60 
  61 01b9 B9E4930A 		.ascii	"\271\344\223\012\375Yaz\032[^Q\355\375:\355#\305G-\332"
  61      FD59617A 
  61      1A5B5E51 
  61      EDFD3AED 
  61      23C5472D 
  62 01ce 5CE0D446 		.ascii	"\\\340\324F\315|Q\362w\223k/z\014\035yl\341\376S\343"
  62      CD7C51F2 
  62      77936B2F 
  62      7A0C1D79 
  62      6CE1FE53 
  63 01e3 4FC3003D 		.ascii	"O\303\000=82q\021\005km\375\240U\370\274\351\345Q\357"
  63      38327111 
  63      056B6DFD 
  63      A055F8BC 
  63      E9E551EF 
  64 01f7 6D101CA5 		.ascii	"m\020\034\245\206Q\255t\332\337\351\000\037\300\340"
  64      8651AD74 
  64      DADFE900 
  64      1FC0E0
  65 0206 A913DC57 		.ascii	"\251\023\334W\027\270\005npA<\034\256\345\301\313C\035"
  65      17B8056E 
  65      70413C1C 
  65      AEE5C1CB 
  65      431D
  66 0218 0FF560B9 		.ascii	"\017\365`\271B\034\242\255\330\232\003R\343\247\254"
  66      421CA2AD 
  66      D89A0352 
  66      E3A7AC
  67 0227 2071E3E0 		.ascii	" q\343\340\325\223\257\202\267\317H=C>\251 y\252\277"
  67      D593AF82 
  67      B7CF483D 
  67      433EA920 
  67      79AABF
  68 023a 1AA0DB41 		.ascii	"\032\240\333Aa\261\214\276K\245\273\2521:\376\304\225"
  68      61B18CBE 
  68      4BA5BBAA 
  68      313AFEC4 
  68      95
  69 024b FCEF1E76 		.ascii	"\374\357\036v\015Y\034\357\302\2265@`\372\022\2304]"
  69      0D591CEF 
  69      C2963540 
  69      60FA1298 
  69      345D
  70 025d 9949D670 		.ascii	"\231I\326p:\345\016\035(.\230\234+U\231V\317~\364\364"
  70      3AE50E1D 
  70      282E989C 
  70      2B559956 
ARM GAS  /tmp/ccm3skte.s 			page 5


  70      CF7EF4F4 
  71 0271 A62C32BD 		.ascii	"\246,2\275T\247\\SV\2722D\362\036S\320\313\321\345\304"
  71      54A75C53 
  71      56BA3244 
  71      F21E53D0 
  71      CBD1E5C4 
  72 0285 B8E91FE3 		.ascii	"\270\351\037\343\032nf\257\275\217,\216ry\004f\340\317"
  72      1A6E66AF 
  72      BD8F2C8E 
  72      72790466 
  72      E0CF
  73 0297 489750E4 		.ascii	"H\227P\344\345\177\311o\201\315\300\007\212\015\314"
  73      E57FC96F 
  73      81CDC007 
  73      8A0DCC
  74 02a6 566036B7 		.ascii	"V`6\267P\372\317\347s\232-\315c\357\220\034\372G\177"
  74      50FACFE7 
  74      739A2DCD 
  74      63EF901C 
  74      FA477F
  75 02b9 ADD2EFB1 		.ascii	"\255\322\357\261c\217\3321/\205\211<1[\2568\355\022"
  75      638FDA31 
  75      2F85893C 
  75      315BAE38 
  75      ED12
  76 02cb ACD32571 		.ascii	"\254\323%q\206v\245\274t\177\331c'\326Q\356\306o\331"
  76      8676A5BC 
  76      747FD963 
  76      27D651EE 
  76      C66FD9
  77 02de 091D454A 		.ascii	"\011\035EJ\372\021\375\271\006N\3413\346\363W.\231="
  77      FA11FDB9 
  77      064EE133 
  77      E6F3572E 
  77      993D
  78 02f0 7F59CEAC 		.ascii	"\177Y\316\254\254I\361\331PB\217\310\310z\334\351#\212"
  78      AC49F1D9 
  78      50428FC8 
  78      C87ADCE9 
  78      238A
  79 0302 AC7DC874 		.ascii	"\254}\310tea\311\374?\222?T\2225\226<\313\222\353m\266"
  79      6561C9FC 
  79      3F923F54 
  79      9235963C 
  79      CB92EB6D 
  80 0317 2F4BC6AD 		.ascii	"/K\306\255\26390\247\330\224]\3172\233\024+H\344~\036"
  80      B33930A7 
  80      D8945DCF 
  80      329B142B 
  80      48E47E1E 
  81 032b F429F792 		.ascii	"\364)\367\222G7\266[\2205\316)k\014\220\203\330m+\320"
  81      4737B65B 
  81      9035CE29 
  81      6B0C9083 
  81      D86D2BD0 
  82 033f 949333A4 		.ascii	"\224\2233\244\363*\001\327\007\233\354JqK~\005\370?"
  82      F32A01D7 
ARM GAS  /tmp/ccm3skte.s 			page 6


  82      079BEC4A 
  82      714B7E05 
  82      F83F
  83 0351 72786ACE 		.ascii	"rxj\316k\243\367\243\014\237v\372\3327`\032yh\037\271"
  83      6BA3F7A3 
  83      0C9F76FA 
  83      DA37601A 
  83      79681FB9 
  84 0365 17CC436A 		.ascii	"\027\314Cjv\265\264\370\351\336\2763\360@\240:\336\027"
  84      76B5B4F8 
  84      E9DEBE33 
  84      F040A03A 
  84      DE17
  85 0377 D8157C30 		.ascii	"\330\025|0\262\333\037\350\350\356\012\205\375;\"{\343"
  85      B2DB1FE8 
  85      E8EE0A85 
  85      FD3B227B 
  85      E3
  86 0388 E1AE4874 		.ascii	"\341\256Ht\317\216\356h(\036\351\210\306\374\255]\355"
  86      CF8EEE68 
  86      281EE988 
  86      C6FCAD5D 
  86      ED
  87 0399 C1B64857 		.ascii	"\301\266HW\360\361p(\322\336\032\017\007#\321H<\330"
  87      F0F17028 
  87      D2DE1A0F 
  87      0723D148 
  87      3CD8
  88 03ab B6ED9E96 		.ascii	"\266\355\236\226\220@\300\214v\267?\334\332\031\303"
  88      9040C08C 
  88      76B73FDC 
  88      DA19C3
  89 03ba 4EB3737B 		.ascii	"N\263s{G\270\255-ft\006\342\224\346\332\275\267#\364"
  89      47B8AD2D 
  89      667406E2 
  89      94E6DABD 
  89      B723F4
  90 03cd 4420F254 		.ascii	"D \362T\330\210\321\272;\3667\247C\3301"
  90      D888D1BA 
  90      3BF637A7 
  90      43D831
  91              		.text
  92              		.section	.gnu.lto_.symbol_nodes.f78d69dbba9ce32,"",%progbits
  93 0000 789C6365 		.ascii	"x\234ce`b\320e\000\002\246n\306z\006\206\011\347\030"
  93      6062D065 
  93      0002A66E 
  93      C67A0686 
  93      09E718
  94 0013 1880D4AE 		.ascii	"\030\200\324\256\006G\006\006\306\036\306zF\260\010"
  94      06470606 
  94      C61EC67A 
  94      46B008
  95 0022 03434383 		.ascii	"\003CC\203\003\003\0033\003#\303\221cg\345\030\000\365"
  95      03030333 
  95      0323C391 
  95      6367E518 
  95      00F5
ARM GAS  /tmp/ccm3skte.s 			page 7


  96 0034 720ABF   		.ascii	"r\012\277"
  97              		.text
  98              		.section	.gnu.lto_.refs.f78d69dbba9ce32,"",%progbits
  99 0000 789C6365 		.ascii	"x\234ce`b`d\000\002\000\000I\000\011"
  99      60626064 
  99      00020000 
  99      490009
 100              		.text
 101              		.section	.gnu.lto_.decls.f78d69dbba9ce32,"",%progbits
 102 0000 789CAD56 		.ascii	"x\234\255VyP\024g\026\357\327_3\014s \2119\334*v\313"
 102      79501467 
 102      16EFD75F 
 102      330C7320 
 102      8939DC2A 
 103 0016 1857A954 		.ascii	"\030W\251T\301\004\254r\367\217\374!\305\342Q%h1\360"
 103      C104AC72 
 103      F78FFC21 
 103      C5E25125 
 103      6831F0
 104 0029 C7EE3FB3 		.ascii	"\307\356?\26384a*0\3032Me\223\275Z\307\003#\010x\340"
 104      3834612A 
 104      30C3324D 
 104      6593BD5A 
 104      C7032308 
 105 003f ADC478A0 		.ascii	"\255\304x\240D!hD\003\350H\214\002\236h<\220\340\240"
 105      44216844 
 105      03E8488C 
 105      029E683C 
 105      90E0A0
 106 0052 18EF038F 		.ascii	"\030\357\003\217\005\017\224}\337\367\315L\217\006\313"
 106      050F947D 
 106      DFF7CD4C 
 106      8F06CB
 107 0061 AAAD347C 		.ascii	"\252\2554|\335\375^\377\336{\277w\3647\035&\210\302"
 107      DDFD5EFF 
 107      DE7BBF77 
 107      F4371D26 
 107      88C2
 108 0073 0DA320FC 		.ascii	"\015\243 \374\225\010\302\022A\020\006\361\020\361\272"
 108      9508C212 
 108      411006F1 
 108      10F1BA
 109 0082 4DD00E2A 		.ascii	"M\320\016*?\303\365&\010\2778\236\242\316\204\327'\364"
 109      3FC3F526 
 109      08BF389E 
 109      A2CE84D7 
 109      27F4
 110 0094 39AEB770 		.ascii	"9\256\267pu\343:\206\353{\\{p\355\3005\026\227\017\327"
 110      75E33A86 
 110      EB7B5C7B 
 110      70EDC035 
 110      16970FD7 
 111 00a8 70C4BF81 		.ascii	"p\304\277\201K\302\373s\270\316\343:\213\253\3435q\226"
 111      4BC2FB73 
 111      B8CEE33A 
 111      8BABE335 
 111      7196
ARM GAS  /tmp/ccm3skte.s 			page 8


 112 00ba 11D835EF 		.ascii	"\021\3305\357\340\032\323\005\370\011\020\007QL\013"
 112      E01AD305 
 112      F8091007 
 112      514C0B
 113 00c9 C0CFC016 		.ascii	"\300\317\300\026\023\007\003\007\000\323\243Vdg\016"
 113      13070307 
 113      00D3A356 
 113      64670E
 114 00d8 642A0858 		.ascii	"d*\010X\370e\321/\212~\227\354\337o\014!\036\371c\036"
 114      F865D12F 
 114      8A7E97EC 
 114      DF6F0C21 
 114      1EF9631E 
 115 00ec 2970081C 		.ascii	")p\010\034\316\231\010\300\377\230;Q\013\000\020j\020"
 115      CE9908C0 
 115      FF983B51 
 115      0B00106A 
 115      10
 116 00fd E290D3F6 		.ascii	"\342\220\323\366?\017\362\023\264\344 \220\375\255\342"
 116      3F0FF213 
 116      B4E42090 
 116      FDADE2
 117 010c 07EB241F 		.ascii	"\007\353$\037t\001\030\205\312\011\300t\317k{\312$\""
 117      74011885 
 117      CA09C074 
 117      CF6B7BCA 
 117      2422
 118 011e 02BDF73D 		.ascii	"\002\275\367=\256\232\030\367\265\312\017\375GZ\331"
 118      AE9A18F7 
 118      B5CA0FFD 
 118      475AD9
 119 012d BA5AB654 		.ascii	"\272Z\266T\223\205\004\306\032\200\306\034\206\252\232"
 119      938504C6 
 119      1A80C61C 
 119      86AA9A
 120 013c 5B7B1E9B 		.ascii	"[{\036\233\271\212\"N\226\336\337\020N~\317\356\333"
 120      B98A224E 
 120      96DEDF10 
 120      4E7ECFEE 
 120      DB
 121 014d 67D7AEA6 		.ascii	"g\327\256\246\3507\015 \241x\357\350\312\236H\024\337"
 121      E8370D20 
 121      A178EFE8 
 121      CA9E4814 
 121      DF
 122 015e 32C0C865 		.ascii	"2\300\310eD\\\321v\266Y\202\030\303&\032\304{\250ol"
 122      445CD176 
 122      B6598218 
 122      C3261AC4 
 122      7BA86F6C 
 123 0172 F93C5515 		.ascii	"\371<U\025\341\0330\3006 \260\025\342(\345\261\006<"
 123      E11B30C0 
 123      3620B015 
 123      E228E5B1 
 123      063C
 124 0184 17A9EA2C 		.ascii	"\027\251\352,\265\314\243FL\026\240\006\242a;D\013P"
 124      B5CCA346 
ARM GAS  /tmp/ccm3skte.s 			page 9


 124      4C16A006 
 124      A2613B44 
 124      0B50
 125 0196 0B313428 		.ascii	"\01314(\305\301\327\250\254F%F\331\262\241|\275\216"
 125      C5C1D7A8 
 125      AC462546 
 125      D9B2A17C 
 125      BD8E
 126 01a8 2C05CA40 		.ascii	",\005\312@<\270\267\363\234\004\206\230!\035\354\034"
 126      3CB8B7F3 
 126      9C048698 
 126      211DEC1C 
 127 01b8 C20127D3 		.ascii	"\302\001'\323_=\352\340\034Jf\007\222\251\323\310 7"
 127      5F3DEAE0 
 127      1C4A6607 
 127      92A9D3C8 
 127      2037
 128 01ca 5E87E6C7 		.ascii	"^\207\346\307\276(\211\216\016\005\314\220\250\352f"
 128      BE28898E 
 128      0E05CC90 
 128      A8EA66
 129 01d9 CBB93326 		.ascii	"\313\2713&\362\210\307-]v\277\216@\214\221\273;\333"
 129      F288C72D 
 129      5D76BF8E 
 129      408C91BB 
 129      3BDB
 130 01eb F2D18D93 		.ascii	"\362\321\215\223\252:\022v\203\021vi\356\222\360]\021"
 130      AA3A1276 
 130      83117669 
 130      EE92F05D 
 130      11
 131 01fc E65348ED 		.ascii	"\346SH\355\334\027\251\325#\265$\243\037G\275\027\225"
 131      DC17A9D5 
 131      23B524A3 
 131      1F47BD17 
 131      95
 132 020d B6F6994C 		.ascii	"\266\366\231L_\004\323`\256\002p\001\366\200\311\017"
 132      5F04D360 
 132      AE027001 
 132      F680C90F 
 133 021d 5C5AF9E5 		.ascii	"\\Z\371\345}3\243\206:\370\026\030\267\343]\347\266"
 133      7D33A386 
 133      3AF81618 
 133      B7E35DE7 
 133      B6
 134 022e 0C0B2ABF 		.ascii	"\014\013*\277\343\312\2329\227\267\350\261\035\321\330"
 134      E3CA9A39 
 134      97B7E8B1 
 134      1DD1D8
 135 023d 4B086964 		.ascii	"K\010id4o\344N\357\203m\022\371\226\015\204\270k\347"
 135      346FE44E 
 135      EF836D12 
 135      F9960D84 
 135      B86BE7
 136 0250 E5958690 		.ascii	"\345\225\206\220^\275\263[U\243\300\213\311\357\325"
 136      5EBDB35B 
 136      55A3C08B 
ARM GAS  /tmp/ccm3skte.s 			page 10


 136      C9EFD5
 137 025f D2890EB6 		.ascii	"\322\211\016\266\252w\275JF\0100.\032>\304d\366a2\321"
 137      AA77BD4A 
 137      4608302E 
 137      1A3EC464 
 137      F66132D1 
 138 0273 FE3A3721 		.ascii	"\376:7!\345F\177\243\326U\0350\223}<\300\212\245\373"
 138      E5467FA3 
 138      D6551D30 
 138      937D3CC0 
 138      8AA5FB
 139 0286 77460603 		.ascii	"wF\006\003`\375w\260\372\177\217\021\366k\021\274\360"
 139      60FD77B0 
 139      FA7F8F11 
 139      F66B11BC 
 139      F0
 140 0297 8A10CD43 		.ascii	"\212\020\315C\207\350\\\335\266.\214\345M\0355\360\274"
 140      87E85CDD 
 140      B62E8CE5 
 140      4D1D35F0 
 140      BC
 141 02a8 373E79DA 		.ascii	"7>y\332K\247r\014\235a\022\222\370\030\236\370\276\303"
 141      4BA7720C 
 141      9D611292 
 141      F8189EF8 
 141      BEC3
 142 02ba AD9B4CE4 		.ascii	"\255\233L\344\020\177\023~\030\354\367\016\343#,\322"
 142      107F137E 
 142      18ECF70E 
 142      E3232CD2 
 143 02ca E9EE3DB2 		.ascii	"\351\356=\262\306\310G8\012Y\227}Y\275 \"0^\252G\015"
 143      C6C84738 
 143      0A59977D 
 143      59BD2022 
 143      305EAA47 
 144 02df 8B11A015 		.ascii	"\213\021\240\025\303\267\320\036\036FNc\374\234\016"
 144      C3B7D01E 
 144      1E464E63 
 144      FC9C0E
 145 02ee A2F287E0 		.ascii	"\242\362\207\340x\035\332\365\273=\264~mH\352\220\226"
 145      781DDAF5 
 145      BB3DB47E 
 145      6D48EA90 
 145      96
 146 02ff DD18FF70 		.ascii	"\335\030\377p\355-\357\274b 'ya\006<\025w\245\220\302"
 146      ED2DEFBC 
 146      62202779 
 146      61063C15 
 146      77A590C2 
 147 0313 241C6085 		.ascii	"$\034`\2059\206\246G4\3236\2550/\3238:\004\015\014r"
 147      3986A647 
 147      34D336AD 
 147      302FD338 
 147      3A040D0C 
 148 0328 F748E772 		.ascii	"\367H\347r=+\015uu\200\227fe\303\303\2660\236\255\036"
 148      3D2B0D75 
 148      75809766 
ARM GAS  /tmp/ccm3skte.s 			page 11


 148      65C3C3B6 
 148      309EAD1E 
 149 033c C5B51717 		.ascii	"\305\265\027\027\372\214\244\223W\342\233\012\337e#"
 149      FA8CA493 
 149      57E29B0A 
 149      DF6523
 150 034b E9E1C2A9 		.ascii	"\351\341\302\251\207\307\257\207\223\233\\xzmI\007p"
 150      87C7AF87 
 150      939B5C78 
 150      7A6D4907 
 150      70
 151 035c 2B138AB3 		.ascii	"+\023\212\263\032:\312\207\361\032u\323\307\003\263"
 151      1A3ACA87 
 151      F11A75D3 
 151      C703B3
 152 036b FB2B22C8 		.ascii	"\373+\"\310m\206\325}\265\252\275\016`4\036\303c\326"
 152      6D86D57D 
 152      B5AABD0E 
 152      60341EC3 
 152      63D6
 153 037d 53BAF872 		.ascii	"S\272\370r\214l,i+V+\233\201M\347\031\314\252\023\206"
 153      8C6C2C69 
 153      2B562B9B 
 153      814DE719 
 153      CCAA1386 
 154 0391 6BEFC209 		.ascii	"k\357\302\0116\341\361x\022\270E_\203ym\255\252\316"
 154      36E1F178 
 154      12B8455F 
 154      83796DAD 
 154      AACE
 155 03a3 D131EA27 		.ascii	"\3211\352'\375\370`\302\026\012o\005\015\177\247\301"
 155      FDF860C2 
 155      160A6F05 
 155      0D7FA7C1 
 156 03b3 BC663BD6 		.ascii	"\274f;\326E\307\246\340\224\037\357\237\034\313K\316"
 156      45C7A6E0 
 156      941FEF9F 
 156      1CCB4BCE 
 157 03c3 9F3798AB 		.ascii	"\2377\230\253\352Tu\276\216\221i\177\231\014\203\327"
 157      EA5475BE 
 157      8E91697F 
 157      990C83D7 
 158 03d3 30E7E5B4 		.ascii	"0\347\345\264#e\252:A\022\3404>\377\221\361\244h\254"
 158      2365AA3A 
 158      4112E034 
 158      3EFF91F1 
 158      A468AC
 159 03e6 35FEB2C4 		.ascii	"5\376\262\304@\007\214\206s\270\316\343:\013\243\331"
 159      40078C86 
 159      73B8CEE3 
 159      3A0BA3D9 
 160 03f6 26CAFB78 		.ascii	"&\312\373x\241\301\274\212N\000\242\205\300[\316\233"
 160      A1C1BC8A 
 160      4E00A285 
 160      C05BCE9B 
 161 0406 BFFCE72B 		.ascii	"\277\374\347+\271\344!\357}Y\375\301A3\304\014\3476"
 161      B9E421EF 
ARM GAS  /tmp/ccm3skte.s 			page 12


 161      7D59FDC1 
 161      4133C40C 
 161      E736
 162 0418 C71ACDD8 		.ascii	"\307\032\315\330z\000\037F\350\322ZO]\014M\006. \207"
 162      7A001F46 
 162      E8D25A4F 
 162      5D0C4D06 
 162      2E2087
 163 042b D7F1C190 		.ascii	"\327\361\301\220\373\317\024\357\215\014\335[|!\031"
 163      FBCF14EF 
 163      8D0CDD5B 
 163      7C2119
 164 043a 0BD01DDC 		.ascii	"\013\320\035\334[\036m\\\255\032\331\314\240\016\216"
 164      5B1E6D5C 
 164      AD1AD9CC 
 164      A00E8E
 165 0449 F399D9FA 		.ascii	"\363\231\331\372U\367\332\010l\367\273\370:\261\327"
 165      55F7DA08 
 165      6CF7BBF8 
 165      3AB1D7
 166 0458 E754F76A 		.ascii	"\347T\367j\003\227\325\377\240|\341XW\263\204\362t\003"
 166      0397D5FF 
 166      A07CE158 
 166      57B384F2 
 166      7403
 167 046a 7C4E5FC9 		.ascii	"|N_\311\233UK%\262\210\260\311iZ\346\365D\242C\370\031"
 167      9B554B25 
 167      B288B0C9 
 167      695AE6F5 
 167      44A243F8 
 168 047f F3B94CA3 		.ascii	"\363\271L\243\241\262\177O\371F37\370\007\212\255\363"
 168      A1B27F4F 
 168      F9463337 
 168      F8078AAD 
 168      F3
 169 0490 D694E848 		.ascii	"\326\224\350H\02578U\324\276M\244\006\327\320\340*R"
 169      15373855 
 169      D4BE4DA4 
 169      06D7D0E0 
 169      2A52
 170 04a2 BCC249EC 		.ascii	"\274\302I\354\352\273\366$\202\333\374\023\305\3135"
 170      EABBF624 
 170      82DBFC13 
 170      C5CB35
 171 04b1 E73B4DE4 		.ascii	"\347;M\344;n\363\254to\035\335\021\341&\332\334@\233"
 171      3B6EF3AC 
 171      746F1DDD 
 171      11E126DA 
 171      DC409B
 172 04c4 EBDCE644 		.ascii	"\353\334\346DE\177\261\310m\376E\267\205\252\037\357"
 172      457FB1C8 
 172      6DFE45B7 
 172      85AA1FEF 
 173 04d4 8491366E 		.ascii	"\204\2216n\343Y\322\364<\202\332\334A\233\333hs\213"
 173      E359D2F4 
 173      3C82DADC 
 173      419BDB68 
ARM GAS  /tmp/ccm3skte.s 			page 13


 173      738B
 174 04e6 DB34D695 		.ascii	"\3334\326\225\364\003\267\3717\212G*\037\234\221\310"
 174      F403B7F9 
 174      378A472A 
 174      1F9C91C8 
 175 04f6 456EB378 		.ascii	"En\263x\307\312\323\204\332\334C\233^\264\271\313mJ"
 175      C7CAD384 
 175      DADC439B 
 175      5EB4B9CB 
 175      6D4A
 176 0508 BC5B7B0C 		.ascii	"\274[{\014\244\237\203.\316o\356`d\036 (6\032\356s\314"
 176      A49F832E 
 176      CE6FEE60 
 176      641E2028 
 176      361AEE73 
 177 051d A2CDCDCB 		.ascii	"\242\315\315\313\011)\225\030\306{\343\322\"\346\350"
 177      09299518 
 177      C67BE3D2 
 177      22E6E8
 178 052c BF88F920 		.ascii	"\277\210\371 \032\0362\214\270\277nI[$\350c\346\322"
 178      1A1E328C 
 178      B8BF6E49 
 178      5B24E863 
 178      E6D2
 179 053e 56F7CE9A 		.ascii	"V\367\316\232\251m\177\002\364\203\236u\371\021v\271"
 179      A96D7F02 
 179      F4839E75 
 179      F91176B9 
 180 054e 0F24E8C1 		.ascii	"\017$\350\301\360\227\202\373M\337\005\035\376\214S"
 180      F09782FB 
 180      4DDF051D 
 180      FE8C53
 181 055d D04BC3B6 		.ascii	"\320K\303\266\262\277\376\260\221T\262\260bu\351\274"
 181      B2BFFEB0 
 181      9154B2B0 
 181      6275E9BC 
 182 056d 4AE390FE 		.ascii	"J\343\220\376\341)\272}M\010\237\201\206x\202\240\307"
 182      E129BA7D 
 182      4D089F81 
 182      867882A0 
 182      C7
 183 057e DA6CD288 		.ascii	"\332l\322\210,PG\275o\2254\242\202}Ox\324(\221\001\003"
 183      2C5047BD 
 183      6F9534A2 
 183      827D4F78 
 183      D4289101 
 184 0593 6FAC0003 		.ascii	"o\254\000\0030\002\317\027A\342h\317\255\253s\303GU"
 184      3002CF17 
 184      41E268CF 
 184      ADAB73C3 
 184      4755
 185 05a5 AA95DDAA 		.ascii	"\252\225\335\252\327WBVy\016\341\366\000\023(\014\266"
 185      D7574256 
 185      790EE1F6 
 185      0013280C 
 185      B6
 186 05b6 68DEF116 		.ascii	"h\336\361\026\317U8\256\260\031g]\200g0\212n\347\365"
ARM GAS  /tmp/ccm3skte.s 			page 14


 186      CF5538AE 
 186      B019675D 
 186      8067308A 
 186      6EE7F5
 187 05c9 8D256164 		.ascii	"\215%ad\200\327\362h\315\365\005:\342\011cB\355\252"
 187      80D7F268 
 187      CDF5053A 
 187      E2096342 
 187      EDAA
 188 05db 2B6DE1B4 		.ascii	"+m\341\264\260\203\324\222ifz7\233I\021\177\274~\343"
 188      B083D492 
 188      69667A37 
 188      9B49117F 
 188      BC7EE3
 189 05ee DA93ACE9 		.ascii	"\332\223\254\3513E\"\200*J\241_<\323~\371\3053\215\377"
 189      33452280 
 189      2A4AA15F 
 189      3CD37EF9 
 189      C5338DFF 
 190 0602 5E6C787C 		.ascii	"^lx|\267\336D\312\230\017\261\275\351\366E}p\273\036"
 190      B7DE44CA 
 190      980FB1BD 
 190      E9F6457D 
 190      70BB1E
 191 0615 DCFAFEEE 		.ascii	"\334\372\376\356\253\013TU\202y\242\001\346\210A\352"
 191      AB0B5455 
 191      8279A201 
 191      E68841EA 
 192 0625 D35EF955 		.ascii	"\323^\371U3W\214\241\216\331v=[\214\006\217\310\266"
 192      33578CA1 
 192      8ED9763D 
 192      5B8C068F 
 192      C8B6
 193 0637 EBB5CD77 		.ascii	"\353\265\315wg\232\330\253G=\361/\216\212S3\213\010"
 193      679AD8AB 
 193      473DF12F 
 193      8E8A5333 
 193      8B08
 194 0649 D3E13816 		.ascii	"\323\3418\026q\272W\006*\272E\246\3130\301|\256;\343"
 194      71BA5706 
 194      2ABA45A6 
 194      CB30C17C 
 194      AE3BE3
 195 065c 29EE8B7C 		.ascii	")\356\213|\357I\330:U\317\222nZq}\207\3040\013\304\367"
 195      EF49D83A 
 195      55CF926E 
 195      5A717D87 
 195      C4300BC4 
 196 0671 98A6EF52 		.ascii	"\230\246\357R\311\342p2\300\313po\335\203M:Z\206\022"
 196      C9E27032 
 196      C0CB706F 
 196      DD834D3A 
 196      5A8612
 197 0684 E45B8C2E 		.ascii	"\344[\214.\250\362\341O+\032\303\310l\035CT/\333p\202"
 197      A8F2E14F 
 197      2B1AC3C8 
 197      6C1D4354 
ARM GAS  /tmp/ccm3skte.s 			page 15


 197      2FDB7082 
 198 0698 D5B19416 		.ascii	"\325\261\224\026j!\217\322\343\331\271\346\205\026#"
 198      6A218FD2 
 198      E3D9B9E6 
 198      851623
 199 06a7 017F87A1 		.ascii	"\001\177\207\241\014!P.\322&\177!\372\233<P\335\345"
 199      0C21502E 
 199      D2267F21 
 199      FA9B3C50 
 199      DDE5
 200 06b9 A54DEEAE 		.ascii	"\245M\356\256T\275W[\337o\332>\327{BUI\357\333\024\010"
 200      54BD575B 
 200      DF6FDA3E 
 200      D77B4255 
 200      49EFDB14 
 201 06ce CF036D86 		.ascii	"\317\003m\206Y\242D%\376\025\273H\244\035\356<\335R"
 201      59A24425 
 201      FE15BB48 
 201      A41DEE3C 
 201      DD52
 202 06e0 2A866E58 		.ascii	"*\206nX\324B\333\260\026\213l\303b\327\337d\026\344"
 202      D442DBB0 
 202      168B6CC3 
 202      62D7DF64 
 202      16E4
 203 06f2 D9B21D05 		.ascii	"\331\262\035\005\266,\331\356\310\313Td\233\303\351"
 203      B62CD9EE 
 203      C8CB5464 
 203      9BC3E9
 204 0701 506CD9E3 		.ascii	"Pl\331\343\022\364\223R3F&\305\307\013\006\233\255\320"
 204      12F49352 
 204      334626C5 
 204      C70B069B 
 204      ADD0
 205 0713 E154C625 		.ascii	"\341T\306%\330\224,K\216+O\266|*\313\237\310\316,\213"
 205      D8942C4B 
 205      8E2B4FB6 
 205      7C2ACB9F 
 205      C8CE2C8B 
 206 0727 2B5FB17C 		.ascii	"+_\261|l\267\307\242\217X\247\313)\307\312\2313\034"
 206      6CB7C7A2 
 206      8F58A7CB 
 206      29C7CA99 
 206      331C
 207 0739 B1E36313 		.ascii	"\261\343c\023>\214\377C\354\337\342c\013\363\263\320"
 207      3E8CFF43 
 207      ECDFE263 
 207      0BF3B3D0 
 208 0749 A3E585C7 		.ascii	"\243\345\205\307\026\207\323\236[\230%[\3622\3559\016"
 208      1687D39E 
 208      5B98255B 
 208      F232ED39 
 208      0E
 209 075a A76CC1C8 		.ascii	"\247l\301\310\331\231\205\271\212M\371,_v\307\345\010"
 209      D99985B9 
 209      8A4DF92C 
 209      5F76C7E5 
ARM GAS  /tmp/ccm3skte.s 			page 16


 209      08
 210 076b FA40B43F 		.ascii	"\372@\264?\377\212\321\334\237\271-6\267\222\205\256"
 210      FF8AD1DC 
 210      9FB92D36 
 210      B79285AE 
 211 077b 31444476 		.ascii	"1DDv\256+\223\305H\210\213\263$\3458f8\246Y-.\267\305"
 211      AE2B93C5 
 211      48888BB3 
 211      24E53866 
 211      38A6592D 
 212 0792 EECACB73 		.ascii	"\356\312\313s9-\362\337\025KR\212u\2125hO\313\204\345"
 212      392DF2DF 
 212      154B528A 
 212      758A3568 
 212      4FCB84E5 
 213 07a6 C9A1C6BC 		.ascii	"\311\241\306\274\036\177\264)\341\376\253\277B\361\343"
 213      1E7FB429 
 213      E1FEABBF 
 213      42F1E3
 214 07b5 6D8A3E70 		.ascii	"m\212>p\023\236\237\344\222\263\263\335\341\316\302"
 214      139E9FE4 
 214      92B3B3DD 
 214      E1CEC2
 215 07c4 BCF4CC7C 		.ascii	"\274\364\314|7\244\350\362\255\012\022\374"
 215      37A4E8F2 
 215      AD0A12FC 
 216 07d0 ED101577 		.ascii	"\355\020\025w+\231N\273L\253\376vbZ\212-%1}\262-=\331"
 216      2B994EBB 
 216      4CABFE76 
 216      625A8A2D 
 216      25317DB2 
 217 07e7 9A6E9B98 		.ascii	"\232n\233\2308ejFZ\362\033A\255uJ\352\244\214\251\211"
 217      38656A46 
 217      5AF21B41 
 217      AD754AEA 
 217      A48CA989 
 218 07fb 69C3829A 		.ascii	"i\303\202\232\324\304\324)\251\023\337\011A\374%\331"
 218      D4C4D429 
 218      A913DF09 
 218      41FC25D9 
 219 080b 9632C58A 		.ascii	"\2262\305\212B\322d\315\335\324\344\324IxINK\233\226"
 219      42D264CD 
 219      DDD4E4D4 
 219      4978494E 
 219      4B9B96
 220 081e F66E509B 		.ascii	"\366nP\233\2306)#%95\235\353\2434'\031II\311V\253\201"
 220      98362923 
 220      2539359D 
 220      EBA33427 
 220      194949C9 
 221 0835 7245724A 		.ascii	"rErJ\241{:\026\212\326\212U\205\237\377d\235n\233\352"
 221      A17B3A16 
 221      8AD68A55 
 221      859FFF64 
 221      9D6E9BEA 
 222 0849 9861B1BA 		.ascii	"\230a\261\272\012\013\354\262e\242#W\221\013\034\316"
 222      0A0BECB2 
ARM GAS  /tmp/ccm3skte.s 			page 17


 222      65A22357 
 222      910B1CCE 
 223 0859 8F27163A 		.ascii	"\217'\026:\355\212\303\345t[^9\\qvA\227'\347\271eE\312"
 223      ED8AC3E5 
 223      745B5E39 
 223      5C717641 
 223      9727E7B9 
 224 0870 9533B3C3 		.ascii	"\2253\263\303\235.%\247\300\365\251\316\355\370\\\266"
 224      9D2E25A7 
 224      C0F5A9CE 
 224      EDF85CB6 
 225 0880 2933FEAF 		.ascii	")3\376\257\306\347\"\025\204\2754\000\343\343\306\305"
 225      C6E72215 
 225      84BD3400 
 225      E3E3C6C5 
 226 0890 C56B63A0 		.ascii	"\305kc\240d\341\270a\023!><\3339\322\235/\3331\266\323"
 226      64E1B861 
 226      13213E3C 
 226      DB39D29D 
 226      2FDB31B6 
 227 08a5 59989B9B 		.ascii	"Y\230\233\233\376kN\233B\353\200a\376\007\277)|\177"
 227      FE6B4E9B 
 227      42EB8061 
 227      FE07BF29 
 227      7C7F
 228              		.text
 229              		.section	.gnu.lto_.symtab.f78d69dbba9ce32,"",%progbits
 230 0000 61726D5F 		.ascii	"arm_fir_decimate_init_f32\000"
 230      6669725F 
 230      64656369 
 230      6D617465 
 230      5F696E69 
 231 001a 00       		.ascii	"\000"
 232 001b 00       		.ascii	"\000"
 233 001c 00       		.ascii	"\000"
 234 001d 00000000 		.ascii	"\000\000\000\000\000\000\000\000"
 234      00000000 
 235 0025 FD000000 		.ascii	"\375\000\000\000"
 236              		.text
 237              		.section	.gnu.lto_.opts,"",%progbits
 238 0000 272D666D 		.ascii	"'-fmath-errno' '-fsigned-zeros' '-ftrapping-math' '"
 238      6174682D 
 238      6572726E 
 238      6F272027 
 238      2D667369 
 239 0033 2D666E6F 		.ascii	"-fno-trapv' '-fno-openmp' '-fno-openacc' '-mcpu=cor"
 239      2D747261 
 239      70762720 
 239      272D666E 
 239      6F2D6F70 
 240 0066 7465782D 		.ascii	"tex-m4' '-mfloat-abi=hard' '-mfpu=fpv4-sp-d16' '-mn"
 240      6D342720 
 240      272D6D66 
 240      6C6F6174 
 240      2D616269 
 241 0099 6F2D7468 		.ascii	"o-thumb-interwork' '-mthumb' '-ggdb' '-O2' '-fomit-"
 241      756D622D 
ARM GAS  /tmp/ccm3skte.s 			page 18


 241      696E7465 
 241      72776F72 
 241      6B272027 
 242 00cc 6672616D 		.ascii	"frame-pointer' '-falign-functions=16' '-ffunction-s"
 242      652D706F 
 242      696E7465 
 242      72272027 
 242      2D66616C 
 243 00ff 65637469 		.ascii	"ections' '-fdata-sections' '-fno-common' '-flto' '-"
 243      6F6E7327 
 243      20272D66 
 243      64617461 
 243      2D736563 
 244 0132 6673696E 		.ascii	"fsingle-precision-constant'\000"
 244      676C652D 
 244      70726563 
 244      6973696F 
 244      6E2D636F 
 245              		.text
 246              		.comm	__gnu_lto_v1,1,1
 247              		.comm	__gnu_lto_slim,1,1
 248              		.ident	"GCC: (GNU Tools for ARM Embedded Processors 6-2017-q1-update) 6.3.1 20170215 (release) [AR
ARM GAS  /tmp/ccm3skte.s 			page 19


DEFINED SYMBOLS
                            *ABS*:0000000000000000 arm_fir_decimate_init_f32.c
                            *COM*:0000000000000001 __gnu_lto_v1
                            *COM*:0000000000000001 __gnu_lto_slim

NO UNDEFINED SYMBOLS
