ARM GAS  /tmp/ccZac0S1.s 			page 1


   1              		.cpu cortex-m4
   2              		.eabi_attribute 27, 1
   3              		.eabi_attribute 28, 1
   4              		.eabi_attribute 20, 1
   5              		.eabi_attribute 21, 1
   6              		.eabi_attribute 23, 3
   7              		.eabi_attribute 24, 1
   8              		.eabi_attribute 25, 1
   9              		.eabi_attribute 26, 1
  10              		.eabi_attribute 30, 2
  11              		.eabi_attribute 34, 1
  12              		.eabi_attribute 18, 4
  13              		.file	"board.c"
  14              		.text
  15              	.Ltext0:
  16              		.section	.gnu.lto_.profile.133af76eb5841e04,"",%progbits
  17 0000 789C6365 		.ascii	"x\234ce`b`a```d\340c\006\000\000\237\000\036"
  17      60626061 
  17      60606064 
  17      E0630600 
  17      009F001E 
  18              		.text
  19              		.section	.gnu.lto_.icf.133af76eb5841e04,"",%progbits
  20 0000 789C6365 		.ascii	"x\234ce`b\020a@\000f\206\256\177G\27613v|\231\267\221"
  20      60621061 
  20      40006686 
  20      AE7F47BE 
  20      3133767C 
  21 0017 9BE9FCAE 		.ascii	"\233\351\374\256\015\177x\030\000e:\011~"
  21      0D7F7818 
  21      00653A09 
  21      7E
  22              		.text
  23              		.section	.gnu.lto_.jmpfuncs.133af76eb5841e04,"",%progbits
  24 0000 789C6365 		.ascii	"x\234ce`b\340d@\000&\020\301\010\304\000\001\227\000"
  24      6062E064 
  24      40002610 
  24      C108C400 
  24      019700
  25 0013 14       		.ascii	"\024"
  26              		.text
  27              		.section	.gnu.lto_.inline.133af76eb5841e04,"",%progbits
  28 0000 789C6365 		.ascii	"x\234ce`b\320f@\000&\006\006\026\036F\020\305\300\266"
  28      6062D066 
  28      40002606 
  28      06161E46 
  28      10C5C0B6 
  29 0014 401E4431 		.ascii	"@\036D10r\201\010\006f&Ta\006\000-\355\001\352"
  29      30728108 
  29      06662654 
  29      6106002D 
  29      ED01EA
  30              		.text
  31              		.section	.gnu.lto_.pureconst.133af76eb5841e04,"",%progbits
  32 0000 789C6365 		.ascii	"x\234ce`b`e`\000\222\022\214\014\000\000\345\000("
  32      60626065 
  32      60009212 
ARM GAS  /tmp/ccZac0S1.s 			page 2


  32      8C0C0000 
  32      E50028
  33              		.text
  34              		.section	.gnu.lto___early_init.133af76eb5841e04,"",%progbits
  35 0000 789C6365 		.ascii	"x\234ce`bX\312\300\300`\006\304\322@\314\310\314\300"
  35      606258CA 
  35      C0C06006 
  35      C4D240CC 
  35      C8CCC0
  36 0013 C834E11C 		.ascii	"\3104\341\034\003C#\007\023##\210\321\300\301\310P\317"
  36      03432307 
  36      13232388 
  36      D1C0C1C8 
  36      50CF
  37 0025 C458CFD8 		.ascii	"\304X\317\330\317<\235\231\361P\373\263\235L\232\313"
  37      CF3C9D99 
  37      F150FBB3 
  37      9D4C9ACB 
  38 0035 1B80E0C0 		.ascii	"\033\200\340\300\364mlm\015\255\022\363\231\031\030"
  38      F46D6C6D 
  38      0DAD12F3 
  38      991918
  39 0044 66023108 		.ascii	"f\0021\0100.g\324d\000*{\264\361\337T^6\026\2108\343"
  39      302E67D4 
  39      64002A7B 
  39      B4F1DF54 
  39      5E361688 
  40 005a 0A463646 		.ascii	"\012F6F \275\376\022\343\201\206\177\377\333\033\016"
  40      20BDFE12 
  40      E381867F 
  40      FFDB1B0E 
  41 006a 9C59CCB8 		.ascii	"\234Y\314\270\327\015(\325\005\304 ;\272\231\231@4\363"
  41      D70D28D5 
  41      05C4203B 
  41      BA999940 
  41      34F3
  42 007c 6BC6E605 		.ascii	"k\306\346\005\337{\230A\032@\246\354\334\371\3466{\375"
  42      DF7B9841 
  42      1A40A6EC 
  42      DCF9E636 
  42      7BFD
  43 008e DF068EF9 		.ascii	"\337\006\216\371\314\2143\231\201F0\256d\254g\230\017"
  43      CC8C3399 
  43      814630AE 
  43      64AC6798 
  43      0F
  44 009f 54FC96B1 		.ascii	"T\374\226\261i\301\357\036F\260B\020\350\002\312\002"
  44      69C1EF1E 
  44      46B04210 
  44      E802CA02 
  45 00af 0D606260 		.ascii	"\015`b`0\321\323\323w\316\310L\312\364\017\326\317/"
  45      30D1D3D3 
  45      77CEC84C 
  45      CAF40FD6 
  45      CF2F
  46 00c1 D6CF48CC 		.ascii	"\326\317H\314\321O\312O,J)\326\017\016\211\367\013u"
  46      D14FCA4F 
ARM GAS  /tmp/ccZac0S1.s 			page 3


  46      2C4A29D6 
  46      0F0E89F7 
  46      0B75
  47 00d3 F671F537 		.ascii	"\366q\36573\211w311\013r\205\310\350%3\000\000\345\223"
  47      33897733 
  47      31310B72 
  47      85C8E825 
  47      330000E5 
  48 00e8 4851     		.ascii	"HQ"
  49              		.text
  50              		.section	.gnu.lto_boardInit.133af76eb5841e04,"",%progbits
  51 0000 789C6365 		.ascii	"x\234ce`b\250d``0\003bi fdf`d\232p\216\201\241\221\203"
  51      6062A864 
  51      60603003 
  51      62692066 
  51      64666064 
  52 001b 899111C4 		.ascii	"\211\221\021\304h\340`d\250gb\254g\354g\236\316\314"
  52      68E06064 
  52      A86762AC 
  52      67EC679E 
  52      CECC
  53 002d 78A8FDD9 		.ascii	"x\250\375\331N&\315\345\015@p`\372\004\256\266\206V"
  53      4E26CDE5 
  53      0D407060 
  53      FA04AEB6 
  53      8656
  54 003f 89F9CC0C 		.ascii	"\211\371\314\014\0143\201\030\004\030\2273j2\000\225"
  54      0C338118 
  54      04189733 
  54      6A320095 
  55 004f 3DDAF86F 		.ascii	"=\332\370o*/\033\013D\234q\005#\033#\220^\177\211\361"
  55      2A2F1B0B 
  55      449C7105 
  55      231B2390 
  55      5E7F89F1 
  56 0063 40C3BFFF 		.ascii	"@\303\277\377\355\015\007\276,b\234\354\305\304\300"
  56      ED0D07BE 
  56      2C629CEC 
  56      C5C4C0
  57 0072 D0059406 		.ascii	"\320\005\224\006\331\321\315\314\004\242\231\33726)"
  57      D9D1CDCC 
  57      04A299DF 
  57      323629
  58 0081 805483CD 		.ascii	"\200T\203\315\352bf\004\011\002\225\231\350\351\351"
  58      EA626604 
  58      09029599 
  58      E8E9E9
  59 0090 3B676426 		.ascii	";gd&e\372\007\353\347\027\353g$\346\350'\345'\026\245"
  59      65FA07EB 
  59      E717EB67 
  59      24E6E827 
  59      E52716A5 
  60 00a4 14EB0787 		.ascii	"\024\353\007\207\304\373\205:\373\270\372\233\231\304"
  60      C4FB853A 
  60      FBB8FA9B 
  60      99C4
  61 00b2 BB999898 		.ascii	"\273\231\230\230\005\271Bd\364\222\031\000n\2148\311"
ARM GAS  /tmp/ccZac0S1.s 			page 4


  61      05B94264 
  61      F4921900 
  61      6E8C38C9 
  62              		.text
  63              		.section	.gnu.lto_pal_default_config.133af76eb5841e04,"",%progbits
  64 0000 789CDD92 		.ascii	"x\234\335\222\313J\303@\024\206s2M\257\266}\001\237"
  64      CB4AC340 
  64      14867332 
  64      4DAFB67D 
  64      019F
  65 0012 C027C89B 		.ascii	"\300'\310\233\370\032>B6B\"(\202\227\306U\242P\354\305"
  65      F81A3E42 
  65      36422228 
  65      8297C655 
  65      A250ECC5 
  66 0026 26D5D668 		.ascii	"&\325\326h\255\025\021\021\353F\015\006t!\305\215T\260"
  66      AD151111 
  66      EB460D06 
  66      7421C58D 
  66      54B0
  67 0038 EA4A89A2 		.ascii	"\352J\211\242\361\214'\024\352\242\324\255\263\230\237"
  67      F18C2714 
  67      EAA2D4AD 
  67      B3989F
  68 0047 F3CDE13F 		.ascii	"\363\315\341??3#\011\2420\311\004\001\004Z9\006\366"
  68      3F332309 
  68      A230C904 
  68      01045A39 
  68      06F6
  69 0059 63C34FCF 		.ascii	"c\303O\3171\203!\3042\377\376\361\302\250\014\002\206"
  69      318321C4 
  69      32FFFEF1 
  69      C2A80C02 
  69      86
  70 006a 60D67DF6 		.ascii	"`\326}\366$\002\027%\257$!\272=-\226\373=A\220E\324"
  70      24021725 
  70      AF2421BA 
  70      3D2D96FB 
  70      3D419045 
  71 007f 5BD29A19 		.ascii	"[\322\232\031\331QTS\2312\030\350x\264\016\343:\003"
  71      D9515453 
  71      993218E8 
  71      78B40EE3 
  71      3A03
  72 0091 12114A5C 		.ascii	"\022\021J\\\030\024\271D\240\300E\242\263(\027>\332"
  72      1814B944 
  72      A0C045A2 
  72      B328173E 
  72      DA
  73 00a2 B5F26A84 		.ascii	"\265\362j\204l\275p\322\335e\327\310\216`\2731\304\366"
  73      6CBD70D2 
  73      DD65D7C8 
  73      8E60BB31 
  73      C4F6
  74 00b4 3F797CAE 		.ascii	"?y|\256\034\370\321\376\025%\221\034w:\365\324\010\256"
  74      1CF8D1FE 
  74      1525911C 
ARM GAS  /tmp/ccZac0S1.s 			page 5


  74      773AF5D4 
  74      08AE
  75 00c6 9B435C9D 		.ascii	"\233C\\\235\373\366I\222\\\025\300\272\255]\237\375"
  75      FBF64992 
  75      5C15C0BA 
  75      AD5D9FFD 
  76 00d6 7ACCDA5F 		.ascii	"z\314\332_\223\316\250f.\036z\036N \310\025\264\205"
  76      93CEA866 
  76      2E1E7A1E 
  76      4E20C815 
  76      B485
  77 00e8 44089EF8 		.ascii	"D\010\236\370\024\267R}\210\021\350\374\374\264\371"
  77      14B7527D 
  77      8811E8FC 
  77      FCB4F9
  78 00f7 56E3284B 		.ascii	"V\343(K`z\3153\243\210jNo9\354\261\337\350\247\325\253"
  78      607ACD33 
  78      A3886A4E 
  78      6F39ECB1 
  78      DFE8A7D5 
  79 010c 5FDDB0CB 		.ascii	"_\335\260\313\324\224+\021\321\342\215\345K\203y\367"
  79      D4942B11 
  79      D1E28DE5 
  79      4B8379F7 
  80 011c 06F23628 		.ascii	"\006\3626(\357.\345\335\241\274\016\345\335\246\274"
  80      EF2EE5DD 
  80      A1BC0EE5 
  80      DDA6BC
  81 012b ABB5F3D7 		.ascii	"\253\265\363\327\360\036\0254\027u\026\203&\310:\213"
  81      F01E1534 
  81      17751683 
  81      26C83A8B 
  82 013b 439D4B02 		.ascii	"C\235K\002\266\270$\241\312%\0056\2271\260\270\244\241"
  82      B6B824A1 
  82      CA250536 
  82      9731B0B8 
  82      A4A1
  83 014d C2250365 		.ascii	"\302%\003e\220\005\330\307\355\033\254^\376\327"
  83      9005D8C7 
  83      ED1BAC5E 
  83      FED7
  84              		.text
  85              		.section	.gnu.lto_.symbol_nodes.133af76eb5841e04,"",%progbits
  86 0000 789C6365 		.ascii	"x\234ce`b\360`\000\002\246iL\365\014\014\023\31610\000"
  86      6062F060 
  86      0002A669 
  86      4CF50C0C 
  86      13CE3130 
  87 0015 A95D0D8E 		.ascii	"\251]\015\216@\221\351L\365\214(\"\254S\231\030\032"
  87      4091E94C 
  87      F58C2822 
  87      AC539918 
  87      1A
  88 0026 95808A19 		.ascii	"\225\200\212\031g0\3253\201\245\030\030\032\032\034"
  88      6730D533 
  88      81A51818 
  88      1A1A1C
ARM GAS  /tmp/ccZac0S1.s 			page 6


  89 0035 18189881 		.ascii	"\030\030\230\201p\311\203\177\214\014\000nr\020\266"
  89      70C9837F 
  89      8C0C006E 
  89      7210B6
  90              		.text
  91              		.section	.gnu.lto_.refs.133af76eb5841e04,"",%progbits
  92 0000 789C6365 		.ascii	"x\234ce`b`d\000\002\000\000I\000\011"
  92      60626064 
  92      00020000 
  92      490009
  93              		.text
  94              		.section	.gnu.lto_.decls.133af76eb5841e04,"",%progbits
  95 0000 789CAD56 		.ascii	"x\234\255VkP\023W\024\336\263\033\"\204h\030p:\376p"
  95      6B501357 
  95      14DEB31B 
  95      22846818 
  95      703AFE70 
  96 0014 A68E8395 		.ascii	"\246\216\203\225\037\205\0102\332_V\213\242\266\250"
  96      1F850832 
  96      DA5F568B 
  96      A2B6A8
  97 0023 4C7D74FA 		.ascii	"L}t\372\243\223\211I\224\214!I\223\320\352\364\317\""
  97      A3938949 
  97      948C2149 
  97      93D0EAF4 
  97      CF22
  98 0035 204A7D51 		.ascii	" J}Q\235*V\255\202\243\240\362\020\225\"\276\"*\"\025"
  98      9D2A56AD 
  98      82A3A0F2 
  98      109522BE 
  98      222A2215 
  99 0049 41AC28CA 		.ascii	"A\254(\312\313\027\212\200 h}\214\326\236{\357\306\015"
  99      CB178A80 
  99      20687D8C 
  99      D69E7BEF 
  99      C60D
 100 005b 21EDD499 		.ascii	"!\355\324\231\336\341\333\335\263\347\273\337y\334\223"
 100      DEE1DBDD 
 100      B3E7BBDF 
 100      79DC93
 101 006a 84008EE7 		.ascii	"\204\000\216\347f\2538n\022\317q/8\216{\213K\201\367"
 101      66AB386E 
 101      12CF712F 
 101      388E7B8B 
 101      4B81F7
 102 007d 424E5E02 		.ascii	"BN^\002\242\010Q\202(E\000\342)7x}\003\214\267\010\361"
 102      A2085182 
 102      284500E2 
 102      2937787D 
 102      038CB708 
 103 0092 CC6B3F2F 		.ascii	"\314k?/\355-\345\206.=0\255E\222\015R\014\337\325)i"
 103      ED2DE586 
 103      2E3D30AD 
 103      45920D52 
 103      0CDFD529 
 104 00a7 8F473421 		.ascii	"\217G4!\006\020\032D=\342\032\342*\342\012\242\001\321"
 104      06101A44 
ARM GAS  /tmp/ccZac0S1.s 			page 7


 104      3DE21AE2 
 104      2AE20AA2 
 104      01D1
 105 00b9 88A84374 		.ascii	"\210\250Ct\220}\210G\210\207\210\007\210nD\017\242\327"
 105      907D8847 
 105      88878807 
 105      886E440F 
 105      A2D7
 106 00cb 4F0CB2B6 		.ascii	"O\014\262\266\010P\226Y\265C\335\012\315\200yC\010\313"
 106      08509659 
 106      B543DD0A 
 106      CD807943 
 106      08CB
 107 00dd 0AD81528 		.ascii	"\012\330\025(\250\371\326\263\000\350{|\313sR1\236W"
 107      A8F9D6B3 
 107      00E87B7C 
 107      CB735231 
 107      9E57
 108 00ef E0D921D9 		.ascii	"\340\331!\331\274d\362\222$\375\2236\203\227\"s\263"
 108      BC64F292 
 108      24FD9336 
 108      83972273 
 108      B3
 109 0100 489EC57A 		.ascii	"H\236\305z\303\036\3506i+\000/\007\000\360\336\340%"
 109      C31EE836 
 109      692B002F 
 109      0700F0DE 
 109      E025
 110 0112 C8D296FC 		.ascii	"\310\322\226\374\357\362\343\344\342\300S}\367\332\201"
 110      EFF2E3E4 
 110      E2C0537D 
 110      F7DA81
 111 0121 5F156DD0 		.ascii	"_\025m\320\002\020\314\355\232\012\364\335\223\236\015"
 111      0210CCED 
 111      9A0AF4DD 
 111      939E0D
 112 0130 9735020F 		.ascii	"\2275\002\017\344\271\355e~|\324A\221\255\300\017\345"
 112      E4B9ED65 
 112      7E7CD441 
 112      91ADC00F 
 112      E5
 113 0141 B69D7FFB 		.ascii	"\266\235\177\373\334\255Y/@\250\012x4\033\372.\355\010"
 113      DCAD592F 
 113      40A80A78 
 113      341BFA2E 
 113      ED08
 114 0153 4673A40A 		.ascii	"Fs\244\012B\320|\221z\355\214j\324\317tW\232\030\302"
 114      42D07C91 
 114      7AED8C6A 
 114      D4CF7457 
 114      9A18C2
 115 0166 C3A20FE0 		.ascii	"\303\242\017\340 \214\206\0030\032\203\027\302(\274"
 115      208C8603 
 115      301A8317 
 115      C228BC
 116 0175 2E5630A5 		.ascii	".V0\245\375}\207\263\203\307\356\022w\265\213\356\013"
 116      FD7D87B3 
ARM GAS  /tmp/ccZac0S1.s 			page 8


 116      83C7EE12 
 116      77B58BEE 
 116      0B
 117 0186 773FBA5D 		.ascii	"w?\272]*\212\031\270MAhP\000H\200(\2222>\3425\037\332"
 117      2A8A19B8 
 117      4D416850 
 117      00488028 
 117      92323EE2 
 118 019d 00F6412B 		.ascii	"\000\366A+\026T\004cq\373\245\216\226\037\20494\331"
 118      16540463 
 118      71FBA58E 
 118      961F8439 
 118      34D9
 119 01af 2D350539 		.ascii	"-5\0059JT*A\245\312\210\034\321\275\022ux\252S,\353"
 119      4A542A41 
 119      A5CA881C 
 119      D1BD1275 
 119      78AA532C 
 120 01c4 14FBEA94 		.ascii	"\024\373\352\224P\035\361\341\361f\215\360\025\025*"
 120      501DF1E1 
 120      F1668DF0 
 120      15152A
 121 01d3 CE6BDC3C 		.ascii	"\316k\334<\034\205\332ELiG\370\253\314\252\265\342n"
 121      1C85DA45 
 121      4C6947F8 
 121      ABCCAAB5 
 121      E26E
 122 01e5 A089C321 		.ascii	"\240\211\303!Y\351\020Q\"\017\245T\241\372l\321\237"
 122      59E91051 
 122      220FA554 
 122      A1FA6CD1 
 122      9F
 123 01f6 C1C22F40 		.ascii	"\301\302/@%*Z\236\270\203Y\177\332\001\355\227\335["
 123      252A5A9E 
 123      B883597F 
 123      DA01ED97 
 123      DD5B
 124 0208 AF05B206 		.ascii	"\257\005\262\006\211#H\223k\267\335\035\301\3541h\226"
 124      89234893 
 124      6BB7DD1D 
 124      C1EC3168 
 124      96
 125 0219 9C48EF19 		.ascii	"\234H\357\031\301\350nB/?\331\023\303\314\321^b#%\261"
 125      C1E86E42 
 125      2F3FD913 
 125      C3CCD15E 
 125      622325B1 
 126 022d 81FCD29D 		.ascii	"\201\374\322\235\201\314\235O\354\3167U]\001B\021\213"
 126      81CC9D4F 
 126      ECCE3755 
 126      5D014211 
 126      8B
 127 023e FC38FD7E 		.ascii	"\3748\375~\273\024y\024\232W\322K\266\013\314Tx\035"
 127      BB147914 
 127      9A57D24B 
 127      B60BCC54 
 127      781D
ARM GAS  /tmp/ccZac0S1.s 			page 9


 128 0250 54283BA8 		.ascii	"T(;\250\3465\253v*\205\243lgKu\301\001B\035\257\002"
 128      E635AB76 
 128      2A85A36C 
 128      674B75C1 
 128      01421DAF 
 129 0265 32471AD2 		.ascii	"2G\032\322\211\356c/\207\263W\204\321\260\241\177\317"
 129      89EE632F 
 129      87B35784 
 129      D1B0A17F 
 129      CF
 130 0276 30A182D2 		.ascii	"0\241\202\322\371\234\232\353\225\012\210P\355%\247"
 130      F99C9AEB 
 130      950A8850 
 130      ED25A7
 131 0285 ECEE2D9F 		.ascii	"\354\356-\237\222\323/\212c\340\034\250\240Rn\322x\374"
 131      92D32F8A 
 131      63E01CA8 
 131      A0526ED2 
 131      78FC
 132 0297 AAE1568B 		.ascii	"\252\341V\213\342Jqc\232\0304\213\2032\234\203\2238"
 132      E24A7163 
 132      9A18348B 
 132      83329C83 
 132      9338
 133 02a9 07701622 		.ascii	"\007p\026\"\210.\341\301\031|\351\306\227\030\243`O"
 133      882EE1C1 
 133      197CE9C6 
 133      9718A360 
 133      4F
 134 02ba 76AE52D8 		.ascii	"v\256R\330O\347\217\257:u\353\206\002T\021~\005.\370"
 134      4FE78FAF 
 134      3A75EB86 
 134      0254117E 
 134      052EF8
 135 02cd 1160C9B4 		.ascii	"\021`\311\264]\036[\225A\316\276\012\2239/'\203\271"
 135      5D1E5B95 
 135      41CEBE0A 
 135      93392F27 
 135      83B9
 136 02df B1A1BB53 		.ascii	"\261\241\273S\321\234\312\013\353\004Z\325\266\343O"
 136      D19CCA0B 
 136      EB045AD5 
 136      B6E34F
 137 02ee 6B02584F 		.ascii	"k\002XO\002\321\354\335t\276\226\027\262\231\257\343"
 137      02D1ECDD 
 137      74BE9617 
 137      B299AFE3 
 138 02fe 465A8E52 		.ascii	"FZ\216R\330\302\214\215o\232D\245\360+3\326\365\276"
 138      D8C28C8D 
 138      6F9A44A5 
 138      F02B33D6 
 138      F5BE
 139 0310 D8AD10F6 		.ascii	"\330\255\020\3662\243)\355y\343p\341 5\202V\025\227"
 139      32A329ED 
 139      79E370E1 
 139      20358256 
 139      1597
ARM GAS  /tmp/ccZac0S1.s 			page 10


 140 0322 1F514338 		.ascii	"\037QC8Ya\341\341\021\271$ww\335\343\217\253\373\357"
 140      5961E1E1 
 140      11B92477 
 140      77DDE38F 
 140      ABFBEF
 141 0335 89E24F6A 		.ascii	"\211\342Oj\232\324eL\352\017\010\223\2139A?\032\321"
 141      9AD4654C 
 141      EA0F0893 
 141      8B39413F 
 141      1AD1
 142 0347 78E1D886 		.ascii	"x\341\330\206WSp\202\323\005\312\256\365ek}\310\217"
 142      57537082 
 142      D305CAAE 
 142      F5656B7D 
 142      C88F
 143 0359 3E95C935 		.ascii	">\225\3115\276\344\213T\272\014\274\264\275\350\325"
 143      BEE48B54 
 143      BA0CBCB4 
 143      BDE8D5
 144 0368 BEF453BE 		.ascii	"\276\364S\276\231\334\364b\377\356_\234\262\263I\357"
 144      99DCF462 
 144      FFEE5F9C 
 144      B2B349EF 
 145 0378 378AE254 		.ascii	"7\212\342T\005\007\307\320_N]\204\215\355\207\353xZ"
 145      0507C7D0 
 145      5F4E5D84 
 145      8DED87EB 
 145      785A
 146 038a F5100ED7 		.ascii	"\365\020\016\327\020W\021W\020\015\210FD\035\204\323"
 146      10571157 
 146      100D8846 
 146      441D84D3 
 147 039a 4F128B57 		.ascii	"O\022\213W\343\025\357\222\337\312\275k\251\231%\263"
 147      E315EF92 
 147      DFCABD6B 
 147      A99925B3 
 148 03aa 4FFBAF85 		.ascii	"O\373\257\205\321\331h<>\025\232*\212@h\2344\026\322"
 148      D1D9683C 
 148      3E159A2A 
 148      8A40689C 
 148      3416D2
 149 03bd 57DAE9BF 		.ascii	"W\332\351\277\322\353\225B'=C~O\326\245\262@\010\213"
 149      D2EB9542 
 149      273D437E 
 149      4FD6A5B2 
 149      40088B
 150 03d0 F05713DC 		.ascii	"\360W\023\334\304R\336\247,\026\271\243Z\211\337\241"
 150      C452DEA7 
 150      2C16B9A3 
 150      5A89DFA1 
 151 03e0 D0841B6F 		.ascii	"\320\204\033o\310#I\362\240\341\017\326^h\226>\250\253"
 151      C82349F2 
 151      A0E10FD6 
 151      5E68963E 
 151      A8AB
 152 03f2 C987FAEA 		.ascii	"\311\207\372\352\363\372L\225\360\232\315\327\333\316"
 152      F3FA4C95 
ARM GAS  /tmp/ccZac0S1.s 			page 11


 152      F09ACDD7 
 152      DBCE
 153 0400 A6BC20E6 		.ascii	"\246\274 \346\354#v\326\321My\032!MA\235W;v\247\253"
 153      EC2376D6 
 153      D14D791A 
 153      214D419D 
 153      573B76A7 
 154 0415 99B39ED8 		.ascii	"\231\263\236\330\3537\034>\244\022\262\2303\277c\373"
 154      EB371C3E 
 154      A412B298 
 154      33BF63FB 
 155 0425 7AC9F909 		.ascii	"z\311\371\011\232Gk\313[\003\204l\346k\356o\314\014"
 155      9A476BCB 
 155      5B03846C 
 155      E66BEE6F 
 155      CC0C
 156 0437 16B632A3 		.ascii	"\026\2662\243\370\365\346}8\334\314\3701c\303\232a\302"
 156      F8F5E67D 
 156      38DCCCF8 
 156      3163C39A 
 156      61C2
 157 0449 5E6AA8EE 		.ascii	"^j\250\356<\271\237\253\222\3479<\227\226SU\023\272"
 157      3CB99FAB 
 157      92E7393C 
 157      97965355 
 157      13BA
 158 045b 4914AB27 		.ascii	"I\024\253'\320\202\356aA]x\177\327\242A\003\212\354"
 158      D082EE61 
 158      415D787F 
 158      D7A24103 
 158      8AEC
 159 046d CA84547A 		.ascii	"\312\204TzJ\204\334\352Kn\001\037\366\235/dv\273/\273"
 159      4A84DCEA 
 159      4B6E011F 
 159      F69D2F64 
 159      76BB2FBB 
 160 0481 6DF03813 		.ascii	"m\3608\023\372\3472\375\256/\375\304\020z\245\227\372"
 160      FAE732FD 
 160      AE2FFDC4 
 160      107AA597 
 160      FA
 161 0492 1D5FFA6D 		.ascii	"\035_\372m\377\363|\024\375G\250\253K:\370\307x\360"
 161      FFF37C14 
 161      FD47A8AB 
 161      4B3AF8C7 
 161      78F0
 162 04a4 1D78C89D 		.ascii	"\035x\310\235\210G\210\207\210\007\210nD\017\242W\236"
 162      88478887 
 162      8807886E 
 162      440FA257 
 162      9E
 163 04b5 6992A257 		.ascii	"i\222\242W\375\315\2761o\015Mq\216L?\356K\257\220S\224"
 163      FDCDBE31 
 163      6F0D4D71 
 163      8E4C3FEE 
 163      4BAF9053 
 164 04ca 66FA229B 		.ascii	"f\372\"\233\351\256\3013\315\244:j\275\316\351\276\257"
ARM GAS  /tmp/ccZac0S1.s 			page 12


 164      E9AEC133 
 164      CDA43A6A 
 164      BDCEE9BE 
 164      AF
 165 04db D66F5EA1 		.ascii	"\326o^\241\361\334\317\274\354\316\320\010\205\364\334"
 165      F1DCCFBC 
 165      ECCED008 
 165      85F4DC
 166 04ea F9B5996B 		.ascii	"\371\265\231k\012y\210\010cA\032\353\350\370\366\343"
 166      0A798808 
 166      63411AEB 
 166      E8F8F6E3 
 167 04fa EE3E797C 		.ascii	"\356>y|\273\350\370\372\353\024<\301\006\275o\2630\205"
 167      BBE8F8FA 
 167      EB143CC1 
 167      06BD6FB3 
 167      3085
 168 050c C6737B72 		.ascii	"\306s{rUa\222\342\352\177R\344\376\253\334\372\356["
 168      556192E2 
 168      EA7F52E4 
 168      FEABDCFA 
 168      EE5B
 169 051e 0F82C6E5 		.ascii	"\017\202\306\345\211%n\374-?\253)\300\377\011\202`\000"
 169      89256EFC 
 169      2D3FAB29 
 169      C0FF0982 
 169      6000
 170 0530 450EB322 		.ascii	"E\016\263\"\274N\226\274Y\200\377\326=\205q\344_\237"
 170      BC4E96BC 
 170      5980FFD6 
 170      3D8571E4 
 170      5F9F
 171 0542 17D75BD5 		.ascii	"\027\327[\325\352\254w?<\364\327\337\363\305\302\301"
 171      EAAC773F 
 171      3CF4D7DF 
 171      F3C5C2C1 
 172 0552 33507B7A 		.ascii	"3P{z\200\217\234Z\2473\351\035\226\025:\263\325\354"
 172      808F9C5A 
 172      A733E91D 
 172      96153AB3 
 172      D5EC
 173 0564 0A9C3977 		.ascii	"\012\2349w\341\230\270\350h.6*J\033\227d^l\2367_ksj"
 173      E198B8E8 
 173      682E362A 
 173      4A1B9764 
 173      5E6C9E37 
 174 057c 93F416ED 		.ascii	"\223\364\026\355b\233\336atj\347/\320\315]\030\2270"
 174      629BDE61 
 174      746AE72F 
 174      D0CD5D18 
 174      9730
 175 058e 63DEA458 		.ascii	"c\336\244X]|l\354\244/g0O\224\201\013\242\017\263Q'"
 175      5D7C6CEC 
 175      A42F6730 
 175      4F94810B 
 175      A20FB351 
 176 05a3 C4E94A9E 		.ascii	"\304\351J\236\030\2433Xl\206eT8f\250\236\335\346p\021"
ARM GAS  /tmp/ccZac0S1.s 			page 13


 176      18A33358 
 176      6C866554 
 176      3866A89E 
 176      DDE67011 
 177 05b7 B9391363 		.ascii	"\2719\023c\3305>v\371r\342\321Y,\306\250$.\324\216\217"
 177      D8353E76 
 177      F972E2D1 
 177      592CC6A8 
 177      242ED48E 
 178 05cc 46D3127D 		.ascii	"F\323\022}\212\305\2453\330\254K\314K\225\2113\247\353"
 178      8AC5A533 
 178      D8AC4BCC 
 178      4B958933 
 178      A7EB
 179 05de 5D7A857E 		.ascii	"]z\205~\211\303\242\322\351R\314V\027Fq\031\265I\266"
 179      89C3A2D2 
 179      E952CC56 
 179      17467119 
 179      B549B6
 180 05f1 6493F67B 		.ascii	"d\223\366{\223i\231\311j\324\332\354.\355R\203!R\357"
 180      936999C9 
 180      6AD4DAEC 
 180      2EED5283 
 180      2152EF
 181 0604 488EB4DA 		.ascii	"H\216\264\332\254\246H\223~\2619rRd\314\204\350\311"
 181      ACA64893 
 181      7EB13972 
 181      5264CC84 
 181      E8C9
 182 0616 91DF4647 		.ascii	"\221\337FG\246\330\215z\227I;\310\2555[\015\226\024"
 182      A6D88D7A 
 182      97493BC8 
 182      AD355B0D 
 182      9614
 183 0628 A3499BAC 		.ascii	"\243I\233\2547$\231\255&\355\273\310\256\025v\223\023"
 183      372499AD 
 183      26EDBBC8 
 183      AE157693 
 183      13
 184 0639 D309F444 		.ascii	"\323\011\364D\373\372\177\214\346\\\341\324\352\234"
 184      FBFA7F8C 
 184      E65CE1D4 
 184      EA9C
 185 0647 2E234A63 		.ascii	".#Jc\010\301ft\004\330q\203c\230\315i7\231\214\016\245"
 185      08C16674 
 185      04D87183 
 185      6398CD69 
 185      37998C0E 
 186 065c 8D847704 		.ascii	"\215\204w\004$\333\214&\007);i\362\27772!a\272vf\342"
 186      24DB8C26 
 186      07293B69 
 186      F2BF3732 
 186      2161BA76 
 187 0672 EC79DFC5 		.ascii	"\354y\337\305\320N\332\345n\262\023Yj7\333tN\223+\305"
 187      D04EDAE5 
 187      6EB21359 
 187      6A37DB74 
ARM GAS  /tmp/ccZac0S1.s 			page 14


 187      4E932BC5 
 188 0686 AE732913 		.ascii	"\256s)\023\343I7\225\2113\330m:\273\305\261\333g\354"
 188      E3493795 
 188      8933D86D 
 188      3ABBC5B1 
 188      DB67EC
 189 0699 368DDD66 		.ascii	"6\215\335f\221[P\342\264\2048z\020\177\003\271\302\256"
 189      915B50E2 
 189      B484387A 
 189      107F03B9 
 189      C2AE
 190 06ab 3F       		.ascii	"?"
 191              		.text
 192              		.section	.gnu.lto_.symtab.133af76eb5841e04,"",%progbits
 193 0000 5F5F6561 		.ascii	"__early_init\000"
 193      726C795F 
 193      696E6974 
 193      00
 194 000d 00       		.ascii	"\000"
 195 000e 00       		.ascii	"\000"
 196 000f 00       		.ascii	"\000"
 197 0010 00000000 		.ascii	"\000\000\000\000\000\000\000\000"
 197      00000000 
 198 0018 AE000000 		.ascii	"\256\000\000\000"
 199 001c 626F6172 		.ascii	"boardInit\000"
 199      64496E69 
 199      7400
 200 0026 00       		.ascii	"\000"
 201 0027 00       		.ascii	"\000"
 202 0028 00       		.ascii	"\000"
 203 0029 00000000 		.ascii	"\000\000\000\000\000\000\000\000"
 203      00000000 
 204 0031 B0000000 		.ascii	"\260\000\000\000"
 205 0035 70616C5F 		.ascii	"pal_default_config\000"
 205      64656661 
 205      756C745F 
 205      636F6E66 
 205      696700
 206 0048 00       		.ascii	"\000"
 207 0049 00       		.ascii	"\000"
 208 004a 00       		.ascii	"\000"
 209 004b 00000000 		.ascii	"\000\000\000\000\000\000\000\000"
 209      00000000 
 210 0053 F4000000 		.ascii	"\364\000\000\000"
 211 0057 73746D33 		.ascii	"stm32_clock_init\000"
 211      325F636C 
 211      6F636B5F 
 211      696E6974 
 211      00
 212 0068 00       		.ascii	"\000"
 213 0069 02       		.ascii	"\002"
 214 006a 00       		.ascii	"\000"
 215 006b 00000000 		.ascii	"\000\000\000\000\000\000\000\000"
 215      00000000 
 216 0073 B2000000 		.ascii	"\262\000\000\000"
 217              		.text
 218              		.section	.gnu.lto_.opts,"",%progbits
ARM GAS  /tmp/ccZac0S1.s 			page 15


 219 0000 272D666D 		.ascii	"'-fmath-errno' '-fsigned-zeros' '-ftrapping-math' '"
 219      6174682D 
 219      6572726E 
 219      6F272027 
 219      2D667369 
 220 0033 2D666E6F 		.ascii	"-fno-trapv' '-fno-openmp' '-fno-openacc' '-mcpu=cor"
 220      2D747261 
 220      70762720 
 220      272D666E 
 220      6F2D6F70 
 221 0066 7465782D 		.ascii	"tex-m4' '-mfloat-abi=hard' '-mfpu=fpv4-sp-d16' '-mn"
 221      6D342720 
 221      272D6D66 
 221      6C6F6174 
 221      2D616269 
 222 0099 6F2D7468 		.ascii	"o-thumb-interwork' '-mthumb' '-ggdb' '-O2' '-fomit-"
 222      756D622D 
 222      696E7465 
 222      72776F72 
 222      6B272027 
 223 00cc 6672616D 		.ascii	"frame-pointer' '-falign-functions=16' '-ffunction-s"
 223      652D706F 
 223      696E7465 
 223      72272027 
 223      2D66616C 
 224 00ff 65637469 		.ascii	"ections' '-fdata-sections' '-fno-common' '-flto' '-"
 224      6F6E7327 
 224      20272D66 
 224      64617461 
 224      2D736563 
 225 0132 6673696E 		.ascii	"fsingle-precision-constant'\000"
 225      676C652D 
 225      70726563 
 225      6973696F 
 225      6E2D636F 
 226              		.text
 227              		.comm	__gnu_lto_v1,1,1
 228              		.comm	__gnu_lto_slim,1,1
 229              		.ident	"GCC: (GNU Tools for ARM Embedded Processors 6-2017-q1-update) 6.3.1 20170215 (release) [AR
ARM GAS  /tmp/ccZac0S1.s 			page 16


DEFINED SYMBOLS
                            *ABS*:0000000000000000 board.c
                            *COM*:0000000000000001 __gnu_lto_v1
                            *COM*:0000000000000001 __gnu_lto_slim

NO UNDEFINED SYMBOLS
