ARM GAS  /tmp/ccqbKXIM.s 			page 1


   1              		.cpu cortex-m4
   2              		.eabi_attribute 27, 1
   3              		.eabi_attribute 28, 1
   4              		.eabi_attribute 20, 1
   5              		.eabi_attribute 21, 1
   6              		.eabi_attribute 23, 3
   7              		.eabi_attribute 24, 1
   8              		.eabi_attribute 25, 1
   9              		.eabi_attribute 26, 1
  10              		.eabi_attribute 30, 2
  11              		.eabi_attribute 34, 1
  12              		.eabi_attribute 18, 4
  13              		.file	"chcore_v7m.c"
  14              		.text
  15              	.Ltext0:
  16              		.section	.gnu.lto_.profile.39c40f66fa3e80e9,"",%progbits
  17 0000 789C6365 		.ascii	"x\234ce`b`a```d0W\002\000\001\020\000f"
  17      60626061 
  17      60606064 
  17      30570200 
  17      01100066 
  18              		.text
  19              		.section	.gnu.lto_.icf.39c40f66fa3e80e9,"",%progbits
  20 0000 789C6365 		.ascii	"x\234ce`b\020a@\000f\206\177W\217\374\346a\376=\261"
  20      60621061 
  20      40006686 
  20      7F578FFC 
  20      E661FE3D 
  21 0015 791A1FCB 		.ascii	"y\032\037\313\201e\357\316s1\000\000j\203\011\244"
  21      8165EFCE 
  21      73310000 
  21      6A8309A4 
  22              		.text
  23              		.section	.gnu.lto_.jmpfuncs.39c40f66fa3e80e9,"",%progbits
  24 0000 789C6365 		.ascii	"x\234ce`b\340e@\000f(\301\002\242\001\002|\000\037"
  24      6062E065 
  24      40006628 
  24      C102A201 
  24      027C001F 
  25              		.text
  26              		.section	.gnu.lto_.inline.39c40f66fa3e80e9,"",%progbits
  27 0000 789C6365 		.ascii	"x\234ce`bpg@\000f\006\006!IF\006&\251\003\273\031\031"
  27      60627067 
  27      40006606 
  27      06214946 
  27      0626A903 
  28 0017 D816C833 		.ascii	"\330\026\3103\201\004\231\270\3012<\334@\011\241\013"
  28      810499B8 
  28      C1323CDC 
  28      4009A10B 
  29 0027 3D080916 		.ascii	"=\010\011\026\006.\220\030\317\234H\270\020#\027\210"
  29      062E9018 
  29      CF9C48B8 
  29      10231788 
  30 0037 040026A7 		.ascii	"\004\000&\247\007,"
  30      072C
  31              		.text
ARM GAS  /tmp/ccqbKXIM.s 			page 2


  32              		.section	.gnu.lto_.pureconst.39c40f66fa3e80e9,"",%progbits
  33 0000 789C6365 		.ascii	"x\234ce`b\340b```f\330\305\310\274\213\221e\027#\000"
  33      6062E062 
  33      60606066 
  33      D8C5C8BC 
  33      8B916517 
  34 0016 0C46024D 		.ascii	"\014F\002M"
  35              		.text
  36              		.section	.gnu.lto__port_irq_epilogue.part.0.39c40f66fa3e80e9,"",%progbits
  37 0000 789C9D55 		.ascii	"x\234\235UoLSW\024\277\347\335\327?\224\026\034\331"
  37      6F4C5357 
  37      14BFE7DD 
  37      D73F9416 
  37      1CD9
  38 0012 872DF143 		.ascii	"\207-\361C\371@\014\031\341-3\313>-\313B\262dK\210\013"
  38      F9400C19 
  38      E12D33CB 
  38      3E2DCB42 
  38      B2644B88 
  39 0027 4DF6D56C 		.ascii	"M\366\325l\025\006\231\320\246\255\013\337x\364\017"
  39      150699D0 
  39      A6AD0BDF 
  39      78F40F
  40 0036 9032D14C 		.ascii	"\2202\321L\255\340h\236\223\220\216m \025u\202C\220"
  40      ADE0689E 
  40      93908E6D 
  40      20157582 
  40      4390
  41 0048 3F224E61 		.ascii	"?\"Na\242\3026\335b(\210\310\\\002af3\003v\316}\305"
  41      A2C236DD 
  41      622888C8 
  41      5C026166 
  41      330376CE 
  42 005e 32C56CAE 		.ascii	"2\305l\256I\357{\367\334s\316\357w\356\371\335\373\014"
  42      49EF7BF7 
  42      DC73CEEF 
  42      77EEF9DD 
  42      FB0C
  43 0070 4C62AF9A 		.ascii	"Lb\257\232\030\353f\214\275\205\177010\356\037\303\027"
  43      18EB668C 
  43      BD857F30 
  43      3130EE1F 
  43      C317
  44 0082 2348E229 		.ascii	"#H\342)I\274n\033S-2\215V\016\006\262V\233\345\365\027"
  44      49BC6E1B 
  44      532D328D 
  44      560E06B2 
  44      569BE5F5 
  45 0097 0300BDA8 		.ascii	"\003\000\275\250f`UF\211\313\006\250\202}\3740\207\201"
  45      66605546 
  45      89CB06A8 
  45      827DFC30 
  45      8781
  46 00a9 DA3BDD52 		.ascii	"\332;\335RnL\305_\377\341eS\215\032zA\343\2145\341\237"
  46      6E4CC55F 
  46      FFE16553 
  46      8D1A7A41 
ARM GAS  /tmp/ccqbKXIM.s 			page 3


  46      E38C35E1 
  47 00be 7E10835C 		.ascii	"~\020\203\\\206n\323\361\325C6\243\254\333\341\013\304"
  47      866ED3F1 
  47      D54336A3 
  47      ACDBE10B 
  47      C4
  48 00cf 65CC80F6 		.ascii	"e\314\200\366\253\301\316f\336\3005\016 \343t\361\312"
  48      ABC1CE66 
  48      DEC0350E 
  48      20E374F1 
  48      CA
  49 00e0 9144064D 		.ascii	"\221D\006M%\260\343\364N\375\3609\023\177\005(\303\350"
  49      25B0E3F4 
  49      4EFDF039 
  49      137F0528 
  49      C3E8
  50 00f2 5F7B1399 		.ascii	"_{\023\2319-\252\352W\373\307co\014\265\324\250\373"
  50      392DAAEA 
  50      57FBC763 
  50      6F0CB5D4 
  50      A8FB
  51 0104 ABCD1AE7 		.ascii	"\253\315\032\347\360\025pL\013_\302Vh\203\255:\354\327"
  51      F015704C 
  51      0B5FC256 
  51      6883AD3A 
  51      ECD7
  52 0116 9083319F 		.ascii	"\220\2031\237\354]Y\0261\237\012r\221@\350\242*c\010"
  52      EC5D5916 
  52      319F0A72 
  52      9140E8A2 
  52      2A6308
  53 0129 7BC2BF5D 		.ascii	"{\302\277]\370\367\267\236\232\204u\214\221\227&Z\021"
  53      F8F7B79E 
  53      9A84758C 
  53      9197265A 
  53      11
  54 013a E3FC5331 		.ascii	"\343\374S1:\236\021\343\270\360\017\217\316\034\313"
  54      3A9E11E3 
  54      B8F00F8F 
  54      CE1CCB
  55 0149 E4E5A2A6 		.ascii	"\344\345\242\246\337Vo\205\255I\274\007Z\326\201\200"
  55      DF566F85 
  55      AD49BC07 
  55      5AD68180 
  56 0159 2A6265E8 		.ascii	"*be\350\334\004.\0169\307'@UW\327jU\365\247\355Y[@\224"
  56      DC042E0E 
  56      39C72740 
  56      5557D76A 
  56      55F5A7ED 
  57 0171 2909225C 		.ascii	")\011\"\\\254\313b40\215\033\2148\030M\364f\306\001"
  57      ACCB6234 
  57      308D1B8C 
  57      38184DF4 
  57      66C601
  58 0184 7B1FC69D 		.ascii	"{\037\306\235\247\026\206\271\221\236\274\236K\342y"
  58      A71686B9 
  58      919EBC9E 
ARM GAS  /tmp/ccqbKXIM.s 			page 4


  58      4BE279
  59 0193 0FD4C45C 		.ascii	"\017\324\304\\ nK5\211r\210\036\261T\347\202z\203\017"
  59      206E4B35 
  59      8972881E 
  59      B154E782 
  59      7A830F
  60 01a6 5A503927 		.ascii	"ZP9'\300\330\304aCW\211\006\203.\012\200\22342\346a"
  60      C0D8C461 
  60      43578906 
  60      832E0A80 
  60      933432E6 
  61 01bb F7A07A7A 		.ascii	"\367\240zz\356@\334&,\330m\037\372G\032\"\232\234\035"
  61      EE40DC26 
  61      2CD86D1F 
  61      FA471A22 
  61      9A9C1D
  62 01ce 044D6DB4 		.ascii	"\004Mm\264k\334L)V\246C\2114Y\302\310S\220-\000/Lw\365"
  62      6BDC4C29 
  62      56A64389 
  62      3459C2C8 
  62      53902D00 
  63 01e6 18D102A7 		.ascii	"\030\321\002\247A\216\"\016\203o@f\263\340\267S*\302"
  63      418E220E 
  63      836F4066 
  63      B3E0B753 
  63      2AC2
  64 01f8 222BD26E 		.ascii	"\"+\322ni\313K\301\341\372\355\372\360,\020;\301G'\020"
  64      69CB4BC1 
  64      E1FAEDFA 
  64      F02C103B 
  64      C1472710 
  65 020c 98B23E5E 		.ascii	"\230\262>^C\263\345\235d\015\322\306\032:\250\2063\242"
  65      43B3E59D 
  65      640DD2C6 
  65      1A3AA886 
  65      33A2
  66 021e 866E9D71 		.ascii	"\206n\235q\035\374\033\345\236\307)\237%\312\264\362"
  66      1DFC1BE5 
  66      9EC7299F 
  66      25CAB4F2 
  67 022e AD4EF936 		.ascii	"\255N\3716\021\240|\224\236V\004\315\206\341,A\223 "
  67      11A07C94 
  67      9E5604CD 
  67      86E12C41 
  67      9320
  68 0240 D93CF897 		.ascii	"\331<\370\227j\3338\031\242\234'}\354b=N1\034=\002\315"
  68      6ADB3819 
  68      A29C277D 
  68      EC623D4E 
  68      311C3D02 
  69 0255 35EDD776 		.ascii	"5\355\327v\351.\010@\347\356\3173\261^\203~p\032\327"
  69      E92E0840 
  69      E7EECF33 
  69      B15E837E 
  69      701AD7
  70 0268 D6D632A1 		.ascii	"\326\3262\241\027u\362\317H\231r/\337\215\206,d#y'>"
  70      1775F2CF 
ARM GAS  /tmp/ccqbKXIM.s 			page 5


  70      4899722F 
  70      DF8D862C 
  70      64237927 
  71 027d 6B36528C 		.ascii	"k6R\214\254\307\240\251^\355\213\2315\210\202\306\323"
  71      ACC7A0A9 
  71      5EED8B99 
  71      358882C6 
  71      D3
  72 028e 30319C23 		.ascii	"01\234#\265\241\375\301\304\322I\213\322N;v\264D\343"
  72      B5A1FDC1 
  72      C4D2498B 
  72      D24E3B76 
  72      B444E3
  73 02a1 16E8030D 		.ascii	"\026\350\003\015\032\305\241\206~P\350\344\316>\034"
  73      1AC5A186 
  73      7E50E8E4 
  73      CE3E1C
  74 02b0 4FA36446 		.ascii	"O\243dF\324$\336\013\3471r\036\006z\346\265P\226\316"
  74      D424DE0B 
  74      E731721E 
  74      067AE6B5 
  74      5096CE
  75 02c3 94CE7724 		.ascii	"\224\316w$40n\"\257t!\230\360\317\373:\314\372\264\363"
  75      34306E22 
  75      AF742198 
  75      F0CFFB3A 
  75      CCFAB4F3 
  76 02d7 97809A81 		.ascii	"\227\200\232\201\246\276\330\342\357\351:\003+\014\242"
  76      A6BED8E2 
  76      EFE93A03 
  76      2B0CA2
  77 02e6 E0079214 		.ascii	"\340\007\222\024\356^\272\236\000\244\020\254Vq\347"
  77      EE5EBA9E 
  77      00A410AC 
  77      5671E7
  78 02f5 6D302418 		.ascii	"m0$\030\0001\030\006E\337\267n\203\016Ehd\211\214\346"
  78      00311806 
  78      45DFB76E 
  78      830E4568 
  78      64898CE6 
  79 0309 266BFDCF 		.ascii	"&k\375\317\205]\020i%J;\002\012\246\3223\367\336x^O"
  79      855D1069 
  79      254A3B02 
  79      0AA6D233 
  79      F7DE785E 
  80 031e 6DA28D5C 		.ascii	"m\242\215\\\337XL0\2620\0235\363\010\210z\026f\026\007"
  80      DF584C30 
  80      B2301335 
  80      F308887A 
  80      16661607 
  81 0332 D3930778 		.ascii	"\323\223\007xR\2636\251\375A;]\027\02779\277\243\324"
  81      52B336A9 
  81      FD413B5D 
  81      17173739 
  81      BFA3D4
  82 0345 1313CAD2 		.ascii	"\023\023\312\322?=7\370\343\023\262\234\264\030\310"
  82      3F3D37F8 
ARM GAS  /tmp/ccqbKXIM.s 			page 6


  82      E313B29C 
  82      B418C8
  83 0354 25294DBE 		.ascii	"%)M\276\361\322\204KB\226\337\321\255\011\254\225dy"
  83      F1D2844B 
  83      4296DFD1 
  83      AD09AC95 
  83      6479
  84 0366 4C3BF187 		.ascii	"L;\361\207%\273+)\313\014\362nO\234U\315B\226\227\223"
  84      25BB2B29 
  84      CB0CF26E 
  84      4F9C55CD 
  84      42969793 
  85 037a B2BC75A4 		.ascii	"\262\274u\244\347\240\205dy\205d\211w\000\214\211[\266"
  85      E7A08564 
  85      79856489 
  85      77008C89 
  85      5BB6
  86 038c 25EEBF6C 		.ascii	"%\356\277l\315>\275Q\323c\015\376\317\255\"x\234\202"
  86      CD3EBD51 
  86      D3630DFE 
  86      CFAD2278 
  86      9C82
  87 039e E17B4815 		.ascii	"\341{H\025-h\261\005\010\034\355;\364\242\276)f\014"
  87      2D68B105 
  87      081CED3B 
  87      F4A2BE29 
  87      660C
  88 03b0 E9EEFEF5 		.ascii	"\351\356\376\365\246\251jE\305\3731\263\011\367\210"
  88      A6A96A45 
  88      C5FB31B3 
  88      09F788
  89 03bf C155A8C2 		.ascii	"\301U\250\302\273f\013\233\201\340\315\301!H\271>R\201"
  89      BB660B9B 
  89      81E0CDC1 
  89      2148B93E 
  89      5281
  90 03d1 090B9848 		.ascii	"\011\013\230HnH=\026Y\267\215\343n?\254\215N\035\205"
  90      6E483D16 
  90      59B78DE3 
  90      6E3FAC8D 
  90      4E1D85
  91 03e4 67685C05 		.ascii	"gh\\\0055\356\232h\234\370\236\\\027\212\\'T\207\036"
  91      35EE9A68 
  91      9CF89E5C 
  91      178A5C27 
  91      54871E
  92 03f7 4B18FE5C 		.ascii	"K\030\376\\\023\212\202\301\015dEh\362#\264\373\377"
  92      138A82C1 
  92      0D644568 
  92      F223B4FB 
  92      FF
  93 0408 036D3285 		.ascii	"\003m2\2056\36544j\322\017I4\203\270\\\357\203\244\177"
  93      36F53434 
  93      6AD20F49 
  93      3483B85C 
  93      EF83A47F 
  94 041c 07C3285C 		.ascii	"\007\303(\\4\340L\311\317W\012J\313>(\333\341P\\^\305"
ARM GAS  /tmp/ccqbKXIM.s 			page 7


  94      34E04CC9 
  94      CF570A4A 
  94      CB3E28DB 
  94      E1505C5E 
  95 0431 E92A2F77 		.ascii	"\351*/wU(n\227\307\347U\336,*,(\254T\234\245N\227\247"
  95      55286E97 
  95      C7E755DE 
  95      2C2A2C28 
  95      AC549CA5 
  96 0448 78E7C7AF 		.ascii	"x\347\307\257\225\347;\231\321S\354\335\263\333\267"
  96      95E73B99 
  96      D153ECDD 
  96      B3DBB7
  97 0457 7DD3B0E2 		.ascii	"}\323\260\342J\237RP\350x\333\241\224U8w\357\331U\254"
  97      4A9F5250 
  97      E878DBA1 
  97      94553877 
  97      EFD955AC 
  98 046b 38CBBD65 		.ascii	"8\313\275e\336\235\037:\235\371\245Lv\372*\335\3002"
  98      DE9D1F3A 
  98      9DF9A54C 
  98      76FA2ADD 
  98      C032
  99 047d DF2B2C72 		.ascii	"\337+,r\330s^\316\263\227\270\275N\017\343\257{\230"
  99      D8735ECE 
  99      B397B8BD 
  99      4E0FE3AF 
  99      7B98
 100 048f 6DDDE4F6 		.ascii	"m\335\344\366\272-,\303\347r\357(y\327\343r:|\357;?"
 100      BA2D2CC3 
 100      E772EF28 
 100      79D7E372 
 100      3A7CEF3B 
 101 04a4 B2153A8A 		.ascii	"\262\025:\212h!\017=,L\302\010\257\233\375\015\2544"
 101      68210F3D 
 101      2C4CC208 
 101      AF9BFD0D 
 101      AC34
 102 04b6 7E63     		.ascii	"~c"
 103              		.text
 104              		.section	.gnu.lto_SVC_Handler.39c40f66fa3e80e9,"",%progbits
 105 0000 789C9594 		.ascii	"x\234\225\224\357OSg\024\307\317\271\317\355m)\005\315"
 105      EF4F5367 
 105      14C7CFB9 
 105      CFED6D29 
 105      05CD
 106 0012 DE2D234B 		.ascii	"\336-#K\311B23\303]\266\027\356\315^,\274\331^\020\027"
 106      C9423233 
 106      C35DB617 
 106      EECD5E2C 
 106      BCD95E10 
 107 0027 FA0718BC 		.ascii	"\372\007\030\274\353\204\214\332\246-\006_yi\021\262"
 107      EB848CDA 
 107      A62D065F 
 107      796911B2 
 108 0037 42D00C87 		.ascii	"B\320\014\207@l\356\304\021\330\030\310\217\261Mt\265"
 108      406CEEC4 
ARM GAS  /tmp/ccqbKXIM.s 			page 8


 108      11D818C8 
 108      8FB14D74 
 108      B5
 109 0048 82828AE0 		.ascii	"\202\202\212\3404\270\037\011#[A'\232m\301en\011\012"
 109      34B81F09 
 109      235B4127 
 109      9A6DC165 
 109      6E090A
 110 005b 3BE7B9D5 		.ascii	";\347\271\325!#Y\274Io\373<\347{~<\237s\236:@\201\375"
 110      212359BC 
 110      496FFB3C 
 110      E77B7E3C 
 110      9F739E3A 
 111 0072 0E80FB00 		.ascii	"\016\200\373\000\360\034}P\000*\207g\000j]\012\"\377"
 111      F01C7D50 
 111      002A8767 
 111      006A5D0A 
 111      22FF
 112 0084 305D0807 		.ascii	"0]\010\007\024<\200\207\304Q\201c\015\267N)\333\272"
 112      143C8087 
 112      C4518163 
 112      0DB74E29 
 112      DBBA
 113 0096 4D7AD247 		.ascii	"Mz\322G\037<k\366\244\321\022\000\355\364\341\007\273"
 113      1F3C6BF6 
 113      A4D11200 
 113      EDF4E107 
 113      BB
 114 00a7 711B90EC 		.ascii	"q\033\220\354Z\335\3001\321,,\201\250\322ry\272c!\237"
 114      5ADDC031 
 114      D12C2C81 
 114      A8D27279 
 114      BA63219F 
 115 00bb 970A7A69 		.ascii	"\227\012zi\231\270\264\330\271E\274\202\254\374mu.\341"
 115      99B8B4D8 
 115      B945BC82 
 115      ACFC6D75 
 115      2EE1
 116 00cd 293A619A 		.ascii	"):a\23213=\321\366\374\007q\363\242\251ZB\340\247(("
 116      31333DD1 
 116      F6FC0771 
 116      F3A2A95A 
 116      42E0A728 
 117 00e2 2A7E8205 		.ascii	"*~\202\005\330\203\0052:\3113\203\253\037\346i*\366"
 117      D8830532 
 117      3AC93383 
 117      AB1FE669 
 117      2AF6
 118 00f4 62919D14 		.ascii	"b\221\235\024?C\015\001\024\336!\373\255\306\013)\247"
 118      3F430D01 
 118      14DE21FB 
 118      ADC60B29 
 118      A7
 119 0105 D82143A7 		.ascii	"\330!C\247\273F\276\305l\350\277&_\272\336Uo\036>\347"
 119      BB46BEC5 
 119      6CE8BF26 
 119      5FBADE55 
ARM GAS  /tmp/ccqbKXIM.s 			page 9


 119      6F1E3EE7 
 120 0119 B2848A7D 		.ascii	"\262\204\212}\377\215\215\375Xt\362:\246\315\325\265"
 120      FF8D8DFD 
 120      5874F23A 
 120      A6CDD5B5 
 121 0129 063A5A41 		.ascii	"\006:ZA\303\344|\207\342V\300\022\016\301/\007p\006"
 121      C3E47C87 
 121      E256C012 
 121      0EC12F07 
 121      7006
 122 013b 4DBE9DBC 		.ascii	"M\276\235\274\341\222.\000\011\252\20295\012\205\277"
 122      E1922E00 
 122      09AA8239 
 122      350A85BF 
 123 014b C5128E8D 		.ascii	"\305\022\216\215.5\215;\271\260\244P\250\216\326\203"
 123      2E358D3B 
 123      B9B0A450 
 123      A88ED683 
 124 015b 63579D7C 		.ascii	"cW\235|zM\226\225\370\361P\277\313^\016\314\307\315"
 124      7A4D9695 
 124      F8F150BF 
 124      CB5E0ECC 
 124      C7CD
 125 016d 7CDA3ADB 		.ascii	"|\332:\333\275\374g\256\205\311Z\302\352\265\204\023"
 125      BDFC67AE 
 125      85C95AC2 
 125      EAB58413 
 126 017d 07A8B293 		.ascii	"\007\250\262\223\\\031\031o_\236]@\275\317\254#\322"
 126      5C19196F 
 126      5F9E5D40 
 126      BDCFAC23 
 126      D2
 127 018e 2E1C440B 		.ascii	".\034D\013\333$m\034B\035\2260\376\240\036\355\\\302"
 127      DB246D1C 
 127      421D9630 
 127      FEA01EED 
 127      5CC2
 128 01a0 4E373FD5 		.ascii	"N7?\325\264\"a;pummm\013\016S \252\2525\207eO\227\355"
 128      B422613B 
 128      70756D6D 
 128      6D0B0E53 
 128      20AAAA35 
 129 01b9 F37FB38D 		.ascii	"\363\177\263\215\240N)\340\016\326fV\342\337y\036\367"
 129      A04E29E0 
 129      0ED66656 
 129      E2DF791E 
 129      F7
 130 01ca A2CE9E85 		.ascii	"\242\316\236\205\001\355M\331\213v\201\353\373\304\210"
 130      01ED4DD9 
 130      8B7681EB 
 130      FBC488
 131 01d9 F00BD428 		.ascii	"\360\013\324(\300\227\364\246N\205\231Hs\253\245\026"
 131      C097F4A6 
 131      4E859948 
 131      73ABA516 
 132 01e9 9A68996D 		.ascii	"\232h\231mT@\016;<\314\034\\\310Q\025\322}\205\205\262"
 132      54400E3B 
ARM GAS  /tmp/ccqbKXIM.s 			page 10


 132      3CCC1C5C 
 132      C85115D2 
 132      7D8585B2 
 133 01fd 9289CCF0 		.ascii	"\222\211\314\360\250F;x\012\325\244p\221e\024U\270\211"
 133      A8463B78 
 133      0AD5A470 
 133      91651455 
 133      B889
 134 020f B19F383F 		.ascii	"\261\2378?\207\343\350l\341\275\306\266\3703r\026dS"
 134      87E3E86C 
 134      E1BDC6B6 
 134      F8337216 
 134      6453
 135 0221 963076AF 		.ascii	"\2260v\257\341}asqd5^i\357e\037\007\203;V?=\\`KXE)\347"
 135      E17D6173 
 135      7164355E 
 135      69EF651F 
 135      07833B56 
 136 023e 3A8F74A9 		.ascii	":\217t\251\366\330\336\006<MH\236t\323\354\300\017\207"
 136      F6D8DE06 
 136      3C4D489E 
 136      74D3ECC0 
 136      0F87
 137 0250 3DB69B93 		.ascii	"=\266\233\223\267\036I\310\177\362\356b\322%\352P\""
 137      B71E49C8 
 137      7FF2EE62 
 137      D225EA50 
 137      22
 138 0261 B8BBB83C 		.ascii	"\270\273\270<\236\233\035\277\373{\332\315t\235\227"
 138      9E9B1DBF 
 138      FB7BDACD 
 138      749D97
 139 0270 67EFCC26 		.ascii	"g\357\314&\263\3675\007w\022\333Xfe\374\207\215l[R\032"
 139      B3F73507 
 139      7712DB58 
 139      6665FC87 
 139      8D6C5B52 
 140 0285 2BB27895 		.ascii	"+\262x\225ux\001S\022\355Y\276\003\010-H\246Nk\350o"
 140      75780153 
 140      12ED59BE 
 140      03082D48 
 140      A64E6BE8 
 141 029a 77E1F12C 		.ascii	"w\341\361,[7\253\373\026N\233.\3116\235e;\3271z\304"
 141      5B37ABFB 
 141      164E9B2E 
 141      C9369D65 
 141      3BD7317A 
 142 02af CD6CCF31 		.ascii	"\315l\3171['Y\306\344E=1\030\273\342)\374x}cf\232c\307"
 142      5B2759C6 
 142      E4453D31 
 142      18BBE229 
 142      FC787D63 
 143 02c7 3DD2799C 		.ascii	"=\322y\234\235\361\274\335\004\233\012\227E+Y\323/g"
 143      9DF1BCDD 
 143      049B0A97 
 143      452B59D3 
 143      2F67
ARM GAS  /tmp/ccqbKXIM.s 			page 11


 144 02d9 1A6651F4 		.ascii	"\032fQ\364\330\207\037I}\337\346~t\367\372^L\306\247"
 144      D8871F49 
 144      7DDFE67E 
 144      74F7FA5E 
 144      4CC6A7
 145 02ec 9ACC8F62 		.ascii	"\232\314\217b[\031\300\205M\000L\310\313\373\370\242"
 145      5B19C085 
 145      4D004CC8 
 145      CBFBF8A2 
 146 02fc A8749A49 		.ascii	"\250t\232I\262I \361\226\274\215@f\265,\014\001\033"
 146      B24920F1 
 146      96BC8D40 
 146      66B52C0C 
 146      011B
 147 030e 4C7FF4BD 		.ascii	"L\177\364\275\326C\301/\262Q\335h\274\223\024\234\011"
 147      D643C12F 
 147      B251DD68 
 147      BC93149C 
 147      09
 148 031f F0129B1D 		.ascii	"\360\022\233\035O\200\274,AN\331 \347\377\027\344\225"
 148      4F80BC2C 
 148      414ED920 
 148      E7FF17E4 
 148      95
 149 0330 2CC855EB 		.ascii	",\310U\353\347T.\203\234FU\226\0148#I\366\244\306oz"
 149      E7542E83 
 149      9C465596 
 149      0C382349 
 149      F6A4C66F 
 150 0345 0A7FCF7A 		.ascii	"\012\177\317z\347\262\366^\377\320\215\\\351}U\222\374"
 150      E7B2F65E 
 150      FFD08D5C 
 150      E97D5592 
 150      FC
 151 0356 264B521E 		.ascii	"&KR\036\037\340W\236\342\336\027\370`\022J\202n\022"
 151      1FE0579E 
 151      E2DE17F8 
 151      60124A82 
 151      6E12
 152 0368 FDA1905E 		.ascii	"\375\241\220^/.\326K**wW\356\364\351\301\210n\004\003"
 152      2F2ED64B 
 152      2A2A7757 
 152      EEF4E9C1 
 152      886E0403 
 153 037c 81E05E3D 		.ascii	"\201\340^=\024\014G#\372\033e\245%\2455\272Qa\004\303"
 153      140C4723 
 153      FA1B65A5 
 153      25A535BA 
 153      516104C3 
 154 0390 FE5DFB76 		.ascii	"\376]\373v\004\212\015P\215hMH\013\373#\325U\321W7\365"
 154      048A0D50 
 154      8D684D48 
 154      0BFB23D5 
 154      55D15737 
 155 03a5 F5D744F5 		.ascii	"\365\327D\365\222R\337[>\275r\257QU\375\216_7\002\221"
 155      9252DF5B 
 155      3EBD72AF 
ARM GAS  /tmp/ccqbKXIM.s 			page 12


 155      5155FD8E 
 155      5F370291 
 156 03b9 CAC8AE3D 		.ascii	"\312\310\256=\206Q\\\001y\245e>o\321\313\333\275\241"
 156      86515C01 
 156      79A5653E 
 156      6FD1CBDB 
 156      BDA1
 157 03cb 48C80DE2 		.ascii	"H\310\015\342\3650\344G\203\241\235\357\276\035\016"
 157      F530E447 
 157      83A19DEF 
 157      BE1D0E
 158 03da 1ABE68B9 		.ascii	"\032\276h\271\361^^\251\257\214\215\333I\345\006%\014"
 158      F15E5EA9 
 158      AF8C8DDB 
 158      49E50625 
 158      0C
 159 03eb 221202C7 		.ascii	"\"\022\002\307\276\362\252j\377\323\325Z\001[9\324\356"
 159      BEF2AA6A 
 159      FFD3D55A 
 159      015B39D4 
 159      EE
 160 03fc F2883F14 		.ascii	"\362\210?\024\256\344p\340\014\370\003\301\360~\370"
 160      AEE470E0 
 160      0CF803C1 
 160      F07EF8
 161 040b 07AAF103 		.ascii	"\007\252\361\003\223"
 161      93
 162              		.text
 163              		.section	.gnu.lto__port_irq_epilogue.39c40f66fa3e80e9,"",%progbits
 164 0000 789C9553 		.ascii	"x\234\225S[KTQ\024^\337\331\347\314L\343\005\237\242"
 164      5B4B5451 
 164      145EDFD9 
 164      E7CC4CE3 
 164      059FA2
 165 0013 C28791F0 		.ascii	"\302\207\221\360\301\010OT\344SA\370\024!\201\376\200"
 165      C1084F54 
 165      E45341F8 
 165      142181FE 
 165      80
 166 0024 C869C801 		.ascii	"\310i\310\001\307\221\231\012{r\217\231B\201Eej)\007"
 166      C791990A 
 166      7B728F99 
 166      42814565 
 166      6A2907
 167 0037 EC21B5BC 		.ascii	"\354!\265\274\226\331\350d\223\026\366\320\205\304@"
 167      96D9E864 
 167      9316F6D0 
 167      85C440
 168 0046 F2A5BC24 		.ascii	"\362\245\274$\232AE\017\011e\255}F\2454\2126\234\263"
 168      9A41450F 
 168      0965AD7D 
 168      46A5348A 
 168      369CB3
 169 0059 CFDAEB5B 		.ascii	"\317\332\353[\373[\227\357\030\244\321\033A\324GD{\371"
 169      FB5B97EF 
 169      18A4D11B 
 169      41D44744 
ARM GAS  /tmp/ccqbKXIM.s 			page 13


 169      7BF9
 170 006b 8183A05D 		.ascii	"\201\203\240]xN\024qi\232\030\333H\322\255\307rH&\013"
 170      784E1471 
 170      699A18DB 
 170      48D2ADC7 
 170      7248260B 
 171 007f 18EA187A 		.ascii	"\030\352\030zb\217\270\014@}H\027\250\\\023\272\201"
 171      628FB80C 
 171      407D4817 
 171      A85C13BA 
 171      81
 172 0090 729C1775 		.ascii	"r\234\027u\002C\325\357\242Z\326\015\311+^\367\305Y"
 172      0243D5EF 
 172      A25AD60D 
 172      C92B5EF7 
 172      C559
 173 00a2 25CF6CB2 		.ascii	"%\317l\262\230\240\201\037\265p\003Y\304\260\311\356"
 173      98A0811F 
 173      B5700359 
 173      C4B0C9EE 
 174 00b2 A5DA1487 		.ascii	"\245\332\024\207\2368G\013\034\340\275s\024q\271\364"
 174      9E38470B 
 174      1CE0BD73 
 174      1471B9F4 
 175 00c2 A35AC6BF 		.ascii	"\243Z\306\277]G\323A\227 K@W/\242\263\014T\204\347\204"
 175      5D47D341 
 175      97204B40 
 175      572FA2B3 
 175      0C5484E7 
 176 00d7 A6763103 		.ascii	"\246v1\003M\335\363\262\262\253Q\324\010Kh\320\331\374"
 176      4DDDF3B2 
 176      B2AB51D4 
 176      084B68D0 
 176      D9FC
 177 00e9 F4ECEA54 		.ascii	"\364\354\352T\2522\005<l\316\306\252\307 vB!{\007\307"
 177      AA32053C 
 177      6CCEC6AA 
 177      C7207642 
 177      217B07C7 
 178 00fd EBDD99D7 		.ascii	"\353\335\231\327\245\254\220\361\221\221m\015\343\323"
 178      A5AC90F1 
 178      91916D0D 
 178      E3D3
 179 010b 525E94B0 		.ascii	"R^\224\260\204\216\233\020\234\007\332\220\216V\244"
 179      848E9B10 
 179      9C07DA90 
 179      8E56A4
 180 011a 27F2BC85 		.ascii	"'\362\274\205L\016\252\236\223\367uu\237\016\017\332"
 180      4C0EAA9E 
 180      93F77575 
 180      9F0E0FDA 
 181 012a D9378F8A 		.ascii	"\3317\217\212\311\251\232\256Q\254\326Pi\227z\351\253"
 181      C9A99AAE 
 181      51ACD650 
 181      69977AE9 
 181      AB
 182 013b D32EA341 		.ascii	"\323.\243A\200\326\270\206g\367m&t(\237\266\3267zM("
ARM GAS  /tmp/ccqbKXIM.s 			page 14


 182      80D6B886 
 182      67F76D26 
 182      74289FB6 
 182      D6377A4D 
 183 0150 2642A772 		.ascii	"&B\247r\213_;\203.\036\006\241[\265\006\324\250\010"
 183      8B5F3B83 
 183      2E1E06A1 
 183      5BB506D4 
 183      A808
 184 0162 9BAD9EAF 		.ascii	"\233\255\236\257\356\214vX\262\336c\011C\241\333\247"
 184      EE8C7658 
 184      B2DE6309 
 184      43A1DBA7 
 185 0172 06A44BD7 		.ascii	"\006\244K\327\030\330\203\014R'\037\027\306&4>\301m"
 185      18D8830C 
 185      52271F17 
 185      C626343E 
 185      C16D
 186 0184 1E964A99 		.ascii	"\036\226J\231p\307\356M\313\340\360LrF\327r\264Ca?w"
 186      70C7EE4D 
 186      CBE0F04C 
 186      7246D772 
 186      B443613F 
 187 0199 F4BC4AB2 		.ascii	"\364\274J\262\243{U4\356r\267gP\341\261\313'\232\303"
 187      A37B5534 
 187      EE72B767 
 187      50E1B1CB 
 187      279AC3
 188 01ac 50FF62F3 		.ascii	"P\377b\363\217q\250\312\232\204\032\357\2253C/\234\252"
 188      8F71A8CA 
 188      9A841AEF 
 188      9533432F 
 188      9CAA
 189 01be 214EBBCE 		.ascii	"!N\273\316H4v\331H\230\362\365i\231\252&R_\361\326e"
 189      483476D9 
 189      4898F2F5 
 189      6999AA26 
 189      525FF1D6 
 190 01d3 A129C2F5 		.ascii	"\241)\302\3651\217\013\367\270\255}*\017v.\324>is\233"
 190      318F0BF7 
 190      B8AD7D2A 
 190      0F762ED4 
 190      3E69739B 
 191 01e7 EDB232A2 		.ascii	"\355\2622\242|\033\020\205\205z[\032\350\207\311\204"
 191      7C1B1085 
 191      857A5B1A 
 191      E887C984 
 192 01f7 A7BF55B5 		.ascii	"\247\277U\265\032\011:=\301\370\341\351L\263=\002@\246"
 192      1A093A3D 
 192      C1F8E1E9 
 192      4CB33D02 
 192      40A6
 193 0209 61802F9A 		.ascii	"a\200/\232F\345\304\360\356e\020#:\027\242\213)\011"
 193      46E5C4F0 
 193      EE651023 
 193      3A17A28B 
 193      2909
ARM GAS  /tmp/ccqbKXIM.s 			page 15


 194 021b 0421B63C 		.ascii	"\004!\266<\300s\334\315\261\215\342=\204\002*\356ht"
 194      C073DCCD 
 194      B18DE23D 
 194      84022AEE 
 194      6874
 195 022d 61C259FE 		.ascii	"a\302Y\376]\272,\341n\020:S\336G9\213+\311F\353\024"
 195      5DBA2CE1 
 195      6E103A53 
 195      DE47398B 
 195      2BC946EB 
 196 0242 CB5911D5 		.ascii	"\313Y\021\325\357R\331\363/\251\014\332RY\355\214\316"
 196      EF52D9F3 
 196      2FA90CDA 
 196      5259ED8C 
 196      CE
 197 0253 593CF89B 		.ascii	"Y<\370\233T\256&-K\305X'\225\221\255[\010q\345s\254"
 197      54AE262D 
 197      4BC55827 
 197      9591AD5B 
 197      0871E573 
 198 0268 F5CD3709 		.ascii	"\365\3157\011\305Dx\270^*C\266T\206\177\221\312\222"
 198      C54478B8 
 198      5E2A43B6 
 198      54867F91 
 198      CA92
 199 027a F5763069 		.ascii	"\365v0iE\005\017l\025<\262U\260v\344\217WG\256.\267"
 199      45050F6C 
 199      153CB255 
 199      B076E48F 
 199      5747AE2E 
 200 028f 5B61D83F 		.ascii	"[a\330?\330\007\356\205\275\316\262\244\371\200-3;\333"
 200      D807EE85 
 200      BDCEB2A4 
 200      F9802D33 
 200      3BDB
 201 02a1 CC2DF217 		.ascii	"\314-\362\027\372\017\025\230\301\260\351\015\006\002"
 201      FA0F1598 
 201      C1B0E90D 
 201      0602
 202 02af C112B334 		.ascii	"\301\022\2634\030:\0366\367\347\347\345\346\225\231"
 202      183A1E36 
 202      F7E7E7E5 
 202      E69599
 203 02be DE226F30 		.ascii	"\336\"o0\344;|2'\220\355%\343\344\221\342\023\276\377"
 203      E43B7C32 
 203      2790ED25 
 203      E3E491E2 
 203      13BEFF
 204 02d1 8B2AA25D 		.ascii	"\213*\242]\177\304\373\312\216\233\271y\005\007\012"
 204      7FC4FBCA 
 204      8E9BB979 
 204      05070A
 205 02e0 4C7F89B7 		.ascii	"L\177\211\267\370\304Q\237\351\015\204\375\341\303\307"
 205      F8C4519F 
 205      E90D84FD 
 205      E1C3C7
 206 02ef BC5E8E49 		.ascii	"\274^\216I\313+\310\367\024\036\011\373JC\376\355\236"
ARM GAS  /tmp/ccqbKXIM.s 			page 16


 206      CB2BC8F7 
 206      141E09FB 
 206      4A43FEED 
 206      9E
 207 0300 CC1DA485 		.ascii	"\314\035\244\205\310\031\360\005\202\241S\364\023UM"
 207      C819F005 
 207      82A153F4 
 207      13554D
 208 030f 78B7     		.ascii	"x\267"
 209              		.text
 210              		.section	.gnu.lto_.symbol_nodes.39c40f66fa3e80e9,"",%progbits
 211 0000 789C6365 		.ascii	"x\234ce`b\250a\000\002\246\377\214\365\014\014\023\316"
 211      6062A861 
 211      0002A6FF 
 211      8CF50C0C 
 211      13CE
 212 0012 3130D433 		.ascii	"10\32430\356l9\330\340\300\300\300\370\223\261\236\021"
 212      30EE6C39 
 212      D8E0C0C0 
 212      C0F893B1 
 212      9E11
 213 0024 2CC6C0D0 		.ascii	",\306\300\320\260\000$\360\213\261\236\011Y\200\351"
 213      B00024F0 
 213      8BB19E09 
 213      5980E9
 214 0033 1B633D33 		.ascii	"\033c=3T\027\303\256\006G\240\310w\306z\026\024\021"
 214      5417C3AE 
 214      0647A0C8 
 214      77C67A16 
 214      1411
 215 0045 C61F8CF5 		.ascii	"\306\037\214\365\2540M c\231\031X\031\226t\277\221g"
 215      AC304D20 
 215      63991958 
 215      199674BF 
 215      9167
 216 0057 66616078 		.ascii	"fa`x\264R\215\001\000b\252 \323"
 216      B4528D01 
 216      0062AA20 
 216      D3
 217              		.text
 218              		.section	.gnu.lto_.refs.39c40f66fa3e80e9,"",%progbits
 219 0000 789C6365 		.ascii	"x\234ce`b\340d`\000\222L\214\342LL\022\014\000\001\320"
 219      6062E064 
 219      6000924C 
 219      8CE24C4C 
 219      120C0001 
 220 0015 0049     		.ascii	"\000I"
 221              		.text
 222              		.section	.gnu.lto_.decls.39c40f66fa3e80e9,"",%progbits
 223 0000 789CBD58 		.ascii	"x\234\275X\013LTY\232\256sOQPE\001\006\335]'C\246\215"
 223      0B4C5459 
 223      9AAE734F 
 223      51504501 
 223      06DD5D27 
 224 0017 3191EC46 		.ascii	"1\221\354F\001\265\037\223\331t\332\306fu3n\023\030"
 224      01B51F93 
 224      D974DAC6 
ARM GAS  /tmp/ccqbKXIM.s 			page 17


 224      6675336E 
 224      1318
 225 0029 CDCC269B 		.ascii	"\315\314&\233\012\015\325\015iytU9\335\235\354L_\004"
 225      0A0DD50D 
 225      69797455 
 225      39DD9DEC 
 225      4C5F04
 226 003c 155F8808 		.ascii	"\025_\210\010*(\012\370\002\005\241\001\301\027Z\026"
 226      2A280AF8 
 226      0205A101 
 226      C1175A16 
 227 004c 883C0415 		.ascii	"\210<\004\025\033\020D@ET\004DPy\2102\3779\347\336\272"
 227      1B104440 
 227      45540444 
 227      50798832 
 227      FF39E7DE 
 228 0061 B7AE454F 		.ascii	"\267\256EOO\262\331J\375\367\336\377\236\357\374\357"
 228      4FB2D94A 
 228      FDF7DEFF 
 228      9EEFFCEF 
 229 0071 73EE39C7 		.ascii	"s\3569\307E\305\251V\316S\251~\243V\251\012\220J5\015"
 229      45C5A956 
 229      CE53A97E 
 229      A356A90A 
 229      904A350D 
 230 0085 3F785415 		.ascii	"?xT\025\252\244\237\006\350\024\320\217@\245@\247\201"
 230      AAA49F06 
 230      E814D08F 
 230      40A540A7 
 230      81
 231 0096 2A802EA9 		.ascii	"*\200.\251\336\375\375\017\310\360\206\373Z\025\273"
 231      DEFDFD0F 
 231      C8F086FB 
 231      5A15BB
 232 00a5 CF01AA25 		.ascii	"\317\001\252%\317\360~!\334\327\000]\000\3725\360n@"
 232      CFF07E21 
 232      DCD7005D 
 232      00FA35F0 
 232      6E40
 233 00b7 8DF0BC04 		.ascii	"\215\360\274\004\356\376@\357\001-\003z\037\350\"\274"
 233      EEFE40EF 
 233      012D037A 
 233      1FE822BC 
 234 00c7 FF00EEC4 		.ascii	"\377\000\356\304\2261\240\205\360<\001w\027\270\273"
 234      9631A085 
 234      F03C0177 
 234      17B8BB
 235 00d6 0AF6FC0E 		.ascii	"\012\366\374\016\236?\006\012D\314\026\321>\345\357"
 235      9E3F060A 
 235      44CC16D1 
 235      3EE5EF
 236 00e5 6B68D72B 		.ascii	"kh\327+l\"\366\020\273\026*\364\377Z\260a%\020\374U"
 236      6C22F610 
 236      BB162AF4 
 236      FF5AB061 
 236      2510FC55 
 237 00f9 8B10F39F 		.ascii	"\213\020\363\237\370,\352\372O\240\337\003}\216\336"
ARM GAS  /tmp/ccqbKXIM.s 			page 18


 237      F82CEAFA 
 237      4FA0DF03 
 237      7D8EDE
 238 0108 D5152BD3 		.ascii	"\325\025+\323\265P\021\003Qn\026\320~A\337A\304bMD%"
 238      B5501103 
 238      516E16D0 
 238      7E41DF41 
 238      C4624D44 
 239 011d 0ABE91D8 		.ascii	"\012\276\221\330f\303s\256\240\203\370*\352T\376\366"
 239      66C373AE 
 239      A083F82A 
 239      EA54FEF6 
 240 012d 6254BEB9 		.ascii	"bT\276\271&K\337\205:\021\007bf\321\267\010\261+\242"
 240      264BDF85 
 240      3A110762 
 240      66D1B708 
 240      B12BA2
 241 0140 44D969F1 		.ascii	"D\331i\361\207\020}\017o9\225\340\244\370\012\211=\004"
 241      87107D0F 
 241      6F3995E0 
 241      A4F80A89 
 241      3D04
 242 0152 9E13584E 		.ascii	"\236\023XN\020I\377Bg$\223\310\232\231&\361\307|b\017"
 242      1049FF42 
 242      672493C8 
 242      9A9926F1 
 242      C77C620F 
 243 0166 B49BD015 		.ascii	"\264\233\320\025!NR\200\220\274\203L 3[h\267\333\247"
 243      214E5280 
 243      90BC834C 
 243      20335B68 
 243      B7DBA7
 244 0179 929C43A2 		.ascii	"\222\234C\242\367\003\333G\017\251\273\321]\204\334"
 244      F703DB47 
 244      0FA9BBD1 
 244      5D84DC
 245 0188 55D99F20 		.ascii	"U\331\237 \372nj\307\305r=\346\020y\356\236\310\013"
 245      FA6E6AC7 
 245      C5723DE6 
 245      1079EE9E 
 245      C80B
 246 019a 5A5CC0B3 		.ascii	"Z\\\300\263\237\333\277Ka\2732=f\365J\306\310[\2078"
 246      9FDBBF4B 
 246      61BB323D 
 246      66F54AC6 
 246      C85B8738 
 247 01ae 609B87AF 		.ascii	"`\233\207\257e\271\003;G\207f\001;\036\337rY7w\017\355"
 247      65B9033B 
 247      47876601 
 247      3B1EDF72 
 247      5937770F 
 248 01c3 95C0CFE2 		.ascii	"\225\300\317\342\320\332\177F\005\310\007\235D>\240"
 248      D0DA7F46 
 248      05C8079D 
 248      443EA0
 249 01d2 BC10CD85 		.ascii	"\274\020\315\205\353\027j&\251t\367\315\032\217\371"
 249      EB176A26 
ARM GAS  /tmp/ccqbKXIM.s 			page 19


 249      A974F7CD 
 249      1A8FF9
 250 01e1 D9BCB587 		.ascii	"\331\274\265\207\267>\253\376\370^\211\225\337\010\335"
 250      B73EABFE 
 250      F85E8995 
 250      DF08DD
 251 01f0 340486F2 		.ascii	"4\004\206\362\021F'\320bb2<\3025\017u#t\034u\201C\247"
 251      114627D0 
 251      6262323C 
 251      C2350F75 
 251      23741C75 
 252 0207 D07CE83E 		.ascii	"\320|\350>\330XR\342\205\327Pk\177^m\261\203\332\232"
 252      D85852E2 
 252      85D7506B 
 252      7F5E6DB1 
 252      83DA9A
 253 021a E3EDB7B4 		.ascii	"\343\355\267\264\240\266\207\347\255\335Y\313\336\024"
 253      A0B687E7 
 253      ADDD59CB 
 253      DE14
 254 0228 F7F2493A 		.ascii	"\367\362I:\012BE\222\322\"\242\224<\374H\225\335\353"
 254      0A424592 
 254      D222A294 
 254      3CFC4895 
 254      DDEB
 255 023a 393AE28E 		.ascii	"9:\342\216\367#\252m\367\301\321\207X\2200\362\227\014"
 255      F723AA6D 
 255      F7C1D187 
 255      589030F2 
 255      970C
 256 024c DEC6D1DE 		.ascii	"\336\306\321\336%R\357\022\261w)\355\235w\345\305Q\214"
 256      2552EF12 
 256      B17729ED 
 256      9D77E5C5 
 256      518C
 257 025e 8B58EF87 		.ascii	"\213X\357\207\3263m\010zgS\267\337\333\223\300\347\201"
 257      D6336D08 
 257      7A6753B7 
 257      DFDB93C0 
 257      E781
 258 0270 D5F3A888 		.ascii	"\325\363\250\2102ID\231\322\353\323TT\367\360\350Uw"
 258      32494499 
 258      D2EBD354 
 258      54F7F0E8 
 258      5577
 259 0282 7C9E89AA 		.ascii	"|\236\211\252\353\331\363D/\210j~/\203\267n\340\371"
 259      EBD9F344 
 259      2F886A7E 
 259      2F83B76E 
 259      E0F9
 260 0294 78664CB9 		.ascii	"xfL\271$\251\\)\251\202J\312\336\367\352\211\00671I"
 260      24A95C29 
 260      A9824ACA 
 260      DEF7EA89 
 260      06373149 
 261 02a8 8D576EED 		.ascii	"\215Wn\355s\305\217)\243~|i\204\203\340\221\277\326"
 261      73C58F29 
ARM GAS  /tmp/ccqbKXIM.s 			page 20


 261      A37E7C69 
 261      8483E091 
 261      BFD6
 262 02ba 37937743 		.ascii	"7\223wC\027\220V\225\311'\361\374,\372\270\231\3477"
 262      17905695 
 262      C927F1FC 
 262      2CFAB899 
 262      E737
 263 02cc F0C31B52 		.ascii	"\360\303\033Rf\201\254\245>\310\337G\205*\221/mR\241"
 263      6681ACA5 
 263      3EC8DF47 
 263      852A912F 
 263      6D52A1
 264 02df 73D0ED3C 		.ascii	"s\320\355<\204\375\230X;*\322\200\316\012\021a9\250"
 264      84FD9858 
 264      3B2AD280 
 264      CE0A1161 
 264      39A8
 265 02f1 CE6F4AD5 		.ascii	"\316oJ\325\313\363E R\302.:$l\337\360\215\273\234\020"
 265      CBF34520 
 265      52C22E3A 
 265      246CDFF0 
 265      8DBB9C10 
 266 0305 EEB14ADF 		.ascii	"\356\261J\337)!a\000Bg$/\317\210!\277D\275\273[\233"
 266      29216100 
 266      4267242F 
 266      CF8821BF 
 266      44BDBB5B 
 267 031a 7F12435D 		.ascii	"\177\022C].\324!24\274\340U\321\300\331\011\017\366"
 267      2ED42132 
 267      34BCE055 
 267      D1C0D909 
 267      0FF6
 268 032c 8A886DDE 		.ascii	"\212\210m\3369r\304\025\357b\345~3\261\370\000fU\255"
 268      3972C415 
 268      EF62E57E 
 268      33B1F800 
 268      6655AD
 269 033f 06F67963 		.ascii	"\006\366yc\346\003OV\325\363\366b.\243\276\315\246F"
 269      E6034F56 
 269      D5F3F662 
 269      2EA3BECD 
 269      A646
 270 0351 BE3AEA93 		.ascii	"\276:\352\223\365Q\303\307\031#$c5H\207l\222\005\013"
 270      F551C3C7 
 270      19232463 
 270      3548876C 
 270      92050B
 271 0364 75704D22 		.ascii	"upM\"\261II\340\265+U\250\032\034\252\002\207\320\025"
 271      B14949E0 
 271      B52B55A8 
 271      1A1CAA02 
 271      87D015
 272 0377 880E6825 		.ascii	"\210\016h%8t\031^Z\341%h\311?\262+W\203\3431\261\200"
 272      3874195E 
 272      5AE12568 
 272      C93FB22B 
ARM GAS  /tmp/ccqbKXIM.s 			page 21


 272      5783E331 
 273 038d ABB978E7 		.ascii	"\253\271x\347\266\032\351|\235\012\250s\"\200\031\323"
 273      B61AE97C 
 273      9D0AA873 
 273      228019D3 
 274 039d F6647E0D 		.ascii	"\366d~\015\214\032\016\325\2021W%c\3006r\203\267\240"
 274      8C1A0ED5 
 274      82315725 
 274      63C03672 
 274      83B7A0
 275 03b0 68C3F9F6 		.ascii	"h\303\371\366]\302\230\355!\212S27\345\350q/U\214\016"
 275      5DC298ED 
 275      218A5332 
 275      37E5E871 
 275      2F558C0E 
 276 03c4 753E2F74 		.ascii	"u>/t\305\203\314\212\313-9\371\036H\357\273\325n\005"
 276      C583CC8A 
 276      CB2D39F9 
 276      1E48EFBB 
 276      D56E05
 277 03d7 194A763B 		.ascii	"\031Jv;\232\300\2165zA\0073`\354\355\262\003\027I4\032"
 277      9AC08E35 
 277      7A410733 
 277      60ECEDB2 
 277      03174934 
 278 03ec 911E5D93 		.ascii	"\221\036]\223\014X\243g\331+\310\257\236\364\302\271"
 278      0C58A367 
 278      D92BC8AF 
 278      9EF4C2B9 
 279 03fc 6AAAABE2 		.ascii	"j\252\253\342^\372%-3\3446\341\263.]\333\357\206\363"
 279      5EFA252D 
 279      33E436E1 
 279      B32E5DDB 
 279      EF86F3
 280 040f 58E38BBC 		.ascii	"X\343\213\274\313O=q\001cn\365\345$\352\031\362\006"
 280      CB4F3D71 
 280      01636EF5 
 280      E524EA19 
 280      F206
 281 0421 E1336A6D 		.ascii	"\3413jm\003Z\\\314\032\237?M~\312\3412\306l\273r\272"
 281      035A5CCC 
 281      1A9F3F4D 
 281      7ECAE132 
 281      C66CBB72 
 282 0436 46485D2D 		.ascii	"FH]-\341\273l\255Yj|\2065fWo~\346\205/\010\332\207N"
 282      E1BB6CAD 
 282      596A7C86 
 282      3566576F 
 282      7EE6852F 
 283 044e 567830A4 		.ascii	"Vx0\244\225\026\326\215\013\347<\260\2255V\357\236L"
 283      9516D68D 
 283      0BE73CB0 
 283      953556EF 
 283      9E4C
 284 0460 D4E22AC6 		.ascii	"\324\342*\306\344\365\035H\026\264\177\004l\373P\377"
 284      E4F51D48 
 284      16B47F04 
ARM GAS  /tmp/ccqbKXIM.s 			page 22


 284      6CFB50FF 
 285 0470 5B2F5CC3 		.ascii	"[/\\\303\33227\017\014`\\\307\230\363\025\027j\\\030"
 285      DA32370F 
 285      0C605CC7 
 285      98F31517 
 285      6A5C18
 286 0483 D01FD807 		.ascii	"\320\037\330\007\355]=\236\370\032k\273\315\217w\350"
 286      ED5D3D9E 
 286      F81A6BBB 
 286      CD8F77E8 
 287 0493 F075C6EC 		.ascii	"\360u\306\354\037\275\373D\360\334\027\330K]\315\243"
 287      1FBDFB44 
 287      F0DC17D8 
 287      4B5DCDA3 
 288 04a3 2EB899B5 		.ascii	".\270\231\265\0359\232\326\241\301-\202oB\351y\323\322"
 288      1D399AD6 
 288      A1C12D82 
 288      6F42E979 
 288      D3D2
 289 04b5 4367DB8E 		.ascii	"Cg\333\216W\252\361m\326\366jG\307K\035\276\303\230"
 289      57AAF16D 
 289      D6F66A47 
 289      C74B1DBE 
 289      C398
 290 04c7 A1C4873D 		.ascii	"\241\304\207=\356\0148\027\330\370\323\207w\352q\027"
 290      EE0C3817 
 290      D8F8D387 
 290      77EA7117 
 291 04d7 6BDBB3F7 		.ascii	"k\333\263\367\304m-~\300\030q\212\366fS\364\323\003"
 291      C46D2D7E 
 291      C018718A 
 291      F66653F4 
 291      D303
 292 04e9 1D1D7ADC 		.ascii	"\035\035z\334\307\332J\257>\277\252\305\203\202g\347"
 292      C7DA4AAF 
 292      3EBFAAC5 
 292      838267E7 
 293 04f9 5FD40BCE 		.ascii	"_\324\013\316\270\021\257o\024o\363\304\317Y\333\246"
 293      B811AF6F 
 293      146FF3C4 
 293      CF59DBA6 
 294 0509 C355131E 		.ascii	"\303U\023\036\370\205\020\236\376\356)\214\307\030\363"
 294      F885109E 
 294      FEEE298C 
 294      C718F3
 295 0518 FAEC15DE 		.ascii	"\372\354\025\336\015O2\346\370\325\366\253^\370\015"
 295      0D4F32E6 
 295      F8D5F6AB 
 295      5EF80D
 296 0527 633A73D3 		.ascii	"c:s\323\216\252\231\274\307\204\037\235\030\334\316"
 296      8EAA99BC 
 296      C7841F9D 
 296      18DCCE
 297 0536 B15165D5 		.ascii	"\261Qe\325\354\305>\015\225\331G\364h\201\362\347;\333"
 297      ECC53E0D 
 297      95D947F4 
 297      6881F2E7 
ARM GAS  /tmp/ccqbKXIM.s 			page 23


 297      3BDB
 298 0548 FE984BCA 		.ascii	"\376\230K\312\020fi\337\216\346^\236O\325\323\"k\206"
 298      106669DF 
 298      8EE65E9E 
 298      4FD5D322 
 298      6B86
 299 055a 224BE266 		.ascii	"\"K\342fKUy\203N\032\001pQ\261\016\315\177\204\2710"
 299      4B557983 
 299      4E1A0170 
 299      51B10ECD 
 299      7F84B930 
 300 056e 1153F413 		.ascii	"\021S\364\023%\3721EW#\011n\223\301\007\224\360\247"
 300      25FA3145 
 300      5723096E 
 300      93C10794 
 300      F0A7
 301 0580 EFC0EFFF 		.ascii	"\357\300\357\377\267\004\277\256\204\327+m\251\227\241"
 301      B704BFAE 
 301      84D72B6D 
 301      A997A1
 302 058f 7F52A26F 		.ascii	"\177R\242o\275#\274\377s\011>\254\204\017)\205\337\377"
 302      BD23BCFF 
 302      73093EAC 
 302      840F2985 
 302      DFFF
 303 05a1 9384BEA3 		.ascii	"\223\204\276\243D\267\277\203\226\371\371H\211~\250"
 303      44B7BF83 
 303      96F9F948 
 303      897EA8
 304 05b0 4477C82C 		.ascii	"Dw\310,\031Q\242\375\224\021\227\031\322\245\004w*E"
 304      1951A2FD 
 304      94119719 
 304      D2A50477 
 304      2A45
 305 05c2 F7CBD01D 		.ascii	"\367\313\320\035\316\315v\210\211,\204\015\316\003\356"
 305      CECD7688 
 305      892C840D 
 305      CE03EE
 306 05d1 904E99F4 		.ascii	"\220N\231\364{Jx\267\322\226\021\231\233\317\234\007"
 306      7B4A78B7 
 306      D2961199 
 306      9BCF9C07 
 307 05e1 DC41B8CC 		.ascii	"\334A\270\314\226\026\347\351\224'_\026\361~\347\205"
 307      9616E7E9 
 307      94275F16 
 307      F17EE785 
 308 05f1 28374566 		.ascii	"(7Ef\370m%\272UB\263\211\267\365\372\254x\236G\004\245"
 308      F86D25BA 
 308      5542B389 
 308      B7F5FAAC 
 308      789E4704 
 309 0606 12265DF2 		.ascii	"\022&]\362\333E\032Sx\376\023\265\012\275\204\316/H"
 309      DB451A53 
 309      78FE13B5 
 309      0ABD84CE 
 309      2F48
 310 0618 E751411A 		.ascii	"\347QA\032\300\320f\316\027\275E\013P\012\267\000\275"
ARM GAS  /tmp/ccqbKXIM.s 			page 24


 310      C0D066CE 
 310      17BD450B 
 310      500AB700 
 310      BD
 311 0629 867B02DC 		.ascii	"\206{\002\334w\002\215\303\363F\270\217\301\375\015"
 311      77028DC3 
 311      F346B88F 
 311      C1FD0D
 312 0638 D03678DE 		.ascii	"\3206x\336\005\264\035h\003P2\3204\274\337\012\367)"
 312      05B41D68 
 312      035032D0 
 312      34BCDF0A 
 312      F729
 313 064a B8F370DF 		.ascii	"\270\363p\337\004\264\003(\021h\022\336\275\002\332"
 313      04B40328 
 313      116812DE 
 313      BD02DA
 314 0659 02CF1370 		.ascii	"\002\317\023p\217\347\026P\203\230o]\035\336\251\011"
 314      8FE71650 
 314      83986F5D 
 314      1DDEA909 
 315 0669 7CAD3F75 		.ascii	"|\255?u\356\246\363\021,\217s\207,\026w\235\027\224"
 315      EEA6F311 
 315      2C8F7387 
 315      2C16779D 
 315      1794
 316 067b 4389C802 		.ascii	"C\211\310\002\335\347\274\264\345\360I\031\374\201\022"
 316      DDE7BCB4 
 316      E5F04919 
 316      FC8112
 317 068a 7EFF5DB8 		.ascii	"~\377]\270\314\2306\347\211\221\303\353e\360\036\347"
 317      CC9836E7 
 317      8991C3EB 
 317      65F01EE7 
 318 069a 05E8205D 		.ascii	"\005\350 ]V\201\203\316\247\037\371 \226\241\237;\035"
 318      568183CE 
 318      A71FF920 
 318      96A19F3B 
 318      1D
 319 06ab 9672D923 		.ascii	"\226r\331#2G{\235;Je\223\257\343Vk\222\273^\366\341"
 319      32477B9D 
 319      3B4A6593 
 319      AFE3566B 
 319      92BB5EF6 
 320 06c0 97635528 		.ascii	"\227cU(\225\323\323\345\025\334\011\370y\326&\254K\242"
 320      95D3D3E5 
 320      15DC09F8 
 320      79D626AC 
 320      4BA2
 321 06d2 B546C130 		.ascii	"\265F\3010\307K\330\335\034,>\300\030\272\234\003\264"
 321      C74BD8DD 
 321      1C2C3EC0 
 321      18BA9C03 
 321      B4
 322 06e3 6DA4F8B8 		.ascii	"m\244\370\270\3609\305\262/\327\034\366\345j\031\257"
 322      F039C5B2 
 322      2FD71CF6 
ARM GAS  /tmp/ccqbKXIM.s 			page 25


 322      E56A19AF 
 323 06f3 9CD4E32D 		.ascii	"\234\324\343-.t\355\331sx\344\251\006\371\302\322S\007"
 323      2E74EDD9 
 323      7378E4A9 
 323      06F9C2D2 
 323      5307
 324 0705 245B4466 		.ascii	"$[Dfp:\264\207\263/\"\351rt\370\007\362\232\255\271"
 324      703AB487 
 324      B32F22E9 
 324      7274F807 
 324      F29AADB9 
 325 0719 8673793C 		.ascii	"\206sy<\327\276\036\335\013E\236A\255\310\344|\320>"
 325      D7BE1EDD 
 325      0B459E41 
 325      ADC8E47C 
 325      D03E
 326 072b CE4745D6 		.ascii	"\316GE\326\261\344\015Y\376\214\027n\322x\247\010\003"
 326      B1E40D59 
 326      FE8C176E 
 326      D278A708 
 326      03
 327 073c 651EA2B2 		.ascii	"e\036\242\262\323\001\227\306\021\353\367s\336\242\017"
 327      D30197C6 
 327      11EBF773 
 327      DEA20F
 328 074b 9421AB8F 		.ascii	"\224!\253\217M\266\315\032\234\354\302\326\024ow\345"
 328      4DB6CD1A 
 328      9CECC2D6 
 328      146F77E5 
 329 075b BA13DF13 		.ascii	"\272\023\337\023\300\367\244\277\273N#_\340\347i\247"
 329      C0F7A4BF 
 329      BB4E235F 
 329      E0E769A7 
 330 076b F4388D75 		.ascii	"\3648\215uO*H\256\302b\367\277\277\314#;\235\355\361"
 330      4F2A48AE 
 330      C262F7BF 
 330      BFCC233B 
 330      9DEDF1
 331 077e 473DF07E 		.ascii	"G=\360~\326\275\265\355\300\026\015\316a\314\275\273"
 331      D6BDB5ED 
 331      C0160DCE 
 331      61CCBDBB 
 332 078e 8FB67AE2 		.ascii	"\217\266z\342\343\214\331Z~\253K=cN\016\2139\361\243"
 332      E38CD95A 
 332      7EAB4B3D 
 332      634E0E8B 
 332      39F1A3
 333 07a1 327BAF17 		.ascii	"2{\257\027\227z\0111H\340\347\251\351\372QB\037\241"
 333      977A0931 
 333      48E0E7A9 
 333      E9FA5142 
 333      1FA1
 334 07b3 31A07D08 		.ascii	"1\240}\010\272\370B\342\240\260\036\266\"\262\020\271"
 334      BAF842E2 
 334      A0B01EB6 
 334      22B210B9 
 335 07c3 604DD0E0 		.ascii	"`M\320\340\037\251^7\333\271\035U\256"
ARM GAS  /tmp/ccqbKXIM.s 			page 26


 335      1FA95E37 
 335      DBB91D55 
 335      AE
 336 07d0 F4333EDB 		.ascii	"\3643>\333\227|\262\023\023x\353\364)|\252=\257.\236"
 336      977CB213 
 336      1378EBF4 
 336      297CAA3D 
 336      AF2E9E
 337 07e3 3F32171D 		.ascii	"?2\027\035\202\350\036\3440:9\363\314\232\006]&\353"
 337      82E81EE4 
 337      303A39F3 
 337      CC9A065D 
 337      26EB
 338 07f5 5D58AD66 		.ascii	"]X\255f\001\376\200\022\3570\016\210\206~\021N\304g"
 338      01FE8012 
 338      EF300E88 
 338      867E114E 
 338      C467
 339 0807 3B171F20 		.ascii	";\027\037 I\2675\310\244\037s.\235Y#\237@\217BQ\260"
 339      49B735C8 
 339      A41F732E 
 339      9D59239F 
 339      408F4251 
 340 081c 69FAA430 		.ascii	"i\372\2440{\026@a\235\202\031\256\020(\037\3508P\036"
 340      7B164061 
 340      9D8219AE 
 340      10281FE8 
 340      38501E
 341 082f D00961B6 		.ascii	"\320\011a\266css\0231\016vK'\035\347ffy_\275\313\211"
 341      63737313 
 341      310E764B 
 341      271DE766 
 341      66795FBD 
 342 0845 129EDFA2 		.ascii	"\022\236\337\242\241\246\347(mq\034\303 \254C\364\024"
 342      A1A6E728 
 342      6D711CC3 
 342      20AC43F4 
 342      14
 343 0856 9282729D 		.ascii	"\222\202r\235\302\3051\334\362\342L\216\032\367\323"
 343      C2C531DC 
 343      F2E24C8E 
 343      1AF7D3
 344 0865 BC70D585 		.ascii	"\274p\325\205\025e\010\315\366u\346\020\372\021\374"
 344      156508CD 
 344      F675E610 
 344      FA11FC
 345 0874 F8077D6A 		.ascii	"\370\007}jpI \337\233b\350U\304\331\327\371\304E\252"
 345      704920DF 
 345      9B62E855 
 345      C4D9D7F9 
 345      C445AA
 346 0887 7B782269 		.ascii	"{x\"i\233\227|\376(v\230?J\204\371\243\204\316\037?"
 346      9B977CFE 
 346      2876983F 
 346      4A84F9A3 
 346      84CE1F3F 
 347 089b 5FABA562 		.ascii	"_\253\245b\255\372\323Z\335>xs\237^9^\245\335b\031\255"
ARM GAS  /tmp/ccqbKXIM.s 			page 27


 347      ADFAD35A 
 347      DD3E7873 
 347      9F5E395E 
 347      A5DD6219 
 348 08b0 D552365E 		.ascii	"\325R6^\313\350x\355\031\3379\355`\013\331,J\362O\013"
 348      CBE878ED 
 348      19DF39ED 
 348      600BD92C 
 348      4AF24F0B 
 349 08c4 B69CA6B6 		.ascii	"\266\234\246\266t\217\267u\351\035\014w\000\227\013"
 349      748FB775 
 349      E91D0C77 
 349      00970B
 350 08d3 E0720A4E 		.ascii	"\340r\012N|\331z\320\003\217\262\021w\242\360`\261'"
 350      7CD97AD0 
 350      038FB211 
 350      77A2F060 
 350      B127
 351 08e5 9E66CC36 		.ascii	"\236f\3146[\325\001\215\232\203\235(\235\245\340\315"
 351      5BD5018D 
 351      9A839D28 
 351      9DA5E0CD 
 352 08f5 99E38F4E 		.ascii	"\231\343\217Ny\310w\271d\214Iv\237\343\344\273\334\226"
 352      79C877B9 
 352      648C4976 
 352      9FE3E4BB 
 352      DC96
 353 0907 47030735 		.ascii	"G\003\0075\342iH\035\236\314\357\336\316g\307\363\237"
 353      E269481D 
 353      9ECCEFDE 
 353      CE67C7F3 
 353      9F
 354 0918 D4720488 		.ascii	"\324r\004\210*\304\210\243\263\234\232p\216[\372\363"
 354      2AC488A3 
 354      B39C9A70 
 354      8E5BFAF3 
 355 0928 1CD9F4B6 		.ascii	"\034\331\364\266v6\357\323\342\313\232\031\354yVS9\340"
 355      7636EFD3 
 355      E2CB9A19 
 355      EC795653 
 355      39E0
 356 093a 29A8B8FF 		.ascii	")\250\270\377\257\354\270 GG\305_\260\213\257\004\361"
 356      AFECB820 
 356      4747C55F 
 356      B08BAF04 
 356      F1
 357 094b 1794E22F 		.ascii	"\027\224\342/R\361\003\307\332f\341\206\231\244\333"
 357      52F103C7 
 357      DA66E186 
 357      99A4DB
 358 095a 26BA67A9 		.ascii	"&\272g\2519\266\347$^\221=U\361\3117\2363\036\313\330"
 358      39B6E724 
 358      5E913D55 
 358      F1C9379E 
 358      331ECBD8 
 359 096e A8FF9739 		.ascii	"\250\377\2279!\000\251\345\327\267h\005\353Z\013\274"
 359      2100A9E5 
ARM GAS  /tmp/ccqbKXIM.s 			page 28


 359      D7B76805 
 359      EB5A0BBC 
 360 097e F7D27391 		.ascii	"\367\322s\221\224#\210\340\320%\273}V\260\357\222\322"
 360      942388E0 
 360      D025BB7D 
 360      56B0EF92 
 360      D2
 361 098f BE2A6A5F 		.ascii	"\276*j_\357\353\302s\302\326\011\266\027h\254(\273\311"
 361      EFEBC273 
 361      C2D609B6 
 361      1768AC28 
 361      BBC9
 362 09a1 63C61ABB 		.ascii	"c\306\032\273\"\326X5G\213\354\305\326\215c\3026\322"
 362      22D65835 
 362      478BECC5 
 362      D68D63C2 
 362      36D2
 363 09b3 55B6039C 		.ascii	"U\266\003\234\303v\200wn\024\324x(K\360*\014\246\032"
 363      C3768077 
 363      6E14D478 
 363      284BF02A 
 363      0CA61A
 364 09c6 FAC9A8A5 		.ascii	"\372\311\250\245%x\205\225`--\301\272\336B\233'na\321"
 364      25788595 
 364      602D2DC1 
 364      BADE429B 
 364      276E61D1 
 365 09da CAABDB5C 		.ascii	"\312\253\333\\\344%\370\326\235\345\237\227\320\300"
 365      E425F8D6 
 365      9DE59F97 
 365      D0C0
 366 09e8 92CB6AAD 		.ascii	"\222\313j\255N\032MuJ\317\352\251g=\207\036\355\366"
 366      4E1A4D75 
 366      4ACFEAA9 
 366      673D871E 
 366      EDF6
 367 09fa C0FD4CD8 		.ascii	"\300\375L\330\353\213\267vcAXs\026\026\362\310\216}"
 367      EB8BB776 
 367      63415873 
 367      1616F2C8 
 367      8E7D
 368 0a0c 1A24510D 		.ascii	"\032$Q\015JQ\327\250\250\266>[\004~5S\022'\256\226\036"
 368      4A51D7A8 
 368      A8B63E5B 
 368      047E3553 
 368      1227AE96 
 369 0a21 D14A5598 		.ascii	"\321JU\230\234\337e\257B\222\206F{\032\232 \015\215"
 369      9CDF65AF 
 369      42928646 
 369      7B1A9A20 
 369      0D8D
 370 0a33 4A0DD7A9 		.ascii	"J\015\327\251\206\202\306\253\235B$\223\310\307b\372"
 370      8682C6AB 
 370      9D422493 
 370      C8C762FA 
 371 0a43 49FB6161 		.ascii	"I\373aa\353;Lw\270SY\025\002?\007\3307\335))\256,\322"
 371      EB3B4C77 
ARM GAS  /tmp/ccqbKXIM.s 			page 29


 371      B8535915 
 371      023F07D8 
 371      37DD2929 
 372 0a5a D9043EB5 		.ascii	"\331\004>\265\2552C3c\332~\022\323V\305\276\215\023"
 372      AD324333 
 372      63DA7E12 
 372      D356C5BE 
 372      8D13
 373 0a6c 89153D48 		.ascii	"\211\025=HJ\014\373\216\335\202\3044\323\304\264\320"
 373      4A0CFB8E 
 373      DD82C434 
 373      D3C4B4D0 
 374 0a7c C4FC247E 		.ascii	"\304\374$~\307N7\267\275\322\342DW\352\375\226\226\316"
 374      C74E37B7 
 374      BDD2E244 
 374      57EAFD96 
 374      96CE
 375 0a8e 1287AEE4 		.ascii	"\022\207\256\344\3230c\327\362\276\272\032\0353\223"
 375      D33063D7 
 375      F2BEBA1A 
 375      1D3393
 376 0a9d 27669EAF 		.ascii	"'f\236\257i\256Cx\013\023\225\2241r\303kF\233;D\233"
 376      69AE4378 
 376      0B139594 
 376      3172C36B 
 376      469B3B44 
 377 0ab2 D358A9B5 		.ascii	"\323X\251\265\217_\351pQ\332|\033\024\263\317\320\035"
 377      8F5FE970 
 377      51DA7C1B 
 377      14B3CFD0 
 377      1D
 378 0ac3 AAB84354 		.ascii	"\252\270CT\334U\232\321\347\2524sFt\337\333\322zW\234"
 378      DC559AD1 
 378      E7AA3473 
 378      4674DFDB 
 378      D27A579C 
 379 0ad7 CCCCDA9D 		.ascii	"\314\314\332\235:^\357\206S]\035N?\346\010\247\037\243"
 379      3A5EEF86 
 379      535D1D4E 
 379      3FE608A7 
 379      1FA3
 380 0ae9 27878F6A 		.ascii	"'\207\217j\360\036\326\230^\231~\332SiR7(a\037\322{"
 380      F01ED698 
 380      5E997EDA 
 380      53695237 
 380      28611FD2 
 381 0afe B22916D0 		.ascii	"\262)\026\320\247^\216\236\323)M\232\021\275o\"\247"
 381      A75E8E9E 
 381      D3294D9A 
 381      11BD6F22 
 381      A7
 382 0b0f DF036732 		.ascii	"\337\003g2E\203CSE\236\370\020cN\026\\nr\307G\0303\225"
 382      45834353 
 382      459EF810 
 382      634E165C 
 382      6E72C747 
 383 0b26 72A8548B 		.ascii	"r\250T\213O0\306v\370`\252\026\0271f:%)\303\025\227"
ARM GAS  /tmp/ccqbKXIM.s 			page 30


 383      4F30C676 
 383      F860AA16 
 383      1731663A 
 383      2529C315 
 384 0b3b 3126AD29 		.ascii	"1&\255)\355\260;>\313\230\327\217\323\332\021+%\275"
 384      EDB03B3E 
 384      CB98D78F 
 384      D3DA112B 
 384      25BD
 385 0b4d EC9C6B8E 		.ascii	"\354\234k\216p\316u\352U\362^w|\211a\333\332\023\317"
 385      70CE75EA 
 385      55F25E77 
 385      7C8961DB 
 385      DA13CF
 386 0b60 0A5877B2 		.ascii	"\012Xw\262\010l\350\376\343\214\031\033\02236\3102V"
 386      086CE8FE 
 386      E38C191B 
 386      123336C8 
 386      3256
 387 0b72 B4B137DF 		.ascii	"\264\2617\337\015\372\372\350`\013$;J\364aG\211e\326"
 387      0DFAFAE8 
 387      600B243B 
 387      4AF46147 
 387      8965D6
 388 0b85 D14235AE 		.ascii	"\321B5\256\242z\270\362\262\336L\235\354\260p\361\306"
 388      A27AB8F2 
 388      B2DE4C9D 
 388      ECB070F1 
 388      C6
 389 0b96 CDE47C6E 		.ascii	"\315\344|n\024B\364\\\032\235>\366\303B\307\205\353"
 389      1442F45C 
 389      1A9D3EF6 
 389      C342C785 
 389      EB
 390 0ba7 087C8B7D 		.ascii	"\010|\213}\204%\3400D\364\0313 \377P^\265\007nd\032"
 390      8425E030 
 390      44F41933 
 390      20FF505E 
 390      B5076E64 
 391 0bbc 32D22F97 		.ascii	"2\322/\227y\3325\264=\231_JO\000_\201\206\027\222\206"
 391      79DA35B4 
 391      3D995F4A 
 391      4F005F81 
 391      86179286 
 392 0bd0 516E0615 		.ascii	"Qn\006\025/\235\253\250\257\275\266C-\237\342\210\274"
 392      2F9DABA8 
 392      AFBDB643 
 392      2D9FE288 
 392      BC
 393 0be1 A7D0DE4F 		.ascii	"\247\320\336O\207\303\030M\352\220\230\324\354\202\214"
 393      87C3184D 
 393      EA9098D4 
 393      EC828C
 394 0bf0 0157B68A 		.ascii	"\001W\266\212\375E\322\017g$L\272\310\245\217\377\234"
 394      FD45D20F 
 394      67244CBA 
 394      C8A58FFF 
ARM GAS  /tmp/ccqbKXIM.s 			page 31


 394      9C
 395 0c01 F4CAE6CE 		.ascii	"\364\312\346\316Op\013\313\333\313\246N\330\305\267"
 395      4F700BCB 
 395      DBCBA64E 
 395      D8C5B7
 396 0c10 3326B1A1 		.ascii	"3&\261\241\356\270+\276\313\230\201\374\306Z\015~\300"
 396      EEB82BBE 
 396      CB9881FC 
 396      C65A0D7E 
 396      C0
 397 0c21 98DEBEC9 		.ascii	"\230\336\276\3113\030?f\314\261\201\334\035Z<(\364\351"
 397      33183F66 
 397      CCB181DC 
 397      1D5A3C28 
 397      F4E9
 398 0c33 1D6A12CE 		.ascii	"\035j\022\316\277\266\223\344\275\036.\377I\254\022"
 398      BFB693E4 
 398      BD1E2EFF 
 398      49AC12
 399 0c42 72CED5FF 		.ascii	"r\316\325\377\362\341\264\033\036\245\340\177\031(\333"
 399      F2E1B41B 
 399      1EA5E07F 
 399      1928DB
 400 0c51 75543A93 		.ascii	"uT:\223\232-;\225\242\307Q\211\361tm{\367z=\317\367"
 400      9A2D3B95 
 400      A2C75189 
 400      F1746D7B 
 400      F77A3DCF 
 401 0c66 58119A80 		.ascii	"X\021\232\200%\331\000\304|\033\236m\367\306qcOV|\266"
 401      25D900C4 
 401      7C1B9E6D 
 401      F7C67163 
 401      4F567CB6 
 402 0c7a BF484BD5 		.ascii	"\277HK\325\267\002\332\371z/\015\344\333~\210\247\350"
 402      B702DAF9 
 402      7A2F0DE4 
 402      DB7E88A7 
 402      E8
 403 0c8b 4E90DD2E 		.ascii	"N\220\335.\240\305\361\356x\304@d\217\310d?Q\312v\334"
 403      A0C5F1EE 
 403      78C44064 
 403      8FC8643F 
 403      51CA76DC 
 404 0c9f F91278FD 		.ascii	"\371\022x\375_%x\237\022\356p8BV\315#\177\225\026\315"
 404      5F25789F 
 404      12EE7038 
 404      4256CD23 
 404      7F9516CD 
 405 0cb3 5D4A74AB 		.ascii	"]Jt\253\322\224I\231)\217\225\350\373Jt\275\014\375"
 405      D2944999 
 405      298F95E8 
 405      FB4A74BD 
 405      0CFD
 406 0cc5 468996AD 		.ascii	"F\211\226\255\337\345\313\327x\354\203xL\232\010\232"
 406      DFE5CBD7 
 406      78EC8378 
 406      4C9A089A 
ARM GAS  /tmp/ccqbKXIM.s 			page 32


 407 0cd5 AC5DF760 		.ascii	"\254]\367`_\264\035/@\211@[\201v\003%\003\245\003%\000"
 407      5FB41D2F 
 407      4089405B 
 407      81760325 
 407      03A50325 
 408 0cea 6D02DA02 		.ascii	"m\002\332\002\224\012\264\031(\015h\007P\006\320^\240"
 408      940AB419 
 408      280D6807 
 408      5006D05E 
 408      A0
 409 0cfb 24A07D40 		.ascii	"$\240}@\033\201R\200v\001\355\304\342\311\005\335\227"
 409      1B815280 
 409      7601EDC4 
 409      E2C905DD 
 409      97
 410 0d0c FCAF1483 		.ascii	"\374\257\024\203i\247\311\2239\325!\013o\257\022\334"
 410      69A7C993 
 410      39D5210B 
 410      6FAF12DC 
 411 0d1c A90C4187 		.ascii	"\251\014A\207,\004\257\225\350wv<\035?H\350\015X\201"
 411      2C04AF95 
 411      E877763C 
 411      1D3F48E8 
 411      0D5881
 412 0d2f BEC1C953 		.ascii	"\276\301\311S\007\005T/TQ\033TQ\253 [\374\270)N)a\022"
 412      0705542F 
 412      54511B54 
 412      51AB205B 
 412      FCB8294E 
 413 0d46 6916D02D 		.ascii	"i\026\320-\302\026\303\001}\223SV\221M\346\346#\347"
 413      C216C301 
 413      7D935356 
 413      914DE6E6 
 413      23E7
 414 0d58 9996C39B 		.ascii	"\231\226\303\233e~N9O\265\003\\&\375\241\363\032\225"
 414      657E4E39 
 414      4FB5035C 
 414      26FDA1F3 
 414      1A95
 415 0d6a C3EFCBA4 		.ascii	"\303\357\313\244O:\217\"\203\263\371rh\312\233\236\233"
 415      4F3A8F22 
 415      83B3F972 
 415      68CA9B9E 
 415      9B
 416 0d7b 01CC716F 		.ascii	"\001\314qoF\2426\364vN*O\216\251\356C z\004a\342\227"
 416      46A236F4 
 416      764E2A4F 
 416      8EA9EE43 
 416      207A0461 
 417 0d91 CDF14495 		.ascii	"\315\361D\225\326\206l|\334u>>\034,\2259\366\300yu0"
 417      D6866C7C 
 417      DC753E3E 
 417      1C2C9539 
 417      F6C07975 
 418 0da6 38CC4A4D 		.ascii	"8\314JM\335\351Mj<\301f\374\212\266\322tO\305VN\034"
 418      DDE94D6A 
 418      3CC166FC 
ARM GAS  /tmp/ccqbKXIM.s 			page 33


 418      8AB6D274 
 418      4FC5564E 
 419 0dbb 0BE8000C 		.ascii	"\013\350\000\014\201\377\217\341\300\302\3277\255\341"
 419      81FF8FE1 
 419      C0C2D737 
 419      ADE1
 420 0dc9 7937B41F 		.ascii	"y7\264\037\024fb\373\307\206\004\223\232\275\347Zg\202"
 420      146662FB 
 420      C7860493 
 420      9ABDE75A 
 420      6782
 421 0ddb AB7C33B5 		.ascii	"\253|3\265\037\313w\201Y\230m\246\340\356l\347U\350"
 421      1FCB7781 
 421      59986DA6 
 421      E0EE6CE7 
 421      55E8
 422 0ded B0F33A28 		.ascii	"\260\363:(\200\017Rp\325\253\326BW\274\301\215\316\351"
 422      800F5270 
 422      D5ABD642 
 422      57BCC18D 
 422      CEE9
 423 0dff 8793B2AA 		.ascii	"\207\223\262\252\\\355\013\352\005\207\034\027\324\207"
 423      5CED0BEA 
 423      05871C17 
 423      D487
 424 0e0d 24C3E0D1 		.ascii	"$\303\340\321q\215\232\215\311\032\365\330\330\3706"
 424      718D9A8D 
 424      C91AF5D8 
 424      D8F836
 425 0e1c 4F9CCE84 		.ascii	"O\234\316\204\225\354\035l\023W\347\315\231\216\013"
 425      95EC1D6C 
 425      1357E7CD 
 425      998E0B
 426 0e2b EA1C4954 		.ascii	"\352\034IT\216RT.\236\257\372\225!.\326d1D\231\2761"
 426      8E52542E 
 426      9EAFFA95 
 426      212ED664 
 426      314499BE 
 427 0e40 18E3A2D6 		.ascii	"\030\343\242\326\305~\265\336\2708.\314dY\354\357\366"
 427      C57EB5DE 
 427      B8382ECC 
 427      6459ECEF 
 427      F6
 428 0e51 1FFFB566 		.ascii	"\037\377\265f^`@\200\312o\361b\277\300\310\250/\242"
 428      5E604080 
 428      CA6FF162 
 428      BFC0C8A8 
 428      2FA2
 429 0e63 3E0FF58B 		.ascii	">\017\365\2135\373\205\307FG\307\306\370\221nf\277\345"
 429      35FB85C7 
 429      4647C7C6 
 429      F8916E66 
 429      BFE5
 430 0e75 21AB0357 		.ascii	"!\253\003W\177\347\027\036\031\036k2\032\376\374a\364"
 430      7FE7171E 
 430      191E6B32 
 430      1AFEFC61 
ARM GAS  /tmp/ccqbKXIM.s 			page 34


 430      F4
 431 0e86 E270D53F 		.ascii	"\342p\325?1\221\346o\243,\341\221\206/M\261\321\206"
 431      3191E66F 
 431      A32CE191 
 431      862F4DB1 
 431      D186
 432 0e98 28B3E91F 		.ascii	"(\263\351\037\223\022\251\232\315\244\030\277\213\262"
 432      9312A99A 
 432      CDA418BF 
 432      8BB2
 433 0ea6 D865B887 		.ascii	"\330e\270\207\256\0154\254\014\213\211Xg4y\277k\370"
 433      AE0D34AC 
 433      0C8B8958 
 433      673479BF 
 433      6BF8
 434 0eb8 AFC22343 		.ascii	"\257\302#C\303#W\231\203MFct\234%*6&\304\370\315\372"
 434      C3235799 
 434      834D4663 
 434      749C252A 
 434      3626C4F8 
 435 0ece 289331C2 		.ascii	"(\2231\302\305\360il\354\272\371\216&\230,~Q1\341\353"
 435      C5F0696C 
 435      ECBAF98E 
 435      26982C7E 
 435      5131E1EB 
 436 0ee2 D6471841 		.ascii	"\326G\030A\2639<2\002\264\352\014\206\365Q1\226\245"
 436      B3393C32 
 436      02B4EA0C 
 436      86F55131 
 436      96A5
 437 0ef4 4B0C9608 		.ascii	"K\014\226\010\277\310\330h\243\337\267F\343\327\306"
 437      BFC8D868 
 437      A3DFB746 
 437      E3D7C6
 438 0f03 9808BFD8 		.ascii	"\230\010\277\3308\213\337W\341\341\213\302L\321\213"
 438      388BDF57 
 438      E1E18BC2 
 438      4CD18B
 439 0f12 6262638C 		.ascii	"bbc\214\213\214a_D-\372`\321\022\377\200\017\027}\023"
 439      8B8C615F 
 439      442DFA60 
 439      D112FF80 
 439      0F177D13 
 440 0f26 B0687D5C 		.ascii	"\260h}\\D\230\305\350\347\320l\227\037\035\026\036\031"
 440      4498C5E8 
 440      E7D06C97 
 440      1F1D161E 
 440      19
 441 0f37 1563F433 		.ascii	"\025c\3643D\030\277\014[\277\316b\260|\037g4\203>7Q"
 441      4418BF0C 
 441      5BBFCE62 
 441      B07C1F67 
 441      34833E37 
 442 0f4c DB9FFE0F 		.ascii	"\333\237\376\017\265\231\2777\373\031\314\226\010\020"
 442      B599BF37 
 442      FB19CC96 
 442      0810
ARM GAS  /tmp/ccqbKXIM.s 			page 35


 443 0f5a 4D54988C 		.ascii	"MT\230\214f\243\351\317\306\010x\370\012:\030,\377\366"
 443      66A3E9CF 
 443      C60878F8 
 443      0A3A182C 
 443      FFF6
 444 0f6c 4B5301BD 		.ascii	"KS\001\275]\276\2143\207\233\2609\340}\240e@K\201\226"
 444      5DBE8C33 
 444      879BB039 
 444      E07DA065 
 444      404B8196 
 445 0f80 000500F9 		.ascii	"\000\005\000\371s\346\337r\346\2178\363\207\234\371"
 445      73E6DF72 
 445      E68F38F3 
 445      879CF9
 446 0f8f 03CEFC3E 		.ascii	"\003\316\374>g^\306\231\227r\346%\2349\2003\373"
 446      675EC699 
 446      9772E625 
 446      9C398033 
 446      FB
 447 0fa0 ABBF8B33 		.ascii	"\253\277\2133\233\270\270p\315:\223\301\022\031\201"
 447      9BB8B870 
 447      CD3A93C1 
 447      121981
 448 0faf 4D014B38 		.ascii	"M\001K8\323R\316\004\327\000\316\344\357.$\330\022n"
 448      D352CE04 
 448      D700CEE4 
 448      EF2E24D8 
 448      126E
 449 0fc1 F94E1D1E 		.ascii	"\371N\035\036\031frY\2756(\304_\023\024\274\"40\304"
 449      19667259 
 449      BD3628C4 
 449      5F1314BC 
 449      223430C4 
 450 0fd5 25283870 		.ascii	"%(8p9\275\006\206hC>\013\375,d\355g+\374)$`\211S\007"
 450      39BD0686 
 450      68433E0B 
 450      FD2C64ED 
 450      672BFC29 
 451 0fee 40925FE0 		.ascii	"@\222_\340\352\320U\241RZI9\205G/#Q\010"
 451      EAD055A1 
 451      525A4939 
 451      85472F23 
 451      5108
 452 1000 0A5E63F8 		.ascii	"\012^c\370\003D\335\335`\370\312h1\004\005\203\016\217"
 452      0344DDDD 
 452      60F8CA68 
 452      31040583 
 452      0E8F
 453 1012 B075DF86 		.ascii	"\260u\337\206}o6D\305\254\203\354,\375\245R\243\315"
 453      7D6F3644 
 453      C5AC83EC 
 453      2CFDA552 
 453      A3CD
 454 1024 51660364 		.ascii	"Qf\003d\007\304j\231\264\340\320`x2\263\2479\324\257"
 454      07C46A99 
 454      B4E0D060 
 454      7832B3A7 
ARM GAS  /tmp/ccqbKXIM.s 			page 36


 454      39D4AF
 455 1037 F531EB62 		.ascii	"\3651\353b\303\277\226JW\366\322\203A?]\036\372Yp\310"
 455      C3BF964A 
 455      57F6D283 
 455      413F5D1E 
 455      FA5970C8 
 456 104b 2AF5AAD0 		.ascii	"*\365\252\320\345!\352\325\253\203B\360\362\025!x\005"
 456      E521EAD5 
 456      AB8342F0 
 456      F2152178 
 456      05
 457 105c DC838342 		.ascii	"\334\203\203B\324\313\203BC\324\237\006A\010\240\011"
 457      D4CB8342 
 457      43D49F06 
 457      4108A009 
 458 106c 002B08BF 		.ascii	"\000+\010\277\222\\\002\341\342\022\272204\004\207\256"
 458      925C02E1 
 458      E212BA32 
 458      30340487 
 458      AE
 459 107d 247A490D 		.ascii	"$zI\015}d\260\270\012w\014\021\303$\202\313W\205\004"
 459      7D64B0B8 
 459      0A770C11 
 459      C32482CB 
 459      578504
 460 1090 86A8D7FE 		.ascii	"\206\250\327\376\341\363\020\365*@\273\004\006\257Y"
 460      E1F310F5 
 460      2A40BB04 
 460      06AF59
 461 109f B502AECB 		.ascii	"\265\002\256\313\003C\334B\003?\245\341\360\246v9\230"
 461      0343DC42 
 461      033FA5E1 
 461      F0A67639 
 461      98
 462 10b0 AAB5BFFA 		.ascii	"\252\265\277\372\033P\360\206\307"
 462      1B50F086 
 462      C7
 463              		.text
 464              		.section	.gnu.lto_.symtab.39c40f66fa3e80e9,"",%progbits
 465 0000 5356435F 		.ascii	"SVC_Handler\000"
 465      48616E64 
 465      6C657200 
 466 000c 00       		.ascii	"\000"
 467 000d 00       		.ascii	"\000"
 468 000e 00       		.ascii	"\000"
 469 000f 00000000 		.ascii	"\000\000\000\000\000\000\000\000"
 469      00000000 
 470 0017 B5000000 		.ascii	"\265\000\000\000"
 471 001b 5F706F72 		.ascii	"_port_irq_epilogue\000"
 471      745F6972 
 471      715F6570 
 471      696C6F67 
 471      756500
 472 002e 00       		.ascii	"\000"
 473 002f 00       		.ascii	"\000"
 474 0030 00       		.ascii	"\000"
 475 0031 00000000 		.ascii	"\000\000\000\000\000\000\000\000"
ARM GAS  /tmp/ccqbKXIM.s 			page 37


 475      00000000 
 476 0039 B7000000 		.ascii	"\267\000\000\000"
 477 003d 5F706F72 		.ascii	"_port_switch_from_isr\000"
 477      745F7377 
 477      69746368 
 477      5F66726F 
 477      6D5F6973 
 478 0053 00       		.ascii	"\000"
 479 0054 02       		.ascii	"\002"
 480 0055 00       		.ascii	"\000"
 481 0056 00000000 		.ascii	"\000\000\000\000\000\000\000\000"
 481      00000000 
 482 005e B1000000 		.ascii	"\261\000\000\000"
 483 0062 5F706F72 		.ascii	"_port_exit_from_isr\000"
 483      745F6578 
 483      69745F66 
 483      726F6D5F 
 483      69737200 
 484 0076 00       		.ascii	"\000"
 485 0077 02       		.ascii	"\002"
 486 0078 00       		.ascii	"\000"
 487 0079 00000000 		.ascii	"\000\000\000\000\000\000\000\000"
 487      00000000 
 488 0081 B3000000 		.ascii	"\263\000\000\000"
 489 0085 63685363 		.ascii	"chSchIsPreemptionRequired\000"
 489      68497350 
 489      7265656D 
 489      7074696F 
 489      6E526571 
 490 009f 00       		.ascii	"\000"
 491 00a0 02       		.ascii	"\002"
 492 00a1 00       		.ascii	"\000"
 493 00a2 00000000 		.ascii	"\000\000\000\000\000\000\000\000"
 493      00000000 
 494 00aa BF000000 		.ascii	"\277\000\000\000"
 495              		.text
 496              		.section	.gnu.lto_.opts,"",%progbits
 497 0000 272D666D 		.ascii	"'-fmath-errno' '-fsigned-zeros' '-ftrapping-math' '"
 497      6174682D 
 497      6572726E 
 497      6F272027 
 497      2D667369 
 498 0033 2D666E6F 		.ascii	"-fno-trapv' '-fno-openmp' '-fno-openacc' '-mcpu=cor"
 498      2D747261 
 498      70762720 
 498      272D666E 
 498      6F2D6F70 
 499 0066 7465782D 		.ascii	"tex-m4' '-mfloat-abi=hard' '-mfpu=fpv4-sp-d16' '-mn"
 499      6D342720 
 499      272D6D66 
 499      6C6F6174 
 499      2D616269 
 500 0099 6F2D7468 		.ascii	"o-thumb-interwork' '-mthumb' '-ggdb' '-O2' '-fomit-"
 500      756D622D 
 500      696E7465 
 500      72776F72 
 500      6B272027 
ARM GAS  /tmp/ccqbKXIM.s 			page 38


 501 00cc 6672616D 		.ascii	"frame-pointer' '-falign-functions=16' '-ffunction-s"
 501      652D706F 
 501      696E7465 
 501      72272027 
 501      2D66616C 
 502 00ff 65637469 		.ascii	"ections' '-fdata-sections' '-fno-common' '-flto' '-"
 502      6F6E7327 
 502      20272D66 
 502      64617461 
 502      2D736563 
 503 0132 6673696E 		.ascii	"fsingle-precision-constant'\000"
 503      676C652D 
 503      70726563 
 503      6973696F 
 503      6E2D636F 
 504              		.text
 505              		.comm	__gnu_lto_v1,1,1
 506              		.comm	__gnu_lto_slim,1,1
 507              		.ident	"GCC: (GNU Tools for ARM Embedded Processors 6-2017-q1-update) 6.3.1 20170215 (release) [AR
ARM GAS  /tmp/ccqbKXIM.s 			page 39


DEFINED SYMBOLS
                            *ABS*:0000000000000000 chcore_v7m.c
                            *COM*:0000000000000001 __gnu_lto_v1
                            *COM*:0000000000000001 __gnu_lto_slim

NO UNDEFINED SYMBOLS
