ARM GAS  /tmp/cc6BTCtp.s 			page 1


   1              		.cpu cortex-m4
   2              		.eabi_attribute 27, 1
   3              		.eabi_attribute 28, 1
   4              		.eabi_attribute 20, 1
   5              		.eabi_attribute 21, 1
   6              		.eabi_attribute 23, 3
   7              		.eabi_attribute 24, 1
   8              		.eabi_attribute 25, 1
   9              		.eabi_attribute 26, 1
  10              		.eabi_attribute 30, 2
  11              		.eabi_attribute 34, 1
  12              		.eabi_attribute 18, 4
  13              		.file	"chdynamic.c"
  14              		.text
  15              	.Ltext0:
  16              		.section	.gnu.lto_.profile.d69e21b1d791440d,"",%progbits
  17 0000 789C6365 		.ascii	"x\234ce`b`e```d\230\300h\002\000\002|\000\323"
  17      60626065 
  17      60606064 
  17      98C06802 
  17      00027C00 
  18              		.text
  19              		.section	.gnu.lto_.icf.d69e21b1d791440d,"",%progbits
  20 0000 789C6365 		.ascii	"x\234ce`b\340c@\000&\206\235\027\336o\346`\\v\361\323"
  20      6062E063 
  20      40002686 
  20      9D17DE6F 
  20      E6605C76 
  21 0016 0E6E0600 		.ascii	"\016n\006\0001\367\006x"
  21      31F70678 
  22              		.text
  23              		.section	.gnu.lto_.jmpfuncs.d69e21b1d791440d,"",%progbits
  24 0000 789C6365 		.ascii	"x\234ce`bX\311\200\000L\014l\214``\317X\017\002\014"
  24      606258C9 
  24      80004C0C 
  24      6C8C6060 
  24      CF580F02 
  25 0015 2C0C8C8C 		.ascii	",\014\214\214\035L\323\231\031\267\0349\336\306\321"
  25      1D4CD399 
  25      19B71C39 
  25      DEC6D1
  26 0024 C73C9F19 		.ascii	"\307<\237\031(\300\270\234Q\206\201\021(\270\376\315"
  26      28C0B89C 
  26      51868111 
  26      28B8FECD 
  27 0034 CE9FBC20 		.ascii	"\316\237\274 AFF\006\306\025@A\240\001\014\214,\014"
  27      41464606 
  27      C6154041 
  27      A0010C8C 
  27      2C0C
  28 0046 0C6C4C95 		.ascii	"\014lL\225\014\214@^%\220\000\253\234\265\373\313)V"
  28      0C8C405E 
  28      259000AB 
  28      9CB5FBCB 
  28      2956
  29 0058 904A2646 		.ascii	"\220J&F\016\306\225 \225\214\254`\213\344\321\3549\372"
  29      0EC69520 
ARM GAS  /tmp/cc6BTCtp.s 			page 2


  29      958CAC60 
  29      8BE4D1EC 
  29      39FA
  30 006a FFFB017E 		.ascii	"\377\373\001~\210=L\214\253@\366\240\030\314\0041\230"
  30      883D4C8C 
  30      AB40F6A0 
  30      18CC0431 
  30      98
  31 007b 0100D4F6 		.ascii	"\001\000\324\366 \277"
  31      20BF
  32              		.text
  33              		.section	.gnu.lto_.inline.d69e21b1d791440d,"",%progbits
  34 0000 789C6365 		.ascii	"x\234ce`b\310e@\000&\006\011\231c\014\214\014L\022+"
  34      6062C865 
  34      40002606 
  34      0999630C 
  34      8C0C4C12 
  35 0015 B63032B0 		.ascii	"\26602\260-\220g\002\2112r\001\011f\036\240\364\004"
  35      2D906702 
  35      89327201 
  35      09661EA0 
  35      F404
  36 0027 3F30CD08 		.ascii	"?0\315\010\021b\345\003\012O\360\003\0122J\310\034\005"
  36      1162E503 
  36      0A4FF003 
  36      0A324AC8 
  36      1C05
  37 0039 6993BE76 		.ascii	"i\223\276v\212\221\201\375\226\032^m`&P\010\000\363"
  37      8A9181FD 
  37      961A5E6D 
  37      60265008 
  37      00F3
  38 004b 470C5C   		.ascii	"G\014\\"
  39              		.text
  40              		.section	.gnu.lto_.pureconst.d69e21b1d791440d,"",%progbits
  41 0000 789C6365 		.ascii	"x\234ce`b`g`\000\222\273\030\031w1\002\000\005\355\001"
  41      60626067 
  41      600092BB 
  41      18197731 
  41      020005ED 
  42 0015 88       		.ascii	"\210"
  43              		.text
  44              		.section	.gnu.lto_chThdCreateFromHeap.d69e21b1d791440d,"",%progbits
  45 0000 789C8595 		.ascii	"x\234\205\225mLSg\024\307\237s\237[n\241\200\342\230"
  45      6D4C5367 
  45      14C79F73 
  45      9F5B6EA1 
  45      80E298
  46 0013 3A460C24 		.ascii	":F\014$\022u\331\270K\3462\227\370a\013\037\366\222"
  46      1275D9B8 
  46      4BE63297 
  46      F8610B1F 
  46      F692
  47 0025 9025B2EF 		.ascii	"\220%\262\357\006k'M\2544-\276\355\013\227\202oc\276"
  47      066B274D 
  47      AC342DBE 
  47      ED0B9782 
ARM GAS  /tmp/cc6BTCtp.s 			page 3


  47      6F63BE
  48 0038 4E81B676 		.ascii	"N\201\266v\227h\214n\014D\246N\306\313:QQ|C\006LE\031"
  48      97688C6E 
  48      0C44A64E 
  48      C6CB3A51 
  48      517C4306 
  49 004f 5890214A 		.ascii	"X\220!J\246A\267\231\251;\347\351\205\320B\266&\015"
  49      A641B799 
  49      A93BE7E9 
  49      85D042B6 
  49      260D
  50 0061 BDF7F9FF 		.ascii	"\275\367\371\377\3179\3179\277\347\301\304$v\334\314"
  50      CF39CF39 
  50      BFE7C1C4 
  50      2476DCCC 
  51 0071 D843C6D8 		.ascii	"\330C\306\330\333\370\005\023\003i\327\025\306\212\314"
  51      DBF80513 
  51      0369D715 
  51      C68ACC
  52 0080 9224B771 		.ascii	"\222$\267q\246\305\361sm\214i\361\034\344\360{\031\200"
  52      A6C5F173 
  52      6D8C69F1 
  52      1CE4F07B 
  52      1980
  53 0092 7E686660 		.ascii	"~hf`\205\022\227\241\020v\362r\016\327Jj\367\363\035"
  53      851297A1 
  53      1076F272 
  53      0ED74A6A 
  53      F7F31D
  54 00a5 5CE70C64 		.ascii	"\\\347\014d||x\331\027J\244G\2004|\364k\035\333\224"
  54      7C7C78D9 
  54      174AA447 
  54      80347CF4 
  54      6B1DDB94 
  55 00b9 458735CD 		.ascii	"E\2075\315\243\005\313;c\374u\355Z\254\316%\346E\371"
  55      A305CB3B 
  55      63FC75ED 
  55      5AACCE25 
  55      E645F9
  56 00cc 114885C3 		.ascii	"\021H\205\303\220J\331\277\201E(>>Z\361(\226\317\007"
  56      904AD9BF 
  56      8145283E 
  56      3E5AF128 
  56      96CF07
  57 00df 86BF7D3B 		.ascii	"\206\277};\007u\323\202C\3028\266\217k\363u\316\341"
  57      0775D382 
  57      43C238B6 
  57      8F6BF375 
  57      CEE1
  58 00f1 5BE0938D 		.ascii	"[\340\223\215\370\212A\025,@\371\201\242\256\213\011"
  58      F88A4115 
  58      2C40F981 
  58      A2AE8B09 
  59 0101 FC3561DD 		.ascii	"\3745a\335R\3354\234hX\007\312\205U\206\357\242\255"
  59      52DD349C 
  59      685807CA 
  59      855586EF 
ARM GAS  /tmp/cc6BTCtp.s 			page 4


  59      A2AD
  60 0113 32836A61 		.ascii	"2\203ja\365\3349\331\015\\\025\326\312\256\312\365\206"
  60      F5DC39D9 
  60      0D5C15D6 
  60      CAAECAF5 
  60      86
  61 0124 B3D7377B 		.ascii	"\263\3277{_\261\366\241\316MP\023\355\305f\035\025\336"
  61      5FB1F6A1 
  61      CE4D5013 
  61      EDC5661D 
  61      15DE
  62 0136 2ACFD003 		.ascii	"*\317\320\003\316\027\013\357\266\013\317B\212a\276"
  62      CE170BEF 
  62      B60BCF42 
  62      8A61BE
  63 0145 144E1B03 		.ascii	"\024N\033\003\265\321\326\030\006\307\204\365\322\275"
  63      B5D1D618 
  63      06C784F5 
  63      D2BD
  64 0153 861366FE 		.ascii	"\206\023f\376\256\260\2768u\350\211\305\260\336\365"
  64      AEB0BE38 
  64      75E889C5 
  64      B0DEF5
  65 0162 CDDB2BF2 		.ascii	"\315\333+\362*P\027mV\030|/\314#Zi\023\360\245\302\334"
  65      2A50176D 
  65      56187C2F 
  65      CC235A69 
  65      13F0A5C2 
  66 0177 D5FDCDA7 		.ascii	"\325\375\315\247\343i\313DZ3\034\217v\232\031\234\200"
  66      E369CB44 
  66      5A331C8F 
  66      769A199C 
  66      80
  67 0188 05241F2D 		.ascii	"\005$\037-\031\354\263\204\3475\027\037k\033K\036\030"
  67      19ECB384 
  67      E735171F 
  67      6B1B4B1E 
  67      18
  68 0199 F30A023E 		.ascii	"\363\012\002>\337\350o\034\215\343\357\211\310\325\003"
  68      DFE86F1C 
  68      8DE3EF89 
  68      C8D503
  69 01a8 B7D6661C 		.ascii	"\267\326f\034\324\202\232\026\034\365\317\333\243i\347"
  69      D4829A16 
  69      1CF5CFDB 
  69      A369E7
  70 01b7 3559E7B1 		.ascii	"5Y\347\261p*\034\375\007\214~R\314\217\221:8\022\252"
  70      702A1CFD 
  70      078C7E52 
  70      CC8F913A 
  70      3812AA
  71 01ca 92799670 		.ascii	"\222y\226p\206\266\237\335)\243\225\212z\342\233\265"
  71      86B69FDD 
  71      29A3958A 
  71      7AE29BB5 
  72 01da BB386C35 		.ascii	"\2738l5\303\217\221\205\031\3263\203\377tX\370\007\302"
  72      C38F9185 
ARM GAS  /tmp/cc6BTCtp.s 			page 5


  72      19D63383 
  72      FF7458F8 
  72      07C2
  73 01ec 5A54E5DF 		.ascii	"ZT\345\337\037oXG})\343V\011\032\247\265\3369\366|_"
  73      1F6F5847 
  73      7D29E356 
  73      091AA7B5 
  73      DE39F67C 
  74 0201 428C0C4D 		.ascii	"B\214\014M\220\001\015\370\255\207\014\202\013\231j"
  74      90010DF8 
  74      AD870C82 
  74      0B996A
  75 0210 8618608C 		.ascii	"\206\030`\214O^9\332\001A\355\371\213-\330\345\224\321"
  75      4F5E39DA 
  75      0141EDF9 
  75      8B2DD8E5 
  75      94D1
  76 0222 B1C749A9 		.ascii	"\261\307I\251\200\255\221\020l\204\310\004\304\003v"
  76      80AD9110 
  76      6C84C804 
  76      C40376
  77 0231 18B566A0 		.ascii	"\030\265f\240\371Zp1.\001h^3\200\032\237\004\324\304"
  77      F95A7031 
  77      2E01685E 
  77      33801A9F 
  77      04D4C4
  78 0244 64462119 		.ascii	"dF!\031\373\002\263\320\201(E\234\361/\037\201\315\225"
  78      FB02B3D0 
  78      8128459C 
  78      F12F1F81 
  78      CD95
  79 0256 A1ED0AE5 		.ascii	"\241\355\012\345\015p\005K\253\257\277\337\243\024>"
  79      0D70054B 
  79      ABAFBFDF 
  79      A3143E
  80 0265 D3CC3AB7 		.ascii	"\323\314:\267x9\326\002?A!\013p9\300MDx\303X\233\211"
  80      7839D602 
  80      3F41210B 
  80      7039C04D 
  80      4478C358 
  81 027b 3A1F0F66 		.ascii	":\037\017f\354}\252\316\023\330 x\322D\341X\004\006"
  81      EC7DAACE 
  81      13D82078 
  81      D244E158 
  81      0406
  82 028d 61035072 		.ascii	"a\003Pr\263\345\212?\336\010\012\231\341}\227\"\370"
  82      B3E58A3F 
  82      DE080A99 
  82      E17D9722 
  82      F8
  83 029e 783AF930 		.ascii	"x:\3710x|\303M!\013-c\304]e_\227*\352\033\204,n\266"
  83      787CC34D 
  83      210B2D63 
  83      C45D655F 
  83      972AEA1B 
  84 02b6 82BAC0E0 		.ascii	"\202\272\300\340gP\0038~\224\226\305F\353\342\302: "
  84      67500338 
ARM GAS  /tmp/cc6BTCtp.s 			page 6


  84      7E9496C5 
  84      46EBE2C2 
  84      3A20
  85 02c8 DD69D229 		.ascii	"\335i\322)\250+\336\277y{}r8\243\005_a\265\302=]\"#"
  85      A82BDEBF 
  85      797B7D72 
  85      38A3055F 
  85      61B5C23D 
  86 02df 8044015A 		.ascii	"\200D\001Z(\200\205\244\276)\211b\302:1\2273\244K\230"
  86      288085A4 
  86      BE298962 
  86      C23A3197 
  86      33A44B98 
  87 02f3 5EA78475 		.ascii	"^\247\204u2\351\316\222nF\204n\354\310\303\036 \235"
  87      32E9CE92 
  87      6E46846E 
  87      ECC8C31E 
  87      209D
  88 0305 39AC3391 		.ascii	"9\2543\221\356\034\351\222\260u\022\3610\324\270\245"
  88      EE1CE992 
  88      B07512F1 
  88      30D4B8A5 
  89 0315 13F8C702 		.ascii	"\023\370\307\002\245\023\315\327+\342\014\224Z}\013"
  89      A513CDD7 
  89      2BE20C94 
  89      5A7D0B
  90 0324 7DC517BF 		.ascii	"}\305\027\277\324*=3u\236\010\255Sa\202\363\220A\267"
  90      D42A3D33 
  90      759E08AD 
  90      536182F3 
  90      9041B7
  91 0337 C7B0D624 		.ascii	"\307\260\326$\323X\022!\015.\340\332=\274!\016\356\255"
  91      D3581221 
  91      0D2EE0DA 
  91      3DBC210E 
  91      EEAD
  92 0349 ED8009DA 		.ascii	"\355\200\011\332J4\374\004\277:\245\010\310\274\\\232"
  92      4A34FC04 
  92      BF3AA508 
  92      C8BC5C9A 
  93 0359 04228336 		.ascii	"\004\"\2036\210\231DfX\033\252I[\316\340\"\211y\364"
  93      88994466 
  93      581BAA49 
  93      5BCEE022 
  93      8979F4
  94 036c 5A8B6FA1 		.ascii	"Z\213o\241\237Sr\006\227H GD\273L\321\340\012\261\014"
  94      9F537206 
  94      97482047 
  94      44BB4CD1 
  94      E00AB10C 
  95 0380 AC9B6A38 		.ascii	"\254\233j8\240\327\375\025\227>\004\272V\221\246c\203"
  95      A0D7FD15 
  95      973E04BA 
  95      5691A663 
  95      83
  96 0391 E8A0861A 		.ascii	"\350\240\206\0324\263\214S\200\253\220.\222\377q\277"
  96      34B38C53 
ARM GAS  /tmp/cc6BTCtp.s 			page 7


  96      80AB902E 
  96      92FF71BF 
  97 03a1 B347C237 		.ascii	"\263G\3027\320\016\262\330\005\203k\342~>\322\3342\030"
  97      D00EB2D8 
  97      05836BE2 
  97      7E3ED2DC 
  97      3218
  98 03b3 9F7ECF70 		.ascii	"\237~\317p\317$\355\243\232\272.\213pw\220\033~\001"
  98      CF24EDA3 
  98      9ABA2E8B 
  98      7077901B 
  98      7E01
  99 03c5 5980283A 		.ascii	"Y\200(:\302\330\010\024\367\035+\037\233C\345\263H\254"
  99      C2D80814 
  99      F71D2B1F 
  99      9B43E5B3 
  99      48AC
 100 03d7 93BC881A 		.ascii	"\223\274\210\032\355\027:\221l\235\317BqI_\351\355\026"
 100      ED173A91 
 100      6C9DCF42 
 100      71495FE9 
 100      ED16
 101 03e9 08E3931C 		.ascii	"\010\343\223\034)\177\311\313i3]\250\305\205\273\273"
 101      297FC9CB 
 101      69335DA8 
 101      C585BBBB 
 102 03f9 776FE3B8 		.ascii	"wo\343\270\200\237\312\247\240\363d\232)\371\030tC\241"
 102      809FCAA7 
 102      A0F3649A 
 102      29F91874 
 102      43A1
 103 040b CE5FA622 		.ascii	"\316_\246\"*S\304qh\242\343\220L,\214\375\336{P1p(\333"
 103      2A53C471 
 103      68A2E390 
 103      4C2C8CFD 
 103      DE7B5031 
 104 0422 74FAAA42 		.ascii	"t\372\252B\243\222\304\270\377lm\333\032\257C\240\210"
 104      A392C4B8 
 104      FF6C6DDB 
 104      1AAF43A0 
 104      88
 105 0433 22CED6F9 		.ascii	"\"\316\326\371l\264\300\257\264w\\<4\340\251Q\324j\312"
 105      6CB4C0AF 
 105      B4775C3C 
 105      34E0A951 
 105      D46ACA
 106 0446 86FB9E03 		.ascii	"\206\373\236\003\327A\207\012*\207\301\015P\351\237"
 106      D741870A 
 106      2A87C10D 
 106      50E99F
 107 0455 CF99D6CD 		.ascii	"\317\231\326\315f\0126\027\000n\242k\0046U\276\330\301"
 107      660A3617 
 107      006EA26B 
 107      043655BE 
 107      D8C1
 108 0467 454591FB 		.ascii	"EE\221\373x\305\213\007\205A\2178\315\264\307\243\367"
 108      78C58B07 
ARM GAS  /tmp/cc6BTCtp.s 			page 8


 108      85418F38 
 108      CDB4C7A3 
 108      F7
 109 0478 EBFF4E20 		.ascii	"\353\377N o\012N\351\026\035\345W\215\266U\244DS\323"
 109      6F0A4EE9 
 109      161DE557 
 109      8DB655A4 
 109      4453D3
 110 048b 3E4E8D39 		.ascii	">N\2159b\316\267\305\234{\247kq\254X\204\337\214\026"
 110      62CEB7C5 
 110      9C7BA76B 
 110      71AC5884 
 110      DF8C16
 111 049e 1BA047C1 		.ascii	"\033\240G\301\035\370\037\270\373\004\334\023\035K\304"
 111      1DF81FB8 
 111      FB04DC13 
 111      1D4BC4
 112 04ad 42FBFF03 		.ascii	"B\373\377\003\356P\315R\273(\307\313\343\246\002\273"
 112      EE50CD52 
 112      BB28C7CB 
 112      E3A602BB 
 113 04bd 38C02920 		.ascii	"8\300) \203;S\201\015\211\215\014L\002\366\271\336\337"
 113      833B5381 
 113      0D898D0C 
 113      4C02F6B9 
 113      DEDF
 114 04cf 6C1967B1 		.ascii	"l\031g\261_\2608(X\214\006\357\356\004x\024\\\334s\262"
 114      5FB03828 
 114      588C06EF 
 114      EE047814 
 114      5CDC73B2 
 115 04e3 B85A87E1 		.ascii	"\270Z\207\341\364-\201\024!\202Fo_p\217i\311Im+b\023"
 115      F42D8114 
 115      2182466F 
 115      5F708F69 
 115      C9496D2B 
 116 04f9 CB600896 		.ascii	"\313`\010\226\260\007\330\225\200\270\311\036\343\374"
 116      B007D895 
 116      80B8C91E 
 116      E3FC
 117 0507 70EA526F 		.ascii	"p\352Ro\273\177\011\216\207\337|\332\016xY\003E\302"
 117      BB7F098E 
 117      87DF7CDA 
 117      0E785903 
 117      45C2
 118 0519 5CE99999 		.ascii	"\\\351\231\231jV\236}\205\375\223\0345\337\255\272\012"
 118      6A569E7D 
 118      85FD931C 
 118      35DFADBA 
 118      0A
 119 052a 54B7CBAA 		.ascii	"T\267\313\252Z\363Vn\\\223\353\260[3\255\314\224g\313"
 119      5AF3566E 
 119      5C93EBB0 
 119      5B33ADCC 
 119      9467CB
 120 053d 753A65B7 		.ascii	"u:e\267\375s\233\214\357l\262\323e\317\227\234\237\361"
 120      FD739B8C 
ARM GAS  /tmp/cc6BTCtp.s 			page 9


 120      EF6CB2D3 
 120      65CF979C 
 120      9FF1
 121 054f 5CD72AA9 		.ascii	"\\\327*\251`%_\357vJ\005N\323\272\334\325kmjd4k\276"
 121      60255FEF 
 121      764A054E 
 121      D3BADCD5 
 121      6B6D6A64 
 122 0566 C391BF46 		.ascii	"\303\221\277Fu\346\273\012\334\352\373\313\262\263\262"
 122      75E6BB0A 
 122      DCEAFBCB 
 122      B2B3B2
 123 0575 3760686B 		.ascii	"7`hk\276\313\266|\335;\216\314<\366\326\264z\333\206"
 123      BECBB67C 
 123      DD3B8ECC 
 123      3CF6D6B4 
 123      7ADB86
 124 0588 02352B3B 		.ascii	"\0025+;\347\243\034\325\276\306\272z\355J\233ju\270"
 124      E7A31CD5 
 124      BEC6BA7A 
 124      ED4A9B6A 
 124      75B8
 125 059a EDEEE5AB 		.ascii	"\355\356\345\253\254V\364L\255xB\225\347\336\350F\305"
 125      AC56F44C 
 125      AD784295 
 125      E7DEE846 
 125      C5
 126 05ab CCEC9C65 		.ascii	"\314\354\234ei+r\3356\254\364\365\264\2147\231\344b"
 126      692B72DD 
 126      36ACF4F5 
 126      B48C3799 
 126      E462
 127 05bd 8AC3E6C8 		.ascii	"\212\303\346\310wmd\377\002\030\245\007\026"
 127      776D64FF 
 127      0218A507 
 127      16
 128              		.text
 129              		.section	.gnu.lto_chThdCreateFromMemoryPool.d69e21b1d791440d,"",%progbits
 130 0000 789C8555 		.ascii	"x\234\205U[LTW\024=\373\236\313\334a\006\212\017\252"
 130      5B4C5457 
 130      143DFB9E 
 130      CBDC6106 
 130      8A0FAA
 131 0013 96620389 		.ascii	"\226b\003\211\004m,\267MmJ\322&M\353O\373A\232H\177"
 131      046D2CB7 
 131      4D6D4AD2 
 131      264DEB4F 
 131      FB419A48 
 132 0028 FA6570A4 		.ascii	"\372ep\244B\342\010\231\301\327\027G\300\252\245\255"
 132      42E20899 
 132      C1D71747 
 132      C0AAA5AD 
 133 0038 8F466440 		.ascii	"\217Fd@z'5D\205\202H+\005yt*\342\003\025\225\012UA\004"
 133      7A273544 
 133      8582482B 
 133      0579742A 
 133      E2031595 
ARM GAS  /tmp/cc6BTCtp.s 			page 10


 134 0050 0650044D 		.ascii	"\006P\004MilmM\325\356}\3462\201\201X\022\230\271\367"
 134      696C6D4D 
 134      D5EE7DE6 
 134      32818158 
 134      1298B9F7 
 135 0064 ACB5CE3A 		.ascii	"\254\265\316:{\257}\010c\012\213\014gl\2241\366\026"
 135      7BAF7D08 
 135      630A8B0C 
 135      676C9431 
 135      F616
 136 0076 FE421803 		.ascii	"\376B\030\003eO\007c\333\254\212\242\266s&l\374L;c\""
 136      654F0763 
 136      DBAC8AA2 
 136      B673266C 
 136      FC4C3B63 
 137 008b 82831A78 		.ascii	"\202\203\032x\257\002\320\027a\005\226\253p\025ra7?"
 137      AF02D017 
 137      610596AB 
 137      70157261 
 137      373F
 138 009d C0E16A41 		.ascii	"\300\341jA\315A\376578\003\025\037'.\225\370_\240G\200"
 138      CD41FE35 
 138      37380315 
 138      1F272E95 
 138      F85FA047 
 139 00b2 387C2C15 		.ascii	"8|,\025\235\273\264e\207\205\310\023\276\003\235\266"
 139      9DBBB465 
 139      8785C813 
 139      BE039DB6 
 140 00c2 D2DA2B22 		.ascii	"\322\332+\"\334\340\012\363 \374\010\304\302a\210\245"
 140      DCE00AF3 
 140      20FC08C4 
 140      C26188A5 
 141 00d2 DD8FC232 		.ascii	"\335\217\3022\004\337\255?\263\323\312\227\000\303\357"
 141      04DFAD3F 
 141      B3D3CA97 
 141      00C3EF
 142 00e1 03FD138B 		.ascii	"\003\375\023\213\023\313%o\250\210\213%\006\347P\001"
 142      13CB256F 
 142      A8888B25 
 142      06E75001 
 143 00f1 7C2A0F5F 		.ascii	"|*\017_1\250\204DD\347\015\326u\003O\224Lo\227w\363"
 143      31A88444 
 143      44E70DD6 
 143      75034F94 
 143      4C6F9777 
 144 0106 24739147 		.ascii	"$s\221G\370T\003\315~\037JU\031TIje\336\235\373\234"
 144      F85403CD 
 144      7E1F4A55 
 144      1954496A 
 144      65DE9DFB 
 145 011b 2F97D45D 		.ascii	"/\227\324]\347\237\3705\223\333]\021\263?_|h\3600\250"
 145      E79FF835 
 145      93DB5D11 
 145      B33F5F7C 
 145      68F030A8 
 146 012f 0E2563B1 		.ascii	"\016%c\261\216I\362\305{\215'\254\374\015I~V_\376\227"
ARM GAS  /tmp/cc6BTCtp.s 			page 11


 146      8E49F2C5 
 146      7B8D27AC 
 146      FC0D497E 
 146      565FFE97 
 147 0143 DD24F71E 		.ascii	"\335$\367\036\220\226-P\023J\26508.\251c\242\260\031"
 147      90962D50 
 147      134AB530 
 147      382EA963 
 147      A2B019
 148 0156 F80A49ED 		.ascii	"\370\012I\355\352>\372\211\311\0347-kP\033J\325\030"
 148      EA3EFA89 
 148      C91C372D 
 148      6B501B4A 
 148      D518
 149 0168 FC008984 		.ascii	"\374\000\211\204\177P0\334o\017\324|\021>\3264\025\334"
 149      7F5030DC 
 149      6F0FD47C 
 149      113ED634 
 149      15DC
 150 017a 376BEE03 		.ascii	"7k\356\003|\2761\320\364\300\306\223\245t\325P\357\306"
 150      7CBE31D0 
 150      F4C0C693 
 150      A574D550 
 150      EFC6
 151 018c 8443C227 		.ascii	"\204C\302'\204\357A\345+\373\2048'P\335\012u\001\365"
 151      84EF41E5 
 151      2BFB8438 
 151      2750DD0A 
 151      7501F5
 152 019f 13A8FEA3 		.ascii	"\023\250\376\243\354\001#\264o\314_\251\362w$\323\377"
 152      EC0123B4 
 152      6FCC5FA9 
 152      F27724D3 
 152      FF
 153 01b0 55DB6E15 		.ascii	"U\333n\025\251\344j\244b\336\336\374\000U\203\372\351"
 153      A9E46AA4 
 153      62DEDEFC 
 153      005583FA 
 153      E9
 154 01c1 C64CEAE9 		.ascii	"\306L\352\351\341\177;\355\374=I\335VYz0\302\244\366"
 154      E17F3BED 
 154      FC3D49DD 
 154      56597A30 
 154      C2A4F6
 155 01d4 55C44C52 		.ascii	"U\304LR\02589+u\360\370\323\375\221\026\025\032!\001"
 155      1538392B 
 155      75F0F8D3 
 155      FD911615 
 155      1A2101
 156 01e7 1A20E110 		.ascii	"\032 \341\020\"~\202\004\312\010F\243\011,\300\030\237"
 156      227E8204 
 156      CA0846A3 
 156      092CC018 
 156      9F
 157 01f8 5CA49563 		.ascii	"\\\244\225c\235\340\023O\237\355\300&\275Z\322:R\255"
 157      9DE0134F 
 157      9FEDC026 
ARM GAS  /tmp/cc6BTCtp.s 			page 12


 157      BD5AD23A 
 157      52AD
 158 020a 2C062C8F 		.ascii	",\006,\217\202\001\3054`\201\021\246\001\265\327\206"
 158      8201C534 
 158      608111A6 
 158      01B5D786 
 159 021a AFC3EDF8 		.ascii	"\257\303\355\370\307\026\011\324\261(\240\342\317\005"
 159      C71609D4 
 159      B128A0E2 
 159      CF05
 160 0228 AA633423 		.ascii	"\252c4#I\306\276\300](\327\205\230J\374\344cP\340\365"
 160      49C6BEC0 
 160      5D28D785 
 160      984AFCE4 
 160      6350E0F5 
 161 023c EFD768DF 		.ascii	"\357\327h\3372nAw\015\015\343=Z\356\023a5\270\335\303"
 161      326E4177 
 161      0D0DE33D 
 161      5AEE1361 
 161      35B8DDC3 
 162 0250 D10B3443 		.ascii	"\321\0134C.+\343x\240\0106\014yq\322\"\356\211p6\004"
 162      2E2BE378 
 162      A008360C 
 162      7971D222 
 162      EE897036 
 163 0265 05375B3B 		.ascii	"\0057[;*#L:$\005\016Y\210Q\305q\342\243\220W2\332<l"
 163      2A234C3A 
 163      24050E59 
 163      8851C571 
 163      E2A39057 
 164 027d A76594DE 		.ascii	"\247e\224\336S\364m\241\246\277F\001\305c\025\323y\031"
 164      53F46DA1 
 164      A6BF4601 
 164      C56315D3 
 164      7919
 165 028f B4805E86 		.ascii	"\264\200^\206\275FhQx(\316\026\300\001\341~&\234\205"
 165      BD466851 
 165      7828CE16 
 165      C001E17E 
 165      269C85
 166 02a2 702747CF 		.ascii	"p'G\317\015\317\017\354hCt\321\366S\2275\212\003\227"
 166      0DCF0FEC 
 166      684374D1 
 166      F6539735 
 166      8A0397
 167 02b5 CD7874B6 		.ascii	"\315xt\266}g\204\001e\333\204\020q\006\217D\347\030"
 167      7D678401 
 167      65DB8410 
 167      71068F44 
 167      E718
 168 02c7 935859F9 		.ascii	"\223XY\371\362\241\274jM\257\022\201\245\027\340\027"
 168      F2A1BC6A 
 168      4DAF1281 
 168      A517E017 
 169 02d7 30A0180B 		.ascii	"0\240\030\013\201\362\247@G\355\374\203\237\177\032"
 169      81F2A740 
 169      47EDFC83 
ARM GAS  /tmp/cc6BTCtp.s 			page 13


 169      9F7F1A
 170 02e6 50B6E366 		.ascii	"P\266\343f\250/}\315v\004\323\232\354Y+Y\263\023\264"
 170      A82F7DCD 
 170      7604D39A 
 170      EC592B59 
 170      B313B4
 171 02f9 64C611C2 		.ascii	"d\306\021\302\0028\225p\247\011\0279;\316\022\300\205"
 171      02389570 
 171      A7091739 
 171      3BCE12C0 
 171      85
 172 030a 11AE8D70 		.ascii	"\021\256\215pQ\323p\017\217L\364\000\341\264\000\316"
 172      51D3700F 
 172      8F4CF400 
 172      E1B400CE 
 173 031a 42B83384 		.ascii	"B\2703\204\233\213MQ\350pw\232v\\\003\376\201,\302\211"
 173      9B8B4D51 
 173      E870779A 
 173      765C03FE 
 173      812CC289 
 174 032e 96EBC536 		.ascii	"\226\353\30563\221g=KK\362/|)\274ys\014\036\005ggf\022"
 174      3391673D 
 174      4B4BF22F 
 174      7C29BC79 
 174      730C1E05 
 175 0346 CE410292 		.ascii	"\316A\002\222v\214\212f\225\012\031\005qp\036\327\356"
 175      768C8A66 
 175      950A1905 
 175      71701ED7 
 175      EE
 176 0357 E145E3DF 		.ascii	"\341E\343\337]\323\011\301\320\026P\351|\337\324\333"
 176      5DD309C1 
 176      D01650E9 
 176      7CDFD4DB 
 177 0367 65503D5C 		.ascii	"eP=\\\231\222g\006\355`\231\022\360\000\326_\025\267"
 177      99926706 
 177      ED609912 
 177      F000D65F 
 177      15B7
 178 0379 9AC10502 		.ascii	"\232\301\005\002\363\320\265V\317\322RN\2333\270H\000"
 178      F3D0B556 
 178      CFD2524E 
 178      9B33B848 
 178      00
 179 038a 759ADA25 		.ascii	"u\232\332%R\203\016\232\007`\035\344\341;\243\366o["
 179      52830E9A 
 179      07601DE4 
 179      E13BA3F6 
 179      6F5B
 180 039c FC6D3044 		.ascii	"\374m0D1\266o\216\234w\177\243\260\252\330A\270\014"
 180      31B66F8E 
 180      9C777FA3 
 180      B0AAD841 
 180      B80C
 181 03ae F172F3DF 		.ascii	"\361r\363\337\307\257\365(\370\006\256\200*O\301\340"
 181      C7AFF528 
 181      F806AE80 
ARM GAS  /tmp/cc6BTCtp.s 			page 14


 181      2A4FC1E0 
 182 03be AABCAA8F 		.ascii	"\252\274\252\217\264\264\016G\304\017\232\354\271\204"
 182      B4B40E47 
 182      C40F9AEC 
 182      B984
 183 03cc FDA3BAB6 		.ascii	"\375\243\272\266\313.\331\235\304\206_A\225\021\227"
 183      CB2ED99D 
 183      C4865F41 
 183      951197
 184 03db 15616C0C 		.ascii	"\025al\014\362\373'\212\036.$\373l\372h\314\363`g\351"
 184      F2FB278A 
 184      1E2E24FB 
 184      6CFA68CC 
 184      F36067E9 
 185 03ef BC700DA7 		.ascii	"\274p\015\247\303\340\363\021\\\320_x\253\015\002\361"
 185      C3E0F311 
 185      5CD05F78 
 185      AB0D02F1 
 186 03ff 899E0E8F 		.ascii	"\211\236\016\217\366P\307\240\013\261\2700\262w\357"
 186      F650C7A0 
 186      0BB1B830 
 186      B277EF
 187 040e 2E8E0BF8 		.ascii	".\216\013\370\343}\014\006\177\221zJ<\006\335\220k\360"
 187      E37D0C06 
 187      7F917A4A 
 187      3C06DD90 
 187      6BF0
 188 0420 0564C21B 		.ascii	"\005d\302\033#\007\255\221\006-\232\262\360\360n_\271"
 188      2307AD91 
 188      062D9AB2 
 188      F0F06E5F 
 188      B9
 189 0431 66C62198 		.ascii	"f\306!\230yeF\346\275\013\014\276\020)\360\333\254\241"
 189      796546E6 
 189      BD0B0CBE 
 189      1029F0DB 
 189      ACA1
 190 0443 5F04D765 		.ascii	"_\004\327e\3505\352\373\015\320\021\320\366\354\221"
 190      E835EAFB 
 190      0DD011D0 
 190      F6EC91
 191 0452 2F8AC45E 		.ascii	"/\212\304^\002\005n\"K\216\355\355\340f\317U\277\325"
 191      02056E22 
 191      4B8EEDED 
 191      E066CF55 
 191      BFD5
 192 0464 ECAFE341 		.ascii	"\354\257\343Au\015z\244\272\225\324{)\236*\026f\273"
 192      750D7AA4 
 192      BA95D47B 
 192      299E2A16 
 192      66BB
 193 0476 F710229B 		.ascii	"\367\020\"\233f\0241\306C6\340\226\274_\250b\307\306"
 193      661431C6 
 193      4336E096 
 193      BC5FA862 
 193      C7C6
 194 0488 1BFE8924 		.ascii	"\033\376\211$'/c\317\373 \326\340\261f\023\212cB3\330"
ARM GAS  /tmp/cc6BTCtp.s 			page 15


 194      272F63CF 
 194      FB20D6E0 
 194      B166138A 
 194      634233D8 
 195 049c 399941EB 		.ascii	"9\231A\353\264\324\334\226\251\351\237\255a\341r\021"
 195      B4D4DC96 
 195      A9E99FAD 
 195      61E17211 
 196 04ac 06CC8699 		.ascii	"\006\314\206\231c\0232*e\3773*\203rT\202\365\217B\243"
 196      6313322A 
 196      65FF332A 
 196      83725482 
 196      F58F42A3 
 197 04c0 FEE78C8A 		.ascii	"\376\347\214\212\277\352\335Li\307\203w\311\214\370"
 197      BFEADD4C 
 197      69C78377 
 197      C98CF8
 198 04cf AF28E324 		.ascii	"\257(\343$\310`hf\374\207\345AF\246\304\377\2511\320"
 198      C8606866 
 198      FC87E541 
 198      46A6C4FF 
 198      A931D0
 199 04e2 629F4CB6 		.ascii	"b\237L\266_&\373\216Lvh\214\357\006cL\342\362>V\345"
 199      5F26FB8E 
 199      4C76688C 
 199      EF06634C 
 199      E2F23E56 
 200 04f7 653F0AA7 		.ascii	"e?\012\247ze@)pH\364\364\373\366\205%\327\211\235\030"
 200      7A654029 
 200      7048F4F4 
 200      FBF68525 
 200      D7899D18 
 201 050b 422B8351 		.ascii	"B+\203QHf\367\261*e\362\306\375\023\200\272\254\364"
 201      4866F7B1 
 201      2A65F2C6 
 201      FD1380BA 
 201      ACF4
 202 051d 5DA94CC6 		.ascii	"]\251L\306\366\360\307'\257\002\376\373\000R\302\275"
 202      F6F0C727 
 202      AF02FEFB 
 202      0052C2BD 
 203 052d E29392F4 		.ascii	"\342\223\222\364\225\031\231k2?N\325\263\334\272+Gw"
 203      9519996B 
 203      323F4ED5 
 203      B3DCBA2B 
 203      4777
 204 053f BB1CBA23 		.ascii	"\273\034\272#c\355\326\015i\316LG\222\203)\316l\025"
 204      63EDD60D 
 204      69CE4C47 
 204      928329CE 
 204      6C15
 205 0551 BFA7ABD9 		.ascii	"\277\247\253\331\256\314,%\3733\236\346Z\247\344\254"
 205      AECC2C25 
 205      FB339EE6 
 205      5AA7E4AC 
 206 0561 E59BDDD9 		.ascii	"\345\233\335\331JNv\330\246\264\365\033\323\365\351"
 206      4A4E76D8 
ARM GAS  /tmp/cc6BTCtp.s 			page 16


 206      A6B4F51B 
 206      D3F5E9
 207 0570 2A8E2CA7 		.ascii	"*\216,\2473k\203\236\235\345\312q\353\357\257JY\231"
 207      336B839E 
 207      9DE5CA71 
 207      EBEFAF4A 
 207      5999
 208 0582 B205251D 		.ascii	"\262\005%\035Y\256\364\325\233\336v&e\2607g\305\247"
 208      59AEF4D5 
 208      9BDE7626 
 208      65B03767 
 208      C5A7
 209 0594 6FC9D157 		.ascii	"o\311\321W\246\244~\224\252gnp\254\337\2706]w8\335\231"
 209      A6A47E94 
 209      AA676E70 
 209      ACDFB836 
 209      5D7738DD 
 210 05a9 EED5EB1C 		.ascii	"\356\325\353\034\016\344\314t\032De\270\267\272\021"
 210      0EE4CC74 
 210      1A4465B8 
 210      B7BA11
 211 05b8 31272575 		.ascii	"1'%uU\334\2324w::]\036\227\360:S\\Ls\246;\263\\[\331"
 211      55DC9A34 
 211      773A3A5D 
 211      1E97F03A 
 211      535C4C73 
 212 05d2 7F2ED624 		.ascii	"\177.\326$G"
 212      47
 213              		.text
 214              		.section	.gnu.lto_.symbol_nodes.d69e21b1d791440d,"",%progbits
 215 0000 789C55CA 		.ascii	"x\234U\312\273\015\302@\020\204\341\231\333;\273\013"
 215      BB0DC240 
 215      1084E199 
 215      DB3BBB0B 
 216 0010 6A3195ED 		.ascii	"j1\225\355\005\226\220 \241\010W\341\3301\025\020\020"
 216      05969020 
 216      A10857E1 
 216      D8311510 
 216      10
 217 0021 B8069EC6 		.ascii	"\270\006\236\306b\357\234\260\233\374\3227\233\020p"
 217      62EF9CB0 
 217      9BFCD237 
 217      9B1070
 218 0030 855DB853 		.ascii	"\205]\270S\201\363\005\260\214yo\362\240\322\011\027"
 218      81F305B0 
 218      8C796FF2 
 218      A0D20917 
 219 0040 6AA802E4 		.ascii	"j\250\002\344\334\031\274\251\342\340E\215\016>\324"
 219      DC19BCA9 
 219      E2E0458D 
 219      0E3ED4
 220 004f E4E0496D 		.ascii	"\344\340Im\034\254\324\366\037\004\015\206\333JA\302"
 220      1CACD4F6 
 220      1F040D86 
 220      DB4A41C2 
 221 005f 74F8EE04 		.ascii	"t\370\356\004\021s\255`:\226\006\314\245l\267?\246m"
 221      1173AD60 
ARM GAS  /tmp/cc6BTCtp.s 			page 17


 221      3A9606CC 
 221      A56CB73F 
 221      A66D
 222 0071 67445F5D 		.ascii	"gD_]\320\237J\003\006+~-u;\216"
 222      D09F4A03 
 222      062B7E2D 
 222      753B8E
 223              		.text
 224              		.section	.gnu.lto_.refs.d69e21b1d791440d,"",%progbits
 225 0000 789C6365 		.ascii	"x\234ce`b`d\000\002\000\000I\000\011"
 225      60626064 
 225      00020000 
 225      490009
 226              		.text
 227              		.section	.gnu.lto_.decls.d69e21b1d791440d,"",%progbits
 228 0000 789CB55A 		.ascii	"x\234\265ZyTT\331\231\257[\367\325BQ\200A'cz\2343=\306"
 228      795454D9 
 228      99AF5BF7 
 228      D5425180 
 228      4127637A 
 229 0018 4E38492B 		.ascii	"N8I+\242\035\333,'\351\036\317$\3513\323\351\234\230"
 229      A21DDB2C 
 229      27E91ECF 
 229      24E933D3 
 229      E99C98
 230 002b 9E39B3D6 		.ascii	"\2369\263\326\301\242ZH\263\245\252l\333\371'\205\200"
 230      C1A25A48 
 230      B3A5AA6C 
 230      DBF92785 
 230      80
 231 003c EC2EA0B2 		.ascii	"\354.\240\262+*(\253\210\342\212\310\242,\242\002\242"
 231      2B2A28AB 
 231      88E28AC8 
 231      A22CA202 
 231      A2
 232 004d E286AC0A 		.ascii	"\342\206\254\012.\210\012*\002\012\363\335\245x\257"
 232      2E880A2A 
 232      020AF3DD 
 232      A578AF
 233 005c 8A57B4C9 		.ascii	"\212W\264\311\231)\375\250\367\275\367\273\337v\277"
 233      9929FDA8 
 233      F7BDF7BB 
 233      DF76BF
 234 006b EFBBB7DE 		.ascii	"\357\273\267\336{*\205RQ\371\201BqR\243P\314Q*\024S"
 234      7B2A8552 
 234      51F98142 
 234      7152A350 
 234      CC512A14 
 235 0080 F0C10A85 		.ascii	"\360\301\012\205\242\004\210|/\000R\003}\246`\037-P"
 235      A204887C 
 235      2F005203 
 235      7DA6601F 
 235      2D50
 236 0092 1F5228C6 		.ascii	"\037R(\306\201\336\000)a\314|\240w\200\336\005Z\244"
 236      81DE0029 
 236      61CC7CA0 
 236      7780DE05 
ARM GAS  /tmp/cc6BTCtp.s 			page 18


 236      5AA4
 237 00a4 54CCF834 		.ascii	"T\314\3704`&\307\033h\036P*\214k!\004\307\347\201\252"
 237      6026C71B 
 237      681E502A 
 237      8C6B2104 
 237      C7E781AA 
 238 00b8 81CA813E 		.ascii	"\201\312\201>'\030\030\377S\270\366\236\222\351\374"
 238      271818FF 
 238      53B8F69E 
 238      92E9FC
 239 00c7 3BF8AE84 		.ascii	";\370\256\204\357\357\303\367\373@\213\201^\303\365"
 239      EFEFC3F7 
 239      FB408B81 
 239      5EC3F5
 240 00d6 25F0ED0B 		.ascii	"%\360\355\013\364\327@i\300\177\200\230\216\245Jf/\202"
 240      F4D74069 
 240      C07F8098 
 240      8EA54A66 
 240      2F82
 241 00e8 6F7089FA 		.ascii	"op\211\372\244\003r\003r\007\362\004\362\000\252\000"
 241      A4037203 
 241      7207F204 
 241      F200AA00 
 242 00f8 BC3BF785 		.ascii	"\274;\367\205\330\275\014\350\003\240\237p_\210O\304"
 242      D8BD0CE8 
 242      03A09F70 
 242      5F884FC4 
 243 0108 B79F2999 		.ascii	"\267\237)\231\237?\227\361\353\005\370\365\267N~\215"
 243      9F3F97F1 
 243      EB05F8F5 
 243      B74E7E8D 
 244 0118 22799F88 		.ascii	"\"y\237\210/\304\257_\300\361w\201^p\377\377R\337\334"
 244      2FC4AF5F 
 244      C0F17781 
 244      5E70FFFF 
 244      52DFDC
 245 012b 24BE8D20 		.ascii	"$\276\215 y\3776s\037\311\\-zK\037\341K\361k'_S1:\026"
 245      79FF3673 
 245      1FC95C2D 
 245      7A4B1FE1 
 245      4BF16B27 
 246 0144 539FADEF 		.ascii	"S\237\255\357D\035D5\232C\317\"\304\376\"J\224\235\262"
 246      441D4435 
 246      9A43CF22 
 246      C4FE224A 
 246      949DB2
 247 0157 7F10A2E7 		.ascii	"\177\020\242\347\251\251\210\011\265\237B\366\021\234"
 247      A9A98809 
 247      B59F42F6 
 247      119C
 248 0165 577256C9 		.ascii	"WrV\311E\322\377|0\222Hd\227\231&\373G\301\340\314\022"
 248      45D2FF7C 
 248      30924864 
 248      979926FB 
 248      47C1E0CC 
 249 017a 0562FFA8 		.ascii	"\005b\377\2508\245\250\000!\351\000\211@f6\277>m\237"
 249      38A5A800 
ARM GAS  /tmp/cc6BTCtp.s 			page 19


 249      21E90089 
 249      406636BF 
 249      3E6D9F
 250 018d 42740ED9 		.ascii	"Bt\016\331\275\037L\034\331-t\241;\010\271+r>B\364\334"
 250      BD1F4C1C 
 250      D92D74A1 
 250      3B08B92B 
 250      723E42F4 
 251 01a2 EED1FC09 		.ascii	"\356\321\374\011\015V\"r\3345\226\377\313%\3056\366"
 251      0D562272 
 251      DC3596FF 
 251      CB25C536 
 251      F6
 252 01b3 D12E11C3 		.ascii	"\321.\021\303v\260x\342\220N 1\373\\\217\326\010\344"
 252      76B078E2 
 252      904E2031 
 252      FB5C8FD6 
 252      08E4
 253 01c5 D4E5A843 		.ascii	"\324\345\250CYx3F\336:$\000\373\354RF\237'\260\363t"
 253      59783346 
 253      DE3A2400 
 253      FBEC5246 
 253      9F27B0F3 
 254 01da E85DF901 		.ascii	"\350]\371\001uS\243\325^l\200\022\330\266\247\027\263"
 254      7553A3D5 
 254      5E6C8012 
 254      D8B6A717 
 254      B3
 255 01eb DDD98039 		.ascii	"\335\331\2009\304\264#\027\363\360\374\235Ts\244m\216"
 255      C4B42317 
 255      F3F0FC9D 
 255      5473A46D 
 255      8E
 256 01fc 12FDCBB7 		.ascii	"\022\375\313\267\321!\264\000\225\"\310\030T\206\346"
 256      D121B400 
 256      9522C818 
 256      5486E6
 257 020b C3DF8348 		.ascii	"\303\337\203H`\346\224\227^\314\326\351\343m\266\215"
 257      60E69497 
 257      5ECCD6E9 
 257      E36DB68D 
 258 021b B6AD9136 		.ascii	"\266\255\2216\267_\223\353\250\004\320\305\024}\030"
 258      B75F93EB 
 258      A804D0C5 
 258      147D18
 259 022a E951215A 		.ascii	"\351Q!Z\302\260\245\265\271\203Z\374w\304?\345\331\326"
 259      C2B0A5B5 
 259      B9835AFC 
 259      77C43FE5 
 259      D9D6
 260 023c A61677A4 		.ascii	"\246\026w\244\367q1\022\035E>\222\301\373\211-\325S"
 260      F7713112 
 260      1D453E92 
 260      C1FB892D 
 260      D553
 261 024e 510B23A2 		.ascii	"Q\013#\242m6%*\207\013G\020\346\027\011\216+\030\311"
 261      6D36252A 
ARM GAS  /tmp/cc6BTCtp.s 			page 20


 261      870B4710 
 261      E617098E 
 261      2B18C9
 262 0261 1E11A8AB 		.ascii	"\036\021\250\253\004Q\204\250\263w\032\013\212Ht\276"
 262      045184A8 
 262      B3771A0B 
 262      8A4874BE 
 263 0271 AF436492 		.ascii	"\257Cd\222\274\010n\360\344\230\007;E\020m[\206s5\370"
 263      BC086EF0 
 263      E498073B 
 263      45106D5B 
 263      867335F8 
 264 0285 536A577A 		.ascii	"SjWz\323\365Z\001\371\350\230\306\206\314\237\247\017"
 264      D3F55A01 
 264      F9E898C6 
 264      86CC9FA7 
 264      0F
 265 0296 DB6CEFA2 		.ascii	"\333l\357\242\012\244C'E\215\337\327\301\337\330i\323"
 265      0AA44327 
 265      458DDFD7 
 265      C1DFD869 
 265      D3
 266 02a7 15A2DDA7 		.ascii	"\025\242\335\247\300n\020Kp\350\004\234<\016'AEA\356"
 266      C06E104B 
 266      70E8049C 
 266      3C0E2741 
 266      4541EE
 267 02ba B6BD6A5C 		.ascii	"\266\275j\\\211\250\216\3723\267o\010H\347#+\340\214"
 267      89A88EFA 
 267      33B76F08 
 267      48E7232B 
 267      E08C
 268 02cc 8C0066CC 		.ascii	"\214\000f\314\350\211\205\365\324\375J0\346\264h\014"
 268      E88985F5 
 268      D4FD4A30 
 268      E6B4680C 
 269 02dc D8C6DCB7 		.ascii	"\330\306\334\267m\237\330\355\201sh\002)m\367\352\356"
 269      6D9FD8ED 
 269      81736802 
 269      296DF7EA 
 269      EE
 270 02ed 295D29A9 		.ascii	")])\251q\251\244\341\322\273i\343\304\343jPR%*\251\264"
 270      71A9A4E1 
 270      D2BB69E3 
 270      C4E36A50 
 270      52252AA9 
 271 0302 2BA9AE6A 		.ascii	"+\251\256jH\324\323\030\023\3041\026\343k\257*\307\365"
 271      48D4D318 
 271      13C43116 
 271      E36BAF2A 
 271      C7F5
 272 0314 B88F6A16 		.ascii	"\270\217j\026\272\367\015?R#\237\005\010\351\200\366"
 272      BAF70D3F 
 272      52239F05 
 272      08E980F6 
 273 0324 DB735881 		.ascii	"\333sX\201\352a\300Y\204\355= \303\006\266=\375\023"
 273      EA61C059 
ARM GAS  /tmp/cc6BTCtp.s 			page 21


 273      84ED3D20 
 273      C306B63D 
 273      FD13
 274 0336 39CD62F9 		.ascii	"9\315b\371t\257\015\317W\240\345\013\320R\260\361\034"
 274      74AF0DCF 
 274      57A0E50B 
 274      D052B0F1 
 274      1C
 275 0347 D8482E29 		.ascii	"\330H.)P\003XX\007\026f\330\264\364\014(\334ziO\246"
 275      50035858 
 275      071666D8 
 275      B4F40C28 
 275      DC7A694F 
 276 035c 9B8E8F8A 		.ascii	"\233\216\217\212\235u\024\240\237\216t\\UJ\223\264\021"
 276      9D7514A0 
 276      9F8E745C 
 276      554A93B4 
 276      11
 277 036d 2C1193F4 		.ascii	",\021\223\364<\315\037\002\354\211\357}\240\242\316"
 277      3CCD1F02 
 277      EC89EF7D 
 277      A0A2CE
 278 037c C13954EB 		.ascii	"\3019T\353\230@\237\315L\240\317X\002\345\216=9\256"
 278      98409FCD 
 278      4CA0CF58 
 278      02E58E3D 
 278      39AE
 279 038e C7F759E0 		.ascii	"\307\367Y\340/W>\356\321Ng\320\324\235\205\025\235$"
 279      2F573EEE 
 279      D14E67D0 
 279      D49D8515 
 279      9D24
 280 03a0 9E2DA0F2 		.ascii	"\236-\240\362\222\030\317\317\\fP3x\360\031\237\233"
 280      9218CFCF 
 280      5C665033 
 280      78F0199F 
 280      9B
 281 03b1 8B70F202 		.ascii	"\213p\362\002\363\241\241,\262\205\2251\221\324\304"
 281      F3A1A12C 
 281      B2859531 
 281      91D4C4
 282 03c0 4CB357AE 		.ascii	"L\263W\2567\253\334c\375\347\353u\254\220m\010\370\214"
 282      37ABDC63 
 282      FDE7EB75 
 282      AC906D08 
 282      F88C
 283 03d2 8AE74D2A 		.ascii	"\212\347M*vY\013\354\361\241\242\343\036\354r5\031}"
 283      76590BEC 
 283      F1A1A2E3 
 283      1EEC7235 
 283      197D
 284 03e4 72C456EE 		.ascii	"r\304V\356\201\3330\365\341\334\363\256\375z|\2231\303"
 284      81DB30F5 
 284      E1DCF3AE 
 284      FD7A7C93 
 284      31C3
 285 03f6 9DF9856E 		.ascii	"\235\371\205n\270\2231[;\306N\273\343\273\234\231x\323"
ARM GAS  /tmp/cc6BTCtp.s 			page 22


 285      B893315B 
 285      3BC64EBB 
 285      E3BB9C99 
 285      78D3
 286 0408 ADC10F18 		.ascii	"\255\301\017\030\3638\257\371\260\033\010\364\321\241"
 286      F338AFF9 
 286      B01B08F4 
 286      D1A1
 287 0416 3F49A2E2 		.ascii	"?I\242\342\303\242\222\265\2557\325\015?\241P\345\256"
 287      C3A292B5 
 287      AD37D50D 
 287      3FA150E5 
 287      AE
 288 0427 C11B911E 		.ascii	"\301\033\221\036\222\272\372^6\255\253N\360\245C\214"
 288      92BAFA5E 
 288      36ADAB4E 
 288      F0A5438C 
 289 0437 8ACF7454 		.ascii	"\212\317tTr\"m\337\212\360S\240\253\020\201+$,w ,><"
 289      72226DDF 
 289      8AF053A0 
 289      AB10812B 
 289      242C7720 
 290 044e 2CB7E1E4 		.ascii	",\267\341\344-\026\226\230\250\374-\356x\234)\251\273"
 290      2D169698 
 290      A8FC2DEE 
 290      789C29A9 
 290      BB
 291 045f BDE9AB69 		.ascii	"\275\351\253i\035\243'\2265\320r\351\001\035]\242\216"
 291      1DA32796 
 291      35D072E9 
 291      011D5DA2 
 291      8E
 292 0470 4EE45A49 		.ascii	"N\344ZI\267\274\222\316\322\333\347\004\034)P%m\251"
 292      B7BC92CE 
 292      D2DBE704 
 292      1C295025 
 292      6DA9
 293 0482 9B9EA844 		.ascii	"\233\236\250D-q\370\316Y\310,\001\335\0055\275\242\232"
 293      2D71F8CE 
 293      59C82C01 
 293      DD0535BD 
 293      A29A
 294 0494 9E59D4F4 		.ascii	"\236Y\324\364\311\253\311\333tm\300\023\237\242jPqm"
 294      C9ABC9DB 
 294      746DC013 
 294      9FA26A50 
 294      716D
 295 04a6 7A933BAE 		.ascii	"z\223;\256g\314\336\210k\027<\360\005\306tMt\036\305"
 295      67CCDE88 
 295      6B173CF0 
 295      05C6744D 
 295      741EC5
 296 04b9 B8953185 		.ascii	"\270\2251\205\223\317\233\274\3605\306\334\336U\377"
 296      93CF9BBC 
 296      F035C6DC 
 296      DE55FF
 297 04c8 00CA9031 		.ascii	"\000\312\2201b\337\207lb}\377\356\323\264G\036\3239"
ARM GAS  /tmp/cc6BTCtp.s 			page 23


 297      62DF876C 
 297      627DFFEE 
 297      D3B4471E 
 297      D339
 298 04da F488E5D0 		.ascii	"\364\210\345\320\325\222\272\375*i\273\207eBl\367\217"
 298      D592BAFD 
 298      2A69BB87 
 298      65426CF7 
 298      8F
 299 04eb 69BB1FB4 		.ascii	"i\273\037\264\267\373\243\027wg\252\244\225\364\330"
 299      B7FBA317 
 299      7767AAA4 
 299      95F4D8
 300 04fa A1DD0F49 		.ascii	"\241\335\017I\333\375\221\316\315g=\360 \213Z\334\375"
 300      DBFD91CE 
 300      CD673DF0 
 300      208B5ADC 
 300      FD
 301 050b DE7BC8B1 		.ascii	"\336{\310\261\337K\207\242g\020\222!\247~\337\262\033"
 301      DF4B87A2 
 301      67109221 
 301      A77EDFB2 
 301      1B
 302 051c 6FD94763 		.ascii	"o\331Gc\373\024\256<\021c;do\370\333w\336(\364\302\005"
 302      FB14AE3C 
 302      11633B64 
 302      6FF8DB77 
 302      DE28F4C2 
 303 0531 2AEAB07D 		.ascii	"*\352\260}\335\363\346\353\336\375\252,{1\220U.\277"
 303      DDF3E6EB 
 303      DEFDAA2C 
 303      7B319055 
 303      2EBF
 304 0543 F4E07577 		.ascii	"\364\340uw|\224a\213F\243\216z\341\223\214\261\327\205"
 304      7C94618B 
 304      46A38E7A 
 304      E1938CB1 
 304      D785
 305 0555 37AF8BFC 		.ascii	"7\257\213\374\376\254\315z\306\257$\001j\355\314\303"
 305      FEACCD7A 
 305      C6AF2401 
 305      6AEDCCC3 
 306 0565 B88A613B 		.ascii	"\270\212a;\216$\235\325\342F\306T\034?]\317\353k)\260"
 306      8E249DD5 
 306      E246C654 
 306      1C3F5DCF 
 306      EB6B29B0 
 307 0579 9177B37B 		.ascii	"\221w\263{<q+\273V\277%*Q\207oRFY\224\024;\350\262\343"
 307      3C712BBB 
 307      56BF252A 
 307      51876F52 
 307      46599414 
 308 0591 4FCDD28C 		.ascii	"O\315\322\214\337g\315x\022\246\353\215L3\316\034\271"
 308      DF67CD78 
 308      12A6EB8D 
 308      4C33CE1C 
 308      B9
ARM GAS  /tmp/cc6BTCtp.s 			page 24


 309 05a2 F3C08D19 		.ascii	"\363\300\215\031\340CV\231S#yj|\217\031p\256\357J\243"
 309      E0435699 
 309      5323796A 
 309      7C8F1970 
 309      AEEF4AA3 
 310 05b6 0A0F3126 		.ascii	"\012\0171&\247\266g1\236b\307\247v\234~\254\305Qj\312"
 310      A7B66731 
 310      9E62C7A7 
 310      769C7EAC 
 310      C5516ACA 
 311 05ca F44E4DFE 		.ascii	"\364NM\376\001og\307q\305q\365\2368\2131{\253*\0065"
 311      016F67C7 
 311      71C571F5 
 311      9E388B31 
 311      7BAB2A06 
 312 05df B89831F9 		.ascii	"\270\2301\371\017\273^c\\\301\230\236\216\206C\236\270"
 312      0FBB5E63 
 312      5CC1989E 
 312      8E86439E 
 312      B8
 313 05f0 923115A3 		.ascii	"\2221\025\243\231\025^\370\034c.\365M\015\353\360\005"
 313      99155EF8 
 313      1C632EF5 
 313      4D0DEBF0 
 313      05
 314 0601 C61CCF98 		.ascii	"\306\034\317\230\254\026p\033c\242\223JR\311d\250Y\017"
 314      AC16701B 
 314      63A2934A 
 314      52C964A8 
 314      590F
 315 0613 D5D0641C 		.ascii	"\325\320d\034?&\260S\304\331\257\341TvzG\231'n\247C"
 315      3F26B053 
 315      C4D9AFE1 
 315      54767A47 
 315      99276EA7 
 316 0628 94833D71 		.ascii	"\224\203=q\361ZI\307X\221\376\224\204b\233R\207\266"
 316      F15A49C7 
 316      5891FE94 
 316      84629B52 
 316      87B6
 317 063a 28A743A1 		.ascii	"(\247C\241\346Uf\233\021\326\255J\037\"\233\206u\263"
 317      E655669B 
 317      11D6AD4A 
 317      1F229B86 
 317      75B3
 318 064c 72014A52 		.ascii	"r\001JR\322\"\033\036{Z.\340n\246#\276g\370\215\027"
 318      D2221B1E 
 318      7B5A2EE0 
 318      6EA623BE 
 318      67F88D17 
 319 0660 9B979902 		.ascii	"\233\227\231\002\266\313\010\230n-GikI\001c\222Ec\300"
 319      B6CB0898 
 319      6E2D4769 
 319      6B490163 
 319      924563C0 
 320 0674 36BE8ED8 		.ascii	"6\276\216\330&\322aA`J*J\366\305\352DG.}\300\3464\025"
 320      26D26141 
ARM GAS  /tmp/cc6BTCtp.s 			page 25


 320      604A2A4A 
 320      F6C5EA44 
 320      472E7DC0 
 321 068b C6EE10C7 		.ascii	"\306\356\020\307\246(]z\262S\336\223\361\224\223G\335"
 321      A6285D7A 
 321      B253DE93 
 321      F1949347 
 321      DD
 322 069c F1100B70 		.ascii	"\361\020\013p\302\216\307\373=\361s\306L\334\337~\023"
 322      C28EC7FB 
 322      3DF173C6 
 322      4CDCDF7E 
 322      13
 323 06ad B1B4D003 		.ascii	"\261\264\320\003\273\261\342\3466/V\011\335t\325\030"
 323      BBB1E2E6 
 323      362F5609 
 323      DD74D518 
 324 06bd 8F9D1470 		.ascii	"\217\235\024p\204\206b\257'^\271\255\306q\224Q\216="
 324      848662AF 
 324      275EB9AD 
 324      C6719451 
 324      8E3D
 325 06cf 6C2C719F 		.ascii	"l,q\2376\265i>,\333h7\330\231\375Vv\356\222\267\263"
 325      36B5693E 
 325      2CDB6837 
 325      D899FD56 
 325      76EE92B7 
 326 06e4 BE256744 		.ascii	"\276%gD\213\2670u'\267%C\362\355`LgZB\205;\316g\314"
 326      8BB73075 
 326      27B72543 
 326      F2ED604C 
 326      675A4285 
 327 06fc 992DC327 		.ascii	"\231-\303'\334p)cb^\365\036\362\302'\030\3630\262\272"
 327      DC702963 
 327      625EF51E 
 327      F2C22718 
 327      F330B2BA 
 328 0710 47C0558C 		.ascii	"G\300U\214)\215\276[\240\005g\026@&!\311\242\263\200"
 328      298DBE5B 
 328      A0056716 
 328      402621C9 
 328      A2B380
 329 0723 2D3AE5D5 		.ascii	"-:\345\325#%\002>\307\3349V~7C\022\371\314%\3211d\326"
 329      2325023E 
 329      C7DC3956 
 329      7E374312 
 329      F9CC25D1 
 330 073a 0AC1A37C 		.ascii	"\012\301\243|\321\243\005\323\215\332q\003R\000\356"
 330      D1A305D3 
 330      8DDA7103 
 330      5200EE
 331 0749 2CE0EE1C 		.ascii	",\340\356\034\000w\3663w\012v\347\237\363\300\315LC"
 331      0077F633 
 331      770A76E7 
 331      9FF3C0CD 
 331      4C43
 332 075b FA8E9A72 		.ascii	"\372\216\232rO\311\222\263\360\010\315\213\022\320P"
ARM GAS  /tmp/cc6BTCtp.s 			page 26


 332      4FC992B3 
 332      F008CD8B 
 332      12D050
 333 076a 246A2854 		.ascii	"$j(T\272PQ,\257bc\312\225b7\334\316T\364T\237M\306\222"
 333      BA50512C 
 333      AF6263CA 
 333      956237DC 
 333      CE54F454 
 334 0782 F459799D 		.ascii	"\364Yy\235:q\010T\034\024U\224\270RQ*\257bGF\377|\334"
 334      3A710854 
 334      1C145594 
 334      B852512A 
 334      AF624746 
 335 0799 C9429A90 		.ascii	"\311B\232\2208Y\212\361]\246.\373\314\370\026\321\243"
 335      38598AF1 
 335      5DA62EFB 
 335      CCF816D1 
 335      A3
 336 07aa 5ECD47A8 		.ascii	"^\315G\250\0344\035~\013MG\3445\335\311~2\"\340A\246"
 336      1C341D7E 
 336      0B4D47E4 
 336      35DDC97E 
 336      3222E041 
 337 07bf 2AF76CE9 		.ascii	"*\367l\351e\015\036f\252\372\036\034~%\356\011\036"
 337      650D1E66 
 337      AAFA1E1C 
 337      7E25EE09 
 337      1E
 338 07d0 82AA13A0 		.ascii	"\202\252\023\240\352\330[\250:.\257j(\352^7\337\016"
 338      EAD85BA8 
 338      3A2EAF6A 
 338      28EA5E37 
 338      DF0E
 339 07e2 CD2705B2 		.ascii	"\315'\005\262=m9\236`\212\363\237<8\357)]\270\356:l"
 339      3D6D399E 
 339      608AF39F 
 339      3C38EF29 
 339      5DB8EE3A 
 340 07f7 012B94F6 		.ascii	"\001+\224\366-\340\306\336c\355\010o\324\322Q5\227\""
 340      2DE0C6DE 
 340      63ED086F 
 340      D4D25135 
 340      9722
 341 0809 0BDC710C 		.ascii	"\013\334q\014cz\337\354\271\253\301I\214y\225v>\327"
 341      637ADFEC 
 341      B9ABC149 
 341      8C799576 
 341      3ED7
 342 081b 03A73026 		.ascii	"\003\2470&\271\270\365\272\032\2472\306^m\336\274\332"
 342      B9B8F5BA 
 342      1AA732C6 
 342      5E6DDEBC 
 342      DA
 343 082c 3A0F4E9E 		.ascii	":\017N\236V\343\014vqw\307\263\022\015\316\246\214\262"
 343      56E30C76 
 343      7177C7B3 
 343      120DCEA6 
ARM GAS  /tmp/cc6BTCtp.s 			page 27


 343      8CB2
 344 083e E6DA9E02 		.ascii	"\346\332\236\002\017\3075\021~jM\227S\0358\371\271\343"
 344      0FC73511 
 344      7E6A4D97 
 344      531D38F9 
 344      B9E3
 345 0850 8A08BB8D 		.ascii	"\212\010\273\215K}1dE<\247\324\243\263b\244>\347\013"
 345      4B7D3164 
 345      453CA7D4 
 345      A3B362A4 
 345      3EE70B
 346 0863 E2F19E1D 		.ascii	"\342\361\236\035U|A\270A\370\356\215\365W\264x?S\376"
 346      557C41B8 
 346      41F8EE8D 
 346      F557B478 
 346      3F53FE
 347 0876 6CE8EA6B 		.ascii	"l\350\352k\017\\\310\230+\375{\242\370\"\327J\177<\214"
 347      0F5CC898 
 347      2BFD7BA2 
 347      F822D74A 
 347      7F3C8C
 348 0889 9DB9A5C6 		.ascii	"\235\271\245\306\007\331\305\333;^u\273\3412\306$\324"
 348      07D9C5DB 
 348      3B5E75BB 
 348      E132C624 
 348      D4
 349 089a 1DADE73F 		.ascii	"\035\255\347?/\033\011\337x-\241J\300\345\354\342\201"
 349      2F1B09DF 
 349      782DA14A 
 349      C0E5ECE2 
 349      81
 350 08ab 0BDD3615 		.ascii	"\013\3356\025>\316\230\323\361\027^k\361)\306d\234\212"
 350      3ECE98D3 
 350      F1175E6B 
 350      F129C664 
 350      9C8A
 351 08bd D9A8C395 		.ascii	"\331\250\303\225\214io\272\025\357\216\253\031S{mo\213"
 351      8C696FBA 
 351      15EF8EAB 
 351      19537B6D 
 351      6F8B
 352 08cf 0A9F634C 		.ascii	"\012\237cL\312\310\253b\204\033\031s\357\360\355K\032"
 352      CAC8AB62 
 352      841B1973 
 352      EFF0ED4B 
 352      1A
 353 08e0 7C913139 		.ascii	"|\22119'\273\316\253q+c\206\033\262\326\343\253\354"
 353      27BBCEAB 
 353      712B6386 
 353      1BB2D6E3 
 353      ABEC
 354 08f2 38B6FC56 		.ascii	"8\266\374V\262\016\337`\314\276S\2035\030w0f<\246,\321"
 354      B20EDF60 
 354      CCBE5383 
 354      35187730 
 354      663CA62C 
 355 0907 0D773366 		.ascii	"\015w3f\240)i9\276\313\216\263\036LY\361}v\\\334WqF"
ARM GAS  /tmp/cc6BTCtp.s 			page 28


 355      A0296939 
 355      BECB8EB3 
 355      1E4C59F1 
 355      7D765CDC 
 356 091e 83071993 		.ascii	"\203\007\031\223\326Y\026%\340\247\214\271\276k|\334"
 356      D6591625 
 356      E0A78CB9 
 356      BE6B7CDC 
 357 092e 1D3F674C 		.ascii	"\035?gLWR\347\277\343W\354\270\252=\376\265\036\277"
 357      5752E7BF 
 357      E357ECB8 
 357      AA3DFEB5 
 357      1EBF
 358 0940 664CD1D4 		.ascii	"fL\321\324\310\026=\266\271Q\246i\337\313Z\276\005\270"
 358      C8163DB6 
 358      B951A669 
 358      DFCB5ABE 
 358      05B8
 359 0952 4BF8B1B2 		.ascii	"K\370\261\262g\317\265\254\327\346\250S\361\337\334"
 359      67CFB5AC 
 359      D7E6A853 
 359      F1DFDC
 360 0961 DFF9A240 		.ascii	"\337\371\242@\203\026\321\317\334E\322\217\017\373\332"
 360      8316D1CF 
 360      DC45D28F 
 360      0FFBDA
 361 0970 4B26BF7A 		.ascii	"K&\277z\240@\325Q\324\224h\313\251Etj[aj\037*\347\212"
 361      A040D551 
 361      D49468CB 
 361      A945746A 
 361      5B616A1F 
 362 0987 C9304AD3 		.ascii	"\3110J\323\324\217\334\263a#\036\376g\272\255:\012S"
 362      D48FDCB3 
 362      61231EFE 
 362      67BAAD3A 
 362      0A53
 363 0999 74BB33DA 		.ascii	"t\2733\332\246tB\017K\320\327\344\321%H\2047\375\267"
 363      A674420F 
 363      4BD0D7E4 
 363      D1254884 
 363      37FDB7
 364 09ac 086F7286 		.ascii	"\010or\206\237\237\001\257\225\300/\310\303\245\266"
 364      9F9F01AF 
 364      95C02FC8 
 364      C3A5B6
 365 09bb FC97886E 		.ascii	"\374\227\210nvF_\024\321\333\350\032c\263}$\300\216"
 365      76465F14 
 365      D1DBE81A 
 365      63B37D24 
 365      C08E
 366 09cd 198ABC17 		.ascii	"\031\212\274\027.\241\036>\000\362\036\275\202\002y"
 366      2EA11E3E 
 366      00F21EBD 
 366      820279
 367 09dc AA5C8406 		.ascii	"\252\\\204\006\201\306\200\236\001\275\006z\003\364"
 367      81C6809E 
 367      01BD067A 
ARM GAS  /tmp/cc6BTCtp.s 			page 29


 367      03F4
 368 09ea 08E825D0 		.ascii	"\010\350%\320$\3208\320=\240~\240\021\240Q\240\027@"
 368      24D038D0 
 368      3DA07EA0 
 368      11A051A0 
 368      1740
 369 09fc 4F80EE02 		.ascii	"O\200\356\002\015\003=\000\232\000\272\0174\000\364"
 369      0D033D00 
 369      9A00BA0F 
 369      3400F4
 370 0a0b 186808E8 		.ascii	"\030h\010\350\271r\021\375\261\312\343\"\011\343-g\323"
 370      B97211FD 
 370      B1CAE322 
 370      09E32D67 
 370      D3
 371 0a1c 4F3A3BDA 		.ascii	"O:;\332\373\037\"\272\313\031\355\353\034\3046I\020"
 371      FB1F22BA 
 371      CB19EDEB 
 371      1CC43649 
 371      10
 372 0a2d 1B9DD1F5 		.ascii	"\033\235\321\365\316\262oI\320\015\362h\007\341\222"
 372      CEB26F49 
 372      D00DF268 
 372      07E192
 373 0a3c 985F7686 		.ascii	"\230_v\206\277B\316\360[\022\313\273e-\227\316\247\004"
 373      BF42CEF0 
 373      5B12CBBB 
 373      652D97CE 
 373      A704
 374 0a4e 7CC7197C 		.ascii	"|\307\031|e\206\354\207\022SZ\344\323\\\012\037\227"
 374      6586EC87 
 374      12535AE4 
 374      D35C0A1F 
 374      97
 375 0a5f 84FCAA33 		.ascii	"\204\374\2523|\302\271*z%a\251uF\3278\007\261IbJ\233"
 375      7CC2B92A 
 375      7A2561A9 
 375      7546D738 
 375      07B14962 
 376 0a75 7C5424E8 		.ascii	"|T$\3506\211%7\345'\337\241($\302\257\310\033\316\340"
 376      36892537 
 376      E527DFA1 
 376      2824C2AF 
 376      C81BCEE0 
 377 0a89 ACB537DF 		.ascii	"\254\2657\337\236\023a\263!\002S\360\256.\346\335\320"
 377      9E1361B3 
 377      210253F0 
 377      AE2EE6DD 
 377      D0
 378 0a9a 6DEFE448 		.ascii	"m\357\344H[\343R*\254S>\306\322(H,\275\356\214\036\231"
 378      5BE3522A 
 378      AC533EC6 
 378      D228482C 
 378      BDEE8C1E 
 379 0aaf 196289A5 		.ascii	"\031b\211\245\227\344\013\322\001.\231\357\016g\370"
 379      97E40BD2 
 379      012E99EF 
ARM GAS  /tmp/cc6BTCtp.s 			page 30


 379      0E67F8
 380 0abe 65675B6A 		.ascii	"eg[j%\266\334\226G;d\236\004~C\336t*\234\374\334:\373"
 380      25B6DC96 
 380      473B649E 
 380      047E43DE 
 380      742A9CFC 
 381 0ad5 E2BAC392 		.ascii	"\342\272\303\222.\305\302\317\252\351%\275\363\364\336"
 381      2EC5C2CF 
 381      AAE925BD 
 381      F3F4DE
 382 0ae4 510F7C9A 		.ascii	"Q\017|\2326l\374\242,\032\232\372\242\271>L\037\254"
 382      366CFCA2 
 382      2C1A9AFA 
 382      A2B93E4C 
 382      1FAC
 383 0af6 A819F72E 		.ascii	"\250\031\367.\260\306\013#P5\350\334\210e\263}\033\337"
 383      B0C60B23 
 383      5035E8DC 
 383      8865B37D 
 383      1BDF
 384 0b08 F3927E24 		.ascii	"\363\222~$\366N\314\360\244\037Eb\037\024\201Y\277\340"
 384      F64ECCF0 
 384      A41F4562 
 384      1F148159 
 384      BFE0
 385 0b1a 935AC026 		.ascii	"\223Z\300&\025\020\322I%\213\310\306\201\307\030\237"
 385      1510D249 
 385      258BC8C6 
 385      81C7189F 
 386 0b2a 678BC8A3 		.ascii	"g\213\310\243\376\"h\341\315\214\311\352\252\355\344"
 386      FE2268E1 
 386      CD8CC9EA 
 386      AAEDE4
 387 0b39 4BF839C2 		.ascii	"K\3709\302\037\353\332\036\247\347+\012\271\275;\360"
 387      1FEBDA1E 
 387      A7E72B0A 
 387      B9BD3BF0 
 388 0b49 F265BB1A 		.ascii	"\362e\273\032\337`\340#S\005\2330\356d\314\353\274\226"
 388      DF60E023 
 388      53059B30 
 388      EE64CCEB 
 388      BC96
 389 0b5b 1B5A3CC0 		.ascii	"\033Z<\300\230\23277\263t\370)e~V\363(=O\207\350\002"
 389      989A3737 
 389      B374F829 
 389      657E56F3 
 389      283D4F87 
 390 0b71 A49FCBFF 		.ascii	"\244\237\313\377\0037w\221\217\017\371\202\277\363\330"
 390      03377791 
 390      8F0FF982 
 390      BFF3D8
 391 0b80 25B22AE9 		.ascii	"%\262*\351\365>\342\362D\216|\340?\213VC\225\352~]3"
 391      F53EE2F2 
 391      448E7CE0 
 391      3F8B5643 
 391      95EA7E5D 
 392 0b95 8B166C99 		.ascii	"\213\026l\231\320)\210V\022vQ\006\322\376\035\203\027"
ARM GAS  /tmp/cc6BTCtp.s 			page 31


 392      D0298856 
 392      12765106 
 392      D2FE1D83 
 392      17
 393 0ba6 A04D1800 		.ascii	"\240M\030\000\321\230\215 \361:\013\361\252\305\213"
 393      D1988D20 
 393      F13A0BF1 
 393      AAC58B
 394 0bb5 500D5035 		.ascii	"P\015P5P\025\320\031\240J\240D\240\323@\025@\247\200"
 394      5015D019 
 394      A04AA044 
 394      A0D34015 
 394      40A780
 395 0bc8 0E00ED01 		.ascii	"\016\000\355\001\312\000J\007\332\012\264\005h3\226"
 395      CA004A07 
 395      DA0AB405 
 395      683396
 396 0bd7 F6E7B6DF 		.ascii	"\366\347\266\337\260\354\201mS,v2m\306\012\332y\311"
 396      B0EC816D 
 396      532C7632 
 396      6DC60ADA 
 396      79C9
 397 0be9 3B851615 		.ascii	";\205\026\025\271\2219\206\234\3403\233\342\344\305"
 397      B9913986 
 397      9CE0339B 
 397      E2E4C5
 398 0bf8 790CBF0D 		.ascii	"y\014\277\015\353\321\270<\236\212\227\244d2\226\246"
 398      EBD1B83C 
 398      9E8A97A4 
 398      643296A6 
 399 0c08 240C5438 		.ascii	"$\014T8\005\246\015.\222*@\361`o2\017L=\004\246\016"
 399      05A60D2E 
 399      922A40F1 
 399      606F320F 
 399      4C3D04A6 
 400 0c1d 9CDB0994 		.ascii	"\234\333\011\224\342\340\340\355\013\252\311\3036[\234"
 400      E2E0E0ED 
 400      0BAAC9C3 
 400      365B9C
 401 0c2c 1A6D0723 		.ascii	"\032m\007#n \354\240\301\241\333J\254\330\341`\305\366"
 401      6E20ECA0 
 401      C1A1DB4A 
 401      ACD8E160 
 401      C5F6
 402 0c3e 59AC6800 		.ascii	"Y\254h\000\315\337lEo*\266\345\316\207__z\364R\336\004"
 402      CDDF6C45 
 402      6F2AB6E5 
 402      CE875F5F 
 402      7AF452DE 
 403 0c53 E738A439 		.ascii	"\3478\2449X@\006\262j\220\315\221s\240\370\377/G \207"
 403      584006B2 
 403      6A90CD91 
 403      73A0F8FF 
 403      2F472087 
 404 0c67 1B0B780E 		.ascii	"\033\013x\016\223\373*\257\235gr\302q\346\241\214\333"
 404      93FB2AAF 
 404      9D6772C2 
ARM GAS  /tmp/cc6BTCtp.s 			page 32


 404      71E6A18C 
 404      DB
 405 0c78 FE2982A6 		.ascii	"\376)\202\246U&\300\"x\312O\337\314\263\271H\371i@\016"
 405      5526C022 
 405      78CA4FDF 
 405      CCB3B948 
 405      F969400E 
 406 0c8c B890CDDD 		.ascii	"\270\220\315\335\331\015\307\273\300\244,\007\223\232"
 406      D90DC7BB 
 406      C0A42C07 
 406      939A
 407 0c9a 0B796691 		.ascii	"\013yf\221\300D\202\202\354\031\035h\026\371\033\371"
 407      C0448282 
 407      EC191D68 
 407      16F91BF9 
 408 0caa 00D7F26B 		.ascii	"\000\327\362k\177\300\312\"\225\347\314L\361~\342B4"
 408      7FC0CA22 
 408      95E7CC4C 
 408      F17EE242 
 408      34
 409 0cbb C97B56B6 		.ascii	"\311{V\266c\317b\027\237\264\250\362\367%\223\037 $"
 409      63CF6217 
 409      9FB4A8F2 
 409      F725931F 
 409      2024
 410 0ccd 1651E20F 		.ascii	"\026Q\342\017\020\202\266\207\013\"\\l\217\360^\200"
 410      1082B687 
 410      0B225C6C 
 410      8FF05E80 
 411 0cdd 453B7709 		.ascii	"E;w\011\233\363&\317\251\251\356\007/r\271Gyp\274\317"
 411      9BF326CF 
 411      A9A9EE07 
 411      2F72B947 
 411      7970BCCF 
 412 0cf1 315A0592 		.ascii	"1Z\005\222h\021wr\377\214~\275I\211eE3\367\352\271\357"
 412      68117772 
 412      FF8C7EBD 
 412      49896545 
 412      33F7EAB9 
 413 0d06 B92E7C4F 		.ascii	"\271.|O\217\244\276\023\247bD\337s\035}\337m\367=\037"
 413      8FA4BE13 
 413      A76244DF 
 413      731D7DDF 
 413      6DF73D1F 
 414 0d1a CF43B1CE 		.ascii	"\317C\261\316\276K\227\337d\031\013\025t\0301\357$\230"
 414      BE4B97DF 
 414      64190B15 
 414      741831EF 
 414      2498
 415 0d2c 7702E6F2 		.ascii	"w\002\346\3628\3201\240\303@e@E@\205@\005\016Qy\370"
 415      38D031A0 
 415      C3406540 
 415      45408540 
 415      050E5179 
 416 0d41 099B6392 		.ascii	"\011\233c\222\322q\240\224Hq\271e\033j\224\264\262\370"
 416      D271A094 
 416      4871B965 
ARM GAS  /tmp/cc6BTCtp.s 			page 33


 416      1B6A94B4 
 416      B2F8
 417 0d53 6F42F7FE 		.ascii	"oB\367\376\202\211.\006p\202k\260\244\334K\034\312\275"
 417      82892E06 
 417      70826BB0 
 417      A4DC4B1C 
 417      CABD
 418 0d65 7866C3C9 		.ascii	"xf\303\311\204\375|\006\331\317\247\203\274\022>\037"
 418      84FD7C06 
 418      D9CFA783 
 418      BC123E1F 
 419 0d75 87C0E152 		.ascii	"\207\300\341Rp\354\240\350\030Dt\240C\365d\370\256\315"
 419      70ECA0E8 
 419      184474A0 
 419      43F564F8 
 419      AECD
 420 0d87 96ACA7B7 		.ascii	"\226\254\247\267\314\022\371\000\027\273\037r#\341\333"
 420      CC12F900 
 420      17BB1F72 
 420      23E1DB
 421 0d96 A43991FC 		.ascii	"\2449\221\374L\343\330\351Rq\316\365\376M*r\213\253"
 421      4CE3D8E9 
 421      5271CEF5 
 421      FE4D2A72 
 421      8BAB
 422 0da8 043BEFB9 		.ascii	"\004;\357\271\330L>:\300g\222\334\003\313\372\2460\275"
 422      D84C3E3A 
 422      C06792DC 
 422      03CBFAA6 
 422      30BD
 423 0dba ACE4413D 		.ascii	"\254\344A=\002q\312y\2538\225\003R\214\323\021\026'"
 423      0271CA79 
 423      AB389503 
 423      528CD311 
 423      1627
 424 0dcc 176D131D 		.ascii	"\027m\023\035\205\360\210\235s:'\023#\023HN\022Q{\304"
 424      85F0889D 
 424      733A2713 
 424      2313484E 
 424      12517BC4 
 425 0de0 9C4CA5B2 		.ascii	"\234L\245\262\246;^K\003\367\004V\306\275\263:B\252"
 425      A63B5E4B 
 425      03F70456 
 425      C6BDB33A 
 425      42AA
 426 0df2 E0345F18 		.ascii	"\3404_\030\211\333\373\276\011\335\364S\226\035\004"
 426      89DBFBBE 
 426      09DDF453 
 426      961D04
 427 0e01 9CEB1ACC 		.ascii	"\234\353\032\314\354m?\245&\001\007\314\314M\356\313"
 427      EC6D3FA5 
 427      260107CC 
 427      CC4DEECB 
 428 0e11 52EF918D 		.ascii	"R\357\221\215\266\264\245\364\326V\036\257\033~\303"
 428      B6B4A5F4 
 428      D6561EAF 
 428      1B7EC3
ARM GAS  /tmp/cc6BTCtp.s 			page 34


 429 0e20 8755CD21 		.ascii	"\207U\315!\351OT\337T[u\004\246w\247\312\344\300\313"
 429      E94F54DF 
 429      545B7504 
 429      A677A7CA 
 429      E4C0CB
 430 0e33 253F3996 		.ascii	"%?9\2260,\271\275tT\016+\231\305\311b>\213\344\011\340"
 430      302CB9BD 
 430      74540E2B 
 430      99C5C962 
 430      3E8BE409 
 431 0e48 69F9FD8D 		.ascii	"i\371\375\215t{\373\276\330Z+\235\3213\267\267\343?"
 431      747BFBBE 
 431      D85A2B9D 
 431      D133B7B7 
 431      E33F
 432 0e5a 14E167E4 		.ascii	"\024\341g\344\341\222\320\016\025\361\211 ;\314*g\370"
 432      E192D00E 
 432      15F18920 
 432      3BCC2A67 
 432      F8
 433 0e6b CC9F56BD 		.ascii	"\314\237V\275\\:\331\320D9\357\177f\324\311\255\037"
 433      5C3AD9D0 
 433      4439EF7F 
 433      66D4C9AD 
 433      1F
 434 0e7c 8AAB5A9A 		.ascii	"\212\253Z\232\363\2526c\342\212XgLr\321\031\247\236"
 434      F3AA3663 
 434      E28A5867 
 434      4C72D119 
 434      A79E
 435 0e8e 937BDA24 		.ascii	"\223{\332$_\343\360t\022&I\032c\327\005\325\370p\024"
 435      5FE3F074 
 435      1226491A 
 435      63D705D5 
 435      F87014
 436 0ea1 2D63BBC2 		.ascii	"-c\273\302\344\331\0246\307`\222)\311r\372\372wj\310"
 436      E4D91436 
 436      C7609229 
 436      C972FAFA 
 436      776AC8
 437 0eb4 35B2AD49 		.ascii	"5\262\255I\020\265%Sm\260\365m-\334\233\251\307\233"
 437      10B52553 
 437      6DB0F56D 
 437      2DDC9BA9 
 437      C79B
 438 0ec6 DCC9D677 		.ascii	"\334\311\326w\376T\364H\226;\362\231G6\277z\262\345"
 438      FE54F448 
 438      963BF299 
 438      4736BF7A 
 438      B2E5
 439 0ed8 6547B0A7 		.ascii	"eG\260\247\205]\255\017\2237\360P\225\335\267\231T\321"
 439      855DAD0F 
 439      9337F050 
 439      95DDB799 
 439      54D1
 440 0eea 5548DE07 		.ascii	"UH\336\007\342\203\226&<\317\336\246s\240M\317\227\254"
 440      E2839626 
ARM GAS  /tmp/cc6BTCtp.s 			page 35


 440      3CCFDEA6 
 440      73A04DCF 
 440      97AC
 441 0efc BAF700D5 		.ascii	"\272\367\000\325\304;u\007T\346mh\\\327\200.84\257\316"
 441      C43B7507 
 441      54E66D68 
 441      5CD7802E 
 441      3834AFCE 
 442 0f10 4C1D0BF2 		.ascii	"L\035\013\362E\260\265\237\017\221\361YnaW\320AD~7\310"
 442      45B0B59F 
 442      0F91F159 
 442      6E6157D0 
 442      41447E37 
 443 0f25 6F06D997 		.ascii	"o\006\331\227\034:~{&\317\016\3620o\0001\035\256\357"
 443      1C3A7E7B 
 443      26CF0EF2 
 443      306F0031 
 443      1DAEEF
 444 0f38 2F3467F2 		.ascii	"/4g\362\304n\201\334\273/\013wnO\255\016m\274\305\251"
 444      C46E81DC 
 444      BB2F0B77 
 444      6E4FAD0E 
 444      6DBCC5A9 
 445 0f4c 8D43349E 		.ascii	"\215C4\236\303ERA\250\013,l\343\326v\302\361\035\260"
 445      C3455241 
 445      A80B2C6C 
 445      E3D676C2 
 445      F11DB0
 446 0f5f F60AD065 		.ascii	"\366\012\320e\207h\274\314\362N\261\021\023\310\314"
 446      8768BCCC 
 446      F24EB111 
 446      13C8CC
 447 0f6e BD0013C8 		.ascii	"\275\000\023\310\220\351\275\247$\375eu\014\363\001"
 447      90E9BDA7 
 447      24FD6575 
 447      0CF301
 448 0f7d B3EBE85D 		.ascii	"\263\353\350]\220a\253\206&Bf\362\032\0371\035pI\015"
 448      9061AB86 
 448      264266F2 
 448      1A1F311D 
 448      70490D
 449 0f90 C84EEA79 		.ascii	"\310N\352y\020\373\315\223:\231\301'\265\035d\267"
 449      10FBCD93 
 449      3A99C127 
 449      B51D64B7 
 450 0fa0 FFB993DA 		.ascii	"\377\271\223\332\316]\270\005\362o\200\354\353\016\223"
 450      CE5DB805 
 450      F26F80EC 
 450      EB0E93
 451 0faf FA324332 		.ascii	"\3722C2\251\327\021\323\341zR\2072\370\244\336\344{"
 451      A9D711D3 
 451      E17A5287 
 451      32F8A4DE 
 451      E47B
 452 0fc1 A19970E7 		.ascii	"\241\231p\347I\275*\351\317\0122NRW\031\264;\267\317"
 452      49BD2AE9 
 452      CF0A324E 
ARM GAS  /tmp/cc6BTCtp.s 			page 36


 452      525719B4 
 452      3BB7CF
 453 0fd4 580EC9AF 		.ascii	"X\016\311\257\245\214\005{\"m\261\221jz\347\374\246"
 453      A58C057B 
 453      226DB191 
 453      6A7AE7FC 
 453      A6
 454 0fe5 6BAF79BF 		.ascii	"k\257y\277\310\360$\242\232\344\032}{\026\367\221<\326"
 454      C8F024A2 
 454      9AE41A7D 
 454      7B16F791 
 454      3CD6
 455 0ff7 7DC8E7C8 		.ascii	"}\310\347\310\345\222\321\234\305"
 455      E592D19C 
 455      C5
 456 1000 3A4F9B5C 		.ascii	":O\233\\'\250O\237\037I.\222Lm\024[A\033m\005\034\222"
 456      27A84F9F 
 456      1F492E92 
 456      4C6D145B 
 456      411B6D05 
 457 1016 499DBA38 		.ascii	"I\235\2728\343'\370\215'\267F\334\331\323p\010^+{\032"
 457      E327F88D 
 457      27B746DC 
 457      D9D37008 
 457      5E2B7B1A 
 458 102a BE3336B6 		.ascii	"\27636\266O#}\032N:\265\3708\274\027\223\307\341=\230"
 458      4F237D1A 
 458      4E3AB5F8 
 458      38BC1793 
 458      C7E13D98 
 459 103e 3F0ECF7D 		.ascii	"?\016\317}8\221\347\2660\307\226\323m\253ny\245*\354"
 459      3891E7B6 
 459      30C796D3 
 459      6DAB6E79 
 459      A52AEC
 460 1051 AB875516 		.ascii	"\253\207U\026}D`\250@l#\005\344\245\027\224\217\272"
 460      7D4460A8 
 460      406C2305 
 460      E4A51794 
 460      8FBA
 461 1063 103A803A 		.ascii	"\020:\200:\221\002\365\341\2050\272\256?\357\270\032"
 461      9102F5E1 
 461      8530BAAE 
 461      3FEFB81A 
 462 1073 F7B93B3D 		.ascii	"\367\271;=\256\237~M\313\361u\246{\230\236t|\377\246"
 462      AE9F7E4D 
 462      CBF175A6 
 462      7B989E74 
 462      7CFFA6
 463 1086 9F9D747C 		.ascii	"\237\235t|oe\200\235|\224\221\235&\3407L|Zr\361I\204"
 463      6F65809D 
 463      7C94919D 
 463      26E0374C 
 463      7C5A72F1 
 464 109c E3F4F40D 		.ascii	"\343\364\364\015\235\023\255\345uj\244\207\037\376\322"
 464      9D13ADE5 
 464      756AA487 
ARM GAS  /tmp/cc6BTCtp.s 			page 37


 464      1FFED2
 465 10ab C7F10EC5 		.ascii	"\307\361\016\305\376\210\345\005\233\260'\361\232\261"
 465      FE88E505 
 465      9BB027F1 
 465      9AB1
 466 10b9 E76C0BF6 		.ascii	"\347l\013\366\210\347\331c\371)\223\335s?\304\014O\262"
 466      88E7D963 
 466      F92993DD 
 466      733FC40C 
 466      4FB2
 467 10cb 7E08B27E 		.ascii	"~\010\262~\320q\317\315\032\375c\347\371Q\355\255\273"
 467      D071CFCD 
 467      1AFD63E7 
 467      F951EDAD 
 467      BB
 468 10dc 12AB438B 		.ascii	"\022\253C\213\300J~\223\2749\215'\273\335\210g\362F"
 468      C04A7E93 
 468      BC398D27 
 468      BBDD8867 
 468      F246
 469 10ee 30747F9A 		.ascii	"0t\177\232S\226=s\261\032\312\355K\025\024M\014\036"
 469      53963D73 
 469      B11ACAED 
 469      4B15144D 
 469      0C1E
 470 1100 06839F40 		.ascii	"\006\203\237@\231\216\000=u4<\315\233&\3463\271riO\223"
 470      998E003D 
 470      75343CCD 
 470      9B26E633 
 470      B972694F 
 471 1115 D4F1032C 		.ascii	"\324\361\003,g+\253c\362<vg]\221\006\327\323\271QV'"
 471      672BAB63 
 471      F23C7667 
 471      5D9106D7 
 471      D3B95156 
 472 112a EDDCA344 		.ascii	"\355\334\243Ds}dw\313/\301\230o6\354e\032\315\370\027"
 472      737D6477 
 472      CB2FC198 
 472      6F36EC65 
 472      1ACDF817 
 473 113e 007C2ED6 		.ascii	"\000|.\326\3043\373\362xo\"\345\225Zz\337\354\205\303"
 473      C433FBF2 
 473      786F22E5 
 473      955A7ADF 
 473      EC85C3
 474 1151 CC8F62FB 		.ascii	"\314\217b\373}\263\203\367\007\267\271\321\254\032%"
 474      7DB383F7 
 474      07B7B9D1 
 474      AC1A25
 475 1160 4B06CBAA 		.ascii	"K\006\313\252\373;l1n\256\013d\214\026\310+{\201\\k"
 475      FB3B6C31 
 475      6EAE0B64 
 475      8C16C82B 
 475      7B815C6B 
 476 1174 6E8BD589 		.ascii	"n\213\325\211\005Rp\217\027\010\300\320]\32168t,\220"
 476      0552708F 
 476      1708C0D0 
ARM GAS  /tmp/cc6BTCtp.s 			page 38


 476      5DD13638 
 476      742C90
 477 1187 715A202F 		.ascii	"qZ /w\037\030G\370\252\236=q\213\270V\243s\371Z\342"
 477      771F1847 
 477      F8AA9E3D 
 477      718BB856 
 477      A373F95A 
 478 119c 6BAA770D 		.ascii	"k\252w\015W;\334\226>\246\004\265\335\344\231Y\226\246"
 478      573BDC96 
 478      3EA604B5 
 478      DDE49959 
 478      96A6
 479 11ae 341AD4EE 		.ascii	"4\032\324\356A\024\205&D\265\023\230\275\214\206\336"
 479      41148526 
 479      44B51398 
 479      BD8C86DE 
 480 11be 507509A5 		.ascii	"Pu\011\245\305\375:\034\357A\325\015>\332\366\202\325"
 480      C5FD3A1C 
 480      EF41D50D 
 480      3EDAF682 
 480      D5
 481 11cf 23D9D8B2 		.ascii	"#\331\330\262\202\314>Z\335\255\241\347\210\323S, \317"
 481      82CC3E5A 
 481      DDADA1E7 
 481      88D3532C 
 481      20CF
 482 11e1 36471F70 		.ascii	"6G\037psiW\204@\354\262\011\334\2607C\347\342\364\334"
 482      73695784 
 482      40ECB209 
 482      DCB03743 
 482      E7E2F4DC 
 483 11f5 B0B355AA 		.ascii	"\260\263U\252\306\322M\325\277\245 4)\2325i7k\243@\314"
 483      C6D24DD5 
 483      BFA52034 
 483      299A3569 
 483      376BA340 
 484 120a 4A2E6C6F 		.ascii	"J.lo\026p*3\253\341e\311n/\\\302\230\201\314\244\034"
 484      16702A33 
 484      ABE165C9 
 484      6E2F5CC2 
 484      9881CCA4 
 485 121f 1D3EC298 		.ascii	"\035>\302\230\242\211\214>=>\301\230C\247\243\036\363"
 485      A2898C3E 
 485      3D3EC198 
 485      43A7A31E 
 485      F3
 486 1230 7740ABC9 		.ascii	"w@\253\311S\362G\266\204J\204\317\320\213\332\266\266"
 486      53F247B6 
 486      844A84CF 
 486      D08BDAB6 
 486      B6
 487 1241 FDFD6AC4 		.ascii	"\375\375j\304\036H\331kk*\367\007=y\233l[\375\351}\275"
 487      1E48D96B 
 487      6B2AF707 
 487      3D799B6C 
 487      5BFDE97D 
 488 1256 6801A344 		.ascii	"h\001\243Da\266[\314\017\277\303\266\232\004\275\311"
ARM GAS  /tmp/cc6BTCtp.s 			page 39


 488      61B65BCC 
 488      0FBFC3B6 
 488      9A04BDC9 
 489 1266 192DB34C 		.ascii	"\031-\263L\275\223<}\253\215\354Le\204\313\3344\024"
 489      BD933C7D 
 489      AB8DEC4C 
 489      6584CBDC 
 489      3414
 490 1278 16F00D37 		.ascii	"\026\360\0157\201\223\234\337\"\370\240\255\302\"\024"
 490      81939CDF 
 490      22F8A0AD 
 490      C22214
 491 1287 0F140794 		.ascii	"\017\024\007\224\000\264\031(I\220\256\241C\231\013"
 491      00B41928 
 491      4990AEA1 
 491      43990B
 492 1296 9836721B 		.ascii	"\2306r\033\320\331\266\231{\362\346Ln\034\351\262Q\362"
 492      D0D9B699 
 492      7BF2E64C 
 492      6E1CE9B2 
 492      51F2
 493 12a8 78C97A34 		.ascii	"x\311z4\304\313\036P3\313\2769\235\253\266\377z\230"
 493      C4CB1E50 
 493      33CBBE39 
 493      9DABB6FF 
 493      7A98
 494 12ba 1917FBED 		.ascii	"\031\027\373\355\353\332\256\376S\030\327\322)Q\306"
 494      EBDAAEFE 
 494      5318D7D2 
 494      2951C6
 495 12c9 6C193B20 		.ascii	"l\031; 8U\275\335}\224\002^\277m\004x\007`k^2\014\332"
 495      3855BDDD 
 495      7D94025E 
 495      BF6D0478 
 495      07606B5E 
 496 12e0 264CE715 		.ascii	"&L\347\025\261\230\252\236\210\217\260\351\347r]\261"
 496      B198AA9E 
 496      888FB0E9 
 496      E7725DB1 
 497 12f0 AE742966 		.ascii	"\256t)fUD\3360\032h\275\356\360Z\345vA\332Hv\010\366"
 497      5544DE30 
 497      1A68BDEE 
 497      F05AE576 
 497      41DA4876 
 498 1306 46D2613B 		.ascii	"F\322a;z\337\223\326\015\234\343\2654\020\371\360\240"
 498      7ADF93D6 
 498      0D9CE3B5 
 498      3410F9F0 
 498      A0
 499 1317 E0BA8FA4 		.ascii	"\340\272\217\244\322\272\331i\257\233\307\373cO\331"
 499      D2BAD969 
 499      AF9BC7FB 
 499      634FD9
 500 1326 0B7AB2F2 		.ascii	"\013z\262\362\235m\2219>\004\202\"E\357\340\220UM\032"
 500      9D6D9139 
 500      3E048222 
 500      45EFE090 
ARM GAS  /tmp/cc6BTCtp.s 			page 40


 500      554D1A
 501 1339 AD9AAD0D 		.ascii	"\255\232\255\0151\006\334\316\252\241\256oO\206Zl\007"
 501      3106DCCE 
 501      AAA1AE6F 
 501      4F865A6C 
 501      07
 502 134a 07A5ED20 		.ascii	"\007\245\355 ]\224\220n\227\220A%L\355\353\254\364\300"
 502      5D94906E 
 502      97904125 
 502      4CEDEBAC 
 502      F4C0
 503 135c FD1E6FF7 		.ascii	"\375\036o\3676]\226@O\236\234\030\214\361\232\336Td"
 503      365D9640 
 503      4F9E9C18 
 503      8CF19ADE 
 503      5464
 504 136e B3937BD3 		.ascii	"\263\223{\323\372\372\265._\261\333M]\335ewu0\366Y\267"
 504      FAFAB52E 
 504      5FB1DB4D 
 504      5DDD6577 
 504      7530F659 
 505 1383 0737167E 		.ascii	"\0077\026~\230\304\346qc\001\2062Ec3\355\306\346Pck"
 505      98C4E671 
 505      63018632 
 505      456333ED 
 505      C6E65063 
 506 1398 5EC425E9 		.ascii	"^\304%\351\360\0303\266\255\245+N5\335\270\231\2655"
 506      F01833B6 
 506      ADA52B4E 
 506      35DDB899 
 506      B535
 507 13aa B6272D9E 		.ascii	"\266'-\236.m\330Gm\330k\267!?-\245\004s\033\036\305"
 507      2E6DD847 
 507      6DD86BB7 
 507      213F2DA5 
 507      04731B1E 
 508 13bf 6B8AF368 		.ascii	"k\212\363h\233\002\020\332#Z\260\307nA.\265\240eo\331"
 508      9B0210DA 
 508      235AB0C7 
 508      6E412EB5 
 508      A0656FD9 
 509 13d3 33AD341B 		.ascii	"3\2554\033\210\301b6\344\261l \337\000\216?v\245S\320"
 509      88C16236 
 509      E4B16C20 
 509      DF008E3F 
 509      76A553D0 
 510 13e7 896F1191 		.ascii	"\211o\021\221\247\035\"v\277@^\340\365\245\277\320\001"
 510      A71D2276 
 510      BF405EE0 
 510      F5A5BFD0 
 510      01
 511 13f8 9CF8F872 		.ascii	"\234\370\370r\232\336{+/\215w\021}\221X\264\375\200"
 511      9ADE7B2B 
 511      2F8D7711 
 511      7D9158B4 
 511      FD80
 512 140a E06D1F43 		.ascii	"\340m\037C\03125\023%\247\370\253\200j`GKs\232=\\j+"
ARM GAS  /tmp/cc6BTCtp.s 			page 41


 512      19323513 
 512      25A7F8AB 
 512      806A6047 
 512      4B739A3D 
 513 1421 B06BCB17 		.ascii	"\260k\313\027\250\272\347\361\321\243\374}\007\362\236"
 513      A8BAE7F1 
 513      D1A3FC7D 
 513      07F29E
 514 1430 9AFD6DC0 		.ascii	"\232\375m\300y\354m\300\333\255\305\365\036\316\306"
 514      79EC6DC0 
 514      DBADC5F5 
 514      1ECEC6
 515 143f 1441F914 		.ascii	"\024A\371\024\012\364^\0275\246\200\031SL\215\351zu"
 515      0AF45E17 
 515      35A68019 
 515      534C8DE9 
 515      7A75
 516 1451 BD532F0D 		.ascii	"\275S/\015\014I;Q}\011\017L\011\015Ly_w\257CM\245:D"
 516      0C493B51 
 516      7D090F4C 
 516      090D4C79 
 516      5F77AF43 
 517 1469 F120071F 		.ascii	"\361 \007\037\244\340K\035m\205H\012Nv(\300R\016.\245"
 517      A4E04B1D 
 517      6D85480A 
 517      4E7628C0 
 517      520E2EA5 
 518 147d E0F4BCFA 		.ascii	"\340\364\274\372gnRp\204\203\344C\034|\210\202\023\243"
 518      676E5270 
 518      8483E443 
 518      1C7C8882 
 518      13A3
 519 148f 0B233438 		.ascii	"\013#48\332\223\275S\025\335\365Z\003\331P\015\213\370"
 519      DA93BD53 
 519      15DDF55A 
 519      03D9500D 
 519      8BF8
 520 14a1 D479CD50 		.ascii	"\324y\315P\002y^\026a\373\210yR&fD\231\340\264\214\037"
 520      02795E16 
 520      61FB8879 
 520      52266644 
 520      99E0B48C 
 521 14b6 A699B17F 		.ascii	"\246\231\261\177\364U\202'.c\302\016\247>\276\356\305"
 521      F4558227 
 521      2E63C20E 
 521      A73EBEEE 
 521      C5
 522 14c7 85F515A8 		.ascii	"\205\365\025\250\012\217\300\276\022\214\212B\002\225"
 522      0A8FC0BE 
 522      128C8A42 
 522      0295
 523 14d5 76449476 		.ascii	"vD\224v\304YZ9\225v\275\2776\000W0a\205%\273\016y\342"
 523      C4595A39 
 523      9576BDBF 
 523      36005730 
 523      618525BB 
 524 14ec F38C49A8 		.ascii	"\363\214I\250=\233\245\206\254G\307hb\222\026;\3265"
ARM GAS  /tmp/cc6BTCtp.s 			page 42


 524      3D9BA586 
 524      AC47C768 
 524      6292163B 
 524      D635
 525 14fe 87960179 		.ascii	"\207\226\001yc\236\225\301\271CEo<]\256\326'i\031\234"
 525      639E95C1 
 525      B943456F 
 525      3C5DAED6 
 525      2769199C 
 526 1512 B097C158 		.ascii	"\260\227\301X\303\221\\7\273\343\2674\233\013:\231\343"
 526      C3915C37 
 526      BBE3B734 
 526      9B0B3A99 
 526      E3
 527 1523 8D4A8244 		.ascii	"\215J\202DG\355\266\242\343\202@8GsOQs[\207*\022\335"
 527      47EDB6A2 
 527      E3824038 
 527      47734F51 
 527      735B872A 
 528 1539 71821735 		.ascii	"q\202\0275\361b\322\255\347H\214d|\222C$+D\337+\234"
 528      F162D2AD 
 528      E7488C64 
 528      7C924324 
 528      2B44DF2B 
 529 154e 859DA6C2 		.ascii	"\205\235\246\302\272w\017\244x\340T&l\342\314\225\024"
 529      BA770FA4 
 529      78E05426 
 529      6CE2CC95 
 529      14
 530 155f 2C46F296 		.ascii	",F\362\226S$+Ei\225\316\322\316Pi)\347\033\2635\322"
 530      53242B45 
 530      6995CED2 
 530      CE506929 
 530      E71BB335 
 531 1574 8CD8E790 		.ascii	"\214\330\347\220\021U<#\252hF\304\356\234\250v\303\373"
 531      11553C23 
 531      AA6846C4 
 531      EE9CA876 
 531      C3FB
 532 1586 98EA8181 		.ascii	"\230\352\201\201=\333\371\313C\357\000{'\245&[\315J"
 532      3DDBF9CB 
 532      43EF007B 
 532      27A5265B 
 532      CD4A
 533 1598 A495EC36 		.ascii	"\244\225\3546\366\\\032\331\251\303e\014\373<\365\342"
 533      F65C1AD9 
 533      A9C3650C 
 533      FB3CF5E2 
 534 15a8 4DFE3ED4 		.ascii	"M\376>\324wH/|SS\346\272\026\353\354\265x\216\325\342"
 534      77482F7C 
 534      5353E6BA 
 534      16EBECB5 
 534      788ED5E2 
 535 15bc D537F15D 		.ascii	"\3257\361]*\347j\253\205j\253\241\325VO\253\215\016"
 535      2AE76AAB 
 535      856AABA1 
 535      D5564FAB 
ARM GAS  /tmp/cc6BTCtp.s 			page 43


 535      8D0E
 536 15ce A2FBB3FE 		.ascii	"\242\373\263\376\332I\207\332l\234\015\235\226\2259"
 536      DA4987DA 
 536      6C9C0D9D 
 536      969539
 537 15dd AA7C6F9F 		.ascii	"\252|o\237\255\265\232\356M\017\336\213\262El\202\205"
 537      ADB59AEE 
 537      4D0FDE8B 
 537      B2456C82 
 537      85
 538 15ee BD41F046 		.ascii	"\275A\360Fg!x\260\007\225\014\256\2063\277\207\344j"
 538      672178B0 
 538      07950CAE 
 538      8633BF87 
 538      E46A
 539 1600 14DE53CC 		.ascii	"\024\336S\3145\006\376>0`\225\331\344o5\375\322\034"
 539      3506FE3E 
 539      306095D9 
 539      E46F35FD 
 539      D21C
 540 1612 16F26B93 		.ascii	"\026\362k\223\177\270\366W\277\371\374\335U~~\012\215"
 540      7FB8F657 
 540      BFF9FCDD 
 540      557E7E0A 
 540      8D
 541 1623 F58B75A1 		.ascii	"\365\213u\241F\203\365\275%K|W\005\006\255\011\372l"
 541      4683F5BD 
 541      254B7C57 
 541      0506AD09 
 541      FA6C
 542 1635 B56F98C5 		.ascii	"\265o\230\305\327l\365\015\0125\006\257\0130\371\032"
 542      D76CF50D 
 542      0A3506AF 
 542      0B30F91A 
 543 1645 03AD8130 		.ascii	"\003\255\20106\300\262$P\2413\030\326\005\205Z\227/"
 543      36C0B224 
 543      50A13318 
 543      D605855A 
 543      972F
 544 1657 3358037C 		.ascii	"3X\003|\003\303BL\276\353M\246/M\241\001\276a\341V\337"
 544      03C3424C 
 544      BEEB4DA6 
 544      2F4DA101 
 544      BE61E156 
 545 166c B546E362 		.ascii	"\265F\343b\177s\310\342\320\260P\323b\223\377\232\240"
 545      7F73C8E2 
 545      D0B050D3 
 545      6293FF9A 
 545      A0
 546 167d C52B162F 		.ascii	"\305+\026/[\352\367\341\342?\372-^\027\036\000\352}"
 546      5BEAF7E1 
 546      E23FFA2D 
 546      5E171E00 
 546      EA7D
 547 168f 1D2E4FAB 		.ascii	"\035.O\253\010\3617\006\006\205\232|\015\001\246/\374"
 547      08F13706 
 547      06859A7C 
ARM GAS  /tmp/cc6BTCtp.s 			page 44


 547      0D01A62F 
 547      FC
 548 16a0 D7055B0D 		.ascii	"\327\005[\015\326\015\341&\242Ok\327\366o\377\207\332"
 548      D60DE126 
 548      A24F6BD7 
 548      F66FFF87 
 548      DA
 549 16b1 2C1B2CBE 		.ascii	",\033,\276\006\2135\000D\203\012\2155\334\034\024f\260"
 549      068B3500 
 549      44830A8D 
 549      35DC1C14 
 549      66B0
 550 16c3 FEC43100 		.ascii	"\376\3041\000\306\260\220\220\260P\337\3600\263\325"
 550      C6B09090 
 550      B050DFF0 
 550      30B3D5
 551 16d2 E2FBF1EF 		.ascii	"\342\373\361\357>]\365\351\327\344\\xP\260\311l\361"
 551      3E5DF5E9 
 551      D7E45C78 
 551      50B0C96C 
 551      F1
 552 16e3 FDD5AA55 		.ascii	"\375\325\252U$.\334J\301\030\350oV[\202\376\307d\260"
 552      242EDC4A 
 552      C118E86F 
 552      565B82FE 
 552      C764B0
 553 16f6 AEF98B0C 		.ascii	"\256\371\213\014\015\016ZC`N\006\257X\262|\211\237h"
 553      0D0E5A43 
 553      604E06AF 
 553      58B27C89 
 553      9F68
 554 1708 B63500C2 		.ascii	"\2665\000\302\003\352\324\2010\033&\263\360\205\331"
 554      03EAD481 
 554      301B26B3 
 554      F085D9
 555 1717 645285FB 		.ascii	"dR\205\373\2575Y\204P\323\327V\225\177p\320\332P>C+"
 555      AF355984 
 555      50D3D756 
 555      957F70D0 
 555      DA503E43 
 556 172c 3E3058B5 		.ascii	">0X\265\366\003\235\305\372%\275h\260\376\360-\274\014"
 556      F6039DC5 
 556      FA25BD68 
 556      B0FEF02D 
 556      BC0C
 557 173e 3486994D 		.ascii	"4\206\231M\240\307\035\364\204\033\270\262u\026S\200"
 557      A0C71DF4 
 557      841BB8B2 
 557      75165380 
 558 174e 405C14C8 		.ascii	"@\\\024\310Y\017\311%P\024n\016\373*\010\016\365!\246"
 558      590FC925 
 558      50146E0E 
 558      FB2A080E 
 558      F521A6
 559 1761 90B5269E 		.ascii	"\220\265&\236Q\276\262\252\302,\304W1\267`\204]\035"
 559      51BEB2AA 
 559      C22CC457 
ARM GAS  /tmp/cc6BTCtp.s 			page 45


 559      31B76084 
 559      5D1D
 560 1773 1C869937 		.ascii	"\034\206\2317\020\251\3418\304\372\265*l}\250\311\254"
 560      10A9E138 
 560      C4FAB52A 
 560      6C7DA8C9 
 560      AC
 561 1784 85D40B26 		.ascii	"\205\324\013&3\244\201S\301A\026\253\326\024\016\201"
 561      33A48153 
 561      C14116AB 
 561      D6140E81 
 562 1794 0D0A5DEB 		.ascii	"\015\012]\353n\372\312\024j\015\361\267|\011\026\204"
 562      6EFACA14 
 562      6A0DF1B7 
 562      7C091684 
 563 17a4 58D6FE71 		.ascii	"X\326\376q\235i\235i\2161\320\300\323\325@O\010\341"
 563      9D699D69 
 563      8E31D0C0 
 563      D3D5404F 
 563      08E1
 564 17b6 66D3575E 		.ascii	"f\323W^\016\247\014V\315z\377 +\210\360\222\240\211"
 564      0EA70C56 
 564      CD7AFF20 
 564      2B88F092 
 564      A089
 565 17c8 6C4F2963 		.ascii	"lO)c\260\242uj"
 565      B0A2756A 
 566 17d0 D37AA240 		.ascii	"\323z\242@\275\336\012\332\303\341\313b\012\011\307"
 566      BDDE0ADA 
 566      C3E1CB62 
 566      0A09C7
 567 17df C650AB9B 		.ascii	"\306P\253\233\301\3003S\303\277Up\026\376R\015z\220"
 567      C1C03353 
 567      C3BF5570 
 567      16FE520D 
 567      7A90
 568 17f1 0B48FFF0 		.ascii	"\013H\377\360@pMc!fZ\326\252\200\000\260\336j5\207{"
 568      40704D63 
 568      21665AD6 
 568      AA8000B0 
 568      DE6A3587 
 569 1806 334506B3 		.ascii	"3E\006\263\351\013\223\331\024j\004\233@x\330\232?\204"
 569      E90B93D9 
 569      146A049B 
 569      4078D89A 
 569      3F84
 570 1818 6B4D5F07 		.ascii	"kM_\007Y\215a\001&\2659`\003\214\020\000bqc\223\272"
 570      598D6101 
 570      26B53960 
 570      038C1000 
 570      62716393 
 571 182d 12B4D9BF 		.ascii	"\022\264\331\277\255\344<\210\373\"\330\177\255Ec\015"
 571      ADE43C88 
 571      FB22D87F 
 571      AD45630D 
 572 183d 8111C059 		.ascii	"\201\021\300Y\254\220MZ+\375\"\"\375\327\370[LB\250"
 572      AC904D5A 
ARM GAS  /tmp/cc6BTCtp.s 			page 46


 572      2BFD2222 
 572      FDD7F85B 
 572      4C42A8
 573 1850 7F884915 		.ascii	"\177\210I\025\026\014\023\244\0125\2557\231\261\321"
 573      160C13A4 
 573      0A35AD37 
 573      99B1D1
 574 185f FAB5D212 		.ascii	"\372\265\322\022\256\014&\321]\0139g\260b\263\237\037"
 574      AE0C26D1 
 574      5D0B3967 
 574      B062B39F 
 574      1F
 575 1870 D052A5F9 		.ascii	"\320R\245\371\307J\363J\245\371C\245y\205\322\374#\245"
 575      C74AF34A 
 575      A5F943A5 
 575      7985D2FC 
 575      23A5
 576 1882 F9036C59 		.ascii	"\371\003lY\356\007\264\024[\226\375\030h%\320\207@+"
 576      EE07B414 
 576      5B96FD18 
 576      6825D087 
 576      402B
 577 1894 807E0404 		.ascii	"\200~\004\004\327\227-\007Z\006\004\270e\200\363\003"
 577      D7972D07 
 577      5A0604B8 
 577      6580F303 
 578 18a4 9C1FE0FC 		.ascii	"\234\037\340\374\000\347\267\302\235$\027\011\026(\225"
 578      00E7B7C2 
 578      9D241709 
 578      162895
 579 18b3 4F0999EC 		.ascii	"O\011\231\3543|\365a\010\244\204\236\2165\206\205Z!"
 579      337CF561 
 579      08A4849E 
 579      8E358685 
 579      5A21
 580 18c5 BF059205 		.ascii	"\277\005\222\005n\3233\246\012\011\017\013\013\326\362"
 580      6ED333A6 
 580      0A090F0B 
 580      0BD6F2
 581 18d4 405AB570 		.ascii	"@Z\265p!d\035\3404\364\257\301\272p\226\206f1\006\006"
 581      21641DE0 
 581      34F4AFC1 
 581      BA709686 
 581      66310606 
 582 18e8 80F8BF9F 		.ascii	"\200\370\277\237\005\002\363\015\210\357\315&d\203\305"
 582      0502F30D 
 582      88EFCD26 
 582      6483C5
 583 18f7 DE006613 		.ascii	"\336\000f\023\004y\000\010\017Ir\033\254\357\277Ui\020"
 583      04790008 
 583      0F49721B 
 583      ACEFBF55 
 583      6910
 584 1909 ACAC708B 		.ascii	"\254\254p\213\331\010\227\0036\300\274\006\031\227\030"
 584      D9089703 
 584      36C0BC06 
 584      199718
ARM GAS  /tmp/cc6BTCtp.s 			page 47


 585 1918 15DF716A 		.ascii	"\025\337qj\360\237R]\277\205\360\270CJ\231\214V\003"
 585      F09F525D 
 585      BF85F0B8 
 585      434A998C 
 585      5603
 586 192a 295C7712 		.ascii	")\\w\022/^\263K\337\2666\311\030\213\304~*\303\372-"
 586      2F5EB34B 
 586      DFB636C9 
 586      188BC47E 
 586      2AC3FA2D 
 587 193e 43C09AB5 		.ascii	"C\300\232\265\006c\240\311\370\245a]hp\230\361\313\357"
 587      0663A0C9 
 587      F8A5615D 
 587      687098F1 
 587      CBEF
 588 1950 CE128100 		.ascii	"\316\022\201\000\323\232uk\311l\032\003W\033\003\377"
 588      D39A756B 
 588      C96C1A03 
 588      571B03FF 
 589 1960 D5FF4BD3 		.ascii	"\325\377K\323\272\360\325\177%\261y\365:\013\251iS\300"
 589      BAF0D57F 
 589      25B179F5 
 589      3A0BA969 
 589      53C0
 590 1972 272AD23A 		.ascii	"'*\322:\302\205\365\300\251\326\223\334\305\376\346"
 590      C285F5C0 
 590      A9D693DC 
 590      C5FEE6
 591 1981 B573F91C 		.ascii	"\265s\371\034\007\230,FsP\2705\014Z\216\227\304\002"
 591      07982C46 
 591      7350B835 
 591      0C5A8E97 
 591      C402
 592 1993 A2DFDB18 		.ascii	"\242\337\333\030H\226\265\217\203\201\371\230\264:S"
 592      4896B58F 
 592      8381F998 
 592      B43A53
 593 19a2 80BB3190 		.ascii	"\200\2731\220\204\200\236\202\264Y\275\301\362\317\000"
 593      84809E82 
 593      B459BDC1 
 593      F2CF00
 594 19b1 9C75AA36 		.ascii	"\234u\2526\020W\335h\322\021\241\036\006\250b\253\341"
 594      1057DD68 
 594      D211A11E 
 594      06A862AB 
 594      E1
 595 19c2 1F3E5EFD 		.ascii	"\037>^\375\217\277\375\335'\036\376\301\353\3757X \225"
 595      8FBFFDDD 
 595      271EFEC1 
 595      EBFD3758 
 595      2095
 596 19d4 8361AD5A 		.ascii	"\203a\255Z.\033AHS\337U\237\256\376d\265(5\304\022d"
 596      2E1B4148 
 596      53DF559F 
 596      AEFE64B5 
 596      2835C412 
 597 19e9 31406F27 		.ascii	"1@o'\035\216Z\3619\015\030+\013\026<\320C[\246a\311"
ARM GAS  /tmp/cc6BTCtp.s 			page 48


 597      1D8E5AF1 
 597      390D182B 
 597      0B163CD0 
 597      435BA661 
 598 19fe 872BFD56 		.ascii	"\207+\375Vj\355\334\377\002Z\370o\240"
 598      6AEDDCFF 
 598      025AF86F 
 598      A0
 599              		.text
 600              		.section	.gnu.lto_.symtab.d69e21b1d791440d,"",%progbits
 601 0000 63685468 		.ascii	"chThdCreateFromHeap\000"
 601      64437265 
 601      61746546 
 601      726F6D48 
 601      65617000 
 602 0014 00       		.ascii	"\000"
 603 0015 00       		.ascii	"\000"
 604 0016 00       		.ascii	"\000"
 605 0017 00000000 		.ascii	"\000\000\000\000\000\000\000\000"
 605      00000000 
 606 001f E3010000 		.ascii	"\343\001\000\000"
 607 0023 63685468 		.ascii	"chThdCreateFromMemoryPool\000"
 607      64437265 
 607      61746546 
 607      726F6D4D 
 607      656D6F72 
 608 003d 00       		.ascii	"\000"
 609 003e 00       		.ascii	"\000"
 610 003f 00       		.ascii	"\000"
 611 0040 00000000 		.ascii	"\000\000\000\000\000\000\000\000"
 611      00000000 
 612 0048 FA010000 		.ascii	"\372\001\000\000"
 613 004c 5F646267 		.ascii	"_dbg_check_unlock\000"
 613      5F636865 
 613      636B5F75 
 613      6E6C6F63 
 613      6B00
 614 005e 00       		.ascii	"\000"
 615 005f 02       		.ascii	"\002"
 616 0060 00       		.ascii	"\000"
 617 0061 00000000 		.ascii	"\000\000\000\000\000\000\000\000"
 617      00000000 
 618 0069 FD010000 		.ascii	"\375\001\000\000"
 619 006d 63685363 		.ascii	"chSchWakeupS\000"
 619      6857616B 
 619      65757053 
 619      00
 620 007a 00       		.ascii	"\000"
 621 007b 02       		.ascii	"\002"
 622 007c 00       		.ascii	"\000"
 623 007d 00000000 		.ascii	"\000\000\000\000\000\000\000\000"
 623      00000000 
 624 0085 02020000 		.ascii	"\002\002\000\000"
 625 0089 63685468 		.ascii	"chThdCreateSuspendedI\000"
 625      64437265 
 625      61746553 
 625      75737065 
ARM GAS  /tmp/cc6BTCtp.s 			page 49


 625      6E646564 
 626 009f 00       		.ascii	"\000"
 627 00a0 02       		.ascii	"\002"
 628 00a1 00       		.ascii	"\000"
 629 00a2 00000000 		.ascii	"\000\000\000\000\000\000\000\000"
 629      00000000 
 630 00aa 18020000 		.ascii	"\030\002\000\000"
 631 00ae 5F646267 		.ascii	"_dbg_check_lock\000"
 631      5F636865 
 631      636B5F6C 
 631      6F636B00 
 632 00be 00       		.ascii	"\000"
 633 00bf 02       		.ascii	"\002"
 634 00c0 00       		.ascii	"\000"
 635 00c1 00000000 		.ascii	"\000\000\000\000\000\000\000\000"
 635      00000000 
 636 00c9 1A020000 		.ascii	"\032\002\000\000"
 637 00cd 63684865 		.ascii	"chHeapAllocAligned\000"
 637      6170416C 
 637      6C6F6341 
 637      6C69676E 
 637      656400
 638 00e0 00       		.ascii	"\000"
 639 00e1 02       		.ascii	"\002"
 640 00e2 00       		.ascii	"\000"
 641 00e3 00000000 		.ascii	"\000\000\000\000\000\000\000\000"
 641      00000000 
 642 00eb 20020000 		.ascii	" \002\000\000"
 643 00ef 6368506F 		.ascii	"chPoolAlloc\000"
 643      6F6C416C 
 643      6C6F6300 
 644 00fb 00       		.ascii	"\000"
 645 00fc 02       		.ascii	"\002"
 646 00fd 00       		.ascii	"\000"
 647 00fe 00000000 		.ascii	"\000\000\000\000\000\000\000\000"
 647      00000000 
 648 0106 24020000 		.ascii	"$\002\000\000"
 649              		.text
 650              		.section	.gnu.lto_.opts,"",%progbits
 651 0000 272D666D 		.ascii	"'-fmath-errno' '-fsigned-zeros' '-ftrapping-math' '"
 651      6174682D 
 651      6572726E 
 651      6F272027 
 651      2D667369 
 652 0033 2D666E6F 		.ascii	"-fno-trapv' '-fno-openmp' '-fno-openacc' '-mcpu=cor"
 652      2D747261 
 652      70762720 
 652      272D666E 
 652      6F2D6F70 
 653 0066 7465782D 		.ascii	"tex-m4' '-mfloat-abi=hard' '-mfpu=fpv4-sp-d16' '-mn"
 653      6D342720 
 653      272D6D66 
 653      6C6F6174 
 653      2D616269 
 654 0099 6F2D7468 		.ascii	"o-thumb-interwork' '-mthumb' '-ggdb' '-O2' '-fomit-"
 654      756D622D 
 654      696E7465 
ARM GAS  /tmp/cc6BTCtp.s 			page 50


 654      72776F72 
 654      6B272027 
 655 00cc 6672616D 		.ascii	"frame-pointer' '-falign-functions=16' '-ffunction-s"
 655      652D706F 
 655      696E7465 
 655      72272027 
 655      2D66616C 
 656 00ff 65637469 		.ascii	"ections' '-fdata-sections' '-fno-common' '-flto' '-"
 656      6F6E7327 
 656      20272D66 
 656      64617461 
 656      2D736563 
 657 0132 6673696E 		.ascii	"fsingle-precision-constant'\000"
 657      676C652D 
 657      70726563 
 657      6973696F 
 657      6E2D636F 
 658              		.text
 659              		.comm	__gnu_lto_v1,1,1
 660              		.comm	__gnu_lto_slim,1,1
 661              		.ident	"GCC: (GNU Tools for ARM Embedded Processors 6-2017-q1-update) 6.3.1 20170215 (release) [AR
ARM GAS  /tmp/cc6BTCtp.s 			page 51


DEFINED SYMBOLS
                            *ABS*:0000000000000000 chdynamic.c
                            *COM*:0000000000000001 __gnu_lto_v1
                            *COM*:0000000000000001 __gnu_lto_slim

NO UNDEFINED SYMBOLS
