ARM GAS  /tmp/ccO04GVz.s 			page 1


   1              		.cpu cortex-m4
   2              		.eabi_attribute 27, 1
   3              		.eabi_attribute 28, 1
   4              		.eabi_attribute 20, 1
   5              		.eabi_attribute 21, 1
   6              		.eabi_attribute 23, 3
   7              		.eabi_attribute 24, 1
   8              		.eabi_attribute 25, 1
   9              		.eabi_attribute 26, 1
  10              		.eabi_attribute 30, 2
  11              		.eabi_attribute 34, 1
  12              		.eabi_attribute 18, 4
  13              		.file	"chmemcore.c"
  14              		.text
  15              	.Ltext0:
  16              		.section	.gnu.lto_.profile.762986c8d16e1878,"",%progbits
  17 0000 789C6365 		.ascii	"x\234ce`b`a```d\360P\000\000\0010\000u"
  17      60626061 
  17      60606064 
  17      F0500000 
  17      01300075 
  18              		.text
  19              		.section	.gnu.lto_.icf.762986c8d16e1878,"",%progbits
  20 0000 789C6365 		.ascii	"x\234ce`bPc@\0006\206\206\253g\23633\356}\370\256\235"
  20      60625063 
  20      40003686 
  20      86AB679E 
  20      3333EE7D 
  21 0017 95194CB2 		.ascii	"\225\031L\262\256\272}\373\020\033\333\365;'\3361\261"
  21      AEBA7DFB 
  21      101BDBF5 
  21      3B27DE31 
  21      B1
  22 0028 9FFADCFB 		.ascii	"\237\372\334\373\233\207\001\000xT\023i"
  22      9B870100 
  22      78541369 
  23              		.text
  24              		.section	.gnu.lto_.jmpfuncs.762986c8d16e1878,"",%progbits
  25 0000 789C6365 		.ascii	"x\234ce`bPc@\000\026 febdd\256\257g`\003\321\214\214"
  25      60625063 
  25      40001620 
  25      66656264 
  25      64AEAF67 
  26 0019 0C2C4C95 		.ascii	"\014,L\225 )\246JF\020\305\016\304\0005\323\002M"
  26      2029A64A 
  26      4610C50E 
  26      C40035D3 
  26      024D
  27              		.text
  28              		.section	.gnu.lto_.inline.762986c8d16e1878,"",%progbits
  29 0000 789C6365 		.ascii	"x\234ce`b\250f@\000\026\006\006V\026F\006&\226\005\362"
  29      6062A866 
  29      40001606 
  29      06561646 
  29      06269605 
  30 0015 0C6C0BE4 		.ascii	"\014l\013\344\231@b\254\014BR\214L\214\012\214@6\210"
  30      994062AC 
ARM GAS  /tmp/ccO04GVz.s 			page 2


  30      0C42528C 
  30      4C8C0A8C 
  30      403688
  31 0028 60119930 		.ascii	"`\021\2310\223\021\"\313\366A\217\207\201\351\002?\013"
  31      931122CB 
  31      F6418F87 
  31      81E9023F 
  31      0B
  32 0039 481D2317 		.ascii	"H\035#\027\220`c\340VE\323\017\026g\341e``\232\3407"
  32      906063E0 
  32      5645D30F 
  32      1667E165 
  32      60609AE0 
  33 004e C10FCC63 		.ascii	"\301\017\314cg`c\005\252\002j\207\253b\000\000\010\206"
  33      67606305 
  33      AA026A87 
  33      AB620000 
  33      0886
  34 0060 0C65     		.ascii	"\014e"
  35              		.text
  36              		.section	.gnu.lto_.pureconst.762986c8d16e1878,"",%progbits
  37 0000 789C6365 		.ascii	"x\234ce`b\340b```a\220`\225`\333\305\310\316\002\000"
  37      6062E062 
  37      60606061 
  37      90609560 
  37      DBC5C8CE 
  38 0016 05CE0117 		.ascii	"\005\316\001\027"
  39              		.text
  40              		.section	.gnu.lto__core_init.762986c8d16e1878,"",%progbits
  41 0000 789C7D91 		.ascii	"x\234}\221OK\033A\030\306\337gf\215\241\030D\360\240"
  41      4F4B1B41 
  41      18C6DF67 
  41      668DA118 
  41      44F0A0
  42 0013 6D0FBDE4 		.ascii	"m\017\275\344 B\366\003x\364\342\315\203\037`1\353B"
  42      2042F603 
  42      78F4E2CD 
  42      831F6031 
  42      EB42
  43 0025 02C61403 		.ascii	"\002\306\024\003\275f\"\330HD+\202\177*\310\006r\360"
  43      BD6622D8 
  43      48442B82 
  43      7F2AC806 
  43      72F0
  44 0037 4F5BD3B4 		.ascii	"O[\323\264\261m.m\010=\025Q\020\324\203\330\226R\005"
  44      B16D2E6D 
  44      083D1551 
  44      10D483D8 
  44      965205
  45 004a 454FE241 		.ascii	"EO\342AK\243\357$\301V\005\007\206yw\366}~\373\233\331"
  45      4BA3EF24 
  45      C1560507 
  45      867977F6 
  45      7D7EFB9B 
  46 005f 3A12E417 		.ascii	":\022\344\027D]D\364\210'$AL\254\023%\274\002\320\205"
  46      445D44F4 
  46      88272441 
ARM GAS  /tmp/ccO04GVz.s 			page 3


  46      4CAC1325 
  46      BC02D085 
  47 0073 F282E202 		.ascii	"\362\202\342\002q\274\2203\022\245\344AA\264-(\036\305"
  47      71BC9033 
  47      12A5E441 
  47      41B42D28 
  47      1EC5
  48 0085 99CF9EE7 		.ascii	"\231\317\236\347j\270\305\225D/y\352\201\005\264\021"
  48      6AB8C595 
  48      442F79EA 
  48      8105B411 
  49 0095 B79DA54E 		.ascii	"\267\235\245N\367}2\000]\247\277\2246\032\375\031\365"
  49      F77D3200 
  49      5DA7BF94 
  49      361AFD19 
  49      F5
  50 00a6 9323DB73 		.ascii	"\223#\333s\315\223*=\253\014W\002\213\220\265\234.I"
  50      CD932A3D 
  50      AB0C5702 
  50      8B90B59C 
  50      2E49
  51 00b8 F7EEFCCE 		.ascii	"\367\356\374\316\347 ;*\271\357\205\225\234\247\226"
  51      E7203B2A 
  51      B9EF8595 
  51      9CA796
  52 00c7 FBF630A1 		.ascii	"\373\3660\241J\211':\265\374/\265\\K\375\312\225\247"
  52      4A89273A 
  52      B5FC2FB5 
  52      5C4BFDCA 
  52      95A7
  53 00d9 7C1E03AF 		.ascii	"|\036\003\257\340\307\022\374U\033\274\206\007\274f"
  53      E0C712FC 
  53      551BBC86 
  53      07BC66
  54 00e8 375154E5 		.ascii	"7QT\345\313\244*\226[\263\371\037M\006Q\212\337\353"
  54      CBA42A96 
  54      5BB3F91F 
  54      4D06518A 
  54      DFEB
  55 00fa A38D4AA1 		.ascii	"\243\215J\241Wy\210\241\213\344\336j\277\2160nz\270"
  55      577988A1 
  55      8BE4DE6A 
  55      BF8E306E 
  55      7AB8
  56 010c B4513F2E 		.ascii	"\264Q?.])*\036\205\302\361n}\374\257\362\362FF\223y"
  56      5D292A1E 
  56      85C2F16E 
  56      7DFCAFF2 
  56      F2464693 
  57 0121 EF686DEB 		.ascii	"\357hm\353\353\003\027\363p\245\304\012_\316\033<\346"
  57      EB0317F3 
  57      70A5C40A 
  57      5FCE1B3C 
  57      E6
  58 0132 4F66E1E2 		.ascii	"Of\341\342\177\200q\033`d$n\003\200\034\003\336j\200"
  58      7F80711B 
  58      6064246E 
ARM GAS  /tmp/ccO04GVz.s 			page 4


  58      03801C03 
  58      DE6A80
  59 0145 BEAD8BF3 		.ascii	"\276\255\213\363\255\006n\036Q*\375L\023\3361\223\321"
  59      AD066E1E 
  59      512AFD4C 
  59      13DE3193 
  59      D1
  60 0156 EF11A78A 		.ascii	"\357\021\247\212\347\311\265\347M1qW,\177-\266Z\025"
  60      E7C9B5E7 
  60      4D317157 
  60      2C7F2DB6 
  60      5A15
  61 0168 BB6922EF 		.ascii	"\273i\"\357\232|\270\317\344c\325\344\023\233\234`("
  61      9A7CB8CF 
  61      E463D5E4 
  61      139B9C60 
  61      28
  62 0179 FD670C5A 		.ascii	"\375g\014Z\244\362+R|,\276Ivh\017\004\314\316P8\030"
  62      A4F22B52 
  62      7C2CBE49 
  62      76680F04 
  62      CCCE5038 
  63 018e EEEE31A3 		.ascii	"\356\3561\2431\323\216F\"\321\001\256\372\303A36h\233"
  63      31D38E46 
  63      22D101AE 
  63      FAC34133 
  63      36689B
  64 01a1 7628E244 		.ascii	"v(\342D\354\350\240\023\260\251\301\262BN\357S\313\031"
  64      ECE8A013 
  64      B0A9C1B2 
  64      424EEF53 
  64      CB19
  65 01b3 E8B32C5F 		.ascii	"\350\263,_\355!\330\033s,\353\012P\304\324\301"
  65      ED21D81B 
  65      732CEB0A 
  65      50C4D4C1 
  66              		.text
  67              		.section	.gnu.lto_chCoreAllocAlignedI.762986c8d16e1878,"",%progbits
  68 0000 789C8D53 		.ascii	"x\234\215SMHTQ\024>\347\335\367\3478?\376\021A\006."
  68      4D485451 
  68      143EE7DD 
  68      F7E7383F 
  68      FE114106 
  69 0015 12916066 		.ascii	"\022\221`fQ-j\333\246]\213V-s\220\034p\234\320]\004"
  69      512D6ADB 
  69      A65D8B56 
  69      2D73901C 
  69      709CD05D 
  70 002a F37274C4 		.ascii	"\363rt\304$3\2501\303\341U\022jfj\277\272\020\207\214"
  70      2433A831 
  70      C3E15512 
  70      6A666ABF 
  70      BA10878C 
  71 003e 30B23F49 		.ascii	"0\262?I\020#\220\376G3*\012\012s\354\234\373&K\335\364"
  71      102390FE 
  71      47332A0A 
  71      0A73EC9C 
ARM GAS  /tmp/ccO04GVz.s 			page 5


  71      FB264BDD 
  72 0053 E09D77EF 		.ascii	"\340\235w\357w\277\357\334\357\234{\237\006\012\350"
  72      77BFEFDC 
  72      EF9C7B9F 
  72      060AE8
  73 0062 2AC01E00 		.ascii	"*\300\036\000\330E/j\200J\333c\200\343\246\242\250\037"
  73      D8452F6A 
  73      804ADB63 
  73      80E3A6A2 
  73      A81F
  74 0074 0CB05CA2 		.ascii	"\014\260\\\242\347>\200\345\026\250:\270\212\310\003"
  74      E73E80E5 
  74      16A83AB8 
  74      8AC803
  75 0083 CB44882A 		.ascii	"\313D\210*B\305(\236\022\355\002\2375\014v\212Va\013"
  75      42C5289E 
  75      12ED029F 
  75      350C768A 
  75      56610B
  76 0096 4095A65F 		.ascii	"@\225\246_\036\235\177\355\345)b\011\257\316\277o\310"
  76      1E9D7FED 
  76      E5296209 
  76      AFCEBF6F 
  76      C8
  77 00a7 2DEFB6AC 		.ascii	"-\357\266\254z+\325>l\264\307\032\367\331B\201\016b"
  77      7A2BD53E 
  77      6CB4C71A 
  77      F7D94281 
  77      0E62
  78 00b9 F7603176 		.ascii	"\367`1vc1o\336\213\345\304\275t|\372\241G\370\021h\334"
  78      63316FDE 
  78      8BE5C4BD 
  78      747CFAA1 
  78      47F81168 
  79 00ce D43F9AF6 		.ascii	"\324?\232\366\226]\226\272\347g\204\265\315\026\002"
  79      965D96BA 
  79      E76784B5 
  79      CD1602
  80 00dd AFA0F857 		.ascii	"\257\240\370WH\020`\037\226\021\275miy\316\020;\244"
  80      4810601F 
  80      9611BD6D 
  80      6979CE10 
  80      3BA4
  81 00ef 34767176 		.ascii	"4vqvL\315J'\023R\252\342\325\365R\025\260\037\313\230"
  81      4CCD4A27 
  81      1352AAE2 
  81      D5F55215 
  81      B01FCB98 
  82 0103 3F996A1E 		.ascii	"?\231j\036p\211\335R\233\231J\177\326J\273\244\366S"
  82      7089DD52 
  82      9B994A7F 
  82      D64ABBA4 
  82      F653
  83 0115 72F3E998 		.ascii	"r\363\351\2305a\251\266\320\360\332Z=?D\1775\2249\353"
  83      3561A9B6 
  83      D0F0DA5A 
  83      3D3F447F 
ARM GAS  /tmp/ccO04GVz.s 			page 6


  83      359439EB 
  84 0129 D1551CC0 		.ascii	"\321U\034\300\322.\001\\\025\0253\210:\322\207\301\201"
  84      D22E015C 
  84      15153388 
  84      3AD287C1 
  84      81
  85 013a 294C5999 		.ascii	")LY\231\225&+\365n\353\217o\313\371\233\220vV4\344\255"
  85      95262BF5 
  85      6EEB8F6F 
  85      CBF99B90 
  85      765634E4 
  86 014f 7564EF06 		.ascii	"ud\357\006[19\344pp\311\202ri\250\271y\356\341\340\345"
  86      5B3139E4 
  86      7070C982 
  86      7269A8B9 
  86      79EEE1E0 
  87 0164 E0E39007 		.ascii	"\340\343\220\007\2345\237\227\013x^\310\241\210\247"
  87      9C359F97 
  87      0B785EC8 
  87      A188A7
  88 0173 00276873 		.ascii	"\000'hs>\237\026j/}\305\002\306.\254\264\012\266\303"
  88      3E9F166A 
  88      2F7DC502 
  88      C62EACB4 
  88      0AB6C3
  89 0186 5647463E 		.ascii	"VGF>\2760\242\313\226i\013\275C\260\301!\214\222\322"
  89      BE30A2CB 
  89      96690BBD 
  89      43B0C121 
  89      8C92D2
  90 0199 8034C612 		.ascii	"\2004\306\022\361\376\321*f&\205\221\024ZR\350\016\212"
  90      F1FED12A 
  90      66268591 
  90      145A52E8 
  90      0E8A
  91 01ab 0E66124C 		.ascii	"\016f\022L)^N\364\366\311\223Vq\205\036\037^\247N\244"
  91      295E4EF4 
  91      F6C99356 
  91      71851E1F 
  91      5EA74EA4 
  92 01bf B17EE60F 		.ascii	"\261~\346\017/\207\264,\374\025o\026\016\342\222\342"
  92      2F87B42C 
  92      FC156F16 
  92      0EE292E2 
  93 01cf 1C788BF5 		.ascii	"\034x\213\365%\2621T\035\241\254J\244\027\306]\016+"
  93      25B23154 
  93      1DA1AC4A 
  93      A417C65D 
  93      0E2B
  94 01e1 9792271A 		.ascii	"\227\222'\032\357>18\271\211\353\354\232]l\227\260\371"
  94      EF3E3138 
  94      B989EBEC 
  94      9A5D6C97 
  94      B0F9
  95 01f3 C9E97B2E 		.ascii	"\311\351{.\033\223\310\007r\223\356\337\015>\011\274"
  95      1B93C807 
  95      7293EEDF 
ARM GAS  /tmp/ccO04GVz.s 			page 7


  95      0D3E09BC 
  96 0203 853672C2 		.ascii	"\2056r\302\257MY\033n\312\270\306\277G\326\344^\203"
  96      AF4D591B 
  96      6ECAB8C6 
  96      BF47D6E4 
  96      5E83
  97 0215 7909CE16 		.ascii	"y\011\316\026@~\263\240O\326\340u\262\035t\260<\202"
  97      407EB3A0 
  97      4FD6E075 
  97      B21D74B0 
  97      3C82
  98 0227 FFFAA7F6 		.ascii	"\377\372\247\366\023\344\370_\214\351\016%\177\203a"
  98      13E4F85F 
  98      8CE90E25 
  98      7F8361
  99 0236 65A3E1DB 		.ascii	"e\243\341\333\253\206\357\2547\\@)\330\307\271\370O"
  99      AB86EFAC 
  99      375C4029 
  99      D8C7B9F8 
  99      4F
 100 0247 CD410A25 		.ascii	"\315A\012%\350\2037\33003\276s\265\227\205\362\342\265"
 100      E88337D8 
 100      3033BE73 
 100      B59785F2 
 100      E2B5
 101 0259 D0BDA77F 		.ascii	"\320\275\247\177S\220\2423~r\354\230\263\\$\255:\255"
 101      5390A233 
 101      7E72EC98 
 101      B35C24AD 
 101      3AAD
 102 026b 7DB085B1 		.ascii	"}\260\205\261\377i\343\360\252\253\021rEYd~U\336\240"
 102      FF69E3F0 
 102      AAAB1172 
 102      4559647E 
 102      55DEA0
 103 027e 455420C9 		.ascii	"ET \311\"\370\216\210\376bevi\216(yb6\363\024\351\276"
 103      22F88E88 
 103      FE626576 
 103      698E2879 
 103      6236F314 
 104 0294 21B3A8D2 		.ascii	"!\263\250\322\355~\177`oU\250\"\264\377@ R\027\010F"
 104      ED7E7F60 
 104      6F55A822 
 104      B4FF4020 
 104      52170846 
 105 02a8 C2E1480D 		.ascii	"\302\341H\015\215\252C\025\201\272\332` X\025\256\014"
 105      8DAA4315 
 105      81BADA60 
 105      205815AE 
 105      0C
 106 02b9 0723B595 		.ascii	"\007#\265\225\376 \250u\241\243\225\332\241\352\320"
 106      FE20A875 
 106      A1A395DA 
 106      A1EAD0
 107 02c8 E11A3CF2 		.ascii	"\341\032<\362\033R\\L\343"
 107      1B525C4C 
 107      E3
ARM GAS  /tmp/ccO04GVz.s 			page 8


 108              		.text
 109              		.section	.gnu.lto_chCoreAllocAligned.762986c8d16e1878,"",%progbits
 110 0000 789C8553 		.ascii	"x\234\205S\337K\024Q\024>g\356\354\217\326\014\351\245"
 110      DF4B1451 
 110      143E67EE 
 110      EC8FD60C 
 110      E9A5
 111 0012 877C5821 		.ascii	"\207|X!1)v\002\203\210z\011_\352A\002\375\003D\247%"
 111      31297602 
 111      83887A09 
 111      5FEA4102 
 111      FD0344A7 
 112 0027 075C5776 		.ascii	"\007\\Wv,\262\027\307]\305\322(\243\322]k\2312B+\177"
 112      2CB217C7 
 112      5DC5D228 
 112      A3D25D6B 
 112      9932422B 
 113 003c 97A9A5B6 		.ascii	"\227\251\245\266\225ea%\205\206d\017fH\244E?\360!\010"
 113      95656125 
 113      8586640F 
 113      6648A445 
 113      3FF02108 
 114 0050 AD73AFAB 		.ascii	"\255s\257\253\271*5\260\314\235{\277\357\334\357|\337"
 114      B92A35B0 
 114      CC9D7BBF 
 114      EFDCEF7C 
 114      DF
 115 0061 590B4870 		.ascii	"Y\013Hp\\\006\230\004\200\315\364C\006(U\277\004(\265"
 115      5C069804 
 115      80CDF443 
 115      062855BF 
 115      0428B5
 116 0074 4B887C61 		.ascii	"K\210|a\330\021J$,\3013\254\226\341\253\262\266K\354"
 116      D8114A24 
 116      2CC133AC 
 116      96E1ABB2 
 116      B64BEC
 117 0087 34330926 		.ascii	"43\011&\323\347\367\027u\0376\360OD'?\235\376X\026\227"
 117      D3E7F717 
 117      751F36F0 
 117      4F44273F 
 117      9DFE5816 
 118 009c DA60187E 		.ascii	"\332`\030~#R\333\341\250\015\224\3577\231\004!B7b\""
 118      2352DBE1 
 118      A80D94EF 
 118      37990421 
 118      42376222 
 119 00b0 366022BF 		.ascii	"6`\"\277\342:\246\022\266\276tt(\236\271\020h]\321\334"
 119      E23AA612 
 119      B6BE7474 
 119      289EB910 
 119      685DD1DC 
 120 00c4 F76943CA 		.ascii	"\367iC\3125\301{~\236\031[L\306\360\006\262\345D\332"
 120      35C17B7E 
 120      9E195B4C 
 120      C6F006B2 
 120      E544DA
ARM GAS  /tmp/ccO04GVz.s 			page 9


 121 00d7 02BC8929 		.ascii	"\002\274\211)\004\257\37657aci\202\032\270\362\366\276"
 121      04AFFE35 
 121      37616369 
 121      821AB8F2 
 121      F6BE
 122 00e9 1CA50ED4 		.ascii	"\034\245\016\324\010\252\214M+\2512`3\246p\374\363\310"
 122      08AA8C4D 
 122      2BA93260 
 122      33A670FC 
 122      F3C8
 123 00fb C95607DB 		.ascii	"\311V\007\333-\270\357N\314w\311\311W\005\367\315\365"
 123      2DB8EF4E 
 123      CC77C9C9 
 123      5705F7CD 
 123      F5
 124 010c 8D6703C6 		.ascii	"\215g\003\306SC&\301\330\022\313\347\017\301'\333\347"
 124      534326C1 
 124      D812CBE7 
 124      0FC127DB 
 124      E7
 125 011d 2FC45B65 		.ascii	"/\304[el\305d\336\022u\322\206V\244\027\337i}\215\021"
 125      6CC564DE 
 125      1275D286 
 125      56A417DF 
 125      697D8D11 
 126 0131 63FE7785 		.ascii	"c\376w\205\021y\231\372uvd\243\203\354#\265d\014]l\001"
 126      117999FA 
 126      757664A3 
 126      83EC23B5 
 126      640C5D6C 
 127 0146 41824A62 		.ascii	"A\202JbqO\253\310\024z\263)\224x\341\217\275\025#\310"
 127      714FABC8 
 127      147AB329 
 127      9478E18F 
 127      BD1523C8 
 128 015a F6084D9D 		.ascii	"\366\010M\235\375cAGT\323ppk]`\350\224q\331\237`2\013"
 128      FD634147 
 128      54D37070 
 128      6B5D60E8 
 128      9471D99F 
 129 0171 B6AF5685 		.ascii	"\266\257V\205\035\230\314\375\373d\364\311<\006\013"
 129      1D98CCFD 
 129      FB64F4C9 
 129      3C060B
 130 0180 3AF1169D 		.ascii	":\361\026\235M\243\177\262\341L\333k\\\222]f\320\023"
 130      4DA37FB2 
 130      E14CDB6B 
 130      5C925D66 
 130      D013
 131 0192 39D7ED10 		.ascii	"9\327\355\020\252C\014\227u\004x\033\255\313Z\\\300"
 131      AA430C97 
 131      7504781B 
 131      ADCB5A5C 
 131      C0
 132 01a3 CE3439B3 		.ascii	"\31649\263\001;9XZy6\024\334z\221\361\313\001\357p\000"
 132      013B3958 
 132      5A793614 
ARM GAS  /tmp/ccO04GVz.s 			page 10


 132      DC7A91F1 
 132      CB01EF70 
 133 01b8 8BA9D6C5 		.ascii	"\213\251\326\305\253a77\007a\220k\2507;~:\222\306\320"
 133      AB613737 
 133      0761906B 
 133      A8373B7E 
 133      3A92C6D0 
 134 01cc 34824E93 		.ascii	"4\202N\223Y9\272\371\303=\303.K\004\354\301$q\371\267"
 134      5939BAF9 
 134      C33DC32E 
 134      4B04ECC1 
 134      2471F9B7 
 135 01e0 CF23E312 		.ascii	"\317#\343\022\355\340]\224E\027\200\367\304\2245\366"
 135      EDE05D94 
 135      451780F7 
 135      C49435F6 
 136 01f0 3F9A5A9F 		.ascii	"?\232Z\2374\036e\3338\366GK\307h\234`\367r6\366\241"
 136      341E65DB 
 136      38F6474B 
 136      C7689C60 
 136      F77236F6 
 137 0205 0C53E877 		.ascii	"\014S\350w\012G\000f00\321Y3\273\211\313\347\360\236"
 137      0A470066 
 137      3030D159 
 137      33BB89CB 
 137      E7F09E
 138 0218 9ECFE3B6 		.ascii	"\236\317\343\266\2229\303n2{\210\006\204\367\213\375"
 138      9239C36E 
 138      327B8806 
 138      84F78BFD 
 139 0228 5842A3B1 		.ascii	"XB\243\261\216\300\345\023U\341k\310\215\0113K,\334"
 139      8EC0E513 
 139      55E16BC8 
 139      8D09334B 
 139      2CDC
 140 023a 116216AA 		.ascii	"\021b\026\252\177\237\260a&\205\031\231\034'n\022\341"
 140      7F9FB061 
 140      26851999 
 140      1C276E12 
 140      E1
 141 024b 53AAC410 		.ascii	"S\252\304\020\327u\325\004\337\256\262\273w\321nk\214"
 141      D775D504 
 141      DFAEB2BB 
 141      77D16E6B 
 141      8C
 142 025c 411161D0 		.ascii	"A\021a\320\203\265\264\331\304!>\214j\213N\310\212\251"
 142      83B5B4D9 
 142      C4213E8C 
 142      6A8B4EC8 
 142      8AA9
 143 026e 08FF672A 		.ascii	"\010\377g*\036\211\251\250)\1778l[\230\012\300\201\177"
 143      1E89A9A8 
 143      297F386C 
 143      5B980AC0 
 143      817F
 144 0280 4CC54CD3 		.ascii	"L\305L\323^M\310\0111\373\352\244w\206\031/\010\370"
 144      5E4DC809 
ARM GAS  /tmp/ccO04GVz.s 			page 11


 144      31FBEAA4 
 144      7786192F 
 144      08F8
 145 0292 7875D24F 		.ascii	"xu\322OD#\203\313\222\2367\337\367\307-\2068 B|*B\\"
 145      442383CB 
 145      929E37DF 
 145      F7C72D86 
 145      3820427C 
 146 02a9 99D8B3A5 		.ascii	"\231\330\263\245\304xq\370\202\376\211\252\306\307\326"
 146      C47871F8 
 146      82FE89AA 
 146      C6C7D6
 147 02b8 6808BC8D 		.ascii	"h\010\274\215J\032R\372\227\020e\233\313\245\244\347"
 147      4A1A52FA 
 147      9710659B 
 147      CBA5A4E7 
 148 02c8 69B9DAC1 		.ascii	"i\271\332\301,\305\253+\252\327\343\361\026\320*_\313"
 148      2CC5AB2B 
 148      AAD7E3F1 
 148      16D02A5F 
 148      CB
 149 02d9 55749FAA 		.ascii	"Ut\237\252\250y\036\267G\365\372\334.\025d];\356\266"
 149      A8791EB7 
 149      47F5FADC 
 149      2E15645D 
 149      3BEEB6
 150 02ec E4E46B87 		.ascii	"\344\344k\207\013\260\320r4'\377\210[Y\223^\350\365"
 150      0BB0D072 
 150      3427FF88 
 150      5B59935E 
 150      E8F5
 151 02fe 15E9CABE 		.ascii	"\025\351\312\276\314\214\364\214cT\201\323\263\217\356"
 151      CC8CF48C 
 151      635481D3 
 151      B38FEE
 152 030d F2B8F220 		.ascii	"\362\270\362 mM\274\373X\221\222\236\221u K\321\012"
 152      6D4DBCFB 
 152      5891929E 
 152      9175204B 
 152      D10A
 153 031f D4FC2387 		.ascii	"\324\374#\207\334\212\352\3215=\373\260\252\022')\226"
 153      DC8AEAD1 
 153      353DFBB0 
 153      AA122729 
 153      96
 154 0330 E32BFA8B 		.ascii	"\343+\372\213\312\323\213uB$dde:sstw\241O\333\356L\336"
 154      CAD38B75 
 154      42246464 
 154      653A7373 
 154      7477A14F 
 155 0348 01920F6C 		.ascii	"\001\222\017l\244\333\353+\206?_\246\263q"
 155      A4DBEB2B 
 155      863F5FA6 
 155      B371
 156              		.text
 157              		.section	.gnu.lto_chCoreGetStatusX.762986c8d16e1878,"",%progbits
 158 0000 789C6590 		.ascii	"x\234e\220\273N\002Q\020\206g\316\331e\027\022y\001"
ARM GAS  /tmp/ccO04GVz.s 			page 12


 158      BB4E0251 
 158      108667CE 
 158      D9651712 
 158      7901
 159 0012 29688991 		.ascii	")h\211\221}\010;\033\013\337\200\015\011$\256\233\300"
 159      7D083B1B 
 159      0BDF800D 
 159      0924AE9B 
 159      C0
 160 0023 0370C40B 		.ascii	"\003p\304\013Q\023\265q\301\013\331\202\002\361\206"
 160      5113B571 
 160      C10BD982 
 160      02F186
 161 0032 DA519810 		.ascii	"\332Q\230\020\243\235W\022+;\2550Zh,\025\234\311\022"
 161      A39D5712 
 161      2B3BAD30 
 161      5A682C15 
 161      9CC912
 162 0045 0B29F6EC 		.ascii	"\013)\366\354\374\377\316\371\376\231\325A\200\207\000"
 162      FCFFCEF9 
 162      FE99D541 
 162      808700
 163 0054 E300304A 		.ascii	"\343\0000J\017J@\261q\0130g\012D.\224\211P\020X\300"
 163      0F4A40B1 
 163      710B3067 
 163      0A442E94 
 163      89501058 
 164 0069 755996F8 		.ascii	"uY\226\370\260p\262+\327\244Om\032\311\217\233\355\227"
 164      B070B22B 
 164      D7A44F6D 
 164      1AC98F9B 
 164      ED97
 165 007b 284BC438 		.ascii	"(K\3048\311\035\325Y6\022u\245\212\252]\376\212T\316"
 165      C91DD559 
 165      361275A5 
 165      8AAA5DFE 
 165      8A54CE
 166 008e EE55D897 		.ascii	"\356U\330\227\002\266\250}\017cX\307\030g40\001\324"
 166      02B6A87D 
 166      0F6358C7 
 166      18673430 
 166      01D4
 167 00a0 FD7CDADB 		.ascii	"\375|\332\333\034\011i\374\225\314}\014\321\034\320"
 167      1C0969FC 
 167      95CC7D0C 
 167      D11CD0
 168 00af EC605BF5 		.ascii	"\354`[\365\372%\325\376\256a\177\322\024\340K)\351\320"
 168      FA25D5FE 
 168      AE617FD2 
 168      14E04B29 
 168      E9D0
 169 00c1 34AE74AE 		.ascii	"4\256t\256B|\030\300dX\241\313<\346*\011z\313.\026\275"
 169      427C18C0 
 169      6458A1CB 
 169      3CE62A09 
 169      7ACB2E16 
 170 00d6 EEF95594 		.ascii	"\356\371U\224yU)(\306[\274\2703xF\0359\265\325z{2\012"
ARM GAS  /tmp/ccO04GVz.s 			page 13


 170      79552928 
 170      C65BBCB8 
 170      3378461D 
 170      39B5D57A 
 171 00ed 3FCA24A3 		.ascii	"?\312$\243\306\311\344\275^?^F|\254\"%\340!\355z\300"
 171      C6C9E4BD 
 171      5E3F5E46 
 171      7CAC2225 
 171      E021ED7A 
 172 0102 83E211FA 		.ascii	"\203\342\021\372\010\004\374,a\200\223Dd\303\013\007"
 172      0804FC2C 
 172      61809344 
 172      64C30B07 
 173 0112 5A1BE2E1 		.ascii	"Z\033\342\3410\357\370\217\327\374\317\323\011A\306"
 173      30EFF88F 
 173      D7FCCFD3 
 173      0941C6
 174 0121 7C656960 		.ascii	"|ei`\004\031z\320\324\220\201i\220\017\357X\214\017"
 174      04197AD0 
 174      D4908169 
 174      900FEF58 
 174      8C0F
 175 0133 24CD4C6B 		.ascii	"$\315Lk#\257K?`,\231\264&2\331Tvj\332r\363\226\355:"
 175      23AF4B3F 
 175      602C99B4 
 175      2632D954 
 175      766ADA72 
 176 014b 8E3B4BD5 		.ascii	"\216;K\325L6e\345s\266eg\234\264c\273\271t\322\206_"
 176      4C3665E5 
 176      73B66567 
 176      9CB463BB 
 176      B974D286 
 177 0160 A8728BC9 		.ascii	"\250r\213\311"
 178              		.text
 179              		.section	.gnu.lto_.symbol_nodes.762986c8d16e1878,"",%progbits
 180 0000 789C55CB 		.ascii	"x\234U\313\335\011\302`\014\205\341s\022SZ\247\020'"
 180      DD09C260 
 180      0C85E173 
 180      12535AA7 
 180      1027
 181 0012 D1C912A1 		.ascii	"\321\311\022\241\003t\006q\012o\272\2013(8\203\377-"
 181      03740671 
 181      0A6FBA81 
 181      33283883 
 181      FF2D
 182 0024 A6F5C62F 		.ascii	"\246\365\306/7/<\234\030\004=\362\344A\007\272\023\220"
 182      372F3C9C 
 182      18043DF2 
 182      E44107BA 
 182      1390
 183 0036 39C616B0 		.ascii	"9\306\026\260\033\021k@\355C\256rbw\312\017\006\352"
 183      1B116B40 
 183      ED43AE72 
 183      6277CA0F 
 183      06EA
 184 0048 04F2A4B3 		.ascii	"\004\362\244\263\370\221\027]Jy\323\265\020\216\364"
 184      F891175D 
ARM GAS  /tmp/ccO04GVz.s 			page 14


 184      4A79D3B5 
 184      108EF4
 185 0057 C52C40C4 		.ascii	"\305,@\304&a'n\005\204x\365\017j5\016\347\221Z-\321"
 185      2661276E 
 185      058478F5 
 185      0F6A350E 
 185      E7915A2D 
 186 006c 5EA61AF6 		.ascii	"^\246\032\366s\033\\\263\370\002*M/\206"
 186      731B5CB3 
 186      F8022A4D 
 186      2F86
 187              		.text
 188              		.section	.gnu.lto_.refs.762986c8d16e1878,"",%progbits
 189 0000 789C0DC5 		.ascii	"x\234\015\305\261\021\000 \014\3040\373\223\034\035"
 189      B1110020 
 189      0CC430FB 
 189      931C1D
 190 000f 0D1BB0FF 		.ascii	"\015\033\260\377\220\240FC\270@\243&ZI\247\006\027\265"
 190      90A04643 
 190      B840A326 
 190      5A49A706 
 190      17B5
 191 0021 F5E42F16 		.ascii	"\365\344/\026\017\014J\000\213"
 191      0F0C4A00 
 191      8B
 192              		.text
 193              		.section	.gnu.lto_.decls.762986c8d16e1878,"",%progbits
 194 0000 789CAD56 		.ascii	"x\234\255V}PT\327\025\177\347\335\205e\227]$\304\351"
 194      7D5054D7 
 194      157FE7DD 
 194      8565975D 
 194      24C4E9
 195 0013 F8079D5A 		.ascii	"\370\007\235Z;\031m;\260\2423\321\277:1\264\215\316"
 195      3B196D3B 
 195      B0A233D1 
 195      BF3A31B4 
 195      8DCE
 196 0025 D49A09D1 		.ascii	"\324\232\011\321i\377\350\274Y\226\027vGX(\2734\261"
 196      69FFE8BC 
 196      59961776 
 196      475828BB 
 196      34B1
 197 0037 FFE4A1A2 		.ascii	"\377\344\241\242\004\321\242\326(\370\001~\214\001\001"
 197      04D1A2D6 
 197      28F8017E 
 197      8C0101
 198 0046 41201A24 		.ascii	"A \032$\350\202\202\306\200\"\010\010*`D\323\210\037"
 198      E88282C6 
 198      80220808 
 198      2A6044D3 
 198      881F
 199 0058 7C68F8D2 		.ascii	"|h\370\322\332s\357}\313{ \332\231N\337p\226{\317;\347"
 199      DA73EF7D 
 199      CB7B20DA 
 199      994EDF70 
 199      967BCF3B 
 200 006d F73BE7DC 		.ascii	"\367;\347\334s\357}\001\202(\\\261\010\302b\"\010\005"
ARM GAS  /tmp/ccO04GVz.s 			page 15


 200      73EF7D01 
 200      82285CB1 
 200      08C26222 
 200      0805
 201 007f 20082FF0 		.ascii	" \010/\360\011\020\004\241D\320\036#\312q\224\323(_"
 201      091004A1 
 201      44D01E23 
 201      CA7194D3 
 201      285F
 202 0091 A39C45A9 		.ascii	"\243\234E\251E9\207R\217b@iFiEiC\351\020\246>\177A\\"
 202      45398752 
 202      8F624069 
 202      46694569 
 202      43E910A6 
 203 00a9 8AB906A5 		.ascii	"\212\271\006\245\005\345:\312\025\224N\365=\250\370"
 203      05E53ACA 
 203      15944EF5 
 203      3DA8F8
 204 00b8 FF0D2715 		.ascii	"\377\015'\025\015M\370?\014e6\312j\224S(\253T\274.5"
 204      0D4DF83F 
 204      0C6536CA 
 204      6A945328 
 204      AB54BC2E 
 205 00cd EEEBAABD 		.ascii	"\356\353\252\275\250\306Lc\305\364\204\037T\374\266"
 205      A8C64C63 
 205      C5F4841F 
 205      54FCB6
 206 00dc 69B8EB10 		.ascii	"i\270\353\020\327\362\012\334\001\224a\224Q\035\376"
 206      D7F20ADC 
 206      01946194 
 206      511DFE
 207 00eb 184A95EA 		.ascii	"\030J\225\352kRk2\201\362\234\362\000\257\011\345\015"
 207      6B526B32 
 207      81F29CF2 
 207      00AF09E5 
 207      0D
 208 00fc 005E2323 		.ascii	"\000^##\010/=\237\242.P\307yJ\315\341}]\374\324\355"
 208      082F3D9F 
 208      A22E50C7 
 208      794ACDE1 
 208      7D5DFCD4 
 209 0111 AC9A479B 		.ascii	"\254\232G\233\032\273\376\331M\340\344\346\206\375\226"
 209      1ABBFED9 
 209      4DE0E4E6 
 209      86FD96
 210 0120 6EB80968 		.ascii	"n\270\011h\003\241\334\013\370/0a\323\027\376\007\200"
 210      03A1DC0B 
 210      F82F3061 
 210      D317FE07 
 210      80
 211 0131 E9512BB2 		.ascii	"\351Q+\262_n\310T\340\367P\347\242:\025UH\366\247:\203"
 211      5F6EC854 
 211      E0F750E7 
 211      A23A1555 
 211      48F6A73A 
 212 0146 0E91BFE6 		.ascii	"\016\221\277\346L\376\207\307\316\007\314Mu\005\020"
 212      4CFE87C7 
ARM GAS  /tmp/ccO04GVz.s 			page 16


 212      CE07CC4D 
 212      750510
 213 0155 350200BD 		.ascii	"5\002\000\275\203\016\220\207\255\276\237\214O\320\222"
 213      830E9087 
 213      ADBE9F8C 
 213      4FD092
 214 0164 037FF60F 		.ascii	"\003\177\366\017\262\206\363\014=p\013 X\310\177\007"
 214      B286F30C 
 214      3D700B20 
 214      58C87F07 
 215 0174 98EEFE89 		.ascii	"\230\356\376\211\233\007C\210\010t\3343V\360\373\310"
 215      9B074388 
 215      0874DC33 
 215      56F0FBC8 
 216 0184 62853F41 		.ascii	"b\205?A?\325\312V\377b\3047k\033\20103\2108m\031h\334"
 216      3FD5CA56 
 216      FF62C437 
 216      6B1B8130 
 216      3388386D 
 217 019b 1F8CD3D9 		.ascii	"\037\214\323\331f\010\305\351hZ[\255y\316\347\314k\203"
 217      6608C5E9 
 217      685A5BAD 
 217      79CEE7CC 
 217      6B83
 218 01ad 122AC29A 		.ascii	"\022*\302\232\237@1\204C\021\204#y\011\314\301\337X"
 218      9F403184 
 218      43118423 
 218      7909CCC1 
 218      DF58
 219 01bf 03476A2F 		.ascii	"\003Gj/9X\0218/_\311\357U|#\337\315\277]\256(\351\350"
 219      39581138 
 219      2F5FC9EF 
 219      557C23DF 
 219      CDBF5DAE 
 220 01d6 66A06650 		.ascii	"f\240fP\010\004\216A$\015\031\207\370[\000=\000_@7&"
 220      08048E41 
 220      240D1987 
 220      F85B003D 
 220      005F4037 
 221 01eb 741CE6A1 		.ascii	"t\034\346\241{YK\3067!\344]\026\355\361\342\2112\263"
 221      7B594BC6 
 221      3721E45D 
 221      16EDF1E2 
 221      8932B3
 222 01fe 812EE42A 		.ascii	"\201.\344*3\305G\325\255\213\205E\004\003C\005\255\315"
 222      33C547D5 
 222      AD8B8545 
 222      04034305 
 222      ADCD
 223 0210 2C54953E 		.ascii	",T\225>\250\032\263r\025\26582\366\370\224\205\254a"
 223      A81AB372 
 223      15B53832 
 223      F6F89485 
 223      AC61
 224 0222 E3AB1BCB 		.ascii	"\343\253\033\313\366\021\236\225\001\247\203M\271wB"
 224      F6119E95 
 224      01A7834D 
ARM GAS  /tmp/ccO04GVz.s 			page 17


 224      B97742
 225 0231 78567377 		.ascii	"xVsw\023\361j\315\303\333A\260\300|\224\246\345{\274"
 225      13F16ACD 
 225      C3DB41B0 
 225      C07C94A6 
 225      E57BBC
 226 0244 775E75B7 		.ascii	"w^u\267\242\314\205S`\206\012-\316Uf\374\315P\224\365"
 226      A2CC8553 
 226      60860A2D 
 226      CE5566FC 
 226      CD5094F5 
 227 0258 4AF606C5 		.ascii	"J\366\006\305\264\\\200/1\361JL\034N\302\002JJ\355\240"
 227      B45C802F 
 227      31F14A4C 
 227      1C4EC202 
 227      4A4AEDA0 
 228 026c 1C952750 		.ascii	"\034\225'P\211,}\003{\372\255,j\212T\006,\356k%\365"
 228      892C7D03 
 228      7BFAAD2C 
 228      6A8A5406 
 228      2CEE6B25 
 229 0281 4703F415 		.ascii	"G\003\364\025\\m\321U\260\212U\360+PK\270\373\263\272"
 229      5C6DD155 
 229      B08A55F0 
 229      2B504BB8 
 229      FBB3BA
 230 0294 0E2B96B0 		.ascii	"\016+\226\260\227\226p\375\222\301\311\022\242\035\224"
 230      979670FD 
 230      92C1C912 
 230      A21D94
 231 02a3 6AA1954E 		.ascii	"j\241\225N/\341iV\302\241\314\303\017\254\304\007\254"
 231      2FE16956 
 231      C2A1CCC3 
 231      0FACC407 
 231      AC
 232 02b4 04DDDB77 		.ascii	"\004\335\333wn1\251X\227~\231\243\370\326#\222\310\220"
 232      6E31A958 
 232      977E99A3 
 232      F8D62392 
 232      C890
 233 02c6 AA35A4EA 		.ascii	"\2525\244\352\351H_3\244\322\301\262\275F\322\312\221"
 233      E9485F33 
 233      A4D2C1B2 
 233      BD46D2CA 
 233      91
 234 02d7 76D596A6 		.ascii	"v\325\226\246\031\365)\320\364\264\034\316L\351\202"
 234      19F529D0 
 234      F4B41CCE 
 234      4CE982
 235 02e6 A7479FDF 		.ascii	"\247G\237\3371\250]\320^\024\272}\203R\200n\371\"5\203"
 235      31A85DD0 
 235      5E14BA7D 
 235      8352806E 
 235      F9223583 
 236 02fa 1A8DB866 		.ascii	"\032\215\270f:\361YF\374Y\177u1\220>N|\363\342\305\355"
 236      3AF15946 
 236      FC597F75 
ARM GAS  /tmp/ccO04GVz.s 			page 18


 236      31903E4E 
 236      7CF3E2C5 
 237 030f B4A37A71 		.ascii	"\264\243zq\225\372\317,,*W6\006\260n\362i8>\212C\007"
 237      95FACF2C 
 237      2C2A5736 
 237      06B06EF2 
 237      69383E8A 
 238 0325 B5CCFFC7 		.ascii	"\265\314\377\307\274/\306\201\344\360\246\037j\311\031"
 238      BC2FC681 
 238      E4F0A61F 
 238      6AC919
 239 0334 1355FFF1 		.ascii	"\023U\377\361_\345(u\"\363\256\323\274\353\374\336\347"
 239      5FE52875 
 239      22F3AED3 
 239      BCEBFCDE 
 239      E7
 240 0345 9877F685 		.ascii	"\230w\366\205\315\022)\342\316\365w\016\346\372\311"
 240      CD1229E2 
 240      CEF5770E 
 240      E6FAC9
 241 0354 8734E7F3 		.ascii	"\2074\347\363\232\363y\277s=s\276\277\345i\205H\252"
 241      9AF379BF 
 241      733D73BE 
 241      BFE56985 
 241      48AA
 242 0366 B977697A 		.ascii	"\271wiz_a\020v\\8\266+\350z5\234\367j\245o\270\304@"
 242      5F611076 
 242      5C38B62B 
 242      E87A359C 
 242      F76AA56F 
 243 037d CE315BF1 		.ascii	"\3161[\361de_\256Yk\307\316\310\364\315t\245\276\305"
 243      64655FAE 
 243      596BC7CE 
 243      C8F4CD74 
 243      A5BEC5
 244 0390 2A7FA3B1 		.ascii	"*\177\243\261\205O\266\343\300!\205\314\021`q8,\304"
 244      854FB6E3 
 244      C02185CC 
 244      11607138 
 244      2CC4
 245 03a2 66BC84CD 		.ascii	"f\274\204\315\030\2566\343E\\\224\013\274\031\013\363"
 245      18AE36E3 
 245      455C940B 
 245      BC190BF3 
 246 03b2 0ACE5B49 		.ascii	"\012\316[I9a\0149\273j+C&\031:\036\317\253H\247\014"
 246      39610C39 
 246      BB6A2B43 
 246      26193A1E 
 246      CFAB48A7 
 247 03c7 9791A151 		.ascii	"\227\221\241Qc@\302\231)\232f\246h\235\3301(Z2'w\010"
 247      6340C299 
 247      299A66A6 
 247      689DD831 
 247      285A3227 
 248 03dd C3F36F12 		.ascii	"\303\363o\022\001\256\200E=c\356o\363\235\260\274uX"
 248      01AE8045 
 248      3D63EE6F 
ARM GAS  /tmp/ccO04GVz.s 			page 19


 248      F39DB0BC 
 248      7558
 249 03ef 51EAE8C9 		.ascii	"Q\352\350\311\360\263Blk\023}\015\015\234\\\347\324"
 249      F0B3426C 
 249      6B137D0D 
 249      0D9C5CE7 
 249      D4
 250 0400 C0DAA219 		.ascii	"\300\332\242\031\336B\267\216\276\312\023@\376i`\025"
 250      DE42B78E 
 250      BECA1340 
 250      FE696015 
 251 0410 CBAB6F4B 		.ascii	"\313\253oK7\205e\323\004\262\351f\245d\254\370-\020"
 251      378565D3 
 251      04B2E966 
 251      A564ACF8 
 251      2D10
 252 0422 367998DD 		.ascii	"6y\230\335h?\324\031\214Dt\315.\347\316\336\241\344"
 252      683FD419 
 252      8C4474CD 
 252      2EE7CEDE 
 252      A1E4
 253 0434 CFA1EFE1 		.ascii	"\317\241\357\341\252\177\245\330\000Z\031\374\340\256"
 253      AA7FA5D8 
 253      005A19FC 
 253      E0AE
 254 0442 CE9D841C 		.ascii	"\316\235\204\034\342\360\345yYi\0065\304\206=a;6(\313"
 254      E2F0E579 
 254      59690635 
 254      C4863D61 
 254      3B3628CB 
 255 0456 5984D75E 		.ascii	"Y\204\327^\212\360\032\203hc\020O3\207\357ZI!\207\030"
 255      8AF01A83 
 255      6863104F 
 255      3387EF5A 
 255      49218718 
 256 046a DE545613 		.ascii	"\336TV\023\240\222\267\353\310\333\375\344l\000\035"
 256      A092B7EB 
 256      C8DBFDE4 
 256      6C001D
 257 0479 CCB3B6A7 		.ascii	"\314\263\266\247m\253U_;J\246\221\\\347\265\243\377"
 257      6DAB555F 
 257      3B4AA691 
 257      5CE7B5A3 
 257      FF
 258 048a D1F870CB 		.ascii	"\321\370p\313]\005\364\306\024V3\356T\215;\231q\317"
 258      5D05F4C6 
 258      145633EE 
 258      548D3B99 
 258      71CF
 259 049c 6847B745 		.ascii	"hG\267EoL\273V3\356R\215\273\230q{z\377.BN\362\004\006"
 259      6F4CBB56 
 259      33EE528D 
 259      BB98717B 
 259      7AFF2E42 
 260 04b4 9FED3F65 		.ascii	"\237\355?e\342\207\346l\234>\357\311\3166\362C3\237"
 260      E287E66C 
 260      9C3EEFC9 
ARM GAS  /tmp/ccO04GVz.s 			page 20


 260      CE36F243 
 260      339F
 261 04c6 B6F0C1A6 		.ascii	"\266\360\301\246\341\317\315\344<\267}R\265i<\204\333"
 261      E1CFCDE4 
 261      3CB77D52 
 261      B5693C84 
 261      DB
 262 04d7 BE89D3A2 		.ascii	"\276\211\323\242\2141%\304\234\301V\207\221\206\351"
 262      8C3125C4 
 262      9CC15687 
 262      9186E9
 263 04e6 3BA1972E 		.ascii	";\241\227.\025\330\302q\263\263\306i\033\255\031\267"
 263      15D8C271 
 263      B3B3C669 
 263      1BAD19B7 
 264 04f6 90268664 		.ascii	"\220&\206d\350=<\324\037\010\013\302\001\314(G\375W"
 264      E83D3CD4 
 264      1F080BC2 
 264      01CC2847 
 264      FD57
 265 0508 94007DD8 		.ascii	"\224\000}\330M\267\325\332\341\223\253 \374\300\247"
 265      4DB7D5DA 
 265      E193AB20 
 265      FCC0A7
 266 0517 543D538F 		.ascii	"T=S\217~\207=\332\307x\356\"\357\035$\312U\202\230\206"
 266      7E873DDA 
 266      C778EE22 
 266      EF1D24CA 
 266      55829886 
 267 052b F6856F4B 		.ascii	"\366\205oKq\220\276y(\366-\264\273\311\342\273G[\210"
 267      7190BE79 
 267      28F62DB4 
 267      BBC9E2BB 
 267      475B88
 268 053e 4749ADB3 		.ascii	"GI\255\263\233\016\3565\231U\216\214\327r\240ucy\337"
 268      9B0EEE35 
 268      99558E8C 
 268      D772A075 
 268      6379DF
 269 0551 7D8B1EFB 		.ascii	"}\213\036\373\373\327a\027\224]\311\260b\2234\373\260"
 269      FBD76117 
 269      945DC9B0 
 269      629334FB 
 269      B0
 270 0562 CF0E04A6 		.ascii	"\317\016\004\246\345\373\322\346\302\277p9\273\261\321"
 270      E5FBD2E6 
 270      C2BF7039 
 270      BBB1D1
 271 0571 F014D779 		.ascii	"\360\024\327y\336@\315\207\370q\362\003k\030\377\375"
 271      DE40CD87 
 271      F871F203 
 271      6B18FFFD 
 272 0581 37FFE5FB 		.ascii	"7\377\345\373o>?SZ\3761t\304HZ\014|\307_\352\2503\350"
 272      6F3E3F53 
 272      5AFE3174 
 272      C4485A0C 
 272      7CC75FEA 
ARM GAS  /tmp/ccO04GVz.s 			page 21


 273 0598 CE94DFE4 		.ascii	"\316\224\337\344\014\321\340\036al\017\264\035?\377"
 273      0CD1E01E 
 273      616C0FB4 
 273      1D3FFF
 274 05a7 9557DC43 		.ascii	"\225W\334CLu\276\272\345\373Qy_=U\216l?\024Hnq\216\206"
 274      4C75BEBA 
 274      E5FB5179 
 274      5F3D558E 
 274      6C3F1448 
 275 05bf 3337AE1B 		.ascii	"37\256\033\300\274`F\200\301\031\000&\217\237\006v\374"
 275      C0BC6046 
 275      80C11900 
 275      268F9F06 
 275      76FC
 276 05d1 0C60308F 		.ascii	"\014`0\217\265`\036\261\032Q-\022e\236l\3556\274\262"
 276      B5601EB1 
 276      1A512D12 
 276      659E6CED 
 276      36BCB2
 277 05e4 A186FC0D 		.ascii	"\241\206\374\015\265\220E\225\365\360\352\036\313\364"
 277      B5904595 
 277      F5F0EA1E 
 277      CBF4
 278 05f2 E5D52EA8 		.ascii	"\345\325.\250a\266\004C\034\036'\364\252\236(9\255\266"
 278      61B60443 
 278      1C1E27F4 
 278      AA9E2839 
 278      ADB6
 279 0604 6F204E47 		.ascii	"o NGJ\363/[_\311\366\324\317\366\204\027\341If\372\210"
 279      4AF32F5B 
 279      5FC9F6D4 
 279      CFF68417 
 279      E14966FA 
 280 0619 FA7161A4 		.ascii	"\372qa\244Kzo\3376\013\337'Ki\2575\0277X\247\0073\202"
 280      4B7A6FDF 
 280      360BDF27 
 280      4B69AF35 
 280      173758A7 
 281 0630 603F32B0 		.ascii	"`?2\260Q\026\314S\036\314(\013\346\313\306\274\275\001"
 281      5116CC53 
 281      1ECC280B 
 281      E6CBC6BC 
 281      BD01
 282 0642 FA1D5B35 		.ascii	"\372\035[5e\307\216\341\311\240\226h\214m\332\254\364"
 282      65C78EE1 
 282      C9A09668 
 282      8C6DDAAC 
 282      F4
 283 0653 63694672 		.ascii	"ciFr\217o\304\312\364\236gF\274\246|x\337\236;@\036"
 283      8F6FC4CA 
 283      F49E6746 
 283      BCA67C78 
 283      DF9E3B40 
 284 0668 156D529A 		.ascii	"\025mR\232\361\276]\316\276\316`\\+\357\370\364\013"
 284      F1BE5DCE 
 284      BECE605C 
 284      2BEFF8F4 
ARM GAS  /tmp/ccO04GVz.s 			page 22


 284      0B
 285 0679 7782DD5A 		.ascii	"w\202\335ZGGF\267\204\220\035\001\374\024\334\375\260"
 285      474746B7 
 285      84901D01 
 285      FC14DCFD 
 285      B0
 286 068a 63960A76 		.ascii	"c\226\012v\247\210\034\253\350S\024\214k#\360\217\270"
 286      A7881CAB 
 286      E853148C 
 286      6B23F08F 
 286      B8
 287 069b 671ADAB3 		.ascii	"g\032\332\263\351h\317\031Z\307\275\2728\322\310\301"
 287      E968CF19 
 287      5AC7BDBA 
 287      38D2C8C1 
 288 06ab 8E951C28 		.ascii	"\216\225\034(\013!]|\262\245\356\334\276@\3746\302\333"
 288      0B215D7C 
 288      B2A5EEDC 
 288      BE40FC36 
 288      C2DB
 289 06bd 90F09D50 		.ascii	"\220\360\235P7\326\023\312>\226h\033\360o\274\363eE"
 289      37D613CA 
 289      3E96681B 
 289      F06FBCF3 
 289      6545
 290 06cf CF435EF9 		.ascii	"\317C^\371\265\271^\244\337\031i\242\372\2411v\241\342"
 290      B5B95EA4 
 290      DF1969A2 
 290      FAA13176 
 290      A1E2
 291 06e1 88498DF5 		.ascii	"\210I\215\365B\015\331V\330\235\245\344\247)\357\\\024"
 291      420DD956 
 291      D89DA5E4 
 291      A729EF5C 
 291      14
 292 06f2 A925FCDB 		.ascii	"\251%\374\333\037+(\242\201\316\246\206\273A\244\341"
 292      1F2B28A2 
 292      81CEA686 
 292      BB41A4E1 
 293 0702 363FAACE 		.ascii	"6?\252\316\012&\373\002Y\210\215[\273\236\200\037\360"
 293      0A26FB02 
 293      59888D5B 
 293      BB9E801F 
 293      F0
 294 0713 00C9DCFA 		.ascii	"\000\311\334\372-\007\344'\350Fq2w\034N\005Kg`\275y"
 294      2D07E427 
 294      E8467132 
 294      771C4E05 
 294      4B6760BD 
 295 0728 DFEFB492 		.ascii	"\337\357\264\222\002\0166q\246u'\321*\3315\255\222\233"
 295      020E3671 
 295      A67527D1 
 295      2AD935AD 
 295      929B
 296 073a 34B44DD3 		.ascii	"4\264M\323\3216\213\363\004\263\344HJ\221%\227\333\345"
 296      D1368BF3 
 296      04B3E448 
ARM GAS  /tmp/ccO04GVz.s 			page 23


 296      4A912597 
 296      DBE5
 297 074c 0D7AEF8F 		.ascii	"\015z\357\217\253\347FGE\011\277\216\214\264E;]\261"
 297      ABE74647 
 297      4509BF8E 
 297      8CB4453B 
 297      5DB1
 298 075e AE5531B6 		.ascii	"\256U1\266$\217\315\221\224\230\230\344\306Q\202+\326"
 298      248FCD91 
 298      949898E4 
 298      C651822B 
 298      D6
 299 076f E64971D8 		.ascii	"\346Iq\330\034\316D9\221\272E:\2047\035\316h\034-KH"
 299      1CCE4439 
 299      91BA453A 
 299      84371DCE 
 299      681C2D4B 
 300 0784 48722C4B 		.ascii	"Hr,Kp\305\273\345\270\025\201\036\327\337e\311\033k"
 300      70C5BBE5 
 300      B815811E 
 300      D7DF65C9 
 300      1B6B
 301 0796 732625CA 		.ascii	"s&%\312\266\217ey\255\354\216\263%%{m\361\016G\204="
 301      B68F6579 
 301      ADEC8EB3 
 301      25257B6D 
 301      F10E4784 
 302 07ab 2531C29D 		.ascii	"%1\302\235\344\226#d{\254+\342\355\210E\013\243\226"
 302      E4962364 
 302      7BAC2BE2 
 302      ED88450B 
 302      A396
 303 07bd 44FC352A 		.ascii	"D\3745*\"59\316\356\225m\224\004\315lS\314lo"
 303      223539CE 
 303      EE956D94 
 303      04CD6C53 
 303      CC6C6F
 304 07d0 472E8E8C 		.ascii	"G.\216\214\262\271\334\216\204\3248\331\346\361\306"
 304      B2B9DC8E 
 304      84D438D9 
 304      E6F1C6
 305 07df C5C91F45 		.ascii	"\305\311\037E:\205\260\227\331C\271\352=\331\033\343"
 305      3A85B097 
 305      D943B9EA 
 305      3DD91BE3 
 306 07ef B57B533D 		.ascii	"\265{S=\177B\305oc\343\243\235\262cmt\202\335\343Y\361"
 306      7F42C56F 
 306      63E3A39D 
 306      B2636D74 
 306      82DDE359 
 307 0804 8BA9E9A5 		.ascii	"\213\251\351\245x'q\035\3168965\036\201\337\220\342"
 307      7827711D 
 307      CE383936 
 307      351E81DF 
 307      90E2
 308 0816 62E32507 		.ascii	"b\343%\007u\222R\335\210\276v\226NC\347F\267\374\211"
 308      759252DD 
ARM GAS  /tmp/ccO04GVz.s 			page 24


 308      88BE7696 
 308      4E43E746 
 308      B7FC89
 309 0829 17EB6092 		.ascii	"\027\353`\222\244T\227\333\273T\362\306\375O\371N\315"
 309      A45497DB 
 309      BB54F2C6 
 309      FD4FF94E 
 309      CD
 310 083a D31F49A2 		.ascii	"\323\037I\242\335\341t\271e\233\204y\332S\023\274\222"
 310      DDE174B9 
 310      659B8479 
 310      DA5313BC 
 310      92
 311 084b 775DB2EC 		.ascii	"w]\262\354\301\300\214*\331\237\377\217d\236u\036\233"
 311      C1C08C2A 
 311      D99FFF8F 
 311      649E751E 
 311      9B
 312 085c 84354564 		.ascii	"\2045Edd\260J\222S\266'K\261v\217,I\201\210\216YZT%"
 312      64B04A92 
 312      53B6274B 
 312      B1768F2C 
 312      4981888E 
 313 0874 CE24092D 		.ascii	"\316$\011->Ju;$)r\311\322\250EA\376\231\301\341\264"
 313      3E4A753B 
 313      242972C9 
 313      D2A84541 
 313      FE99C1E1 
 314 0889 A7987939 		.ascii	"\247\230y9\026/\222\274A\376\201\311\341\214Y\347\371"
 314      162F92BC 
 314      41FE81C9 
 314      E18C59E7 
 314      F9
 315 089a 0316EDE7 		.ascii	"\003\026\355\347\257)=F\201\354\246\344\244\024/+\260"
 315      AF293D46 
 315      81ECA6E4 
 315      A4142F2B 
 315      B0
 316 08ab 6DC62EA4 		.ascii	"m\306.\244\257=\266e\037\254\214^\371\011:\261\346\375"
 316      AF3DB665 
 316      1FAC8C5E 
 316      F9093AB1 
 316      E6FD
 317 08bd DB92441E 		.ascii	"\333\222D\036\267G\366J\357.\213\371\335\373\037\254"
 317      B747F64A 
 317      EF2E8BF9 
 317      DDFB1FAC 
 318 08cd B0DA133E 		.ascii	"\260\332\023>\266\257\363`c'`\035\027\317\210\205\013"
 318      B6AFF360 
 318      6327601D 
 318      17CF8885 
 318      0B
 319 08de 688B5E19 		.ascii	"h\213^\031\263\"F\213\"\321\343\362HXH\304\013fQ\257"
 319      B322468B 
 319      22D1E3F2 
 319      485848C4 
 319      0B6651AF 
ARM GAS  /tmp/ccO04GVz.s 			page 25


 320 08f2 668B1FCC 		.ascii	"f\213\037\314\242\342\215\360\037j#\375h"
 320      A2E28DF0 
 320      1F6A23FD 
 320      68
 321              		.text
 322              		.section	.gnu.lto_.symtab.762986c8d16e1878,"",%progbits
 323 0000 5F636F72 		.ascii	"_core_init\000"
 323      655F696E 
 323      697400
 324 000b 00       		.ascii	"\000"
 325 000c 00       		.ascii	"\000"
 326 000d 00       		.ascii	"\000"
 327 000e 00000000 		.ascii	"\000\000\000\000\000\000\000\000"
 327      00000000 
 328 0016 AE000000 		.ascii	"\256\000\000\000"
 329 001a 6368436F 		.ascii	"chCoreAllocAlignedI\000"
 329      7265416C 
 329      6C6F6341 
 329      6C69676E 
 329      65644900 
 330 002e 00       		.ascii	"\000"
 331 002f 00       		.ascii	"\000"
 332 0030 00       		.ascii	"\000"
 333 0031 00000000 		.ascii	"\000\000\000\000\000\000\000\000"
 333      00000000 
 334 0039 BA000000 		.ascii	"\272\000\000\000"
 335 003d 6368436F 		.ascii	"chCoreAllocAligned\000"
 335      7265416C 
 335      6C6F6341 
 335      6C69676E 
 335      656400
 336 0050 00       		.ascii	"\000"
 337 0051 00       		.ascii	"\000"
 338 0052 00       		.ascii	"\000"
 339 0053 00000000 		.ascii	"\000\000\000\000\000\000\000\000"
 339      00000000 
 340 005b BC000000 		.ascii	"\274\000\000\000"
 341 005f 6368436F 		.ascii	"chCoreGetStatusX\000"
 341      72654765 
 341      74537461 
 341      74757358 
 341      00
 342 0070 00       		.ascii	"\000"
 343 0071 00       		.ascii	"\000"
 344 0072 00       		.ascii	"\000"
 345 0073 00000000 		.ascii	"\000\000\000\000\000\000\000\000"
 345      00000000 
 346 007b BF000000 		.ascii	"\277\000\000\000"
 347 007f 5F5F6865 		.ascii	"__heap_base__\000"
 347      61705F62 
 347      6173655F 
 347      5F00
 348 008d 00       		.ascii	"\000"
 349 008e 02       		.ascii	"\002"
 350 008f 00       		.ascii	"\000"
 351 0090 00000000 		.ascii	"\000\000\000\000\000\000\000\000"
 351      00000000 
ARM GAS  /tmp/ccO04GVz.s 			page 26


 352 0098 D3000000 		.ascii	"\323\000\000\000"
 353 009c 5F5F6865 		.ascii	"__heap_end__\000"
 353      61705F65 
 353      6E645F5F 
 353      00
 354 00a9 00       		.ascii	"\000"
 355 00aa 02       		.ascii	"\002"
 356 00ab 00       		.ascii	"\000"
 357 00ac 00000000 		.ascii	"\000\000\000\000\000\000\000\000"
 357      00000000 
 358 00b4 D7000000 		.ascii	"\327\000\000\000"
 359 00b8 63684462 		.ascii	"chDbgCheckClassI\000"
 359      67436865 
 359      636B436C 
 359      61737349 
 359      00
 360 00c9 00       		.ascii	"\000"
 361 00ca 02       		.ascii	"\002"
 362 00cb 00       		.ascii	"\000"
 363 00cc 00000000 		.ascii	"\000\000\000\000\000\000\000\000"
 363      00000000 
 364 00d4 C1000000 		.ascii	"\301\000\000\000"
 365 00d8 5F646267 		.ascii	"_dbg_check_unlock\000"
 365      5F636865 
 365      636B5F75 
 365      6E6C6F63 
 365      6B00
 366 00ea 00       		.ascii	"\000"
 367 00eb 02       		.ascii	"\002"
 368 00ec 00       		.ascii	"\000"
 369 00ed 00000000 		.ascii	"\000\000\000\000\000\000\000\000"
 369      00000000 
 370 00f5 C3000000 		.ascii	"\303\000\000\000"
 371 00f9 5F646267 		.ascii	"_dbg_check_lock\000"
 371      5F636865 
 371      636B5F6C 
 371      6F636B00 
 372 0109 00       		.ascii	"\000"
 373 010a 02       		.ascii	"\002"
 374 010b 00       		.ascii	"\000"
 375 010c 00000000 		.ascii	"\000\000\000\000\000\000\000\000"
 375      00000000 
 376 0114 C5000000 		.ascii	"\305\000\000\000"
 377              		.text
 378              		.section	.gnu.lto_.opts,"",%progbits
 379 0000 272D666D 		.ascii	"'-fmath-errno' '-fsigned-zeros' '-ftrapping-math' '"
 379      6174682D 
 379      6572726E 
 379      6F272027 
 379      2D667369 
 380 0033 2D666E6F 		.ascii	"-fno-trapv' '-fno-openmp' '-fno-openacc' '-mcpu=cor"
 380      2D747261 
 380      70762720 
 380      272D666E 
 380      6F2D6F70 
 381 0066 7465782D 		.ascii	"tex-m4' '-mfloat-abi=hard' '-mfpu=fpv4-sp-d16' '-mn"
 381      6D342720 
ARM GAS  /tmp/ccO04GVz.s 			page 27


 381      272D6D66 
 381      6C6F6174 
 381      2D616269 
 382 0099 6F2D7468 		.ascii	"o-thumb-interwork' '-mthumb' '-ggdb' '-O2' '-fomit-"
 382      756D622D 
 382      696E7465 
 382      72776F72 
 382      6B272027 
 383 00cc 6672616D 		.ascii	"frame-pointer' '-falign-functions=16' '-ffunction-s"
 383      652D706F 
 383      696E7465 
 383      72272027 
 383      2D66616C 
 384 00ff 65637469 		.ascii	"ections' '-fdata-sections' '-fno-common' '-flto' '-"
 384      6F6E7327 
 384      20272D66 
 384      64617461 
 384      2D736563 
 385 0132 6673696E 		.ascii	"fsingle-precision-constant'\000"
 385      676C652D 
 385      70726563 
 385      6973696F 
 385      6E2D636F 
 386              		.text
 387              		.comm	__gnu_lto_v1,1,1
 388              		.comm	__gnu_lto_slim,1,1
 389              		.ident	"GCC: (GNU Tools for ARM Embedded Processors 6-2017-q1-update) 6.3.1 20170215 (release) [AR
ARM GAS  /tmp/ccO04GVz.s 			page 28


DEFINED SYMBOLS
                            *ABS*:0000000000000000 chmemcore.c
                            *COM*:0000000000000001 __gnu_lto_v1
                            *COM*:0000000000000001 __gnu_lto_slim

NO UNDEFINED SYMBOLS
