ARM GAS  /tmp/ccn8u9eV.s 			page 1


   1              		.cpu cortex-m4
   2              		.eabi_attribute 27, 1
   3              		.eabi_attribute 28, 1
   4              		.eabi_attribute 20, 1
   5              		.eabi_attribute 21, 1
   6              		.eabi_attribute 23, 3
   7              		.eabi_attribute 24, 1
   8              		.eabi_attribute 25, 1
   9              		.eabi_attribute 26, 1
  10              		.eabi_attribute 30, 2
  11              		.eabi_attribute 34, 1
  12              		.eabi_attribute 18, 4
  13              		.file	"chtrace.c"
  14              		.text
  15              	.Ltext0:
  16              		.section	.gnu.lto_.profile.cdb81f9f66e6e2e7,"",%progbits
  17 0000 789C6365 		.ascii	"x\234ce`b`d\000\002\000\000I\000\011"
  17      60626064 
  17      00020000 
  17      490009
  18              		.text
  19              		.section	.gnu.lto_.icf.cdb81f9f66e6e2e7,"",%progbits
  20 0000 789C6365 		.ascii	"x\234ce`\002Bd\000\000\000\250\000\012"
  20      60024264 
  20      000000A8 
  20      000A
  21              		.text
  22              		.section	.gnu.lto_.jmpfuncs.cdb81f9f66e6e2e7,"",%progbits
  23 0000 789C6365 		.ascii	"x\234ce`\002Bd\000\000\000\250\000\012"
  23      60024264 
  23      000000A8 
  23      000A
  24              		.text
  25              		.section	.gnu.lto_.inline.cdb81f9f66e6e2e7,"",%progbits
  26 0000 789C6365 		.ascii	"x\234ce`\002Bd\000\000\000\250\000\012"
  26      60024264 
  26      000000A8 
  26      000A
  27              		.text
  28              		.section	.gnu.lto_.pureconst.cdb81f9f66e6e2e7,"",%progbits
  29 0000 789C6365 		.ascii	"x\234ce`b`d\000\002\000\000I\000\011"
  29      60626064 
  29      00020000 
  29      490009
  30              		.text
  31              		.section	.gnu.lto_.symbol_nodes.cdb81f9f66e6e2e7,"",%progbits
  32 0000 789C6365 		.ascii	"x\234ce`\002B\020\000\000\000X\000\012"
  32      60024210 
  32      00000058 
  32      000A
  33              		.text
  34              		.section	.gnu.lto_.refs.cdb81f9f66e6e2e7,"",%progbits
  35 0000 789C6365 		.ascii	"x\234ce`b`d\000\002\000\000I\000\011"
  35      60626064 
  35      00020000 
  35      490009
  36              		.text
ARM GAS  /tmp/ccn8u9eV.s 			page 2


  37              		.section	.gnu.lto_.decls.cdb81f9f66e6e2e7,"",%progbits
  38 0000 789C6365 		.ascii	"x\234ce`b\000\001F V\001\342\377@\000b\257e \000\000"
  38      60620001 
  38      46205601 
  38      E2FF4000 
  38      62AF6520 
  39 0016 BC1D04D7 		.ascii	"\274\035\004\327"
  40              		.text
  41              		.section	.gnu.lto_.symtab.cdb81f9f66e6e2e7,"",%progbits
  42              		.text
  43              		.section	.gnu.lto_.opts,"",%progbits
  44 0000 272D666D 		.ascii	"'-fmath-errno' '-fsigned-zeros' '-ftrapping-math' '"
  44      6174682D 
  44      6572726E 
  44      6F272027 
  44      2D667369 
  45 0033 2D666E6F 		.ascii	"-fno-trapv' '-fno-openmp' '-fno-openacc' '-mcpu=cor"
  45      2D747261 
  45      70762720 
  45      272D666E 
  45      6F2D6F70 
  46 0066 7465782D 		.ascii	"tex-m4' '-mfloat-abi=hard' '-mfpu=fpv4-sp-d16' '-mn"
  46      6D342720 
  46      272D6D66 
  46      6C6F6174 
  46      2D616269 
  47 0099 6F2D7468 		.ascii	"o-thumb-interwork' '-mthumb' '-ggdb' '-O2' '-fomit-"
  47      756D622D 
  47      696E7465 
  47      72776F72 
  47      6B272027 
  48 00cc 6672616D 		.ascii	"frame-pointer' '-falign-functions=16' '-ffunction-s"
  48      652D706F 
  48      696E7465 
  48      72272027 
  48      2D66616C 
  49 00ff 65637469 		.ascii	"ections' '-fdata-sections' '-fno-common' '-flto' '-"
  49      6F6E7327 
  49      20272D66 
  49      64617461 
  49      2D736563 
  50 0132 6673696E 		.ascii	"fsingle-precision-constant'\000"
  50      676C652D 
  50      70726563 
  50      6973696F 
  50      6E2D636F 
  51              		.text
  52              		.comm	__gnu_lto_v1,1,1
  53              		.comm	__gnu_lto_slim,1,1
  54              		.ident	"GCC: (GNU Tools for ARM Embedded Processors 6-2017-q1-update) 6.3.1 20170215 (release) [AR
ARM GAS  /tmp/ccn8u9eV.s 			page 3


DEFINED SYMBOLS
                            *ABS*:0000000000000000 chtrace.c
                            *COM*:0000000000000001 __gnu_lto_v1
                            *COM*:0000000000000001 __gnu_lto_slim

NO UNDEFINED SYMBOLS
