ARM GAS  /tmp/cc96mFaG.s 			page 1


   1              		.cpu cortex-m4
   2              		.eabi_attribute 27, 1
   3              		.eabi_attribute 28, 1
   4              		.eabi_attribute 20, 1
   5              		.eabi_attribute 21, 1
   6              		.eabi_attribute 23, 3
   7              		.eabi_attribute 24, 1
   8              		.eabi_attribute 25, 1
   9              		.eabi_attribute 26, 1
  10              		.eabi_attribute 30, 2
  11              		.eabi_attribute 34, 1
  12              		.eabi_attribute 18, 4
  13              		.file	"crt1.c"
  14              		.text
  15              	.Ltext0:
  16              		.section	.gnu.lto_.profile.f2482342b936e19,"",%progbits
  17 0000 789C6365 		.ascii	"x\234ce`b`a```d\220\024\005\000\000\307\000;"
  17      60626061 
  17      60606064 
  17      90140500 
  17      00C7003B 
  18              		.text
  19              		.section	.gnu.lto_.icf.f2482342b936e19,"",%progbits
  20 0000 789C6365 		.ascii	"x\234ce`bPc@\0006\206\216/\3636r3\202I&0\311\274\363"
  20      60625063 
  20      40003686 
  20      8E2FF336 
  20      72338249 
  21 0019 F2BF3E2E 		.ascii	"\362\277>.\226K\257W\314ce\275\370mc\017\037\003\000"
  21      964BAF57 
  21      CC6365BD 
  21      F86D630F 
  21      1F0300
  22 002c 5F0D1201 		.ascii	"_\015\022\001"
  23              		.text
  24              		.section	.gnu.lto_.jmpfuncs.f2482342b936e19,"",%progbits
  25 0000 789C6365 		.ascii	"x\234ce`b\020d@\000V fd\000\0122030\260\0009\000\003"
  25      60621064 
  25      40005620 
  25      6664000A 
  25      32303330 
  26 0019 8C0028   		.ascii	"\214\000("
  27              		.text
  28              		.section	.gnu.lto_.inline.f2482342b936e19,"",%progbits
  29 0000 789C6365 		.ascii	"x\234ce`b\210g@\000V\006\006f&F\240 \003\003\333\002"
  29      60628867 
  29      40005606 
  29      06662646 
  29      A0200303 
  30 0016 7910C5C0 		.ascii	"y\020\305\300\210!\302\204!\302\014\344ADX\300$\220"
  30      8821C284 
  30      21C20CE4 
  30      414458C0 
  30      2490
  31 0028 1279C509 		.ascii	"\022y\305\011\024Qj[4\223\021\256\214\001\000\001\274"
  31      14516A5B 
  31      349311AE 
ARM GAS  /tmp/cc96mFaG.s 			page 2


  31      8C010001 
  31      BC
  32 0039 06A3     		.ascii	"\006\243"
  33              		.text
  34              		.section	.gnu.lto_.pureconst.f2482342b936e19,"",%progbits
  35 0000 789C6365 		.ascii	"x\234ce`b\340f```e\220`\224`\222`6a\221\002\000\004"
  35      6062E066 
  35      60606065 
  35      90609460 
  35      92603661 
  36 0018 4600B8   		.ascii	"F\000\270"
  37              		.text
  38              		.section	.gnu.lto___core_init.f2482342b936e19,"",%progbits
  39 0000 789C6365 		.ascii	"x\234ce`b\250d``\260\006bi fdf`d\232p\216\201\241\221"
  39      6062A864 
  39      6060B006 
  39      62692066 
  39      64666064 
  40 001a 83899111 		.ascii	"\203\211\221\021\304h\340`d\250gb\254g\354g\236\316"
  40      C468E060 
  40      64A86762 
  40      AC67EC67 
  40      9ECE
  41 002c CC78A8FD 		.ascii	"\314x\250\375\331N&\315\345\015@p`\372\006\256\266\206"
  41      D94E26CD 
  41      E50D4070 
  41      60FA06AE 
  41      B686
  42 003e 5689F9CC 		.ascii	"V\211\371\314\014\0143\201\030\004\030\2273j2\000\225"
  42      0C0C3381 
  42      18041897 
  42      336A3200 
  42      95
  43 004f 3DDAF86F 		.ascii	"=\332\370o*/\033\013D\234q\005#\033#\220^\177\211\361"
  43      2A2F1B0B 
  43      449C7105 
  43      231B2390 
  43      5E7F89F1 
  44 0063 40C3BFFF 		.ascii	"@\303\277\377\355\015\007\216,f\334\353\305\304\300"
  44      ED0D078E 
  44      2C66DCEB 
  44      C5C4C0
  45 0072 D0059406 		.ascii	"\320\005\224\006\331\321\315\314\004\242\231\33726)"
  45      D9D1CDCC 
  45      04A299DF 
  45      323629
  46 0081 805483CD 		.ascii	"\200T\203\315\352bf\004\011\002\225Y\352\351\351;gd"
  46      EA626604 
  46      09029559 
  46      EAE9E93B 
  46      6764
  47 0093 2665FA07 		.ascii	"&e\372\007\353\347\027\353'\347\347\346\346\347\351"
  47      EBE717EB 
  47      27E7E7E6 
  47      E6E7E9
  48 00a2 17972416 		.ascii	"\027\227$\026\225\224\026\350;\006\371:\373V\200D\013"
  48      959416E8 
ARM GAS  /tmp/cc96mFaG.s 			page 3


  48      3B06F93A 
  48      FB568044 
  48      0B
  49 00b3 3273528B 		.ascii	"2sR\213\212\365\335\235\235\365\223\213J\014\365\222"
  49      8AF5DD9D 
  49      9DF5938B 
  49      4A0CF592 
  50 00c3 1900D298 		.ascii	"\031\000\322\230<\035"
  50      3C1D
  51              		.text
  52              		.section	.gnu.lto___early_init.f2482342b936e19,"",%progbits
  53 0000 789C6365 		.ascii	"x\234ce`b(g``\260\006bi fdf`d\232p\216\201\241\221\203"
  53      60622867 
  53      6060B006 
  53      62692066 
  53      64666064 
  54 001b 899111C4 		.ascii	"\211\221\021\304h\340`d\250gb\254g\354g\236\316\314"
  54      68E06064 
  54      A86762AC 
  54      67EC679E 
  54      CECC
  55 002d 78A8FDD9 		.ascii	"x\250\375\331N&\315\345\015@p`\3727\256\266\206V\211"
  55      4E26CDE5 
  55      0D407060 
  55      FA37AEB6 
  55      865689
  56 0040 F9CC0C0C 		.ascii	"\371\314\014\0143\201\030\004\030\2273j2\000\225=\332"
  56      33811804 
  56      1897336A 
  56      3200953D 
  56      DA
  57 0051 F86F2A2F 		.ascii	"\370o*/\033\013D\234q\005#\033#\220^\177\211\361@\303"
  57      1B0B449C 
  57      7105231B 
  57      23905E7F 
  57      89F140C3 
  58 0065 BFFFED0D 		.ascii	"\277\377\355\015\007\316(3310t\001%A6t\0039@\232\371"
  58      07CE2833 
  58      33313074 
  58      01254136 
  58      74033940 
  59 007b 2D639302 		.ascii	"-c\223\002H-\330\244.fF\220 P\231\245\236\236\276sF"
  59      482DD8A4 
  59      2E664690 
  59      205099A5 
  59      9E9EBE73 
  60 0090 6652A67F 		.ascii	"fR\246\177\260~~\261~r~nn~\236~qIbQIi\201\276c\220\257"
  60      B07E7EB1 
  60      7E727E6E 
  60      6E7E9E7E 
  60      71496251 
  61 00ab B36F0548 		.ascii	"\263o\005H\264 3'\265\250X\337\335\331Y?\271\250\304"
  61      B4203327 
  61      B5A858DF 
  61      DDD9593F 
  61      B9A8C4
  62 00be 502F9901 		.ascii	"P/\231\001\000&H:\344"
ARM GAS  /tmp/cc96mFaG.s 			page 4


  62      0026483A 
  62      E4
  63              		.text
  64              		.section	.gnu.lto___late_init.f2482342b936e19,"",%progbits
  65 0000 789C6365 		.ascii	"x\234ce`b(g``\260\006bi fdf`d\232p\216\201\241\221\203"
  65      60622867 
  65      6060B006 
  65      62692066 
  65      64666064 
  66 001b 899111C4 		.ascii	"\211\221\021\304h\340`d\250gb\254g\354g\236\316\314"
  66      68E06064 
  66      A86762AC 
  66      67EC679E 
  66      CECC
  67 002d 78A8FDD9 		.ascii	"x\250\375\331N&\315\345\015@p`\372&\356\266\206V\211"
  67      4E26CDE5 
  67      0D407060 
  67      FA26EEB6 
  67      865689
  68 0040 F9CC0C0C 		.ascii	"\371\314\014\0143\201\030\004\030\2273j2\000\225=\332"
  68      33811804 
  68      1897336A 
  68      3200953D 
  68      DA
  69 0051 F86F2A2F 		.ascii	"\370o*/\033\013D\234q\005#\033#\220^\177\211\361@\303"
  69      1B0B449C 
  69      7105231B 
  69      23905E7F 
  69      89F140C3 
  70 0065 BFFFED0D 		.ascii	"\277\377\355\015\007\216(3310t\001%A6t\0039@\232\371"
  70      078E2833 
  70      33313074 
  70      01254136 
  70      74033940 
  71 007b 2D639302 		.ascii	"-c\223\002H-\330\244.fF\220 P\231\245\236\236\276sF"
  71      482DD8A4 
  71      2E664690 
  71      205099A5 
  71      9E9EBE73 
  72 0090 6652A67F 		.ascii	"fR\246\177\260~~\261~r~nn~\236~qIbQIi\201\276c\220\257"
  72      B07E7EB1 
  72      7E727E6E 
  72      6E7E9E7E 
  72      71496251 
  73 00ab B36F0548 		.ascii	"\263o\005H\264 3'\265\250X\337\335\331Y?\271\250\304"
  73      B4203327 
  73      B5A858DF 
  73      DDD9593F 
  73      B9A8C4
  74 00be 502F9901 		.ascii	"P/\231\001\000\371 :\231"
  74      00F9203A 
  74      99
  75              		.text
  76              		.section	.gnu.lto___default_exit.f2482342b936e19,"",%progbits
  77 0000 789C6365 		.ascii	"x\234ce`b(c``\260\006bS fde`d\232p\216\201\241\221\203"
  77      60622863 
  77      6060B006 
ARM GAS  /tmp/cc96mFaG.s 			page 5


  77      62532066 
  77      64656064 
  78 001b 899119C4 		.ascii	"\211\221\031\304`dfd\201\010\260@\004\034\031\031\352"
  78      60646664 
  78      8108B040 
  78      041C1919 
  78      EA
  79 002c 99985918 		.ascii	"\231\230Y\030\201\004\003\004\3643Ogf<\324\376l'\223"
  79      81040304 
  79      F4334F67 
  79      663CD4FE 
  79      6C2793
  80 003f E6F20620 		.ascii	"\346\362\006 80\375\016w[C\253\304|\240\202\231PE\214"
  80      3830FD0E 
  80      775B43AB 
  80      C47CA082 
  80      9950458C 
  81 0053 CB193519 		.ascii	"\313\0315\031\200\312\036m\3747\225\227\215\005\"\316"
  81      80CA1E6D 
  81      FC379597 
  81      8D0522CE 
  82 0063 B882918D 		.ascii	"\270\202\221\215\021H\257\277\304x\240\341\337\377\366"
  82      1148AFBF 
  82      C478A0E1 
  82      DFFFF6
  83 0072 86037716 		.ascii	"\206\003w\0263~\367\006\012u\001\245\031\201$\023\320"
  83      337EF706 
  83      0A7501A5 
  83      19812413 
  83      D0
  84 0083 FE2E6666 		.ascii	"\376.ff\006\240\305\214]\314,P\232\021l\244\245\236"
  84      06A0C58C 
  84      5DCC2C50 
  84      9A116CA4 
  84      A59E
  85 0095 9EBE7346 		.ascii	"\236\276sFfR\246\177\260~~\261~r~nn~\236~qIbQIi\201"
  85      6652A67F 
  85      B07E7EB1 
  85      7E727E6E 
  85      6E7E9E7E 
  86 00b0 BE6390AF 		.ascii	"\276c\220\257\263o\005H\264 3'\265\250X\337\335\331"
  86      B36F0548 
  86      B4203327 
  86      B5A858DF 
  86      DDD9
  87 00c2 593FB9A8 		.ascii	"Y?\271\250\304P/\231\001\000\333'=U"
  87      C4502F99 
  87      0100DB27 
  87      3D55
  88              		.text
  89              		.section	.gnu.lto___init_ram_areas.f2482342b936e19,"",%progbits
  90 0000 789C9554 		.ascii	"x\234\225T\337O\333U\024?\347{\277\277\372\375\226\266"
  90      DF4FDB55 
  90      143FE77B 
  90      BFBFFAFD 
  90      96B6
  91 0012 0B353166 		.ascii	"\01351fYx\341a/4\274M\343\203KM\364e1\321\177\300\211"
ARM GAS  /tmp/cc96mFaG.s 			page 6


  91      5978E161 
  91      2F34BC4D 
  91      E3834B4D 
  91      F46531D1 
  92 0029 26129D34 		.ascii	"&\022\2354\300\222=\331\013t\233\202N\026u\203\256\265"
  92      C0923DD9 
  92      0B749B82 
  92      4E167583 
  92      AEB5
  93 003b C4C50CAC 		.ascii	"\304\305\014\254\254\354\207\312\230l\205\375`\220m"
  93      ACEC87CA 
  93      986C85FD 
  93      60906D
  94 004a 4A1F7C58 		.ascii	"J\037|X\366$n\010\213f\332\241\031Q\360\334sK\326\201"
  94      F6246E08 
  94      8B66DAA1 
  94      1951F0DC 
  94      734BD681 
  95 005e 3FBF497B 		.ascii	"?\277I{\357=?>\347\234\317\271\367X`\300\0076\300\323"
  95      EF3D3F3E 
  95      E79CCFB9 
  95      F75860C0 
  95      0736C0D3 
  96 0072 00F009FD 		.ascii	"\000\360\011\3750\010h\364^\007\350p\015\024z#\320\322"
  96      300868F4 
  96      5E07E870 
  96      0D147A23 
  96      D0D2
  97 0084 1B536F26 		.ascii	"\033So&\\\3130\337\231\002\220\236\235r@\006mt\225\034"
  97      5CCB30DF 
  97      9902909E 
  97      9D724006 
  97      6D74951C 
  98 0098 1DBD4EB8 		.ascii	"\035\275N\270\256\341h}\200\365\001\303\327G\217\217"
  98      AEE1687D 
  98      80F501C3 
  98      D7478F8F 
  99 00a8 BE06DEEE 		.ascii	"\276\006\336\356!\252U\272\010IC\230\226\355\270\001"
  99      21AA55BA 
  99      08494398 
  99      96EDB801 
 100 00b8 DFC3A429 		.ascii	"\337\303\244)\000\213&\256\322\007\374Yz\001\267\262"
 100      008B26AE 
 100      D207FC59 
 100      7A01B7B2 
 101 00c8 BE270E0B 		.ascii	"\276'\016\013\234\334\177\373\214\261\365\230\244\257"
 101      9CDC7FFB 
 101      8CB1F598 
 101      A4AF
 102 00d6 78B837B4 		.ascii	"x\2707\264O\356}4'\000\372\205\266\301c\270\025\310"
 102      4FEE7D34 
 102      2700FA85 
 102      B6C163B8 
 102      15C8
 103 00e8 6C363592 		.ascii	"l65\222\021\007DN \232t\374\371Zz.\244\216\006\326\321"
 103      1107444E 
 103      209A74FC 
ARM GAS  /tmp/cc96mFaG.s 			page 7


 103      F95A7A2E 
 103      A48E06D6 
 104 00fd 31951B2C 		.ascii	"1\225\033,\230\342IT\226\237\336\237\355\026\365G\245"
 104      98E24954 
 104      969FDE9F 
 104      ED16F547 
 104      A5
 105 010e EC94C56F 		.ascii	"\354\224\305oG\243\357w\311+\322\314\011R\240 T\034"
 105      47A3EF77 
 105      C92BD2CC 
 105      0952A020 
 105      541C
 106 0120 C2CD3888 		.ascii	"\302\3158\210\233\031\235\314\277;\261\362a\215mb\036"
 106      9B199DCC 
 106      BF3BB1F2 
 106      618D6D62 
 106      1E
 107 0131 EB7550FC 		.ascii	"\353uP\374\014m\004\020JB\372\213\267~/\371\342)\206"
 107      0C6D0410 
 107      4A42FA8B 
 107      B77E2FF9 
 107      E22986
 108 0144 EEC81FC9 		.ascii	"\356\310\037\311\004+\320?\215n9X\2016qx#4\036g\367"
 108      042BD03F 
 108      8D6E3958 
 108      81367178 
 108      23341E67 
 109 0159 ABC5B70B 		.ascii	"\253\305\267\013\236\210\263\373Ji\341\256Uq\377e[\277"
 109      9E88B3FB 
 109      4A69E1AE 
 109      5571FF65 
 109      5BBF
 110 016b 2CA6EA94 		.ascii	",\246\352\224s\341/\234G\260\276P\302\242\\Y\335/\213"
 110      73E12F9C 
 110      47B0BE50 
 110      C2A25C59 
 110      DD2F8B
 111 017e 97B78D9F 		.ascii	"\227\267\215\237\276Y\373\010\202J\311`d\301&&\377\273"
 111      BE59FB08 
 111      824AC960 
 111      64C12626 
 111      FFBB
 112 0190 FCEFB1DC 		.ascii	"\374\357\261\334\347}\020\010\267\206\376\2540\237#"
 112      E77D1008 
 112      B786FEAC 
 112      309F23
 113 019f ACDBA4A4 		.ascii	"\254\333\244\244\265,\2102\024@7\025<\013\320#\014Z"
 113      B52C8832 
 113      14403715 
 113      3C0BD023 
 113      0C5A
 114 01b1 C42DEC1C 		.ascii	"\304-\354\034\310g\236`\002t\361\207\366N~\355(\232"
 114      C8679E60 
 114      0274F187 
 114      F64E7EED 
 114      289A
 115 01c3 6D2EA06B 		.ascii	"m.\240k\371|9\224\374CR\207\354\243B\3637\235\316\277"
ARM GAS  /tmp/cc96mFaG.s 			page 8


 115      F97C3994 
 115      FC435287 
 115      ECA342F3 
 115      379DCEBF 
 116 01d7 96C36C47 		.ascii	"\226\303lG$'\034<\211I<\241j \305\352\342\311\343\001"
 116      24271C3C 
 116      89493CA1 
 116      6A20C5EA 
 116      E2C9E301 
 117 01eb 32EE9372 		.ascii	"2\356\223r\340cCA\234\302\034\021\213\2471\011*\246"
 117      E0634341 
 117      9CC21C11 
 117      8BA73109 
 117      2AA6
 118 01fd 80944331 		.ascii	"\200\224C1\015\316%+\020\026\260sl\341\335y\247\252"
 118      0DCE252B 
 118      1016B073 
 118      6CE1DD79 
 118      A7AA
 119 020f 2B94B6CA 		.ascii	"+\224\266\312\227\233B\256\237\243\235\025^ub\202\023"
 119      979B42AE 
 119      9FA39D15 
 119      5E756282 
 119      13
 120 0220 FB6D6AE6 		.ascii	"\373mj\346\255\240\312\202n\321\3009\244B]\002\304/"
 120      ADA0CA82 
 120      6ED1C039 
 120      A4425D02 
 120      C42F
 121 0232 2AA97CD4 		.ascii	"*\251|\3247Z\016\305\206e\257\224\304x\000\277\244D"
 121      375A0EC5 
 121      8665AF94 
 121      C47800BF 
 121      A444
 122 0244 FAF882E1 		.ascii	"\372\370\202\341(\306@\325\375\246\302V\341\010\237"
 122      28C640D5 
 122      FDA6C256 
 122      E1089F
 123 0253 13193AE0 		.ascii	"\023\031:\340\350p\376z\374\261\177\305?\303\370\250"
 123      E870FE7A 
 123      FCB17FC5 
 123      3FC3F8A8 
 124 0263 F0C71EC2 		.ascii	"\360\307\036\302\037Q\370>\300\022b\025\235\212\241"
 124      1F51F83E 
 124      C0126215 
 124      9D8AA1
 125 0272 7CE6D935 		.ascii	"|\346\3315R\361,&\215R(+\242~\372\316\004\022S&\320"
 125      52F12C26 
 125      8D52282B 
 125      A27EFACE 
 125      04125326 
 126 0287 BB1394D5 		.ascii	"\273\023\224\325r\367p9\241\323\252\251f\301\334\300"
 126      72F77039 
 126      A1D3AAA9 
 126      66C1DCC0 
 127 0297 02E5E165 		.ascii	"\002\345\341e\351u|\245R\304q\305<\371\037\232~Ly\257"
 127      E9757CA5 
ARM GAS  /tmp/cc96mFaG.s 			page 9


 127      52C471C5 
 127      3CF91F9A 
 127      7E4C79AF 
 128 02ab AF680B1B 		.ascii	"\257h\013\033\213\212\36192&|\262\357\312\354\033/\277"
 128      8B8AF139 
 128      32267CB2 
 128      EFCAEC1B 
 128      2FBF
 129 02bd A8E38595 		.ascii	"\250\343\205\225\201\272\237TM\335\203b\302\332\354"
 129      81BA9F54 
 129      4DDD8362 
 129      C2DAEC
 130 02cc 5AF9656D 		.ascii	"Z\371em\026QA\0372cN#\334q\013hP\350\226\263\263\000"
 130      1651411F 
 130      32634E23 
 130      DC710B68 
 130      50E896B3 
 131 02e2 DEB385A1 		.ascii	"\336\263\205\241\333\337?\357i\240\340\306\202\376\221"
 131      DBDF3FEF 
 131      69A0E0C6 
 131      82FE91
 132 02f1 F3F3CCB9 		.ascii	"\363\363\314\271\241\370+\022\347\337c\352\372\205\233"
 132      A1F82B12 
 132      E7DF63EA 
 132      FA859B
 133 0300 A8B104C1 		.ascii	"\250\261\004\301\251n/\241A\355\025cs\367\251\300\210"
 133      A96E2FA1 
 133      41ED1563 
 133      73F7A9C0 
 133      88
 134 0311 999E9FC6 		.ascii	"\231\236\237\306%$\245/n\260(l.\337f\302mu5\311\234"
 134      2524A52F 
 134      6EB0286C 
 134      2EDF66C2 
 134      6D7535C9 
 135 0326 2252D224 		.ascii	"\"R\322$p\326:p\357\207\241)\373\35794+\034NP6\325\015"
 135      70D63A70 
 135      EF87A129 
 135      FBEF3934 
 135      2B1C4E50 
 136 033d F2E8F14E 		.ascii	"\362\350\361N\222\206\311\032^\252pZ\253\0346rZ\313"
 136      9286C91A 
 136      5EAA705A 
 136      AB1C3672 
 136      5ACB
 137 034f 64B98A2C 		.ascii	"d\271\212,|@\226\251\011\032\\#h\323\377$\350\002\023"
 137      7C4096A9 
 137      091A5C23 
 137      68D3FF24 
 137      E80213
 138 0362 C417ECE2 		.ascii	"\304\027\354\342z\202L\202\323\004\321\316\265\201r"
 138      7A824C82 
 138      D304D1CE 
 138      B58172
 139 0371 706E2C32 		.ascii	"pn,2\025\001E\005\247}i\2676\216R\024\302/\335\275\232"
 139      15014505 
 139      A77D69B7 
ARM GAS  /tmp/cc96mFaG.s 			page 10


 139      368E5214 
 139      C22FDDBD 
 140 0386 F5F5448E 		.ascii	"\365\365D\216\340\245\352\"\3709Gu\204_\307l\365v\351"
 140      E0A5EA22 
 140      F8394775 
 140      845FC76C 
 140      F576E9
 141 0399 4C2EE9B3 		.ascii	"L.\351\263\367f,\345\342\243\373_\306\311T\325898sd"
 141      F7662CE5 
 141      E2A3FB5F 
 141      C6C954D5 
 141      38393873 
 142 03ae D16A2CA8 		.ascii	"\321j,\250r\006\026\221j\305+T\020^\326\023\223\014"
 142      72061691 
 142      6AC52B54 
 142      105ED613 
 142      930C
 143 03c0 7AEE2C7C 		.ascii	"z\356,|\023^\2337\250&\30346R\2613<n\324\254\363\341"
 143      135E9B37 
 143      A826C334 
 143      3652B133 
 143      3C6ED4AC 
 144 03d6 948D3DF4 		.ascii	"\224\215=\364\276i\326\375Hor.\213z\256\260\026IL\327"
 144      BE69D6FD 
 144      486F722E 
 144      8B7AAEB0 
 144      16494CD7 
 145 03ea E7F18686 		.ascii	"\347\361\206\206X\374\325\346\227\232\237{!\326\322"
 145      58FCD5E6 
 145      979A9F7B 
 145      21D6D2
 146 03f9 166B6AD9 		.ascii	"\026kj\331\265\253\345\215X[\373\316\326\366\335\211"
 146      B5ABE58D 
 146      585BFBCE 
 146      D6F6DD89 
 147 0409 D8F6E777 		.ascii	"\330\366\347w\304w\354Q\322D\363\353\257\264\266\305"
 147      C477EC51 
 147      D244F3EB 
 147      AFB4B6C5 
 148 0419 9E89C763 		.ascii	"\236\211\307cM\255\355\215\015M Zw&\214\366\004&\376"
 148      4DADED8D 
 148      0D4D205A 
 148      77268CF6 
 148      0426FE
 149 042c 046DF031 		.ascii	"\004m\3601\266"
 149      B6
 150              		.text
 151              		.section	.gnu.lto_ram_areas.f2482342b936e19,"",%progbits
 152 0000 789C75D1 		.ascii	"x\234u\321\313K\033Q\024\006\360{\346\032c[\353\253"
 152      CB4B1B51 
 152      1406F07B 
 152      E61A635B 
 152      EBAB
 153 0012 4F35DAFF 		.ascii	"O5\332\377 \203\256\"\335\264d!]H\241\376\0055\024\014"
 153      2083AE22 
 153      DDB46421 
 153      5D48A1FE 
ARM GAS  /tmp/cc96mFaG.s 			page 11


 153      0535140C 
 154 0026 18234904 		.ascii	"\030#I\004\351&\263P\020E\267\012\012\021Z\360U\333"
 154      E926B350 
 154      1045B70A 
 154      0A115AF0 
 154      55DB
 155 0038 D88736B1 		.ascii	"\330\2076\261m\254m\264i}\333\256\272\021\024A\020\204"
 155      6DAC6DB4 
 155      697DDBAE 
 155      BA111441 
 155      1084
 156 004a A204B425 		.ascii	"\242\004\264%\275\3117\013\231pf1\037\234s\371\370q"
 156      BDC9370B 
 156      99706631 
 156      1F9C73F9 
 156      F871
 157 005c AF4D68E2 		.ascii	"\257Mh\342\201M\210\273\002\337\220\244X\354\350\267"
 157      814D88BB 
 157      02DF90A4 
 157      58ECE8B7 
 158 006c 3DFCCFE8 		.ascii	"=\374\317\3505\214\335\376C\3714\"\3053\231\267\032"
 158      358CDDFE 
 158      43F93422 
 158      C53399B7 
 158      1A
 159 007d 3BD0720B 		.ascii	";\320r\013\312_Pn\241\345-*rs\231\233\237\036\354'\212"
 159      CA5F506E 
 159      A1E52D2A 
 159      7273999B 
 159      9F1EEC27 
 160 0092 5C7346EF 		.ascii	"\\sF\357\230q/\"iX\012\232\242\360\260$\232\314\206"
 160      98712F22 
 160      69580A9A 
 160      A2F0B024 
 160      9ACC86
 161 00a5 4613D990 		.ascii	"F\023\331\2204N\341\354\361\223\276\236\264\034\224"
 161      344EE1EC 
 161      F193BE9E 
 161      B41C94
 162 00b4 11B5B05B 		.ascii	"\021\265\260[Z\317\007!,\340\2046NX\310\010\355\234"
 162      5ACF0721 
 162      2CE08436 
 162      4E58C808 
 162      ED9C
 163 00c6 300AE12B 		.ascii	"0\012\341+\010_B8\003\341\376\371L\274\004\302BK\353"
 163      085F4238 
 163      03E1FEF9 
 163      4CBC04C2 
 163      424BEB
 164 00d9 B1292CE2 		.ascii	"\261),\342\204\2278\341eFx\205\023\316A\370\016\302"
 164      849738E1 
 164      65467885 
 164      13CE41F8 
 164      0EC2
 165 00eb B710BE81 		.ascii	"\267\020\276\2010\365<\376\267\030B\233\245u\317\024"
 165      30F53CFE 
 165      B718429B 
ARM GAS  /tmp/cc96mFaG.s 			page 12


 165      A575CF14 
 166 00fb 1673C2AB 		.ascii	"\026s\302\253\234\260\204\021\226r\302\017\020.@\030"
 166      9CB08411 
 166      9672C20F 
 166      102E4018 
 167 010b 873006E1 		.ascii	"\2070\006\341Vwt\324|\345\002K\353\274),\343\204\345"
 167      567774D4 
 167      7CE5024B 
 167      EBBC292C 
 167      E384E5
 168 011e 9CB08211 		.ascii	"\234\260\202\021^\343\204K\020~\206p\021\302\004\204"
 168      5EE3844B 
 168      107E8670 
 168      11C20484 
 169 012e 4B7FA2E3 		.ascii	"K\177\242\343\346\035JK\353\264)\274\316\011op\302\233"
 169      E61D4A4B 
 169      EBB429BC 
 169      CE096F70 
 169      C29B
 170 0140 8CF01627 		.ascii	"\214\360\026'\374\006\341\012\204\313\020&!Lf\322\213"
 170      FC06E10A 
 170      84CB1026 
 170      214C66D2 
 170      8B
 171 0151 A5106A96 		.ascii	"\245\020j\226\326\314\000\204\2679a%'\254b\204\325\234"
 171      D6CC0084 
 171      B7396125 
 171      27AC6284 
 171      D59C
 172 0163 701DC235 		.ascii	"p\035\3025\010W!\374\001\341\305\232\264Irp\244\032"
 172      085721FC 
 172      01E1C59A 
 172      B4497270 
 172      A41A
 173 0175 8E54CB90 		.ascii	"\216T\313\220\356p\244\035\220\266A\332\002i\023\244"
 173      EE70A41D 
 173      90B641DA 
 173      026913A4 
 174 0185 EE91E499 		.ascii	"\356\221\344\231\035\307\015uu\222\352\034\364\223\\"
 174      1DC70D75 
 174      7592EA1C 
 174      F4935C
 175 0194 54EFA00D 		.ascii	"T\357\240\015\025\337\311A)\225_U~Q\371I\345G\225\357"
 175      15DFC941 
 175      29955F55 
 175      7E51F949 
 175      E54795EF 
 176 01a8 55CEAB7C 		.ascii	"U\316\253|\255rV\345\013\225\323\344\022\364K\375\032"
 176      AD7256E5 
 176      0B95D3E4 
 176      12F44BFD 
 176      1A
 177 01b9 9C4EDDDD 		.ascii	"\234N\335\335\352m\361>l\326\375A\335\343\367\371\374"
 177      EA6DF13E 
 177      6CD6FD41 
 177      DDE3F7F9 
 177      FC
ARM GAS  /tmp/cc96mFaG.s 			page 13


 178 01ca ED7A30F4 		.ascii	"\355z0\3648\020\352\354\320\357?jr7ue\247\035\336\266"
 178      3810EAEC 
 178      D0EF3F6A 
 178      72377565 
 178      A71DDEB6 
 179 01de 2781A0DE 		.ascii	"'\201\240\336\350v\353\236@\250\316\351\021\377\001"
 179      E876EB9E 
 179      40A8CEE9 
 179      11FF01
 180 01ed 20370DEE 		.ascii	" 7\015\356"
 181              		.text
 182              		.section	.gnu.lto_.symbol_nodes.f2482342b936e19,"",%progbits
 183 0000 789C55CD 		.ascii	"x\234U\315WR\002Q\000D\321\2763<AE1g\021\334\011\213"
 183      57520251 
 183      0044D1BE 
 183      333C4145 
 183      316711DC 
 184 0016 711D6F90 		.ascii	"q\035o\220`V\3149\254\303E\270!E\035\372\207\232\257"
 184      6056CC39 
 184      ACC345B8 
 184      21451DFA 
 184      879AAF
 185 0029 5375ABAB 		.ascii	"Su\253\253:(\321\036\222\222\037Ei\360\245\021\237Y"
 185      3A28D11E 
 185      92921F45 
 185      69F0A511 
 185      9F59
 186 003b 2B2F4345 		.ascii	"+/CE\212\345W1)\226?\305t\\\232y\311\210\245\302&|K"
 186      8AE55731 
 186      29963FC5 
 186      745C9A79 
 186      C988A5C2 
 187 0052 D9AE9486 		.ascii	"\331\256\224\20664\362\253\260Ob;\244\266K\311\366\010"
 187      3634F2AB 
 187      B04F623B 
 187      A4B64BC9 
 187      F608
 188 0064 B6CF843D 		.ascii	"\266\317\204=\240l\017\251\330#&\3551S\366\204i{J\325"
 188      A06C0FA9 
 188      D82326ED 
 188      3153F684 
 188      697B4AD5 
 189 0078 9E3163CF 		.ascii	"\2361c\317\231\265\027\324\354\2009{\311\274\275b\301"
 189      99B517D4 
 189      EC80397B 
 189      C9BCBD62 
 189      C1
 190 0089 5EB3686F 		.ascii	"^\263hoX\262\267,\333;V\354=\253\366\2015\373\310\272"
 190      58B2B72C 
 190      DB3B56EC 
 190      3DABF681 
 190      35FBC8BA 
 191 009d 7D62C33E 		.ascii	"}b\303>\263i_\330\262\257l\3337\352\366\235\035\373"
 191      B3695FD8 
 191      B2AF6CDB 
 191      37EAF69D 
 191      1DFB
ARM GAS  /tmp/cc96mFaG.s 			page 14


 192 00af 4163A4FE 		.ascii	"Ac\244\376\001K\2712\221"
 192      014BB932 
 192      91
 193              		.text
 194              		.section	.gnu.lto_.refs.f2482342b936e19,"",%progbits
 195 0000 789C05C1 		.ascii	"x\234\005\301\007\022\202@\020\000\260\235\014\207 "
 195      07128240 
 195      1000B09D 
 195      0C8720
 196 000f 168A8A58 		.ascii	"\026\212\212XNl\257\341\377\377!I!\226\210PH\244<'\245"
 196      4E6CAFE1 
 196      FFFF2149 
 196      21968850 
 196      48A43C27 
 197 0024 8D4A6DAB 		.ascii	"\215Jm\253\261\263wp\324\352\364\006'g\027\243\253\311"
 197      B1B37770 
 197      D4EAF406 
 197      276717A3 
 197      ABC9
 198 0036 CDDDC353 		.ascii	"\315\335\303S\3662{\373\370\372\371\307\012}f\003\234"
 198      F6327BFB 
 198      F8FAF9C7 
 198      0A7D6603 
 198      9C
 199              		.text
 200              		.section	.gnu.lto_.decls.f2482342b936e19,"",%progbits
 201 0000 789CAD96 		.ascii	"x\234\255\226kPT\311\025\307oO\017\014\014#\030t\263"
 201      6B5054C9 
 201      15C76F4F 
 201      0F0C0C23 
 201      1874B3
 202 0013 A6746B5D 		.ascii	"\246tk]\303F\252\266`\026\237\311\227\324\246\254\312"
 202      C346AAB6 
 202      60169FC9 
 202      97D4A6AC 
 202      CA
 203 0024 EE97CDA6 		.ascii	"\356\227\315\246\362\260*\237\246\020&+\2652\030\030"
 203      F2B02A9F 
 203      A610262B 
 203      B5321818 
 204 0034 4AAD5452 		.ascii	"J\255TRW@\020DDE^\242\002*\013(\"\253\216\"\242(\212"
 204      57401044 
 204      44455EA2 
 204      022A0B28 
 204      22AB8E22 
 205 004b 023E0079 		.ascii	"\002>\000y\370\004\004\301\027\210\002\362\020\205\234"
 205      F80404C1 
 205      178802F2 
 205      10859C
 206 005a 3E7DE7D9 		.ascii	">}\347\331c\362%\267\346?s\273\3579\277s\372\364\351"
 206      63F225B7 
 206      E63F73BB 
 206      EF39BF73 
 206      FAF4E9
 207 006d 5BE321A9 		.ascii	"[\343!\251\244\177\315\226\244ST\222\022T\2224\003\227"
 207      A47FCD96 
 207      A4535492 
ARM GAS  /tmp/cc96mFaG.s 			page 15


 207      12549234 
 207      0397
 208 007f 4692A432 		.ascii	"F\222\2442\311~y\200\216\203N\200,\240*P5\3503\320#"
 208      C97E7980 
 208      8E834E80 
 208      2CA02A50 
 208      35E833D0 
 209 0094 502FA80F 		.ascii	"P/\250\017\364\004\364\014\364\0024\010\032\002\275"
 209      F404F40C 
 209      F4023408 
 209      1A02BD
 210 00a3 068D80DE 		.ascii	"\006\215\200\336\200\306A\223\240)\320{\320\014\210"
 210      80C64193 
 210      A029D07B 
 210      D00C88
 211 00b2 1049A220 		.ascii	"\020I\242 \017\220\006\344\015\362\001\315\002\371\201"
 211      0F9006E4 
 211      0DF201CD 
 211      02F981
 212 00c1 7E069A03 		.ascii	"~\006\232\003\372\010\3641\350\027\240\371\240O@\237"
 212      FA08F431 
 212      E817A0F9 
 212      A04F409F 
 213 00d1 823E2392 		.ascii	"\202>#\222\323\025\012c6\265Z\031\023%w\327\353{7v'"
 213      D3150A63 
 213      36B55A19 
 213      132577D7 
 213      EB7B3776 
 214 00e6 DCD845BA 		.ascii	"\334\330E\272\261\263\270\261\333\340\306\256\312\215"
 214      B1B3B8B1 
 214      DBE0C6AE 
 214      CA8D
 215 00f4 DD3FE181 		.ascii	"\335?\341\201N\261\363\007\315\005-\202\271[\360\273"
 215      4EB1F307 
 215      CD052D82 
 215      B95BF0BB 
 216 0104 18F44BB8 		.ascii	"\030\364K\270\357\206\337.P\000\334\337\200\337?\202"
 216      EF86DF2E 
 216      5000DCDF 
 216      80DF3F82 
 217 0114 D4A0BBA0 		.ascii	"\324\240\273\2406P;\250C\211Q\255\374>r\211SK\270\317"
 217      36503BA8 
 217      438951AD 
 217      FC3E7289 
 217      534BB8CF 
 218 0128 2D85C5E2 		.ascii	"-\205\305\342t\177\200\303\256\205\022\257\345\247J"
 218      747F80C3 
 218      AE8512AF 
 218      E5A74A
 219 0137 6DE72BB5 		.ascii	"m\347+\265\376X\251\375\034e/\374\224\275\361Q\366J"
 219      FE58A9FD 
 219      1C652FFC 
 219      94BDF151 
 219      F64A
 220 0149 A3EC1DDB 		.ascii	"\243\354\035\333C\266\227lO\331\336\262=f{\315\366\234"
 220      43B6976C 
 220      4FD9DEB2 
ARM GAS  /tmp/cc96mFaG.s 			page 16


 220      3D667BCD 
 220      F69C
 221 015b ED3DEB01 		.ascii	"\355=\353\001\326\013\254'Xo\260\036a\275\302z\206\365"
 221      D60BAC27 
 221      586FB01E 
 221      61BDC27A 
 221      86F5
 222 016d 4EAF4BFE 		.ascii	"N\257K\376Y\224X\222\352\366\351:\311\003\002mIf\363"
 222      59945892 
 222      EAF6E93A 
 222      C903026D 
 222      4966F3
 223 0180 AA12FE4D 		.ascii	"\252\022\376MP<\240\365\"\004\347aV%)\233a\235\"V\017"
 223      503CA0F5 
 223      2204E761 
 223      5625299B 
 223      619D2256 
 224 0195 65AC5286 		.ascii	"e\254R\206*\005\211\037\305\2318\020\371c\036\311z\361"
 224      2A05891F 
 224      C5993810 
 224      F9631EC9 
 224      7AF1
 225 01a7 7AF31B74 		.ascii	"z\363\033tS\\\011Q\331\003\020\342\350\340\000\344i"
 225      535C0951 
 225      D90310E2 
 225      E8E000E4 
 225      69
 226 01b8 2BCF6DF9 		.ascii	"+\317m\371I\366\305\021\353\352\007RG\016\250\273\310"
 226      49F6C511 
 226      EBEA0752 
 226      470EA8BB 
 226      C8
 227 01c9 43427CA4 		.ascii	"CB|\244\374\257\010\316\235\276\267\343\252'U\021v\177"
 227      FCAF08CE 
 227      9DBEB7E3 
 227      AA275511 
 227      767F
 228 01db E3C1E051 		.ascii	"\343\301\340Q\017\352\213\367\307\363\3365{\251a\331"
 228      0FEA8BF7 
 228      C7F3DE35 
 228      7BA961D9 
 229 01eb A58472EF 		.ascii	"\245\204r\357\256\311\342\337\007\037\225\371\345\365"
 229      AEC9E2DF 
 229      071F95F9 
 229      E5F5
 230 01f9 85BDA857 		.ascii	"\205\275\250Wf\306k\374\322(\361\327\022\025\014[^]"
 230      66C66BFC 
 230      D228F1D7 
 230      12150C5B 
 230      5E5D
 231 020b DFE703C3 		.ascii	"\337\347\003\303\271Z2\033\206\023\233\333.j\347e\242"
 231      B95A321B 
 231      86139BDB 
 231      2E6AE765 
 231      A2
 232 021c 57BC3C5B 		.ascii	"W\274<[EV\377\234\034#\013H\031Y\000\251\225\223y\360"
 232      4556FF9C 
ARM GAS  /tmp/cc96mFaG.s 			page 17


 232      1C230B48 
 232      195900A9 
 232      959379F0 
 233 0230 BD46CD49 		.ascii	"\275F\315I=O\366\015\353\026\345\313\3715r\315\223\370"
 233      3D4FF60D 
 233      EB16E5CB 
 233      F93572CD 
 233      93F8
 234 0242 5FF5FC24 		.ascii	"_\365\374$\313[\342dY\315\314H\011\241\344(\011\006"
 234      CB5BE264 
 234      59CDCC48 
 234      09A1E428 
 234      0906
 235 0254 F32344CD 		.ascii	"\363#D\315FpWL\272\010\371\221t\302\212\217\223E@x="
 235      4670574C 
 235      BA08F991 
 235      74C28A8F 
 235      93454078 
 236 0269 B8E3A61F 		.ascii	"\270\343\246\037]\375\201%\274\033\313L\360Q\370\367"
 236      5DFD8125 
 236      BC1BCB4C 
 236      F051F8F7 
 237 0279 BEC8916B 		.ascii	"\276\310\221k\3426\313\262\012\351\0256\372O@\257p\245"
 237      E236CBB2 
 237      0AE91536 
 237      FA4F40AF 
 237      70A5
 238 028b 9F40FA50 		.ascii	"\237@\372P\353\253NJ\303>@\277}nO\273F\2417\0049\321"
 238      EBAB4E4A 
 238      C33E40BF 
 238      7D6E4FBB 
 238      46A13704 
 239 02a1 4FDAE8A7 		.ascii	"O\332\350\247\200~\322\225nAz\311\3357\227|h\024\322"
 239      807ED295 
 239      6E417AC9 
 239      DD37977C 
 239      6814D2
 240 02b4 0FD4F714 		.ascii	"\017\324\367\024\350\350\277\361\376\331\323\326\373"
 240      E8E8BFF1 
 240      FED9D3D6 
 240      FB
 241 02c1 7E2CD219 		.ascii	"~,\322\031k\244\336\344\346s\336\326\330\244\222\250"
 241      6BA4DEE4 
 241      E673DED6 
 241      D8A492A8 
 242 02d1 D9E489B4 		.ascii	"\331\344\211\264\321ZO\026\376\242\\3\034\354\024\376"
 242      D15A4F16 
 242      FEA25C33 
 242      1CEC14FE 
 243 02e1 B42DFC59 		.ascii	"\264-\374Y\010\177\3325|\025\206o\312\336\226Hh\022"
 243      087FDA35 
 243      7C15866F 
 243      CADE9648 
 243      6812
 244 02f3 C198571B 		.ascii	"\301\230W\033\363K\020\326-\327\\\3725\203\311V\330"
 244      F34B10D6 
 244      2DD75CFA 
ARM GAS  /tmp/cc96mFaG.s 			page 18


 244      3583C956 
 244      D8
 245 0304 392B4C62 		.ascii	"9+Lb\267\316\244j$U\336\334]\353K\2639\311\322__\247"
 245      B7CEA46A 
 245      2455DEDC 
 245      5DEB4BB3 
 245      39C9D25F 
 246 031a E5DD2113 		.ascii	"\345\335!\023\030\277o\177q\231\360\366\220\275`<\232"
 246      18BF6F7F 
 246      7199F0F6 
 246      90BD603C 
 246      9A
 247 032b B2659CF2 		.ascii	"\262e\234\362\347\032\0306'\034\317S\206j\266\2377r"
 247      E71A1836 
 247      271CCF53 
 247      866AB69F 
 247      3772
 248 033d 7B7DB9F5 		.ascii	"{}\271\365B\030v\024\364Mh\265[Y/\245\307\313\336\337"
 248      42187614 
 248      F44D68B5 
 248      5B592FA5 
 248      C7CBDEDF 
 249 0351 30B35A68 		.ascii	"0\263Zh\246K\330L\227\211\026\276\365\013\310E\030\202"
 249      A64BD84C 
 249      978916BE 
 249      F50BC845 
 249      1882
 250 0363 756ED568 		.ascii	"un\325h\203\007g\261HI#\227\343\324\264\220\247\365"
 250      830767B1 
 250      48492397 
 250      E3D4B490 
 250      A7F5
 251 0375 F05AC911 		.ascii	"\360Z\311\021\026g\261\226\260c\344\007S\345\003\225"
 251      1667B196 
 251      B063E407 
 251      53E50395 
 252 0385 93B3F814 		.ascii	"\223\263\370\024\263h\3311|HC\313\320\\\225\323\320"
 252      B368D931 
 252      7C4843CB 
 252      D05C95D3 
 252      D0
 253 0396 71494D02 		.ascii	"qIM\002\265E,t\315\325\362\337\346\014\313\362B\322"
 253      B5452C74 
 253      CDD5F2DF 
 253      E60CCBF2 
 253      42D2
 254 03a8 48B4A4DE 		.ascii	"H\264\244\336^\217\305\020_\202\354\342xv\222-7\322"
 254      5E8FC510 
 254      5F82ECE2 
 254      7876922D 
 254      37D2
 255 03ba 40021997 		.ascii	"@\002\031\227\331\221k0y\225gXrhg\241'\335\207\307O"
 255      D9916B30 
 255      79956758 
 255      726867A1 
 255      27DD87C7 
 256 03cf 5577FEFE 		.ascii	"Uw\376\376\0355\321\006\272\005\334t\003\340\311\214"
ARM GAS  /tmp/cc96mFaG.s 			page 19


 256      1D35D106 
 256      BA05DC74 
 256      03E0C98C 
 257 03df 5F5F54B7 		.ascii	"__T\267\205m\316\015H\346\272=\231FV\015\026$\351A\337"
 257      856DCE0D 
 257      48E6BA3D 
 257      9946560D 
 257      1624E941 
 258 03f4 190F5D8A 		.ascii	"\031\017]\212\215\212\206\366\252\335\":\345 7^\337"
 258      8D8A86F6 
 258      AADD223A 
 258      E520375E 
 258      DF
 259 0405 7E5E4365 		.ascii	"~^Ce\212\313O\177\231W\355CS\370\300z\246\375\371\231"
 259      8ACB4F7F 
 259      9957ED43 
 259      53F8C07A 
 259      A6FDF999 
 260 0419 B6EEE95C 		.ascii	"\266\356\351\\eOo\015\214\237\321\322\034\264\365l;"
 260      654F6F0D 
 260      8C9FD1D2 
 260      1CB4F56C 
 260      3B
 261 042a D6374649 		.ascii	"\3267FI@@@`\300\234B\026\264\346I\355\374\263p\224\223"
 261      40404060 
 261      C09C4216 
 261      B4E649ED 
 261      FCB37094 
 262 043f 3D592CD2 		.ascii	"=Y,\322\004)\336#s\354K\323\263,jY.\022\267\177\233"
 262      0429DE23 
 262      73EC4BD3 
 262      B32C6A59 
 262      2E12B77F 
 263 0454 49E543F3 		.ascii	"I\345C\363\320\270\316\325\370\012\346\034b7\276\224"
 263      D0B8CED5 
 263      F80AE61C 
 263      6237BE94 
 264 0464 65336E75 		.ascii	"e3nuo\314\321\274X\375\200\226\275\230\225\244\324I"
 264      6FCCD1BC 
 264      58FD8096 
 264      BD9895A4 
 264      D449
 265 0476 B2915E16 		.ascii	"\262\221^\026i\240\321\023(\262\232\335f\211qwb\373"
 265      69A0D113 
 265      28B29ADD 
 265      66897177 
 265      62FB
 266 0488 C9F2576A 		.ascii	"\311\362Wj\211\334\206\307-\030\205\031\003\221\334"
 266      89DC86C7 
 266      2D188519 
 266      0391DC
 267 0497 818DBA4B 		.ascii	"\201\215\272K\002H\033\250\035\324A\002\254/\312\366"
 267      02481BA8 
 267      1DD44102 
 267      AC2FCAF6 
 268 04a7 3BCD75DE 		.ascii	";\315u\336\264\010\313\244jij\350\360$s\002\335\321"
 268      B408CBA4 
ARM GAS  /tmp/cc96mFaG.s 			page 20


 268      6A696AE8 
 268      F0247302 
 268      DDD1
 269 04b9 E0151DF8 		.ascii	"\340\025\035\370?\201|A7W\262\365<\000\333\373\366\255"
 269      3F817C41 
 269      3757B2F5 
 269      3C00DBFB 
 269      F6AD
 270 04cb 67CBC388 		.ascii	"g\313\303\210\205c\225;=\375\323\225\020\013\325hX\003"
 270      8563953B 
 270      3DFDD395 
 270      100BD568 
 270      5803
 271 04dd 512E60CE 		.ascii	"Q.`\316\235\304\337zl\230\365\323\352\326=\276s\224"
 271      9DC4DF7A 
 271      6C98F5D3 
 271      EAD63DBE 
 271      7394
 272 04ef 84B67E28 		.ascii	"\204\266~(!\351C\313;\231s\245\331\3031X\327\177\013"
 272      21E943CB 
 272      3B9973A5 
 272      D9C33158 
 272      D77F0B
 273 0502 D699F830 		.ascii	"\326\231\3700Q\367\371A\271\011\336\226\375{\027\354"
 273      51F7F941 
 273      B909DE96 
 273      FD7B17EC 
 274 0512 96E56F48 		.ascii	"\226\345oH7\361'\347\3712\034\034\331\314_\340e\367"
 274      37F127E7 
 274      F9321C1C 
 274      D9CC5FE0 
 274      65F7
 275 0524 887C0E7E 		.ascii	"\210|\016~\303\243\333O\372Q\013\357\313\241\251\351"
 275      C3A3DB4F 
 275      FA510BEF 
 275      CBA1A9E9 
 276 0534 EF80D10D 		.ascii	"\357\200\321\015\273W\227\355\277+>\2377w\217\302\260"
 276      BB5797ED 
 276      BF2B3E9F 
 276      37778FC2 
 276      B0
 277 0545 37790FBE 		.ascii	"7y\017\276\251z\221\360|{\333\214\037\255\347\204\232"
 277      A97A91F0 
 277      7C7BDB8C 
 277      1FADE784 
 277      9A
 278 0556 AB19B297 		.ascii	"\253\031\262\227\202\030\310\240\351\001\010x,\000\036"
 278      8218C8A0 
 278      E9010878 
 278      2C001E
 279 0565 23A00F01 		.ascii	"#\240\017\001E\323\255\026O\332\301\001\315C\367\353"
 279      45D3AD16 
 279      4FDAC101 
 279      CD43F7EB 
 280 0575 3C14C0E3 		.ascii	"<\024\300\343L+\240_\000\364#\340\011\002rJ\007s\264"
 280      4C2BA05F 
 280      00F423E0 
ARM GAS  /tmp/cc96mFaG.s 			page 21


 280      0902724A 
 280      0773B4
 281 0588 B49F0352 		.ascii	"\264\237\003R\237\275\317\364\263\002\346\345\310\360"
 281      9FBDCFF4 
 281      B302E6E5 
 281      C8F0
 282 0596 9E6184A7 		.ascii	"\236a\204\247\002\341)\022\236!\241\257\366\332#/:\306"
 282      02E12912 
 282      9E21A1AF 
 282      F6DA232F 
 282      3AC6
 283 05a8 0915858F 		.ascii	"\011\025\205\217{t\012\241\323\241\014\317\005\304s"
 283      7B740AA1 
 283      D3A10CCF 
 283      05C473
 284 05b7 44BC4044 		.ascii	"D\274@D\334\253\254\012\037\232\254F\304\235\235Ui\336"
 284      DCABAC0A 
 284      1F9AAC46 
 284      C49D9D55 
 284      69DE
 285 05c9 42190604 		.ascii	"B\031\006\004\300\000\002\006\021\320\\s\252TC\2638"
 285      C0000206 
 285      11D05C73 
 285      AA5443B3 
 285      38
 286 05da E0A1BCAD 		.ascii	"\340\241\274\255I+\224\341\245\000x\211\200!\004\364"
 286      492B94E1 
 286      A5007889 
 286      802104F4 
 287 05ea F7A65678 		.ascii	"\367\246Vx\322\"\016\030m\036J\241b\031^\011\204WHx"
 287      D2220E18 
 287      6D1E4AA1 
 287      62195E09 
 287      84574878 
 288 05fe 8D840707 		.ascii	"\215\204\007\007~\234\324Q\013'\354O\252\370H\001\214"
 288      7E9CD451 
 288      0B27EC4F 
 288      AAF84801 
 288      8C
 289 060f 39546158 		.ascii	"9TaX \014#a\004\011Yg\257\237\326\320zN\230(\265\354"
 289      200C2361 
 289      04095967 
 289      AF9FD6D0 
 289      7A4E9828 
 290 0625 99255461 		.ascii	"\231%TaT\000\214\"\340\015\002fn\036\270\241\242\035"
 290      54008C22 
 290      E00D0266 
 290      6E1EB8A1 
 290      A21D
 291 0637 1C5093F7 		.ascii	"\034P\223\367\264\327W\250\302\230\000\030C\3008\002"
 291      B4D757A8 
 291      C2980018 
 291      43C03802 
 292 0647 1ACEEDAA 		.ascii	"\032\316\355\252\202f\340\200\304\264\246n\235X\205"
 292      8266E080 
 292      C4B4A66E 
 292      9D5885
ARM GAS  /tmp/cc96mFaG.s 			page 22


 293 0656 09813081 		.ascii	"\011\2010\201\204I$d\247&\177B\3078\340\305\223\202"
 293      84492464 
 293      A7267F42 
 293      C738E0C5 
 293      9382
 294 0668 83D68DBC 		.ascii	"\203\326\215\274\231c\257\302[\201\360\026\011S\374"
 294      9963AFC2 
 294      5B81F016 
 294      0953FC
 295 0677 481CAB3C 		.ascii	"H\034\253<\345M\223=\020Qyw\254\314G\250\302;\001\360"
 295      E54D933D 
 295      10517977 
 295      ACCC47A8 
 295      C23B01F0 
 296 068b 0E01EF11 		.ascii	"\016\001\357\0210U0Y\252\246Y\034pk\313\371V\361HL\013"
 296      30553059 
 296      AAA6591C 
 296      706BCBF9 
 296      56F1484C 
 297 06a0 806904CC 		.ascii	"\200i\004\314 `o\336\376*\035-\342\200\270\226\013%"
 297      20606FDE 
 297      FE2A1D2D 
 297      E280B896 
 297      0B25
 298 06b2 6AB10AB2 		.ascii	"j\261\012\262\312\225\0003\360\275Y\305\010\307\316"
 298      CA950033 
 298      F0BD59C5 
 298      08C7CE
 299 06c1 3F3CEB4D 		.ascii	"?<\353M-\234P\\\235RhM\241\337\241\014q\002\"\016\021"
 299      2D9C505C 
 299      9D52684D 
 299      A1DFA10C 
 299      7102220E 
 300 06d6 F188D832 		.ascii	"\361\210\3302\221\270\327\213\326s\304\346\363\303\305"
 300      91B8D78B 
 300      D673C4E6 
 300      F3C3C5
 301 06e5 E29B2141 		.ascii	"\342\233!A\000$ `\013\002\352\262\266\237\364\241\035"
 301      00242060 
 301      0B02EAB2 
 301      B69FF4A1 
 301      1D
 302 06f6 1CD097FD 		.ascii	"\034\320\227\375\342\210X\206D\001\220\210\200$\004"
 302      E2885886 
 302      44019088 
 302      802404
 303 0705 1C1E4DAF 		.ascii	"\034\036M\257W\323~\016\230jl\011\024\253\260U\000l"
 303      57D37E0E 
 303      986A6C09 
 303      14ABB055 
 303      006C
 304 0717 45403202 		.ascii	"E@2\002\222/\026\225h\351\030\007$%_x\356\251\020\246"
 304      922F1695 
 304      68E91807 
 304      24255F78 
 304      EEA910A6 
 305 072b 1DAA9022 		.ascii	"\035\252\220\" R\020\261\015\021g\213\313\207\341\305"
ARM GAS  /tmp/cc96mFaG.s 			page 23


 305      205210B1 
 305      0D11678B 
 305      CB87E1C5 
 306 073b E08988DC 		.ascii	"\340\211\210\334\312\267C\342\213!U\000\244\"`;\002"
 306      CAB743E2 
 306      8B215500 
 306      A422603B 
 306      02
 307 074c CE0CDE9B 		.ascii	"\316\014\336\233\360\244Y\034p\377\341}Y<\022i\002 "
 307      F0A4591C 
 307      70FFE17D 
 307      593C1269 
 307      0220
 308 075e 0D013B10 		.ascii	"\015\001;\0200\322\230\016G\242\210\003\336\304\277"
 308      30D2980E 
 308      47A28803 
 308      DEC4BF
 309 076d 68F312CB 		.ascii	"h\363\022\313\220.\020\322\221\260\023\011U\347\246"
 309      902E10D2 
 309      91B01309 
 309      55E7A6
 310 077c 3EA1160E 		.ascii	">\241\026\016\270\236Q\273\317\332\317\355\271\366*"
 310      B89E51BB 
 310      CFDACFED 
 310      B9F62A
 311 078b EC1208BB 		.ascii	"\354\022\010\273\220\260\033\011\351\345\005\357\240"
 311      90B01B09 
 311      E9E505EF 
 311      A0
 312 0798 173822AF 		.ascii	"\0278\"\257\2722N'T!C\000d `\017_\304\355\243\035\263"
 312      BA324E27 
 312      54214300 
 312      6420600F 
 312      5FC4EDA3 
 313 07ae 680707DC 		.ascii	"h\007\007\334;:\223(\366B\246\000\310D@\026\002\272"
 313      3B3A9328 
 313      F642A600 
 313      C8444016 
 313      02BA
 314 07c0 4F59CA7D 		.ascii	"OY\312}i\277R\306\264\322\355\032\261\012\331\002"
 314      69BF52C6 
 314      B4D2ED1A 
 314      B10AD902 
 315 07d0 211B0939 		.ascii	"!\033\0119H(K\357\315\322\3201N\230\332s\374\256\265"
 315      48284BEF 
 315      CDD2D031 
 315      4E98DA73 
 315      FCAEB5
 316 07e3 8E2F1DCA 		.ascii	"\216/\035\312\220+ r\021\261\027\021\271\2673\252\010"
 316      902B2072 
 316      11B11711 
 316      B9B733AA 
 316      08
 317 07f4 4DD620A2 		.ascii	"M\326 \242(\241$[,C\236\000\310C\300>\004\014$uuB3p"
 317      28A1245B 
 317      2C439E00 
 317      C843C03E 
ARM GAS  /tmp/cc96mFaG.s 			page 24


 317      040C2475 
 318 080c 806560F3 		.ascii	"\200e`\363A\261\031\366\013\200\375\0108\200\200\254"
 318      41B119F6 
 318      0B80FD08 
 318      388080AC 
 319 081c 91B7F1D0 		.ascii	"\221\267\361\320\014\0340\235\373l\304M3\344\013\204"
 319      0C1C309D 
 319      FB6CC44D 
 319      33E40B84 
 320 082c 7C2414F0 		.ascii	"|$\024\360\024\312\016\017\351\034\377\000w9\374\261"
 320      14CA0E0F 
 320      E91CFF00 
 320      7739FCB1 
 321 083c 9348A10A 		.ascii	"\223H\241\012\377\000\263_0\236<l\031\364r4f\177J\354"
 321      FF00B35F 
 321      309E3C6C 
 321      19F47234 
 321      667F4AEC 
 322 0850 C60715E3 		.ascii	"\306\007\025\343\203h\334r\273\370\224\332j\274\365"
 322      8368DC72 
 322      BBF894DA 
 322      6ABCF5
 323 085f 437FADC9 		.ascii	"C\177\255\311!p\3621\030\302\242\242\215\206\010S\204"
 323      2170F231 
 323      18C2A2A2 
 323      8D860853 
 323      84
 324 0870 59BDC118 		.ascii	"Y\275\301\030\372\203\327\327\177\370\353\302U!!\322"
 324      FA83D7D7 
 324      7FF8EBC2 
 324      552121D2 
 325 0880 6F8283F5 		.ascii	"o\202\203\365\253\326F\254\211\370\356\317\372\250\030"
 325      ABD646AC 
 325      89F8EECF 
 325      FAA818
 326 088f 7D585464 		.ascii	"}XTdd\224I\037c\016\2156\307\256\327\377\356O\337\256"
 326      6494491F 
 326      630E8D36 
 326      C7AED7FF 
 326      EE4FDFAE 
 327 08a3 FA76239B 		.ascii	"\372v#\233]\037\261\316\030\035\243\377z\325*}X\264"
 327      5D1FB1CE 
 327      181DA3FF 
 327      7AD52A7D 
 327      58B4
 328 08b5 3924384C 		.ascii	"9$8L\322\031\014\306\320\350u\233\020\012\001\326\205"
 328      D2190CC6 
 328      D0E8759B 
 328      100A01D6 
 328      85
 329 08c6 9A79005F 		.ascii	"\232y\000_\203!\334\370\367\320\330uf\203qc\204\331"
 329      8321DCF8 
 329      F7D0D875 
 329      66837163 
 329      84D9
 330 08d8 CB0491CD 		.ascii	"\313\004\221\315\261\321\246\331\006|l\210\016\2154"
 330      B1D1A6D9 
ARM GAS  /tmp/cc96mFaG.s 			page 25


 330      067C6C88 
 330      0E8D34
 331 08e7 84461B43 		.ascii	"\204F\033Cc\274mw\332\260u\300\302{\255\301\020\033"
 331      63BC6D77 
 331      DAB075C0 
 331      C27BADC1 
 331      101B
 332 08f9 61322F5D 		.ascii	"a2/]b0\207\353\327FE\032\365\033\214\306\037\214\246"
 332      623087EB 
 332      D746451A 
 332      F51B8CC6 
 332      1F8CA6
 333 090c 707DD47A 		.ascii	"p}\324z\263\376\373\260\260\240\320\350\310 S\224\311"
 333      B3FEFBB0 
 333      B0A0D0E8 
 333      C8205394 
 333      C9
 334 091d 18640C5D 		.ascii	"\030d\014]\023\021\264\"h\311\227!+\203\376\021\022"
 334      1311B422 
 334      68C99721 
 334      2B83FE11 
 334      12
 335 092e 14BB3E1C 		.ascii	"\024\273>\034R\320;=\326G\230\302\326\305\206\033\365"
 335      52D03B3D 
 335      D64798C2 
 335      D6C5861B 
 335      F5
 336 093f 91A1616B 		.ascii	"\221\241ak#LF\275-5\363\246\365\306\230\340\265\222"
 336      234C46BD 
 336      2D35F3A6 
 336      F5C698E0 
 336      B592
 337 0951 9735DADF 		.ascii	"\2275\332\337\376\217\321b6\305\350\0151\346p@C\010"
 337      FE8FD162 
 337      36C5E80D 
 337      31E67040 
 337      4308
 338 0963 6F5C365B 		.ascii	"o\\6[\234/\336\231\215\033\371Pg\2122\330\236\371\261"
 338      9C2FDE99 
 338      8D1BF950 
 338      678A32D8 
 338      9EF9B1
 339 0976 6AD84606 		.ascii	"j\330F\006\263\277\201U\352K\203\335\3050\313q\312\340"
 339      B3BF8155 
 339      EA4B83DD 
 339      C530CB71 
 339      CAE0
 340 0988 AB8C78ED 		.ascii	"\253\214x\355\014~\312\320\024\305\037s\377\020\321"
 340      0C7ECAD0 
 340      14C51F73 
 340      FF10D1
 341 0997 3FC4C93F 		.ascii	"?\304\311?\304\331?\304\305\177\211\350\277\304\311"
 341      C4D93FC4 
 341      C57F89E8 
 341      BFC4C9
 342 09a6 7F89B3FF 		.ascii	"\177\211\263\377\022\027\377\245\242\377R'\377\245\316"
 342      1217FFA5 
ARM GAS  /tmp/cc96mFaG.s 			page 26


 342      A2FF5227 
 342      FFA5CE
 343 09b5 FE4B5DFC 		.ascii	"\376K]\374\227\211\376\313\234\374\2279\373/s\361_."
 343      9789FECB 
 343      9CFC9739 
 343      FB2F73F1 
 343      5F2E
 344 09c7 FA2F77F2 		.ascii	"\372/w\362_\356\354\277\334\305\177\205\350\277\302"
 344      5FEEECBF 
 344      DCC57F85 
 344      E8BFC2
 345 09d6 C97F85B3 		.ascii	"\311\177\205\263\377\012\027\377\225\242\377J'\377\225"
 345      FF0A17FF 
 345      95A2FF4A 
 345      27FF95
 346 09e5 CEFE2B6D 		.ascii	"\316\376+m\376\377\001;\022e\266"
 346      FEFF013B 
 346      1265B6
 347              		.text
 348              		.section	.gnu.lto_.symtab.f2482342b936e19,"",%progbits
 349 0000 5F5F636F 		.ascii	"__core_init\000"
 349      72655F69 
 349      6E697400 
 350 000c 00       		.ascii	"\000"
 351 000d 01       		.ascii	"\001"
 352 000e 00       		.ascii	"\000"
 353 000f 00000000 		.ascii	"\000\000\000\000\000\000\000\000"
 353      00000000 
 354 0017 B0000000 		.ascii	"\260\000\000\000"
 355 001b 5F5F6561 		.ascii	"__early_init\000"
 355      726C795F 
 355      696E6974 
 355      00
 356 0028 00       		.ascii	"\000"
 357 0029 01       		.ascii	"\001"
 358 002a 00       		.ascii	"\000"
 359 002b 00000000 		.ascii	"\000\000\000\000\000\000\000\000"
 359      00000000 
 360 0033 B3000000 		.ascii	"\263\000\000\000"
 361 0037 5F5F6C61 		.ascii	"__late_init\000"
 361      74655F69 
 361      6E697400 
 362 0043 00       		.ascii	"\000"
 363 0044 01       		.ascii	"\001"
 364 0045 00       		.ascii	"\000"
 365 0046 00000000 		.ascii	"\000\000\000\000\000\000\000\000"
 365      00000000 
 366 004e B6000000 		.ascii	"\266\000\000\000"
 367 0052 5F5F6465 		.ascii	"__default_exit\000"
 367      6661756C 
 367      745F6578 
 367      697400
 368 0061 00       		.ascii	"\000"
 369 0062 01       		.ascii	"\001"
 370 0063 00       		.ascii	"\000"
 371 0064 00000000 		.ascii	"\000\000\000\000\000\000\000\000"
 371      00000000 
ARM GAS  /tmp/cc96mFaG.s 			page 27


 372 006c BB000000 		.ascii	"\273\000\000\000"
 373 0070 5F5F696E 		.ascii	"__init_ram_areas\000"
 373      69745F72 
 373      616D5F61 
 373      72656173 
 373      00
 374 0081 00       		.ascii	"\000"
 375 0082 00       		.ascii	"\000"
 376 0083 00       		.ascii	"\000"
 377 0084 00000000 		.ascii	"\000\000\000\000\000\000\000\000"
 377      00000000 
 378 008c BD000000 		.ascii	"\275\000\000\000"
 379 0090 5F5F7261 		.ascii	"__ram0_init_text__\000"
 379      6D305F69 
 379      6E69745F 
 379      74657874 
 379      5F5F00
 380 00a3 00       		.ascii	"\000"
 381 00a4 02       		.ascii	"\002"
 382 00a5 00       		.ascii	"\000"
 383 00a6 00000000 		.ascii	"\000\000\000\000\000\000\000\000"
 383      00000000 
 384 00ae E3000000 		.ascii	"\343\000\000\000"
 385 00b2 5F5F7261 		.ascii	"__ram0_init__\000"
 385      6D305F69 
 385      6E69745F 
 385      5F00
 386 00c0 00       		.ascii	"\000"
 387 00c1 02       		.ascii	"\002"
 388 00c2 00       		.ascii	"\000"
 389 00c3 00000000 		.ascii	"\000\000\000\000\000\000\000\000"
 389      00000000 
 390 00cb E5000000 		.ascii	"\345\000\000\000"
 391 00cf 5F5F7261 		.ascii	"__ram0_clear__\000"
 391      6D305F63 
 391      6C656172 
 391      5F5F00
 392 00de 00       		.ascii	"\000"
 393 00df 02       		.ascii	"\002"
 394 00e0 00       		.ascii	"\000"
 395 00e1 00000000 		.ascii	"\000\000\000\000\000\000\000\000"
 395      00000000 
 396 00e9 E7000000 		.ascii	"\347\000\000\000"
 397 00ed 5F5F7261 		.ascii	"__ram0_noinit__\000"
 397      6D305F6E 
 397      6F696E69 
 397      745F5F00 
 398 00fd 00       		.ascii	"\000"
 399 00fe 02       		.ascii	"\002"
 400 00ff 00       		.ascii	"\000"
 401 0100 00000000 		.ascii	"\000\000\000\000\000\000\000\000"
 401      00000000 
 402 0108 E9000000 		.ascii	"\351\000\000\000"
 403 010c 5F5F7261 		.ascii	"__ram1_init_text__\000"
 403      6D315F69 
 403      6E69745F 
 403      74657874 
ARM GAS  /tmp/cc96mFaG.s 			page 28


 403      5F5F00
 404 011f 00       		.ascii	"\000"
 405 0120 02       		.ascii	"\002"
 406 0121 00       		.ascii	"\000"
 407 0122 00000000 		.ascii	"\000\000\000\000\000\000\000\000"
 407      00000000 
 408 012a EB000000 		.ascii	"\353\000\000\000"
 409 012e 5F5F7261 		.ascii	"__ram1_init__\000"
 409      6D315F69 
 409      6E69745F 
 409      5F00
 410 013c 00       		.ascii	"\000"
 411 013d 02       		.ascii	"\002"
 412 013e 00       		.ascii	"\000"
 413 013f 00000000 		.ascii	"\000\000\000\000\000\000\000\000"
 413      00000000 
 414 0147 ED000000 		.ascii	"\355\000\000\000"
 415 014b 5F5F7261 		.ascii	"__ram1_clear__\000"
 415      6D315F63 
 415      6C656172 
 415      5F5F00
 416 015a 00       		.ascii	"\000"
 417 015b 02       		.ascii	"\002"
 418 015c 00       		.ascii	"\000"
 419 015d 00000000 		.ascii	"\000\000\000\000\000\000\000\000"
 419      00000000 
 420 0165 EF000000 		.ascii	"\357\000\000\000"
 421 0169 5F5F7261 		.ascii	"__ram1_noinit__\000"
 421      6D315F6E 
 421      6F696E69 
 421      745F5F00 
 422 0179 00       		.ascii	"\000"
 423 017a 02       		.ascii	"\002"
 424 017b 00       		.ascii	"\000"
 425 017c 00000000 		.ascii	"\000\000\000\000\000\000\000\000"
 425      00000000 
 426 0184 F1000000 		.ascii	"\361\000\000\000"
 427 0188 5F5F7261 		.ascii	"__ram2_init_text__\000"
 427      6D325F69 
 427      6E69745F 
 427      74657874 
 427      5F5F00
 428 019b 00       		.ascii	"\000"
 429 019c 02       		.ascii	"\002"
 430 019d 00       		.ascii	"\000"
 431 019e 00000000 		.ascii	"\000\000\000\000\000\000\000\000"
 431      00000000 
 432 01a6 F3000000 		.ascii	"\363\000\000\000"
 433 01aa 5F5F7261 		.ascii	"__ram2_init__\000"
 433      6D325F69 
 433      6E69745F 
 433      5F00
 434 01b8 00       		.ascii	"\000"
 435 01b9 02       		.ascii	"\002"
 436 01ba 00       		.ascii	"\000"
 437 01bb 00000000 		.ascii	"\000\000\000\000\000\000\000\000"
 437      00000000 
ARM GAS  /tmp/cc96mFaG.s 			page 29


 438 01c3 F5000000 		.ascii	"\365\000\000\000"
 439 01c7 5F5F7261 		.ascii	"__ram2_clear__\000"
 439      6D325F63 
 439      6C656172 
 439      5F5F00
 440 01d6 00       		.ascii	"\000"
 441 01d7 02       		.ascii	"\002"
 442 01d8 00       		.ascii	"\000"
 443 01d9 00000000 		.ascii	"\000\000\000\000\000\000\000\000"
 443      00000000 
 444 01e1 F7000000 		.ascii	"\367\000\000\000"
 445 01e5 5F5F7261 		.ascii	"__ram2_noinit__\000"
 445      6D325F6E 
 445      6F696E69 
 445      745F5F00 
 446 01f5 00       		.ascii	"\000"
 447 01f6 02       		.ascii	"\002"
 448 01f7 00       		.ascii	"\000"
 449 01f8 00000000 		.ascii	"\000\000\000\000\000\000\000\000"
 449      00000000 
 450 0200 F9000000 		.ascii	"\371\000\000\000"
 451 0204 5F5F7261 		.ascii	"__ram3_init_text__\000"
 451      6D335F69 
 451      6E69745F 
 451      74657874 
 451      5F5F00
 452 0217 00       		.ascii	"\000"
 453 0218 02       		.ascii	"\002"
 454 0219 00       		.ascii	"\000"
 455 021a 00000000 		.ascii	"\000\000\000\000\000\000\000\000"
 455      00000000 
 456 0222 FB000000 		.ascii	"\373\000\000\000"
 457 0226 5F5F7261 		.ascii	"__ram3_init__\000"
 457      6D335F69 
 457      6E69745F 
 457      5F00
 458 0234 00       		.ascii	"\000"
 459 0235 02       		.ascii	"\002"
 460 0236 00       		.ascii	"\000"
 461 0237 00000000 		.ascii	"\000\000\000\000\000\000\000\000"
 461      00000000 
 462 023f FD000000 		.ascii	"\375\000\000\000"
 463 0243 5F5F7261 		.ascii	"__ram3_clear__\000"
 463      6D335F63 
 463      6C656172 
 463      5F5F00
 464 0252 00       		.ascii	"\000"
 465 0253 02       		.ascii	"\002"
 466 0254 00       		.ascii	"\000"
 467 0255 00000000 		.ascii	"\000\000\000\000\000\000\000\000"
 467      00000000 
 468 025d FF000000 		.ascii	"\377\000\000\000"
 469 0261 5F5F7261 		.ascii	"__ram3_noinit__\000"
 469      6D335F6E 
 469      6F696E69 
 469      745F5F00 
 470 0271 00       		.ascii	"\000"
ARM GAS  /tmp/cc96mFaG.s 			page 30


 471 0272 02       		.ascii	"\002"
 472 0273 00       		.ascii	"\000"
 473 0274 00000000 		.ascii	"\000\000\000\000\000\000\000\000"
 473      00000000 
 474 027c 01010000 		.ascii	"\001\001\000\000"
 475 0280 5F5F7261 		.ascii	"__ram4_init_text__\000"
 475      6D345F69 
 475      6E69745F 
 475      74657874 
 475      5F5F00
 476 0293 00       		.ascii	"\000"
 477 0294 02       		.ascii	"\002"
 478 0295 00       		.ascii	"\000"
 479 0296 00000000 		.ascii	"\000\000\000\000\000\000\000\000"
 479      00000000 
 480 029e 03010000 		.ascii	"\003\001\000\000"
 481 02a2 5F5F7261 		.ascii	"__ram4_init__\000"
 481      6D345F69 
 481      6E69745F 
 481      5F00
 482 02b0 00       		.ascii	"\000"
 483 02b1 02       		.ascii	"\002"
 484 02b2 00       		.ascii	"\000"
 485 02b3 00000000 		.ascii	"\000\000\000\000\000\000\000\000"
 485      00000000 
 486 02bb 05010000 		.ascii	"\005\001\000\000"
 487 02bf 5F5F7261 		.ascii	"__ram4_clear__\000"
 487      6D345F63 
 487      6C656172 
 487      5F5F00
 488 02ce 00       		.ascii	"\000"
 489 02cf 02       		.ascii	"\002"
 490 02d0 00       		.ascii	"\000"
 491 02d1 00000000 		.ascii	"\000\000\000\000\000\000\000\000"
 491      00000000 
 492 02d9 07010000 		.ascii	"\007\001\000\000"
 493 02dd 5F5F7261 		.ascii	"__ram4_noinit__\000"
 493      6D345F6E 
 493      6F696E69 
 493      745F5F00 
 494 02ed 00       		.ascii	"\000"
 495 02ee 02       		.ascii	"\002"
 496 02ef 00       		.ascii	"\000"
 497 02f0 00000000 		.ascii	"\000\000\000\000\000\000\000\000"
 497      00000000 
 498 02f8 09010000 		.ascii	"\011\001\000\000"
 499 02fc 5F5F7261 		.ascii	"__ram5_init_text__\000"
 499      6D355F69 
 499      6E69745F 
 499      74657874 
 499      5F5F00
 500 030f 00       		.ascii	"\000"
 501 0310 02       		.ascii	"\002"
 502 0311 00       		.ascii	"\000"
 503 0312 00000000 		.ascii	"\000\000\000\000\000\000\000\000"
 503      00000000 
 504 031a 0B010000 		.ascii	"\013\001\000\000"
ARM GAS  /tmp/cc96mFaG.s 			page 31


 505 031e 5F5F7261 		.ascii	"__ram5_init__\000"
 505      6D355F69 
 505      6E69745F 
 505      5F00
 506 032c 00       		.ascii	"\000"
 507 032d 02       		.ascii	"\002"
 508 032e 00       		.ascii	"\000"
 509 032f 00000000 		.ascii	"\000\000\000\000\000\000\000\000"
 509      00000000 
 510 0337 0D010000 		.ascii	"\015\001\000\000"
 511 033b 5F5F7261 		.ascii	"__ram5_clear__\000"
 511      6D355F63 
 511      6C656172 
 511      5F5F00
 512 034a 00       		.ascii	"\000"
 513 034b 02       		.ascii	"\002"
 514 034c 00       		.ascii	"\000"
 515 034d 00000000 		.ascii	"\000\000\000\000\000\000\000\000"
 515      00000000 
 516 0355 0F010000 		.ascii	"\017\001\000\000"
 517 0359 5F5F7261 		.ascii	"__ram5_noinit__\000"
 517      6D355F6E 
 517      6F696E69 
 517      745F5F00 
 518 0369 00       		.ascii	"\000"
 519 036a 02       		.ascii	"\002"
 520 036b 00       		.ascii	"\000"
 521 036c 00000000 		.ascii	"\000\000\000\000\000\000\000\000"
 521      00000000 
 522 0374 11010000 		.ascii	"\021\001\000\000"
 523 0378 5F5F7261 		.ascii	"__ram6_init_text__\000"
 523      6D365F69 
 523      6E69745F 
 523      74657874 
 523      5F5F00
 524 038b 00       		.ascii	"\000"
 525 038c 02       		.ascii	"\002"
 526 038d 00       		.ascii	"\000"
 527 038e 00000000 		.ascii	"\000\000\000\000\000\000\000\000"
 527      00000000 
 528 0396 13010000 		.ascii	"\023\001\000\000"
 529 039a 5F5F7261 		.ascii	"__ram6_init__\000"
 529      6D365F69 
 529      6E69745F 
 529      5F00
 530 03a8 00       		.ascii	"\000"
 531 03a9 02       		.ascii	"\002"
 532 03aa 00       		.ascii	"\000"
 533 03ab 00000000 		.ascii	"\000\000\000\000\000\000\000\000"
 533      00000000 
 534 03b3 15010000 		.ascii	"\025\001\000\000"
 535 03b7 5F5F7261 		.ascii	"__ram6_clear__\000"
 535      6D365F63 
 535      6C656172 
 535      5F5F00
 536 03c6 00       		.ascii	"\000"
 537 03c7 02       		.ascii	"\002"
ARM GAS  /tmp/cc96mFaG.s 			page 32


 538 03c8 00       		.ascii	"\000"
 539 03c9 00000000 		.ascii	"\000\000\000\000\000\000\000\000"
 539      00000000 
 540 03d1 17010000 		.ascii	"\027\001\000\000"
 541 03d5 5F5F7261 		.ascii	"__ram6_noinit__\000"
 541      6D365F6E 
 541      6F696E69 
 541      745F5F00 
 542 03e5 00       		.ascii	"\000"
 543 03e6 02       		.ascii	"\002"
 544 03e7 00       		.ascii	"\000"
 545 03e8 00000000 		.ascii	"\000\000\000\000\000\000\000\000"
 545      00000000 
 546 03f0 19010000 		.ascii	"\031\001\000\000"
 547 03f4 5F5F7261 		.ascii	"__ram7_init_text__\000"
 547      6D375F69 
 547      6E69745F 
 547      74657874 
 547      5F5F00
 548 0407 00       		.ascii	"\000"
 549 0408 02       		.ascii	"\002"
 550 0409 00       		.ascii	"\000"
 551 040a 00000000 		.ascii	"\000\000\000\000\000\000\000\000"
 551      00000000 
 552 0412 1B010000 		.ascii	"\033\001\000\000"
 553 0416 5F5F7261 		.ascii	"__ram7_init__\000"
 553      6D375F69 
 553      6E69745F 
 553      5F00
 554 0424 00       		.ascii	"\000"
 555 0425 02       		.ascii	"\002"
 556 0426 00       		.ascii	"\000"
 557 0427 00000000 		.ascii	"\000\000\000\000\000\000\000\000"
 557      00000000 
 558 042f 1D010000 		.ascii	"\035\001\000\000"
 559 0433 5F5F7261 		.ascii	"__ram7_clear__\000"
 559      6D375F63 
 559      6C656172 
 559      5F5F00
 560 0442 00       		.ascii	"\000"
 561 0443 02       		.ascii	"\002"
 562 0444 00       		.ascii	"\000"
 563 0445 00000000 		.ascii	"\000\000\000\000\000\000\000\000"
 563      00000000 
 564 044d 1F010000 		.ascii	"\037\001\000\000"
 565 0451 5F5F7261 		.ascii	"__ram7_noinit__\000"
 565      6D375F6E 
 565      6F696E69 
 565      745F5F00 
 566 0461 00       		.ascii	"\000"
 567 0462 02       		.ascii	"\002"
 568 0463 00       		.ascii	"\000"
 569 0464 00000000 		.ascii	"\000\000\000\000\000\000\000\000"
 569      00000000 
 570 046c 21010000 		.ascii	"!\001\000\000"
 571              		.text
 572              		.section	.gnu.lto_.opts,"",%progbits
ARM GAS  /tmp/cc96mFaG.s 			page 33


 573 0000 272D666D 		.ascii	"'-fmath-errno' '-fsigned-zeros' '-ftrapping-math' '"
 573      6174682D 
 573      6572726E 
 573      6F272027 
 573      2D667369 
 574 0033 2D666E6F 		.ascii	"-fno-trapv' '-fno-openmp' '-fno-openacc' '-mcpu=cor"
 574      2D747261 
 574      70762720 
 574      272D666E 
 574      6F2D6F70 
 575 0066 7465782D 		.ascii	"tex-m4' '-mfloat-abi=hard' '-mfpu=fpv4-sp-d16' '-mn"
 575      6D342720 
 575      272D6D66 
 575      6C6F6174 
 575      2D616269 
 576 0099 6F2D7468 		.ascii	"o-thumb-interwork' '-mthumb' '-ggdb' '-O2' '-fomit-"
 576      756D622D 
 576      696E7465 
 576      72776F72 
 576      6B272027 
 577 00cc 6672616D 		.ascii	"frame-pointer' '-falign-functions=16' '-ffunction-s"
 577      652D706F 
 577      696E7465 
 577      72272027 
 577      2D66616C 
 578 00ff 65637469 		.ascii	"ections' '-fdata-sections' '-fno-common' '-flto' '-"
 578      6F6E7327 
 578      20272D66 
 578      64617461 
 578      2D736563 
 579 0132 6673696E 		.ascii	"fsingle-precision-constant'\000"
 579      676C652D 
 579      70726563 
 579      6973696F 
 579      6E2D636F 
 580              		.text
 581              		.comm	__gnu_lto_v1,1,1
 582              		.comm	__gnu_lto_slim,1,1
 583              		.ident	"GCC: (GNU Tools for ARM Embedded Processors 6-2017-q1-update) 6.3.1 20170215 (release) [AR
ARM GAS  /tmp/cc96mFaG.s 			page 34


DEFINED SYMBOLS
                            *ABS*:0000000000000000 crt1.c
                            *COM*:0000000000000001 __gnu_lto_v1
                            *COM*:0000000000000001 __gnu_lto_slim

NO UNDEFINED SYMBOLS
