ARM GAS  /tmp/ccKpwyyQ.s 			page 1


   1              		.cpu cortex-m4
   2              		.eabi_attribute 27, 1
   3              		.eabi_attribute 28, 1
   4              		.eabi_attribute 20, 1
   5              		.eabi_attribute 21, 1
   6              		.eabi_attribute 23, 3
   7              		.eabi_attribute 24, 1
   8              		.eabi_attribute 25, 1
   9              		.eabi_attribute 26, 1
  10              		.eabi_attribute 30, 2
  11              		.eabi_attribute 34, 1
  12              		.eabi_attribute 18, 4
  13              		.file	"hal.c"
  14              		.text
  15              	.Ltext0:
  16              		.section	.gnu.lto_.profile.81c127ce2c55db6f,"",%progbits
  17 0000 789C6365 		.ascii	"x\234ce`b`a```d\010\346\002\000\0010\000j"
  17      60626061 
  17      60606064 
  17      08E60200 
  17      0130006A 
  18              		.text
  19              		.section	.gnu.lto_.icf.81c127ce2c55db6f,"",%progbits
  20 0000 789C6365 		.ascii	"x\234ce`b\340`@\000F\206\263Kf\275\340b\000\000\016"
  20      6062E060 
  20      40004686 
  20      B34B66BD 
  20      E0620000 
  21 0015 9A030E   		.ascii	"\232\003\016"
  22              		.text
  23              		.section	.gnu.lto_.jmpfuncs.81c127ce2c55db6f,"",%progbits
  24 0000 789C6365 		.ascii	"x\234ce`b\320b@\000F8\213\211q:3c\363\257\375\237\371"
  24      6062D062 
  24      40004638 
  24      8B89713A 
  24      3363F3AF 
  25 0017 EAFF3648 		.ascii	"\352\3776H\314gfX\314\014\222_\316X\317\300\310\002"
  25      CC676658 
  25      CC0C925F 
  25      CE58CFC0 
  25      C802
  26 0029 640100B9 		.ascii	"d\001\000\271F\010\227"
  26      460897
  27              		.text
  28              		.section	.gnu.lto_.inline.81c127ce2c55db6f,"",%progbits
  29 0000 789C6365 		.ascii	"x\234ce`b\260c@\000F\006\006\236\313@\222\011\310f["
  29      6062B063 
  29      40004606 
  29      069ECB40 
  29      9209C866 
  30 0015 20CF0416 		.ascii	" \317\004\026\343\302G0q\203t\201\231\014\000u\366\002"
  30      E3C24730 
  30      71837481 
  30      990C0075 
  30      F602
  31 0027 4B       		.ascii	"K"
  32              		.text
ARM GAS  /tmp/ccKpwyyQ.s 			page 2


  33              		.section	.gnu.lto_.pureconst.81c127ce2c55db6f,"",%progbits
  34 0000 789C6365 		.ascii	"x\234ce`b`f```d\220\000\000\000\204\000$"
  34      60626066 
  34      60606064 
  34      90000000 
  34      840024
  35              		.text
  36              		.section	.gnu.lto_halInit.81c127ce2c55db6f,"",%progbits
  37 0000 789C75D1 		.ascii	"x\234u\321\317K\002A\024\007\360\367\335\361W\221\322"
  37      CF4B0241 
  37      1407F0F7 
  37      DDF15791 
  37      D2
  38 0011 A183A144 		.ascii	"\241\203\241DW/\356\037\321\255K\207\376\202\362\242"
  38      572FEE1F 
  38      D1AD4B87 
  38      FE82F2A2 
  39 0021 1404F907 		.ascii	"\024\004\371\007\354\232\205`P]\314\014b\244\010-K\323"
  39      EC9A8560 
  39      505DCC0C 
  39      62A4082D 
  39      4BD3
  40 0033 EAE029F1 		.ascii	"\352\340)\361\326\245\240\216\235\212\350\220\011A\267"
  40      D6A5A08E 
  40      9D8AE890 
  40      0941B7
  41 0042 42ED8D46 		.ascii	"B\355\215F\354a\035\030f\366\275\017o\336\3168I#\277"
  41      EC611D18 
  41      66F6BD0F 
  41      6FDECE38 
  41      4923BF
  42 0055 46344544 		.ascii	"F4ED\001\236\020\004m\347\216(\341\321\000\2651= C\203"
  42      019E1004 
  42      6DE78E28 
  42      E1D100B5 
  42      313D2043 
  43 006a 816D9115 		.ascii	"\201m\221\025h\246\336\352Z\250`\362hd?'\315b\003R\020"
  43      68A6DEEA 
  43      5AA860F2 
  43      68643F27 
  43      CD620352 
  44 007f E578AA81 		.ascii	"\345x\252\201\002B\304\354\245\332\315x]\216A\034E\270"
  44      0242C4EC 
  44      A5DACD78 
  44      5D8E411C 
  44      45B8
  45 0091 C06BE501 		.ascii	"\300k\345\001\015\263\333K\231\215\327C<\316\216\022"
  45      0DB3DB4B 
  45      998DD743 
  45      3CCE8E12 
  46 00a1 A539ADCE 		.ascii	"\2459\255\316\330\024\232ZE\013\311\374O@yU\244^\377"
  46      D8149A5A 
  46      450BC9FC 
  46      4F407955 
  46      A45EFF
  47 00b4 78721B1D 		.ascii	"xr\033\035\323#\005r\202+\340\004\006I\266-\254\347"
  47      D3230572 
ARM GAS  /tmp/ccKpwyyQ.s 			page 3


  47      822BE004 
  47      0649B62D 
  47      ACE7
  48 00c6 8FC76C9C 		.ascii	"\217\307l\234\310q\226p\312\216\023\273\033\315{\367"
  48      C8719670 
  48      CA8E13BB 
  48      1BCD7BF7 
  49 00d6 9690C201 		.ascii	"\226\220\302\001\365\231\374\276\371\362\261\363s\340"
  49      F599FCBE 
  49      F9F2B1F3 
  49      73E0
  50 00e4 4835C6B1 		.ascii	"H5\306\261\333\375\322\222\304Ab\\\012'\316\370/K\010"
  50      DBFDD292 
  50      C441625C 
  50      0A27CEF8 
  50      2F4B08
  51 00f7 F613BDF7 		.ascii	"\366\023\275\367Zy\204\361\236iN\253\002\347\220\350"
  51      5A7984F1 
  51      9E694EAB 
  51      02E790E8 
  52 0107 1F88320C 		.ascii	"\037\2102\014)\\\244z\255\332\365\300\275rqT\376{M\346"
  52      295CA47A 
  52      ADDAF5C0 
  52      BD727154 
  52      FE7B4DE6 
  53 011b 3B5E7BE7 		.ascii	";^{\347`waq\327>{\347dW\265\270\366\020\347bW\263\270"
  53      60776171 
  53      D73E7BE7 
  53      6457B5B8 
  53      F610E762 
  54 0132 E7097BE7 		.ascii	"\347\011{\347fwi\355o\210\363\260\273\372sm\254\345"
  54      667769ED 
  54      6F88F3B0 
  54      BBFA736D 
  54      ACE5
  55 0144 0B99C11D 		.ascii	"\013\231\301\035\250\221\346\027\3417\343\353\016\206"
  55      A891E617 
  55      E137E3EB 
  55      0E86
  56 0152 C3FA4C34 		.ascii	"\303\372L4\266\030\233\233\327W\342ztaY\217\257F\324"
  56      B6189B9B 
  56      D757E27A 
  56      7461598F 
  56      AF46D4
  57 0165 1A8ED02F 		.ascii	"\032\216\320/\000\347\267Z"
  57      00E7B75A 
  58              		.text
  59              		.section	.gnu.lto_.symbol_nodes.81c127ce2c55db6f,"",%progbits
  60 0000 789C55C9 		.ascii	"x\234U\311\273\015\3020\030E\341\343\3538\011S\300("
  60      BB0DC230 
  60      1845E1E3 
  60      EB380953 
  60      C028
  61 0012 30D9EF22 		.ascii	"0\331\357\"\242\246\341\375\2502\005ujf\000\311%3 \214"
  61      A2A6E1FD 
  61      A8320575 
  61      6A6600C9 
ARM GAS  /tmp/ccKpwyyQ.s 			page 4


  61      2533208C 
  62 0026 2B7C9B23 		.ascii	"+|\233#}7 \022y\332\312`\363\200\234{\\A8\210E~\334"
  62      7D372012 
  62      79DACA60 
  62      F3809C7B 
  62      5C413888 
  63 003d 4DE6CA03 		.ascii	"M\346\312\0031.3\\e\252\340\"\363\025\234eM\005'Y\250"
  63      312E335C 
  63      65AAE022 
  63      F3159C65 
  63      4D052759 
  64 0052 E0286B2B 		.ascii	"\340(k+\330\313\272\012v\262\376\037<3\306\347\307y"
  64      D8CBBA0A 
  64      76B2FE1F 
  64      3C33C6E7 
  64      C779
  65 0064 7AA6D28E 		.ascii	"z\246\322\216T\3322\274~\015\214\245\015S\251'\225\212"
  65      54DA32BC 
  65      7E0D8CA5 
  65      0D53A927 
  65      958A
  66 0076 61FD9EF3 		.ascii	"a\375\236\363\005\217\3708\243"
  66      058FF838 
  66      A3
  67              		.text
  68              		.section	.gnu.lto_.refs.81c127ce2c55db6f,"",%progbits
  69 0000 789C6365 		.ascii	"x\234ce`b`c```d`bdb\000\000\000\275\000\024"
  69      60626063 
  69      60606064 
  69      60626462 
  69      000000BD 
  70              		.text
  71              		.section	.gnu.lto_.decls.81c127ce2c55db6f,"",%progbits
  72 0000 789CAD56 		.ascii	"x\234\255V}PSW\026\177\347\335$\220\020\304\201\316"
  72      7D505357 
  72      167FE7DD 
  72      249010C4 
  72      81CE
  73 0012 AE7F383B 		.ascii	"\256\1778;\216KG\376(\244P\306\2723;\273\355\342Wwi"
  73      8E4B47FE 
  73      28A450C6 
  73      BA333BBB 
  73      EDE25777 
  74 0027 65B6DBCE 		.ascii	"e\266\333\316\364\257L$Q2\013$\233\204m;\373\317C@\220"
  74      F4AF4C24 
  74      51320B24 
  74      9B846D3B 
  74      FBCF4340 
  75 003c 5AFC6CBB 		.ascii	"Z\374l\2730\255UpWPD\212\037\025\353G\244\210\210\242"
  75      30AD5570 
  75      5750448A 
  75      1F15EB47 
  75      A48888A2 
  76 0050 A82B4A45 		.ascii	"\250+JEC\221\217\252\310\267\002\212\262\347\336\373"
  76      43918FAA 
  76      C8B7028A 
  76      B2E7DEFB 
ARM GAS  /tmp/ccKpwyyQ.s 			page 5


  77 0060 1E2F8474 		.ascii	"\036/\204tkg\366\315\234w\337\271\347w~\347\234{On\256"
  77      6B67F6CD 
  77      9C77DFB9 
  77      E7777EE7 
  77      9C7B4F6E 
  78 0075 5610058B 		.ascii	"V\020\005\213Q\020~C\004\341\220 \010S\370\2108\356"
  78      51107E43 
  78      04E19020 
  78      0853F888 
  78      38EE
  79 0087 4701941F 		.ascii	"G\001\224\037\004\376\350Q\006P\206PFP\036\242\214\241"
  79      04FEE851 
  79      06508650 
  79      46501EA2 
  79      8CA1
  80 0099 4CA03CA1 		.ascii	"L\240<\241~\024\017\334\207\2000\343\361\241\036\202"
  80      7E140FDC 
  80      878030E3 
  80      F1A11E82 
  81 00a9 E3BB281A 		.ascii	"\343\273(\032\374\356\307Q\013\234\273\027\345Y@\014"
  81      FCEEC751 
  81      0B9CBB17 
  81      E559400C 
  82 00b9 CA3325F3 		.ascii	"\3123%\363N\310q\036\312q\207\204\3401>#p9\267\372s"
  82      4EC8711E 
  82      CA718784 
  82      E0313E23 
  82      7039B7FA 
  83 00ce 524420D2 		.ascii	"RD \322\000\032T\207\232K\356\314A\365\005\003,@\265"
  83      001A5487 
  83      9A4BEECC 
  83      41F50503 
  83      2C40B5
  84 00e1 FA78EE83 		.ascii	"\372x\356\2039\334\352\005\324\217\236x\220\300\325"
  84      39DCEA05 
  84      D48F9E78 
  84      90C0D5
  85 00f0 F9A81DBB 		.ascii	"\371\250\035\2735\344\015\343\340\016j\035)\257\331"
  85      35E40DE3 
  85      E00E6A1D 
  85      29AFD9
  86 00ff 11CACDE5 		.ascii	"\021\312\315\345T\277\373\264\341\276\226\210@\343\364"
  86      54BFFBB4 
  86      E1BE9688 
  86      40E3F4
  87 010e E7767784 		.ascii	"\347vw\204q\333<T\257\014^\370BV\347\242\332\276a\375"
  87      71DB3C54 
  87      AF0C5EF8 
  87      4256E7A2 
  87      DABE61FD 
  88 0122 0E1DD133 		.ascii	"\016\035\3213\344\255\306\212}4\243E\006\240\353\032"
  88      E4ADC68A 
  88      7D34A345 
  88      06A0EB1A 
  89 0132 815307FA 		.ascii	"\201S\007\372j'\302\371\024E\370&\312\227\307UJ\374"
  89      6A27C2F9 
  89      1445F826 
ARM GAS  /tmp/ccKpwyyQ.s 			page 6


  89      CA97C755 
  89      4AFC
  90 0144 09FD955A 		.ascii	"\011\375\225Z\314\225M\303\273C\310/)H,n\272^\247\201"
  90      CC954DC3 
  90      BB43C82F 
  90      29482C6E 
  90      BA5EA781 
  91 0158 18C3BF29 		.ascii	"\030\303\277)\310{}t\321\226|I\022\341\010\030\340\020"
  91      C87B7D74 
  91      D1967C49 
  91      12E10818 
  91      E010
  92 016a 10380871 		.ascii	"\0208\010qtQ\026\031\360] I\353\244\3159\222~\245\200"
  92      74511619 
  92      F05D2049 
  92      EBA4CD39 
  92      927EA580 
  93 017e 89CF873D 		.ascii	"\211\317\207=0_\200\303\020C\343Q\034\324\340\344W8"
  93      305F80C3 
  93      1043E351 
  93      1CD4E0E4 
  93      5738
  94 0190 89212A76 		.ascii	"\211!*vo)\325\221|`1\032N\336\274\241\001CLP\202\332"
  94      6F29D591 
  94      7C60311A 
  94      4EDEBCA1 
  94      01434C50 
  95 01a6 20043C99 		.ascii	" \004<\231\263{\0276\344\321d\216b2_\253\311`n\274\216"
  95      B37B1736 
  95      E4D1648E 
  95      62325FAB 
  95      C9606EBC 
  96 01bb CE63EDD9 		.ascii	"\316c\355\331\"\271\307\202@\3117\243MZ\276T\241\250"
  96      22B9C782 
  96      40C937A3 
  96      4D5ABE54 
  96      A1A8
  97 01cd 0E6C3BD3 		.ascii	"\016l;\323,\222~n\353\271\221S\254#\243\\\331\374\264"
  97      2C927E6E 
  97      EBB99153 
  97      AC23A35C 
  97      D9FCB4
  98 01e0 4DD29149 		.ascii	"M\322\221I\256|<0\276KCr\370\342\267\345\214\265\206"
  98      AE7C3C30 
  98      BE4B4372 
  98      F8E2B7E5 
  98      8CB586
  99 01f3 930D4CD1 		.ascii	"\223\015L\321\257?p\364\220\021\242\351\023\025\035"
  99      AF3F70F4 
  99      9011A2E9 
  99      13151D
 100 0202 1D534A73 		.ascii	"\035SJs\367\216\235{\251q\270K\222\266\032YR^L\252\001"
 100      F78E9D7B 
 100      A971B84B 
 100      92B61A59 
 100      525E4CAA 
 101 0217 A2D462AA 		.ascii	"\242\324b\252\360%@<\276\004\356\360\370w\305\2227\227"
ARM GAS  /tmp/ccKpwyyQ.s 			page 7


 101      F025403C 
 101      BE04EEF0 
 101      F877C592 
 101      3797
 102 0229 30F4A940 		.ascii	"0\364\251@\264)\000|\357\367*\370x \370\033F]\016~\334"
 102      B429007C 
 102      EFF72AF8 
 102      7820F81B 
 102      465D0E7E 
 103 023e 7EF06381 		.ascii	"~\360c\201\360\003\201\231|\347\207>\021\234\234\241"
 103      F0038199 
 103      7CE7873E 
 103      119C9CA1 
 104 024e B7D0B5DF 		.ascii	"\267\320\265\337,I\257i\004\330\207\366\275\314D\321"
 104      2C49AF69 
 104      04D887F6 
 104      BDCC44D1 
 105 025e B8FC700E 		.ascii	"\270\374p\016w\253\016\242\341,\312\031\224oQ\352Q\032"
 105      77AB0EA2 
 105      E12CCA19 
 105      946F51EA 
 105      511A
 106 0270 514E4334 		.ascii	"QNC4\3530\036\257\311/\336\311\240\225\373\327\322\264"
 106      EB301EAF 
 106      C92FDEC9 
 106      A095FBD7 
 106      D2B4
 107 0282 52455707 		.ascii	"REW\007\257\205\303yk\364\237\214\314\226$\2400An\013"
 107      AF85C379 
 107      6BF49F8C 
 107      CC9624A0 
 107      30416E0B 
 108 0296 B9B74F3D 		.ascii	"\271\267O=\313m\321\221\006\266\207\342\356\302\013"
 108      CB6DD191 
 108      06B687E2 
 108      EEC20B
 109 02a5 4742212A 		.ascii	"GB!*&XMp\001K\3719e\361\310=\215:\3741\301ytlR[\222"
 109      26584D70 
 109      014BF939 
 109      65F1C83D 
 109      8D3AFC31 
 110 02c0 E6C1C257 		.ascii	"\346\301\302W6\237m\227\317\211\002\372\333\276:\326"
 110      369F6D97 
 110      CF8902FA 
 110      DBBE3AD6 
 111 02d0 926F206D 		.ascii	"\222o m\274\277\246\356\266\225\351\271q\220\352\205"
 111      BCBFA6EE 
 111      B695E9B9 
 111      7190EA85 
 112 02e0 87B79545 		.ascii	"\207\267\225E\220\016n\274\332\263+\327\310\215-T/\332"
 112      900E6EBC 
 112      DAB32BD7 
 112      C88D2D54 
 112      2FDA
 113 02f2 74F02B03 		.ascii	"t\360+\003\351\345\306\362\236\317\213d\343\022T\017"
 113      E9E5C6F2 
 113      9ECF8B64 
ARM GAS  /tmp/ccKpwyyQ.s 			page 8


 113      E312540F 
 114 0302 371FBDAD 		.ascii	"7\037\275\255%\375\334\326>\334\232\037F\036r\345\300"
 114      25FDDCD6 
 114      3EDC9A1F 
 114      461E72E5 
 114      C0
 115 0313 E4F63DD8 		.ascii	"\344\366=\330\334\\Q\016\236H\371\340\231\350\373\347"
 115      DC5C510E 
 115      9E48F9E0 
 115      99E8FBE7 
 116 0323 B5507E10 		.ascii	"\265P~\020IsP\377(o\323\206\020\222C(\330\3209\324]"
 116      497350FF 
 116      286FD386 
 116      10924328 
 116      D8D039D4 
 117 0338 6A50FB3D 		.ascii	"jP\373=\272\224\225\333\320\024\271M\222\032_f\005\267"
 117      BA9495DB 
 117      D014B94D 
 117      921A5F66 
 117      05B7
 118 034a 62C13E1C 		.ascii	"b\301>\034\247\227pF\003#\272.9\233\355\"\005\267\004"
 118      A7977046 
 118      0323BA2E 
 118      399BED22 
 118      05B704
 119 035d 822F4100 		.ascii	"\202/A\000\272\363O*\372J \372\362\314v\247\360?\252"
 119      BAF34F2A 
 119      FA4A20FA 
 119      F2CC76A7 
 119      F03FAA
 120 0370 F06B81F0 		.ascii	"\360k\201\360\252Y\360:?\366\377\004\302\257\006\357"
 120      AA59F03A 
 120      3FF6FF04 
 120      C2AF06EF 
 121 0380 F71B68BF 		.ascii	"\367\033h\277\316L>\2711:\2611\276\303&\270\205r\033"
 121      CE4C3EB9 
 121      313AB131 
 121      BEC326B8 
 121      85721B
 122 0393 A51DE526 		.ascii	"\245\035\345&J\007\312\367(w\324\236\247)\372\325\177"
 122      4A07CAF7 
 122      2877D49E 
 122      A729FAD5 
 122      7F
 123 03a4 313066F3 		.ascii	"10f\363\354\024\337T\341\373\003\341\225j\212r\317\237"
 123      EC14DF54 
 123      E1FB03E1 
 123      956A8A72 
 123      CF9F
 124 03b6 E33DEF9B 		.ascii	"\343=\357\233\331\363\234\252\247\331o\237\332\002\271"
 124      D9F39CAA 
 124      A7D96F9F 
 124      DA02B9
 125 03c5 2AFC42E3 		.ascii	"*\374B\343\276\237\236\350\313\213 \205l\337\305\215"
 125      BE9F9EE8 
 125      CB8B2085 
 125      6CDFC58D 
ARM GAS  /tmp/ccKpwyyQ.s 			page 9


 126 03d5 F91BF68B 		.ascii	"\371\033\366\213\020\023\305\203\264^b\355\335\203\336"
 126      1013C583 
 126      B45E62ED 
 126      DD83DE
 127 03e4 5D6A7BFB 		.ascii	"]j{\373X{\007[)\350\306\005\372\271\213\205)\264\326"
 127      587B075B 
 127      29E8C605 
 127      FAB98B85 
 127      29B4D6
 128 03f7 EF2E3544 		.ascii	"\357.5D\311\214\005?\306(</]]Y\365\371pc\341\364\377"
 128      C98C053F 
 128      C6283C2F 
 128      5D5D59F5 
 128      F97063E1 
 129 040d 0BF4FA9D 		.ascii	"\013\364\372\235\037\002\374\000F\012\244#\202\217\344"
 129      1F02FC00 
 129      460AA423 
 129      828FE4
 130 041c 377C61BC 		.ascii	"7|a\274\215tx\027\201\271\214\002\200\277\201\011\277"
 130      8D747817 
 130      81B98C02 
 130      80BF8109 
 130      BF
 131 042d 24280F00 		.ascii	"$(\017\000\233\307YQ\220/!\312\024(\036\262.\312\252"
 131      9BC75951 
 131      902F21CA 
 131      14281EB2 
 131      2ECAAA
 132 0440 A85E58E8 		.ascii	"\250^X\350\204\300)UFn\346\221\224\207\337=\370\007"
 132      84C02955 
 132      466EE691 
 132      9487DF3D 
 132      F807
 133 0452 73935D01 		.ascii	"s\223]\001D5\000\200\277\203\037!O[\266O\347'\250\305"
 133      44350080 
 133      BF831F21 
 133      4F5BB64F 
 133      E727A8C5 
 134 0466 81B2547D 		.ascii	"\201\262T}\033G\276\324\370pQ!L\330\371\032\260\271"
 134      1B47BED4 
 134      F8705121 
 134      4CD8F91A 
 134      B0B9
 135 0478 C18352A7 		.ascii	"\301\203R\247\201lg\015\001g\246\306\274\021\374\324"
 135      816C670D 
 135      0167A6C6 
 135      BC11FCD4 
 136 0488 10FDAE20 		.ascii	"\020\375\256 /\360+\310x\366\265\323\206y\237\262;E"
 136      2FF02BC8 
 136      78F6B5D3 
 136      86799FB2 
 136      3B45
 137 049a 8E345784 		.ascii	"\2164W\204w\177\001\017p\241\373\330B\367\303<|\257"
 137      777F010F 
 137      70A1FBD8 
 137      42F7C33C 
 137      7CAF
ARM GAS  /tmp/ccKpwyyQ.s 			page 10


 138 04ac D6F050FB 		.ascii	"\326\360P\373\352\217\364\205/\334)\355\354\220\274"
 138      EA8FF485 
 138      2FDC29ED 
 138      EC90BC
 139 04bb BDF717F4 		.ascii	"\275\367\027\364\326H\022\376\237K\032\012\203\373j"
 139      D64812FE 
 139      9F4B1A0A 
 139      83FB6A
 140 04ca 7BE127BE 		.ascii	"{\341'\276\357\341\256\303]\334i\001\006`!\272\347\327"
 140      EFE1AEC3 
 140      5DDC6901 
 140      066021BA 
 140      E7D7
 141 04dc F4FBB4A4 		.ascii	"\364\373\264\244\226g\265\245\246\245\223 W\007\275"
 141      9667B5A5 
 141      A6A59320 
 141      5707BD
 142 04eb 188C2F29 		.ascii	"\030\214/)\251\356\222\012\014, \014\252L\203\224\211"
 142      A9EE920A 
 142      0C2C200C 
 142      AA4C8394 
 142      89
 143 04fc 7E0C3186 		.ascii	"~\0141\206\013=\267\376A\2728A\325'\227\006Bd\202\221"
 143      0B3DB7FE 
 143      41BA3841 
 143      D5279706 
 143      42648291 
 144 0510 A7BF6DFB 		.ascii	"\247\277m\373\327zo\012\367\037V\375\207\025\377\021"
 144      D77A6F0A 
 144      F71F56FD 
 144      8715FF11 
 145 0520 E65F7FED 		.ascii	"\346_\177\355^\201\226\224i\030\201\264\367\304v%\203"
 145      5E819694 
 145      691881B4 
 145      F7C47625 
 145      83
 146 0531 9B1F93A2 		.ascii	"\233\037\223\242\212i\202Q\225`T!x\310\010.5\225M\206"
 146      8A698251 
 146      95605421 
 146      78C8082E 
 146      35954D86 
 147 0545 93164EF0 		.ascii	"\223\026N\360\351\361\323\347\3652\301\223\022R\241"
 147      E9F1D3E7 
 147      F532C193 
 147      1252A1
 148 0554 123C5209 		.ascii	"\022<R\011\036)\004c\214`\274v\373Y\003\231\342\004"
 148      1E290463 
 148      8C60BC76 
 148      FB590399 
 148      E204
 149 0566 FD2DFB6E 		.ascii	"\375-\373n\030\025\202rrJ%\030W\011\306\025\202\011"
 149      18158272 
 149      724A2518 
 149      5709C615 
 149      8209
 150 0578 4650F499 		.ascii	"FP\364\231\367\246\216Tj\371\325\247\276\275;B&\270"
 150      F7A68E54 
ARM GAS  /tmp/ccKpwyyQ.s 			page 11


 150      6AF9D5A7 
 150      BEBD3B42 
 150      26B8
 151 058a 53451EEF 		.ascii	"SE\036\357\231&x\254\022<V\010\2360\202\275\225\305"
 151      992678AC 
 151      123C5608 
 151      9E3082BD 
 151      95C5
 152 059c DD7AD2C6 		.ascii	"\335z\322\306\011\362\206\367\027j4\"\377)\321}\306"
 152      09F286F7 
 152      176A3422 
 152      FF29D17D 
 152      C6
 153 05ad B94F6A8F 		.ascii	"\271Oj\217I\341?\332\021\317XG<\005\271%|\303\235\227"
 153      49E13FDA 
 153      11CF5847 
 153      3C05B925 
 153      7CC39D97 
 154 05c1 C3955D38 		.ascii	"\303\225]8\367\322\3062\226\001\202`R\315`R\311`\212"
 154      F7D2C632 
 154      96018260 
 154      52CD6052 
 154      C9608A
 155 05d4 6550BC63 		.ascii	"eP\274cS5!\275<\203\255%\223\027E\245\204\223\244|J"
 155      533521BD 
 155      3C83AD25 
 155      931745A5 
 155      8493A47C 
 156 05e9 ED03499C 		.ascii	"\355\003I\234f\300O\316\220-R\206\306o\253\036\205\221"
 156      66C04FCE 
 156      902D5286 
 156      C66FAB1E 
 156      8591
 157 05fb 3D3AC650 		.ascii	"=:\306P<\320T;\347\3052iP\242\367\271%\037\345\\\224"
 157      3CD0543B 
 157      E7C53269 
 157      50A2F7B9 
 157      251FE55C 
 158 0610 A45D223B 		.ascii	"\244]\";1\326q\006\277\377\201u\224\010r\304\027i\356"
 158      31D67106 
 158      BFFF8175 
 158      940872C4 
 158      1769EE
 159 0623 E3D76F1B 		.ascii	"\343\327o\033\375\017\031\032T=drE\243\022\036?\021"
 159      FD0F191A 
 159      543D6472 
 159      45A3121E 
 159      3F11
 160 0635 9FBDB5EB 		.ascii	"\237\275\265\353\373\031\207\322\263\031\370<\221\037"
 160      FB1987D2 
 160      B319F83C 
 160      911F
 161 0643 4A74D4A5 		.ascii	"Jt\324\245\254Xj\361X4\2265\256\364\320\025o\275\263"
 161      AC586AF1 
 161      58349635 
 161      AEF4D015 
 161      6FBDB3
ARM GAS  /tmp/ccKpwyyQ.s 			page 12


 162 0656 20293E5E 		.ascii	" )>^0\230\315Y\366L\317+\011f\217\325\224\346\310\260"
 162      3098CD59 
 162      F64CCF2B 
 162      09668FD5 
 162      94E6C8B0 
 163 066a 99DEB7D9 		.ascii	"\231\336\267\331\376j\313\264\232\034N\217imjj\254\305"
 163      FE6ACBB4 
 163      9A1C4E8F 
 163      696D6A6A 
 163      ACC5
 164 067c 95119BE9 		.ascii	"\225\021\233\351\310\264\305\332,\253\355\261\213c\023"
 164      C8B4C5DA 
 164      2CABEDB1 
 164      8B6313
 165 068b 5E8E7F35 		.ascii	"^\216\1775\366o\361\261YN\253\305c3\3150\233\354\231"
 165      F66FF1B1 
 165      594EABC5 
 165      6333CD30 
 165      9BEC99
 166 069e A9E95956 		.ascii	"\251\351YV\233)\303\222\232f\317\264\231\314V\333\032"
 166      9B29C392 
 166      9A66CFB4 
 166      99CC56DB 
 166      1A
 167 06af 4B56BAC7 		.ascii	"KV\272\307\354\371\320is\307\245\011\241J\264\367\376"
 167      ECF9D069 
 167      73C7A509 
 167      A14AB4F7 
 167      FE
 168 06c0 8FD1DC1F 		.ascii	"\217\321\334\037\272Mf\267\307\212\324\030\2028\254"
 168      BA4D66B7 
 168      C78AD418 
 168      8238AC
 169 06cf 2EAD131D 		.ascii	".\255\023\035\\!\016\267\323f\263\272t\016\032\336\245"
 169      5C210EB7 
 169      D366B3BA 
 169      740E1ADE 
 169      A5
 170 06e0 CD70586D 		.ascii	"\315pXm.Z\177\332\253qq\246\2444\373j\373\252\267M\016"
 170      2E5A7FDA 
 170      AB7171A6 
 170      A434FB6A 
 170      FBAAB74D 
 171 06f5 B729CD92 		.ascii	"\267)\315\222nr:\\\036\267\351\355\277\274\371J\202"
 171      6E723A5C 
 171      1EB7E9ED 
 171      BFBCF94A 
 171      82
 172 0706 293979A9 		.ascii	")9y\251iE\312\033\253\376\236@Mf'Jz\272\025\271#\335"
 172      6945CA1B 
 172      ABFE9E40 
 172      4D66274A 
 172      7ABA15B9 
 173 071c 9E0CCC7E 		.ascii	"\236\014\314~\255\323\3560\273m\236,\247\331\243KYN"
 173      ADD3EE30 
 173      BB6D9E2C 
 173      A7D9A34B 
ARM GAS  /tmp/ccKpwyyQ.s 			page 13


 173      594E
 174 072e 975597B2 		.ascii	"\227U\227\262\214\017K\371\220\304\207?\360\341u>\254"
 174      8C0F4BF9 
 174      90C4873F 
 174      F0E1753E 
 174      AC
 175 073f A4833EE5 		.ascii	"\244\203>\345\365\344$G\346\032\373\332\020$\177#\323"
 175      F5E42447 
 175      E61AFBDA 
 175      10247F23 
 175      D3
 176 0750 EE993F3B 		.ascii	"\356\231?;\033\267+\225\216q\251\202\316\355\241\230"
 176      1BB72B95 
 176      8E71A982 
 176      CEEDA198 
 177 0760 5FCFC628 		.ascii	"_\317\306(\345\323\024\335\264r\375j\207\305e\245\350"
 177      E5D314DD 
 177      B472FD6A 
 177      87C565A5 
 177      E8
 178 0771 C4D96866 		.ascii	"\304\331hf\243\005\232\337z')y\331\252\305\211\346\345"
 178      A3059ADF 
 178      7A272979 
 178      D9AAC589 
 178      E6E5
 179 0783 89898BFF 		.ascii	"\211\211\213\377\274\214[\320=\304\355\264S\347\350"
 179      BC8C5BD0 
 179      3DC4EDB4 
 179      53E7E8
 180 0792 9F08E5B4 		.ascii	"\237\010\345\264#X\347f\201\026\375\004\326\346\262"
 180      2358E766 
 180      8116FD04 
 180      D6E6B2
 181 07a1 6315C8ED 		.ascii	"c\025\310\355|?\3439\270\021E\301\026k\352s\200\021"
 181      7C3FE339 
 181      B81145C1 
 181      166BEA73 
 181      8011
 182 07b3 85E07065 		.ascii	"\205\340pe{\314vt1\246\371)\011\377{\227\331{y\342\007"
 182      7BCC7674 
 182      31A6F929 
 182      09FF7B97 
 182      D97B79E2 
 183 07c8 1F98D2D4 		.ascii	"\037\230\322\324\015\246dJ"
 183      0DA6644A 
 184 07d0 D3A6B25D 		.ascii	"\323\246\262]\372/.\213\246\265"
 184      FA2F2E8B 
 184      A6B5
 185              		.text
 186              		.section	.gnu.lto_.symtab.81c127ce2c55db6f,"",%progbits
 187 0000 68616C49 		.ascii	"halInit\000"
 187      6E697400 
 188 0008 00       		.ascii	"\000"
 189 0009 00       		.ascii	"\000"
 190 000a 00       		.ascii	"\000"
 191 000b 00000000 		.ascii	"\000\000\000\000\000\000\000\000"
 191      00000000 
ARM GAS  /tmp/ccKpwyyQ.s 			page 14


 192 0013 EF000000 		.ascii	"\357\000\000\000"
 193 0017 70616C5F 		.ascii	"pal_default_config\000"
 193      64656661 
 193      756C745F 
 193      636F6E66 
 193      696700
 194 002a 00       		.ascii	"\000"
 195 002b 02       		.ascii	"\002"
 196 002c 00       		.ascii	"\000"
 197 002d 00000000 		.ascii	"\000\000\000\000\000\000\000\000"
 197      00000000 
 198 0035 03010000 		.ascii	"\003\001\000\000"
 199 0039 7374496E 		.ascii	"stInit\000"
 199      697400
 200 0040 00       		.ascii	"\000"
 201 0041 02       		.ascii	"\002"
 202 0042 00       		.ascii	"\000"
 203 0043 00000000 		.ascii	"\000\000\000\000\000\000\000\000"
 203      00000000 
 204 004b F1000000 		.ascii	"\361\000\000\000"
 205 004f 626F6172 		.ascii	"boardInit\000"
 205      64496E69 
 205      7400
 206 0059 00       		.ascii	"\000"
 207 005a 02       		.ascii	"\002"
 208 005b 00       		.ascii	"\000"
 209 005c 00000000 		.ascii	"\000\000\000\000\000\000\000\000"
 209      00000000 
 210 0064 F3000000 		.ascii	"\363\000\000\000"
 211 0068 73706949 		.ascii	"spiInit\000"
 211      6E697400 
 212 0070 00       		.ascii	"\000"
 213 0071 02       		.ascii	"\002"
 214 0072 00       		.ascii	"\000"
 215 0073 00000000 		.ascii	"\000\000\000\000\000\000\000\000"
 215      00000000 
 216 007b F5000000 		.ascii	"\365\000\000\000"
 217 007f 7364496E 		.ascii	"sdInit\000"
 217      697400
 218 0086 00       		.ascii	"\000"
 219 0087 02       		.ascii	"\002"
 220 0088 00       		.ascii	"\000"
 221 0089 00000000 		.ascii	"\000\000\000\000\000\000\000\000"
 221      00000000 
 222 0091 F7000000 		.ascii	"\367\000\000\000"
 223 0095 70776D49 		.ascii	"pwmInit\000"
 223      6E697400 
 224 009d 00       		.ascii	"\000"
 225 009e 02       		.ascii	"\002"
 226 009f 00       		.ascii	"\000"
 227 00a0 00000000 		.ascii	"\000\000\000\000\000\000\000\000"
 227      00000000 
 228 00a8 F9000000 		.ascii	"\371\000\000\000"
 229 00ac 61646349 		.ascii	"adcInit\000"
 229      6E697400 
 230 00b4 00       		.ascii	"\000"
 231 00b5 02       		.ascii	"\002"
ARM GAS  /tmp/ccKpwyyQ.s 			page 15


 232 00b6 00       		.ascii	"\000"
 233 00b7 00000000 		.ascii	"\000\000\000\000\000\000\000\000"
 233      00000000 
 234 00bf FB000000 		.ascii	"\373\000\000\000"
 235 00c3 5F70616C 		.ascii	"_pal_lld_init\000"
 235      5F6C6C64 
 235      5F696E69 
 235      7400
 236 00d1 00       		.ascii	"\000"
 237 00d2 02       		.ascii	"\002"
 238 00d3 00       		.ascii	"\000"
 239 00d4 00000000 		.ascii	"\000\000\000\000\000\000\000\000"
 239      00000000 
 240 00dc FF000000 		.ascii	"\377\000\000\000"
 241 00e0 68616C5F 		.ascii	"hal_lld_init\000"
 241      6C6C645F 
 241      696E6974 
 241      00
 242 00ed 00       		.ascii	"\000"
 243 00ee 02       		.ascii	"\002"
 244 00ef 00       		.ascii	"\000"
 245 00f0 00000000 		.ascii	"\000\000\000\000\000\000\000\000"
 245      00000000 
 246 00f8 01010000 		.ascii	"\001\001\000\000"
 247              		.text
 248              		.section	.gnu.lto_.opts,"",%progbits
 249 0000 272D666D 		.ascii	"'-fmath-errno' '-fsigned-zeros' '-ftrapping-math' '"
 249      6174682D 
 249      6572726E 
 249      6F272027 
 249      2D667369 
 250 0033 2D666E6F 		.ascii	"-fno-trapv' '-fno-openmp' '-fno-openacc' '-mcpu=cor"
 250      2D747261 
 250      70762720 
 250      272D666E 
 250      6F2D6F70 
 251 0066 7465782D 		.ascii	"tex-m4' '-mfloat-abi=hard' '-mfpu=fpv4-sp-d16' '-mn"
 251      6D342720 
 251      272D6D66 
 251      6C6F6174 
 251      2D616269 
 252 0099 6F2D7468 		.ascii	"o-thumb-interwork' '-mthumb' '-ggdb' '-O2' '-fomit-"
 252      756D622D 
 252      696E7465 
 252      72776F72 
 252      6B272027 
 253 00cc 6672616D 		.ascii	"frame-pointer' '-falign-functions=16' '-ffunction-s"
 253      652D706F 
 253      696E7465 
 253      72272027 
 253      2D66616C 
 254 00ff 65637469 		.ascii	"ections' '-fdata-sections' '-fno-common' '-flto' '-"
 254      6F6E7327 
 254      20272D66 
 254      64617461 
 254      2D736563 
 255 0132 6673696E 		.ascii	"fsingle-precision-constant'\000"
ARM GAS  /tmp/ccKpwyyQ.s 			page 16


 255      676C652D 
 255      70726563 
 255      6973696F 
 255      6E2D636F 
 256              		.text
 257              		.comm	__gnu_lto_v1,1,1
 258              		.comm	__gnu_lto_slim,1,1
 259              		.ident	"GCC: (GNU Tools for ARM Embedded Processors 6-2017-q1-update) 6.3.1 20170215 (release) [AR
ARM GAS  /tmp/ccKpwyyQ.s 			page 17


DEFINED SYMBOLS
                            *ABS*:0000000000000000 hal.c
                            *COM*:0000000000000001 __gnu_lto_v1
                            *COM*:0000000000000001 __gnu_lto_slim

NO UNDEFINED SYMBOLS
