ARM GAS  /tmp/cc1h6eG6.s 			page 1


   1              		.cpu cortex-m4
   2              		.eabi_attribute 27, 1
   3              		.eabi_attribute 28, 1
   4              		.eabi_attribute 20, 1
   5              		.eabi_attribute 21, 1
   6              		.eabi_attribute 23, 3
   7              		.eabi_attribute 24, 1
   8              		.eabi_attribute 25, 1
   9              		.eabi_attribute 26, 1
  10              		.eabi_attribute 30, 2
  11              		.eabi_attribute 34, 1
  12              		.eabi_attribute 18, 4
  13              		.file	"hal_pal.c"
  14              		.text
  15              	.Ltext0:
  16              		.section	.gnu.lto_.profile.af1e3f28c9c0f2de,"",%progbits
  17 0000 789C6365 		.ascii	"x\234ce`b`a```d\320\220\001\000\000\354\000Q"
  17      60626061 
  17      60606064 
  17      D0900100 
  17      00EC0051 
  18              		.text
  19              		.section	.gnu.lto_.icf.af1e3f28c9c0f2de,"",%progbits
  20 0000 789C6365 		.ascii	"x\234ce`b\020a@\000f\206\333[\277\035`g|\371}\307cv"
  20      60621061 
  20      40006686 
  20      DB5BBF1D 
  20      60677CF9 
  21 0018 A67D0B9F 		.ascii	"\246}\013\237=db\000\000m$\012\031"
  21      3D646200 
  21      006D240A 
  21      19
  22              		.text
  23              		.section	.gnu.lto_.jmpfuncs.af1e3f28c9c0f2de,"",%progbits
  24 0000 789C6365 		.ascii	"x\234ce`bPb@\000f\006FF\306zF&FF\346\372z&0\305\310"
  24      60625062 
  24      40006606 
  24      4646C67A 
  24      46264646 
  25 001b 069162AA 		.ascii	"\006\221b\252d\004Q\0009\324\002\300"
  25      64045100 
  25      39D402C0 
  26              		.text
  27              		.section	.gnu.lto_.inline.af1e3f28c9c0f2de,"",%progbits
  28 0000 789C6365 		.ascii	"x\234ce`b\370\316\200\000\314\014\014\234\034\214\314"
  28      6062F8CE 
  28      8000CC0C 
  28      0C9C1C8C 
  28      CC
  29 0011 0C0A8C20 		.ascii	"\014\012\214 &\210t\000\223\012\034l\037\364\030\330"
  29      26887400 
  29      930A1C6C 
  29      1FF418D8 
  30 0021 16C83331 		.ascii	"\026\310310\276`g\201\220 \202\003\314\344\000\021\002"
  30      30BE6067 
  30      81902082 
  30      03CCE400 
ARM GAS  /tmp/cc1h6eG6.s 			page 2


  30      1102
  31 0033 60A600C8 		.ascii	"`\246\000\310\030F\006>^F\026\210)\214@\022b\224\002"
  31      1846063E 
  31      5E461688 
  31      298C4012 
  31      629402
  32 0046 C4406EA6 		.ascii	"\304@n\246\013\374\030F\001\305P\014aY /\001b)010\357"
  32      0BFC1846 
  32      01C5500C 
  32      6159202F 
  32      01622930 
  33 005d 10576000 		.ascii	"\020W`\000Zo\0012\231\211\201[\030\305}PC9\201r\304"
  33      5A6F0132 
  33      9989815B 
  33      18C57D50 
  33      43398172 
  34 0072 390F6893 		.ascii	"9\017h\223\004\310$\026^\240w'\370\201 \003\000\006"
  34      04C82416 
  34      5EA07727 
  34      F8812003 
  34      0006
  35 0084 0820CB   		.ascii	"\010 \313"
  36              		.text
  37              		.section	.gnu.lto_.pureconst.af1e3f28c9c0f2de,"",%progbits
  38 0000 789C6365 		.ascii	"x\234ce`b`g```f\220b\224b\222\004\000\001\307\000b"
  38      60626067 
  38      60606066 
  38      90629462 
  38      92040001 
  39              		.text
  40              		.section	.gnu.lto_palReadBus.af1e3f28c9c0f2de,"",%progbits
  41 0000 789C9591 		.ascii	"x\234\225\221;OTQ\020\307\347\177\346\356\275w\005\375"
  41      3B4F5451 
  41      10C7E77F 
  41      E6EEBD77 
  41      05FD
  42 0012 02526C82 		.ascii	"\002Rl\202\201\320\354\375\020&\266\026|\000\0034\220"
  42      81D0ECFD 
  42      1026B616 
  42      7C000334 
  42      90
  43 0023 9048D850 		.ascii	"\220H\330Ps\366\312\333\370\010\001W\301\345\026Hx?"
  43      73F6CADB 
  43      F8080157 
  43      C1E51648 
  43      783F
  44 0035 050AAA0D 		.ascii	"\005\012\252\015\230\230\230\250@CE0`\263\211\026nc"
  44      989898A8 
  44      40434530 
  44      60B38916 
  44      6E63
  45 0047 63D099B3 		.ascii	"c\320\231\263\220laCq\347\314\234\231\371\315\374\357"
  45      906C6143 
  45      71E7CC9C 
  45      99F9CDFC 
  45      EF
  46 0058 4991A19C 		.ascii	"I\221\241\234!j\"\242\273\362\201\011\346\345\027\242"
ARM GAS  /tmp/cc1h6eG6.s 			page 3


  46      216A22A2 
  46      BBF28109 
  46      E6E517A2 
  47 0068 7C680075 		.ascii	"|h\000ul\010\3527\350\307\013.0\216\0066\336\362sN\244"
  47      6C08EA37 
  47      E8C70B2E 
  47      308E0636 
  47      DEF2734E 
  48 007d CC93F0D7 		.ascii	"\314\223\360\327\347\251\213;\032\002\031\011\247\355"
  48      E7A98B3B 
  48      1A021909 
  48      A7ED
  49 008b F168D032 		.ascii	"\361h\3202omlK\205q\177f\353\320\246\0236\364F\312\027"
  49      6F6D6C4B 
  49      85717F66 
  49      EBD0A613 
  49      36F446CA 
  50 00a0 D0807934 		.ascii	"\320\200y4\350\214E\264H\361\340Qa\210\271\021$\376"
  50      E88C45B4 
  50      48F1E051 
  50      6188B911 
  50      24FE
  51 00b2 E9D9B7C5 		.ascii	"\351\331\267\305\260y\3165~\230`{/a\306\022\270\266"
  51      B079CE35 
  51      7E98607B 
  51      2F61C612 
  51      B8B6
  52 00c4 51AE08CB 		.ascii	"Q\256\010\313h\326\372\363\315\313\311\333\2767\313"
  52      68D6FAF3 
  52      CDCBC9DB 
  52      BE37CB
  53 00d3 A46C41AE 		.ascii	"\244lA\256\300\207\234\353\307(\331\313\277\303\266"
  53      C0879CEB 
  53      C728D9CB 
  53      BFC3B6
  54 00e2 F4E31D8A 		.ascii	"\364\343\035\212\017\322\242A:Xz=OL*%\306\367\325\013"
  54      0FD2A241 
  54      3A587A3D 
  54      4F4C2A25 
  54      C6F7D50B 
  55 00f6 D484A4DB 		.ascii	"\324\204\244\333\321\230 T\352S\011\344\3442\342\275"
  55      D1982054 
  55      EA5309E4 
  55      E432E2BD 
  56 0106 F2B3035F 		.ascii	"\362\263\003_\251EV\331\257\006\367\277\006\252\223"
  56      A94556D9 
  56      AF06F7BF 
  56      06AA93
  57 0115 DDBABF3F 		.ascii	"\335\272\277?~\032\251OP\314[k3\011\007E6XUm\222\233"
  57      7E1AA94F 
  57      50CC5B6B 
  57      33090745 
  57      3658556D 
  58 012b FB1EAF05 		.ascii	"\373\036\257\005\321\252\255\246B\254!\301k\335\221"
  58      D1AAADA6 
  58      42AC21C1 
  58      6BDD91
ARM GAS  /tmp/cc1h6eG6.s 			page 4


  59 013a B08E88CA 		.ascii	"\260\216\210\312\330\337KW\301^-8\374\0378-\323\261"
  59      D8DF4B57 
  59      C15E2D38 
  59      FC1F382D 
  59      D3B1
  60 014c 71053EA9 		.ascii	"q\005>\251T\016\352\005<\220\327\324-l:\260\252\306"
  60      540EEA05 
  60      3C90D7D4 
  60      2D6C3AB0 
  60      AAC6
  61 015e 9603C7D7 		.ascii	"\226\003\307\327\340\324\215V\254\303{G2J\332v\244'"
  61      E0D48D56 
  61      ACC37B47 
  61      324ADA76 
  61      A427
  62 0170 95215451 		.ascii	"\225!TQ\272\246\000k\351\301\215\350\006;\216\356^i"
  62      BAA6006B 
  62      E9C18DE8 
  62      063B8EEE 
  62      5E69
  63 0182 B74AFF73 		.ascii	"\267J\377sM\017\335\200\200~\"\316\\\335\350\217\032"
  63      4D0FDD80 
  63      807E22CE 
  63      5CDDE88F 
  63      1A
  64 0193 1355F20E 		.ascii	"\023U\362\016\262P&\233\215\356wv\265w=l\215\036\347"
  64      B250269B 
  64      8DEE7776 
  64      B5773D6C 
  64      8D1EE7
  65 01a6 A2CEB6EE 		.ascii	"\242\316\266\356(\327\333\241\347\243\236\266\356l\007"
  65      28D7DBA1 
  65      E7A39EB6 
  65      EE6C07
  66 01b5 717B5FEE 		.ascii	"q{_\356\037-X\311\224"
  66      1F2D58C9 
  66      94
  67              		.text
  68              		.section	.gnu.lto_palWriteBus.af1e3f28c9c0f2de,"",%progbits
  69 0000 789C9553 		.ascii	"x\234\225SKk\023Q\024\276\337\334y&\023u)\330E@!\024"
  69      4B6B1351 
  69      14BEDFDC 
  69      79261375 
  69      29D84540 
  70 0016 21F32304 		.ascii	"!\363#\004\227\272\360\007H\223M\003\005\305\350\272"
  70      97BAF007 
  70      48934D03 
  70      05C5E8BA 
  71 0026 93D8A4D2 		.ascii	"\223\330\244\322\342\003\244I\225\016#J\255Q\373\362"
  71      E203A449 
  71      950E234A 
  71      AD51FBF2 
  72 0036 9D2E24C4 		.ascii	"\235.$\304EA\252\322.t\243(Z\205.\204Z\004]\224\304"
  72      4541AAD2 
  72      2E74A328 
  72      5A852E84 
  72      5A045D94 
ARM GAS  /tmp/cc1h6eG6.s 			page 5


  73 004b 73EE74B4 		.ascii	"s\356t\264\212\233^\270\347\336\363\372\3569\337\231"
  73      8A9B5EB8 
  73      E7DEF3FA 
  73      EE39DF99 
  74 005b 3184268E 		.ascii	"1\204&\216H!\016\012!\366\321\206\024\320.\275\024\242"
  74      48210E0A 
  74      21F6D186 
  74      14D02EBD 
  74      14A2
  75 006d 646B005F 		.ascii	"dk\000_|\033bP\303 .\312\272D{\370KS\353\235\362i\265"
  75      7C1B6250 
  75      C3202ECA 
  75      BA447BF8 
  75      4B53EB9D 
  76 0084 EADFCDAA 		.ascii	"\352\337\315\252_\331\033R\372\025\332\2740\205^\212"
  76      5FD91B52 
  76      FA15DABC 
  76      30855E8A 
  77 0094 5A1E9A9B 		.ascii	"Z\036\232\233\220\027d(\001\235\324o/\256~\332\305\252"
  77      90176428 
  77      019DD46F 
  77      2FAE7EDA 
  77      C5AA
  78 00a6 8634A995 		.ascii	"\2064\251\225\345zU\312\375\020t\177\367\376C\303\316"
  78      E57A55CA 
  78      FD10747F 
  78      F7FE43C3 
  78      CE
  79 00b7 4CFA7ED9 		.ascii	"L\372~\331o-]\226\376\201PJ\334\206$@4\320\203[\350"
  79      6F2D5D96 
  79      FE81504A 
  79      DC862440 
  79      34D0835B 
  80 00cc 116412B8 		.ascii	"\021d\022\270\203\014\205\007\235\353\213I\231Q\251"
  80      830C8507 
  80      9DEB8B49 
  80      9951A9
  81 00db CD70A261 		.ascii	"\315p\242an\245\276\035S\251:\356\376\233\252\013L#"
  81      6EA5BE1D 
  81      53A93AEE 
  81      FE9BAA0B 
  81      4C23
  82 00ed C3F11FE7 		.ascii	"\303\361\037\347;c)S\277\021\227\213\031\230\240sv\005"
  82      3B632953 
  82      BF11978B 
  82      1998A073 
  82      7605
  83 00ff 2DBFD31D 		.ascii	"-\277\323\035\246\002n\242{x7\365M\217I\3125tp\262A"
  83      A6026EA2 
  83      7B7837F5 
  83      4D8F49CA 
  83      357470B2 
  84 0114 57D36461 		.ascii	"W\323da\261\260IX\016\213\004\253I\026.\213\024\013"
  84      B1B04958 
  84      0E8B04AB 
  84      49162E8B 
  84      140B
ARM GAS  /tmp/cc1h6eG6.s 			page 6


  85 0126 2146089C 		.ascii	"!F\010\234\211\033\225\032\237r\015\345\205\265\247"
  85      891B951A 
  85      9F720DE5 
  85      85B5A7
  86 0135 797E2E90 		.ascii	"y~.\220\314a\255\322~e1\035R\365\361c\361\37197DP\""
  86      CC61ADD2 
  86      7E65311D 
  86      52F5F163 
  86      F1F93937 
  87 014c 4ED3A1B4 		.ascii	"N\323\241\264\003\242i\226jg\337\344jy\306\362\246\375"
  87      03A26996 
  87      6A67DFE4 
  87      6A79C6F2 
  87      A6FD
  88 015e C8E5600E 		.ascii	"\310\345`\016!\306\025\327\230\207'\010\272SE\204l\004"
  88      21C615D7 
  88      98872708 
  88      BA534584 
  88      6C04
  89 0170 D42BBFE5 		.ascii	"\324+\277\345D\272\271#h\035\367\0244\023\202\373\012"
  89      44BAB923 
  89      681DF714 
  89      341382FB 
  89      0A
  90 0181 FAEC660C 		.ascii	"\372\354f\014m)ts;\272\275#\364\004\036(t\215\321\037"
  90      6D297473 
  90      3BBABD23 
  90      F4041E28 
  90      748DD11F 
  91 0195 46E8B518 		.ascii	"F\350\265\030\335\211\320V\326\227\202$\263ba\017\036"
  91      DD89D056 
  91      D6978224 
  91      B362610F 
  91      1E
  92 01a6 110CC5AC 		.ascii	"\021\014\305\254\3071\011U\204\363WUIj8\252\352O\234"
  92      C7310955 
  92      84F35755 
  92      496A38AA 
  92      EA4F9C
  93 01b9 ABCC36DB 		.ascii	"\253\3146\333~\306\266\224Jw\311\326\256\251\352\267"
  93      7EC6B694 
  93      4A77C9D6 
  93      AEA9EAB7 
  94 01c9 8FC0F9DF 		.ascii	"\217\300\371\337\010\010B\342\361V'o66\236\271\324\311"
  94      080842E2 
  94      F156276F 
  94      36369EB9 
  94      D4C9
  95 01db 50895D2E 		.ascii	"P\211].\236\250Nx\006\344\034]\375\374\332\370\355L"
  95      9EA84E78 
  95      06E41C5D 
  95      FDFCDAF8 
  95      ED4C
  96 01ed A1096F9C 		.ascii	"\241\011o\234\306@].\300\243\247\305W\224\257u\317\253"
  96      C6405D2E 
  96      C0A3A7C5 
  96      5794AF75 
ARM GAS  /tmp/cc1h6eG6.s 			page 7


  96      CFAB
  97 01ff 4AD40F32 		.ascii	"J\324\0172B\014\323GAD\244\263Y\357P\177!W8z\314;Q\364"
  97      420CD347 
  97      4144A4B3 
  97      59EF507F 
  97      2157387A 
  98 0217 FAFB06BC 		.ascii	"\372\373\006\274\342\251<\237\307O\366\015d\363B\346"
  98      E2A93C9F 
  98      C74FF60D 
  98      64F342E6 
  99 0227 CE14F55C 		.ascii	"\316\024\365\\\341t\361\027x\217\011\324"
  99      E174F117 
  99      788F09D4 
 100              		.text
 101              		.section	.gnu.lto_palSetBusMode.af1e3f28c9c0f2de,"",%progbits
 102 0000 789C9592 		.ascii	"x\234\225\222\317K\224A\030\307\237\357<\357\356\373"
 102      CF4B9441 
 102      18C79FEF 
 102      3CEFEEFB 
 103 0010 6E6A6721 		.ascii	"njg!\017\013\005\213\004\373\376\021\036<z\350\322-"
 103      0F0B058B 
 103      04FBFE11 
 103      1E3C7AE8 
 103      D22D
 104 0022 7415140C 		.ascii	"t\025\024\014\243\245\363\216[\273\212\201\006\242\233"
 104      A3A5F38E 
 104      5BBB8A81 
 104      06A29B
 105 0031 D2F206B1 		.ascii	"\322\362\006\261\370+\177e\005[\004\213\227\240\237"
 105      F82B7F65 
 105      055B048B 
 105      97A09F
 106 0040 E8B52451 		.ascii	"\350\265$Q\021D\205\244C\227\262\236g\266\016us`f\236"
 106      114485A4 
 106      4397B29E 
 106      67B60E75 
 106      7360669E 
 107 0054 9979BE9F 		.ascii	"\231y\276\237y\346\313\304\310P\267!\272LD\027\244\203"
 107      79E6CBC4 
 107      C850B721 
 107      BA4C4417 
 107      A483
 108 0066 09E6DE07 		.ascii	"\011\346\336\007\242\301\300\000\032\330\000\2243\310"
 108      A2C1C000 
 108      1AD80094 
 108      33C8
 109 0074 618C4B8C 		.ascii	"a\214K\214\365\241\375\252i\235\261\322j\245M\277h\013"
 109      F5A1FDAA 
 109      699DB1D2 
 109      6AA54DBF 
 109      680B
 110 0086 CD11134D 		.ascii	"\315\021\023MI\327\206\031\264J\326\306\235\225\007"
 110      49D78619 
 110      B44AD6C6 
 110      9D9507
 111 0095 3CCA1103 		.ascii	"<\312\021\003\236,O\336O\357\236\327\245AR\226\205\215"
 111      9E2C4FDE 
ARM GAS  /tmp/cc1h6eG6.s 			page 8


 111      4FEF9ED7 
 111      A5415296 
 111      858D
 112 00a7 5291F922 		.ascii	"R\221\371\"H\342\255/\333sA\252bm\336\326>\217\263\275"
 112      48E2AD2F 
 112      DB7341AA 
 112      626DDED6 
 112      3E8FB3BD 
 113 00bb 1431631E 		.ascii	"\0241c\036,@\314\241\005\263h!\331\", %\351\337\326"
 113      2C40CCA1 
 113      05B36821 
 113      D9222C20 
 113      25E9DFD6 
 114 00cf 2AE30D9C 		.ascii	"*\343\015\234r\322\267\243\257\256\376Q\276\233pJ\017"
 114      72D2B7A3 
 114      AFAEFE51 
 114      BE9B704A 
 114      0F
 115 00e0 8FFF577A 		.ascii	"\217\377Wz\204E\2444}g\365t\242)\356=\372[-\226\020"
 115      8445A434 
 115      7D67F574 
 115      A229EE3D 
 115      FA5B2D96 
 116 00f5 87CCCB9B 		.ascii	"\207\314\313\233\250\331\323_C\266\366\243\202\255\366"
 116      A8D9D35F 
 116      43B6F6A3 
 116      82ADF6
 117 0104 843C5BEE 		.ascii	"\204<[\356b\321\306<\031\3421\031\374\270F>\034\213"
 117      62D1C63C 
 117      19E23119 
 117      FCB8463E 
 117      1C8B
 118 0116 4644AECE 		.ascii	"FD\256\316\334e\2433\037 \377\342\3408\243\3002\253"
 118      DC65A333 
 118      1F20FFE2 
 118      E038A3C0 
 118      32AB
 119 0128 499385F5 		.ascii	"I\223\205\365\217\276\276\227]\241\337_\277\031n\214"
 119      8FBEBE97 
 119      5DA1DF5F 
 119      BF196E8C 
 120 0138 501E14D3 		.ascii	"P\036\024\323\222\021\007e\361aY\252\323\263\312^~\311"
 120      92110765 
 120      F16159AA 
 120      D3B3CA5E 
 120      7EC9
 121 014a 0F176DFD 		.ascii	"\017\027m\375(\201\025D\270\357\314\304*BRt\242\016"
 121      28811544 
 121      B8EFCCC4 
 121      2A425274 
 121      A20E
 122 015c F6CE443A 		.ascii	"\366\316D:\207'\216\244/\304\332\277\244\330\231H\015"
 122      87278EA4 
 122      2FC4DABF 
 122      A4D89948 
 122      0D
 123 016d 78EA4846 		.ascii	"x\352HFI\317\034\351\366\327\"\352(\255K\200t\210bR"
ARM GAS  /tmp/cc1h6eG6.s 			page 9


 123      49CF1CE9 
 123      F6D722EA 
 123      28AD4B80 
 123      74886252 
 124 0181 77545EAD 		.ascii	"wT^\255\036}\362s?m\020q\343\224\026\200\347\310\221"
 124      1E7DF273 
 124      3F6D1071 
 124      E3941680 
 124      E7C891
 125 0194 38E3D2FD 		.ascii	"8\343\322\375\210\233\350\030\371\207/\307\034\303}"
 125      889BE818 
 125      F9872FC7 
 125      1CC37D
 126 01a3 9B114913 		.ascii	"\233\021I\023'\345\212d:\035\266\365\366u\365u\\\011"
 126      27E58A64 
 126      3A1DB6F5 
 126      F675F575 
 126      5C09
 127 01b5 07B2616F 		.ascii	"\007\262aog\177\230\275\231\321\371\332\215\316\376"
 127      677F98BD 
 127      99D1F9DA 
 127      8DCEFE
 128 01c4 7486B8EB 		.ascii	"t\206\270\353V\326\273>\320\335\363\0338\336\307F"
 128      56D6BB3E 
 128      D0DDF31B 
 128      38DEC746 
 129              		.text
 130              		.section	.gnu.lto_.symbol_nodes.af1e3f28c9c0f2de,"",%progbits
 131 0000 789C6365 		.ascii	"x\234ce`b\010d\000\002\246\251L\365\014\014\023\316"
 131      60620864 
 131      0002A6A9 
 131      4CF50C0C 
 131      13CE
 132 0012 313000A9 		.ascii	"10\000\251]\015\216@\221iL\365\214\250\"\323\231\352"
 132      5D0D8E40 
 132      91694CF5 
 132      8CA822D3 
 132      99EA
 133 0024 99504418 		.ascii	"\231PD\030g1\3253\203E\030\030\032\032\034\030\030\230"
 133      6731D533 
 133      83451818 
 133      1A1A1C18 
 133      1898
 134 0036 99981996 		.ascii	"\231\230\031\226<\374\307\310\000\000;c\023\370"
 134      3CFCC7C8 
 134      00003B63 
 134      13F8
 135              		.text
 136              		.section	.gnu.lto_.refs.af1e3f28c9c0f2de,"",%progbits
 137 0000 789C6365 		.ascii	"x\234ce`b`d\000\002\000\000I\000\011"
 137      60626064 
 137      00020000 
 137      490009
 138              		.text
 139              		.section	.gnu.lto_.decls.af1e3f28c9c0f2de,"",%progbits
 140 0000 789CAD58 		.ascii	"x\234\255X{P\024G\032\237oz\027\227a\027-\360rV\305"
 140      7B501447 
ARM GAS  /tmp/cc1h6eG6.s 			page 10


 140      1A9F6F7A 
 140      17976117 
 140      2DF07256 
 141 0015 A4BC14D1 		.ascii	"\244\274\024\321\275\253\303\025\254Jr\225\244\312\363"
 141      BDABC315 
 141      AC4A7295 
 141      A4CAF3
 142 0024 91479D1E 		.ascii	"\221G\235\036\326j\222\313_[\004\326H\005\201\203\345"
 142      D66A92CB 
 142      5F5B04D6 
 142      48058183 
 142      E5
 143 0035 AEF2D70D 		.ascii	"\256\362\327\015\017EEy\250A\304G\020EET\210\361\205"
 143      0F454579 
 143      A841C447 
 143      10454554 
 143      88F185
 144 0048 8012C017 		.ascii	"\200\022\300\027\010*A^\212\020\321\250\021\021\201"
 144      082A415E 
 144      8A10D1A8 
 144      111181
 145 0057 2012C5FB 		.ascii	" \022\305\373\272{vgXwSWu\231\242\247\247{~\337\367"
 145      BA7B7667 
 145      58775357 
 145      7599A2A7 
 145      A77B7EDF 
 146 006c FDBE47F7 		.ascii	"\375\276G\367\364\242\027DA\012\024\204fQ\020d\020\204"
 146      F4A21744 
 146      410A1484 
 146      66511064 
 146      1084
 147 007e E778E904 		.ascii	"\347x\351\004A8(\250\027\035\373\341\273I\330\246`{"
 147      413828A8 
 147      171DFBE1 
 147      BB49D8A6 
 147      607B
 148 0090 158417AE 		.ascii	"\025\204\027\256\337\243\274\021\373\000l\223\261\225"
 148      DFA3BC11 
 148      FB006C93 
 148      B195
 149 009e 6133206E 		.ascii	"a3 n\010\373\031\330\302\260M\300\361c\354\007\260\235"
 149      08FB19D8 
 149      C2B04DC0 
 149      F163EC07 
 149      B09D
 150 00b0 C236A6E8 		.ascii	"\3026\246\350\006\234\277O\225`/\002\353\230=\332\007"
 150      069CBF4F 
 150      95602F02 
 150      EB983DDA 
 150      07
 151 00c1 BBD9FA03 		.ascii	"\273\331\372\003\332\361\307\376c\215-j\207\332\363"
 151      DAF1C7FE 
 151      638D2D6A 
 151      87DAF3
 152 00d0 646B4CB1 		.ascii	"dkL\261\327\256\330\324+\366\250\035j\240\017\2736\376"
 152      D7AED8D4 
 152      2BF6A81D 
ARM GAS  /tmp/cc1h6eG6.s 			page 11


 152      6AA00FBB 
 152      36FE
 153 00e2 C8FCA37D 		.ascii	"\310\374\243}\250\233\315\020/6\003\275\370W\246\330"
 153      A89BCD10 
 153      2F3603BD 
 153      F857A6D8 
 154 00f2 9D8DE357 		.ascii	"\235\215\343W\260\0217\233\250\316\025G:\365\266\233"
 154      B011379B 
 154      A8CE1547 
 154      3AF5B69B 
 155 0102 BDCD048E 		.ascii	"\275\315\004\216\245\235\335n\274\001\327\001\2610\211"
 155      A59DDD6E 
 155      BC01D701 
 155      B13089
 156 0111 CD02F03B 		.ascii	"\315\002\360;\260\306\206\317\235\027\000\233\307YQ"
 156      B0C686CF 
 156      9D17009B 
 156      C75951
 157 0120 50943AA7 		.ascii	"P\224:\247\300)\241\214Ee(**\331\237\"\014\032\215\374"
 157      C029A18C 
 157      4565282A 
 157      2AD99F22 
 157      0C1A8DFC 
 158 0134 35B7E4BC 		.ascii	"5\267\344\2748}\376\300\304\024Q\000Q5\000\240\025\320"
 158      387DFEC0 
 158      C4145100 
 158      513500A0 
 158      15D0
 159 0146 28E4B495 		.ascii	"(\344\264\225\367.~\202\352\0348\275\357]7\370\265\256"
 159      F72E7E82 
 159      EA1C38BD 
 159      EF5D37F8 
 159      B5AE
 160 0158 0B3A01FC 		.ascii	"\013:\001\374\204\3749\300\346~h\252xf \030B|\356z\262"
 160      84FC39C0 
 160      E67E68AA 
 160      78662018 
 160      427CEE7A 
 161 016d EFBD9907 		.ascii	"\357\275\231\007d~\031^Q\303v%\265t\033\311 \020 \201"
 161      647E195E 
 161      51C37625 
 161      B5741BC9 
 161      20102081 
 162 0181 0E878F1A 		.ascii	"\016\207\217\032\362z\374q8Y\202i8\314+\037\252\323"
 162      F27AFC71 
 162      38598269 
 162      38CC2B1F 
 162      AAD3
 163 0193 F3B7061C 		.ascii	"\363\267\006\034>\337S\272\306@^b\032;\317\027\025S"
 163      3EDF53BA 
 163      C6405E62 
 163      1A3BCF17 
 163      1553
 164 01a5 C1191250 		.ascii	"\301\031\022P\262\023q\252\244\267\354\211\211OQDS\346"
 164      B21371AA 
 164      A4B7EC89 
 164      894F5144 
ARM GAS  /tmp/cc1h6eG6.s 			page 12


 164      53E6
 165 01b7 C0EE09E4 		.ascii	"\300\356\011\344e\372,n\251k\255\326\201Y\332C\355W"
 165      65FA2C6E 
 165      A96BADD6 
 165      8159DA43 
 165      ED57
 166 01c9 3D1E9A91 		.ascii	"=\036\232\221\235&\313\"|\013\022|\003\004\366\303L"
 166      9D26CB22 
 166      7C0B127C 
 166      0304F6C3 
 166      4C
 167 01da EACD0C09 		.ascii	"\352\315\014\011\357\253e9Y\316J\221}?\020\340\000L"
 167      EFAB6539 
 167      59CE4A91 
 167      7D3F10E0 
 167      004C
 168 01ec 8562982A 		.ascii	"\205b\230*\300a0S\265\024\007\2458Y\202\223h\242hwv"
 168      C0613053 
 168      B51407A5 
 168      38598293 
 168      68A26877 
 169 0201 810F4907 		.ascii	"\201\017I\007f\343\354\251km:\220\314\036\025\034\363"
 169      66E3ECA9 
 169      6B6D3A90 
 169      CC1E151C 
 169      F3
 170 0212 A08093B9 		.ascii	"\240\200\223\271\263\377\265\263+)\231\243H\346\210"
 170      B3FFB5B3 
 170      2B2999A3 
 170      48E688
 171 0221 4A06B9F1 		.ascii	"J\006\271\361\020\245\326\016g\233H\0377\222q\346\334"
 171      10A5D60E 
 171      679B481F 
 171      379271E6 
 171      DC
 172 0232 13BDCB91 		.ascii	"\023\275\313\221\256\323\357\\j\226\345iP\206\262\307"
 172      AED3EF5C 
 172      6A96E569 
 172      5086B2C7 
 173 0242 55D9A3E0 		.ascii	"U\331\243\340\325\223\023\236=\271\372h \307\237|\313"
 173      D593139E 
 173      3DB9FA68 
 173      20C79F7C 
 173      CB
 174 0253 B3B575B0 		.ascii	"\263\265u\260\363\236/\017\273Y\223\224\000\236\224"
 174      F39E2F0F 
 174      BB599394 
 174      009E94
 175 0262 919DB736 		.ascii	"\221\235\2676\210\344$\207\256>\220QC$\264\224\362?"
 175      88E42487 
 175      AE3E9051 
 175      4324B494 
 175      F23F
 176 0274 B98C12A5 		.ascii	"\271\214\022\245\3177u\233\310i.\336\227z\273\333\217"
 176      CF37759B 
 176      C8692EDE 
 176      977ABBDB 
ARM GAS  /tmp/cc1h6eG6.s 			page 13


 176      8F
 177 0285 AB9E82C3 		.ascii	"\253\236\202\303\203#]\307\364\244\226\277[\277\251"
 177      83235DC7 
 177      F4A496BF 
 177      5BBFA9
 178 0294 BA5A472E 		.ascii	"\272ZG.\360\301\256-\331iz\322\310\007E\033\262J%r\231"
 178      F0C1AE2D 
 178      D9697AD2 
 178      C807451B 
 178      B24A2572 
 179 02a9 0F9AFA2F 		.ascii	"\017\232\372/n\367\343%3\011\207g\236?\256\232\3105"
 179      6EF7E325 
 179      33098767 
 179      9E3FAE9A 
 179      C835
 180 02bb 8A38CCDD 		.ascii	"\2128\314\335\337:\352K\2328\264p\364\227~Z3\323i\315"
 180      DF3AEA4B 
 180      9A38B470 
 180      F4977E5A 
 180      33D369CD 
 181 02cf 104DC54C 		.ascii	"\020M\305L\347\025s\272\376\302\036#ic`1kgq\272\257"
 181      E71573BA 
 181      FEC21E23 
 181      69636031 
 181      6B6771BA 
 182 02e4 339DE89E 		.ascii	"3\235\350\236\336,\300\031t\343,\365\355\"\3726]\361"
 182      DE2CC019 
 182      74E32CF5 
 182      ED22FA36 
 182      5DF1
 183 02f6 ED024E9E 		.ascii	"\355\002N\236w\245\363\361\221W\313dy\022\324cF\352"
 183      77A5F3F1 
 183      9157CB64 
 183      7912D463 
 183      46EA
 184 0308 D48C4C57 		.ascii	"\324\214LW\222y*\373\332\217\022\351\341&\236\246\344"
 184      92792AFB 
 184      DA8F12E9 
 184      E1269EA6 
 184      E4
 185 0319 3C54ABF2 		.ascii	"<T\253\362\316\376\320ZV\010\227P\264A\025\255W\223"
 185      CEFED05A 
 185      56089750 
 185      B44115AD 
 185      5793
 186 032b E94EA3D1 		.ascii	"\351N\243\321\003\0154\222<RPa \275\314\210npx]\207"
 186      030D3492 
 186      3C525061 
 186      20BDCC88 
 186      6E70785D 
 187 0340 04814141 		.ascii	"\004\201AA\346lj&K\226\347\210j\226\004\270\002\201"
 187      E66C6A26 
 187      4B96E788 
 187      6A9604B8 
 187      0281
 188 0352 540134A3 		.ascii	"T\0014\243\256\357!\010\232 \210-\316\002j\020+,\250"
 188      AEEF2108 
ARM GAS  /tmp/cc1h6eG6.s 			page 14


 188      9A20882D 
 188      CE026A10 
 188      2B2CA8
 189 0365 72A05B96 		.ascii	"r\240[\226\327\032\031\255sH\213\012\270\030X\250\212"
 189      D71A19AD 
 189      73488B0A 
 189      B81858A8 
 189      8A
 190 0376 33549122 		.ascii	"3T\221\"P\375n\256\\\225L\030\372\262Gt\010\005s\227"
 190      50FD6EAE 
 190      5C954C18 
 190      FAB24774 
 190      08057397 
 191 038a C72A24DC 		.ascii	"\307*$\334\016(FP\274\345\333\202\256\371F\337\006\200"
 191      0E284650 
 191      BCE5DB82 
 191      AEF946DF 
 191      0680
 192 039c A0C9E6A0 		.ascii	"\240\311\346\240\002\006l\251\364Obj\251\272ZT\333\002"
 192      02066CA9 
 192      F44F626A 
 192      A9BA5A54 
 192      DB02
 193 03ae 93D54A53 		.ascii	"\223\325JS\325n`.\246\310stZ\027)\230\272\330\212.\266"
 193      D56E602E 
 193      A6C87374 
 193      5A172998 
 193      BAD88A2E 
 194 03c3 A18B5715 		.ascii	"\241\213W\025\0279\211\276\212)I\262\014\024\245e\301"
 194      173989BE 
 194      8A2949B2 
 194      0C14A565 
 194      C1
 195 03d4 DD19AE08 		.ascii	"\335\031\256\010\330\230\"\237\237\305Vg\215w\303\030"
 195      D898229F 
 195      9FC55667 
 195      8D77C318 
 196 03e4 F5818AFA 		.ascii	"\365\201\212\372\213\342dd\220\344\225\2010\316\274"
 196      8BE26464 
 196      90E49581 
 196      30CEBC
 197 03f3 A6780378 		.ascii	"\246x\003x\361\246\326\\=j$\375\274Zo\327\227$\033\310"
 197      F1A6D65C 
 197      3D6A24FD 
 197      BC5A6FD7 
 197      97241BC8 
 198 0407 101FEC68 		.ascii	"\020\037\354h8T\257'#|P^|\250I$c|p\240\254?\035\310"
 198      3854AF27 
 198      237C505E 
 198      7CA84924 
 198      637C70A0 
 199 041f 2AC2068F 		.ascii	"*\302\006\217\322J\034d=\177N\335\236uI\344\272\377"
 199      D24A1C64 
 199      3D7F4EDD 
 199      9E7549E4 
 199      BAFF
 200 0431 8CC39C35 		.ascii	"\214\303\2345\333\272u|\235t\323\225q\270e_\271\201"
ARM GAS  /tmp/cc1h6eG6.s 			page 15


 200      DBBA757C 
 200      9D74D395 
 200      71B8655F 
 200      B981
 201 0443 6C645853 		.ascii	"ldXSVQ\326q\011\202\360\012\014\342\227\271@NM\301t"
 201      5651D671 
 201      0982F00A 
 201      0CE297B9 
 201      404E4DC1 
 202 0458 BEB345AE 		.ascii	"\276\263E\256J\305\272E\367\273\320\375\273\030\377"
 202      4AC5BA45 
 202      F7BBD0FD 
 202      BB18FF
 203 0467 F1EE1F50 		.ascii	"\361\356\037P\222O\321\243\357\252\350\036wt9\270\242"
 203      924FD1A3 
 203      EFAAE81E 
 203      777439B8 
 203      A2
 204 0478 C5D13F69 		.ascii	"\305\321?i\320\247\335\321\025\356\350\001\015\272\322"
 204      D0A7DDD1 
 204      15EEE801 
 204      0DBAD2
 205 0487 339A5371 		.ascii	"3\232Sq\2259f\340&\002~`\357\356*e\336\2175\320\213"
 205      953966E0 
 205      26027E60 
 205      EFEE2A65 
 205      DE8F35D0 
 206 049c 49B885ED 		.ascii	"I\270\205\355\036\266\007\330\356c{\210\255\017\333"
 206      1EB607D8 
 206      EE637B88 
 206      AD0FDB
 207 04ab 4FD87EC4 		.ascii	"O\330~\304v\007\333m\327R\240\004\3524\241\270\341N"
 207      7607DB6D 
 207      D752A004 
 207      EA34A1B8 
 207      E14E
 208 04bd E0A03BDD 		.ascii	"\340\240;\335\233\032\272\337\271\243\253\300=r\035"
 208      9B1ABADF 
 208      B9A3ABC0 
 208      3D721D
 209 04cc 1AE5D7DD 		.ascii	"\032\345\327\335\341\035\356\312G\337V\321\335\036\263"
 209      E11DEECA 
 209      47DF56D1 
 209      DD1EB3
 210 04db A2013769 		.ascii	"\242\0017iTwz\346\355b\202\213\354F\245\304\361\355"
 210      54777AE6 
 210      ED62828B 
 210      EC46A5C4 
 210      F1ED
 211 04ed 58B3D59E 		.ascii	"X\263\325\236\231k\264\377\350\\ T\3755\317\314\271"
 211      996BB4FF 
 211      E85C2054 
 211      FD35CFCC 
 211      B9
 212 04fe 7A65B595 		.ascii	"ze\265\225\007\260\325v\327}\315CU\303\310\021=\335"
 212      07B0D576 
 212      D77DCD43 
ARM GAS  /tmp/cc1h6eG6.s 			page 16


 212      55C3C811 
 212      3DDD
 213 0510 95E9D678 		.ascii	"\225\351\326xo\353\335\342\011\020h\366\224L\030\304"
 213      6FEBDDE2 
 213      091068F6 
 213      944C18C4 
 214 0520 1CFE3FF9 		.ascii	"\034\376?\371\344L\316\236\362\241\233\317\000*z\244"
 214      E44CCE9E 
 214      F2A19BCF 
 214      002A7AA4 
 215 0530 EEB69417 		.ascii	"\356\266\224\027\243\263\266\256#\323\337\270\326\365"
 215      A3B3B6AE 
 215      23D3DFB8 
 215      D6F5
 216 053e 0D654075 		.ascii	"\015e@uE\017\201Q\021A\354\3615\271wLd7\247~\265\361"
 216      450F8151 
 216      1141ECF1 
 216      35B9774C 
 216      6437A77E 
 217 0554 51993F98 		.ascii	"Q\231?\230\215\334Jc\307\244\024\352\357c\304\377\254"
 217      8DDC4A63 
 217      C7A414EA 
 217      EF63C4FF 
 217      AC
 218 0565 9A4171EC 		.ascii	"\232Aq\354\274h\207atj\234\201_\356nj\007\276\226\215"
 218      BC688761 
 218      746A9C81 
 218      5FEE6E6A 
 218      07BE968D 
 219 0579 74832F6F 		.ascii	"t\203/o\317\236\250\254e\372zhcG\227?)!\343NFa/\236"
 219      CF9EA8AC 
 219      65FA7A68 
 219      6347973F 
 219      2921E34E 
 220 0591 8CC2F877 		.ascii	"\214\302\370w\256\367\362\245\357\201\034\343tkw\364"
 220      AEF7F2A5 
 220      EF811CE3 
 220      746B77F4 
 221 05a1 1CF6F176 		.ascii	"\034\366\361vly\216D\302\224\017\314S\234\374\305\365"
 221      6C798E44 
 221      C2940FCC 
 221      539CFCC5 
 221      F5
 222 05b2 9DEB1A09 		.ascii	"\235\353\032\011\035fg\2501\314\3733\325\2610\376\241"
 222      1D6667A8 
 222      31CCFB33 
 222      D5B130FE 
 222      A1
 223 05c3 D33757D6 		.ascii	"\3237W\326\345\352\351\216\022h\346;\351\271tr\242\260"
 223      E5EAE98E 
 223      1268E63B 
 223      E9B97472 
 223      A2B0
 224 05d5 719D9C5F 		.ascii	"q\235\234_\015Lf\024eRDoK\210J\014\374\221\027\"\015"
 224      0D4C6614 
 224      6552446F 
 224      4B884A0C 
ARM GAS  /tmp/cc1h6eG6.s 			page 17


 224      FC911722 
 225 05ea DD4977B4 		.ascii	"\335Iw\264\305\015|\363O\034LOB\207<\202_\334\035\236"
 225      C50D7CF3 
 225      4F1C4C4F 
 225      42873C82 
 225      5FDC1D9E 
 226 05fe E0FB1166 		.ascii	"\340\373\021f\225\242i5\245\212fH\022\203 \031\233,"
 226      95A26935 
 226      A58A6648 
 226      12832019 
 226      9B2C
 227 0610 6AABA5A5 		.ascii	"j\253\245\245\210\327-\"\335\352\366I\321\340\020!\225"
 227      88D72D22 
 227      DDEAF649 
 227      D1E01021 
 227      95
 228 0621 3A7E3EEB 		.ascii	":~>\353\033\3113\2009PI~1+\2614\324\276Rt\205\210\252"
 228      1BC93380 
 228      3950497E 
 228      312BB134 
 228      D4BE5274 
 229 0638 F04C0456 		.ascii	"\360L\004V\241\375_\343\202\346Z\2622\366\371i\3532"
 229      A1FD5FE3 
 229      82E65AB2 
 229      32F6F969 
 229      EB32
 230 064a 4DD4D6E5 		.ascii	"M\324\326\345j\321\250\000O\266\335\277%\352D>\007\237"
 230      6AD1A800 
 230      4FB6DDBF 
 230      25EA443E 
 230      079F
 231 065c E9E85C7A 		.ascii	"\351\350\\zf\345n\337)9\354\030\236\"O\022Y\270\234"
 231      66E56EDF 
 231      2939EC18 
 231      9E224F12 
 231      59B89C
 232 066f 9F6701D6 		.ascii	"\237g\001\326\212S\360\276F\324q\015\033v\254\375n\302"
 232      8A53F0BE 
 232      46D4710D 
 232      1B76ACFD 
 232      6EC2
 233 0681 6BF9727E 		.ascii	"k\371r~7\346;\227\254\2519\207\351\2039\024\006Ej\312"
 233      37E63B97 
 233      ACA93987 
 233      E9833914 
 233      06456ACA 
 234 0695 F111EFFB 		.ascii	"\361\021\357\373\360\373\000{qg\024 ]|\015\245\367\346"
 234      F0FB007B 
 234      71671420 
 234      5D7C0DA5 
 234      F7E6
 235 06a7 A6D4FB91 		.ascii	"\246\324\373\221[,.\220\327y\375\226\304\310P\213\234"
 235      5B2C2E90 
 235      D779FD96 
 235      C4C8508B 
 235      9C
 236 06b8 CC95CE8B 		.ascii	"\314\225\316\213\027t.\202\353E6\371}\371\336*\203\226"
ARM GAS  /tmp/cc1h6eG6.s 			page 18


 236      17742E82 
 236      EB4536F9 
 236      7DF9DE2A 
 236      8396
 237 06ca E1C72F69 		.ascii	"\341\307/i\010f2\202\031N\202+\013\257w\032\024\202"
 237      08663282 
 237      194E822B 
 237      0BAF771A 
 237      1482
 238 06dc 2D5B8D58 		.ascii	"-[\215X\001xF\302\232D\030\254S\003\216\217\343\011"
 238      017846C2 
 238      9A4418AC 
 238      53038E8F 
 238      E309
 239 06ee 663182CF 		.ascii	"f1\202\317n\364\014\210\244\237\023\334\337P\364TG\306"
 239      6EF40C88 
 239      A49F13DC 
 239      DF50F454 
 239      47C6
 240 0700 7816D757 		.ascii	"x\026\327Wo\3535z[\023\233DoG\371\256\323\263\332\330"
 240      6FEB357A 
 240      5B139B44 
 240      6F47F9AE 
 240      D3B3DAD8 
 241 0714 717CA328 		.ascii	"q|\243(\301\006\321\3558NS\222Y8B\230\307\024\301\243"
 241      C106D1ED 
 241      384E5392 
 241      59384298 
 241      C714C1A3 
 242 0728 D0250FF4 		.ascii	"\320%\017\364\022W\024\276\342Q\270\375pt\363\004\257"
 242      125714BE 
 242      E251B8FD 
 242      7074F304 
 242      AF
 243 0739 51D8CCA2 		.ascii	"Q\330\314\242\220\343\214\302\221\225\327\236\032\324"
 243      90E38CC2 
 243      9195D79E 
 243      1AD4
 244 0747 34DDABB9 		.ascii	"4\335\253\271-\313\222\216\242 [%\221\355\036\204\\"
 244      2DCB928E 
 244      A2205B25 
 244      91ED1E84 
 244      5C
 245 0758 16840785 		.ascii	"\026\204\007\205)\033'\2224=x\343\367s\332\355Fpe.\217"
 245      291B2792 
 245      343D78E3 
 245      F773DAED 
 245      4670652E 
 246 076d F3DBD9D6 		.ascii	"\363\333\331\326\263\335\237M\322\305\271\225O6\346"
 246      B3DD9F4D 
 246      D2C5B995 
 246      4F36E6
 247 077c 14D611AF 		.ascii	"\024\326\021\257\244\2673\322\333\234\244\037]\351="
 247      A4B733D2 
 247      DB9CA41F 
 247      5DE93D
 248 078b E883A4BB 		.ascii	"\350\203\244\273y\334\326\245\234]'\357\004\006\203"
ARM GAS  /tmp/cc1h6eG6.s 			page 19


 248      79DCD6A5 
 248      9C5D27EF 
 248      040683
 249 079a 2D2AEB2D 		.ascii	"-*\353-\2245}\330\301\330\226\217^\354\003\262\235\263"
 249      94357DD8 
 249      C1D8968F 
 249      5EEC03B2 
 249      9DB3
 250 07ac 6D6D4F2D 		.ascii	"mmO-S6E?\272\011\377\360\325i_\276)\2661\216\015\203"
 250      5336453F 
 250      BA09FFF0 
 250      D5695FBE 
 250      29B6318E 
 251 07c2 391229E6 		.ascii	"9\022)\346\330g\375\227\237\0319V\242\216"
 251      D867FD97 
 251      9F193956 
 251      A28E
 252 07d0 269776E9 		.ascii	"&\227v\351\351\317\026YYD8\257\256\241\335\"\346\013"
 252      E9CF1659 
 252      594438AF 
 252      AEA1DD22 
 252      E60B
 253 07e2 370DD825 		.ascii	"7\015\330%\362\037G#\225\243Fr\204i\322u\357\032\270"
 253      F21F4723 
 253      95A34672 
 253      8469D275 
 253      EF1AB8
 254 07f5 EF03E6A9 		.ascii	"\357\003\346\251\000\022\266=\316\337\264\030Z\014Y"
 254      0012B63D 
 254      CEDFB418 
 254      5A0C59
 255 0804 A14217AF 		.ascii	"\241B\027\257<\031\325\367\377\207N\363\303{\177\201"
 255      3C19D5F7 
 255      FF874EF3 
 255      C37B7F81 
 256 0814 4CA60830 		.ascii	"L\246\0100{*\314\302*\332\203U\264\217\331)\022\247"
 256      7B2ACCC2 
 256      2ADA8355 
 256      B48FD929 
 256      12A7
 257 0826 C25E3494 		.ascii	"\302^4\224\207;\005\235A\203\355\031\303\327u\001Y\312"
 257      873B059D 
 257      4183ED19 
 257      C3D77501 
 257      59CA
 258 0838 0E310D98 		.ascii	"\0161\015\230\356\235\210\313\027)\277\375b\200\223"
 258      EE9D88CB 
 258      1729BFFD 
 258      628093
 259 0847 25456735 		.ascii	"%Eg5\354\334\352+)6V\377\252\015D\327\264\017U\230\264"
 259      ECDCEA2B 
 259      293656FF 
 259      AA0D44D7 
 259      B40F5598 
 260 085c BA8B7F4D 		.ascii	"\272\213\177M\367\303\307\027\037\230^\337%_\256b\265"
 260      F7C3C717 
 260      1F985EDF 
ARM GAS  /tmp/cc1h6eG6.s 			page 20


 260      255FAE62 
 260      B5
 261 086d 95DE932A 		.ascii	"\225\336\223*'\255\302m\360\200\030\000\005\230&\\\352"
 261      27ADC26D 
 261      F0801800 
 261      0598265C 
 261      EA
 262 087e 1AE1AF71 		.ascii	"\032\341\257qf)\376\2728(\276\216\262\031\231\335W\375"
 262      6629FEBA 
 262      3828BE8E 
 262      B21999DD 
 262      57FD
 263 0890 48194F40 		.ascii	"H\031O@V}\327?\274\006\274\304\031\360|\3161ip\327}"
 263      567DD73F 
 263      BC06BCC4 
 263      19F07CCE 
 263      316970D7 
 264 08a5 93BBFFEA 		.ascii	"\223\273\377\352n]\3128\22689\266\346\337\2515\272{"
 264      6E5DCA38 
 264      963839B6 
 264      E6DFA935 
 264      BA7B
 265 08b7 E415DDB7 		.ascii	"\344\025\335\267\371\360b\305\241\233/'\345W%M\203o"
 265      F9F062C5 
 265      A19B2F27 
 265      E557254D 
 265      836F
 266 08c9 1467705B 		.ascii	"\024gp[\320\310\035R\2349\314\2349\177\256\372*\321"
 266      D0C81D52 
 266      9C39CC9C 
 266      397FAEFA 
 266      2AD1
 267 08db 6EBBB450 		.ascii	"n\273\264PU\017\276\345\333.\355\351\316V\330\330b\""
 267      550FBEE5 
 267      DB2EEDE9 
 267      CE56D8D8 
 267      6222
 268 08ed E794D2BB 		.ascii	"\347\224\322\273\2364\246\234\303\375\351?1\356\265"
 268      9E34A69C 
 268      C3FDE93F 
 268      31EEB5
 269 08fc EF52CAB4 		.ascii	"\357R\312\264\237\375\262\375\251\254F\371\037\207\011"
 269      9FFDB2FD 
 269      A9AC46F9 
 269      1F8709
 270 090b 8763B5FD 		.ascii	"\207c\265\375\255&\257\201:\341\014\324q\036\250\314"
 270      AD26AF81 
 270      3AE10CD4 
 270      711EA8CC 
 271 091b D6CE645F 		.ascii	"\326\316d_\367@\035\303|\034e\371(c\256\237p\272^\333"
 271      F7401DC3 
 271      7C1C65F9 
 271      2863AE9F 
 271      70BA5EDB 
 272 092f 9C7A8DB8 		.ascii	"\234z\215\270\007\312+\372\347\346\341\257\365J\244"
 272      07CA2BFA 
 272      E7E6E1AF 
ARM GAS  /tmp/cc1h6eG6.s 			page 21


 272      F54AA4
 273 093e 3A5EE591 		.ascii	":^\345\221:\251D\012\367\016\215\340\021%R\345\342\353"
 273      3AA9440A 
 273      F70E8DE0 
 273      112552E5 
 273      E2EB
 274 0950 8214171E 		.ascii	"\202\024\027\036m\265\207G\316ML0\274\377\367\217\246"
 274      6DB58747 
 274      CE4D4C30 
 274      BCFFF78F 
 274      A6
 275 0961 CD0B0911 		.ascii	"\315\013\011\021t+\302\023\276\220l\266\304\250\030"
 275      742BC213 
 275      BE906CB6 
 275      C4A818
 276 0970 C7EC509B 		.ascii	"\307\354P\233#\322\262<v\205\335\362o\273\375\013{L"
 276      23D2B23C 
 276      7685DDF2 
 276      6FBBFD0B 
 276      7B4C
 277 0982 A42536CE 		.ascii	"\244%6\316a\371<\"\"8<~EpLl\214=\330\036\376YT\360\033"
 277      61F93C22 
 277      22383C7E 
 277      45704C6C 
 277      8C3DD81E 
 278 099b C1A1B342 		.ascii	"\301\241\263B\336\014\376gHpb\\d\270\303n\031\367\332"
 278      DE0CFE67 
 278      4870625C 
 278      64B8C36E 
 278      19F7DA
 279 09ae 12151311 		.ascii	"\022\025\023\021\235\030i\267\254\010\217X\036\025c"
 279      9D1869B7 
 279      AC088F58 
 279      1E1563
 280 09bd B7D822ED 		.ascii	"\267\330\"\355\313\302\023\243\0356\307\227q\366\204"
 280      CBC213A3 
 280      1D36C797 
 280      71F684
 281 09cc 99CB0583 		.ascii	"\231\313\005\203\323\332\247\277\241\265\204/\023,\266"
 281      D3DAA7BF 
 281      A1B5842F 
 281      132CB6
 282 09db 044724AA 		.ascii	"\004G$\252F\023\306\250\330\270\330x\007\365\316\346"
 282      4613C6A8 
 282      D8B8D878 
 282      07F5CEE6 
 283 09eb 7873E64C 		.ascii	"xs\346L\313\274\345Q\237E\205-\261\304&X\226\207G[\350"
 283      CBBCE551 
 283      9F45852D 
 283      B1C42658 
 283      9687475B 
 284 0a00 CB04CB92 		.ascii	"\313\004\313\222\245\213f\207Z\026.\234oy\177\361\207"
 284      A58B6687 
 284      5A162E9C 
 284      6F797FF1 
 284      87
 285 0a11 61FF0AA5 		.ascii	"a\377\012\245\257l\030%[tt$*\361\241\250\250H\335_\337"
ARM GAS  /tmp/cc1h6eG6.s 			page 22


 285      AF6C1825 
 285      5B747424 
 285      2AF1A1A8 
 285      A848DD5F 
 286 0a26 B37E406F 		.ascii	"\263~@o\013u\013\347\375\315\252\233\273\304j\205O\340"
 286      0B750BE7 
 286      FDCDAA9B 
 286      BBC46A85 
 286      4FE0
 287 0a38 037D44B4 		.ascii	"\003}D\264=<^\011^\310\0336\207\301\371@\022\354\016"
 287      3D3C5E09 
 287      5EC81B36 
 287      87C1F940 
 287      12EC0E
 288 0a4b 1236DF4A 		.ascii	"\0226\337J>\234o\325/\376h\361|\353\204\260%\213\027"
 288      3E9C6FD5 
 288      2FFE68F1 
 288      7CEB84B0 
 288      258B17
 289 0a5e 2C986FF5 		.ascii	",\230o\365\011[\372\351\342\005V\375\242\260\371\013"
 289      095BFAE9 
 289      E20556FD 
 289      A2B0F90B 
 290 0a6e AC64AED5 		.ascii	"\254d\256\325jLp\254\300P|\036\027\025ksH\234uT\244"
 290      6A4C70AC 
 290      C0507C1E 
 290      17156B73 
 290      489C7554 
 291 0a83 CDE113BB 		.ascii	"\315\341\023\273l\031j1R\225\266e\341\011\216\267l\216"
 291      6C196A31 
 291      5295B665 
 291      E1098EB7 
 291      6C8E
 292 0a95 A5BF65B8 		.ascii	"\245\277e\270\234\221\012z18N\214\022\015\004\351?\014"
 292      9C910A7A 
 292      31384E8C 
 292      120D04E9 
 292      3F0C
 293 0aa7 C3AA99F6 		.ascii	"\303\252\231\366\"4!>\302\005\213\020\374\260\373$>"
 293      2234213E 
 293      C2058B10 
 293      FCB0FB24 
 293      3E
 294 0ab8 CA6147B0 		.ascii	"\312aG\260\011\237\227\330\035\370\264(6\322n\210\212"
 294      099F97D8 
 294      1DF8B428 
 294      36D26E88 
 294      8A
 295 0ac9 5D819DCD 		.ascii	"]\201\235\315\361;g|m\350\335\347\361\261\211qt\336"
 295      F13B677C 
 295      6DE8DDE7 
 295      F1B18971 
 295      74DE
 296 0adb 64B32D4B 		.ascii	"d\263-K\214\211\260\331f\276\365\306[\241\006\347H\027"
 296      8C89B0D9 
 296      66BEF5C6 
 296      5BA106E7 
ARM GAS  /tmp/cc1h6eG6.s 			page 23


 296      4817
 297 0aed B13C3C7E 		.ascii	"\261<<~\334\2737\265\243\277\204\376\027\230wG\302"
 297      DCBB37B5 
 297      A3BF84FE 
 297      17987747 
 297      C2
 298              		.text
 299              		.section	.gnu.lto_.symtab.af1e3f28c9c0f2de,"",%progbits
 300 0000 70616C52 		.ascii	"palReadBus\000"
 300      65616442 
 300      757300
 301 000b 00       		.ascii	"\000"
 302 000c 00       		.ascii	"\000"
 303 000d 00       		.ascii	"\000"
 304 000e 00000000 		.ascii	"\000\000\000\000\000\000\000\000"
 304      00000000 
 305 0016 0B010000 		.ascii	"\013\001\000\000"
 306 001a 70616C57 		.ascii	"palWriteBus\000"
 306      72697465 
 306      42757300 
 307 0026 00       		.ascii	"\000"
 308 0027 00       		.ascii	"\000"
 309 0028 00       		.ascii	"\000"
 310 0029 00000000 		.ascii	"\000\000\000\000\000\000\000\000"
 310      00000000 
 311 0031 10010000 		.ascii	"\020\001\000\000"
 312 0035 70616C53 		.ascii	"palSetBusMode\000"
 312      65744275 
 312      734D6F64 
 312      6500
 313 0043 00       		.ascii	"\000"
 314 0044 00       		.ascii	"\000"
 315 0045 00       		.ascii	"\000"
 316 0046 00000000 		.ascii	"\000\000\000\000\000\000\000\000"
 316      00000000 
 317 004e 18010000 		.ascii	"\030\001\000\000"
 318 0052 5F70616C 		.ascii	"_pal_lld_setgroupmode\000"
 318      5F6C6C64 
 318      5F736574 
 318      67726F75 
 318      706D6F64 
 319 0068 00       		.ascii	"\000"
 320 0069 02       		.ascii	"\002"
 321 006a 00       		.ascii	"\000"
 322 006b 00000000 		.ascii	"\000\000\000\000\000\000\000\000"
 322      00000000 
 323 0073 1E010000 		.ascii	"\036\001\000\000"
 324              		.text
 325              		.section	.gnu.lto_.opts,"",%progbits
 326 0000 272D666D 		.ascii	"'-fmath-errno' '-fsigned-zeros' '-ftrapping-math' '"
 326      6174682D 
 326      6572726E 
 326      6F272027 
 326      2D667369 
 327 0033 2D666E6F 		.ascii	"-fno-trapv' '-fno-openmp' '-fno-openacc' '-mcpu=cor"
 327      2D747261 
 327      70762720 
ARM GAS  /tmp/cc1h6eG6.s 			page 24


 327      272D666E 
 327      6F2D6F70 
 328 0066 7465782D 		.ascii	"tex-m4' '-mfloat-abi=hard' '-mfpu=fpv4-sp-d16' '-mn"
 328      6D342720 
 328      272D6D66 
 328      6C6F6174 
 328      2D616269 
 329 0099 6F2D7468 		.ascii	"o-thumb-interwork' '-mthumb' '-ggdb' '-O2' '-fomit-"
 329      756D622D 
 329      696E7465 
 329      72776F72 
 329      6B272027 
 330 00cc 6672616D 		.ascii	"frame-pointer' '-falign-functions=16' '-ffunction-s"
 330      652D706F 
 330      696E7465 
 330      72272027 
 330      2D66616C 
 331 00ff 65637469 		.ascii	"ections' '-fdata-sections' '-fno-common' '-flto' '-"
 331      6F6E7327 
 331      20272D66 
 331      64617461 
 331      2D736563 
 332 0132 6673696E 		.ascii	"fsingle-precision-constant'\000"
 332      676C652D 
 332      70726563 
 332      6973696F 
 332      6E2D636F 
 333              		.text
 334              		.comm	__gnu_lto_v1,1,1
 335              		.comm	__gnu_lto_slim,1,1
 336              		.ident	"GCC: (GNU Tools for ARM Embedded Processors 6-2017-q1-update) 6.3.1 20170215 (release) [AR
ARM GAS  /tmp/cc1h6eG6.s 			page 25


DEFINED SYMBOLS
                            *ABS*:0000000000000000 hal_pal.c
                            *COM*:0000000000000001 __gnu_lto_v1
                            *COM*:0000000000000001 __gnu_lto_slim

NO UNDEFINED SYMBOLS
