ARM GAS  /tmp/cc7vD8IO.s 			page 1


   1              		.cpu cortex-m4
   2              		.eabi_attribute 27, 1
   3              		.eabi_attribute 28, 1
   4              		.eabi_attribute 20, 1
   5              		.eabi_attribute 21, 1
   6              		.eabi_attribute 23, 3
   7              		.eabi_attribute 24, 1
   8              		.eabi_attribute 25, 1
   9              		.eabi_attribute 26, 1
  10              		.eabi_attribute 30, 2
  11              		.eabi_attribute 34, 1
  12              		.eabi_attribute 18, 4
  13              		.file	"hal_st_lld.c"
  14              		.text
  15              	.Ltext0:
  16              		.section	.gnu.lto_.profile.db852fbbae778df6,"",%progbits
  17 0000 789C6365 		.ascii	"x\234ce`b`a```dHT\000\000\001b\000\216"
  17      60626061 
  17      60606064 
  17      48540000 
  17      0162008E 
  18              		.text
  19              		.section	.gnu.lto_.icf.db852fbbae778df6,"",%progbits
  20 0000 789C6365 		.ascii	"x\234ce`b\340c@\000&\206\306\266\307\275\\\214'n\357"
  20      6062E063 
  20      40002686 
  20      C6B6C7BD 
  20      5C8C276E 
  21 0015 9ECACC00 		.ascii	"\236\312\314\000\000*\024\005\220"
  21      002A1405 
  21      90
  22              		.text
  23              		.section	.gnu.lto_.jmpfuncs.db852fbbae778df6,"",%progbits
  24 0000 789C6365 		.ascii	"x\234ce`b\260f@\000&8\213\221\201\201\205q:3\343\323"
  24      6062B066 
  24      40002638 
  24      8B918181 
  24      85713A33 
  25 0016 9393DB78 		.ascii	"\223\223\333x\372\230\347330\3120.g\224\001\312\000"
  25      FA98E733 
  25      3330CA30 
  25      2E679401 
  25      CA00
  26 0028 45BB7E5D 		.ascii	"E\273~]\357\343\200\210r0\256\000\2112\000\0006\254"
  26      EFE38088 
  26      7230AE00 
  26      89320000 
  26      36AC
  27 003a 0B5D     		.ascii	"\013]"
  28              		.text
  29              		.section	.gnu.lto_.inline.db852fbbae778df6,"",%progbits
  30 0000 789C6365 		.ascii	"x\234ce`b\360c@\000&\006\006\001CF\006&\276{\001\014"
  30      6062F063 
  30      40002606 
  30      06014346 
  30      0626BE7B 
  31 0016 6C0BE499 		.ascii	"l\013\344\231@b\214\\x\011\006\021\031\240\006\231\007"
ARM GAS  /tmp/cc7vD8IO.s 			page 2


  31      40628C5C 
  31      78090611 
  31      19A00699 
  31      07
  32 0027 B718E13A 		.ascii	"\267\030\341:\230y\300&1\000\000\372\250\005\304"
  32      9879C026 
  32      310000FA 
  32      A805C4
  33              		.text
  34              		.section	.gnu.lto_.pureconst.db852fbbae778df6,"",%progbits
  35 0000 789C6365 		.ascii	"x\234ce`b`c`\000\222\273\030\031\245\000\003\273\000"
  35      60626063 
  35      600092BB 
  35      1819A500 
  35      03BB00
  36 0013 E6       		.ascii	"\346"
  37              		.text
  38              		.section	.gnu.lto_VectorB0.db852fbbae778df6,"",%progbits
  39 0000 789C8554 		.ascii	"x\234\205TmlSe\024>\347\276\267k\327\356\203\237~\020"
  39      6D6C5365 
  39      143EE7BE 
  39      B76BD7EE 
  39      839F7E10 
  40 0014 D2C5EC07 		.ascii	"\322\305\354\007\206\354\212\240\356\227\211\231\177"
  40      86EC8AA0 
  40      EE978999 
  40      7F
  41 0021 48684828 		.ascii	"HhH(\377\227Q\252m\322\256\244w,\360kwcX\301\004\215"
  41      FF9751AA 
  41      6DD2AEA4 
  41      772CF06B 
  41      776358C1 
  42 0037 515875CB 		.ascii	"QXu\313]\\\342\000\331'\242\353\200R7\261\200l\300\034"
  42      5D5CE200 
  42      D927A2EB 
  42      805237B1 
  42      806CC01C 
  43 004b BAA47F90 		.ascii	"\272\244\177\220\361\341p*\302\302\374\334<\347m)\353"
  43      F1E1702A 
  43      C2C2FCDC 
  43      3CE76D29 
  43      EB
  44 005c 47E426BD 		.ascii	"G\344&\275\267\357\373<\347<\347\234\367\311k\001\005"
  44      B7EFFB3C 
  44      E73CE79C 
  44      F7C96B01 
  44      05
  45 006d 52160044 		.ascii	"R\026\000D\200\215@_\013\240\362\336$@\253MQ\304\350"
  45      808D405F 
  45      0BA0F2DE 
  45      2440AB4D 
  45      51C4E8
  46 0080 1A30ECEA 		.ascii	"\0320\354\352\367\032\030e\002\325\364\266\212\310\177"
  46      F71A1865 
  46      02D5F4B6 
  46      8AC87F
  47 008f 0C1B428B 		.ascii	"\014\033B\213\"Tl\301w\305a\201c\221\3331em\257AO\342"
ARM GAS  /tmp/cc7vD8IO.s 			page 3


  47      22546CC1 
  47      77C56181 
  47      6391DB31 
  47      656DAF41 
  48 00a5 70BCB2D5 		.ascii	"p\274\262\325\330\367\224)\000\242\364\343\007{q-\020"
  48      D8F79429 
  48      00A2F4E3 
  48      077B712D 
  48      10
  49 00b6 EDC6D0D2 		.ascii	"\355\306\320\322\207\345%jz\037\217`\011\351\302\300"
  49      87E5256A 
  49      7A1F8F60 
  49      09E9C2C0 
  50 00c6 14268CA5 		.ascii	"\024&\214\245\345\210\221X\350\301\345-\025*\230\202"
  50      E5889158 
  50      E8C1E52D 
  50      152A9882 
  51 00d6 0AA117C0 		.ascii	"\012\241\027\300\001\"\262\336;B\341\257\370\031\367"
  51      0122B2DE 
  51      3B42E1AF 
  51      F819F7
  52 00e5 76F71242 		.ascii	"v\367\022B\241\234/\026\233OY[\3765l\246P\242\314\307"
  52      A19C2F16 
  52      9B4F595B 
  52      FE356CA6 
  52      50A2CCC7 
  53 00f9 A3D84291 		.ascii	"\243\330B\221\002\346plt\356\327\210\203\231]B%\356"
  53      02E6706C 
  53      74EED788 
  53      83995D42 
  53      25EE
  54 010b A17D6397 		.ascii	"\241}c\227\255\007\205IEs\350d\337\342={z\311U3\243"
  54      AD078549 
  54      4573E864 
  54      DFE23D7B 
  54      7AC95533 
  55 0120 A7FF61D2 		.ascii	"\247\377a\322fbW+\255\235\246\260\340g\270\032\217\341"
  55      6662572B 
  55      AD9DA6B0 
  55      E067B81A 
  55      8FE1
  56 0132 6A60FEB1 		.ascii	"j`\376\261\211\205\007V\255\317hoe\254\004\217\243\211"
  56      89850756 
  56      ADCF686F 
  56      65AC048F 
  56      A389
  57 0144 1DB23DEC 		.ascii	"\035\262=\354C\215\364\366\376\363V\324\232\226\263"
  57      438DF4F6 
  57      FEF356D4 
  57      9A96B3
  58 0153 A415CF2D 		.ascii	"\244\025\317-/&*Y\002Q\301~\312s\023\333S\343\0333\034"
  58      2F262A59 
  58      0251C17E 
  58      CA7313DB 
  58      53E31B33 
  59 0168 220CCCC7 		.ascii	"\"\014\314\307\376,O\023\000\007X\010\270U\001\243k"
  59      FE2C4F13 
ARM GAS  /tmp/cc7vD8IO.s 			page 4


  59      00075808 
  59      B85501A3 
  59      6B
  60 0179 0435B0F0 		.ascii	"\0045\260\360\323oI\331@^m\335\237\"<\251\274\301\307"
  60      D36F49D9 
  60      405E6DDD 
  60      9F223CA9 
  60      BCC1C7
  61 018c E50DA1B6 		.ascii	"\345\015\241\266\262}\2329\016S\324-T8\360j\373`\247"
  61      B27D9A39 
  61      0E53D42D 
  61      5438F06A 
  61      FB60A7
  62 019f E07D2B72 		.ascii	"\340}+r\315\277O|4[\301K\033:iy\347td\032E\255\234\330"
  62      CDBF4F7C 
  62      345BC14B 
  62      1B3A6979 
  62      E774641A 
  63 01b7 C9F84C87 		.ascii	"\311\370L\207\275\272\3070\332\214\304b\362\371\350"
  63      BDBAC730 
  63      DA8CC462 
  63      F2F9E8
  64 01c6 CC4DC378 		.ascii	"\314M\303x\337@S\224\342I\024t\244\3709\025t\"\323\006"
  64      DF405394 
  64      E2491474 
  64      A4F83915 
  64      7422D306 
  65 01da 7E81D514 		.ascii	"~\201\325\024\024\2313\316\250\234\257\024\235\370%"
  65      149933CE 
  65      A89CAF14 
  65      9DF825
  66 01e9 6177B1ED 		.ascii	"aw\261\355\306\337\007\007\2470k\207\366\264k\356WZ"
  66      C6DF0707 
  66      A7306B87 
  66      F6B46BEE 
  66      575A
  67 01fb A425A242 		.ascii	"\244%\242B\201<\354\207\343\353\336\366\000\2160(V\372"
  67      813CEC87 
  67      E3EBDEF6 
  67      008E3028 
  67      56FA
  68 020d 0863E483 		.ascii	"\010c\344\203|\366\354\2103\0008\312d5\037{p\347\325"
  68      7CF6EC88 
  68      330038CA 
  68      64351F7B 
  68      70E7D5
  69 0220 A7014F31 		.ascii	"\247\001O1f\311\307\246>\026\\4\340i\206Krt\316\260"
  69      66C9C7A6 
  69      3E165C34 
  69      E069864B 
  69      7274CEB0 
  70 0234 0EC6D9B0 		.ascii	"\016\306\331\260\010\267\271\366O\314\341?\354U\213"
  70      08B7B9F6 
  70      4FCCE13F 
  70      EC558B
  71 0243 681A1D34 		.ascii	"h\032\0354p;\263\373fO\0316U!\342Y\254\222e\335\233"
  71      703BB3FB 
ARM GAS  /tmp/cc7vD8IO.s 			page 5


  71      664F1936 
  71      5521E259 
  71      AC9265DD 
  72 0258 9F4E29B4 		.ascii	"\237N)\264\203\011Te\367\200_\3111\037\211\217\337*"
  72      83095465 
  72      F7805FC9 
  72      311F898F 
  72      DF2A
  73 026a ABFA2B13 		.ascii	"\253\372+\023\355`\356\375\376\341k\016\031=\306\321"
  73      ED60EEFD 
  73      FEE16B0E 
  73      193DC6D1 
  74 027a 388E2A9D 		.ascii	"8\216*\235Q\233SN\022\200\234\177}\250\363\203g\271"
  74      519B534E 
  74      12809C7F 
  74      7DA8F383 
  74      67B9
  75 028c B142EB5B 		.ascii	"\261B\353[\345$\360\353\214\373\231|\364\320\360\033"
  75      E524F0EB 
  75      8CFB997C 
  75      F4D0F01B 
  76 029c F9335EC8 		.ascii	"\3713^\310\316\330\226\323\3369\331\3367\3052\227J\020"
  76      CED896D3 
  76      DE39D9DE 
  76      37C53297 
  76      4A10
  77 02ae 932B329F 		.ascii	"\223+2\237\350\234I\025\034\337\303lj{\341\361\325\356"
  77      E89C4915 
  77      1CDFC36C 
  77      6A7BE1F1 
  77      D5EE
  78 02c0 A7E33BCF 		.ascii	"\247\343;\317\240#G\367\202\324\275XL\267L\202\370m"
  78      A02347F7 
  78      82D4BD58 
  78      4CB74C82 
  78      F86D
  79 02d2 4637E3D6 		.ascii	"F7\343\326\\\017\276\374$\017^\222\036\314Z\277\224"
  79      5C0FBEFC 
  79      240F5E92 
  79      1ECC5ABF 
  79      94
  80 02e3 4E6FE27F 		.ascii	"No\342\177<8;R\333(\313\211\212\362\002\347$\237{\006"
  80      3C383B52 
  80      DB28CB89 
  80      8AF202E7 
  80      249F7B06 
  81 02f7 7092B18A 		.ascii	"p\222\261\212|\354n\227`)\300\313\205\316\271\"[\274"
  81      7CEC6E97 
  81      6029C0CB 
  81      85CEB922 
  81      5BBC
  82 0309 BAC2394B 		.ascii	"\272\3029K\346\217q\307#SLHSLIS\344;\340\273\254\003"
  82      E68F71C7 
  82      23534C48 
  82      534C4953 
  82      E43BE0BB 
  83 031f 38B9BC1A 		.ascii	"8\271\274\032\324G\267\340\365\375K\326\342\267`%EN"
ARM GAS  /tmp/cc7vD8IO.s 			page 6


  83      D447B7E0 
  83      F5FD4BD6 
  83      E2B76025 
  83      454E
  84 0331 3F3E2D67 		.ascii	"?>-gq\326*b]\313\260~\301\266\356e\023%\221\237\003"
  84      71D62A62 
  84      5DCBB07E 
  84      C1B6EE65 
  84      1325919F 
  85 0346 7493920C 		.ascii	"t\223\222\014\025\362RM\215V\347\363o\367oqk!]\3635"
  85      15F2524D 
  85      8D56E7F3 
  85      6FF76F71 
  85      6B215DF3 
  86 035b 04B49DA1 		.ascii	"\004\264\235\241p\223\256\271\267\2716\274\250m\336"
  86      7093AEB9 
  86      B7B936BC 
  86      A86DDE
  87 036a FCBAB66D 		.ascii	"\374\272\266m\223\253y=#\365zS} \260\243\306\003\226"
  87      93AB793D 
  87      23F57A53 
  87      7D20B0A3 
  87      C60396
  88 037d E686C02E 		.ascii	"\346\206\300.\257\226\033\353\011\005\203\241\306L\370"
  88      AF961BEB 
  88      090583A1 
  88      C64CF8
  89 038c 6B5B5D75 		.ascii	"k[]u\256\335\232\307\347\011\205\275\365\315\257\004"
  89      AEDD9AC7 
  89      E70985BD 
  89      F5CDAF04 
  90 039c 6B7CB0A1 		.ascii	"k|\260\241(\337\273\273I\253s\2717\2715\177\243'\260"
  90      28DFBBBB 
  90      49AB73B9 
  90      37B9357F 
  90      A327B0
  91 03af 6B8757F3 		.ascii	"k\207W\363\004u\277^\377\246\307C1U\205\365\205tz\205"
  91      0475BF5E 
  91      FFA6C743 
  91      315585F5 
  91      85747A85 
  92 03c3 9BE4B790 		.ascii	"\233\344\267\220A@6\217O\337\243\023c\225\313\275\325"
  92      4140368F 
  92      4FDFA313 
  92      6395CBBD 
  92      D5
  93 03d4 B9BD41F7 		.ascii	"\271\275A\367\356\014\373\3279\253_\000%\014\326\240"
  93      EE0CFBD7 
  93      39AB5F00 
  93      250CD6A0 
  94 03e4 37180AEF 		.ascii	"7\030\012\357\201\377\000^\327Al"
  94      81FF005E 
  94      D7416C
  95              		.text
  96              		.section	.gnu.lto_st_lld_init.db852fbbae778df6,"",%progbits
  97 0000 789C9D94 		.ascii	"x\234\235\224\313KTQ\034\307\317\367\236{\357\334\231"
  97      CB4B5451 
ARM GAS  /tmp/cc7vD8IO.s 			page 7


  97      1CC7CFF7 
  97      9E7BEFDC 
  97      99
  98 0011 CCA855D0 		.ascii	"\314\250U\320,\332\332\302\213E\364\007\324&PZ\350^"
  98      2CDADAC2 
  98      8B45F407 
  98      D426505A 
  98      E85E
  99 0023 7A2C1404 		.ascii	"z,\024\004#\245esM\035\313@\205p\314\205\334\001\241"
  99      23A56573 
  99      4D1DCB40 
  99      8570CC85 
  99      DC01A1
 100 0036 4953C731 		.ascii	"IS\30715g|4N>\262|\325\242\204\350\011\211b\201\250"
 100      35677C34 
 100      4E3EB27C 
 100      D5A284E8 
 100      09896281 
 101 004b 541469E7 		.ascii	"T\024i\347w\3568#\265r\016\334\307y\334\317\347\367"
 101      77EE3823 
 101      B5720EDC 
 101      C779DCCF 
 101      E7F7
 102 005d 3B8FAB31 		.ascii	";\217\2531\2055j\214\235a\214\035\023\0278\203\3224"
 102      85356A8C 
 102      9D618C1D 
 102      13173883 
 102      D234
 103 006f CF5895A1 		.ascii	"\317X\225\241\000\364b\031`>\005>4\362\026\216D\335"
 103      00F46219 
 103      603E053E 
 103      34F2168E 
 103      44DD
 104 0081 7254C909 		.ascii	"rT\311\011Y\242\304[\006\217\370\255\332\2436g\254U"
 104      59A2C45B 
 104      068FF8AD 
 104      DAA33667 
 104      AC55
 105 0093 5C541042 		.ascii	"\\T\020B\016\023\303>G\266\233\017\352\252\323\216\007"
 105      0E13C33E 
 105      47B69B0F 
 105      EAAAD38E 
 105      07
 106 00a4 D0219EE1 		.ascii	"\320!\236\341W\210[\333;uV|\242\035/\013\017+\314\346"
 106      57885BDB 
 106      3B75567C 
 106      A21D2F0B 
 106      0F2BCCE6 
 107 00b8 C2276E1A 		.ascii	"\302'n\032\335t\2721V/>!\357\035\256\320\223\257\"\021"
 107      DD74BA31 
 107      562F3E21 
 107      EF1DAED0 
 107      93AF2211 
 108 00cc 5BED2825 		.ascii	"[\355(%H\033W\004;P\233Xp5p\233+ UM\333\344\262\333"
 108      481B5704 
 108      3B509B58 
 108      7035709B 
ARM GAS  /tmp/cc7vD8IO.s 			page 8


 108      2B20554D 
 109 00e4 A95AEBB7 		.ascii	"\251Z\353\267,U4\255}\370\035\325l\264U\211(\217\333"
 109      2C5534AD 
 109      7DF81DD5 
 109      6CB45589 
 109      288FDB
 110 00f7 9CA3135E 		.ascii	"\234\243\023^t\300\313h\374F`\361c\226\331m\325\300"
 110      74C0CB68 
 110      FC4660F1 
 110      6396D96D 
 110      D5C0
 111 0109 E62A1EC2 		.ascii	"\346*\036\302\306=\031<\272`\262UT\377\364\303qqG\327"
 111      C63D193C 
 111      BA60B255 
 111      54FFF4C3 
 111      717147D7 
 112 011d 3F31ED37 		.ascii	"?1\3557\210\017Q\272\005D\004\024p\323\220\375\231z"
 112      880F51BA 
 112      05440414 
 112      70D390FD 
 112      997A
 113 012f D2A6304C 		.ascii	"\322\2460L\201'P\254\243\313\355\330\264\275\231i2\263"
 113      812750AC 
 113      A3CBEDD8 
 113      B4BD9969 
 113      32B3
 114 0141 FAEAF13E 		.ascii	"\372\352\361>\303\251Z\361&+[4-\276\037z\355I\373tD"
 114      C3A95AF1 
 114      262B5B34 
 114      2DBE1F7A 
 114      ED49FB74 
 115 0156 84AF37E9 		.ascii	"\204\2577\351\033\334\334hL\373\372\244\217\346\035"
 115      1BDCDC68 
 115      4CFBFAA4 
 115      8FE61D
 116 0165 8FFEC98C 		.ascii	"\217\376\311\214t\377\245\262\017t\177\032=@\251\350"
 116      74FFA5B2 
 116      0F747F1A 
 116      3D40A9E8 
 117 0175 04DA5A09 		.ascii	"\004\332Z\011\337\316N\262R\211\270d\"\363\335?\326"
 117      DFCE4EB2 
 117      5289B864 
 117      22F3DD3F 
 117      D6
 118 0186 3D4E9536 		.ascii	"=N\2256\016-Q{\317\367i#i\013\336\020+o\340\261\360"
 118      0E2D517B 
 118      CFF76923 
 118      690BDE10 
 118      2B6FE0B1 
 119 019b 0D267D9D 		.ascii	"\015&}\235s[\233.\362UQ,*\206\244Q!c\024\246\030\360"
 119      735B9B2E 
 119      F255512C 
 119      2A86A451 
 119      216314A6 
 120 01b1 A9BFA659 		.ascii	"\251\277\246Y\032T\204\246\030bN2[+C\251\030\366i\030"
 120      1A5484A6 
 120      18624E32 
ARM GAS  /tmp/cc7vD8IO.s 			page 9


 120      5B2B43A9 
 120      18F66918 
 121 01c5 9606B95D 		.ascii	"\226\006\271]G\244am\244wIs\014;\242\034\302\350\256"
 121      47A4616D 
 121      A4774973 
 121      0C3BA21C 
 121      C2E8AE
 122 01d8 239AA963 		.ascii	"#\232\251cL:Tr<\221\216\324<\251`\210\357\362c\231\361"
 122      4C3A5472 
 122      3C918ED4 
 122      3CA96088 
 122      EFF26399 
 123 01ed DD18977C 		.ascii	"\335\030\227|q\232\251s'\020y\247\347\205\2513\330'"
 123      719AA973 
 123      271079A7 
 123      E785A933 
 123      D827
 124 01ff 972D0113 		.ascii	"\227-\001\023'\274r\007>E^\3327\234i>\023\322\247\023"
 124      27BC7207 
 124      3E455EDA 
 124      379C693E 
 124      13D2A713 
 125 0213 7052B053 		.ascii	"pR\260S\300\221L\201S\022\350\"\340\364^\340h\246\300"
 125      C0914C81 
 125      5312E822 
 125      E0F45EE0 
 125      68A6C0
 126 0226 67126810 		.ascii	"g\022h\020pF\316\370@\335l\304\343\3148\360|\227?\226"
 126      7046CEF8 
 126      40DD6CC4 
 126      E3CC38F0 
 126      7C973F96 
 127 023a 29FF85E4 		.ascii	")\377\205\344\273\211?+\002&\340\032j\203\241\373\234"
 127      BB893F2B 
 127      0226E01A 
 127      6A83A1FB 
 127      9C
 128 024b 78F44534 		.ascii	"x\364E4\372\365\255\313\367\3072l\356i\2453\2039\370"
 128      FAF5ADCB 
 128      F7C7326C 
 128      EE69A533 
 128      8339F8
 129 025e A8E3CBCC 		.ascii	"\250\343\313\314]\177\026Er@\360\347\341\245\003\377"
 129      5D7F1645 
 129      7240F0E7 
 129      E1A503FF 
 130 026e EB4D83E1 		.ascii	"\353M\203\3414\031X\200\327\346Y\354\033n\006\333C\362"
 130      34195880 
 130      D7E659EC 
 130      1B6E06DB 
 130      43F2
 131 0280 E0CA3F6C 		.ascii	"\340\312?l\275`\210\337\2428\012\247ss\315\263%\245"
 131      BD6088DF 
 131      A2380AA7 
 131      7373CDB3 
 131      25A5
 132 0292 974A2F14 		.ascii	"\227J/\024\232\345\025f\311\3052\363j\371\265\312\012"
ARM GAS  /tmp/cc7vD8IO.s 			page 10


 132      9AE51566 
 132      C9C532F3 
 132      6AF9B5CA 
 132      0A
 133 02a3 B3B0A8E0 		.ascii	"\263\260\250\340\324I3?\377\234Yt\276\340z\036\365\024"
 133      D449333F 
 133      FF9C5974 
 133      BEE07A1E 
 133      F514
 134 02b5 57541697 		.ascii	"WT\026\227\225]\311\275\314\376\002\264@\344X"
 134      955DC9BD 
 134      CCFE02B4 
 134      40E458
 135              		.text
 136              		.section	.gnu.lto_.symbol_nodes.db852fbbae778df6,"",%progbits
 137 0000 789C55CF 		.ascii	"x\234U\3171\016\202@\020\205\341\267o\330\205[x\025"
 137      310E8240 
 137      1085E1B7 
 137      6FD8855B 
 137      7815
 138 0012 3CD96C61 		.ascii	"<\331labbe\243\"j\307)\254\015%\035\275\005%g0L\266"
 138      626265A3 
 138      226AC729 
 138      AC0D251D 
 138      BD052567 
 139 0029 72A6F933 		.ascii	"r\246\3713_\367\"\210\031v\274P\201\363\004X\336yor"
 139      5FF72288 
 139      1976BC50 
 139      81F30458 
 139      DE796F72 
 140 003d A50627E1 		.ascii	"\245\006'\341Ne\021 \347\326\240\243\212\203'\265r\360"
 140      4E651120 
 140      E7D6A0A3 
 140      8A8327B5 
 140      72F0
 141 004f A046073D 		.ascii	"\240F\007=59\270Qk\007/j\363\017\202\032\303\367\027"
 141      3539B851 
 141      6B072F6A 
 141      F30F821A 
 141      C3F717
 142 0062 0409C338 		.ascii	"\004\011\3038&A\304\247\264\302R*X\216\353Nl\313\341"
 142      2641C4A7 
 142      B4C2522A 
 142      588EEB4E 
 142      6CCBE1
 143 0075 640D4DF9 		.ascii	"d\015M\371\261\001b\3414\273"
 143      B10162E1 
 143      34BB
 144              		.text
 145              		.section	.gnu.lto_.refs.db852fbbae778df6,"",%progbits
 146 0000 789C6365 		.ascii	"x\234ce`b`d\000\002\000\000I\000\011"
 146      60626064 
 146      00020000 
 146      490009
 147              		.text
 148              		.section	.gnu.lto_.decls.db852fbbae778df6,"",%progbits
 149 0000 789CCD59 		.ascii	"x\234\315YkPTI\226\256\274Y@\001\005\272ht\030\273n"
ARM GAS  /tmp/cc7vD8IO.s 			page 11


 149      6B505449 
 149      96AEBC59 
 149      400105BA 
 149      687418BB 
 150 0015 4C770F11 		.ascii	"Lw\017\021\2621\253%\350\364Ll\354\017\265@!F\272\215"
 150      B231AB25 
 150      E8F44C6C 
 150      EC0FB540 
 150      2146BA8D 
 151 0029 C2EED89D 		.ascii	"\302\356\330\235\230\210\012\204\352\206\030\0366`\217"
 151      98880A84 
 151      EA86181E 
 151      36608F
 152 0038 1DFB634B 		.ascii	"\035\373cK\001AD\020\220\026| \315KPT\304VD| \245\274"
 152      01414410 
 152      90167C20 
 152      CD4B5054 
 152      C456447C 
 153 004f 04447C20 		.ascii	"\004D| \362\020\361\205/\344!\010(\272'3\357\255\233"
 153      F210F185 
 153      2FE42108 
 153      28BA2733 
 153      EFAD9B
 154 0062 752967E6 		.ascii	"u)g\346\307n\304Vp\352\336\223\371\235\357\236<'3\357"
 154      C76EC456 
 154      70EADE93 
 154      F99DEF9E 
 154      3C2733EF 
 155 0076 C9C24125 		.ascii	"\311\302A%\250T\277R\251\366;\250TaH\245\372\000\037"
 155      A854BF52 
 155      A9F63BA8 
 155      546148A5 
 155      FA001F
 156 0089 AC52A98E 		.ascii	"\254R\251\216\202\200\252\252P\261\2173\310\031\220"
 156      8280AAAA 
 156      50B18F33 
 156      C81990
 157 0098 B320E740 		.ascii	"\263 \347@.\200\324\202\324\201\\\006\251\007\271\252"
 157      2E80D482 
 157      D4815C06 
 157      A907B9AA 
 158 00a8 9AFDF91E 		.ascii	"\232\375\371\036H\264p\375\006d\021H\013H\025\310\\"
 158      48B470FD 
 158      06641148 
 158      0B4815C8 
 158      5C
 159 00b9 689F03D2 		.ascii	"h\237\003\322\001\367\036 \363\305g}\002m\377\204\330"
 159      01F71E20 
 159      F3C5677D 
 159      026DFF84 
 159      D8
 160 00ca B36740FE 		.ascii	"\263g@\376A|.\341\377gh\374\025\310g \277\006\371\027"
 160      417C2EE1 
 160      FF6768FC 
 160      15C86720 
 160      BF06F917 
 161 00de C49EFD1B 		.ascii	"\304\236\375\033\304\374X\014W\035b~y\303u\031b~\236"
ARM GAS  /tmp/cc7vD8IO.s 			page 12


 161      C4FC580C 
 161      571D627E 
 161      79C37519 
 161      627E9E
 162 00f1 B3E3D726 		.ascii	"\263\343\327&\350s\343\374\332\006z\242\350O\026\\3"
 162      E873E3FC 
 162      DA067AA2 
 162      E84F165C 
 162      33
 163 0102 91EC633F 		.ascii	"\221\354c?\264\355F\314\277f\020\027\220\030\320w\200"
 163      B4ED46CC 
 163      BF661017 
 163      9018D077 
 163      80
 164 0113 68409C49 		.ascii	"h@\234I\334\240M\213X\320\336\302\305\025\256\357\340"
 164      DCA04D8B 
 164      58D0DEC2 
 164      C515AEEF 
 164      E0
 165 0124 2A8831B3 		.ascii	"*\2101\263\027\233=\030\3656\226\035\301i\030-rA$\362"
 165      179B3D18 
 165      F536961D 
 165      C169182D 
 165      724124F2 
 166 0138 73A0E9F8 		.ascii	"s\240\351\370\213\352)7\326D\020\367\246JW/)7\263\217"
 166      8BEA2937 
 166      D64410F7 
 166      A64A572F 
 166      2937B38F 
 167 014c 46904D3B 		.ascii	"F\220M;\322G\213\234\260+\005]O\250\330Oh<\\\220\032"
 167      D2478B9C 
 167      B02B055D 
 167      4FA8D84F 
 167      683C5C90 
 168 0161 D491D6BD 		.ascii	"\324\221\326\275\017\334A\235\357\202>\335\203\205\334"
 168      0FDC419D 
 168      EF823EDD 
 168      8385DC
 169 0170 E6CE3A35 		.ascii	"\346\316:5\362r)!\024\265oF\027e$\231\315\002:\206\\"
 169      F2722921 
 169      14B56F46 
 169      17652499 
 169      CD023A86 
 170 0185 D0618451 		.ascii	"\320a\204Q\031ZB\374^D\206\225l6o5\357\2127;\373\253"
 170      195A42FC 
 170      5E448695 
 170      6C366F35 
 170      EF8A373B 
 171 019b 50395A88 		.ascii	"P9Z\210\216\240\205*t\024y\021o\010\016\225B\343!h\204"
 171      8EA0852A 
 171      74147911 
 171      6F080E95 
 171      42E32168 
 172 01b0 A7941565 		.ascii	"\247\224\025e\0248\342\377\"\016\010\365\027\272\357"
 172      1438E2FF 
 172      220E08F5 
 172      17BAEF
ARM GAS  /tmp/cc7vD8IO.s 			page 13


 173 01bf A8918B97 		.ascii	"\250\221\213\227]\373\023v\354\231/OJ?\257O$\276T\200"
 173      5DFB1376 
 173      EC992F4F 
 173      4A3FAF4F 
 173      24BE5480 
 174 01d3 2FC7655F 		.ascii	"/\307e_\3005r\201Vx\316\351\244\372\003\332>\324\203"
 174      C0357281 
 174      5678CEE9 
 174      A4FA03DA 
 174      3ED483
 175 01e6 60F0682E 		.ascii	"`\360h.\035>B\354\033Q\241\352\007\351\203\020m\207"
 175      1D3E42EC 
 175      1B51A1EA 
 175      07E98310 
 175      6D87
 176 01f8 5641254E 		.ascii	"VA%N$\251\011I\026\242.\210\252 R\322?\321\030q\214"
 176      24A90949 
 176      16A22E88 
 176      AA2052D2 
 176      3FD11871 
 177 020d AC9B3D49 		.ascii	"\254\233=I\372\260T\263\033j&\232\"$\310\017@\2107\340"
 177      FAB054B3 
 177      1B6A269A 
 177      2224C80F 
 177      408837E0 
 178 0221 0899DB62 		.ascii	"\010\231\333b\277\325?\225<8$\245\371E\352\330A\365"
 178      BFD53F95 
 178      3C3824A5 
 178      F945EAD8 
 178      41F5
 179 0233 3DD48B90 		.ascii	"=\324\213\220\253*\177\005\242m/_\2758\344\216\373\020"
 179      AB2A7F05 
 179      A26D2F5F 
 179      BD38E48E 
 179      FB10
 180 0245 CDFD950F 		.ascii	"\315\375\225\017oj\347\260\334\013dZ\014\267\034pe\271"
 180      6F6AE7B0 
 180      DC0B645A 
 180      0CB71C70 
 180      65B9
 181 0257 9F0BEAE4 		.ascii	"\237\013\352\344\226[\227\\\026\374DgO\274y\256\200"
 181      965B975C 
 181      16FC4467 
 181      4FBC79AE 
 181      80
 182 0268 BEF9049D 		.ascii	"\276\371\004\235\206\034\234\202\034\250P\025Z\000\337"
 182      861C9C82 
 182      1CA85015 
 182      5A00DF
 183 0277 1BD4EC51 		.ascii	"\033\324\354Q\017\317<\275&|\236o\316\3577\327~8\367"
 183      0FCF3CBD 
 183      267C9E6F 
 183      CEEF37D7 
 183      7E38F7
 184 028a EFE70BB6 		.ascii	"\357\347\013\266\231\333\301l\005\305\241_\344\364\300"
 184      99DBC16C 
 184      05C5A15F 
ARM GAS  /tmp/cc7vD8IO.s 			page 14


 184      E4F4C0
 185 0299 2D7C9F44 		.ascii	"-|\237D\367\020\252D}\340\371\031\3649\231v\251\257"
 185      F710AA44 
 185      7DE0F919 
 185      F4399976 
 185      A9AF
 186 02ab F2E7E003 		.ascii	"\362\347\340\003\002u\253\371\366\253f\211\254\257I"
 186      0275ABF9 
 186      F6AB6689 
 186      ACAF49
 187 02ba 9B6BAEDD 		.ascii	"\233k\256\335j&\231&T\3252U\265\222\352,\245\2727<\326"
 187      6A269926 
 187      54D53255 
 187      B592EA2C 
 187      A5BA373C 
 188 02cf E08ACB18 		.ascii	"\340\212\313\030U\326\241\273I\204\252\237\314\230k"
 188      55D6A1BB 
 188      4984AA9F 
 188      CC986B
 189 02de 5E33150F 		.ascii	"^3\025\017\315\311.\314\251\032\231\251\2060\221\233"
 189      CDC92ECC 
 189      A91A99A9 
 189      8630919B 
 190 02ee 7394E176 		.ascii	"s\224\341v\372\313\021\007\374\2021\3546\217%\252E\206"
 190      FACB1107 
 190      FC8231EC 
 190      368F25AA 
 190      4586
 191 0300 AB83FF7A 		.ascii	"\253\203\377z\244\322\234\340@\355\317\313\366\347%"
 191      A4D29CE0 
 191      40EDCFCB 
 191      F6E725
 192 030f FB0BD4FE 		.ascii	"\373\013\324\376\376x|\227\023.\306\324\376p\303\345"
 192      FE787C97 
 192      132EC6D4 
 192      FE70C3E5 
 193 031f 4657D1BE 		.ascii	"FW\321\276\3717\271\346:6\216\213\262\365E\311\272\226"
 193      F937B9E6 
 193      3A368E8B 
 193      B2F545C9 
 193      BA96
 194 0331 5A6FAFB2 		.ascii	"Zo\257\262\354\304\270\226Y\2175\274M\324\210\326\335"
 194      ECC4B896 
 194      598F35BC 
 194      4DD488D6 
 194      DD
 195 0342 D34BDBAC 		.ascii	"\323K\333\254O\277$\333_\222\354\353\250}\357\311\274"
 195      4FBF24DB 
 195      5F92ECEB 
 195      A87DEFC9 
 195      BC
 196 0353 29473CCE 		.ascii	")G<\316\354\247\323;\367;Y\275\377T\366\336\"\333[$"
 196      ECA7D33B 
 196      F73B59BD 
 196      FF54F6DE 
 196      22DB5B24 
 197 0367 FBCBD4BE 		.ascii	"\373\313\324\276\32021\256\305ijj?T6\326\342 \332w\310"
ARM GAS  /tmp/cc7vD8IO.s 			page 15


 197      D03231AE 
 197      C5696A6A 
 197      3F5436D6 
 197      E220DA77 
 198 037c DE5F91AD 		.ascii	"\336_\221\255\257H\326\365\324z\337\315\201B\001\027"
 198      AF48D6F5 
 198      D47ADFCD 
 198      81420117 
 199 038c 32EBBAA9 		.ascii	"2\353\272\251{s\325\002[\215d\252@SJq\3234\266\2665"
 199      7B73D502 
 199      5B8D64AA 
 199      40534A71 
 199      D334B6B6 
 200 03a1 22DA78F5 		.ascii	"\"\332x\365\372h\247\366\2433\255\231\316\264&$N\265"
 200      FA68A7F6 
 200      A333AD99 
 200      CEB42624 
 200      4EB5
 201 03b3 F2AAC6DB 		.ascii	"\362\252\306\333\356\242K\017\322p^\341\266\332u\024"
 201      EEA24B0F 
 201      D2705EE1 
 201      B6DA7514 
 202 03c3 841A64AF 		.ascii	"\204\032d\257\032$\257\256\26291\331\331\247\325\246"
 202      1A24AFAE 
 202      B23931D9 
 202      D9A7D5A6 
 203 03d3 5877183A 		.ascii	"Xw\030:\010i\223Q\241\026\244\225\014\341\026\360U\367"
 203      08699351 
 203      A116A495 
 203      0CE116F0 
 203      55F7
 204 03e5 B32F3AB3 		.ascii	"\263/:\263\205q\207<so\315\353f\007\246kH\367\320\221"
 204      8571873C 
 204      736FCDEB 
 204      6607A66B 
 204      48F7D091 
 205 03f9 2A37B650 		.ascii	"*7\266PjI\367\215\307?'hYw;\321-\267\033\206\325x\200"
 205      6A49F78D 
 205      C73F2768 
 205      59773BD1 
 205      2DB71B86 
 206 0410 0521B93C 		.ascii	"\005!\271<\315\202]\222\311\310\376\236\335\015,ZZ\336"
 206      CD825D92 
 206      C9C8FE9E 
 206      DD0D2C5A 
 206      5ADE
 207 0422 B63AE041 		.ascii	"\266:\340Af\276\343\312\251zq\177n\244\363\361\254\245"
 207      66BEE3CA 
 207      A97A717F 
 207      6EA4F3F1 
 207      ACA5
 208 0434 C6153F67 		.ascii	"\306\025?g\235\017R\006,\216x\230)\222W\036\242W\007"
 208      9D0F5206 
 208      2C8E7898 
 208      2992571E 
 208      A25707
 209 0447 BBC79B11 		.ascii	"\273\307\233\021~\315:k\252\316\325\213#X\312-u\017"
ARM GAS  /tmp/cc7vD8IO.s 			page 16


 209      7ECD3A6B 
 209      AACED58B 
 209      2358CA2D 
 209      750F
 210 0459 B6D44F3F 		.ascii	"\266\324O?n\252wa\0032#\320\317w\364\254\300Sb\022G"
 210      6EAA7761 
 210      033223D0 
 210      CF77F4AC 
 210      C0536212 
 211 046e 2B0E8983 		.ascii	"+\016\211\203\303d8\271\243\355s\310p\314b(\241]\216"
 211      C36438B9 
 211      A3ED73C8 
 211      70CC6228 
 211      A15D8E
 212 0481 641FD97D 		.ascii	"d\037\331}\221n!l:t(]\223W\356:x\354\242h\263\371S5"
 212      916E216C 
 212      3A74285D 
 212      9357EE3A 
 212      78ECA268 
 213 0499 CD7A37C0 		.ascii	"\315z7\300\357R\370=\344!\031\321\375({\310\235\007"
 213      EF52F83D 
 213      E42119D1 
 213      FD287BC8 
 213      9D07
 214 04ab 77FC35F0 		.ascii	"w\3745\360\261\302\342=.x\2069\271o\254\367\251\230"
 214      B1C2E23D 
 214      2E788639 
 214      B96FACF7 
 214      A998
 215 04bd 302F504B 		.ascii	"0/PK&j\3425x\213\003\333\003.\034hu\302\211L\221\336"
 215      266AE235 
 215      788B03DB 
 215      032E1C68 
 215      75C2894C 
 216 04d3 6F1EF4FD 		.ascii	"o\036\364\375\206\266v\256\302\333Y\317\305\214\314"
 216      86B676AE 
 216      C2DB59CF 
 216      C58CCC
 217 04e2 5E847732 		.ascii	"^\204w2e(\341Q\277\030\237\005\240f_}\276\010g\262\256"
 217      6528E151 
 217      BF189F05 
 217      A0665F7D 
 217      BE0867B2 
 218 04f7 F78D9645 		.ascii	"\367\215\226E8\207\335\327\237.=\204p\036SF\367\326"
 218      3887DDD7 
 218      9F2E3D84 
 218      701E5346 
 218      F7D6
 219 0509 3F77C105 		.ascii	"?w\301\005L\311\357\330\177F\203\213\231R2\371S\211"
 219      4CC9EFD8 
 219      7F46838B 
 219      995232F9 
 219      5389
 220 051b 161F66CA 		.ascii	"\026\037f\312\315\352[\311\256\3708S\222O\234\310q\305"
 220      CDEA5BC9 
 220      AEF83853 
 220      924F9CC8 
ARM GAS  /tmp/cc7vD8IO.s 			page 17


 220      71C5
 221 052d 2799B2B5 		.ascii	"'\231\262\265\246+C\334\216\373\351\246Z\3740\337Y\314"
 221      A62B43DC 
 221      8EFBE9A6 
 221      5AFC30DF 
 221      59CC
 222 053f 8A23593B 		.ascii	"\212#Y;\035-o\020\256b\340\224\3237\372\324\037\315"
 222      1D2D6F10 
 222      AE62E094 
 222      D337FAD4 
 222      1FCD
 223 0551 C36B290F 		.ascii	"\303k)\017Ki\032\262\317g\237rW\246\341\032\240\333"
 223      4B691AB2 
 223      CF679F72 
 223      57A6E11A 
 223      A0DB
 224 0563 287A9C46 		.ascii	"(z\234F\366\265\024\331\366G\205\305je\036>\206\376"
 224      F6B514D9 
 224      F64785C5 
 224      6A651E3E 
 224      86FE
 225 0575 E455CAA5 		.ascii	"\344U\312\245q7\344\351\3519\317\223\373x\321\357\002"
 225      7137E4E9 
 225      E939CF93 
 225      FB78D1EF 
 225      02
 226 0586 73423C6C 		.ascii	"sB<l\274\307\361\340\321\266Ts~\035\242Tw`\235N\243"
 226      BCC7F1E0 
 226      D1B65473 
 226      7E1DA254 
 226      77609D4E 
 227 059b 79F23AE8 		.ascii	"y\362:\350\244\274\345\344[\305L\006\242`\327O\300\024"
 227      A4BCE5E4 
 227      5BC54C06 
 227      A260D74F 
 227      C014
 228 05ad 7E5D096F 		.ascii	"~]\011o\237\005o\346\340\267\225\360\233\024\356M\320"
 228      9F056FE6 
 228      E0B795F0 
 228      9B14EE4D 
 228      D0
 229 05be 19E29856 		.ascii	"\031\342\230V\250Uh\024\372Gh\027A\303\032DI\202\027"
 229      A8556814 
 229      FA476817 
 229      41C31A44 
 229      498217
 230 05d1 7A873CD1 		.ascii	"z\207<\321[\220x\301\023\231Af\340~\007\\?\300u\033"
 230      5B9078C1 
 230      13994166 
 230      E07E075C 
 230      3FC0751B 
 231 05e5 5CB78024 		.ascii	"\\\267\200$\200$\203l\007\331\012\222\012\362\006\372"
 231      8024836C 
 231      07D90A92 
 231      0AF206FA 
 232 05f5 A74012E1 		.ascii	"\247@\022\341\376=\\'AR\004O\272\0111\037\357F\310>"
 232      FE3D5C27 
ARM GAS  /tmp/cc7vD8IO.s 			page 18


 232      4152044F 
 232      BA09311F 
 232      EF46C83E 
 233 0609 BE52FAA8 		.ascii	"\276R\372\250S\216\250\203C\017\333E{\313\340Q\016\374"
 233      538EA883 
 233      430FDB45 
 233      7BCBE051 
 233      0EFC
 234 061b 4209BE8B 		.ascii	"B\011\276\213\024\350\273\\\260n\330\217-\207\256\213"
 234      14E8BB5C 
 234      B06ED88F 
 234      2D87AE8B 
 235 062b 94D1CF94 		.ascii	"\224\321\317\224\350A%\372\031\347\311K%\272mV\336:"
 235      E84125FA 
 235      19E7C94B 
 235      25BA6D56 
 235      DE3A
 236 063d 38F2274A 		.ascii	"8\362'J\370#%\371(\207\276\257Dw)\321\003\234+C\366"
 236      F82325F9 
 236      2887BEAF 
 236      447729D1 
 236      039C2B43 
 237 0652 5DE183C2 		.ascii	"]\341\203\302q?\266\357\211\215\343\\\014o\331\237p"
 237      713FB6EF 
 237      898DE35C 
 237      0C6FD99F 
 237      70
 238 0663 36F39363 		.ascii	"6\363\223c\177j?\210\014\316j\333\266\027\036[\314f"
 238      7F6A3F88 
 238      0CCE6ADB 
 238      B6171E5B 
 238      CC66
 239 0675 44602AF1 		.ascii	"D`*\361\305$\317\243\307/=\262\342\315\215K)\331C%\331"
 239      C524CFA3 
 239      C72F3DB2 
 239      E2CD8D4B 
 239      29D94325 
 240 068a C0AC8C70 		.ascii	"\300\254\214p\217~`\037m\365t\013\300\243\266P\370\004"
 240      8F7E601F 
 240      6DF5740B 
 240      C0A3B650 
 240      F804
 241 069c F2406322 		.ascii	"\362@c\"\\Z\372\250UI>\315\305\370\271\375\211\307\223"
 241      5C5AFAA8 
 241      55493ECD 
 241      C5F8B9FD 
 241      89C793
 242 06af 4F4732F2 		.ascii	"OG2\362~ \357\021\341\322\376.&\220\301I\031\323r\273"
 242      7E20EF11 
 242      E1D2FE2E 
 242      2690C149 
 242      19D372BB 
 243 06c3 D41D8FD0 		.ascii	"\324\035\217\320\315N\250\313;\227\013\307\220y,<\023"
 243      CD4EA8CB 
 243      3B970BC7 
 243      90792C3C 
 243      13
ARM GAS  /tmp/cc7vD8IO.s 			page 19


 244 06d4 438E709E 		.ascii	"C\216p\236A\351\302<\264S\260\276\362I\260\354\257p"
 244      41E9C23C 
 244      B453B0BE 
 244      F249B0EC 
 244      AF70
 245 06e6 94060BFB 		.ascii	"\224\006\013\373\377z\221\2237\303\323\364\373\002_"
 245      FF7A9193 
 245      37C3D3F4 
 245      FB025F
 246 06f5 65100FE5 		.ascii	"e\020\017\345=y\227\240\245%\011\\\001|k\362\374\264"
 246      3D7997A0 
 246      A525095C 
 246      017C6BF2 
 246      FCB4
 247 0707 16CFD0F1 		.ascii	"\026\317\320\361\251\373\013G\237;\"\257\205\010\271"
 247      A9FB0B47 
 247      9F3B22AF 
 247      8508B9
 248 0716 80944847 		.ascii	"\200\224HG6\025\332-\270\240\014\001K\307\276\275f\330"
 248      3615DA2D 
 248      B8A00C01 
 248      4BC7BEBD 
 248      66D8
 249 0728 F087FF9B 		.ascii	"\360\207\377\2334\263\363\326p\201\031/P\241et\243G"
 249      34B3F3D6 
 249      7081192F 
 249      50A16574 
 249      A347
 250 073a 993036D2 		.ascii	"\23106\322\245B\331\302B\224%,\004\003\015m\201\007"
 250      A542D9C2 
 250      4294252C 
 250      04030D6D 
 250      8107
 251 074c A6BEBC9E 		.ascii	"\246\276\274\236\243\225wuD\271\345*\353'A\336\325\211"
 251      A3957775 
 251      44B9E52A 
 251      EB2741DE 
 251      D589
 252 075e 42DE3F6F 		.ascii	"B\336?o\217\236\025\337\225\344\365\363\346x~\233\333"
 252      8F9E15DF 
 252      95E4F5F3 
 252      E6787E9B 
 252      DB
 253 076f 47DF3839 		.ascii	"G\33789\202\370\306\331#\320W\316\353\224\3047b\335"
 253      82F8C6D9 
 253      23D057CE 
 253      EB94C437 
 253      62DD
 254 0781 E2046AE9 		.ascii	"\342\004j\351\343\375iZ\366.\373=\250\335\355\345\365"
 254      E3FD695A 
 254      F62EFB3D 
 254      A8DDEDE5 
 254      F5
 255 0792 6E4A67F6 		.ascii	"nJg\366\202\323\271\002!\333G\235\241\224T\001\213'"
 255      82D3B902 
 255      21DB479D 
 255      A1945401 
ARM GAS  /tmp/cc7vD8IO.s 			page 20


 255      8B27
 256 07a4 87CC6FDC 		.ascii	"\207\314o\334\361VGvBxR\370v\016\324\200\265pBx\325"
 256      F1564776 
 256      427852F8 
 256      760ED480 
 256      B5704278 
 257 07b9 8CB79FA8 		.ascii	"\214\267\237\250h\332b\236\237\340L\353\272\375\362"
 257      68DA629E 
 257      9FE04CEB 
 257      BAFDF2
 258 07c8 9CD82F28 		.ascii	"\234\330/(\216\010\007\004"
 258      8E080704 
 259 07d0 520E0E4F 		.ascii	"R\016\016O\\\315\300\270\212q\375\322{o\027\022\271"
 259      5CCDC0B8 
 259      8A71FDD2 
 259      7B6F1712 
 259      B9
 260 07e1 BAA77FFF 		.ascii	"\272\247\177\377\274\322l\206s%\234z\011W\236\314\225"
 260      BCD26C86 
 260      73259C7A 
 260      09579ECC 
 260      95
 261 07f2 A7E43A48 		.ascii	"\247\344:H\271,\023\267\217:\341F\306U\230|\300\342"
 261      B92C13B7 
 261      8F3AE146 
 261      C655987C 
 261      C0E2
 262 0804 24723DB8 		.ascii	"$r=\270\346y\260\220\036\203\362\375\331\211#_&\313"
 262      E679B090 
 262      1E83F2FD 
 262      D989235F 
 262      26CB
 263 0816 5792FD4C 		.ascii	"W\222\375L\311J\336L\356p\307\335\214\254r\317\313N"
 263      C94ADE4C 
 263      EE70C7DD 
 263      8CAC72CF 
 263      CB4E
 264 0828 69901D7B 		.ascii	"i\220\035{1;\006\375\314\012\360\002\231\252@IUH\251"
 264      313B06FD 
 264      CC0AF002 
 264      99AA4049 
 264      5548A9
 265 083b 3A1FD785 		.ascii	":\037\327\205\342G\214\351\360\321\274\012w<\306\224"
 265      E2478CE9 
 265      F0D1BC0A 
 265      773CC694 
 266 084b 1D7596FD 		.ascii	"\035u\226\375\216P\201\243b:\257\354\227\351\227+\216"
 266      8E5081A3 
 266      623AAFEC 
 266      97E9972B 
 266      8E
 267 085c CCB87FB4 		.ascii	"\314\270\177\264\"/\025HE~H\020+\362\251\206\223E\316"
 267      222F1548 
 267      457E4810 
 267      2BF2A986 
 267      9345CE
 268 086f A2A3D706 		.ascii	"\242\243\327\006qZY\037\274\353\267\230W4\012\004\211"
ARM GAS  /tmp/cc7vD8IO.s 			page 21


 268      715A591F 
 268      BCEBB798 
 268      57340A04 
 268      89
 269 0880 8A245F51 		.ascii	"\212$_Q\211\240&\232\255\273e\324\335\311\361K\2274"
 269      89A0269A 
 269      ADBB65D4 
 269      DDC9F14B 
 269      9734
 270 0892 F8941375 		.ascii	"\370\224\023uq\246\241k\306UNo\372I>\275\207\345\241"
 270      71A6A16B 
 270      C6554E6F 
 270      FA493EBD 
 270      87E5A1
 271 08a5 1F56721D 		.ascii	"\037Vr\035\241\\\005w\272*\035q\023\343\252\255z\177"
 271      A15C0577 
 271      BA2A1D71 
 271      13E3AAAD 
 271      7A7F
 272 08b7 CF4DE41A 		.ascii	"\317M\344\032\330n\033\305r\231\252\\Iu\224R\355.n\330"
 272      D86E1BC5 
 272      7299AA5C 
 272      49759452 
 272      ED2E6ED8 
 273 08cb AEC67D8C 		.ascii	"\256\306}\214\352]u\352!y\246x\015\331\314\224c2\327"
 273      EA5D75EA 
 273      2179A678 
 273      0DD9CC94 
 273      6332D7
 274 08de 3125D771 		.ascii	"1%\327q\312\325\364\360h\035\354h\214\253\264)\351\370"
 274      CAD5F4F0 
 274      681DEC68 
 274      8CABB429 
 274      E9F8
 275 08f0 1CEB4C59 		.ascii	"\034\353LYZj;S*d\262\012%\331\011J\326\177\360I\226"
 275      5A6A3B53 
 275      2A64B20A 
 275      25D9094A 
 275      D67FF049 
 276 0905 1BDEA6A1 		.ascii	"\033\336\246\241do/\334\310\302\322L9`;\306J\231\252"
 276      646F2FDC 
 276      C8C2D24C 
 276      39603BC6 
 276      4A99AA
 277 0918 52497592 		.ascii	"RIu\222R\215].\035\023\313\316]\244\370\277\360\376"
 277      528D5D2E 
 277      1D13CBCE 
 277      5DA4F8BF 
 277      F0FE
 278 092a 79B32BCE 		.ascii	"y\263+\316d\324\345\255\015=\3422N&\235%7\366\2168\342"
 278      64D4E5AD 
 278      0D3DE232 
 278      4E269D25 
 278      37F68E38 
 279 093f 7DAC333F 		.ascii	"}\2543?\247q+\034\366\230\"\235!<\3043D\321\231\376"
 279      A7712B1C 
 279      F698229D 
ARM GAS  /tmp/cc7vD8IO.s 			page 22


 279      213CC433 
 279      44D199FE 
 280 0953 77081F63 		.ascii	"w\010\037c\235\265\365\251P\016T3%\371~\322\015\021"
 280      9DB5F5A9 
 280      500E5433 
 280      25F97ED2 
 280      0D11
 281 0965 3949F40F 		.ascii	"9I\364\017uo\356\270\341\213\254\363\303\323\256B\261"
 281      756FEEB8 
 281      E18BACF3 
 281      C3D3AE42 
 281      B1
 282 0976 921F26FA 		.ascii	"\222\037&\372\236\352\201aw\334\304:3,\343c\256\270"
 282      9EEA8161 
 282      77DCC43A 
 282      332CE363 
 282      AEB8
 283 0988 95293D05 		.ascii	"\225)=\005\273\213\325\0149H\364\003\357\336%\250q\007"
 283      BB8BD50C 
 283      3948F403 
 283      EFDE25A8 
 283      7107
 284 099a EBECD89A 		.ascii	"\353\354\330\232U\344\210{\304\370\014\035\032v\304"
 284      55E4887B 
 284      C4F80C1D 
 284      1A76C4
 285 09a9 8F996219 		.ascii	"\217\231b\031\333?\242\305\303LI,\272\231\352\204\247"
 285      DB3FA2C5 
 285      C34C492C 
 285      BA99EA84 
 285      A7
 286 09ba 9932D6BD 		.ascii	"\2312\326\275\263^\213a\232\321\025\320\370\340\206"
 286      B35E8B61 
 286      9AD115D0 
 286      F8E086
 287 09c9 06A73165 		.ascii	"\006\2471e\313`E\022\3069L\031i\267\2448\343\002\246"
 287      CB604512 
 287      C6394C19 
 287      69B7A438 
 287      E302A6
 288 09dc B46ECFCC 		.ascii	"\264n\317\314\026\360a\246H\233\234\007\333\344>\354"
 288      16F061A6 
 288      489B9C07 
 288      DBE43EEC 
 289 09ec 1B3EA0C5 		.ascii	"\033>\240\305\225\254\357\\ab\231\006\237cJB\333\316"
 289      95ACEF5C 
 289      61629906 
 289      9F634A42 
 289      DBCE
 290 09fe 1E2DBECC 		.ascii	"\036-\276\314\224c\203I\265N\270E\204\265N\225\273\343"
 290      94638349 
 290      B54EB845 
 290      84B54E95 
 290      BBE3
 291 0a10 9BA2D27D 		.ascii	"\233\242\322}J\207\373\330\375\317\203\325Ys\360\023"
 291      4A87FBD8 
 291      FDCF83D5 
ARM GAS  /tmp/cc7vD8IO.s 			page 23


 291      5973F013 
 292 0a20 A6DCEF7D 		.ascii	"\246\334\357}\222\342\216\207\231\262\355b\366yg<-\272"
 292      92E28E87 
 292      99B2ED62 
 292      F679673C 
 292      2DBA
 293 0a32 DDDF8770 		.ascii	"\335\337\207p<\373\375\357yJm\227\200S\231RV\275\363"
 293      3CFBFDEF 
 293      794A6D97 
 293      80539952 
 293      56BDF3
 294 0a45 BE03CE66 		.ascii	"\276\003\316f\312\203\252\204\0115\316e\312\221wy\355"
 294      CA83AA84 
 294      0935CE65 
 294      CA917779 
 294      ED
 295 0a56 CE388F29 		.ascii	"\3168\217)\355g\373\037\271\343\022\2464m\335)\035\375"
 295      ED67FB1F 
 295      B9E312A6 
 295      346DDD29 
 295      1DFD
 296 0a68 72484A87 		.ascii	"rHJ\207~\252\254s\024\317\275\316\240?\333\221W\244"
 296      7EAAAC73 
 296      14CFBDCE 
 296      A03FDB91 
 296      57A4
 297 0a7a C66514EC 		.ascii	"\306e\024\354\271\373\316x+=\007\360\237y\334a\300\372"
 297      B9FBCE78 
 297      2B3D07F0 
 297      9F79DC61 
 297      C0FA
 298 0a8c 61B54367 		.ascii	"a\265Cg\233\303\361\223E\260\260\213\026\320\372\241"
 298      9BC3F193 
 298      45B0B08B 
 298      16D0FAA1 
 299 0a9c 0626EA10 		.ascii	"\006&\352\020\367\302D\325\202\262F\333\207\345r\343"
 299      F7C244D5 
 299      82B246DB 
 299      87E572E3 
 300 0aac 9412FECB 		.ascii	"\224\022\376\313,x.\007oV\302\355\2349r8|\207\022?\273"
 300      2C782E07 
 300      6F56C2ED 
 300      9C397238 
 300      7C87123F 
 301 0ac1 066CE6F1 		.ascii	"\006l\346\361\267\224\370Y\2451\333\302E\270E\011\037"
 301      B794F859 
 301      A531DBC2 
 301      45B84509 
 301      1F
 302 0ad2 99455FC7 		.ascii	"\231E_\307\217\366\254\375\340HxR\025\215\356\305\254"
 302      8FF6ACFD 
 302      E0487852 
 302      158DEEC5 
 302      AC
 303 0ae3 BA82F319 		.ascii	"\272\202\363\031:/\342\255\245\3339et\006x\372>\373"
 303      3A2FE2AD 
 303      A5DB3965 
ARM GAS  /tmp/cc7vD8IO.s 			page 24


 303      740678FA 
 303      3EFB
 304 0af5 C1E4DD79 		.ascii	"\301\344\335y\226\316\341\273\224\370Y\365\364\000\017"
 304      96CEE1BB 
 304      94F859F5 
 304      F4000F
 305 0b04 BFAB84CF 		.ascii	"\277\253\204\317:\356<\343s\325\250\204\317:\224\014"
 305      3AEE3CE3 
 305      73D5A884 
 305      CF3A940C 
 306 0b14 F0B1AC55 		.ascii	"\360\261\254U\302/(\307\332\314\217\365\214\022~Z\011"
 306      C22F28C7 
 306      DACC8FF5 
 306      8C127E5A 
 306      09
 307 0b25 9FE69DA9 		.ascii	"\237\346\235\251W\302\271\"\230/6{\241x\351\241L\004"
 307      57C2B922 
 307      982F367B 
 307      A178E9A1 
 307      4C04
 308 0b37 4D2ACDD7 		.ascii	"M*\315\327P\215\275\207J\361)\310 \310\030\251 A\336"
 308      508DBD87 
 308      4AF129C8 
 308      20C818A9 
 308      2041DE
 309 0b4a 813C2095 		.ascii	"\201< \225'\206\312\022d\000\356\207A\246A^\201L\202"
 309      2786CA12 
 309      6400EE87 
 309      41A6415E 
 309      814C82
 310 0b5d 8C838C82 		.ascii	"\214\203\214\202\334\007\231\002y\0062\001\362\222T"
 310      DC079902 
 310      79063201 
 310      F29254
 311 0b6c AB206F41 		.ascii	"\253 oA\036\222J\025\354\237\303u\004\3441\310=\220"
 311      1E924A15 
 311      EC9FC375 
 311      04E431C8 
 311      3D90
 312 0b7e 47202F48 		.ascii	"G /H5\013\322\017\362\304\346\030:\315\317\332k\312"
 312      350BD20F 
 312      F2C4E618 
 312      3ACDCFDA 
 312      6BCA
 313 0b90 C17521E5 		.ascii	"\301u!\345\264z\226\303M\253\353\312i5\373\270\301g"
 313      B47A96C3 
 313      4DABEBCA 
 313      6935FBB8 
 313      C167
 314 0ba2 E6A2FDCC 		.ascii	"\346\242\375\314\330\034\244\370X_\265\277H\371# ?\255"
 314      D81CA4F8 
 314      585FB5BF 
 314      48F92320 
 314      3FAD
 315 0bb4 EED89F85 		.ascii	"\356\330\237\2056')\2027\317%0\333\223\024\324\316\265"
 315      36272982 
 315      37CF2530 
ARM GAS  /tmp/cc7vD8IO.s 			page 25


 315      DB9314D4 
 315      CEB5
 316 0bc6 6DB9B80C 		.ascii	"m\271\270\014\336\341\333\035i\341\323\252dk\231\345"
 316      DEE1DB1D 
 316      69E1D3AA 
 316      646B99E5 
 317 0bd6 EC28EF6C 		.ascii	"\354(\357l\203\375Y\312\343\247yo;\225\370Y\007\363"
 317      83FD59CA 
 317      E3A7796F 
 317      3B95F859 
 317      07F3
 318 0be8 3A9EBECD 		.ascii	":\236\276\315\276;\336rf\006r\271\3144)3ssV\350\370"
 318      BE3BDE72 
 318      660672B9 
 318      CC342933 
 318      737356E8 
 319 0bfd C4B7DB4F 		.ascii	"\304\267\333O<\277f\370D^\266\277]\361\276\363\354\267"
 319      3CBF66F8 
 319      445EB6BF 
 319      5DF1BEF3 
 319      ECB7
 320 0c0f ED0FD53A 		.ascii	"\355\017\325:\255 \366u\022=\011\375\025\373k\214\017"
 320      AD20F675 
 320      123D09FD 
 320      15FB6B8C 
 320      0F
 321 0c20 E55D3E94 		.ascii	"\345]>\224\335v\367\023~\257\345\027|\225\375\005\317"
 321      DD76F713 
 321      7EAFE517 
 321      7C95FD05 
 321      CF
 322 0c31 7BD391C3 		.ascii	"{\323\221\303ys\323\376V\316/\212\273\374^[\247\014"
 322      7973D3FE 
 322      56CE2F8A 
 322      BBFC5E5B 
 322      A70C
 323 0c43 FDA5596F 		.ascii	"\375\245Yo\">87\354\277Y\274\305s\357xyy\257+~I\337"
 323      223E3837 
 323      ECBF59BC 
 323      C573EF78 
 323      7979AF2B 
 324 0c5a A9427CD9 		.ascii	"\251B|\331h\015\262\236{\207\366\341x\362\263@\"\236"
 324      680DB29E 
 324      7B87F6E1 
 324      78F2B340 
 324      229E
 325 0c6c 87E2B1B5 		.ascii	"\207\342\261\265\254#s\333\376^\204\022\260\327\377"
 325      AC2373DB 
 325      FE5E8412 
 325      B0D7FF
 326 0c7b DBED88FC 		.ascii	"\333\355\210\374\024\272\253\251F\303\037\230\311\310"
 326      14BAABA9 
 326      46C31F98 
 326      C9C8
 327 0c89 E423E536 		.ascii	"\344#\3456\314\016\314p%\247\214\216\264D\007<\305*"
 327      CC0ECC70 
 327      25A78C8E 
ARM GAS  /tmp/cc7vD8IO.s 			page 26


 327      B444073C 
 327      C52A
 328 0c9b 134B6F45 		.ascii	"\023KoE\205\006\233\331\2770g\036^\354w\306ITq\264\024"
 328      85069BD9 
 328      BF30671E 
 328      5EEC77C6 
 328      495471B4 
 329 0cb0 7754BB43 		.ascii	"wT\273C\031\3425O*4\372z<2\255?\230l\207\270\355\304"
 329      19E2354F 
 329      2A34FA7A 
 329      3C32AD3F 
 329      986C87B8 
 330 0cc6 1FD933C4 		.ascii	"\037\3313\304\311\363'9YI\366\341\336\362\0163\321\315"
 330      C9F32739 
 330      5949F6E1 
 330      DEF20E33 
 330      D1CD
 331 0cd8 7EAB0114 		.ascii	"~\253\001\024\277\303\360\351\220\177\302&T$\027\251"
 331      BFC3F0E9 
 331      907FC226 
 331      542417A9 
 332 0ce8 90973488 		.ascii	"\220\2274\210U:\310\016\220\024\314o\321\365\274\303"
 332      553AC80E 
 332      9014CC6F 
 332      D1F5BCC3 
 333 0cf8 C94A0F94 		.ascii	"\311J\017\224s\275\371O\266\013c6\330\372\233J\316\303"
 333      73BDF94F 
 333      B60B6336 
 333      D8FA9B4A 
 333      CEC3
 334 0d0a 997E84D3 		.ascii	"\231~\204\323h\240\204\\\313\245c\202un=\356Q\223\337"
 334      68A0845C 
 334      CBA56382 
 334      756E3DEE 
 334      5193DF
 335 0d1d 5432C178 		.ascii	"T2\301x\227<\265\310\240\354\217\005e\300\020\376\326"
 335      973CB5C8 
 335      A0EC8F05 
 335      65C010FE 
 335      D6
 336 0d2e 70E0918D 		.ascii	"p\340\221\215%\351c\230Oq\246M\212\263\304\024g\321"
 336      25E96398 
 336      4F71A64D 
 336      8AB3C414 
 336      67D1
 337 0d40 14BFE8A9 		.ascii	"\024\277\350\251lR\363\340f\233\177\323\354\026\301"
 337      6C52F3E0 
 337      669B7FD3 
 337      EC16C1
 338 0d4f E4AA59F3 		.ascii	"\344\252Y\363\345\327\237\352\275\275U.F\343\246\360"
 338      E5D79FEA 
 338      BDBD552E 
 338      46E3A6F0 
 339 0d5f A8B8653E 		.ascii	"\250\270e>\306\270P]Xt\244I\367\027\223\351\317\246"
 339      C6B8505D 
 339      5874A449 
 339      F71793E9 
ARM GAS  /tmp/cc7vD8IO.s 			page 27


 339      CFA6
 340 0d71 A8505DF4 		.ascii	"\250P]\364\3068\335w!!\213\203c\"\027GEG\231\026\233"
 340      C638DD77 
 340      21218B83 
 340      63221747 
 340      45479916 
 341 0d86 8237842F 		.ascii	"\2027\204/\376b\261\317R\357\337-\376\336{\361\246\215"
 341      FE62B1CF 
 341      52EFDF2D 
 341      FEDE7BF1 
 341      A68D
 342 0d98 A1C17126 		.ascii	"\241\301q&\235M\267.<*$bS\250I\027\031\034\022\026\036"
 342      9D4DB72E 
 342      3C2A2462 
 342      53A84917 
 342      191C1216 
 343 0dad 65D21943 		.ascii	"e\322\031CM\337\006o\212\2103\306\375\270\321\024\273"
 343      4DDF066F 
 343      8A8833C6 
 343      FDB8D114 
 343      BB
 344 0dbe 244CA591 		.ascii	"$L\245\221\236\366\237\377\213O\213\3751Vg\214\215\013"
 344      9EF69FFF 
 344      8B4F8BFD 
 344      3156678C 
 344      8D0B
 345 0dd0 056AF288 		.ascii	"\005j\362\210oL!q\3211\253\226\376v\311\022\235>,|C"
 345      6F4C2171 
 345      D131AB96 
 345      FE76C912 
 345      9D3E2C7C 
 346 0de5 F85741BA 		.ascii	"\370WA\272\350X]Xp\204nctL\\\254.h}\3402\037\335\332"
 346      E8585D58 
 346      70846E63 
 346      744C5CAC 
 346      2E687DE0 
 347 0dfd B5BEBAF5 		.ascii	"\265\276\272\365\001\201?x\223\03607FD\204.\011Q\271"
 347      01813F78 
 347      931E3037 
 347      4644842E 
 347      0951B9
 348 0e10 B23B6378 		.ascii	"\262;cxTx\234\207\221\030\030\303c\2767\2326\206GD\177"
 348      54789C87 
 348      911818C3 
 348      63BE379A 
 348      36864744 
 349 0e25 B7C9A4B3 		.ascii	"\267\311\244\263%\015\211\216\214\214\216\022yW\032"
 349      250D898E 
 349      8C8C8E12 
 349      79571A
 350 0e34 02F5819B 		.ascii	"\002\365\201\233u!a!\3211&\343\017\277\213\004o\346"
 350      75216121 
 350      D13126E3 
 350      0FBF8B04 
 350      6FE6
 351 0e46 1B43377C 		.ascii	"\033C7|g\014\0113\205\374\331\030a\012\376\301d\014"
 351      670C0933 
ARM GAS  /tmp/cc7vD8IO.s 			page 28


 351      85FCD918 
 351      610AFEC1 
 351      640C
 352 0e58 8F8DF9B5 		.ascii	"\217\215\371\265-IL\234u(!a\241\246\015\233\276\003"
 352      2D494C9C 
 352      75282161 
 352      A1A60D9B 
 352      BE03
 353 0e6a C37FE40C 		.ascii	"\303\177\344\0147EED\303\345\333\230\350Hb\356\021\022"
 353      37454544 
 353      C3E5DB98 
 353      E84862EE 
 353      1112
 354 0e7c 16F463EC 		.ascii	"\026\364c\354\372\360HS\214\177pTh\204)&\340\263\277"
 354      FAF04853 
 354      8C7F7054 
 354      68842926 
 354      E0B3BF
 355 0e8f C208E101 		.ascii	"\302\010\341\001\276\005\274#<\033\357\241)*\316\024"
 355      BE05BC23 
 355      3C1BEFA1 
 355      292ACE14 
 356 0e9f 431AE746 		.ascii	"C\032\347F\375\020\036\342\027\025\274!\302\304\302"
 356      FD101EE2 
 356      1715BC21 
 356      C2C4C2
 357 0eae B9F863C1 		.ascii	"\271\370c\301\024# \216\235\230\301\303\034\364\372"
 357      1423208E 
 357      9D98C1C3 
 357      1CF4FA
 358 0ebd 40C332E1 		.ascii	"@\3032\341+\203\3327p\245\001\373\352\015\352U\276\353"
 358      2B83DA37 
 358      70A501FB 
 358      EA0DEA55 
 358      BEEB
 359 0ecf 0D58AF37 		.ascii	"\015X\2577`\003\310J\203\001\257\013\322c\375\227\353"
 359      6003C84A 
 359      8301AF0B 
 359      D263FD97 
 359      EB
 360 0ee0 D57ABD9F 		.ascii	"\325z\275\237\201\342}\350\2677\366[c\020\202\3002\300"
 360      81E27DE8 
 360      B737F65B 
 360      631082C0 
 360      32C0
 361 0ef2 CFA00E0A 		.ascii	"\317\240\016\012\004\264\336\340\003\342\015\310\377"
 361      04B4DEE0 
 361      03E20DC8 
 361      FF
 362 0eff 302CFF7B 		.ascii	"0,\377{\223\032\033\027I\346Y8I\202\253U1\306\251C\302"
 362      931A1B17 
 362      49E65938 
 362      4982AB55 
 362      31C6A943 
 363 0f14 82633CA2 		.ascii	"\202c<\242c\203# \206k!\020\253!\016\001A\206\317f\023"
 363      63832320 
 363      866B2110 
ARM GAS  /tmp/cc7vD8IO.s 			page 29


 363      AB210E01 
 363      4186CF66 
 364 0f29 13100925 		.ascii	"\023\020\011%\271\002\313\\\032v\316\304\203\316\016"
 364      B902CB5C 
 364      1A76CEC4 
 364      83CE0E
 365 0f38 9B603A5B 		.ascii	"\233`:[\233\334\214\306XS\234q\325\312 \277u\206\000"
 365      9BDC8CC6 
 365      58539C71 
 365      D5CA20BF 
 365      758600
 366 0f4b B7E088BF 		.ascii	"\267\340\210\277\004\377\030\013\263*\002\326\3052\273"
 366      04FF180B 
 366      B32A02D6 
 366      C532BB
 367 0f5a 93C8B439 		.ascii	"\223\310\2649N\247\017\014\012\010\222s\027\031\033"
 367      4EA70F0C 
 367      0A089273 
 367      17191B
 368 0f69 1E6B8475 		.ascii	"\036k\204u\001O\237G\274\370\3126\353\363\305a|M\347"
 368      014F9F47 
 368      BCF8CA36 
 368      EBF3C561 
 368      7C4DE7
 369 0f7c 87E41575 		.ascii	"\207\344\025u\323\246i>\365J1\213\\\271F\215\376\017"
 369      D3A6693E 
 369      F54A318B 
 369      5CB9468D 
 369      FE0F
 370 0f8e 6B56AEF7 		.ascii	"kV\256\367\373\322\340\344\253\377\203~\365\032\203"
 370      FBD2E0E4 
 370      ABFF837E 
 370      F51A83
 371 0f9d CBBAB5   		.ascii	"\313\272\265"
 372 0fa0 6B835606 		.ascii	"k\203V\006H\267\001>A\344\326!(H\277\306\340l\360\013"
 372      48B7013E 
 372      41E4D621 
 372      2848BFC6 
 372      E06CF00B 
 373 0fb4 F2337CE3 		.ascii	"\3623|\343\347\373\005\326\007\221\304\352\345\246\337"
 373      E7FB05D6 
 373      0791C4EA 
 373      E5A6DF
 374 0fc3 3AAF5CB7 		.ascii	":\257\\\267\312g\355:\240\"w\336\354N\352]\356\274\322"
 374      CA67ED3A 
 374      A02277DE 
 374      EC4EEA5D 
 374      EEBCD2
 375 0fd6 7FD532B1 		.ascii	"\177\3252\261\327\337\212\363W\342\2269\021\026\342"
 375      D7DF8AF3 
 375      57E29639 
 375      1116E2
 376 0fe5 0EE1E07B 		.ascii	"\016\341\340{|\234\010\003\355\361\027\021\376\266\010"
 376      7C9C0803 
 376      EDF11711 
 376      FEB608
 377 0ff4 6F0DB135 		.ascii	"o\015\2615\004\2557\220\033orc"
ARM GAS  /tmp/cc7vD8IO.s 			page 30


 377      04AD3790 
 377      1B6F7263 
 378 1000 ED5BAA21 		.ascii	"\355[\252!\326\254\317_\002\3713\020\326\007\030\324"
 378      D6ACCF5F 
 378      02F93310 
 378      D60718D4 
 379 1010 64904E30 		.ascii	"d\220N0^r\025\364\006\215\030\015\237\177\373\033\011"
 379      5E7215F4 
 379      068D180D 
 379      9F7FFB1B 
 379      09
 380 1021 0B5ACFE6 		.ascii	"\013Z\317\346\337\352\345\2337\263\231\367\355\362\345"
 380      DFEAE59B 
 380      37B399F7 
 380      EDF2E5
 381 1030 5F6CDE4C 		.ascii	"_l\336L\346\236A\2577\256\207\355\317\327\364\255#\361"
 381      E69E41AF 
 381      37AE87ED 
 381      CFD7F4AD 
 381      23F1
 382 1042 68F51F1D 		.ascii	"h\365\037\035\003|\365_\371\372\021\315g\365\037\335"
 382      037CF55F 
 382      F9FA11CD 
 382      67F51FDD 
 383 1052 7D57AD09 		.ascii	"}W\255\011\324\177-a\376\007\025\255\275\023"
 383      D47F2D61 
 383      FE0715AD 
 383      BD13
 384              		.text
 385              		.section	.gnu.lto_.symtab.db852fbbae778df6,"",%progbits
 386 0000 56656374 		.ascii	"VectorB0\000"
 386      6F724230 
 386      00
 387 0009 00       		.ascii	"\000"
 388 000a 00       		.ascii	"\000"
 389 000b 00       		.ascii	"\000"
 390 000c 00000000 		.ascii	"\000\000\000\000\000\000\000\000"
 390      00000000 
 391 0014 B8000000 		.ascii	"\270\000\000\000"
 392 0018 73745F6C 		.ascii	"st_lld_init\000"
 392      6C645F69 
 392      6E697400 
 393 0024 00       		.ascii	"\000"
 394 0025 00       		.ascii	"\000"
 395 0026 00       		.ascii	"\000"
 396 0027 00000000 		.ascii	"\000\000\000\000\000\000\000\000"
 396      00000000 
 397 002f BA000000 		.ascii	"\272\000\000\000"
 398 0033 5F706F72 		.ascii	"_port_irq_epilogue\000"
 398      745F6972 
 398      715F6570 
 398      696C6F67 
 398      756500
 399 0046 00       		.ascii	"\000"
 400 0047 02       		.ascii	"\002"
 401 0048 00       		.ascii	"\000"
 402 0049 00000000 		.ascii	"\000\000\000\000\000\000\000\000"
ARM GAS  /tmp/cc7vD8IO.s 			page 31


 402      00000000 
 403 0051 BC000000 		.ascii	"\274\000\000\000"
 404 0055 5F646267 		.ascii	"_dbg_check_leave_isr\000"
 404      5F636865 
 404      636B5F6C 
 404      65617665 
 404      5F697372 
 405 006a 00       		.ascii	"\000"
 406 006b 02       		.ascii	"\002"
 407 006c 00       		.ascii	"\000"
 408 006d 00000000 		.ascii	"\000\000\000\000\000\000\000\000"
 408      00000000 
 409 0075 BE000000 		.ascii	"\276\000\000\000"
 410 0079 5F646267 		.ascii	"_dbg_check_unlock_from_isr\000"
 410      5F636865 
 410      636B5F75 
 410      6E6C6F63 
 410      6B5F6672 
 411 0094 00       		.ascii	"\000"
 412 0095 02       		.ascii	"\002"
 413 0096 00       		.ascii	"\000"
 414 0097 00000000 		.ascii	"\000\000\000\000\000\000\000\000"
 414      00000000 
 415 009f C0000000 		.ascii	"\300\000\000\000"
 416 00a3 63685379 		.ascii	"chSysTimerHandlerI\000"
 416      7354696D 
 416      65724861 
 416      6E646C65 
 416      724900
 417 00b6 00       		.ascii	"\000"
 418 00b7 02       		.ascii	"\002"
 419 00b8 00       		.ascii	"\000"
 420 00b9 00000000 		.ascii	"\000\000\000\000\000\000\000\000"
 420      00000000 
 421 00c1 C2000000 		.ascii	"\302\000\000\000"
 422 00c5 5F646267 		.ascii	"_dbg_check_lock_from_isr\000"
 422      5F636865 
 422      636B5F6C 
 422      6F636B5F 
 422      66726F6D 
 423 00de 00       		.ascii	"\000"
 424 00df 02       		.ascii	"\002"
 425 00e0 00       		.ascii	"\000"
 426 00e1 00000000 		.ascii	"\000\000\000\000\000\000\000\000"
 426      00000000 
 427 00e9 C4000000 		.ascii	"\304\000\000\000"
 428 00ed 5F646267 		.ascii	"_dbg_check_enter_isr\000"
 428      5F636865 
 428      636B5F65 
 428      6E746572 
 428      5F697372 
 429 0102 00       		.ascii	"\000"
 430 0103 02       		.ascii	"\002"
 431 0104 00       		.ascii	"\000"
 432 0105 00000000 		.ascii	"\000\000\000\000\000\000\000\000"
 432      00000000 
 433 010d C6000000 		.ascii	"\306\000\000\000"
ARM GAS  /tmp/cc7vD8IO.s 			page 32


 434 0111 6E766963 		.ascii	"nvicEnableVector\000"
 434      456E6162 
 434      6C655665 
 434      63746F72 
 434      00
 435 0122 00       		.ascii	"\000"
 436 0123 02       		.ascii	"\002"
 437 0124 00       		.ascii	"\000"
 438 0125 00000000 		.ascii	"\000\000\000\000\000\000\000\000"
 438      00000000 
 439 012d CB000000 		.ascii	"\313\000\000\000"
 440              		.text
 441              		.section	.gnu.lto_.opts,"",%progbits
 442 0000 272D666D 		.ascii	"'-fmath-errno' '-fsigned-zeros' '-ftrapping-math' '"
 442      6174682D 
 442      6572726E 
 442      6F272027 
 442      2D667369 
 443 0033 2D666E6F 		.ascii	"-fno-trapv' '-fno-openmp' '-fno-openacc' '-mcpu=cor"
 443      2D747261 
 443      70762720 
 443      272D666E 
 443      6F2D6F70 
 444 0066 7465782D 		.ascii	"tex-m4' '-mfloat-abi=hard' '-mfpu=fpv4-sp-d16' '-mn"
 444      6D342720 
 444      272D6D66 
 444      6C6F6174 
 444      2D616269 
 445 0099 6F2D7468 		.ascii	"o-thumb-interwork' '-mthumb' '-ggdb' '-O2' '-fomit-"
 445      756D622D 
 445      696E7465 
 445      72776F72 
 445      6B272027 
 446 00cc 6672616D 		.ascii	"frame-pointer' '-falign-functions=16' '-ffunction-s"
 446      652D706F 
 446      696E7465 
 446      72272027 
 446      2D66616C 
 447 00ff 65637469 		.ascii	"ections' '-fdata-sections' '-fno-common' '-flto' '-"
 447      6F6E7327 
 447      20272D66 
 447      64617461 
 447      2D736563 
 448 0132 6673696E 		.ascii	"fsingle-precision-constant'\000"
 448      676C652D 
 448      70726563 
 448      6973696F 
 448      6E2D636F 
 449              		.text
 450              		.comm	__gnu_lto_v1,1,1
 451              		.comm	__gnu_lto_slim,1,1
 452              		.ident	"GCC: (GNU Tools for ARM Embedded Processors 6-2017-q1-update) 6.3.1 20170215 (release) [AR
ARM GAS  /tmp/cc7vD8IO.s 			page 33


DEFINED SYMBOLS
                            *ABS*:0000000000000000 hal_st_lld.c
                            *COM*:0000000000000001 __gnu_lto_v1
                            *COM*:0000000000000001 __gnu_lto_slim

NO UNDEFINED SYMBOLS
