ARM GAS  /tmp/ccA21SfW.s 			page 1


   1              		.cpu cortex-m4
   2              		.eabi_attribute 27, 1
   3              		.eabi_attribute 28, 1
   4              		.eabi_attribute 20, 1
   5              		.eabi_attribute 21, 1
   6              		.eabi_attribute 23, 3
   7              		.eabi_attribute 24, 1
   8              		.eabi_attribute 25, 1
   9              		.eabi_attribute 26, 1
  10              		.eabi_attribute 30, 2
  11              		.eabi_attribute 34, 1
  12              		.eabi_attribute 18, 4
  13              		.file	"hal_st.c"
  14              		.text
  15              	.Ltext0:
  16              		.section	.gnu.lto_.profile.94c21e155f4790c8,"",%progbits
  17 0000 789C6365 		.ascii	"x\234ce`b`a```d\220\342\001\000\000\300\0003"
  17      60626061 
  17      60606064 
  17      90E20100 
  17      00C00033 
  18              		.text
  19              		.section	.gnu.lto_.icf.94c21e155f4790c8,"",%progbits
  20 0000 789C6365 		.ascii	"x\234ce`bP`@\000V\206\256\177G\27613\036\276~\373\006"
  20      60625060 
  20      40005686 
  20      AE7F47BE 
  20      31331EBE 
  21 0017 1FD38BFF 		.ascii	"\037\323\213\377\223\247p3_=vd3\037\313\361\203\227"
  21      93A77033 
  21      5F3D7664 
  21      331FCBF1 
  21      8397
  22 0029 BAB91800 		.ascii	"\272\271\030\000\022\014\017\377"
  22      120C0FFF 
  23              		.text
  24              		.section	.gnu.lto_.jmpfuncs.94c21e155f4790c8,"",%progbits
  25 0000 789C6365 		.ascii	"x\234ce`b\020c@\000V\020\301\010\004\365L\014\014\314"
  25      60621063 
  25      40005610 
  25      C10804F5 
  25      4C0C0CCC 
  26 0014 209A0528 		.ascii	" \232\005(\000\000\016\012\0011"
  26      00000E0A 
  26      0131
  27              		.text
  28              		.section	.gnu.lto_.inline.94c21e155f4790c8,"",%progbits
  29 0000 789C6365 		.ascii	"x\234ce`bHe@\000V\006\006\026\036F\240 \003\003\333"
  29      60624865 
  29      40005606 
  29      06161E46 
  29      A0200303 
  30 0015 027910C5 		.ascii	"\002y\020\305\300\310\005\"\030\330X\201\302l\037\364"
  30      C0C80522 
  30      18D85881 
  30      C26C1FF4 
  31 0025 E0E24C0C 		.ascii	"\340\342L\014,\314@!\246\013\374p!fL!\026L!\006\000"
ARM GAS  /tmp/ccA21SfW.s 			page 2


  31      2CCC4021 
  31      A60BFC70 
  31      21664C21 
  31      164C2106 
  32 003a 9CEB0870 		.ascii	"\234\353\010p"
  33              		.text
  34              		.section	.gnu.lto_.pureconst.94c21e155f4790c8,"",%progbits
  35 0000 789C6365 		.ascii	"x\234ce`b\340f```e\220`\224b\222b\226b\221\002\000\004"
  35      6062E066 
  35      60606065 
  35      90609462 
  35      92629662 
  36 0018 1000A2   		.ascii	"\020\000\242"
  37              		.text
  38              		.section	.gnu.lto_stInit.94c21e155f4790c8,"",%progbits
  39 0000 789C254D 		.ascii	"x\234%M\275\016\001a\020\334\371>?\227\210\007\020\205"
  39      BD0E0161 
  39      10DCF93E 
  39      3F978807 
  39      1085
  40 0012 28AFB97B 		.ascii	"(\257\271{\010\017\240\360\000\202\206D\"q\372\373P"
  40      080FA0F0 
  40      00828644 
  40      2271FAFB 
  40      50
  41 0023 48286844 		.ascii	"H(hD\256:\241@%\312\353.\036@\241\245Rh\320K\204\263"
  41      AE3AA140 
  41      25CAEB2E 
  41      1E40A1A5 
  41      5268D04B 
  42 0039 1F934C66 		.ascii	"\037\223Lf\2633;\033'AK\"\3123\263LH\202\230\034\210"
  42      B3333B1B 
  42      27414B22 
  42      CA33B34C 
  42      4882981C 
  43 004e BA8600F4 		.ascii	"\272\206\000\364\240\014\220+\340b,g\022\373\3015\020"
  43      A00C902B 
  43      E0622C67 
  43      12FBC135 
  43      10
  44 005f E64A31C2 		.ascii	"\346J1\302\3313\243\326!|I\34415\260\202I\034\273\354"
  44      D933A3D6 
  44      217C49E4 
  44      3135B082 
  44      491CBBEC 
  45 0073 3ED37422 		.ascii	">\323t\"\366\337c\215\004X\267G\204\352\023\015Tx^ "
  45      F6DF638D 
  45      0458B747 
  45      84EA130D 
  45      54785E20 
  46 0087 8AB33564 		.ascii	"\212\2635d\352\037#)\264\312\033\372\363WV\347uI\020"
  46      EA1F2329 
  46      B4CA1BFA 
  46      F35756E7 
  46      754910
  47 009a DC4F49F7 		.ascii	"\334OI\367\255\014_\302\223\334\200\015\\\3629\373@"
  47      AD0C5FC2 
ARM GAS  /tmp/ccA21SfW.s 			page 3


  47      93DC800D 
  47      5CF239FB 
  47      40
  48 00ab 6F1EA57E 		.ascii	"o\036\245~9\215!\233|.\210r\226e\027\352\215j\243X\262"
  48      398D219B 
  48      7C2E8872 
  48      966517EA 
  48      8D6AA358 
  49 00c0 5B8E5DAF 		.ascii	"[\216]\2574m\247]\323Zv:V\215\276\3578A\343"
  49      346DA75D 
  49      D35A763A 
  49      568DBEEF 
  49      3841E3
  50              		.text
  51              		.section	.gnu.lto_stStartAlarm.94c21e155f4790c8,"",%progbits
  52 0000 789C9D52 		.ascii	"x\234\235RMh\023A\024\236o'\335\204\240\365\250`\300"
  52      4D681341 
  52      149E6F27 
  52      DD84A0F5 
  52      A860C0
  53 0013 2296D21E 		.ascii	"\"\226\322\036\262D\021\274+\202\320\342\241\275\227"
  53      B24411BC 
  53      2B82D0E2 
  53      A1BD97
  54 0022 36151288 		.ascii	"6\025\022\210T\232\340\321NCb1\365\017\245\255)\226"
  54      549AE0D1 
  54      4E436231 
  54      F50FA5AD 
  54      2996
  55 0034 0D44491B 		.ascii	"\015DI\033M\223T\255\215V\\\202\340\251\365\357\252"
  55      4D9354AD 
  55      8D565C82 
  55      E0A9F5EF 
  55      AA
  56 0045 34282D15 		.ascii	"4(-\025\"\370\023\024\021\032\337LV\251x\021\007f\337"
  56      22F81314 
  56      111ADF4C 
  56      56A97811 
  56      0766DF
  57 0058 BCB7DFFB 		.ascii	"\274\267\337\373\336\367\336L\023\323XIcl\2001\266\233"
  57      DEF7DE4C 
  57      13D35849 
  57      636C8031 
  57      B69B
  58 006a 36388376 		.ascii	"68\203vy\205\261\021\227\006\310\203p\201\015k\030\306"
  58      7985B111 
  58      9706C883 
  58      70810D6B 
  58      18C6
  59 007c 253EC951 		.ascii	"%>\311Q\036]/i\355\031A\313\232\\\324\317\212\370.\223"
  59      1E5D2F69 
  59      ED1941CB 
  59      9A5CD4CF 
  59      8AF82E93 
  60 0090 3396A42D 		.ascii	"3\226\244-\0272h'\324\213X\341:\277\310M\0168\310\375"
  60      17326827 
  60      D48B58E1 
ARM GAS  /tmp/ccA21SfW.s 			page 4


  60      3ABFC84D 
  60      0E38C8FD 
  61 00a4 B43CF5AE 		.ascii	"\264<\365\256Y\272\032Z\310\375\221-\274\336\301\367"
  61      59BA1A5A 
  61      C8FD912D 
  61      BCDEC1F7 
  62 00b4 82D179E3 		.ascii	"\202\321y\343q\345\012\332n\012\021\025V\365*\027\373"
  62      71E50ADA 
  62      6E0A1115 
  62      56F52A17 
  62      FB
  63 00c5 4CCE9105 		.ascii	"L\316\221\005'B\314\302\203\031x\030\205\030n\241M\342"
  63      2742CCC2 
  63      83197818 
  63      85186EA1 
  63      4DE2
  64 00d7 DF1637C7 		.ascii	"\337\0267\307\267\353\216\364\257\232\270\015\035d\363"
  64      B7EB8EF4 
  64      AF9AB80D 
  64      1D64F3
  65 00e6 2F6189CD 		.ascii	"/a\211\315\372\250\260j7\360\352\250N\342e\006K\020"
  65      FAA8B06A 
  65      37F0EAA8 
  65      4EE26506 
  65      4B10
  66 00f8 487631C6 		.ascii	"Hv1\3065i\371\0324Is\316J<q\363\016%\301\314.T\321\232"
  66      3569F91A 
  66      344973CE 
  66      4A3C71F3 
  66      0E25C1CC 
  67 0110 5612D693 		.ascii	"V\022\326\223\333\222\302\212\265H\025\271?U\250\366"
  67      DB92C28A 
  67      B54815B9 
  67      3F55A8F6 
  68 0120 E6D03A4D 		.ascii	"\346\320:ML\357Q\236\372\276Z\035?\364[Q\2541\221\347"
  68      4CEF519E 
  68      FABE5A1D 
  68      3FF45B51 
  68      AC3191E7 
  69 0134 3A971825 		.ascii	":\227\030%+\311\261E1C\036:1\024\240Sp\"^~\346\224\023"
  69      2BC9B145 
  69      31431E3A 
  69      3114A053 
  69      70225E7E 
  70 014b 7128CC4A 		.ascii	"q(\314J\356\333Gw\303\225<rf\351\271\257O]&\246a\362"
  70      EEDB4777 
  70      C3953C72 
  70      66E9B9AF 
  70      4F5D26A6 
  71 0161 26CC9386 		.ascii	"&\314\223\206\242\324@?\262\313\265/N#'b#\242R\237\337"
  71      A2D4403F 
  71      B2CBB52F 
  71      4E232762 
  71      23A2529F 
  72 0176 F999B274 		.ascii	"\371\231\262t\334\201\211k\324\252*B\240\372D\361\215"
  72      DC81896B 
  72      D4AA2A42 
ARM GAS  /tmp/ccA21SfW.s 			page 5


  72      A0FA44F1 
  72      8D
  73 0187 EECB4B50 		.ascii	"\356\313KPj\236(\234\270\013\003\035\036\033\201{\360"
  73      6A9E289C 
  73      B80B031D 
  73      1E1B817B 
  73      F0
  74 0198 D97DD436 		.ascii	"\331}\3246\226\342\315\266\252\177\251\231:#\331\026"
  74      96E2CDB6 
  74      AA7FA999 
  74      3A23D916 
  75 01a8 543DD86C 		.ascii	"T=\330l\367al\355\311I\361E\312T\354\217\376\203\275"
  75      F7616CED 
  75      C949F145 
  75      CA54EC8F 
  75      FE83BD
  76 01bb A4D8359B 		.ascii	"\244\3305\233\375\201b_2\317\317\272\033\354\032\036"
  76      FD81625F 
  76      32CFCFBA 
  76      1BEC1A1E 
  77 01cb 52E61AA2 		.ascii	"R\346\032\242\225\261\031\277z\000r\344\354\003\242"
  77      95B119BF 
  77      7A0072E4 
  77      EC03A2
  78 01da A9CC05C8 		.ascii	"\251\314\005\310\200\272\254\004\351\243+\247\307\275"
  78      80BAAC04 
  78      E9A32BA7 
  78      C7BD
  79 01e8 C7EB350E 		.ascii	"\307\3535\016\007\202\375\301\343\335\306`\330\010\364"
  79      0782FDC1 
  79      E3DDC660 
  79      D808F4
  80 01f7 858CF090 		.ascii	"\205\214\360\220_\332\336p\304\353g\316\276\376p$x\362"
  80      5FDADE70 
  80      C4EB67CE 
  80      BEFE7024 
  80      78F2
  81 0209 84437E0E 		.ascii	"\204C~\016\376\015>58\024\011\033\335=]\007\366\033"
  81      FE0D3E35 
  81      3814091B 
  81      DD3D5D07 
  81      F61B
  82 021b 9D9D478C 		.ascii	"\235\235G\214\236c]\247}vzo(4\340\015\260\237\354\004"
  82      9E635DA7 
  82      7D767A6F 
  82      2834E00D 
  82      B09FEC04 
  83 022f 01F2     		.ascii	"\001\362"
  84              		.text
  85              		.section	.gnu.lto_stStopAlarm.94c21e155f4790c8,"",%progbits
  86 0000 789C6550 		.ascii	"x\234eP\301JBA\024\275g\306\236\022\264/\022Z\264r\363"
  86      C14A4241 
  86      14BD67C6 
  86      9E12B42F 
  86      125AB472 
  87 0015 868ABEA0 		.ascii	"\206\212\276\240\010\002\245\205BK)[(\010\206O\332\372"
  87      0802A585 
ARM GAS  /tmp/ccA21SfW.s 			page 6


  87      424B295B 
  87      2808864F 
  87      DAFA
  88 0027 0C4D50A8 		.ascii	"\014MP\2506i.\342-\\X\232J\313\240@$\010\202\014\372"
  88      36692EE2 
  88      2D5C589A 
  88      4ACBA040 
  88      2408820C 
  89 003c 026911B4 		.ascii	"\002i\021\264\010\302\244\204\300\232\321\010\241\013"
  89      08C2A484 
  89      C09AD108 
  89      A10B
  90 004a 873B73EE 		.ascii	"\207;s\356\275\347\334\2311b\244\203h\235\210\246%\300"
  90      BDE7DC99 
  90      3162A483 
  90      689D88A6 
  90      25C0
  91 005c 09ECB045 		.ascii	"\011\354\260E\224p0@\035L\007(\316\020\307\001\317s"
  91      94703040 
  91      1D4C0728 
  91      CE10C701 
  91      CF73
  92 006e 34D3CF97 		.ascii	"4\323\317\227\314U2e4\362]m\317LMZ\234\250 \241\002"
  92      CC553265 
  92      34F25D6D 
  92      CF4C4D5A 
  92      9CA820A1 
  93 0083 25B848B6 		.ascii	"%\270H\266=]\364\217&4\333\220\307)4iA\365G4\314\376"
  93      3D5DF48F 
  93      2634DB90 
  93      C7293469 
  93      41F54734 
  94 0099 77DA6CDC 		.ascii	"w\332l\334\024\361\265\"K\031\011\345\221\345Le\376"
  94      14F1B522 
  94      4B1909E5 
  94      91E54C65 
  94      FE
  95 00aa 8266B777 		.ascii	"\202f\267ww\225\323\377$\222C\247\236\306\0072\005\216"
  95      7795D3FF 
  95      249243A7 
  95      9EC60732 
  95      058E
  96 00bc 51799C41 		.ascii	"Qy\234A\223\372eh\222\314\245\232\017\366}nq\014zZ\325"
  96      93FA6568 
  96      92CCA59A 
  96      0FF67D6E 
  96      710C7A5A 
  97 00d1 CFB7F1E1 		.ascii	"\317\267\361\341Ui\330$U\254}\334:,\234\300\342\014"
  97      5569D824 
  97      55AC7DDC 
  97      3A2C9CC0 
  97      E20C
  98 00e3 E770A202 		.ascii	"\347p\242\002'\251\336\362}\367\335.\252f2a\266+\235"
  98      27A9DEF2 
  98      7DF7DD2E 
  98      AA663261 
  98      B62B9D
ARM GAS  /tmp/ccA21SfW.s 			page 7


  99 00f6 A98E9CE2 		.ascii	"\251\216\234\342\250\302\302\261\\p`\202\032\304\250"
  99      A8C2C2B1 
  99      5C706082 
  99      1AC4A8
 100 0105 87DC0375 		.ascii	"\207\334\003u9\375\212\335v\366zV\3556\370\200\214,"
 100      39FD8ADD 
 100      76F67A56 
 100      ED36F880 
 100      8C2C
 101 0117 C89730A2 		.ascii	"\310\2270\242\031]\027K\301\320fh\315+\"\206\010n\204"
 101      195D174B 
 101      C1D06668 
 101      CD2B2286 
 101      086E84
 102 012a 85110DA8 		.ascii	"\205\021\015\250\3547bz\200\026\377\327\267#\321\230"
 102      EC37627A 
 102      8016FFD7 
 102      B723D198 
 103 013a 21BC3ECF 		.ascii	"!\274>\317\302\274p\273\227\205o\325\2633\367;\341\017"
 103      C2BC70BB 
 103      97856FD5 
 103      B333F73B 
 103      E10F
 104 014c 87B7F420 		.ascii	"\207\267\364 \375\000\206`\202x"
 104      FD008660 
 104      8278
 105              		.text
 106              		.section	.gnu.lto_stSetAlarm.94c21e155f4790c8,"",%progbits
 107 0000 789C6590 		.ascii	"x\234e\220Kh\023Q\024\206\317?7\235\011\305\307V0b\021"
 107      4B681351 
 107      1486CF3F 
 107      379D09C5 
 107      C7563062 
 108 0015 4B691719 		.ascii	"Ki\027\031\242\010\356\025Dhq\321\356K\233\012\011D"
 108      A208EE15 
 108      446871D1 
 108      EE4B9B0A 
 108      0944
 109 0027 2A9DE0B6 		.ascii	"*\235\340\266\267!\265\230B\025\305\306\024\303\024"
 109      B721B598 
 109      4215C5C6 
 109      14C314
 110 0036 A25463D3 		.ascii	"\242Tc\323<|\240\270p\010\242\253Vt\0351\250\025\005"
 110      3C7CA0B8 
 110      7008A2AB 
 110      56741D31 
 110      A81505
 111 0049 055F5844 		.ascii	"\005_XDl<gZE\361\302\235{\317\231\377\374\367;\247\215"
 111      6C3C675A 
 111      45F1C29D 
 111      7BCF99FF 
 111      FCF73BA7 
 112 005e 0CFA09A2 		.ascii	"\014\372\011\242\021\"\332\311\033\212`\234[!\232\010"
 112      1122DAC9 
 112      1B8A609C 
 112      5B219A08 
 113 006e 1A805C74 		.ascii	"\032\200\\t\0204n`\034gUV\241>\365\346\236\321\275\240"
ARM GAS  /tmp/ccA21SfW.s 			page 8


 113      10346E60 
 113      1C675556 
 113      A13EF5E6 
 113      9ED1BDA0 
 114 0082 7979D98A 		.ascii	"yy\331\212uZO\356p\025Q\216\267,,\240\233UO\323\225"
 114      755A4FEE 
 114      7015518E 
 114      B72C2CA0 
 114      9B554FD3 
 115 0097 CB6A46B9 		.ascii	"\313jF\271\012\010p\370iy\356\3256\011\015tp\370\243"
 115      0A0870F8 
 115      6979EED5 
 115      36090D74 
 115      70F8A3
 116 00aa 58696C57 		.ascii	"XilW{@|\177\373\240y\036]W\265Ni\257qA\351\275\256R"
 116      7B407C7F 
 116      FBA0791E 
 116      5D57B54E 
 116      69AF7141 
 117 00c2 2842B121 		.ascii	"(B\261!\256#\204k\010\021\247\0107\320%\372\227\325"
 117      AE23846B 
 117      0811A708 
 117      37D025FA 
 117      97D5
 118 00d4 F58B5BCD 		.ascii	"\365\213[\315@\341\367\233X\204\311\370T~\006O\257\267"
 118      40E1F79B 
 118      5884C9F8 
 118      547E064F 
 118      AFB7
 119 00e6 A6B4F7FA 		.ascii	"\246\264\367\372\012\356\037\0110\274TP\206E\322\305"
 119      0AEE1F09 
 119      30BC5450 
 119      8645D2C5 
 120 00f6 B432E454 		.ascii	"\2642\344T\2530\304\346\214\227y\330\256z|\004\267x"
 120      AB30C4E6 
 120      8C9779D8 
 120      AE7A7C04 
 120      B778
 121 0108 E73D3A0B 		.ascii	"\347=:\013>\302\243\374\226\234\366\322\035BQ\372\227"
 121      3EC2A3FC 
 121      969CF6D2 
 121      1D4251FA 
 121      97
 122 0119 C26F6F09 		.ascii	"\302oo\011\235yvz\207\372\334\367\027\213\331\203\177"
 122      9D79767A 
 122      87FADCF7 
 122      178BD983 
 122      7F
 123 012a 88D21B13 		.ascii	"\210\322\033\023\271k)\321\370X9\205\277\210\011e\230"
 123      B96B29D1 
 123      F8583985 
 123      BF880965 
 123      98
 124 013b EC5081C9 		.ascii	"\354P\201\311\311\331\311\372\023K&\022\3605+\245\265"
 124      C9D9C9FA 
 124      134B2612 
 124      F0352BA5 
ARM GAS  /tmp/ccA21SfW.s 			page 9


 124      B5
 125 014c 8FED1BA1 		.ascii	"\217\355\033\241\370\310\314\012K\337\036\007]\344\341"
 125      F8C8CC0A 
 125      4BDF1E07 
 125      5DE4E1
 126 015b AA36D498 		.ascii	"\2526\324\230\241*\014\374\243\270\374\365\213e\227"
 126      A12A0CFC 
 126      A3B8FCF5 
 126      8B6597
 127 016a 747A4237 		.ascii	"tzB7[\265]\237\271\312\304M\270\270\304\255\372\217"
 127      5BB55D9F 
 127      B9CAC44D 
 127      B8B8C4AD 
 127      FA8F
 128 017c B0A8355B 		.ascii	"\260\2505[}nF\312\"\232\257\261\205\205[\260\321\023"
 128      7D6E46CA 
 128      229AAFB1 
 128      85855BB0 
 128      D113
 129 018e DA54E036 		.ascii	"\332T\3406\"\322\307*R\315\351F\324\037\242`\323\007"
 129      22D2C72A 
 129      52CDE946 
 129      D41FA260 
 129      D307
 130 01a0 A4E6D766 		.ascii	"\244\346\327f \011\277\341\014\367\300c3\210v\207\303"
 130      2009BFE1 
 130      0CF7C063 
 130      33887687 
 130      C3
 131 01b1 F6A1587C 		.ascii	"\366\241X|8~\254\337\036u\354\330P\302v\306\242r\016"
 131      387EACDF 
 131      1E75ECD8 
 131      50C276C6 
 131      A2720E
 132 01c4 3AC97094 		.ascii	":\311p\224\254\241a'\031?q< \237\003\377\213O\216\216"
 132      ACA16127 
 132      193F713C 
 132      209F03FF 
 132      8B4F8E8E 
 133 01d8 251DBB7F 		.ascii	"%\035\273\177\240o\377>\273\267\367\260=p\264\357Td"
 133      A06FFF3E 
 133      BBB7F7B0 
 133      3D70B4EF 
 133      5464
 134 01ea B37C3091 		.ascii	"\263|0\221\030\011\307\350\027dj\305P"
 134      1809C7E8 
 134      17646AC5 
 134      50
 135              		.text
 136              		.section	.gnu.lto_stGetAlarm.94c21e155f4790c8,"",%progbits
 137 0000 789C654F 		.ascii	"x\234eOM+\204Q\024>\317{\307\373\016\305\017`\212\355"
 137      4D2B8451 
 137      143ECF7B 
 137      C7FB0EC5 
 137      0F608AED 
 138 0014 58CC6DC8 		.ascii	"X\314m\310/\240\244\310\202\262\024c1jjdd\353\322H("
 138      2FA0A4C8 
ARM GAS  /tmp/ccA21SfW.s 			page 10


 138      82B21463 
 138      316A6A64 
 138      64EBD248 
 139 0029 446630A6 		.ascii	"Df0\246W\315\302\347|YZhb\241\224\317\275\0226\026\312"
 139      57CDC2E7 
 139      7C595A68 
 139      62A194CF 
 139      BD123616 
 140 003e 573E229C 		.ascii	"W>\"\234;$\345\326\351\236\347\234\347\234\363<\005"
 140      3B24E5D6 
 140      E99EE79C 
 140      E79CF33C 
 140      05
 141 004f 64501044 		.ascii	"dP\020DmDT\306\001A0\246\016\211\006\235\006\240\023"
 141      6D4454C6 
 141      014130A6 
 141      0E89069D 
 141      06A013
 142 0062 E5040D18 		.ascii	"\345\004\015\030\030\300\244\210\012\234\2043\213bB"
 142      18C0A488 
 142      0A9C8433 
 142      8B6242
 143 0071 D84C7330 		.ascii	"\330Ls0\274;X\270,\321\020\250`\030S\247\243\226{Y\251"
 143      BC3B58B8 
 143      2CD110A8 
 143      601853A7 
 143      A3967B59 
 144 0086 21958BDE 		.ascii	"!\225\213\336Z\261\315cUh\013\203\346\231\276\002\027"
 144      5AB1CD63 
 144      55680B83 
 144      E699BE02 
 144      17
 145 0097 96E1D237 		.ascii	"\226\341\3227V\341&f_d?f\213MGB\220&p}\015&K\241\364"
 145      56E12666 
 145      5F643F66 
 145      8B4D4742 
 145      9026707D 
 146 00b0 2972EAE3 		.ascii	")r\352\343sD\345\256\022x\253\347y[p\177\214C\013\032"
 146      7344E5AE 
 146      1278ABE7 
 146      795B707F 
 146      8C430B1A 
 147 00c4 E702FFE2 		.ascii	"\347\002\377\342\032;\333\257\373\357\321\322\337Ua"
 147      1A3BDBAF 
 147      FBEFD1D2 
 147      DF5561
 148 00d3 C52F37F3 		.ascii	"\305/7\363b\345W\315\013\374\271BX\207\31176`\306\205"
 148      62E557CD 
 148      0BFCB942 
 148      5887C937 
 148      3660C685 
 149 00e7 C1F5C8F0 		.ascii	"\301\365\310\360\316\221\245\245;\362\264\303\344\363"
 149      CE91A5A5 
 149      3BF2B4C3 
 149      E4F3
 150 00f5 6DD137D4 		.ascii	"m\3217\324[\264\271D\352i\317i#\016[\024 \305\362\223"
 150      5BB4B944 
ARM GAS  /tmp/ccA21SfW.s 			page 11


 150      EA69CF69 
 150      230E5B14 
 150      20C5F293 
 151 0109 5A3E37D6 		.ascii	"Z>7\326\016\036\037,\231T\341Au\276~_>\315\036M\244"
 151      0E1E1F2C 
 151      9954E141 
 151      75BE7E5F 
 151      3ECD1E4D 
 152 011e 61638E25 		.ascii	"ac\216%\346\3570\3513\222=3\275iMZ\3322la!\003\211J"
 152      E6EF30E9 
 152      33923D33 
 152      BD694D5A 
 152      DA326C61 
 153 0136 D70F0359 		.ascii	"\327\017\003Yx\351\006C\347\343\357\273\246\226\313"
 153      78E90643 
 153      E7E3EFBB 
 153      A696CB
 154 0145 AAD83BBB 		.ascii	"\252\330;\273\204v\307y\271\307#k\375\335\235\335\315"
 154      8476C779 
 154      B9C7236B 
 154      FDDD9DDD 
 154      CD
 155 0156 2D321892 		.ascii	"-2\030\222\376\216\200\014\365\372\364\337\036\352\363"
 155      FE8E800C 
 155      F5FAF4DF 
 155      1EEAF3
 156 0165 F8A8E67F 		.ascii	"\370\250\346\177\277'\330\333\027\222-\255M\325U\262"
 156      BF27D8DB 
 156      17922DAD 
 156      4DD555B2 
 157 0175 B1B14EB6 		.ascii	"\261\261N\26664\365{\177&\332\003\201.\217\237\276\000"
 157      3634F57B 
 157      7F26DA03 
 157      812E8F9F 
 157      BE00
 158 0187 1271971C 		.ascii	"\022q\227\034"
 159              		.text
 160              		.section	.gnu.lto_.symbol_nodes.94c21e155f4790c8,"",%progbits
 161 0000 789C55C8 		.ascii	"x\234U\310\271\015\200@\014\005\321\361_\266/(\212\330"
 161      B90D8040 
 161      0C05D1F1 
 161      5FB62F28 
 161      8AD8
 162 0012 5B020967 		.ascii	"[\002\011gL\025\024A\015T\202\260\310<\311H\257\"F\""
 162      4C151441 
 162      0D5482B0 
 162      C83CC948 
 162      AF224622 
 163 0026 CD72986E 		.ascii	"\315r\230n\210]m\010Y\344\226e\225+\313&/Yvy\227\304"
 163      885D6D08 
 163      59E49665 
 163      952BCB26 
 163      2F597679 
 164 003c 0E79FD05 		.ascii	"\016y\375\005Z\353\241P9\237\327\370\000\311\311\035"
 164      5AEBA150 
 164      399FD7F8 
 164      00C9C91D 
ARM GAS  /tmp/ccA21SfW.s 			page 12


 165 004c 0B       		.ascii	"\013"
 166              		.text
 167              		.section	.gnu.lto_.refs.94c21e155f4790c8,"",%progbits
 168 0000 789C6365 		.ascii	"x\234ce`b`d\000\002\000\000I\000\011"
 168      60626064 
 168      00020000 
 168      490009
 169              		.text
 170              		.section	.gnu.lto_.decls.94c21e155f4790c8,"",%progbits
 171 0000 789CB557 		.ascii	"x\234\265WyP\024\331\031\357\257\337\300\302\300\210"
 171      795014D9 
 171      19EFAFDF 
 171      C0C2C088 
 172 0010 3B5A96A9 		.ascii	";Z\226\251\230\254ea\240R\302\010\356\232\315?F\027"
 172      98AC6561 
 172      A052C208 
 172      EE9ACD3F 
 172      4617
 173 0022 8DB16ADD 		.ascii	"\215\261j\335M\215f+\371#5\2050\273P\341\012\214I\355"
 173      4D8D662B 
 173      F9233585 
 173      30BB50E1 
 173      0A8C49ED 
 174 0036 5FDB02AE 		.ascii	"_\333\002\256,\336\007*\250\313}\250(x\241\210\007\302"
 174      2CDE072A 
 174      A8CB7DA8 
 174      2878A188 
 174      07C2
 175 0048 3A225E88 		.ascii	":\"^\210\007\002\"\250x\237\340\205\327\232\357\035"
 175      070222A8 
 175      789FE085 
 175      D79AEF1D 
 176 0058 4D37ED60 		.ascii	"M7\355`\374#\351\232\327\375\276\367~\337\357\273\336"
 176      FC23E99A 
 176      D7FDBEF7 
 176      7EDFEFBB 
 176      DE
 177 0069 EB7EE325 		.ascii	"\353~\343%\311\322\276\017%\251V\226\244\"\220\2447"
 177      C9D2BE0F 
 177      25A95696 
 177      A42290A4 
 177      37
 178 007a 78794B92 		.ascii	"xyK\222\264E\322.*o\305v\020\333!l\365\330\334\330\032"
 178      B445D22E 
 178      2A6FC576 
 178      10DB216C 
 178      F5D8DCD8 
 179 008f A4B7AFBF 		.ascii	"\244\267\257\277#\007\301\347W\330\216\352xd\301\341"
 179      2307C1E7 
 179      57D88EEA 
 179      7864C1E1 
 180 009f 49E73BD4 		.ascii	"I\347;\324\361\021:Vl\303\261\325`\263\340\270?\266"
 180      F1113A56 
 180      6CC3B1D5 
 180      60B3E0B8 
 180      3FB6
 181 00b1 0EEC9F92 		.ascii	"\016\354\237\2228\257/\312/\360\371ZpR\237\002p\014"
ARM GAS  /tmp/ccA21SfW.s 			page 13


 181      38AF2FCA 
 181      2FF0F95A 
 181      70529F02 
 181      700C
 182 00c3 7FD2AF61 		.ascii	"\177\322\257a o\032\312&\301\253rQ\036\320\351\323x"
 182      206F1ACA 
 182      26C1AB72 
 182      511ED0E9 
 182      D378
 183 00d5 461BF4E8 		.ascii	"F\033\364\350\265\340=}\002\341\223,\3622F\370\362["
 183      B5E03D7D 
 183      02E1932C 
 183      F23246F8 
 183      F25B
 184 00e7 03E762C1 		.ascii	"\003\347b\301\247\347\012\372/|4\307\343\004_\250\201"
 184      A7E70AFA 
 184      2F7C34C7 
 184      E3045FA8 
 184      81
 185 00f8 6F0D81AA 		.ascii	"o\015\201\252\005\356\015\376\227\340\" \026\206\262"
 185      05EE0DFE 
 185      97E02220 
 185      1686B2
 186 0107 51007E07 		.ascii	"Q\000~\007\326\230\370F\275\000\3308\216\312\222 U\207"
 186      D698F846 
 186      BD00D838 
 186      8ECA9220 
 186      5587
 187 0119 40D510B2 		.ascii	"@\325\020\262,DYP\262\237P\006\035#\237\346\226\324"
 187      2C445950 
 187      B29F5006 
 187      1D239FE6 
 187      96D4
 188 012b 8BC7C03B 		.ascii	"\213\307\300;LM\250\002\310\232\001\000\275\202\216"
 188      4C4DA802 
 188      C89A0100 
 188      BD828E
 189 013a 90BB2DE6 		.ascii	"\220\273-\346\373\375\223\264\340@\215\376\356\242G"
 189      FBFD93B4 
 189      E0408DFE 
 189      EEA247
 190 0149 B9A64EE8 		.ascii	"\271\246N\350\000\360\223\362&\003\033[\260\375~\247"
 190      00F093F2 
 190      26031B5B 
 190      B0FD7EA7 
 191 0159 179181F6 		.ascii	"\027\221\201\366;\237\227\3751\264\\\341\227\317/\264"
 191      3B9F97FD 
 191      31B45CE1 
 191      97CF2FB4 
 192 0169 B41D7EF3 		.ascii	"\264\035~\363\2546`\011\001\253\031d\024\233\037\036"
 192      AC366009 
 192      01AB1964 
 192      149B1F1E 
 193 0179 DFE087E2 		.ascii	"\337\340\207\342p3\014E\261o\336\271C\346\221\253\231"
 193      70330C45 
 193      B16FDEB9 
 193      43E691AB 
ARM GAS  /tmp/ccA21SfW.s 			page 14


 193      99
 194 018a 569A3254 		.ascii	"V\2322T\206\257F@9\214\202\3150\012\215o\201\221x\237"
 194      86AF4640 
 194      398C82CD 
 194      300A8D6F 
 194      8191789F 
 195 019e 63E24C37 		.ascii	"c\342L7Z_\267{\217\311S\362\272\224\332\226\324\217"
 195      5A5FB77B 
 195      8FC953F2 
 195      BA94DA96 
 195      D48F
 196 01b0 56A72965 		.ascii	"V\247)e\2505\232\242`#\020\330\004\241\324c\354\342"
 196      A8359AA2 
 196      602310D8 
 196      04A1D463 
 196      ECE2
 197 01c2 BD0C3A01 		.ascii	"\275\014:\001J\341\022\306\263\025\306\240vZy[\246\027"
 197      4AE112C6 
 197      B315C6A0 
 197      765A795B 
 197      A617
 198 01d4 0967CE76 		.ascii	"\011g\316v4l\334L\320\211 3\320<\004\340P\305\335\352"
 198      346CDC4C 
 198      D0892033 
 198      D03C04E0 
 198      50C5DDEA 
 199 01e8 E7163E44 		.ascii	"\347\026>D\021\315K{\213> \177`\375\323\351\225\353"
 199      11CD4B7B 
 199      8B3E207F 
 199      60FDD3E9 
 199      95EB
 200 01fa 098FC084 		.ascii	"\011\217\300\204b\317\211\234\253Cx\004\243\327\020"
 200      62CF899C 
 200      AB437804 
 200      A3D710
 201 0209 39BBB1A5 		.ascii	"9\273\261\245\316\004\301\346\022\032BmK\366\244\354"
 201      CE04C1E6 
 201      121A426D 
 201      4BF6A4EC 
 202 0219 5EEA5415 		.ascii	"^\352T\025\230a\273\346T\220\031\357\031\212\222\252"
 202      9861BBE6 
 202      549019EF 
 202      198A92AA 
 203 0229 2C4B537C 		.ascii	",KS|\377$\301N\014r\007\006\011\273 \230\032\2458\330"
 203      FF24C14E 
 203      0C720706 
 203      09BB2098 
 203      1AA538D8 
 204 023d 86839538 		.ascii	"\206\203\2258\210V6\026-/\360&\025@=\220\335\007\332"
 204      88563616 
 204      2D2FF026 
 204      15403D90 
 204      DD07DA
 205 0250 2F98C01C 		.ascii	"/\230\300\034\354\221\240\332\003\001w\346H\305\030"
 205      EC91A0DA 
 205      030177E6 
 205      48C518
ARM GAS  /tmp/ccA21SfW.s 			page 15


 206 025f F77C4591 		.ascii	"\367|E\221a\017:\263[s\006}\343\031]\272\253\375U\000"
 206      610F3AB3 
 206      5B73067D 
 206      E3195DBA 
 206      ABFD5500 
 207 0273 59C12A28 		.ascii	"Y\301*(\347T\344?\"\203\031\3317\250\221\033\307\306"
 207      E754E43F 
 207      228319D9 
 207      37A8911B 
 207      C7C6
 208 0285 95302335 		.ascii	"\2250#5hd\257fd\217j\344@n\337N\331D7\015E`1q\254\241"
 208      6864AF66 
 208      648F6AE4 
 208      406EDF4E 
 208      D944370D 
 209 029f FA453719 		.ascii	"\372E7\031\264\354\007X\331\367\203\250{ecG\267\027"
 209      B4EC0758 
 209      D9F783A8 
 209      7B656347 
 209      B717
 210 02b1 D6BD8BD5 		.ascii	"\326\275\213\325=\350\362vEA\203\212\211\342\240B\263"
 210      3DE8F276 
 210      4541838A 
 210      89E2A042 
 210      B3
 211 02c2 58612CFC 		.ascii	"Xa,\374AV\370\243/\267\017!\365|\225\236\335T5\337\""
 211      4156F8A3 
 211      2FB70F21 
 211      F57C959E 
 211      DD5435DF 
 212 02d7 A89A7F99 		.ascii	"\250\232\177\231\255\324\246*\324u\272\202j5\242Z#\321"
 212      ADD4A62A 
 212      D475BA82 
 212      6A35A25A 
 212      23D1
 213 02e9 2146B462 		.ascii	"!F\264b\307\263\\/r\2123\025\354/{D\004S\335\257\372"
 213      C7B35C2F 
 213      728A3315 
 213      EC2F7B44 
 213      0453DDAF 
 214 02fe 99A84B75 		.ascii	"\231\250Ku\032S\235\221\251\2361\225?n\332n!m\234\351"
 214      1A539D91 
 214      A99E3195 
 214      3F6EDA6E 
 214      216D9CE9 
 215 0312 6AE5C91B 		.ascii	"j\345\311\033\262>\0274MZ2\016\017\330\003\367\346\037"
 215      B23E1734 
 215      4D5A320E 
 215      0FD803F7 
 215      E61F
 216 0324 5B1720CC 		.ascii	"[\027 \314\272sG,W\367\000\242\340'\315\356OF\273nf"
 216      BA73472C 
 216      57F700A2 
 216      E027CDEE 
 216      4F46BB6E 
 217 0339 B767D183 		.ascii	"\267g\321\203\274\000r\215\333\315\335\261d)\313\005"
 217      BC00728D 
ARM GAS  /tmp/ccA21SfW.s 			page 16


 217      DBCDDDB1 
 217      6429CB05 
 218 0349 16F1D4A5 		.ascii	"\026\361\324\245q\271\225\335J\206\231\35598\2421\035"
 218      71B995DD 
 218      4A8699ED 
 218      3938A231 
 218      1D
 219 035a A14CB4D3 		.ascii	"\241L\264\323\300\030:\373Z.\371\373g\366/\021\006W"
 219      C0183AFB 
 219      5A2EF9FB 
 219      67F62F11 
 219      0657
 220 036c 57890447 		.ascii	"W\211\004G\301_U\304.\342w_\316:\350\313\367\316\005"
 220      C15F55C4 
 220      2EE2775F 
 220      CE3AE8CB 
 220      F7CE05
 221 037f 6A34A7E6 		.ascii	"j4\247\346q\243\027\227}\350\364\375\315\273-|/\325"
 221      71A31797 
 221      7DE8F4FD 
 221      CDBB2D7C 
 221      2FD5
 222 0391 D2E933D7 		.ascii	"\322\3513\327\363\323\375\371t\023\225\353\317\037y"
 222      F3D3FDF9 
 222      741395EB 
 222      CF1F79
 223 03a0 6822A584 		.ascii	"h\"\245\2049\234Q\276\244\236\2303h\226\336g\017\240"
 223      399C51BE 
 223      A49E9833 
 223      6896DE67 
 223      0FA0
 224 03b2 C6F1E32F 		.ascii	"\306\361\343/Ox\221-\\}\341\341]n\261\215\033\250\274"
 224      4F78912D 
 224      5C7DE1E1 
 224      5D6EB18D 
 224      1BA8BC
 225 03c5 6A6F7D8D 		.ascii	"jo}\215\037\251\344\223W3\257\324{\223]\\P\275\262\012"
 225      1FA9E493 
 225      5733AFD4 
 225      7B935D5C 
 225      50BDB20A 
 226 03d9 AF72DB9F 		.ascii	"\257r\333\2374\002\251\346\2235\273\367\271E\004\343"
 226      3402A9E6 
 226      9335BBF7 
 226      B94504E3 
 227 03e9 75EF332B 		.ascii	"u\3573+\177\237U]?\3526\363\200\024@y\177\363\305\311"
 227      7F9F555D 
 227      3FEA36F3 
 227      80144079 
 227      7FF3C5C9 
 228 03fd E400D7AC 		.ascii	"\344\000\327\254\353\255,\025\301\021\032NvoS\000\015"
 228      EBAD2C15 
 228      C1111A4E 
 228      766F5300 
 228      0D
 229 040e 4711A9C4 		.ascii	"G\021\251\304q-\223\355t\373\200m\024\264\361PZ\373"
 229      712D93ED 
ARM GAS  /tmp/ccA21SfW.s 			page 17


 229      74FB806D 
 229      14B4F150 
 229      5AFB
 230 0420 0EB77959 		.ascii	"\016\267yY\22714\026\334\304\366\364\005\204\2670\370"
 230      97313416 
 230      DCC4F6F4 
 230      0584B730 
 230      F8
 231 0431 45B0AA4A 		.ascii	"E\260\252J\354\245\233u\177\210\036|\352]\340\255\205"
 231      ECA59B75 
 231      7F881E7C 
 231      EA5DE0AD 
 231      85
 232 0442 C56BCCA4 		.ascii	"\305k\314\244\216;\271\356Q\307-Q\260`\024K\236\326"
 232      8E3BB9EE 
 232      51C72D51 
 232      B060144B 
 232      9ED6
 233 0454 A4F91037 		.ascii	"\244\371\0207\237[y`\303\211\017H#\027\324\327\240\225"
 233      9F5B7960 
 233      C3890F48 
 233      2317D4D7 
 233      A095
 234 0466 BD0621B5 		.ascii	"\275\006!\265\3453r\222\317\034\\\276\242\003H3\027"
 234      E5337292 
 234      CF1C5CBE 
 234      A2034833 
 234      17
 235 0477 EEA75FEB 		.ascii	"\356\247_\353\022\371\031\211b\326\261;A\244\205O\375"
 235      12F91989 
 235      62D6B13B 
 235      41A4854F 
 235      FD
 236 0488 DC501F44 		.ascii	"\334P\037D:x\337]UV\012\344*\027zs\334w\314\344\006"
 236      3A78DF5D 
 236      55560AE4 
 236      2A177A73 
 236      DC77CCE4 
 237 049d 17F29AD7 		.ascii	"\027\362\232\327\357\361!\267\271P\322\267\272\304\237"
 237      EFF121B7 
 237      B950D2B7 
 237      BAC49F
 238 04ac 3CE0C2D9 		.ascii	"<\340\302\331\352s\031~\344\261X\034\333\266\255\365"
 238      EA73197E 
 238      E4B1581C 
 238      DBB6ADF5 
 239 04bc 237D5C48 		.ascii	"#}\\H\255i].\2769]T\356.\356\316\363\025U\361F9\263"
 239      AD695D2E 
 239      BE395D54 
 239      EE2EEECE 
 239      F31555F1 
 240 04d3 F9F83320 		.ascii	"\371\3703 \25788\263\352\314%\323\240u\350Q\3530\236"
 240      AF3838B3 
 240      EACC25D3 
 240      A075E851 
 240      EB309E
 241 04e6 95216B7F 		.ascii	"\225!k\177\326\256!\3062\034G\3641\206\356e\231\355"
ARM GAS  /tmp/ccA21SfW.s 			page 18


 241      D6AE21C6 
 241      321C47F4 
 241      3186EE65 
 241      99ED
 242 04f8 5133DB74 		.ascii	"Q3\333t\255\260\330d\254\303`\350\021\0172\017=\261"
 242      ADB0D864 
 242      ACC360E8 
 242      110F320F 
 242      3DB1
 243 050a 406060E0 		.ascii	"@``\340\260@\335\025\314\356\005Jz\032n\323\014rs\313"
 243      B040DD15 
 243      CCEE054A 
 243      7A1A6ED3 
 243      0C7273CB 
 244 051e C9454A5E 		.ascii	"\311EJ^\0350\252s\270O\237\3010m\037\234e\274;\351]"
 244      1D30AA73 
 244      B84F9FC1 
 244      306D1F9C 
 244      65BC3BE9 
 245 0533 E22A5712 		.ascii	"\342*W\022\360\335\224N\030\374\244\021~\342-x\243\016"
 245      F0DD944E 
 245      18FCA411 
 245      7EE22D78 
 245      A30E
 246 0545 7EC6083F 		.ascii	"~\306\010?\315\340a\024\275\\\3044\331$\301\003\234"
 246      CDE06114 
 246      BD5CC434 
 246      D924C103 
 246      9C
 247 0556 BFCFA628 		.ascii	"\277\317\246(\032\367 \244\313\301\360\034\002\241\017"
 247      1AF720A4 
 247      CBC1F01C 
 247      02A10F
 248 0565 9B2207C2 		.ascii	"\233\"\007\302k|\276\300\226\201\375W\370L\303\347\317"
 248      6B7CBEC0 
 248      9681FD57 
 248      F84CC3E7 
 248      CF
 249 0576 F89C87CF 		.ascii	"\370\234\207\317\371\330\276\307\366\006\345\037\360"
 249      F9D8BEC7 
 249      F606E51F 
 249      F0
 250 0583 F9189F4F 		.ascii	"\371\030\237O\261\245b\377%>\237`[ \007\262\227\020"
 250      B1A562FF 
 250      253E9F60 
 250      5B2007B2 
 250      9710
 251 0595 F7B12D4E 		.ascii	"\367\261-N\363\361\256\321G\2331\242f\035\372\236Gt"
 251      F3F1AED1 
 251      479B31A2 
 251      661DFA9E 
 251      4774
 252 05a7 9806EED5 		.ascii	"\230\006\356\325\201o\031\301-`@\267\351\222\325\344"
 252      816F19C1 
 252      2D6040B7 
 252      E992D5E4 
 253 05b7 39B73A74 		.ascii	"9\267:t]\274\206\276aD_3\242o\353<\271mD\037{\253n\315"
ARM GAS  /tmp/ccA21SfW.s 			page 19


 253      5DBC86BE 
 253      61445F33 
 253      A26FEB3C 
 253      B96D441F 
 254 05cf 3AF26E23 		.ascii	":\362n#\374\212\221\274W\207\276dD\2377\242\257\350"
 254      FC8A91BC 
 254      5787BE64 
 254      449F37A2 
 254      AFE8
 255 05e1 5CB9E3D9 		.ascii	"\\\271\343\331\025}Rt\334W={2\300q]\016\233=/\270\001"
 255      157D5274 
 255      DC573D7B 
 255      32C0715D 
 255      0E9B3D2F 
 256 05f7 EB53C77E 		.ascii	"\353S\307~\335s\0229\234\037NN\336\265\316S\024\240"
 256      DD731239 
 256      9C1F4E4E 
 256      DEB5CE53 
 256      14A0
 257 0609 30497C98 		.ascii	"0I|\230\264ut\375\236ue\232\3220\236\221]6\222u\276"
 257      B47574FD 
 257      9E75659A 
 257      D2309E91 
 257      5D369275 
 258 061e 55119DE9 		.ascii	"U\021\235\351.\317\350~O\347!<a\036\203?\002+<\024p"
 258      2ECFE87E 
 258      4FE7213C 
 258      611E833F 
 258      022B3C14 
 259 0633 75EB43A3 		.ascii	"u\353C\243\221\374\205.\3077=/<=\371\213xN\336\201\344"
 259      91FC852E 
 259      C7373D2F 
 259      3C3DF98B 
 259      784EDE81 
 260 0648 AD02AEBE 		.ascii	"\255\002\256\276\337E\0019\234\036v\217\237/\033B\252"
 260      DF450139 
 260      9C1E768F 
 260      9F2F1B42 
 260      AA
 261 0659 4CEC9057 		.ascii	"L\354\220W\367\343\276l<\255\016\343\351yz\337\033\017"
 261      F7E3BE6C 
 261      3CAD0EE3 
 261      E9797ADF 
 261      1B0F
 262 066b EBB0481E 		.ascii	"\353\260H\036\006\231r\377'\237&\313\363\016\207\205"
 262      069972FF 
 262      279F26CB 
 262      F30E8785 
 263 067b B8B1FFDF 		.ascii	"\270\261\377\337\233\234~\031n-\275,\353O\031\324C\355"
 263      9B9C7E19 
 263      6E2DBD2C 
 263      EB4F19D4 
 263      43ED
 264 068d 9DBC58F6 		.ascii	"\235\274X\366gG\022|\"8\177\307\343\034\013\251c\361"
 264      6747127C 
 264      22387FC7 
 264      E31C0BA9 
ARM GAS  /tmp/ccA21SfW.s 			page 20


 264      63F1
 265 069f 41C581AC 		.ascii	"A\305\201\254+~x\250\251\355\242\207\232\300\315\027"
 265      2B7E78A8 
 265      A9EDA287 
 265      9AC0CD17 
 266 06af BA150579 		.ascii	"\272\025\005y\322\201\237\026\227hQbw\340\021i\251L"
 266      D2819F16 
 266      97685162 
 266      77E01169 
 266      A94C
 267 06c1 0F38D7BB 		.ascii	"\0178\327\273{\027\005\220s\234\255\360vu\275\370\326"
 267      7B170590 
 267      739CADF0 
 267      7675BDF8 
 267      D6
 268 06d2 5B50BC58 		.ascii	"[P\274X\260\252\330\304?#7\351t\376\211G\253\315\344"
 268      B0AAD8C4 
 268      3F2337E9 
 268      74FE8947 
 268      ABCDE4
 269 06e5 2AC7BEBC 		.ascii	"*\307\276\274\271\252\0258\226zU\177w\347\263\301\277"
 269      B9AA1538 
 269      967A557F 
 269      77E7B3C1 
 269      BF
 270 06f6 EE59B2F8 		.ascii	"\356Y\262\370\252\254\222\331g\345\\\337\376\027\376"
 270      AAAC92D9 
 270      67E55CDF 
 270      FE17FE
 271 0705 E42E6332 		.ascii	"\344.c2u\025\366\336\361\206\340Q\000fl%\352\177*\011"
 271      7515F6DE 
 271      F186E051 
 271      00666C25 
 271      EA7F2A09 
 272 0719 B26533AC 		.ascii	"\262e3\254\226\211\372\2374GA\372\207\337\321a\376\327"
 272      9689FA9F 
 272      344741FA 
 272      87DFD161 
 272      FED7
 273 072b E2618142 		.ascii	"\342a\201BFJ0\201}\254`\015\326'\233\331\311\221G\301"
 273      464A3081 
 273      7DAC600D 
 273      D6279BD9 
 273      C99147C1 
 274 073f 5A349483 		.ascii	"Z4\224\203\265\246#hpOS\365:?\355\313\004\214{\005\342"
 274      B5A62368 
 274      704F53F5 
 274      3A3FEDCB 
 274      048C7B05 
 275 0754 96CBD4BF 		.ascii	"\226\313\324\277u\262U\365\222\242\227\235\310_\347"
 275      75B255F5 
 275      92A2979D 
 275      C85FE7
 276 0763 6B163632 		.ascii	"k\02662\336i\003\321;Z\277_\353\253\347^\377.\356\314"
 276      DE6903D1 
 276      3B5ABF5F 
 276      EBABE75E 
ARM GAS  /tmp/ccA21SfW.s 			page 21


 276      FF2EEECC 
 277 0777 0BE96DFE 		.ascii	"\013\351m\376c\013\225\246Z<\335\327\005mK\255U\322"
 277      630B95A6 
 277      5A3CDDD7 
 277      056D4BAD 
 277      55D2
 278 0789 26C306D9 		.ascii	"&\303\006\331\012+\261Xx\204\327\251.\303\221\331\370"
 278      0A2BB158 
 278      7884D7A9 
 278      2EC391D9 
 278      F8
 279 079a 77FA4779 		.ascii	"w\372Gy,j\266\277\251\316\263\220\036\236\376cG\332"
 279      2C6AB6BF 
 279      A9CEB390 
 279      1E9EFE63 
 279      47DA
 280 07ac 7BE5FEC2 		.ascii	"{\345\376\302\177\\\256+<=\242\346j\205\3175\026>\217"
 280      7F5CAE2B 
 280      3C3DA2E6 
 280      6A85CF35 
 280      163E8F
 281 07bf 15FEE0AD 		.ascii	"\025\376\340\255\242\034\023I\363bl?,([\021 "
 281      A21C1349 
 281      F3626C3F 
 281      2C285B11 
 281      20
 282 07d0 D81A43F9 		.ascii	"\330\032C\371\351>\237\237\356\3635\246|#S\001c:]|\362"
 282      E93E9F9F 
 282      EEF335A6 
 282      7C235301 
 282      633A5D7C 
 283 07e5 BC85ACE2 		.ascii	"\274\205\254\342L-\255\351\325bY\370\351\316\303\303"
 283      4C2DADE9 
 283      D56259F8 
 283      E9CEC3C3 
 284 07f5 C579F8F5 		.ascii	"\305y\370\365\303\246\327\342LhFqoje\247\327\240\253"
 284      C3A6D7E2 
 284      4C684671 
 284      6F6A65A7 
 284      D7A0AB
 285 0808 A6545D35 		.ascii	"\246T]5%<\321\255K\236^4\031\213X\214\331*b\331*c\211"
 285      253CD1AD 
 285      4B9E5E34 
 285      198B588C 
 285      D92A62D9 
 286 081f 2E55135D 		.ascii	".U\023]\337\372x\237\305X\226A\321\013{\272\026\017"
 286      DFFA789F 
 286      C5589641 
 286      D10B7BBA 
 286      160F
 287 0831 E92FCB44 		.ascii	"\351/\313DQ\226\215\242,\3707F\247Z(\312\262\211\225"
 287      51968DA2 
 287      2CF83746 
 287      A75A28CA 
 287      B28995
 288 0844 A56A4DD6 		.ascii	"\245jM\326$R\300\243/+:\364\306\242U\245\242W\253\012"
 288      2452C0A3 
ARM GAS  /tmp/ccA21SfW.s 			page 22


 288      2F2B3AF4 
 288      C6A255A5 
 288      A257AB0A 
 289 0858 FDC7B259 		.ascii	"\375\307\262Y\313\345fc.\313Y.\323z\312oZ\310\016\316"
 289      CBE56663 
 289      2ECB592E 
 289      D37ACA6F 
 289      5AC80ECE 
 290 086c B66559F1 		.ascii	"\266eY\361^\315\247I\006\237\334\003|\332\"|\332*\217"
 290      5ECDA749 
 290      069FDC03 
 290      7CDA227C 
 290      DA2A8F
 291 087f 95BC535C 		.ascii	"\225\274S\\3\022b]>\323\277\370\313\350\210\2600\351"
 291      3312625D 
 291      3ED3BFF8 
 291      CBE888B0 
 291      30E9
 292 0891 A3D0505B 		.ascii	"\243\320P[DL\354\234\330/g\331\022Sl1\221q\266\224\344"
 292      444CEC9C 
 292      D82F67D9 
 292      12536C31 
 292      9171B694 
 293 08a6 28FA74A4 		.ascii	"(\372t\244\270B\243$\377\024\327,Wd\262kJ\\dr\274\331"
 293      B842A324 
 293      FF14D72C 
 293      5764B26B 
 293      4A5C6472 
 294 08bc E1981B9B 		.ascii	"\341\230\033\233\340\232\020\356pE\333b\022\343\235"
 294      E09A10EE 
 294      7045DB62 
 294      12E39D
 295 08cb B67F3B9D 		.ascii	"\266\177;\235\377p&D\333\022\223\\\266o\242\242B\020"
 295      FF702644 
 295      DB12935C 
 295      B66FA2A2 
 295      4210
 296 08dd 14929098 		.ascii	"\024\222\220\230\340\014qF\316\211\015\231\030\022>"
 296      E00C7146 
 296      CE890D99 
 296      18123E
 297 08ec 3EEC7721 		.ascii	">\354w!\377\014\013\231\233\024\035\351r\332\006L\333"
 297      FF0C0B99 
 297      9B141DE9 
 297      72DA064C 
 297      DB
 298 08fd 6213A2E2 		.ascii	"b\023\242\342\346F;m\361\221Q1\261\011N\233#\332\371"
 298      E6463B6D 
 298      F1915131 
 298      B1094E9B 
 298      23DAF9
 299 0910 75E4DC38 		.ascii	"u\344\3348\227\303\365m\2223%4F\362Q\255\375\355\177"
 299      97C3F56D 
 299      92332534 
 299      46F251AD 
 299      FDED7F
 300 0923 682DE5DB 		.ascii	"h-\345\333\024\033\306\026\215\324h\302\027EWl\274\323"
ARM GAS  /tmp/ccA21SfW.s 			page 23


 300      141BC616 
 300      8DD468C2 
 300      1745576C 
 300      BCD3
 301 0935 E1FACDC0 		.ascii	"\341\372\315\300L$\273\3725\242b(H\370\344G\023\222"
 301      4C24BBFA 
 301      35A26228 
 301      48F8E447 
 301      1392
 302 0947 98C4F381 		.ascii	"\230\304\363\201}\247K\355N\027]D8\342\342\242\035\261"
 302      7DA74BED 
 302      4E175D44 
 302      38E2E2A2 
 302      1DB1
 303 0959 98E74FDE 		.ascii	"\230\347O\336NoRb\262+\3056k\366\314\011\341\266\317"
 303      4E6F5262 
 303      B22BC536 
 303      6BF6CC09 
 303      E1B6CF
 304 096c 3F9F6A9B 		.ascii	"?\237j\233=c\346\277\302D\302\251\036\332\360\212\210"
 304      3D63E6BF 
 304      C244C2A9 
 304      1EDAF08A 
 304      88
 305 097d 98699F20 		.ascii	"\230i\237 \177i7M\2359\305N\246F\330M\237M\235m'\021"
 305      7F69374D 
 305      9D39C54E 
 305      A646D84D 
 305      9F4D9D6D 
 306 0993 117662C7 		.ascii	"\021vb\3076\305n'\177\236\025A\"\276\230m\212\210\230"
 306      36C56E27 
 306      7F9E1541 
 306      22BE986D 
 306      8A8898
 307 09a6 6667F870 		.ascii	"fg\370pv\017#\323\246\333\345Y\2509c\232\3354k&\242"
 307      760F23D3 
 307      A6DBE559 
 307      A839639A 
 307      DD346B26 
 308 09bb 23ECE1D8 		.ascii	"#\354\341\330\302\020\371W\373\307\357\353O\212+\236"
 308      C210F957 
 308      FBC7EFEB 
 308      4F8A2B9E 
 309 09cb 263E369E 		.ascii	"&>6\236\207,\004\207\313*\202K\241\213\302\021I\343"
 309      872C0487 
 309      CB2A824B 
 309      A18BC211 
 309      49E3
 310 09dd B5381C5F 		.ascii	"\2658\034_\317M\210r8B?\235\370\351'>\252d\212\212\211"
 310      CF4D8872 
 310      38423F9D 
 310      F8E9273E 
 310      AA648A8A 
 311 09f2 4CFEB01F 		.ascii	"L\376\260\037\236\230\304\321C\325\021\247\007\365\337"
 311      9E98C4D1 
 311      43D511A7 
 311      07F5DF
ARM GAS  /tmp/ccA21SfW.s 			page 24


 312 0a01 87ABD3DF 		.ascii	"\207\253\323\337x\234\236\370\037\0236\007\305"
 312      789C9EF8 
 312      1F133607 
 312      C5
 313              		.text
 314              		.section	.gnu.lto_.symtab.94c21e155f4790c8,"",%progbits
 315 0000 7374496E 		.ascii	"stInit\000"
 315      697400
 316 0007 00       		.ascii	"\000"
 317 0008 00       		.ascii	"\000"
 318 0009 00       		.ascii	"\000"
 319 000a 00000000 		.ascii	"\000\000\000\000\000\000\000\000"
 319      00000000 
 320 0012 AE000000 		.ascii	"\256\000\000\000"
 321 0016 73745374 		.ascii	"stStartAlarm\000"
 321      61727441 
 321      6C61726D 
 321      00
 322 0023 00       		.ascii	"\000"
 323 0024 00       		.ascii	"\000"
 324 0025 00       		.ascii	"\000"
 325 0026 00000000 		.ascii	"\000\000\000\000\000\000\000\000"
 325      00000000 
 326 002e BF000000 		.ascii	"\277\000\000\000"
 327 0032 73745374 		.ascii	"stStopAlarm\000"
 327      6F70416C 
 327      61726D00 
 328 003e 00       		.ascii	"\000"
 329 003f 00       		.ascii	"\000"
 330 0040 00       		.ascii	"\000"
 331 0041 00000000 		.ascii	"\000\000\000\000\000\000\000\000"
 331      00000000 
 332 0049 C1000000 		.ascii	"\301\000\000\000"
 333 004d 73745365 		.ascii	"stSetAlarm\000"
 333      74416C61 
 333      726D00
 334 0058 00       		.ascii	"\000"
 335 0059 00       		.ascii	"\000"
 336 005a 00       		.ascii	"\000"
 337 005b 00000000 		.ascii	"\000\000\000\000\000\000\000\000"
 337      00000000 
 338 0063 C3000000 		.ascii	"\303\000\000\000"
 339 0067 73744765 		.ascii	"stGetAlarm\000"
 339      74416C61 
 339      726D00
 340 0072 00       		.ascii	"\000"
 341 0073 00       		.ascii	"\000"
 342 0074 00       		.ascii	"\000"
 343 0075 00000000 		.ascii	"\000\000\000\000\000\000\000\000"
 343      00000000 
 344 007d C6000000 		.ascii	"\306\000\000\000"
 345 0081 73745F6C 		.ascii	"st_lld_init\000"
 345      6C645F69 
 345      6E697400 
 346 008d 00       		.ascii	"\000"
 347 008e 02       		.ascii	"\002"
 348 008f 00       		.ascii	"\000"
ARM GAS  /tmp/ccA21SfW.s 			page 25


 349 0090 00000000 		.ascii	"\000\000\000\000\000\000\000\000"
 349      00000000 
 350 0098 C8000000 		.ascii	"\310\000\000\000"
 351              		.text
 352              		.section	.gnu.lto_.opts,"",%progbits
 353 0000 272D666D 		.ascii	"'-fmath-errno' '-fsigned-zeros' '-ftrapping-math' '"
 353      6174682D 
 353      6572726E 
 353      6F272027 
 353      2D667369 
 354 0033 2D666E6F 		.ascii	"-fno-trapv' '-fno-openmp' '-fno-openacc' '-mcpu=cor"
 354      2D747261 
 354      70762720 
 354      272D666E 
 354      6F2D6F70 
 355 0066 7465782D 		.ascii	"tex-m4' '-mfloat-abi=hard' '-mfpu=fpv4-sp-d16' '-mn"
 355      6D342720 
 355      272D6D66 
 355      6C6F6174 
 355      2D616269 
 356 0099 6F2D7468 		.ascii	"o-thumb-interwork' '-mthumb' '-ggdb' '-O2' '-fomit-"
 356      756D622D 
 356      696E7465 
 356      72776F72 
 356      6B272027 
 357 00cc 6672616D 		.ascii	"frame-pointer' '-falign-functions=16' '-ffunction-s"
 357      652D706F 
 357      696E7465 
 357      72272027 
 357      2D66616C 
 358 00ff 65637469 		.ascii	"ections' '-fdata-sections' '-fno-common' '-flto' '-"
 358      6F6E7327 
 358      20272D66 
 358      64617461 
 358      2D736563 
 359 0132 6673696E 		.ascii	"fsingle-precision-constant'\000"
 359      676C652D 
 359      70726563 
 359      6973696F 
 359      6E2D636F 
 360              		.text
 361              		.comm	__gnu_lto_v1,1,1
 362              		.comm	__gnu_lto_slim,1,1
 363              		.ident	"GCC: (GNU Tools for ARM Embedded Processors 6-2017-q1-update) 6.3.1 20170215 (release) [AR
ARM GAS  /tmp/ccA21SfW.s 			page 26


DEFINED SYMBOLS
                            *ABS*:0000000000000000 hal_st.c
                            *COM*:0000000000000001 __gnu_lto_v1
                            *COM*:0000000000000001 __gnu_lto_slim

NO UNDEFINED SYMBOLS
