ARM GAS  /tmp/ccJ7rrPs.s 			page 1


   1              		.cpu cortex-m4
   2              		.eabi_attribute 27, 1
   3              		.eabi_attribute 28, 1
   4              		.eabi_attribute 20, 1
   5              		.eabi_attribute 21, 1
   6              		.eabi_attribute 23, 3
   7              		.eabi_attribute 24, 1
   8              		.eabi_attribute 25, 1
   9              		.eabi_attribute 26, 1
  10              		.eabi_attribute 30, 2
  11              		.eabi_attribute 34, 1
  12              		.eabi_attribute 18, 4
  13              		.file	"hal_lld.c"
  14              		.text
  15              	.Ltext0:
  16              		.section	.gnu.lto_.profile.5a2df8f2949b9e56,"",%progbits
  17 0000 789C6365 		.ascii	"x\234ce`b`c```d\230\300\330\312\010\000\003\374\001"
  17      60626063 
  17      60606064 
  17      98C0D8CA 
  17      080003FC 
  18 0015 26       		.ascii	"&"
  19              		.text
  20              		.section	.gnu.lto_.icf.5a2df8f2949b9e56,"",%progbits
  21 0000 789C6365 		.ascii	"x\234ce`b\020a@\000f\206S\333O\26512~|\363\251\223\223"
  21      60621061 
  21      40006686 
  21      53DB4FB5 
  21      31327E7C 
  22 0018 E9C9F7B3 		.ascii	"\351\311\367\263\0079\031\000f\207\011\307"
  22      07391900 
  22      668709C7 
  23              		.text
  24              		.section	.gnu.lto_.jmpfuncs.5a2df8f2949b9e56,"",%progbits
  25 0000 789C6365 		.ascii	"x\234ce`b\340d@\000&\020\301\010\304\000\001\227\000"
  25      6062E064 
  25      40002610 
  25      C108C400 
  25      019700
  26 0013 14       		.ascii	"\024"
  27              		.text
  28              		.section	.gnu.lto_.inline.5a2df8f2949b9e56,"",%progbits
  29 0000 789C6365 		.ascii	"x\234ce`b0b@\000&\006\006\005\015F\006&\213\005\353"
  29      60623062 
  29      40002606 
  29      06050D46 
  29      06268B05 
  30 0015 9919D816 		.ascii	"\231\031\330\026\3103\201\004\031\271@\004\303K\206"
  30      C8338104 
  30      19B94004 
  30      C34B86
  31 0024 452C40A9 		.ascii	"E,@\2513\214\327\326;\301\345\030\000\301\031\007\321"
  31      338CD7D6 
  31      3BC1E518 
  31      00C11907 
  31      D1
  32              		.text
ARM GAS  /tmp/ccJ7rrPs.s 			page 2


  33              		.section	.gnu.lto_.pureconst.5a2df8f2949b9e56,"",%progbits
  34 0000 789C6365 		.ascii	"x\234ce`b`e`\000\222R\214R\000\001\005\000D"
  34      60626065 
  34      60009252 
  34      8C520001 
  34      050044
  35              		.text
  36              		.section	.gnu.lto_hal_lld_init.5a2df8f2949b9e56,"",%progbits
  37 0000 789CA595 		.ascii	"x\234\245\225]H\024Q\024\307\357\231;\373%k\012~\022"
  37      5D481451 
  37      14C7EF99 
  37      3BFB256B 
  37      0A7E12
  38 0013 12BDFAE2 		.ascii	"\022\275\372\342\200I\217\276\004=\004\321\203\275G"
  38      80498FBE 
  38      043D04D1 
  38      83BD47
  39 0022 DA838260 		.ascii	"\332\203\202`d\017>\004\316\346\252a\224=\230&dcD\370"
  39      640F3E04 
  39      CEE6AA61 
  39      943D9826 
  39      646344F8 
  40 0036 959A65D9 		.ascii	"\225\232e\331j\245\256\237[\233\232\251}\250i\"\242"
  40      6AA5AE9F 
  40      5B9B9AA9 
  40      7DA86922 
  40      A2
  41 0047 98182994 		.ascii	"\230\030)\224\371\325=\367\216;\273\275\344\256\003"
  41      F9D53DF7 
  41      8E3BBBBD 
  41      E4AE03
  42 0056 7B7677E6 		.ascii	"{vw\346\316\357\377?\347\314=c\"\022\251\261\022\222"
  42      CEEFFF3F 
  42      E7CC3D63 
  42      2212A9B1 
  42      1292
  43 0068 42C4074C 		.ascii	"B\304\007L\004\244[C\2048\254\222D=\251D\015\223\007"
  43      04A45B43 
  43      8438AC92 
  43      443DA944 
  43      0D9307
  44 007b 22886AA7 		.ascii	"\"\210j\247 \213\3232\000\376P\255@\362%*C>\224\322"
  44      208BD332 
  44      00FE50AD 
  44      40F2252A 
  44      433E94D2 
  45 008f 0A0AEEE2 		.ascii	"\012\012\356\342\005\227\224X\243\262\243\253b\314R"
  45      05979458 
  45      A3B2A3AB 
  45      62CC52
  46 009e A416C66B 		.ascii	"\244\026\306k\224\220J\366\301\003j \221\260es-;\267"
  46      94904AF6 
  46      C1036A20 
  46      91B06573 
  46      2D3BB7
  47 00b1 C3CDB238 		.ascii	"\303\315\2628\017\265`\006\366\335<\012]\352\316n\261"
  47      0FB56006 
ARM GAS  /tmp/ccJ7rrPs.s 			page 3


  47      F6DD3C0A 
  47      5DEACE6E 
  47      B1
  48 00c2 DAE57D00 		.ascii	"\332\345}\000\256SG$\242Qf\204\005+\006\033\006;\206"
  48      AE534724 
  48      A2516684 
  48      052B061B 
  48      063B86
  49 00d5 080C9118 		.ascii	"\010\014\221\030\2420Dc\210\301\020\213!\016C<\006B"
  49      A2304463 
  49      88C1108B 
  49      210E433C 
  49      0642
  50 00e7 4A181F6D 		.ascii	"J\030\037m^\247\022~\323%p\267/\255f\240b\025\225\230"
  50      5EA7127E 
  50      D32570B7 
  50      2FAD66A0 
  50      62159598 
  51 00fb 91F242F7 		.ascii	"\221\362B\367\260\345&\325\250\004\350\313Y\325\267"
  51      B0E526D5 
  51      A804E8CB 
  51      59D5B7
  52 010a 60137FD5 		.ascii	"`\023\177\325\037\327T\231\235Z\236\331t\2314\250r\260"
  52      1FD75499 
  52      9D5A9ED9 
  52      749934A8 
  52      72B0
  53 011c 948E6A94 		.ascii	"\224\216j\224B=$@\035$\020\\\377\263|d\326\2564\252"
  53      423D2440 
  53      1D24105C 
  53      FFB37C64 
  53      D6AE34AA 
  54 0130 4ED0580D 		.ascii	"N\320X\015\032@\203;<Sx\004\012ab\353V\224\012\216\322"
  54      1A40833B 
  54      3C537804 
  54      0A6162EB 
  54      56940A8E 
  55 0145 68509A40 		.ascii	"hP\232@a\227\247\007\353\032(\232\002\330eG\0044\263"
  55      6197A707 
  55      EB1A289A 
  55      02D86547 
  55      0434B3
  56 0158 FB82873B 		.ascii	"\373\202\207;\360\232\014\217\015|\013\307\373J \003"
  56      F09A0C8F 
  56      0D7C0BC7 
  56      FB4A2003 
  57 0168 812702DD 		.ascii	"\201'\002\335^\267AE\221L\301\231\177\312\351\330Mh"
  57      5EB74145 
  57      914CC199 
  57      7FCAE9D8 
  57      4D68
  58 017a 0DBD04CF 		.ascii	"\015\275\004\317\014\312sP\016\226o\233\301z\301X\276"
  58      0CCA7350 
  58      0E966F9B 
  58      C17AC158 
  58      BE
  59 018b 0437F504 		.ascii	"\0047\365\004\255\301Ysq\234\204\270v\236`\301\357\""
ARM GAS  /tmp/ccJ7rrPs.s 			page 4


  59      ADC15973 
  59      719C84B8 
  59      769E60C1 
  59      EF22
  60 019d 10249B80 		.ascii	"\020$\233\200\335\330\236\351\366k\327!\350\020\222"
  60      DDD89EE9 
  60      F66BD721 
  60      E81092
  61 01ac E5B6E00B 		.ascii	"\345\266\340\013\361\322P{\005\012\223\010\275\016\257"
  61      F1D2507B 
  61      050A9308 
  61      BD0EAF
  62 01bb 0D54A77F 		.ascii	"\015T\247\177\035\266\364:\330\203s\326\305q|\373v\207"
  62      1DB6F43A 
  62      D88373D6 
  62      C5717CFB 
  62      7687
  63 01cd DE68B741 		.ascii	"\336h\267A\3519h\243{\015V\237\177\202\273z\202\021"
  63      E93968A3 
  63      7B0D569F 
  63      7F82BB7A 
  63      8211
  64 01df C159EBE7 		.ascii	"\301Y\353\3478\031q\003\3774:R\300\372\333\377\254\331"
  64      38197103 
  64      FF343A52 
  64      C0FADBFF 
  64      ACD9
  65 01f1 45A371DE 		.ascii	"E\243q\336\001\014\206\336h\217\241\366\006\033\035"
  65      010C86DE 
  65      688FA1F6 
  65      061B1D
  66 0200 C9BD2F6D 		.ascii	"\311\275/m\034\367\015K'\237\251\023\265f>/+)\370\317"
  66      1CF70D4B 
  66      279FA913 
  66      B5663E2F 
  66      2B29F8CF 
  67 0214 51780B66 		.ascii	"Qx\013fv\253\027\335E\371\357i\023_v\177\333\331d\023"
  67      76AB17DD 
  67      45F9EF69 
  67      135F767F 
  67      DBD96413 
  68 0228 7FD55907 		.ascii	"\177\325Y\007\037k\367\274S\275a\314\033S7\303\020\363"
  68      1F6BF7BC 
  68      53BD61CC 
  68      1B5337C3 
  68      10F3
  69 023a F54EF735 		.ascii	"\365N\36754\\\262n\361\371\032\346\276LB\000F\366\012"
  69      345CB26E 
  69      F1F91AE6 
  69      BE4C4200 
  69      46F60A
  70 024d 51B56A16 		.ascii	"Q\265j\026b\321B\257i\261\363n\230^\012\011\336\373"
  70      62D142AF 
  70      69B1F36E 
  70      985E0A09 
  70      DEFB
  71 025f EAE0E575 		.ascii	"\352\340\345u\330\247\326h\200\326\007,C\264h\341\025"
ARM GAS  /tmp/ccJ7rrPs.s 			page 5


  71      D8A7D668 
  71      80D6072C 
  71      43B468E1 
  71      15
  72 0270 2116E357 		.ascii	"!\026\343WS\370\337\3430\306if\2356.\234o\025\325\231"
  72      53F8DFE3 
  72      30C66966 
  72      9D362E9C 
  72      6F15D599 
  73 0284 042B56E0 		.ascii	"\004+V\340\346\037\316W\333t\343f\230`\254ypN\366\244"
  73      E61FCE57 
  73      DB74E366 
  73      9860AC79 
  73      704EF6A4 
  74 0298 E88BD88A 		.ascii	"\350\213\330\212\212\225\215\303\372\002\031>\242\030"
  74      8A958DC3 
  74      FA02193E 
  74      A218
  75 02a6 C1F70925 		.ascii	"\301\367\011%\236T|\235\254/\356\244\352i\356\307Zu"
  75      9E547C9D 
  75      AC2FEEA4 
  75      EA69EEC7 
  75      5A75
  76 02b8 3A7AFB14 		.ascii	":z\373\024\340\3553\037\303\365\277\2645Y\214a\225)"
  76      E0ED331F 
  76      C3F5BFB4 
  76      35598C61 
  76      9529
  77 02ca 7DD1B7C2 		.ascii	"}\321\267\302\342n\360\370\311\000\374\224\276\031\320"
  77      E26EF0F8 
  77      C900FC94 
  77      BE19D0
  78 02d9 B56CBC05 		.ascii	"\265l\274\005=\005\026\221d\334\376;4\315\301\026\035"
  78      3D051691 
  78      64DCFE3B 
  78      34CDC116 
  78      1D
  79 02ea FC75AFA6 		.ascii	"\374u\257\246 @\361\202\325Z\3321\036\256\317\277M|"
  79      2040F182 
  79      D55ADA31 
  79      1EAECFBF 
  79      4D7C
  80 02fc 5DCD84F6 		.ascii	"]\315\204\3668\314\006\210}\303\307!\236,CAu[\031\337"
  80      38CC0688 
  80      7DC3C721 
  80      9E2C4341 
  80      755B19DF 
  81 0310 D17887CB 		.ascii	"\321x\207\313\365}\322\222\277\255Z5j\251\304\341\006"
  81      F57DD292 
  81      BFAD5A35 
  81      6AA9C4E1 
  81      06
  82 0321 7390CF5E 		.ascii	"s\220\317^\375V\262\002W\253\327\312\370\206\345\035"
  82      FD56B202 
  82      57ABD7CA 
  82      F886E51D 
  83 0331 2B611B86 		.ascii	"+a\033\206\345\316\226$'%)'2\263\322\263\316\244)9\271"
ARM GAS  /tmp/ccJ7rrPs.s 			page 6


  83      E5CE9624 
  83      27252927 
  83      32B3D2B3 
  83      CEA42939 
  84 0346 4AE6F96C 		.ascii	"J\346\371l\345b\316\245\313\271J\332\331\323\307\222"
  84      E562CEA5 
  84      CBB94ADA 
  84      D9D3C792 
  85 0356 453C9992 		.ascii	"E<\231\222\227\207W\316eg_H\312 \177\001\037\254\327"
  85      978757CE 
  85      65675F48 
  85      CA207F01 
  85      1FACD7
  86 0369 B8       		.ascii	"\270"
  87              		.text
  88              		.section	.gnu.lto_stm32_clock_init.5a2df8f2949b9e56,"",%progbits
  89 0000 789CA559 		.ascii	"x\234\245YiPTW\026~\347\276\336\351n\026\001\331\005"
  89      69505457 
  89      167EE7BE 
  89      DEE96E16 
  89      01D905
  90 0013 59D458A1 		.ascii	"Y\324X\241-\215\226N\374\221\256\211\211\261b\345G\246"
  90      2D8D964E 
  90      FC91AE89 
  90      89B162E5 
  90      47A6
  91 0025 E65F2A35 		.ascii	"\346_*515\023g\254r*\231\232\312\277<\244\021\005\342"
  91      31351367 
  91      AC722A99 
  91      9ACABF3C 
  91      A41105E2 
  92 0039 3243101D 		.ascii	"2C\020\035\2411\232 \021A\215\033\270\341B\020\343\232"
  92      A1319A20 
  92      11418D1B 
  92      B8E14210 
  92      E39A
  93 004b C589E888 		.ascii	"\305\211\350\2101A qAdPqa\356\271\367\276w;\317\232"
  93      31412071 
  93      41645071 
  93      61EEB9F7 
  93      BE773BCF 
  94 0060 4A5E871F 		.ascii	"J^\207\037\347u\337\363\372\273\337\375\276s\317[\260"
  94      E775DFF3 
  94      FABBDFFD 
  94      BE73CF5B 
  94      B0
  95 0071 2B44399A 		.ascii	"+D9\232\242(\263\025E\311'\212\002\023\025 \253N+J\221"
  95      A228B315 
  95      45C9278A 
  95      02131520 
  95      AB4E2B4A 
  96 0086 8B80CA3F 		.ascii	"\213\200\312?\250dBE\207\242h\036[\310\251h\336\011"
  96      A8644245 
  96      87A2681E 
  96      5BC8A968 
  96      DE09
  97 0098 7C3C6803 		.ascii	"|<h\003;\317\333I\001\317;X\276\200\217\007\035\340"
ARM GAS  /tmp/ccJ7rrPs.s 			page 7


  97      3BCFDB49 
  97      01CF3B58 
  97      BE808F07 
  97      1DE0
  98 00aa E47927C9 		.ascii	"\344y'\311\347y\027\313\347\363\361\240\013\334<\357"
  98      E77917CB 
  98      E7F3F1A0 
  98      0BDC3CEF 
  99 00ba 26793CEF 		.ascii	"&y<\357a\371<>\036\364@\014\317\307\220\\\236\367\262"
  99      61F93C3E 
  99      1EF4400C 
  99      CFC7905C 
  99      9EF7B2
 100 00cd 7C2E1F0F 		.ascii	"|.\037\017z\301\307\363>2\236\347\375,?\236\217\007"
 100      7AC1C7F3 
 100      3E329EE7 
 100      FD2C3F9E 
 100      8F07
 101 00df FD10CBF3 		.ascii	"\375\020\313\363\261$\207\347\343X>\207\217\007\343"
 101      B12487E7 
 101      E3583E87 
 101      8F07E3
 102 00ee 20038F90 		.ascii	" \003\217\220A\262y:\236\245\263\371p0\036\022\370\317"
 102      41B2793A 
 102      9EA5B3F9 
 102      70301E12 
 102      F8CF
 103 0100 13C8389E 		.ascii	"\023\3108\236\037\303\362\343\370xp\014$\362|\"\311"
 103      1FC3F2E3 
 103      F878700C 
 103      24F27C22 
 103      C9
 104 0111 E2F92496 		.ascii	"\342\371$\226\317\342\343\301$\222<\220DGS\352f\322"
 104      CFE2E3C1 
 104      24923C90 
 104      444753EA 
 104      66D2
 105 0123 D1643236 		.ascii	"\321d26\342\333XH\345\277M\321?\244B\032\377\220F29"
 105      E2DB5848 
 105      E5BF4DD1 
 105      3FA4421A 
 105      FF904632 
 106 0138 5A3A43CB 		.ascii	"Z:C\313\344\343\301t\000<j.P\336#\352\004\233\275\300"
 106      E4E3C174 
 106      003C6A2E 
 106      50DE23EA 
 106      049BBDC0 
 107 014c E1CC77B9 		.ascii	"\341\314w\271\363<1\271^\337x\177lN\\Fv|\302\2701\211"
 107      F33C31B9 
 107      5EDF787F 
 107      6C4E5C46 
 107      767CC2B8 
 108 0162 5949C963 		.ascii	"YI\311cSR\3232\323\341=\257\252\360?\2738:\305\321-"
 108      5352D332 
 108      D3E13DAF 
 108      AAF03FBB 
 108      383AC5D1 
ARM GAS  /tmp/ccJ7rrPs.s 			page 8


 109 0177 8E31E2E8 		.ascii	"\2161\342\350\023\307Xq\314\020\307\004qL\024\3074q"
 109      13C75871 
 109      CC10C704 
 109      714C14C7 
 109      3471
 110 0189 5CA9AE51 		.ascii	"\\\251\256Q\341H\351\265\0262\251^\243\177mk\272<K\265"
 110      E148E9B5 
 110      1632A95E 
 110      A37F6D6B 
 110      BA3C4BB5 
 111 019d 9294309D 		.ascii	"\222\2240\235p\255\230\024\352a\222BO\273\272\375\361"
 111      70AD9814 
 111      EA619242 
 111      4FBBBAFD 
 111      F1
 112 01ae 073E878D 		.ascii	"\007>\207\215\217\303fp\000=6\177\001m\332\343\321R"
 112      8FC36670 
 112      003D367F 
 112      016DDAE3 
 112      D152
 113 01c0 ADEDFA46 		.ascii	"\255\355\372FX\375\373W\354JX\005\007\006\027\0067\006"
 113      58FDFB57 
 113      EC4A5805 
 113      07061706 
 113      3706
 114 01d2 0F86180C 		.ascii	"\017\206\030\014>\014\261\030\3420\304cH\300\220\204"
 114      3E0CB118 
 114      E230C463 
 114      48C09084 
 115 01e2 2119430A 		.ascii	"!\031C\012\206T\014i\030\3221db\310\302\220\215!\007"
 115      86540C69 
 115      18D23164 
 115      62C8C290 
 115      8D2107
 116 01f5 432E863C 		.ascii	"C.\206<\014\371\030\0120L\3040\011\303S\030&cx\032C"
 116      0CF9180A 
 116      304CC430 
 116      09C35318 
 116      2663781A 
 117 020a 21860086 		.ascii	"!\206\000\206)\030\246b\230\206a:\206\031\030fb\230"
 117      2918A662 
 117      9886613A 
 117      86191866 
 117      6298
 118 021c 85E1590C 		.ascii	"\205\341Y\014\2631<\207!\210\341y\014s0\274\210a.\206"
 118      B3313C87 
 118      2188E179 
 118      0C7330BC 
 118      88612E86 
 119 0230 9730CCC3 		.ascii	"\2270\314\303\3602\206\371\030\024\245\214\252C\375"
 119      F03286F9 
 119      1814A58C 
 119      AA43FD
 120 023f 2E57093D 		.ascii	".W\011=\250\375pd\250o\177\211\007\345\242\022V\225"
 120      A8FD7064 
 120      A86F7F89 
 120      07E5A212 
ARM GAS  /tmp/ccJ7rrPs.s 			page 9


 120      5695
 121 0251 1C39E35C 		.ascii	"\0349\343\\\241\206U\002\250h\250\246\375\232\233\177"
 121      A1865502 
 121      A868A8A6 
 121      FD9A9B7F 
 122 0261 D5069669 		.ascii	"\325\006\226i6:\364c\367\203\026{\030j\212\250\031u"
 122      363AF463 
 122      F783167B 
 122      186A8AA8 
 122      1975
 123 0273 69615585 		.ascii	"iaU\205O \003\032\200\032I\263\203Ug\257x\003[\265P"
 123      4F20031A 
 123      801A49B3 
 123      835567AF 
 123      78035BB5 
 124 0288 91961D56 		.ascii	"\221\226\035Vm\260\005\302P\315l\202F\010\320\023\366"
 124      6DB005C2 
 124      50CD6C82 
 124      4608D013 
 124      F6
 125 0299 7CBDEE84 		.ascii	"|\275\356\204\035\021m\200v\002l\245\277d$:{\034f\022"
 125      1D116D80 
 125      76026CA5 
 125      BF64243A 
 125      7B1C6612 
 126 02ad 764662C3 		.ascii	"vFb\303\243P\223\233\177\325\256\0241\022\265'/\035"
 126      A350939B 
 126      7FD5AE14 
 126      3112B527 
 126      2F1D
 127 02bf F3449070 		.ascii	"\363D\220p@3%\321$H\234>S6\344\214 \261\215\221\300"
 127      403325D1 
 127      24489C3E 
 127      5336E48C 
 127      20B18D91 
 128 02d4 6280ED8C 		.ascii	"b\200\355\214D{\323\310U\267NB\205\035\234Bk\3777\234"
 128      447BD3C8 
 128      55B74E42 
 128      851D9C42 
 128      6BFF379C 
 129 02e8 428D6A37 		.ascii	"B\215j7-4\373\377\256\023\020\344S6\001\301\011vR\027"
 129      2D34FBFF 
 129      AE1310E4 
 129      533601C1 
 129      09765217 
 130 02fc FBA1F8DE 		.ascii	"\373\241\370\336R\340H\002l\347\261\216\245.\234\021"
 130      52E04802 
 130      6CE7B18E 
 130      A52E9C11 
 131 030c E8DF2E3E 		.ascii	"\350\337.>_\225[\254\327\302L\273\345L{ @\341\351\247"
 131      5F955BAC 
 131      D7C24CBB 
 131      E54C7B20 
 131      40E1E9A7 
 132 0320 725555E8 		.ascii	"rUU\350\206U\331\022.\3648\371\304\256_\014,T\332+\241"
 132      8655D912 
 132      2EF438F9 
ARM GAS  /tmp/ccJ7rrPs.s 			page 10


 132      C4AE5F0C 
 132      2C54DA2B 
 133 0335 5BF8221E 		.ascii	"[\370\"\036.\355\264s07\307k\037\275\333\026\313WA\240"
 133      2EEDB473 
 133      3037C76B 
 133      1FBDDB16 
 133      CB5741A0 
 134 0349 95E27C0F 		.ascii	"\225\342|\017\241\256\243'\305R\335\364\214\346\353"
 134      A1AEA327 
 134      C552DDF4 
 134      8CE6EB
 135 0358 2DF77DFC 		.ascii	"-\367}\374\014\005\366\001\337\335e\352\004\2056\032"
 135      0C05F601 
 135      DFDD65EA 
 135      0485361A 
 136 0368 28576DA2 		.ascii	"(Wm\242\344Z\373\273?\022<=\326\004\330\317X\262\015"
 136      E45AFBBB 
 136      3F123C3D 
 136      D604D8CF 
 136      58B20D
 137 037b 7E406729 		.ascii	"~@g)\346\217\341`\007\207K\376\316\031<\034\035\035"
 137      E68FE160 
 137      07874BFE 
 137      CE193C1C 
 137      1D1D
 138 038d 8D8583D1 		.ascii	"\215\205\203\321\253}HN\326\206j\307\2602i\350\023\252"
 138      AB7D484E 
 138      D6866AC7 
 138      B03269E8 
 138      13AA
 139 039f F8ACA11D 		.ascii	"\370\254\241\035\226hG\030\365\2508\035\225(\307\220"
 139      96684718 
 139      F5A8381D 
 139      9528C790 
 140 03af 938F5580 		.ascii	"\223\217U\200]V@\177\273P6\326j\005\264K\350\317tm/"
 140      5D56407F 
 140      BB5036D6 
 140      6A05B44B 
 140      E8CF746D 
 141 03c4 88B5C671 		.ascii	"\210\265\306q\274\007}\225\027\200\253\353\205\016^"
 141      BC077D95 
 141      1780ABEB 
 141      850E5E
 142 03d3 01178D0A 		.ascii	"\001\027\215\012\210\213\260\274@X\3560,\277\241\357"
 142      888BB0BC 
 142      4058EE30 
 142      2CBFA1EF 
 143 03e3 AE786B2B 		.ascii	"\256xk+>.\013\263\323dy\002\007k\356,\351\020\254\356"
 143      3E2E0BB3 
 143      D3647902 
 143      076BEE2C 
 143      E910ACEE 
 144 03f7 039C88DE 		.ascii	"\003\234\210\336\360\317\345T'Q\334\004\336\232n\362"
 144      F0CFE554 
 144      2751DC04 
 144      DE9A6EF2 
 145 0407 62B5DCFD 		.ascii	"b\265\334\375NIAO\263\306ct6\033\335\036g\364\266\363"
ARM GAS  /tmp/ccJ7rrPs.s 			page 11


 145      4E49414F 
 145      B3C66374 
 145      361BDD1E 
 145      67F4B6F3 
 146 041b 501726C9 		.ascii	"P\027&\311\032\333\263\222\3559S\333I\346`\203\335\335"
 146      1ADBB392 
 146      ED3953DB 
 146      49E66083 
 146      DDDD
 147 042d 4BFC5C18 		.ascii	"K\374\\\030MK\204/\242W\346K9\327W\250L2+;\247,\273"
 147      4D4B842F 
 147      A257E64B 
 147      39D757A8 
 147      4C322B3B 
 148 0444 E51DA2EC 		.ascii	"\345\035\242\354R\254\226\335\327\022\372\274\356o\213"
 148      52AC96DD 
 148      D712FABC 
 148      EE6F8B
 149 0453 28BB548E 		.ascii	"(\273T\216w\264\2666D\364u\270\340\337\346\326\223\032"
 149      77B4B636 
 149      44F475B8 
 149      E0DFE6D6 
 149      931A
 150 0465 5178F9A2 		.ascii	"Qx\371\242\360\\F\341\255,\025\324\322\254\255\371\033"
 150      F05C46E1 
 150      AD2C15D4 
 150      D2ACADF9 
 150      1B
 151 0476 46CC86C4 		.ascii	"F\314\206\304.\230\364M\247`\277\246\217wI\350\213("
 151      2E98F44D 
 151      A760BFA6 
 151      8F7749E8 
 151      8B28
 152 0488 673A93D3 		.ascii	"g:\223\323-\345\254\326\345\314\264*\347%\011\375\037"
 152      2DE5ACD6 
 152      E5CCB42A 
 152      E72509FD 
 152      1F
 153 0499 731FCFA2 		.ascii	"s\037\317\242xO6\356\254\010\365\362\204z\036\343\346"
 153      784F36EE 
 153      AC08F5F2 
 153      847A1EE3 
 153      E6
 154 04aa A0B6D413 		.ascii	"\240\266\324\023U\361_f<\360~\020\272Y\361\277\277\267"
 154      55F15F66 
 154      3CF07E10 
 154      BA59F1BF 
 154      BFB7
 155 04bc 7826AFFD 		.ascii	"x&\257\375e;\213~\003W\364\362\337\334+\312?\333\232"
 155      653B8B7E 
 155      0357F4F2 
 155      DFDC2BCA 
 155      3FDB9A
 156 04cf 86DFCABA 		.ascii	"\206\337\312\272\271j\262'\207\203\235\353\0319\343"
 156      B96AB227 
 156      87839DEB 
 156      1939E3
ARM GAS  /tmp/ccJ7rrPs.s 			page 12


 157 04de D6CB86D6 		.ascii	"\326\313\206\326\315w\321\033\366\275\234\254\007\015"
 157      CD77D11B 
 157      F6BD9CAC 
 157      070D
 158 04ec CB6186C5 		.ascii	"\313a\206\305H\303\032u\303rM\367'\331?w{r\215A\343"
 158      48C31A75 
 158      C3724DF7 
 158      27D93F77 
 158      7B728D41 
 159 0501 951C7ACD 		.ascii	"\225\034z\315\206\345q\274\213'\366~\345\324\027\002"
 159      86E571BC 
 159      8B27F67E 
 159      E5D41702 
 160 0511 D0677630 		.ascii	"\320gv0/\302\301\\\341\240\327\250\377V]\340\374_L\215"
 160      2FC2C15C 
 160      E1A0D7A8 
 160      FF565DE0 
 160      FC5F4C8D 
 161 0525 ADB95FDE 		.ascii	"\255\271_\3367\375`\022\270\200\203\365\336l\2540x\331"
 161      37FD6012 
 161      B88083F5 
 161      DE6CAC30 
 161      78D9
 162 0537 E04793BE 		.ascii	"\340G\223\276\026\346\272.\347\272\201\372\0260}}R\337"
 162      16E6BA2E 
 162      E7BA81FA 
 162      16307D7D 
 162      52DF
 163 0549 7DBD42DF 		.ascii	"}\275B\337\211V\365\275)\365\275e\276\254M\242x\214"
 163      8956F5BD 
 163      29F5BD65 
 163      BEAC4DA2 
 163      788C
 164 055b F64FE49C 		.ascii	"\366O\344\234\024!\347x!\247\337\220\363\200.\347S\326"
 164      1421E778 
 164      21A7DF90 
 164      F3802EE7 
 164      53D6
 165 056d 96382097 		.ascii	"\2268 \227x\333$\347d\012\306\272Z\224\352\015J\350"
 165      78DB24E7 
 165      640AC6BA 
 165      5A94EA0D 
 165      4AE8
 166 057f 3BA8DE64 		.ascii	";\250\336d\246^\254T\357\240\256\336\323V\325\033\222"
 166      A65EAC54 
 166      EFA0AEDE 
 166      D356D51B 
 166      92
 167 0590 EAFDD7AC 		.ascii	"\352\375\327\254^!\305{\262\031\027F\250\227\303\324"
 167      5E21C57B 
 167      B2191746 
 167      A897C3D4 
 168 05a0 2B53E350 		.ascii	"+S\343P\275r5\003\031\001ctRg\024\260\332\340\206\345"
 168      BD723503 
 168      19016374 
 168      526714B0 
 168      DAE086E5 
ARM GAS  /tmp/ccJ7rrPs.s 			page 13


 169 05b4 56BC6BDE 		.ascii	"V\274k\336/S8\336\347\243\025\267\354\306\306\217\203"
 169      2F5338DE 
 169      E7A315B7 
 169      ECC6C68F 
 169      83
 170 05c5 7B668E53 		.ascii	"{f\216S\"8f\013\207\343\215\226\327\325\033]\313\273"
 170      2238660B 
 170      87E38D96 
 170      D7D51B5D 
 170      CBBB
 171 05d7 CF98E1A3 		.ascii	"\317\230\341\243/\214\260\226W7T\025\366\363\236\027"
 171      2F8CB096 
 171      57375415 
 171      F6F39E17 
 172 05e7 BA12AAB3 		.ascii	"\272\022\252\263\301\003\275\351]\322\213h\252\265>"
 172      C103BDE9 
 172      5DD28B68 
 172      AAB53E
 173 05f6 F4502EFE 		.ascii	"\364P.\376\221\251\210\246q\260\353\347\233o:\214\265"
 173      91A988A6 
 173      71B0EBE7 
 173      9B6F3A8C 
 173      B5
 174 0607 67C3E3E8 		.ascii	"g\303\343\350\233\336\250\234L#\264\254\246\261\262"
 174      9BDEA89C 
 174      4C23B4AC 
 174      A6B1B2
 175 0616 4A9065D5 		.ascii	"J\220e\325\255\2338\335\252\211E\304\200^BL&\316\340"
 175      AD9B38DD 
 175      AA8945C4 
 175      805E424C 
 175      26CEE0
 176 0629 784DC347 		.ascii	"xM\303G\033\244\211m\012\024\023\223\2133\"\\\034'\\"
 176      1BA4896D 
 176      0A141393 
 176      8B33225C 
 176      1C275C
 177 063c 1C63B878 		.ascii	"\034c\270x#J\027C\214\232\013\251\225\020t1|x\323 \350"
 177      234A1743 
 177      8C9A0BA9 
 177      95107431 
 177      7C78D320 
 178 0651 2E565017 		.ascii	".VP\027\227\022\341\342-\335\305\231\326\204-\225\253"
 178      9712E1E2 
 178      2DDDC599 
 178      D6842D95 
 178      AB
 179 0662 5F467EEA 		.ascii	"_F~\352\342,\016\366Y\353\310\035\257\261x\332\363\227"
 179      E22C0EF6 
 179      59EBC81D 
 179      AFB178DA 
 179      F397
 180 0674 93A86D2C 		.ascii	"\223\250m,\223\263\225\243\215\263\230\215\211\322\306"
 180      93B395A3 
 180      8DB3988D 
 180      89D2C6
 181 0683 11DDC667 		.ascii	"\021\335\306g\255\332X!\241\3377\3338\233\343\265\325"
ARM GAS  /tmp/ccJ7rrPs.s 			page 14


 181      ADDA5821 
 181      A1DF37DB 
 181      389BE3B5 
 181      D5
 182 0694 0F0FCB8B 		.ascii	"\017\017\313\213\260F`\205\331\306\331\0216f\011\033"
 182      B0466085 
 182      D9C6D911 
 182      3666091B 
 183 06a4 930C1B47 		.ascii	"\223\014\033G\353\243\273\371^I\214\233\357U\314\306"
 183      EBA3BBF9 
 183      5E498C9B 
 183      EF55CCC6 
 184 06b4 FAD0BA26 		.ascii	"\372\320\272&\257x\352\337\374!\275\\\255\246Dz`I\335"
 184      AF78EADF 
 184      FC21BD5C 
 184      ADA6447A 
 184      6049DD
 185 06c7 A14D5978 		.ascii	"\241MYx\263\020\332\266^\305\264\023\360\025\303\355"
 185      B310DAB6 
 185      5EC5B413 
 185      F015C3ED 
 186 06d7 53EBBE63 		.ascii	"S\353\276c[\327\005x+q\272\346\313k6u:{!\361\270\367"
 186      5BD70578 
 186      2B71BAE6 
 186      CB6B3675 
 186      3A7B21F1 
 187 06ed C44192BF 		.ascii	"\304A\222\277Q\323\226hm\307\341\270f\013\253n\250$"
 187      51D39668 
 187      6DC7E1B8 
 187      660BAB6E 
 187      A824
 188 06ff EA5A5581 		.ascii	"\352ZU\201\177\222\014\370\007\341\253\221\257\244\340"
 188      7F920CF8 
 188      07E1AB91 
 188      AFA4E0
 189 070e 0392CFDE 		.ascii	"\003\222\317\336HQ2U\304\201_#\237\006\334\364i`\215"
 189      48513255 
 189      C4815F23 
 189      9F06DCF4 
 189      69608D
 190 0721 20D3BB29 		.ascii	" \323\273)3\342\224\201\342\2355\016~\212\206W\330j"
 190      33E29481 
 190      E29D350E 
 190      7E8A8657 
 190      D86A
 191 0733 71D6ED3C 		.ascii	"q\326\355<\375$6\204\205\321\337\320\351\301A\263Po"
 191      FD243684 
 191      85D1DFD0 
 191      E9C141B3 
 191      506F
 192 0745 283FA7D4 		.ascii	"(?\247\324Z\246\024\276\251\203u$\240\003\016\365mi"
 192      5AA614BE 
 192      A9837524 
 192      A0030EF5 
 192      6D69
 193 0757 886E03FD 		.ascii	"\210n\003\375\213\341y\020o=S\276nC\345z\217\361\322"
 193      8BE17910 
ARM GAS  /tmp/ccJ7rrPs.s 			page 15


 193      6F3D53BE 
 193      6E43E57A 
 193      8FF1D2
 194 076a 87EEE41A 		.ascii	"\207\356\344\032}\003]\354\024\225\367\\\244\036\036"
 194      7D035DEC 
 194      1495F75C 
 194      A41E1E
 195 0779 267359F1 		.ascii	"&sY\361\341\035.\376Uk[\245\371\351\320\331\313{\317"
 195      E11D2EFE 
 195      556B5BA5 
 195      F9E9D0D9 
 195      CB7BCF
 196 078c 475CB962 		.ascii	"G\\\271b L\345\256%\234\306\356;\203+#i\3241\032\370"
 196      204CE5AE 
 196      259CC6EE 
 196      3B832B23 
 196      69D4311A 
 197 07a1 E21136D0 		.ascii	"\342\0216\320\332d%\367\214\234\355\334\212\343\247"
 197      DA6425F7 
 197      8C9CEDDC 
 197      8AE3A7
 198 07b0 7C9CD4EA 		.ascii	"|\234\324\352\343E\264.?\024\266\225\323\207\233\207"
 198      E345B42E 
 198      3F14B695 
 198      D3879B87 
 199 07c0 C07646E7 		.ascii	"\300vF\347k\374\374`$;/cW\324\262\277"
 199      6BFCFC60 
 199      243B2F63 
 199      57D4B2BF 
 200 07d0 D2CEBF6A 		.ascii	"\322\316\277j]\305\214\335\271\352%\337\272$;\037l\242"
 200      5DC58CDD 
 200      B9EA25DF 
 200      BA243B1F 
 200      6CA2
 201 07e2 EC360A76 		.ascii	"\3546\012v?\234\376\370P\014eW\311\330\371\341#\306"
 201      3F9CFEF8 
 201      500C6557 
 201      C9D8F9E1 
 201      23C6
 202 07f4 CE8BEC3E 		.ascii	"\316\213\354>\326\331\015\331\344tm\217jw\261\372\363"
 202      D6D90DD9 
 202      E4746D8F 
 202      6A77B1FA 
 202      F3
 203 0805 C3E1D0A1 		.ascii	"\303\341\320\241e6\2507\350\215U:\024\2767.-\177\342"
 203      6536A837 
 203      E88D553A 
 203      14BE372E 
 203      2D7FE2
 204 0818 C55D2C63 		.ascii	"\305],c\327\267\255c\304\307\277j\367\370\213\273\216"
 204      D7B7AD63 
 204      C4C7BF6A 
 204      F7F88BBB 
 204      8E
 205 0829 6A6DBBF1 		.ascii	"jm\273\361\316\354\317\264(\342\240\201\362\333,\370"
 205      CEECCFB4 
 205      28E2A081 
ARM GAS  /tmp/ccJ7rrPs.s 			page 16


 205      F2DB2CF8 
 206 0839 85863B2A 		.ascii	"\205\206;*\035\021\352}\302\370\341\333\005\330\302"
 206      1D11EA7D 
 206      C2F8E1DB 
 206      05D8C2
 207 0848 4CBCDB5E 		.ascii	"L\274\333^Z%\256e%\004\032\031\233r5E9\340\340\\.\033"
 207      5A25AE65 
 207      25041A19 
 207      9B723545 
 207      39E0E05C 
 208 085e 5C2CCEB4 		.ascii	"\\,\316\264U\316\324\304f\032\330~i\261\230\310\017"
 208      55CED4C4 
 208      661AD87E 
 208      69B198C8 
 208      0F
 209 086f CD62A254 		.ascii	"\315b\242T\343\376\353V\203\250\231\347\255\265\301"
 209      E3FEEB56 
 209      83A899E7 
 209      ADB5C1
 210 087e 6DB2216C 		.ascii	"m\262!l75\3359\024\214=\027E\331awH\350O\261\303\316"
 210      3735DD39 
 210      148C3D17 
 210      45D96177 
 210      48E84FB1 
 211 0894 6194D364 		.ascii	"a\224\323d\207\275\247\327\371\213V;\354N\011\275\213"
 211      87BDA7D7 
 211      F98B563B 
 211      EC4E09BD 
 211      8B
 212 08a5 98EEBFE6 		.ascii	"\230\356\277\346R\274'\337\302\314\245(\353\366\015"
 212      52BC27DF 
 212      C2CCA528 
 212      EBF60D
 213 08b4 9D10D74E 		.ascii	"\235\020\327N\027\354&zw\315\024\3355\335\020st!\377"
 213      17EC267A 
 213      77CD14DD 
 213      35DD1073 
 213      7421FF
 214 08c7 D14BD616 		.ascii	"\321K\326\026\274\207\261\362#\253\275&-\347Q0\366\204"
 214      BC87B1F2 
 214      23ABBD26 
 214      2DE75130 
 214      F684
 215 08d9 12A5962D 		.ascii	"\022\245\226-\022\272\025\265\234\307:\205\233\203\277"
 215      12BA15B5 
 215      9CC73A85 
 215      9B83BF
 216 08e8 6C0D6B1F 		.ascii	"l\015k\037\303\302\3775\300~\023\315\371\024\354\327"
 216      C3C2FF35 
 216      C07E13CD 
 216      F914ECD7 
 217 08f8 D03C20A1 		.ascii	"\320< \241\017\"\315\371\312\015\332\22776\002o\363"
 217      0F22CDF9 
 217      CA0DDA97 
 217      3736026F 
 217      F3
 218 0909 4C6EA032 		.ascii	"Ln\2402\323k\343\324\302\302\300o\337Z\370\306\302W"
ARM GAS  /tmp/ccJ7rrPs.s 			page 17


 218      D36BE3D4 
 218      C2C2C06F 
 218      DF5AF8C6 
 218      C257
 219 091b 5E0D2C7E 		.ascii	"^\015,~'\360\326\037\026\005\376\272\370\355\277\275"
 219      27F0D61F 
 219      1605FEBA 
 219      F8EDBFBD 
 220 092b 1378F577 		.ascii	"\023x\365w\363\247M\345\361\205g\336}\0273\257/Z\364"
 220      F3A74DE5 
 220      F18567DE 
 220      7D1733AF 
 220      2F5AF4
 221 093e 66E102C5 		.ascii	"f\341\002\305\371\346\202\277,\370\343\237\336\376\037"
 221      F9E682BF 
 221      2CF8E39F 
 221      DEFE1F
 222 094d 9D8D3279 		.ascii	"\235\2152y"
 223              		.text
 224              		.section	.gnu.lto_.symbol_nodes.5a2df8f2949b9e56,"",%progbits
 225 0000 789C6365 		.ascii	"x\234ce`b\360`\000\002\246\351L\365\014\014\023\316"
 225      6062F060 
 225      0002A6E9 
 225      4CF50C0C 
 225      13CE
 226 0012 313000A9 		.ascii	"10\000\251]\015\216@\221\031L\365\214(\"\254S\231\030"
 226      5D0D8E40 
 226      91194CF5 
 226      8C2822AC 
 226      539918
 227 0025 1A95808A 		.ascii	"\032\225\200\212\031g2\3253\201\245\030\030\032\032"
 227      196732D5 
 227      3381A518 
 227      181A1A
 228 0034 1C181898 		.ascii	"\034\030\030\230\201\260\245\377\215<\003\000m'\020"
 228      81B0A5FF 
 228      8D3C0300 
 228      6D2710
 229 0043 54       		.ascii	"T"
 230              		.text
 231              		.section	.gnu.lto_.refs.5a2df8f2949b9e56,"",%progbits
 232 0000 789C6365 		.ascii	"x\234ce`b`d\000\002\000\000I\000\011"
 232      60626064 
 232      00020000 
 232      490009
 233              		.text
 234              		.section	.gnu.lto_.decls.5a2df8f2949b9e56,"",%progbits
 235 0000 789CCD59 		.ascii	"x\234\315Y{PTW\232\357sO\323\315[\027\255\035g\226\255"
 235      7B505457 
 235      9AEF734F 
 235      D3CD5B17 
 235      AD1D6796 
 236 0015 7533A6C2 		.ascii	"u3\246\302L\215\266\240\223\235\315\037[\301F\204\212"
 236      4C8DB6A0 
 236      939DCD1F 
 236      5BC14684 
 236      8A
ARM GAS  /tmp/ccJ7rrPs.s 			page 18


 237 0026 4EAC6E93 		.ascii	"N\254n\223\335\231\312\024E\200\254T\004\234\210\273"
 237      DD99CA14 
 237      4580AC54 
 237      049C88BB 
 238 0036 A66A77E7 		.ascii	"\246jw\347\312#\242\002\002\202\002\212\"\342\243\005"
 238      CA23A202 
 238      0282028A 
 238      22E2A305 
 239 0046 91088208 		.ascii	"\221\010\202\010*\002\022h\205\020| oTDD <\202\002A"
 239      2A021268 
 239      85107C20 
 239      6F544444 
 239      203C8202 
 240 005b D9EF9C73 		.ascii	"\331\357\234s\273\373\364\355&\311Vmmm\027\337\275\347"
 240      BBFBF4ED 
 240      26C9566D 
 240      6D6D17DF 
 240      BDE7
 241 006d BBE777BE 		.ascii	"\273\347w\276\363\275\316\023\007\205\240\370\315r\205"
 241      F3BDCE13 
 241      0785A0F8 
 241      CD7285
 242 007c C24DA950 		.ascii	"\302M\251PlD\012\305<\374\260B\2418\257\260\374\010"
 242      6C440AC5 
 242      3CFCB042 
 242      A138AFB0 
 242      FC08
 243 008e 5F04540C 		.ascii	"_\004T\014t\021\010`\212\353\012\353\337\237\340\243"
 243      74110860 
 243      8AEB0AEB 
 243      DF9FE0A3 
 244 009e 13BC3F04 		.ascii	"\023\274?\004z\013\350\357\201_\016T\003\345_\301\333"
 244      7A0BE8EF 
 244      815F0E54 
 244      03E55FC1 
 244      DB
 245 00af 0BE8D788 		.ascii	"\013\350\327\210\311u\004\362\200\362\317\200\376\026"
 245      C97504F2 
 245      80F2CF80 
 245      FE16
 246 00bd E815F06E 		.ascii	"\350\025\360n\360~\023H\005\364Kd\351\3637\210\365)"
 246      F07E1348 
 246      05F44B64 
 246      E9F33788 
 246      F529
 247 00cf FF05C3F7 		.ascii	"\377\005\303\367\277\372\221\376<\240\274\024\250\022"
 247      BFFA91FE 
 247      3CA0BC14 
 247      A812
 248 00dd E81DE0FF 		.ascii	"\350\035\340\377\021(\036(\026\350]\240l\240L\240\305"
 248      11281E28 
 248      16E85DA0 
 248      6CA04CA0 
 248      C5
 249 00ee 5CFF3F27 		.ascii	"\\\377?'}\003\271\002)%]\210\301j\240_\000\011@\277"
 249      7D03B902 
 249      29255D88 
ARM GAS  /tmp/ccJ7rrPs.s 			page 19


 249      C16AA05F 
 249      000940BF 
 250 0102 058A06CA 		.ascii	"\005\212\006\312\000\232\203\352y\311'\305v\364<\214"
 250      009A83EA 
 250      79C927C5 
 250      76F43C8C 
 251 0112 51D99EFA 		.ascii	"Q\331\236\372\034\327\036\324\205\004\200-\246_\021"
 251      1CD71ED4 
 251      8504802D 
 251      A65F11
 252 0121 624F4489 		.ascii	"bOD\211\262\363\246\037B\364;|\025\350\223\001\351'"
 252      B2F3A61F 
 252      42F43B7C 
 252      15E89301 
 252      E927
 253 0133 646A21F1 		.ascii	"dj!\361\202\304\012\222H\372'5F\234DV\315z2\375\230"
 253      82C40A92 
 253      48FA2735 
 253      469C4456 
 253      CD7A32FD 
 254 0148 CEAC409B 		.ascii	"\316\254@\233IM\021\022,\035 \3047\340\0042\265\245"
 254      494D1112 
 254      2C1D20C4 
 254      37E00432 
 254      B5A5
 255 015a 7AB37E0A 		.ascii	"z\263~\012\213q\310d\375p\342\344qe/\352F\310E\221K"
 255      8B71C864 
 255      FD70E2E4 
 255      71652FEA 
 255      46C84591 
 256 016f BC0EDFB2 		.ascii	"\274\016\337\262\216\035(\306\030\\\011\345\336\231"
 256      8E1D28C6 
 256      185C09E5 
 256      DE99
 257 017d B3FEAB0A 		.ascii	"\263\376\253\012E\366s\374;\213\333n\316\277\254^\224"
 257      45F673FC 
 257      3B8BDB6E 
 257      CEBFAC5E 
 257      94
 258 018e 8C918733 		.ascii	"\214\221\2073\022\200m\035\273\235\343\002\354Rg\264"
 258      12806D1D 
 258      BB9DE302 
 258      EC5267B4 
 259 019e 18D8E9DD 		.ascii	"\030\330\351\335\367n8/;D[\305\212\213\005\364\341_"
 259      F76E382F 
 259      3B445BC5 
 259      8A8B05F4 
 259      E15F
 260 01b0 A342E489 		.ascii	"\243B\344\211\012\220't~\036-\203\347\307J&)i\374\322"
 260      0A902774 
 260      7E1E2D83 
 260      E7C74A26 
 260      2969FCD2 
 261 01c4 73D73772 		.ascii	"s\3277r\305\334>\261\372\253\332w\036^\024\305xh\246"
 261      C5DC3EB1 
 261      FAABDA77 
 261      1E5E14C5 
ARM GAS  /tmp/ccJ7rrPs.s 			page 20


 261      7868A6
 262 01d7 24306440 		.ascii	"$0d@\030\235C\253\210\312P\204\347Y\324\213\320\031"
 262      189D43AB 
 262      88CA5084 
 262      E759D48B 
 262      D019
 263 01e9 D4030615 		.ascii	"\324\003\006\025\2417\240\2718X\331\265\010\277G\265"
 263      A137A0B9 
 263      3858D9B5 
 263      08BF47B5 
 264 01f9 3D65DC7B 		.ascii	"=e\334{\305M\0225\364\353,\261:\006\004\011T\320\005"
 264      C54D1235 
 264      F4EB2CB1 
 264      3A060409 
 264      54D005
 265 020c 8BA00B72 		.ascii	"\213\240\013rA\305TP\343\323\232\036\214?\242\202\356"
 265      41C55450 
 265      E3D39A1E 
 265      8C3FA282 
 265      EE
 266 021d 1B8A3295 		.ascii	"\033\2122\225 \250O\024\253\237\036]^\020[\237(\236"
 266      20A84F14 
 266      AB9F1E5D 
 266      5E105B9F 
 266      289E
 267 022f 405473F4 		.ascii	"@Ts\364\245E\322\227D\022)\\\244\022\272\033\014\005"
 267      A545D297 
 267      4412295C 
 267      A412BA1B 
 267      0C05
 268 0241 189CF096 		.ascii	"\030\234\360\2263\"qX\004\237.\014W\314\270\261ODn\353"
 268      33227158 
 268      049F2E0C 
 268      57CCB8B1 
 268      4F446EEB 
 269 0255 81897C35 		.ascii	"\201\211|5\316B\224\371&\256\370(f.T\002;\336\224\375"
 269      CE4294F9 
 269      26AEF828 
 269      662E5402 
 269      3BDE94FD 
 270 0269 D89DB970 		.ascii	"\330\235\271p\371a,d\031\333j\224\310\313\3714\361a"
 270      F9612C64 
 270      19DB6A94 
 270      C8CBF934 
 270      F161
 271 027b F5D3C27F 		.ascii	"\365\323\302\177\312\232\020\305\345\250\0029\243K\026"
 271      CA9A10C5 
 271      E5A80239 
 271      A34B16
 272 028a 0DDE7286 		.ascii	"\015\336r\206g\202(\306\210)\261\242S\200\002\225\203"
 272      678228C6 
 272      8829B1A2 
 272      53800295 
 272      83
 273 029b 97CBC0CB 		.ascii	"\227\313\300\313\3502\362\"\275\022\034*\205\217%\360"
 273      E832F222 
 273      BD121C2A 
ARM GAS  /tmp/ccJ7rrPs.s 			page 21


 273      858F25F0 
 274 02ab 117A31E4 		.ascii	"\021z1\344\247\346\251\360^\032]\241\376Z\347\003%r"
 274      A7E6A9F0 
 274      5E1A5DA1 
 274      FE5AE703 
 274      2572
 275 02bd F6B22BA0 		.ascii	"\366\262+\240\312\216\000\246L\233\361\215\372x\342"
 275      CA8E00A6 
 275      4C9BF18D 
 275      FA78E2
 276 02cc D84A50E6 		.ascii	"\330JP\346\212E\031\320\215\205\264jv\367\227\304\024"
 276      8A4519D0 
 276      8D85B46A 
 276      76F797C4 
 276      14
 277 02dd 522F9E1B 		.ascii	"R/\236\033\272G\276\025\347?\371%\036fY\365\335\374"
 277      BA47BE15 
 277      E73FF925 
 277      1E6659F5 
 277      DDFC
 278 02ef 890C9737 		.ascii	"\211\014\2277O\212\2715\020\362\307K\262!\344N\024|"
 278      4F8AB935 
 278      10F2C74B 
 278      B221E44E 
 278      147C
 279 0301 8D09332B 		.ascii	"\215\0113+\241\240_\256\022u\256\2437\241\345d\335\331"
 279      A1A05FAE 
 279      1275AEA3 
 279      37A1E564 
 279      DDD9
 280 0313 4929ED52 		.ascii	"I)\355R\020\360\327^?7\272\3409&6\2410\271\026;'\220"
 280      10F0D75E 
 280      3F37BAE0 
 280      392636A1 
 280      30B9163B 
 281 0329 94FB29C6 		.ascii	"\224\373)\306@\213\302\246\257\272\244\020$\020q\247"
 281      408BC2A6 
 281      AFBAA410 
 281      241071A7 
 282 0339 EF648FAB 		.ascii	"\357d\217\253p<\246\342r3\033b\004\234\304\230\262\201"
 282      703CA6E2 
 282      72331B62 
 282      049CC498 
 282      B281
 283 034b C67A6786 		.ascii	"\306zg\206\024\0112\377r\337\034\302\231\254\262\272"
 283      140932FF 
 283      72DF1CC2 
 283      99ACB2BA 
 284 035b 3E7104E1 		.ascii	">q\004\341\223\214Ix\270\347\216\204\234&|v\345wF\007"
 284      938C4978 
 284      B8E78E84 
 284      9C267C76 
 284      E5774607 
 285 036f C63B025B 		.ascii	"\306;\002[>ZP\356\306\302\\M\252\347k^>p\303\006\326"
 285      3E5A50EE 
 285      C6C25C4D 
 285      AAE76B5E 
ARM GAS  /tmp/ccJ7rrPs.s 			page 22


 285      3E70C306 
 286 0384 765FD99D 		.ascii	"v_\331\235\036%\261@d\026\220F\026_4\021\377\"\215'"
 286      1E25B140 
 286      64169046 
 286      165F3411 
 286      FF228D27 
 287 0398 5A4D95CF 		.ascii	"ZM\225\317\270\232q\311\335#\205\202!5\224\324\203\267"
 287      B89A71C9 
 287      DD238582 
 287      213594D4 
 287      83B7
 288 03aa 006DA4E8 		.ascii	"\000m\244\350f\344ajC\373y\326~\322\211\2511F\370\303"
 288      66E4616A 
 288      43FB79D6 
 288      7ED289A9 
 288      3146F8C3 
 289 03be 158FC6DC 		.ascii	"\025\217\306\334q\011\3537\265vj\322\005\2273\246+/"
 289      7109EB37 
 289      B5766AD2 
 289      059733A6 
 289      2B2F
 290 03d0 FD949221 		.ascii	"\375\224\222!\007\011\23737\027\247\304U\2542\246\262"
 290      07099F33 
 290      3717A7C4 
 290      55AC32A6 
 290      B2
 291 03e1 3D550A40 		.ascii	"=U\012@\037\315\350\230\203\371*\\\317*\277\037=3\246"
 291      1FCDE898 
 291      83F92A5C 
 291      CF2ABF1F 
 291      3D33A6
 292 03f4 C22D8C29 		.ascii	"\302-\214)\177\230q]\352\360\001\341k'\217\216\273\342"
 292      7F98715D 
 292      EAF001E1 
 292      6B278F8E 
 292      BBE2
 293 0406 0E56199F 		.ascii	"\016V\031\237\1777Q\215\373\031sg\340D\234+C\266\020"
 293      7F37518D 
 293      FB197367 
 293      E0449C2B 
 293      43B610
 294 0419 7EB233A9 		.ascii	"~\2623\251\336\025\217\262\312\272\206\307w\034\361"
 294      DE158FB2 
 294      CABA86C7 
 294      771CF1
 295 0428 3463F6DF 		.ascii	"4c\366\337\274T/\305\253\201\360\273\007\213\367`\034"
 295      BC542FC5 
 295      AB81F0BB 
 295      078BF760 
 295      1C
 296 0439 A3641D4A 		.ascii	"\243d\035J\236\365\220<;\336R\273\317\011'\262\312\246"
 296      9EF5903C 
 296      3BDE52BB 
 296      CF0927B2 
 296      CAA6
 297 044b BD691902 		.ascii	"\275i\031\002Ng\314\331\201\243\311R\207\277#\25692"
 297      4E67CCD9 
ARM GAS  /tmp/ccJ7rrPs.s 			page 23


 297      81A3C952 
 297      87BF23AE 
 297      3932
 298 045d 96E38A8F 		.ascii	"\226\343\212\217\262\272\252\223\361\006G|\2321\225"
 298      B2BAAA93 
 298      F106477C 
 298      9A3195
 299 046c E555F552 		.ascii	"\345U\365R\354V\003\033\327\234\324\345\212\213X]\321"
 299      EC56031B 
 299      D79CD4E5 
 299      8A8B585D 
 299      D1
 300 047d E09E6A35 		.ascii	"\340\236j5.c\314\221\311\356g\222\261^DH\323L\241;\276"
 300      2E63CC91 
 300      C9EE6792 
 300      B15E4448 
 300      D34CA13B 
 301 0492 C6EA4C03 		.ascii	"\306\352L\003\333\203\016lT\325yI\203\033X\325\211\301"
 301      DB830E6C 
 301      54D57949 
 301      831B58D5 
 301      89C1
 302 04a4 8A838BF0 		.ascii	"\212\203\213\3607\214\031\215{\322\347\302p\313\200"
 302      378C198D 
 302      7BD2E7C2 
 302      70CB80
 303 04b3 7DD8FD74 		.ascii	"}\330\375t\237;\356`u_\\\317\270\352\204\373\031c\232"
 303      9F3BEE60 
 303      755F5CCF 
 303      B8EA84FB 
 303      19639A
 304 04c6 6C3DD864 		.ascii	"l=\330d[\327\327\203\360\010\253z\276\257\272]\300/"
 304      5BD7D783 
 304      F008AB7A 
 304      BEAFBA5D 
 304      C02F
 305 04d8 1863A848 		.ascii	"\030c\250Hz\350\200\347\031\363\270<\356\205\022\307"
 305      7AE880E7 
 305      19F3B83C 
 305      EE8512C7 
 306 04e8 3A50A660 		.ascii	":P\246`\356X\213\023N`L\313\225\276'\3568\2051\2151"
 306      EE588B13 
 306      4E604CCB 
 306      95BE27EE 
 306      3885318D 
 307 04fd 496724D7 		.ascii	"Ig$\327d\222<\037=t\261F%\245\253\023\360C\373\217\345"
 307      64923C1F 
 307      3D74B146 
 307      25A5AB13 
 307      F043FB8F 
 308 0512 2BF1410A 		.ascii	"+\361A\012^\221\376`\252\311\015\255\260\376-\241O/"
 308      5E91FE60 
 308      AAC90DAD 
 308      B0FE2DA1 
 308      4F2F
 309 0524 EB8F7962 		.ascii	"\353\217yb\\,\314b\005\370BI~\343n1\177\031\252\201"
 309      5C2CCC62 
ARM GAS  /tmp/ccJ7rrPs.s 			page 24


 309      05F84249 
 309      7EE36E31 
 309      7F19AA81 
 310 0538 646D80C1 		.ascii	"dm\200\301\275WXb\031\246\3654s\275\341\241`-:\216`"
 310      BD575862 
 310      19A6F534 
 310      73BDE1A1 
 310      602D3A8E 
 311 054d 98C6E330 		.ascii	"\230\306\3430\205\337\220\303\253m\340Y\034\274O\016"
 311      85DF90C3 
 311      AB6DE059 
 311      1CBC4F0E 
 312 055d EFA5F072 		.ascii	"\357\245\360rd\301?\312\344\360\317\345\370!\033\274"
 312      64C13FCA 
 312      E4F0CFE5 
 312      F8211BBC 
 313 056d 91C77F2B 		.ascii	"\221\307\177+\307\217\310\325i\315\346\340\367\344\360"
 313      C78FC8D5 
 313      69CDE6E0 
 313      F7E4F0
 314 057c BB36E26B 		.ascii	"\2736\342kxk\277\262\357\034\023\236L\304\023\331x7"
 314      786BBFB2 
 314      EF1C139E 
 314      4CC413D9 
 314      7837
 315 058e C5C35847 		.ascii	"\305\303XG\267%\274i\006@\215ru\036\361\342g\354;\223"
 315      B725BC69 
 315      06408D72 
 315      751EF1E2 
 315      67EC3B93 
 316 05a2 5767E800 		.ascii	"Wg\350\000\207\377N\2167\332\210\347\341Sr\270\306F"
 316      87FF4E8E 
 316      37DA88E7 
 316      E15372B8 
 316      C646
 317 05b4 3A1FAB2E 		.ascii	":\037\253.9\274\303F:\357\313o\344\360\257\345p#o\353"
 317      39BCC346 
 317      3AEFCB6F 
 317      E4F0AFE5 
 317      70236FEB 
 318 05c8 4D39BC56 		.ascii	"M9\274V\016\237\345\225i\227\303\333,\360Ti\272}W\251"
 318      0E9FE595 
 318      6997C3DB 
 318      2CF05469 
 318      BA7D57A9 
 319 05dc 40D350FF 		.ascii	"@\323P\377\222V\0214Y\267\016\010^(KX\201\342\200b\201"
 319      92561134 
 319      59B70E08 
 319      5E284B58 
 319      81E28062 
 320 05f1 9281D280 		.ascii	"\222\201\322\200\016\003\275F+\320\021x\347\000\275"
 320      0E03BD46 
 320      2BD01178 
 320      E700BD
 321 0600 82F27E78 		.ascii	"\202\362~xg\000\355\003:\010\224\002\224\0044\007u\351"
 321      6700ED03 
 321      3A089402 
ARM GAS  /tmp/ccJ7rrPs.s 			page 25


 321      94043407 
 321      75E9
 322 0612 F08E074A 		.ascii	"\360\216\007J\005J\000\312\004:\0044\017uG\341\375\005"
 322      054A00CA 
 322      043A0434 
 322      0F7547E1 
 322      FD05
 323 0624 5022D06E 		.ascii	"P\"\320n\240Y\370&\302{\017P6\320\367\300\307\010+\350"
 323      A059F826 
 323      C27B0F50 
 323      36D0F7C0 
 323      C7082BE8 
 324 0638 C644328E 		.ascii	"\306D2\216\317\332\001\271qOl\322j(\223K\253g\362\264"
 324      CFDA01B9 
 324      714F6CD2 
 324      6A28934B 
 324      AB67F2B4 
 325 064c 1A94FB6E 		.ascii	"\032\224\373n\210\217L\213\375\310\360\201o\345}\375"
 325      888F4C8B 
 325      FDC8F081 
 325      6FE57DFD 
 326 065c D0FE20E5 		.ascii	"\320\376 \345\304O\360i5i?\013\231x\266;i&xq1\201)\244"
 326      C44FF069 
 326      35693F0B 
 326      9978B63B 
 326      69267871 
 327 0674 9D097305 		.ascii	"\235\011s\005\354q\252\233\263\260\001v\033{Ut\261|"
 327      EC71AA9B 
 327      B3B00176 
 327      1B7B5574 
 327      B17C
 328 0686 2C97F6C8 		.ascii	",\227\366\310F\331\011^\331N\373Y\312\343gym'\344\370"
 328      46D9095E 
 328      D94EFB59 
 328      CAE36779 
 328      6D27E4F8 
 329 069a 31B97135 		.ascii	"1\271q5\274\370~\373\352x[\"\363(\213\213L\217<2\335"
 329      BCF87EFB 
 329      EA785B22 
 329      F3288B8B 
 329      4C8F3C32 
 330 06af 36AEE303 		.ascii	"6\256\343\003\377\324~\340\3711\303\007\362\276\375"
 330      FFD47EE0 
 330      F931C307 
 330      F2BEFD
 331 06be E98AD79D 		.ascii	"\351\212\327\235\227>n\337TsZ\201\357kL\342\211\353"
 331      973E6EDF 
 331      54735A81 
 331      EF6B4CE2 
 331      89EB
 332 06d0 1FD81F63 		.ascii	"\037\330\037c\274+;xW\276\260;\237\360s-?\340\353\354"
 332      BC2B3B78 
 332      57BEB03B 
 332      9FF0732D 
 332      3FE0EBEC 
 333 06e4 0F785E9B 		.ascii	"\017x^\233\326LN\233Q\373S9?(:\370\271\366\216\334\365"
 333      D64C4E9B 
ARM GAS  /tmp/ccJ7rrPs.s 			page 26


 333      51FB5339 
 333      3F283AF8 
 333      B9F68EDC 
 334 06f9 AD362B11 		.ascii	"\2556+\021\357\234a\373+\013\205\303\232:UX\330\355"
 334      EF9C61FB 
 334      2B0B85C3 
 334      9A3A5558 
 334      D8ED
 335 070b 82DBE89A 		.ascii	"\202\333\350\232*\304\032&*\021\362Z\302\222y\364\010"
 335      2AC41A26 
 335      2A11F25A 
 335      C29279F4 
 335      08
 336 071c 8E154584 		.ascii	"\216\025E\204r\241\3651\301\274\323&\271m\177.B\307"
 336      72A1F531 
 336      C1BCD326 
 336      B96D7F2E 
 336      42C7
 337 072e 610AFAFF 		.ascii	"a\012\372\377:\035\201\255wS\032+\035]\367\231\017\034"
 337      3A1D81AD 
 337      77531A2B 
 337      1D5DF799 
 337      0F1C
 338 0740 D432CB16 		.ascii	"\3242\313\026\367\204\340J\017T\360>\214\225\2351\307"
 338      F784E04A 
 338      0F54F03E 
 338      8C959D31 
 338      C7
 339 0751 0C4AB404 		.ascii	"\014J\264\0046\023\274\251\226-n\236dg>\330y\012\372"
 339      3613BCA9 
 339      962D6E9E 
 339      64673ED8 
 339      790AFA
 340 0764 3A6935ED 		.ascii	":i5\355\335O6\215u\323\304\224\267\300\202\304|\375"
 340      DD4F368D 
 340      75D3C494 
 340      B7C082C4 
 340      7CFD
 341 0776 3A894D1C 		.ascii	":\211M\034y\362\211\203\010k\266\022\366\302\2560S<"
 341      79F28983 
 341      086BB612 
 341      F6C2AE30 
 341      533C
 342 0788 B32FD65D 		.ascii	"\263/\326]W\343\307,\236\206\253]yJs<{\222Y<\317B\343"
 342      57E3C72C 
 342      9E86AB5D 
 342      794A733C 
 342      7B92593C 
 343 079f D39678E6 		.ascii	"\323\226x\346\331\304\323\234Yg\300\266\205\354$\373"
 343      D9C4D39C 
 343      5967C0B6 
 343      85EC24FB 
 344 07af 35C3EC34 		.ascii	"5\303\3544\342\375y\326\312\237\006\311\237\006\342"
 344      E2FD79D6 
 344      CA9F06C9 
 344      9F06E2
 345 07be 4FD43BDD 		.ascii	"O\324;\335\326\343\312\203\311y\326\002>'\270\232\024"
ARM GAS  /tmp/ccJ7rrPs.s 			page 27


 345      D6E3CA83 
 345      C979D602 
 345      3E27B89A 
 345      14
 346 07cf 3A       		.ascii	":"
 347 07d0 47F1390F 		.ascii	"G\3619\017\362\256\011\370[\2663\374\366\364\215\273"
 347      F2AE09F8 
 347      5BB633FC 
 347      F6F48DBB 
 348 07e0 2A381357 		.ascii	"*8\023W\323s\372\337\344\260sz\014;\247\027Xl\201\242"
 348      D373FADF 
 348      E4B0737A 
 348      0C3BA717 
 348      586C81A2 
 349 07f4 F5F1BA50 		.ascii	"\365\361\272P \207\343\231\326\344x\007\274OEe\325v"
 349      2087E399 
 349      D6E47807 
 349      BC4F4565 
 349      D576
 350 0806 17173BE2 		.ascii	"\027\027;\342T\225\325\321j\251t\264z\325\177\275\317"
 350      5495D5D1 
 350      6AA974B4 
 350      7AD57FBD 
 350      CF
 351 0817 0967D24A 		.ascii	"\011g\322JU\355\251\326\012w\330bz-\3416\221\267\012"
 351      55EDA9D6 
 351      0A77D862 
 351      7A2DE136 
 351      91B70A
 352 082a 8C897078 		.ascii	"\214\211pxD4\026\305\320u\351BK\20247|d\031\213\347"
 352      443416C5 
 352      D075E942 
 352      4B823437 
 352      7C64198B 
 353 083f EDC3BD2D 		.ascii	"\355\303\275-y\360\242\323c7\211Q\251u\036\360\321\271"
 353      79F0A2D3 
 353      63378951 
 353      A9751EF0 
 353      D1B9
 354 0851 20784A13 		.ascii	" xJ\023\\\251\024\232\022\010\315%\010M\031\320E\240"
 354      5CA9149A 
 354      1208CD25 
 354      084D19D0 
 354      45A0
 355 0863 2FAD52B1 		.ascii	"/\255R\261\276\313#-VlXM5(\222k \237\312\214\037Y\317"
 355      BECB232D 
 355      566C584D 
 355      3528926B 
 355      209FCA8C 
 356 087a 7BB66066 		.ascii	"{\266`f\034\370*\263\377\025ls\217S_\011Y\2657\212\004"
 356      1CF82AB3 
 356      FF156C73 
 356      8F535F09 
 356      59B5378A 
 357 088f 73AA0D74 		.ascii	"s\252\015t)E\321\021U\220\306\226\350\224\332d\232\311"
 357      2945D111 
 357      5590C696 
ARM GAS  /tmp/ccJ7rrPs.s 			page 28


 357      E894DA64 
 357      9AC9
 358 08a1 1674194C 		.ascii	"\026t\031L\3701s\240\313\206\323\007&1\237D\025V\031"
 358      F83173A0 
 358      CB86D307 
 358      26319F44 
 358      155619
 359 08b4 7745CAB8 		.ascii	"wE\312\270+4\203\306\347r\312\245s\321R\022\332\336"
 359      2B3483C6 
 359      E772CAA5 
 359      73D15212 
 359      DADE
 360 08c6 9414350B 		.ascii	"\224\0245\013u.\011\365\334\376\253Y\252\005\317\273"
 360      752E09F5 
 360      DCFEAB59 
 360      AA05CFBB 
 361 08d6 5705E9BC 		.ascii	"W\005\351\274[\306N\3533q\345}H~\340\255\002\365+\005"
 361      5BC64EEB 
 361      3371E57D 
 361      487EE0AD 
 361      02F52B05 
 362 08ea 7A552078 		.ascii	"zU x\230\032\021\364\245\326\266\027N\270\210\345X\356"
 362      981A11F4 
 362      A5D6B617 
 362      4EB888E5 
 362      58EE
 363 08fc EBD43C17 		.ascii	"\353\324<\027\323\325@\302O\271\032\330{\257\353\242"
 363      D3D540C2 
 363      4FB91AD8 
 363      7BAFEBA2 
 364 090c 5567D5C2 		.ascii	"Ug\325\302\017tVY\337\332\210p\011\353\254f\242\330"
 364      0F745659 
 364      DFDA8870 
 364      09EBAC66 
 364      A2D8
 365 091e 7486C2E4 		.ascii	"t\206\302\344B k\242e\321\202F\326\231\214\254\025h"
 365      42206BA2 
 365      65D18246 
 365      D6998CAC 
 365      1568
 366 0930 BFEDD337 		.ascii	"\277\355\3237;\034\344FZ\362\355&\355\267\316\324oO"
 366      3B1CE446 
 366      5AF2ED26 
 366      EDB7CED4 
 366      6F4F
 367 0942 49D6805A 		.ascii	"I\326\200Z\256\345\202\350\201\327%F5\276\314\264<\230"
 367      AEE582E8 
 367      81D72546 
 367      35BECCB4 
 367      3C98
 368 0954 366D74C4 		.ascii	"6mt\304U\214\231,\030;\245\302\325\214)\232\232\274"
 368      558C992C 
 368      183BA5C2 
 368      D58C299A 
 368      9ABC
 369 0966 E22C17BA 		.ascii	"\342,\027\272\340\305B\346\314\211!7\\\307\232\216\214"
 369      E0C542E6 
ARM GAS  /tmp/ccJ7rrPs.s 			page 29


 369      CC892137 
 369      5CC79A8E 
 369      8C
 370 0977 CE5D70C7 		.ascii	"\316]p\307\215\214)(\274\321\354\202\233\0313\227r\274"
 370      8D8C2928 
 370      BCD1EC82 
 370      9B193397 
 370      72BC
 371 0989 C409DF95 		.ascii	"\304\011\337\225<t\362X\232\023ng\314|JB\226\032\367"
 371      3C74F258 
 371      9A136E67 
 371      CC7C4A42 
 371      961AF7
 372 099c 3026BD39 		.ascii	"0&\2759\375\244\013~\314\230\357\007\323\333\021s\244"
 372      FDA40B7E 
 372      CC98EF07 
 372      D3DB1173 
 372      A4
 373 09ad 2B77F7B0 		.ascii	"+w\367\260T\272{(z\221|\330\005?c\330\266\366\270\012"
 373      54BA7B28 
 373      7A917CD8 
 373      053F63D8 
 373      B6F6B80A 
 374 09c1 09EB026C 		.ascii	"\011\353\002l\312\255\336\177Y\320\347\367M>\277\307"
 374      CAADDE7F 
 374      59D0E7F7 
 374      4D3EBFC7 
 375 09d1 7C7E21BE 		.ascii	"|~!\276\337\340\010m=\235aI\343n\355<\331\255]i\365"
 375      DFE0086D 
 375      3D9D6149 
 375      E36EED3C 
 375      D9AD5D69 
 376 09e6 E479251E 		.ascii	"\344y%\036a\203\254\254\264?\333\231\273\227[\025\277"
 376      6183ACAC 
 376      B43FDB99 
 376      BB975B15 
 376      BF
 377 09f7 875C8575 		.ascii	"\207\\\205u\202\213\332-\303\314\323|/7\226'\342e\012"
 377      828BDA2D 
 377      C3CCD37C 
 377      2F379627 
 377      E2650A
 378 0a0a B486DEDA 		.ascii	"\264\206\336\332\240\016\030W\236R\262=\2000\2651\005"
 378      A00E1857 
 378      9E52B23D 
 378      8030B531 
 378      05
 379 0a1b 0CC7CFD6 		.ascii	"\014\307\317\326\271\341\227\3220\316\270Q\352n\356"
 379      B9E197D2 
 379      30CEB851 
 379      EA6EEE
 380 0a2a A1CDF846 		.ascii	"\241\315\370F\011\275l\353\201\036\272,=t\012\013t\321"
 380      09BD6CEB 
 380      811EBA2C 
 380      3D740A0B 
 380      74D1
 381 0a3c 6DBF0B63 		.ascii	"m\277\013c\303\355$\245%\250\210\312\273\003\365\255"
ARM GAS  /tmp/ccJ7rrPs.s 			page 30


 381      C3ED24A5 
 381      25A888CA 
 381      BB03F5AD 
 382 0a4c 349F7B69 		.ascii	"4\237{i\246\3347eJna\326\260\232\215\227\237$\375dV"
 382      A6DC3765 
 382      4A6E61D6 
 382      B09A8D97 
 382      9F24FD64 
 383 0a61 ECAC032F 		.ascii	"\354\254\003/\275\357\207\244_m\355z\027\317\263\270"
 383      BDEF87A4 
 383      5F6DED7A 
 383      17CFB3B8 
 384 0a71 4D3577C1 		.ascii	"M5w\301\031 VM\231\270[\215g\324x\017c\206\015M\015"
 384      1920564D 
 384      99B85B8D 
 384      67D4780F 
 384      63860D4D 
 385 0a86 2A9CC498 		.ascii	"*\234\304\230\376\201\331\313\030\2471\346\364p^\222"
 385      FE81D9CB 
 385      18A731E6 
 385      F4705E92 
 386 0a96 133E2CB5 		.ascii	"\023>,\265\351\037m\226nC\022I\360\276\037+\273k\312"
 386      E91F6D96 
 386      6E431249 
 386      F0BE1F2B 
 386      BB6BCA
 387 0aa9 1272E136 		.ascii	"\022r\34164\365d\336\021\347P\360\317\206KSO\271\"\353"
 387      34F564DE 
 387      11E750F0 
 387      CF864B53 
 387      4FB922EB 
 388 0abd AB0AF37D 		.ascii	"\253\012\363}\005\314\276\260\305\353\035\306\335_\033"
 388      05CCBEB0 
 388      C5EB1DC6 
 388      DD5F1B
 389 0acc 45B1AF1A 		.ascii	"E\261\257\032\241\207\202\007\272\013>\237\204)\316"
 389      A1878207 
 389      BA0B3E9F 
 389      8429CE
 390 0adb 648DED31 		.ascii	"d\215\3551\277\346?\271\343\225\204\266\177\356M\007"
 390      BFE63FB9 
 390      E39584B6 
 390      7FEE4D07 
 391 0aeb F9357F61 		.ascii	"\3715\177a\373\310z\220]#\241\315s\260\315\261w\202"
 391      FBC87A90 
 391      5D23A1CD 
 391      73B0CDB1 
 391      7782
 392 0afd 93FD8D5C 		.ascii	"\223\375\215\\\266\235\013\212\377\262\300\233\345p"
 392      B69D0B8A 
 392      FFB2C09B 
 392      E570
 393 0b0b AB0D7F3A 		.ascii	"\253\015\177:\021.\241\311\370n\220\243mN\023\263\234"
 393      112EA1C9 
 393      F86E90A3 
 393      6D4E13B3 
 393      9C
ARM GAS  /tmp/ccJ7rrPs.s 			page 31


 394 0b1c 2A2D72B4 		.ascii	"*-r\264\315\251\320\310\241\237\310\321\334\232\313"
 394      CDA9D0C8 
 394      A19FC8D1 
 394      DC9ACB
 395 0b2b 2F45CFC0 		.ascii	"/E\317\300\015\2034a&\245u\3505\244\333w\260\376\014"
 395      0D833461 
 395      26A575E8 
 395      35A4DB77 
 395      B0FE0C
 396 0b3e 034D90DD 		.ascii	"\003M\220\335$\320\013\262c\005z\0164\0124Nv\235@\337"
 396      24D00BB2 
 396      63057A0E 
 396      340A344E 
 396      769D40DF 
 397 0b52 92DD2AD0 		.ascii	"\222\335*\320\024\331\211b\330\235\302{\014H\204\362"
 397      14D98962 
 397      D89DC27B 
 397      0C4884F2 
 398 0b62 08BCA781 		.ascii	"\010\274\247\201f\200^\232\227f\342\203\331\377\260"
 398      66805E9A 
 398      9766E283 
 398      D9FFB0
 399 0b71 F8E0A9DD 		.ascii	"\370\340\251\335\340\361\273z\316\275\267\345\340Gr"
 399      E0F1BB7A 
 399      CEBDB7E5 
 399      E04772
 400 0b80 1774702E 		.ascii	"\027tp.x,G\333\034\005;\376bA\017\311\321V\027\026$"
 400      782C47DB 
 400      1C053BFE 
 400      62410FC9 
 400      D1561716 
 401 0b95 8B8C5216 		.ascii	"\213\214R\026\335\200,\272.\241M\253\223\365Q\215L\""
 401      DD802CBA 
 401      2EA14DAB 
 401      93F5518D 
 401      4C22
 402 0ba7 AD121A56 		.ascii	"\255\022\032V-z\326\261B\333\236\320k83\277\266\037"
 402      2D7AD6B1 
 402      42DB9ED0 
 402      6B3833BF 
 402      B61F
 403 0bb9 69ABED15 		.ascii	"i\253\355\025gg\277\375P[\3019\351M\366s\324\352\216"
 403      6767BFFD 
 403      505BC139 
 403      E94DF673 
 403      D4EA8E
 404 0bcc 8E93FEC8 		.ascii	"\216\223\376\310\276\027\371]\374\350\034\333\275M\312"
 404      BE17F95D 
 404      FCE81CDB 
 404      BD4DCA
 405 0bdb 77F1C46B 		.ascii	"w\361\304k\243\257\227\246\211d\037f\004G4J\302\314"
 405      A3AF97A6 
 405      89641F66 
 405      0447344A 
 405      C2CC
 406 0bed 5BED5EF9 		.ascii	"[\355^\371\370\230\345\306\307W\366\307\207\225\246"
 406      F898E5C6 
ARM GAS  /tmp/ccJ7rrPs.s 			page 32


 406      C757F6C7 
 406      8795A6
 407 0bfc 9C61B7EC 		.ascii	"\234a\267\354g\207y\343\326\334\233\321\254\304\367"
 407      678779E3 
 407      D6DC9BD1 
 407      ACC4F7
 408 0c0b E9AC2494 		.ascii	"\351\254$\224\267\225d\270\243%^\366\306\002\212\303"
 408      B79564B8 
 408      A3255EF6 
 408      C6028AC3 
 409 0c1b 5EFF27C3 		.ascii	"^\377'\303A\3325\316\253\310\2561\026/A1\330\274\330"
 409      41DA35CE 
 409      ABC8AE31 
 409      162F4131 
 409      D8BCD8
 410 0c2e 4CD25D23 		.ascii	"L\322]#\250}\350vW\254\232\337\374\021\240ea\215\307"
 410      A87DE876 
 410      57AC9ADF 
 410      FC11A065 
 410      618DC7
 411 0c41 6CF3076F 		.ascii	"l\363\007o\362_\264\221\2344\007\334\313\246\351\211"
 411      F25FB491 
 411      9C3407DC 
 411      CBA6E989 
 412 0c51 ECFAE7CE 		.ascii	"\354\372\347\316\370\011c\216\024\235\213\303x\2201"
 412      F809638E 
 412      149D8BC3 
 412      789031
 413 0c60 5D55BBEB 		.ascii	"]U\273\353\334\361\030c\036\036\217\351w\300S\214\271"
 413      DCF11863 
 413      1E1E8FE9 
 413      77C0538C 
 413      B9
 414 0c71 7C75C487 		.ascii	"|u\304\207\315\354\236\300]\351\036\257\226\376\307"
 414      CDEC9EC0 
 414      5DE91EAF 
 414      96FEC7
 415 0c80 D84726FA 		.ascii	"\330G&\372\343\317\007\373\\\360\014\205:\275\272\\"
 415      E3CF07FB 
 415      5CF00C85 
 415      3ABDBA5C 
 416 0c90 774285D8 		.ascii	"wB\205\330\214\356\305\035\025\232\316sG\205\275`\321"
 416      8CEEC51D 
 416      159ACE73 
 416      4785BD60 
 416      D1
 417 0ca1 016C7F72 		.ascii	"\001l\177r\346}\237\210=\321~L\352\010\2328>\035\202"
 417      E67D9F88 
 417      3DD17E4C 
 417      EA089A38 
 417      3E1D82
 418 0cb4 90018E4B 		.ascii	"\220\001\216K\006J\005:\004\224\006t\020(\005\363[\375"
 418      064A053A 
 418      04940674 
 418      102805F3 
 418      5BFD
 419 0cc6 D6084B12 		.ascii	"\326\010K\022$\311\373\263Y:&\266Y\320\011r\264\315"
ARM GAS  /tmp/ccJ7rrPs.s 			page 33


 419      24C9FBB3 
 419      593A26B6 
 419      59D00972 
 419      B4CD
 420 0cd8 0D6B4D84 		.ascii	"\015kM\204\365\301\300\012m3\241\0309\364\027r\331\266"
 420      F5C1C00A 
 420      6D33A118 
 420      39F41772 
 420      D9B6
 421 0cea 03E7FE30 		.ascii	"\003\347\3760\0338\000\263=\376\016\014s\007\230}v\335"
 421      1B3800B3 
 421      3DFE0E0C 
 421      7307987D 
 421      76DD
 422 0cfc C8AF149C 		.ascii	"\310\257\024\234U{\354[e\036\010_\264\213\017\\0\244"
 422      557BEC5B 
 422      651E085F 
 422      B48B0F5C 
 422      30A4
 423 0d0e 1C19080D 		.ascii	"\034\031\010\015\203\203\005.\262\201`\012\006\312\202"
 423      8383052E 
 423      B281600A 
 423      06CA82
 424 0d1d 18FC4FE2 		.ascii	"\030\374O\342!\235\270GhBgB\303\303\226\204&F\322\356"
 424      219DB847 
 424      68426742 
 424      C3C39684 
 424      2646D2EE 
 425 0d31 5B3A0D05 		.ascii	"[:\015\005\356|BgZ%t\266\224\320\344\355\2725x[\320"
 425      EE7C4267 
 425      5A2574B6 
 425      94D0E4ED 
 425      BA35785B 
 426 0d46 B66DA141 		.ascii	"\266m\241A\341\221\341\321\216\033~\377\301r\255\267"
 426      E191E1D1 
 426      8E1B7EFF 
 426      C172ADB7 
 427 0d56 B7C267D5 		.ascii	"\267\302g\325*\215vk\370\307\341\357\3535Q;4\200\321"
 427      2A8D766B 
 427      F8C7E1EF 
 427      EB35513B 
 427      3480D1
 428 0d69 6C8FFA2C 		.ascii	"l\217\372,z\207F\277e\323\032\037\366\364_\273k\227"
 428      7A8746BF 
 428      65D31A1F 
 428      F6F45FBB 
 428      6B97
 429 0d7b 466ABD2A 		.ascii	"Fj\275*D\261xGt\304\032\237\240\220mQ!\237Ra\352\320"
 429      44B17847 
 429      74C41A9F 
 429      A0906D51 
 429      219F5261 
 430 0d91 88E04078 		.ascii	"\210\340@x\257\375aY\0337\372i\3746\371\376\233\217"
 430      AFFD6159 
 430      1B37FA69 
 430      FC36F9FE 
 430      9B8F
ARM GAS  /tmp/ccJ7rrPs.s 			page 34


 431 0da3 86098056 		.ascii	"\206\011\200V\253\266*\234\203\202v\206GF\003\037\035"
 431      ABB62A9C 
 431      83827686 
 431      4746031F 
 431      1D
 432 0db4 AAD91A15 		.ascii	"\252\331\032\025\021\246\371\367\260\260O\303\"C5Q\333"
 432      11A6F9F7 
 432      B0B04FC3 
 432      22433551 
 432      DB
 433 0dc5 A335FF1A 		.ascii	"\2435\377\032\022\2622\370\263\210\225\221Q\221a+\303"
 433      12B232F8 
 433      B3889591 
 433      5191612B 
 433      C3
 434 0dd6 823F0E5F 		.ascii	"\202?\016_\371\366J\237\325\336\377\260\362\317\336"
 434      F9F64A9F 
 434      D5DEFFB0 
 434      F2CFDE
 435 0de5 2B776E0F 		.ascii	"+wn\017\015\216\016\323XUk\302#C\266\355\014\015\323"
 435      0D8E0ED3 
 435      58556BC2 
 435      2343B6ED 
 435      0C0DD3
 436 0df8 4404876C 		.ascii	"D\004\207l\015\217\014\323\004\205\206}\022\274s[tP"
 436      0D8F0CD3 
 436      0485867D 
 436      12BC735B 
 436      7450
 437 0e0a F4E7DBC3 		.ascii	"\364\347\333\303v@\177\216\246\336\376\360\277\330\333"
 437      76407F8E 
 437      A6DEFEF0 
 437      BFD8DB
 438 0e19 8ECF7768 		.ascii	"\216\317wh\202vD\207\202h\350b\221\376\363\035\321a"
 438      82764487 
 438      8268E862 
 438      91FEF31D 
 438      D161
 439 0e2b 11DAA8CF 		.ascii	"\021\332\250\317\302\264\304I\216\332\3676\370nY\377"
 439      C2B4C449 
 439      8EDAF736 
 439      F86E59FF 
 440 0e3b 7B9DDA4F 		.ascii	"{\235\332O\373\236\326\177\203\316y\363\306\215z\337"
 440      FB9ED67F 
 440      83CE79F3 
 440      C68D7ADF 
 441 0e4b 405331D0 		.ascii	"@S1\320GO\212\016z\275v\203\316I\267^\277^\367\341z"
 441      474F8A0E 
 441      7ABD7683 
 441      CE49B75E 
 441      BF5EF7E1 
 442 0e60 BFB7B156 		.ascii	"\277\267\261V\257S\256\363\323Z>\375\326\311w\363:\237"
 442      AF53AEF3 
 442      D35A3EFD 
 442      D6C977F3 
 442      3A9F
 443 0e72 8D9B4114 		.ascii	"\215\233A\024)y\263\222\251v\255\223o\300\2725Rm\200"
ARM GAS  /tmp/ccJ7rrPs.s 			page 35


 443      2979B392 
 443      A976AD93 
 443      6FC0BA35 
 443      526D80
 444 0e85 191720C7 		.ascii	"\031\027 \307\255Q\023)D\035\"\203\257\361Q\023\011"
 444      AD511329 
 444      441D2283 
 444      AFF15113 
 444      09
 445 0e96 B4264042 		.ascii	"\264&@B\004X#\274\035I[\235~\213\216\024\274I\301\\"
 445      045823BC 
 445      1D495B9D 
 445      7E8B8E14 
 445      BC49C15C 
 446 0eaa B7DA91B4 		.ascii	"\267\332\221\264fu\001&P\000\003am\240NI\214T\203\275"
 446      66750126 
 446      50000361 
 446      6DA04E49 
 446      8C5483BD 
 447 0ebe E42D6875 		.ascii	"\344-hu\216\2227|\336\261\316\233\220\250\210\210\250"
 447      8E92377C 
 447      DEB1CE9B 
 447      90A88888 
 447      A8
 448 0ecf 484DD8AE 		.ascii	"HM\330\256h\215v\223>P\017\351\303\345!\315\235O\326"
 448      688D7693 
 448      3E500FE9 
 448      C3E521CD 
 448      9D4FD6
 449 0ee2 AE7D7BD7 		.ascii	"\256}{\327.p\265\213N\253\015\332\002\241\365\013\373"
 449      2E70B58B 
 449      4EAB0DDA 
 449      02A1F50B 
 449      FB
 450 0ef3 C465F33F 		.ascii	"\304e\363?\353L\345_\230\222\375\343\340\220Own\017"
 450      EB4CE55F 
 450      9892FDE3 
 450      E0904F77 
 450      6E0F
 451 0f05 0A8D8A08 		.ascii	"\012\215\212\010\016\217\244\331\252\"\212\373\377Q"
 451      0E8FA4D9 
 451      AA228AFB 
 451      FF51
 452 0f13 15E8A77D 		.ascii	"\025\350\247}\337o=\341|\374\377\350\356\267n\303&\355"
 452      DF6F3DE1 
 452      7CFCFFE8 
 452      EEB76EC3 
 452      26ED
 453 0f25 07A6E6CA 		.ascii	"\007\246\346\312@\275\257N\271i\223\277\016\373\372"
 453      40BDAF4E 
 453      B96993BF 
 453      0EFBFA
 454 0f34 E9B01FBC 		.ascii	"\351\260\037\2747\373\353\224\276\376$\"\376\276:\007"
 454      37FBEB94 
 454      BEFE2422 
 454      FEBE3A07 
 455 0f44 A802801F 		.ascii	"\250\002\200\037\341\003\310C\013\017\007}\000D\014"
ARM GAS  /tmp/ccJ7rrPs.s 			page 36


 455      E103C843 
 455      0B0F077D 
 455      00440C
 456 0f53 EB03363B 		.ascii	"\353\0036;\261\234\376]P\264Zzc\255\026j\264:\007\337"
 456      B19CFE5D 
 456      50B45A7A 
 456      63AD166A 
 456      B43A07DF 
 457 0f67 409D56A7 		.ascii	"@\235V\247\374p\313\373:e \240\035\264\233?\010\364"
 457      FC70CBFB 
 457      3A6520A0 
 457      1DB49B3F 
 457      08F4
 458 0f79 83A7AF56 		.ascii	"\203\247\257V\347\363#n0%[\010\344UPH\304Z\222\314z"
 458      E7F3236E 
 458      30255B08 
 458      E4555048 
 458      C45A92CC 
 459 0f8e ED3AAAB3 		.ascii	"\355:\252\263\303\373\233\267hu\202^\247\206\302{\353"
 459      C3FB9BB7 
 459      6875825E 
 459      A786C27B 
 459      EB
 460 0f9f FF       		.ascii	"\377"
 461 0fa0 A0539207 		.ascii	"\240S\222\007\006\251*Z\343\355\346\277\321W\037`\262"
 461      06A92A5A 
 461      E3EDE6BF 
 461      D1571F60 
 461      B2
 462 0fb1 EFBF0151 		.ascii	"\357\277\001Q\376,z"
 462      FE2C7A
 463              		.text
 464              		.section	.gnu.lto_.symtab.5a2df8f2949b9e56,"",%progbits
 465 0000 68616C5F 		.ascii	"hal_lld_init\000"
 465      6C6C645F 
 465      696E6974 
 465      00
 466 000d 00       		.ascii	"\000"
 467 000e 00       		.ascii	"\000"
 468 000f 00       		.ascii	"\000"
 469 0010 00000000 		.ascii	"\000\000\000\000\000\000\000\000"
 469      00000000 
 470 0018 AE000000 		.ascii	"\256\000\000\000"
 471 001c 73746D33 		.ascii	"stm32_clock_init\000"
 471      325F636C 
 471      6F636B5F 
 471      696E6974 
 471      00
 472 002d 00       		.ascii	"\000"
 473 002e 00       		.ascii	"\000"
 474 002f 00       		.ascii	"\000"
 475 0030 00000000 		.ascii	"\000\000\000\000\000\000\000\000"
 475      00000000 
 476 0038 B0000000 		.ascii	"\260\000\000\000"
 477 003c 53797374 		.ascii	"SystemCoreClock\000"
 477      656D436F 
 477      7265436C 
ARM GAS  /tmp/ccJ7rrPs.s 			page 37


 477      6F636B00 
 478 004c 00       		.ascii	"\000"
 479 004d 00       		.ascii	"\000"
 480 004e 00       		.ascii	"\000"
 481 004f 00000000 		.ascii	"\000\000\000\000\000\000\000\000"
 481      00000000 
 482 0057 BF000000 		.ascii	"\277\000\000\000"
 483 005b 646D6149 		.ascii	"dmaInit\000"
 483      6E697400 
 484 0063 00       		.ascii	"\000"
 485 0064 02       		.ascii	"\002"
 486 0065 00       		.ascii	"\000"
 487 0066 00000000 		.ascii	"\000\000\000\000\000\000\000\000"
 487      00000000 
 488 006e B2000000 		.ascii	"\262\000\000\000"
 489              		.text
 490              		.section	.gnu.lto_.opts,"",%progbits
 491 0000 272D666D 		.ascii	"'-fmath-errno' '-fsigned-zeros' '-ftrapping-math' '"
 491      6174682D 
 491      6572726E 
 491      6F272027 
 491      2D667369 
 492 0033 2D666E6F 		.ascii	"-fno-trapv' '-fno-openmp' '-fno-openacc' '-mcpu=cor"
 492      2D747261 
 492      70762720 
 492      272D666E 
 492      6F2D6F70 
 493 0066 7465782D 		.ascii	"tex-m4' '-mfloat-abi=hard' '-mfpu=fpv4-sp-d16' '-mn"
 493      6D342720 
 493      272D6D66 
 493      6C6F6174 
 493      2D616269 
 494 0099 6F2D7468 		.ascii	"o-thumb-interwork' '-mthumb' '-ggdb' '-O2' '-fomit-"
 494      756D622D 
 494      696E7465 
 494      72776F72 
 494      6B272027 
 495 00cc 6672616D 		.ascii	"frame-pointer' '-falign-functions=16' '-ffunction-s"
 495      652D706F 
 495      696E7465 
 495      72272027 
 495      2D66616C 
 496 00ff 65637469 		.ascii	"ections' '-fdata-sections' '-fno-common' '-flto' '-"
 496      6F6E7327 
 496      20272D66 
 496      64617461 
 496      2D736563 
 497 0132 6673696E 		.ascii	"fsingle-precision-constant'\000"
 497      676C652D 
 497      70726563 
 497      6973696F 
 497      6E2D636F 
 498              		.text
 499              		.comm	__gnu_lto_v1,1,1
 500              		.comm	__gnu_lto_slim,1,1
 501              		.ident	"GCC: (GNU Tools for ARM Embedded Processors 6-2017-q1-update) 6.3.1 20170215 (release) [AR
ARM GAS  /tmp/ccJ7rrPs.s 			page 38


DEFINED SYMBOLS
                            *ABS*:0000000000000000 hal_lld.c
                            *COM*:0000000000000001 __gnu_lto_v1
                            *COM*:0000000000000001 __gnu_lto_slim

NO UNDEFINED SYMBOLS
