ARM GAS  /tmp/ccjLFx4D.s 			page 1


   1              		.cpu cortex-m4
   2              		.eabi_attribute 27, 1
   3              		.eabi_attribute 28, 1
   4              		.eabi_attribute 20, 1
   5              		.eabi_attribute 21, 1
   6              		.eabi_attribute 23, 3
   7              		.eabi_attribute 24, 1
   8              		.eabi_attribute 25, 1
   9              		.eabi_attribute 26, 1
  10              		.eabi_attribute 30, 2
  11              		.eabi_attribute 34, 1
  12              		.eabi_attribute 18, 4
  13              		.file	"hal_pal_lld.c"
  14              		.text
  15              	.Ltext0:
  16              		.section	.gnu.lto_.profile.e768a1a24e336111,"",%progbits
  17 0000 789C6365 		.ascii	"x\234ce`b`c```d8\312x\230\021\000\005L\001\231"
  17      60626063 
  17      60606064 
  17      38CA7898 
  17      1100054C 
  18              		.text
  19              		.section	.gnu.lto_.icf.e768a1a24e336111,"",%progbits
  20 0000 789C6365 		.ascii	"x\234ce`b\340c@\000&\206\273W\326\177ge|\177\367\357"
  20      6062E063 
  20      40002686 
  20      BB57D67F 
  20      67657C7F 
  21 0016 2A6E0600 		.ascii	"*n\006\0005\223\006\363"
  21      359306F3 
  22              		.text
  23              		.section	.gnu.lto_.jmpfuncs.e768a1a24e336111,"",%progbits
  24 0000 789C6365 		.ascii	"x\234ce`b\020`@\000&\006FF\306zFf \311^__\317\000\000"
  24      60621060 
  24      40002606 
  24      4646C67A 
  24      466620C9 
  25 001a 0D4C0227 		.ascii	"\015L\002'"
  26              		.text
  27              		.section	.gnu.lto_.inline.e768a1a24e336111,"",%progbits
  28 0000 789C45CE 		.ascii	"x\234E\316\261\015\302P\014\004\320\263\177P\"\252_"
  28      B10DC250 
  28      0C04D0B3 
  28      7F5022AA 
  28      5F
  29 0011 214A6F41 		.ascii	"!JoA\373Ga\202\314\220\"\005CD\210\005X \022\022\035"
  29      FB476182 
  29      CC902205 
  29      43448805 
  29      58201212 
  30 0026 54A06CC1 		.ascii	"T\240l\301\010\241K|.\342\342\335\271\262wP\214\330"
  30      08A14B7C 
  30      2EE2E2DD 
  30      B9B27750 
  30      8CD8
  31 0038 46813F66 		.ascii	"F\201?fH\015\023$\243\205\236i'\214[\3043\002\371.\357"
  31      480D1324 
ARM GAS  /tmp/ccjLFx4D.s 			page 2


  31      A3859E69 
  31      278C5BC4 
  31      3302F92E 
  32 004d D71EA7CB 		.ascii	"\327\036\247\3135)\344WW\241\323\2606Nf\315\216\261"
  32      3529E457 
  32      57A1D3B0 
  32      364E66CD 
  32      8EB1
  33 005f 9A53588B 		.ascii	"\232SX\213\323\211FP\215E\375-\301\007\017\025\321\365"
  33      D3894650 
  33      8D45FD2D 
  33      C1070F15 
  33      D1F5
  34 0071 1C52DB7F 		.ascii	"\034R\333\177\015\307aZ\217\035\206Q+~\276\000d\310"
  34      0DC7615A 
  34      8F1D8651 
  34      2B7EBE00 
  34      64C8
  35 0083 20D4     		.ascii	" \324"
  36              		.text
  37              		.section	.gnu.lto_.pureconst.e768a1a24e336111,"",%progbits
  38 0000 789C6365 		.ascii	"x\234ce`b`e`\000\222R\214R\000\001\005\000D"
  38      60626065 
  38      60009252 
  38      8C520001 
  38      050044
  39              		.text
  40              		.section	.gnu.lto__pal_lld_init.e768a1a24e336111,"",%progbits
  41 0000 789CA59A 		.ascii	"x\234\245\232yP\024g\032\207\373\353\206q\270\2755\321"
  41      79501467 
  41      1A87FBEB 
  41      8671B8BD 
  41      35D1
  42 0012 24248AC6 		.ascii	"$$\212\306s\214&11w\355\326n\355V\266\262[\331\377\267"
  42      738C2631 
  42      3177EDD6 
  42      6EED56B6 
  42      B25BD9FF 
  43 0027 36D9DAC4 		.ascii	"6\331\332\304*k\2656\251\255\332\277\034\024\025\361"
  43      2A6BB536 
  43      A9ADDABF 
  43      1C1415F1 
  44 0037 563CD020 		.ascii	"V<\320 $\250\200\010\250\210\007\036AT\024\025<\300"
  44      24A88008 
  44      A888071E 
  44      41541415 
  44      3CC0
  45 0049 2BC40315 		.ascii	"+\304\003\025p\324x\341\031\005\366{\177\375}|=\002"
  45      70D478E1 
  45      1905F67B 
  45      7FFD7D7C 
  45      3D02
  46 005b C5F4B756 		.ascii	"\305\364\267V\361\302@\373\3643\335/\2172\032n\230\306"
  46      F1C240FB 
  46      F433DD2F 
  46      8F321A6E 
  46      98C6
ARM GAS  /tmp/ccjLFx4D.s 			page 3


  47 006d B33186F1 		.ascii	"\2631\206\361;\3030\006\3607f\031\314\\Xe\030\211^\223"
  47      3BC33006 
  47      F0376619 
  47      CC5C5865 
  47      18895E93 
  48 0081 31FAC0EF 		.ascii	"1\372\300\357e\306T\223Me\013\254\345\026+\233\325\260"
  48      65C65493 
  48      4D650BAC 
  48      E5162B9B 
  48      D5B0
  49 0093 C31C96ED 		.ascii	"\303\034\226\355\347\277J\227\337\361\314\364\317\350"
  49      E7BF4A97 
  49      DFF1CCF4 
  49      CFE8
  50 00a1 9F611946 		.ascii	"\237a\031F\032\177\243_,\233\015\343G\235H\332\370\235"
  50      1A7FA35F 
  50      2C9B0DE3 
  50      479D48DA 
  50      F89D
  51 00b3 35DFCAB0 		.ascii	"5\337\312\260\030\013\343\017\357V\256\274\022K\017"
  51      180BE30F 
  51      EF56AEBC 
  51      124B0F
  52 00c2 4D16CF1F 		.ascii	"M\026\317\037\006Z\012\033\303\254\011\314\340\037\347"
  52      065A0A1B 
  52      C3AC09CC 
  52      E01FE7
  53 00d1 5E58F597 		.ascii	"^X\365\227\241k\375\376i\376\322\233\251\226\177p\206"
  53      A16BFDFE 
  53      69FED29B 
  53      A9967F70 
  53      86
  54 00e2 65B1F5CC 		.ascii	"e\261\365\314\342<\226\313\006\262\0346\320\340\237"
  54      E23C96CB 
  54      06B21C36 
  54      D0E09F
  55 00f1 32581E1B 		.ascii	"2X\036\033J\207_\336\324\2624\306\023f\237\217m`\036"
  55      4A875FDE 
  55      D4B234C6 
  55      13669F8F 
  55      6D601E
  56 0104 C6DF179E 		.ascii	"\306\337\027\236d\245\376\226\326Y\034\261\226\235\370"
  56      64A5FE96 
  56      D6591CB1 
  56      969DF8
  57 0113 E37F4DFE 		.ascii	"\343\177M\376[\302,\032\3414<4\274\214\020\021\364a"
  57      5BC22C1A 
  57      E1343C34 
  57      BC8C1011 
  57      F461
  58 0125 248D281A 		.ascii	"$\215(\032\3214bh\304\322\210\243\321\235F\017\032="
  58      D1346268 
  58      C4D288A3 
  58      D19D460F 
  58      1A3D
  59 0137 69F4A2D1 		.ascii	"i\364\242\321\233F\037\032}i\364\243\321\237\306\013"
  59      9B461F1A 
ARM GAS  /tmp/ccjLFx4D.s 			page 4


  59      7D69F4A3 
  59      D19FC60B 
  60 0147 345EA431 		.ascii	"4^\2441\200\006\271\206\275D\343e\032\257\320\210\247"
  60      8006B986 
  60      BD44E365 
  60      1AAFD088 
  60      A7
  61 0158 F12A8DD7 		.ascii	"\361*\215\327h\014\2421\230F\002\215!4\206\322x\235"
  61      680CA231 
  61      9846028D 
  61      213486D2 
  61      789D
  62 016a C6301AC3 		.ascii	"\3060\032\303i\214\2401\222\306(\032\243i\370h\214\241"
  62      698CA031 
  62      92C6281A 
  62      A369F868 
  62      8CA1
  63 017c F1068DB1 		.ascii	"\361\006\215\2614\306\321x\223\306[4\336\2461\236\306"
  63      34C6D178 
  63      93C65B34 
  63      DEA6319E 
  63      C6
  64 018d 3B34DEA5 		.ascii	";4\336\2451\201\306{4\336\247\361\001\215\017i|D\343"
  64      3181C67B 
  64      34DEA7F1 
  64      018D0F69 
  64      7C44E3
  65 01a0 631A8691 		.ascii	"c\032\206\221\302/(\335\3559\226I\357\255\000++\011"
  65      C22F28DD 
  65      ED399649 
  65      EFAD002B 
  65      2B09
  66 01b2 9CDD1749 		.ascii	"\234\335\027I\3278\3352\371\245_6\243\354X7\272\211"
  66      D738DD32 
  66      F9A55F36 
  66      A3EC5837 
  66      BA89
  67 01c4 E1B87149 		.ascii	"\341\270qI\351\007\032\"\354\207\376;\311~\272\3157"
  67      E9071A22 
  67      EC87FE3B 
  67      C97EBACD 
  67      37
  68 01d5 2E3EDD11 		.ascii	".>\335\021\236\301\322\023\371r\304gX\036V\300\357`"
  68      9EC1D213 
  68      F972C467 
  68      581E56C0 
  68      EF60
  69 01e7 3EBF8374 		.ascii	">\277\203t\374\275e\307/E\373\362\375I,\303\352\306"
  69      FCBD65C7 
  69      2F45FBF2 
  69      FD492CC3 
  69      EAC6
  70 01f9 0A59065B 		.ascii	"\012Y\006[\201\235a\033\231\317\010\260\351\217g2\373"
  70      819D611B 
  70      99CF08B0 
  70      E98F6732 
  70      FB
ARM GAS  /tmp/ccjLFx4D.s 			page 5


  71 020a 5C967DBA 		.ascii	"\\\226}\272\302\031Ws\275\304\017c\255\214m\342\024"
  71      C2195773 
  71      BDC40F63 
  71      AD8C6DE2 
  71      14
  72 021b AEB42C82 		.ascii	"\256\264,\202\216qw\252\315\352TE\314\307\371\004*\311"
  72      8E7177AA 
  72      CDEA5445 
  72      CCC7F904 
  72      2AC9
  73 022d 3D67D9A7 		.ascii	"=g\331\247\013wG\333\002\032m\035+~N\234`\377\217\350"
  73      0B7747DB 
  73      021A6D1D 
  73      2B7E4E9C 
  73      60FF8FE8 
  74 0241 5685DE46 		.ascii	"V\205\336F\242\036\243\236M\313\314Z`\011\324\231\037"
  74      A21EA39E 
  74      4DCBCC5A 
  74      6009D499 
  74      1F
  75 0252 F62C891D 		.ascii	"\366,\211\035\236\203o\275\362\0223-\323\233ay\015\361"
  75      9E836FBD 
  75      F212332D 
  75      D39B6179 
  75      0DF1
  76 0264 7DB79D0D 		.ascii	"}\267\235\015w\336#\013\367\350\321\301\303\311\321"
  76      77DE230B 
  76      F7E8D1C1 
  76      C3C9D1
  77 0273 E2E41C44 		.ascii	"\342\344\034D\213\020\221ny\331\016q\376\325+\2667\305"
  77      8B10916E 
  77      79D90E71 
  77      FED52BB6 
  77      37C5
  78 0285 F2F32F84 		.ascii	"\362\363/\204[$+\201\201i\340\213\305\273\366O\230\332"
  78      5B242B81 
  78      8169E08B 
  78      C5BBF64F 
  78      98DA
  79 0297 4C5FCB8C 		.ascii	"L_\313\214\345'b;\231\217D\014\266\213M%\263x\2415\247"
  79      E527623B 
  79      998F440C 
  79      B68B4D25 
  79      B378A135 
  80 02ac 3E27D1B4 		.ascii	">'\321\264>\301\011o\237\330;\235%d\341\333\271|Ut\232"
  80      3EC1096F 
  80      9FD83B9D 
  80      2564E1DB 
  80      B97C5574 
  81 02c1 BF348983 		.ascii	"\2774\211\203\243\330\356\340\357h\030\357a\011\374"
  81      A3D8EEE0 
  81      EF6818EF 
  81      6109FC
  82 02d0 77DCAFBD 		.ascii	"w\334\257\275\\\305\3108\212\371\375|\215\330\217\374"
  82      5CC5C838 
  82      8AF9FD7C 
  82      8DD88FFC 
ARM GAS  /tmp/ccjLFx4D.s 			page 6


  83 02e0 EBC1CF7B 		.ascii	"\353\301\317{i\313\214\354\310vP\357\363\231\000\264"
  83      69CB8CEC 
  83      C87650EF 
  83      F39900B4 
  84 02f0 9425D0A5 		.ascii	"\224%\320\245\340\267`ZI\240\365\333\266b$\331Wm\265"
  84      E0B7605A 
  84      49A0F5DB 
  84      B66224D9 
  84      576DB5
  85 0303 0747F053 		.ascii	"\007G\360S#\036i\366e\222Qa{\371\3233X\031\335\314\011"
  85      231E69F6 
  85      65925161 
  85      7BF9D333 
  85      5819DDCC 
  86 0318 CEABE90D 		.ascii	"\316\253\351\015\272\232\374fE\323U\334\327\376*f\266"
  86      BA9AFC66 
  86      45D355DC 
  86      D7FE2A66 
  86      B6
  87 0329 56F3C363 		.ascii	"V\363\303c\330~\\H\313&\262\003X\224\262e\025\303\211"
  87      D87E5C48 
  87      CB26B203 
  87      5894B265 
  87      15C389
  88 033c ED044701 		.ascii	"\355\004G\001\234X|uQ\244\015\216\245\347\317\312\005"
  88      9C587C75 
  88      51A40D8E 
  88      A5E7CFCA 
  88      05
  89 034d B9F971DD 		.ascii	"\271\371q\335\2428\332\217D\177\346\027\264\"\007\301"
  89      A238DA8F 
  89      447FE617 
  89      B42207C1 
  90 035d 15A6EC10 		.ascii	"\025\246\354\020m\311\004\373\271&\357\213\265\305\337"
  90      6DC904FB 
  90      B926EF8B 
  90      B5C5DF
  91 036c 0BCD349E 		.ascii	"\013\3154\2364+\200\013\027\270\303\317k\206\356u\004"
  91      342B800B 
  91      17B8C3CF 
  91      6B86EE75 
  91      04
  92 037d 208F001D 		.ascii	" \217\000\035%\257\367l\257\331\322\353}\027^\225\300"
  92      25AFF76C 
  92      AFD9D2EB 
  92      7D175E95 
  92      C0
  93 038e 7513B82A 		.ascii	"u\023\270*}\257c\000y\005\3508y\275o{\245H\257\017\\"
  93      7DAF6300 
  93      7905E838 
  93      79BD6F7B 
  93      A548AF0F 
  94 03a3 789D002E 		.ascii	"x\235\000.B\340N\352{U\003\024)@5\344\365\201\3555G"
  94      42E04EEA 
  94      7B550314 
  94      294035E4 
  94      F581ED35 
ARM GAS  /tmp/ccjLFx4D.s 			page 7


  95 03b8 7A7DE8C2 		.ascii	"z}\350\302\353\024pQ\002wZ\337\353\014@\321\002t\226"
  95      EB147051 
  95      02775ADF 
  95      EB0C40D1 
  95      027496
  96 03cb BC3EB4BD 		.ascii	"\274>\264\275\346J\257\217\\x\235\003.F\340~\322\367"
  96      E64AAF8F 
  96      5C789D03 
  96      2E46E07E 
  96      D2F7
  97 03dd AA052856 		.ascii	"\252\005(V\200~&\257\217l\257y\322\353c\027^\347\201"
  97      807E26AF 
  97      8F6CAF79 
  97      D2EB6317 
  97      5EE781
  98 03f0 8B13B80B 		.ascii	"\213\023\270\013\372^\027\001\352.@\227\310\353cg\275"
  98      FA5E1701 
  98      EA2E4097 
  98      C8EB6367 
  98      BD
  99 0401 509AB658 		.ascii	"P\232\266XR{\360(3?.\224\246\327\241\351A\021/\354:"
  99      527BF028 
  99      333F2E94 
  99      A6D7A1E9 
  99      41112FEC 
 100 0416 E297E1D4 		.ascii	"\342\227\341\324\243\343\210_\221\021\277\032\034q7"
 100      A3E3885F 
 100      9111BF1A 
 100      1C7137
 101 0425 E1AE47B8 		.ascii	"\341\256G\270W\226=\335\027!\302\235L\341n\020\341."
 101      57963DDD 
 101      1721C29D 
 101      4CE16E10 
 101      E12E
 102 0437 D40A7723 		.ascii	"\324\012w#\317r]\247\341\276\300\303MG\324w\022\356"
 102      CF725DA7 
 102      E1BEC0C3 
 102      4D47D477 
 102      12EE
 103 0449 6B087780 		.ascii	"k\010w\200\366`\034\377|}\305\222\231\321v\270\007\362"
 103      F6601CFF 
 103      7C7DC592 
 103      99D176B8 
 103      07F2
 104 045b 877716ED 		.ascii	"\207w\026\355mb\216\265\270.\256\334\341\005k\322\242"
 104      6D628EB5 
 104      B82EAEDC 
 104      E1056BD2 
 104      A2
 105 046c 83C37D43 		.ascii	"\203\303}C\206\233\210\354\246\332\214\000\236\321\264"
 105      869B88EC 
 105      A6DA8C00 
 105      9ED1B4
 106 047b 53E9B763 		.ascii	"S\351\267c\344f486\243a\377\254\325a\316\315\370E\226"
 106      E4663438 
 106      36A361FF 
 106      ACD561CE 
ARM GAS  /tmp/ccjLFx4D.s 			page 8


 106      CDF84596 
 107 048f 1AA05BB4 		.ascii	"\032\240[\264\031\343T\251a\372fhj\330\330\333\262\324"
 107      19E354A9 
 107      61FA6668 
 107      6AD8D8DB 
 107      B2D4
 108 04a1 C0DDD1F7 		.ascii	"\300\335\321\367\272+K\015\320=\362zS\225\032^o\271"
 108      BA2B4B0D 
 108      D03DF27A 
 108      53951A5E 
 108      6FB9
 109 04b3 F06A92A5 		.ascii	"\360j\222\245\006\356\276\276\327\003Yj\200\036\222"
 109      06EEBEBE 
 109      D703596A 
 109      801E92
 110 04c2 D75BAAD4 		.ascii	"\327[\252\324\360z\333\205\327#Yj\340\036\353{=\221"
 110      F07ADB85 
 110      D723596A 
 110      E01EEB7B 
 110      3D91
 111 04d4 A506E857 		.ascii	"\245\006\350W\362z[\225\032^\343]x=\225\245\006\356"
 111      F27A5B95 
 111      1A5EE35D 
 111      783D95A5 
 111      06EE
 112 04e6 99BE57B3 		.ascii	"\231\276W\263,5@-\3445^\225\032^\357\270\360j\225\245"
 112      2C35402D 
 112      E4355E95 
 112      1A5EEFB8 
 112      F06A95A5 
 113 04fa 06CE6F6A 		.ascii	"\006\316oj{%\232\242\324\000M3\271\327;\252\324\360"
 113      7B259AA2 
 113      D4004D33 
 113      B9D73BAA 
 113      D4F0
 114 050c 7AD785D7 		.ascii	"z\327\205\327tS\224\032\270$}\257\031\246(5@3\311\353"
 114      7453941A 
 114      B8247DAF 
 114      19A62835 
 114      4033C9EB 
 115 0520 5D67AE90 		.ascii	"]g\256\220\026U\352FY\352\035!\225z\226\331\256\324"
 115      1655EA46 
 115      59EA1D21 
 115      957A96D9 
 115      AED4
 116 0532 3BBB2E75 		.ascii	";\273.u2\234zv\\\352\331\246(u\212\251]\3529&\225:\265"
 116      329C7A76 
 116      5CEAD9A6 
 116      28758AA9 
 116      5DEA3926 
 117 0549 2CAD2646 		.ascii	",\255&F\224z!\225z\256i\227z\247V\251\347\231\011\364"
 117      947A2195 
 117      7AAE6997 
 117      7AA756A9 
 117      E79909F4 
 118 055d 7C3B29F5 		.ascii	"|;)\365C^j:\202\237\272\303R\3177\251\324\013L\276\007"
 118      435E6A3A 
ARM GAS  /tmp/ccjLFx4D.s 			page 9


 118      829FBAC3 
 118      52CF37A9 
 118      D40B4CBE 
 119 0572 23A9D427 		.ascii	"#\251\324'\267\036\214\265KM\353\232\350\257]\353\374"
 119      B71E8CB5 
 119      4B4DEB9A 
 119      E8AF5DEB 
 119      FC
 120 0583 037CA169 		.ascii	"\003|\241i_\271\331\207V\337\212\012.\365\"S\224\232"
 120      5FB9D987 
 120      56DF8A0A 
 120      2EF52253 
 120      949A
 121 0595 886CB1DA 		.ascii	"\210l\261\332\014\316\246\333\325\220\245\376\014\347"
 121      0CCEA6DB 
 121      D590A5FE 
 121      0CE7
 122 05a3 4FB86D33 		.ascii	"O\270m3\326\337\237[\024\341\334\214%\246(5@\251\264"
 122      D6DF9F5B 
 122      14E1DC8C 
 122      25A62835 
 122      40A9B4
 123 05b6 192355A9 		.ascii	"\031#U\251a:*45l\354RS\224\032\270e\372^\313MQj\200"
 123      613A2A34 
 123      356CEC52 
 123      53941AB8 
 123      65FA5ECB 
 124 05ce 5690D728 		.ascii	"V\220\327(Ujx\215v\341\225f\212R\003\267R\337k\225)"
 124      556A788D 
 124      76E19566 
 124      8A5203B7 
 124      52DF6B95 
 125 05e3 4A0DD077 		.ascii	"J\015\320w\3445Z\225\032^>\027^\351\246(5p\253\365\275"
 125      E4355A95 
 125      1A5E3E17 
 125      5EE9A628 
 125      3570ABF5 
 126 05f8 324C516A 		.ascii	"2LQj\2002\311\313\247J\015\2571.\274\2767E\251\201\373"
 126      8032C9CB 
 126      A74A0DAF 
 126      312EBCBE 
 126      3745A981 
 127 060d 41DF2BCB 		.ascii	"A\337+\313\024\245\006h\015y\215Q\245\206\327\033.\274"
 127      14A50668 
 127      0D798D51 
 127      A586D71B 
 127      2EBC
 128 061f D69AA2D4 		.ascii	"\326\232\242\324\300\255\323\367\312\226\245\006(\207"
 128      C0ADD3F7 
 128      CA96A506 
 128      2887
 129 062d BCDE50A5 		.ascii	"\274\336P\245\206\327X\027^\271\262\324\300\255\327"
 129      86D75817 
 129      5EB9B2D4 
 129      C0ADD7
 130 063c F7CA93A5 		.ascii	"\367\312\223\245\006h\003y\215u\346\012iQ\245\236'\036"
 130      06680379 
ARM GAS  /tmp/ccjLFx4D.s 			page 10


 130      8D75E60A 
 130      6951A59E 
 130      271E
 131 064e 65D68754 		.ascii	"e\326\207T\352\374\366\245n\354\272\324\005p\352\325"
 131      EAFCF6A5 
 131      6EECBAD4 
 131      0570EAD5 
 132 065e 71A90B65 		.ascii	"q\251\013e\2517\352\227z\023J\235\234\227\232e\211R"
 132      A937EA97 
 132      7A134A9D 
 132      9C979A65 
 132      8952
 133 0670 AFA0526F 		.ascii	"\257\240Ro\026\245n\324*u\021\357p~\247\245\256\312"
 133      16A56ED4 
 133      2A7511EF 
 133      707EA7A5 
 133      AECA
 134 0682 F0E0884D 		.ascii	"\360\340\210M\235\224z\013J]L{@n\277\026\025\004\304"
 134      9D947A0B 
 134      4A5D4C7B 
 134      406EBF16 
 134      1504C4
 135 0695 DFA96BE8 		.ascii	"\337\251k\350\270\352\007E\201p\307^l\025{q\375\366"
 135      B8EA0745 
 135      8170C75E 
 135      6C157B71 
 135      FDF6
 136 06a7 E6F2C8E0 		.ascii	"\346\362\310\340To\223\251&$\333\256V\243\030\253\261"
 136      546F93A9 
 136      2624DBAE 
 136      56A318AB 
 136      B1
 137 06b8 6A4E4BBD 		.ascii	"jNK\275G\256\306f\307j\234j\332\263\300\343\\\215\035"
 137      47AEC666 
 137      C76A9C6A 
 137      DAB3C0E3 
 137      5C8D1D
 138 06cb 32D50095 		.ascii	"2\325\000\225\320j$\250TCuHhjX\331\2352\325\300\355"
 138      D06A24A8 
 138      54437548 
 138      686A58D9 
 138      9D32D5C0 
 139 06e0 D2F7DA2D 		.ascii	"\322\367\332-S\015\320\036\362\032\242R\015\257\241"
 139      530DD01E 
 139      F21AA252 
 139      0DAFA1
 140 06ef 2EBC7E94 		.ascii	".\274~\224\251\006\256T\337k\257L5@e\3445T\245\032^"
 140      A906AE54 
 140      DF6BAF4C 
 140      354065E4 
 140      3554A51A 
 141 0704 AFBBF0DA 		.ascii	"\257\273\360\332'S\015\334~}\257\0032\325\000\225\223"
 141      27530DDC 
 141      7E7DAF03 
 141      32D50095 
 141      93
 142 0715 D7EB2AD5 		.ascii	"\327\353*\325\360\032\346\302\353\240L5p\207\364\275"
ARM GAS  /tmp/ccjLFx4D.s 			page 11


 142      F01AE6C2 
 142      EBA04C35 
 142      7087F4BD 
 143 0725 2A64AA01 		.ascii	"*d\252\001:L^\303T\252\3415\334\205\327\021\231j\340"
 143      3A4C5EC3 
 143      54AAE135 
 143      DC85D711 
 143      996AE0
 144 0738 8EEA7B55 		.ascii	"\216\352{U\312T\003TE^\303U\252\3415\302\205\3271\231"
 144      CA540354 
 144      455EC355 
 144      AAE135C2 
 144      85D73199 
 145 074c 6AE08EEB 		.ascii	"j\340\216\353{\235\220\251\006\350$y\215p\366\012mQ"
 145      7B9D90A9 
 145      06E82479 
 145      8D70F60A 
 145      6D51
 146 075e A92E92A9 		.ascii	"\251.\222\251\276\033R\252\253\333\247\272\251\353T"
 146      BE1B52AA 
 146      ABDBA7BA 
 146      A9EB54
 147 076d D7C0A977 		.ascii	"\327\300\251w\307\251>%S}Z?\325g\220\352\332\302\312"
 147      C7A93E25 
 147      537D5A3F 
 147      D56790EA 
 147      DAC2CA
 148 0780 1B5E91EA 		.ascii	"\033^\221\352LJ\365Y\221\352&\255T\237\343!\256\356"
 148      4C4AF559 
 148      91EA26AD 
 148      549FE321 
 148      AEEE
 149 0792 34D50D3C 		.ascii	"4\325\015<\325t\304\231NR\375\023R]K{\3602\377|]\342"
 149      D574C499 
 149      4E52FD13 
 149      525D4B7B 
 149      F032FF7C 
 150 07a8 B16B5176 		.ascii	"\261kQv\252\357\340*lZS\355u\354\305\317r/\002\005W"
 150      AAEFE02A 
 150      6C5A53ED 
 150      75ECC5CF 
 150      722F0205 
 151 07bd 3DC1A93E 		.ascii	"=\301\251>/SMHvA\255F-V\343\362\241\224\266"
 151      2F534D48 
 151      7641AD46 
 151      2D56E3F2 
 151      A194B6
 152 07d0 1FB7CE3A 		.ascii	"\037\267\316:6c\357\374k\353b\202^\030\223\245\006\347"
 152      3663EFFC 
 152      6BEB6282 
 152      5E1893A5 
 152      06E7
 153 07e2 126DC6CB 		.ascii	"\022m\306\313\252\3240}%43ll\235,5p\227\265\265\256"
 153      AAD4307D 
 153      2534336C 
 153      6C9D2C35 
 153      7097B5B5 
ARM GAS  /tmp/ccjLFx4D.s 			page 12


 154 07f7 C8508373 		.ascii	"\310P\203s\225\264^Q\241\206V\274\013\255z\031j\340"
 154      95B45E51 
 154      A18656BC 
 154      0BAD7A19 
 154      6AE0
 155 0809 1AB4B51A 		.ascii	"\032\264\265\032e\247\301\271FZ\361\252\323\320z\325"
 155      65A7C1B9 
 155      465AF1AA 
 155      D3D07AD5 
 156 0819 85564076 		.ascii	"\205V@v\032\270\353\332Z7d\246\301\271IZ\257\252LC\353"
 156      1AB8EBDA 
 156      5A3764A6 
 156      C1B9495A 
 156      AFAA4C43 
 157 082e 35175ABF 		.ascii	"5\027Z\277\310L\003wK[\353\266\25448wH\3535Uih\015r"
 157      C84C0377 
 157      4B5BEBB6 
 157      AC343877 
 157      48EB3555 
 158 0846 A1755756 		.ascii	"\241uWV\032\270{\332ZM2\322\340\334'\255A*\322\320\032"
 158      1AB87BDA 
 158      5A4D32D2 
 158      E0DC27AD 
 158      412AD2D0 
 159 085b EC42EB81 		.ascii	"\354B\353\201\2144p\017\265\265\036\311F\203\363\230"
 159      8C34700F 
 159      B5B51EC9 
 159      4683F398 
 160 086b B4063B43 		.ascii	"\264\006;C\205\250\250F\237\223\215n\016\251\321O\332"
 160      85A8A846 
 160      9F938D6E 
 160      0EA9D14F 
 160      DA
 161 087c 37BAB5EB 		.ascii	"7\272\265\353F\377\012\247>\0357\372\251l\3643\375F"
 161      46FF0AA7 
 161      3E1D37FA 
 161      A96CF433 
 161      FD46
 162 088e 37A3D1C7 		.ascii	"7\243\321\307\263\033\223\303E\243s\250\321-\242\321"
 162      B31B93C3 
 162      45A373A8 
 162      D12DA2D1 
 163 089e AD5A8D6E 		.ascii	"\255Z\215n\345\005~\322i\243[x\243\351\210\346N\032"
 163      E5057ED2 
 163      69A35B78 
 163      A3E988E6 
 163      4E1A
 164 08b0 EDB7A8D1 		.ascii	"\355\267\250\321\211\364\257\304\375\370\347\013\036"
 164      89F4AFC4 
 164      FDF8E70B 
 164      1E
 165 08bd ADAB6076 		.ascii	"\255\253`v\243\3472zv\273\313\375q\216\265\230f\331"
 165      A3E7327A 
 165      76BBCBFD 
 165      718EB598 
 165      66D9
 166 08cf 972E90B5 		.ascii	"\227.\220\2658\377\271W>\246[\242\321\204dIV\333fp8"
ARM GAS  /tmp/ccjLFx4D.s 			page 13


 166      38FFB957 
 166      3EA65BA2 
 166      D1846449 
 166      56DB6670 
 167 08e4 BDF4B528 		.ascii	"\275\364\265(\373|\204\\\215\026\307j\334\273{\246\322"
 167      FB7C845C 
 167      8D16C76A 
 167      DCBB7BA6 
 167      D2
 168 08f5 1BF49A98 		.ascii	"\033\364\232\230%\"\015\320L\213\257F?\025i\250\366"
 168      25220DD0 
 168      4C8BAF46 
 168      3F1569A8 
 168      F6
 169 0906 0F4D0D1B 		.ascii	"\017M\015\033;\313\022\221\006.Y\337k\266%*\015P\012"
 169      3BCB1291 
 169      062E59DF 
 169      6BB6252A 
 169      0D500A
 170 0919 79F55795 		.ascii	"y\365W\225\206\327\013.\274\346X\242\322\300\315\325"
 170      86D70B2E 
 170      BCE658A2 
 170      D2C0CDD5 
 171 0929 F79A6789 		.ascii	"\367\232g\211L\0034\237\274^P\231\206\327\213.\274\026"
 171      4C03349F 
 171      BC5E5099 
 171      86D78B2E 
 171      BC16
 172 093b 5822D3C0 		.ascii	"X\"\323\300-\324\367Zd\211N\003\264\230\274^T\235\206"
 172      2DD4F75A 
 172      64894E03 
 172      B498BC5E 
 172      549D86
 173 094e D700175E 		.ascii	"\327\000\027^K,\321i\340R\365\275\226Z\"\324\000-#\257"
 173      4B2CD169 
 173      E052F5BD 
 173      965A22D4 
 173      002D23AF 
 174 0962 012AD4F0 		.ascii	"\001*\324\360\032\350\302k\271%B\015\334\012}\2574K"
 174      1AE8C26B 
 174      B925420D 
 174      DC0A7DAF 
 174      344B
 175 0974 941AA095 		.ascii	"\224\032\240\225\3445P\225\032^/\271\360Ze\211R\003"
 175      E4355095 
 175      1A5E2FB9 
 175      F05A6589 
 175      5203
 176 0986 F79DBE57 		.ascii	"\367\235\276W\272%R\015\320j\362z\311\331+\264E\245"
 176      BA25520D 
 176      D06AF27A 
 176      C9D92BB4 
 176      45A5
 177 0998 BA55A63A 		.ascii	"\272U\246:\267w(\251\316\260\332\245:/\265\313Tg\302"
 177      B77728A9 
 177      CEB0DAA5 
 177      3A2FB5CB 
ARM GAS  /tmp/ccjLFx4D.s 			page 14


 177      5467C2
 178 09ab A96FC7A9 		.ascii	"\251o\307\251\376\336\022\251\376\301\322Nu\026^]X\362"
 178      FEDE12A9 
 178      FEC1D24E 
 178      75165E5D 
 178      58F2
 179 09bd 20BB4EA6 		.ascii	" \273N\246z#\245z\215e\247:/U'\325k\255\004z\276\235"
 179      7A23A57A 
 179      8D65A73A 
 179      2F5527D5 
 179      6BAD047A 
 180 09d3 A4FA748E 		.ascii	"\244\372t\216\007G\360Sw\230\352uHu6\355Aw\376\371\372"
 180      0747F053 
 180      7798EA75 
 180      487536ED 
 180      4177FEF9 
 181 09e8 D656CB2E 		.ascii	"\326V\313.u\016\225\372\311\203\343\033#\035k\221#\326"
 181      750E95FA 
 181      C983E31B 
 181      231D6B91 
 181      23D6
 182 09fa E2D9CA8B 		.ascii	"\342\331\312\213\247\273\005\227:W\226\232\210l\275"
 182      A7BB0597 
 182      3A57969A 
 182      886CBD
 183 0a09 DA8C6C6C 		.ascii	"\332\214ll\306\356\305E[\333^\023\343O\270m3\262\356"
 183      C6EEC545 
 183      5BDB5E13 
 183      E34FB86D 
 183      33B2EE
 184 0a1c 6DD819F4 		.ascii	"m\330\031\364\203V\236,5@\033h3\272\253R\303\264Ghj"
 184      83569E2C 
 184      35401B68 
 184      33BAAB52 
 184      C3B44768 
 185 0a31 D8D87C59 		.ascii	"\330\330|Yj\340\012\364\275\012e\251\001\332H^=T\251"
 185      6AE00AF4 
 185      BD0A65A9 
 185      01DA485E 
 185      3D54A9
 186 0a44 E1D5D385 		.ascii	"\341\325\323\205\327&Yj\3406\353{\025\311R\003\264\205"
 186      D726596A 
 186      E036EB7B 
 186      15C95203 
 186      B485
 187 0a56 BC7AAA52 		.ascii	"\274z\252R\303\253\227\013\257bYj\340\266\352{m\223"
 187      C3AB970B 
 187      AF62596A 
 187      E0B6EA7B 
 187      6D93
 188 0a68 A506683B 		.ascii	"\245\006h;y\365R\245\206Wo\027^;d\251\201+\321\367\332"
 188      79F552A5 
 188      86576F17 
 188      5E3B64A9 
 188      812BD1F7 
 189 0a7d 294B0DD0 		.ascii	")K\015\320.\362\352\255J\015\257>.\274v\313R\003\267"
 189      2EF2EAAD 
ARM GAS  /tmp/ccjLFx4D.s 			page 15


 189      4A0DAF3E 
 189      2EBC76CB 
 189      5203B7
 190 0a90 47DFEB47 		.ascii	"G\337\353GYj\200J\311\253\217*5\274\372\272\360\332"
 190      596A804A 
 190      C9AB8F2A 
 190      35BCFABA 
 190      F0DA
 191 0aa2 2B4B0D5C 		.ascii	"+K\015\\\231\276\327>Yj\200\366\223W_g\256\220\026U"
 191      99BED73E 
 191      596A80F6 
 191      93575F67 
 191      AE901655 
 192 0ab6 EAB5E251 		.ascii	"\352\265\342QfqH\245>\320\276\324\333\272.u9\234\372"
 192      667148A5 
 192      3ED0BED4 
 192      DBBA2E75 
 192      399CFA
 193 0ac9 755CEA83 		.ascii	"u\\\352\203\262\324\207\364K]\201R\037\330\222W#K\275"
 193      B2D487F4 
 193      4B5D8152 
 193      1FD89257 
 193      234BBD
 194 0adc 9D4A7D58 		.ascii	"\235J}X\224z\233V\251\217\360\016\037\350\264\324\267"
 194      947A9B56 
 194      A98FF00E 
 194      1FE8B4D4 
 194      B7
 195 0aed 78A9E988 		.ascii	"x\251\351\210\212NJ}\024\245\256\244=\210\240\027\250"
 195      8A4E4A7D 
 195      14A5AEA4 
 195      3D88A017 
 195      A8
 196 0afe F2128BBC 		.ascii	"\362\022\213\274v\252\367S\252\037>i\036\341X\213*\261"
 196      76AAF753 
 196      AA1F3E69 
 196      1EE1588B 
 196      2AB1
 197 0b10 1619C529 		.ascii	"\026\031\305)\374\207\331\240R\037\223\245&\";\2566"
 197      FC87D9A0 
 197      521F93A5 
 197      26223BAE 
 197      36
 198 0b21 A3129B71 		.ascii	"\243\022\233q\363\351\356@\333Kb\207\035\2331\275\240"
 198      F3E9EE40 
 198      DB4B6287 
 198      1D9B31BD 
 198      A0
 199 0b32 A631E8DF 		.ascii	"\2461\350\337\231O\310R\003t\2226#B\225\032\246\221"
 199      994FC852 
 199      03749236 
 199      2342951A 
 199      A691
 200 0b44 21996161 		.ascii	"!\231aa\253e\250A\253\321\327:%C\015\320i\322\212T\241"
 200      AB65A841 
 200      ABD1D73A 
 200      25430DD0 
ARM GAS  /tmp/ccjLFx4D.s 			page 16


 200      69D28A54 
 201 0b59 865654E8 		.ascii	"\206VT\350Zgd\247A;\253\257uNv\032\240\237H+Ju\032Z"
 201      5A6764A7 
 201      413BABAF 
 201      754E761A 
 201      A09F482B 
 202 0b71 D1A16BD5 		.ascii	"\321\241k\325\312L\203\366\263\276\326y\231i\200.\220"
 202      CA4C83F6 
 202      B3BED679 
 202      9969802E 
 202      90
 203 0b82 56B4CA34 		.ascii	"V\264\3124\264bB\327\272(+\015\332%}\255:Yi\200.\223"
 203      B46242D7 
 203      BA282B0D 
 203      DA257DAD 
 203      3A596980 
 204 0b98 568CAA34 		.ascii	"V\214\2524\264bC\327\272\"#\015\332U}\255z\031i\200"
 204      B46243D7 
 204      BA22230D 
 204      DA557DAD 
 204      7A196980 
 205 0bac 1A482B56 		.ascii	"\032H+VE\032Zq\241k5\312F\203vM_+ \033\015\320u\322"
 205      451A5A71 
 205      A16B35CA 
 205      4683764D 
 205      5F2B201B 
 206 0bc4 8A73860A 		.ascii	"\212s\206\012QQ\215>B\217~\241\377\272\267\024\377\237"
 206      51518D3E 
 206      428F7EA1 
 206      FFBAB714 
 206      FF9F
 207 0bd6 1B794AE1 		.ascii	"\033yJ\341\275YXe\230\2061~\364h\337o\276\236\370\305"
 207      BD595865 
 207      9886317E 
 207      F468DF6F 
 207      BE9EF8C5 
 208 0bea C4CF3EF7 		.ascii	"\304\317>\367M\376\306\367\365\337'\371\246L\376\367"
 208      4DFEC6F7 
 208      F5DF27F9 
 208      A64CFEF7 
 209 0bfa B7DFF83E 		.ascii	"\267\337\370>\377\353\237\306\215\365}\372\351o}\277"
 209      FFEB9FC6 
 209      8DF57DFA 
 209      E96F7DBF 
 210 0c0a FFF31F3E 		.ascii	"\377\363\037>\373\317X\372\322\337\246\360\267I\223"
 210      FBCF58FA 
 210      D2DFA6F0 
 210      B74993
 211 0c19 FE31FA4B 		.ascii	"\3761\372K\303\363\345\344\177\375s\342W\341_M\2318"
 211      C3F3E5E4 
 211      7FFD73E2 
 211      57E15F4D 
 211      9938
 212 0c2b 79CAFF00 		.ascii	"y\312\377\0004H\204\272"
 212      344884BA 
 213              		.text
 214              		.section	.gnu.lto__pal_lld_setgroupmode.e768a1a24e336111,"",%progbits
ARM GAS  /tmp/ccjLFx4D.s 			page 17


 215 0000 789CA557 		.ascii	"x\234\245W{P\224\327\025\277\347\273\337>Xv\301Gj\210"
 215      7B5094D7 
 215      15BFE7BB 
 215      DF3E5876 
 215      C1476A88 
 216 0014 12431229 		.ascii	"\022C\022)\321 \253\230D\3078\352D\034\305\001\301\246"
 216      D120AB98 
 216      44C738EA 
 216      441CC501 
 216      C1A6
 217 0026 7FE4BFC6 		.ascii	"\177\344\277\306T\247\332Ba\200:\315\214\223\256\212"
 217      54A7DA42 
 217      61803ACD 
 217      8C93AE8A 
 218 0036 EBDBD8F8 		.ascii	"\353\333\330\370\252L\030h\033C4\242\0200\001\253-\212"
 218      AA4C1868 
 218      1B4334A2 
 218      103001AB 
 218      2D8A
 219 0048 8A988031 		.ascii	"\212\230\2001\232&@L\304\007\270\032\252\202V$<z\316"
 219      9A26404C 
 219      C407B81A 
 219      AA825624 
 219      3C7ACE
 220 005b B9DFB2BB 		.ascii	"\271\337\262\273\270\035\207\201\231\357p\277s\177\277"
 220      B81D8781 
 220      99EF70BF 
 220      737FBF
 221 006a 73CFEFDE 		.ascii	"s\317\357\336s\357w\327$4\361\333\021B\274#\2048\214"
 221      73EF77D7 
 221      2434F1DB 
 221      1142BC23 
 221      84388C
 222 007d 0F840BD0 		.ascii	"\017\204\013\320\266\325\013\261\312\252\201T\015\251"
 222      B6D50BB1 
 222      CAAA8154 
 222      0DA9
 223 008b E9EB6384 		.ascii	"\351\353c\204\313f'k\3275\323\235\237\341[H\3414|3i"
 223      CB66276B 
 223      D735D39D 
 223      9FE15B48 
 223      E1347C33 
 224 00a0 66EEB370 		.ascii	"f\356\263p\237\031\254\212b\3616\254`W\215\020\315\306"
 224      9F19AC8A 
 224      62F136AC 
 224      60578D10 
 224      CDC6
 225 00b2 C05006DA 		.ascii	"\300P\006\332\274\356Po\303\256\205\345Z\260\337\261"
 225      BCEE506F 
 225      C3AE85E5 
 225      5AB0DFB1 
 226 00c2 B94620C0 		.ascii	"\271F \300\241\006?n\015\003\240\206\313\012\342O\232"
 226      A1063F6E 
 226      0D03A086 
 226      CB0AE24F 
 226      9A
 227 00d3 D44D668B 		.ascii	"\324Mf\2135\304\026jw\204\001\276\012\365\367\256\334"
ARM GAS  /tmp/ccjLFx4D.s 			page 18


 227      35C4166A 
 227      778401BE 
 227      0AF5F7AE 
 227      DC
 228 00e4 2DE1C4BA 		.ascii	"-\341\304\272\226Jm|\221\013\377\252v\367\332\334\256"
 228      964A6D7C 
 228      910BFFAA 
 228      76F7DADC 
 228      AE
 229 00f5 B5110508 		.ascii	"\265\021\005\010\330c\200\240\010\306#\352|n\311\373"
 229      D86380A0 
 229      08C623EA 
 229      7C6EC9FB 
 230 0105 72AB2C90 		.ascii	"r\253,\220\000:\276\336\255\313\273\032F\257\032D\341"
 230      003ABEDE 
 230      ADCBBB1A 
 230      46AF1A44 
 230      E1
 231 0116 6B757D5F 		.ascii	"ku}_\205MN\007\201\355\325\177\333s\322\021\263\327"
 231      854D4E07 
 231      81EDD57F 
 231      DB73D211 
 231      B3D7
 232 0128 E55AEDAA 		.ascii	"\345Z\355\252\352\336!]\343\012\244\204\375 1 \354\203"
 232      EADE215D 
 232      E30AA484 
 232      FD203120 
 232      EC83
 233 013a 48F80822 		.ascii	"H\370\010\"\005\272\004|\0141\010\357\373\260d\203U"
 233      05BA047C 
 233      0C3108EF 
 233      FBB06483 
 233      55
 234 014b CE62EAC3 		.ascii	"\316b\352\303\235g\362\301\240\236>0b\347\032\327\374"
 234      9D67F2C1 
 234      A09E3E30 
 234      62E71AD7 
 234      FC
 235 015c 02A9C381 		.ascii	"\002\251\303\201\201d]@1\223;\312\366n\017\225\011L"
 235      81645D40 
 235      31933BCA 
 235      F66E0F95 
 235      094C
 236 016e FE7CEBB1 		.ascii	"\376|\353\2617\014n\375\201\321;\230k\202\203\003\271"
 236      370C6EFD 
 236      81D13B98 
 236      6B828303 
 236      B9
 237 017f 26018720 		.ascii	"&\001\207 \206\010\233W\355\273,e\"\223\257_\270z\003"
 237      86089B57 
 237      EDBB2C65 
 237      2293AF5F 
 237      B87A03
 238 0192 A2FFAE46 		.ascii	"\242\377\256F.\216\370\363\032\327\031\227^ \315P\022"
 238      2E8EF8F3 
 238      1AD71997 
 238      5E20CD50 
ARM GAS  /tmp/ccjLFx4D.s 			page 19


 238      12
 239 01a3 C8A73F84 		.ascii	"\310\247?\204\357\353;\367\236U&3\365\247/\273\335V"
 239      EFEB3BF7 
 239      9E552633 
 239      F5A72FBB 
 239      DD56
 240 01b5 83DA15BB 		.ascii	"\203\332\025\273\307U\225\033E\304O\202\022oo?U\247"
 240      C755951B 
 240      45C44F82 
 240      126F6F3F 
 240      55A7
 241 01c7 C95F3071 		.ascii	"\311_0qkA]s\230Al\367\021\313\203\022[\276]\263\307"
 241      6B415D73 
 241      98416CF7 
 241      11CB8312 
 241      5BBE5DB3 
 242 01dc 2CDF60E2 		.ascii	",\337`\342\315\255\345\027l\006\361\246\217\370iP\342"
 242      CDADE517 
 242      6C06F1A6 
 242      8FF86950 
 242      E2
 243 01ed B69E0697 		.ascii	"\266\236\006\227Y\276\311\304\363\035e\373u\203x\305"
 243      59BEC9C4 
 243      F31D65FB 
 243      758378C5 
 244 01fd 47AC084A 		.ascii	"G\254\010J\334r\273\363\257\272\374\015\023k\276;\177"
 244      DC72BBF3 
 244      AFBAFC0D 
 244      136BBE3B 
 244      7F
 245 020e C39B6AA3 		.ascii	"\303\233j\243\217x$(\361Ji\357N\207Y\207\177@4T\342"
 245      8F782428 
 245      F14A69EF 
 245      4E875987 
 245      7F403454 
 246 0223 F3193E87 		.ascii	"\363\031>\207\361)\303\247\024\242Ue\301Q0\203\020\266"
 246      F129C3A7 
 246      14A25565 
 246      C1513083 
 246      10B6
 247 0235 FF87C238 		.ascii	"\377\207\3028=\236\322\217m2\235\023\370\360h\317\026"
 247      3D9ED28F 
 247      6D329D13 
 247      F8F068CF 
 247      16
 248 0246 6F02DF17 		.ascii	"o\002\337\027\017{\257\177}\216=\232\002\374\223\351"
 248      0F7BAF7F 
 248      7D8E3D9A 
 248      02FC93E9 
 249 0256 3B3D2DA5 		.ascii	";=-\245\272\\\301\364\366\336\323?x\227\367\342v\351"
 249      BA5CC1F4 
 249      F6DED33F 
 249      7897F7E2 
 249      76E9
 250 0268 FAC0A511 		.ascii	"\372\300\245\021\371_A\310UL\336r\353\335M \337fr\253"
 250      F95F41C8 
 250      554CDE72 
ARM GAS  /tmp/ccjLFx4D.s 			page 20


 250      EBDD4D20 
 250      DF6672AB 
 251 027c FBD61ABB 		.ascii	"\373\326\032\273A\276\347#\037\017B>\301\344\315\315"
 251      41BEE723 
 251      1F0F423E 
 251      C1E4CDCD 
 252 028c 85452172 		.ascii	"\205E!r%\2237V\\\373\271w\340\035\375\334\352 \334\223"
 252      25933756 
 252      5CFBB977 
 252      E01DFDDC 
 252      EA20DC93 
 253 02a0 107DE82B 		.ascii	"\020}\350+\250r\365\366\255\303\012\216m*\2778\022\353"
 253      A872F5F6 
 253      ADC30A8E 
 253      6D2ABF38 
 253      12EB
 254 02b2 840A5D13 		.ascii	"\204\012]\0234K\210\307y\302\322\307\231\302\"\306\271"
 254      344B88C7 
 254      79C2D2C7 
 254      99C222C6 
 254      B9
 255 02c3 320B9A29 		.ascii	"2\013\232)\033PA\2072\306\216\005nq00\214\232\341\214"
 255      1B504187 
 255      32C68E05 
 255      6E713030 
 255      8C9AE18C 
 256 02d7 1E46CDE1 		.ascii	"\036F\315\341L\031A\315\221\202f\371\011\240\330\243"
 256      4C1941CD 
 256      918266F9 
 256      09A0D8A3 
 257 02e7 C8F12499 		.ascii	"\310\361$\231\0102O\361\354\215\306\246u\014\317\005"
 257      08324FF1 
 257      EC8DC6A6 
 257      750CCF05 
 258 02f7 6D19CBD3 		.ascii	"m\031\313\323\364>\226\345=C\315(\316\366Y\240-\374"
 258      F43E96E5 
 258      3D43CD28 
 258      CEF659A0 
 258      2DFC
 259 0309 1C019E27 		.ascii	"\034\001\236'3\216L4\231\0302/\220\031Of\002\231X2\023"
 259      338E4C34 
 259      9918322F 
 259      90194F66 
 259      02995832 
 260 031e C9C49199 		.ascii	"\311\304\221\231Df2\231x2S\310\274L\346\0252S\311L#"
 260      44663299 
 260      783253C8 
 260      BC4CE615 
 260      3253C94C 
 261 0333 339DCCAB 		.ascii	"3\235\314\253df\220\231If\026\231\331d^#3\207L\002\231"
 261      64669099 
 261      49661699 
 261      D9645E23 
 261      33874C02 
 262 0348 B964E691 		.ascii	"\271d\346\221\231O&\221\314\0022I<\217\311<1\013yNR"
 262      994F2691 
 262      CC023249 
ARM GAS  /tmp/ccjLFx4D.s 			page 21


 262      3C8FC93C 
 262      310B794E 
 263 035d 783A5279 		.ascii	"x:Ry\326\026\361<\012\261\021\013\023\317\322MR\303"
 263      D616F13C 
 263      0AB1110B 
 263      13CFD24D 
 263      52C3
 264 036f 7FD2036B 		.ascii	"\177\322\003k\272\335\307\0322\251R\363eh\276\264\321"
 264      BADDC71A 
 264      32A952F3 
 264      6568BEB4 
 264      D1
 265 0380 61D95E52 		.ascii	"a\331^Rd\247s\317\002\022N\341\322]\207\325Q\\\313\030"
 265      64A773CF 
 265      02124EE1 
 265      D25D87D5 
 265      515CCB18 
 266 0394 07510259 		.ascii	"\007Q\002Y\355\356\272\206\022\251hvE;\325\367\240*"
 266      EDEEBA86 
 266      12A96876 
 266      453BD5F7 
 266      A02A
 267 03a6 9C6856D0 		.ascii	"\234hV\320\3404\3228x\255\001r \016A\345'k\334V\025"
 267      E034D238 
 267      78AD0172 
 267      200E41E5 
 267      276BDC56 
 268 03bb 1BA0C63F 		.ascii	"\033\240\306?v%\305v\250\330\227\032\312\015Z\030\306"
 268      7625C576 
 268      A8D8971A 
 268      CA0D5A18 
 268      C6
 269 03cc 86D801B1 		.ascii	"\206\330\001\261\302\321\037\230\330gD\016W\344\266"
 269      C2D11F98 
 269      D867440E 
 269      57E4B6
 270 03db FEC486A9 		.ascii	"\376\304\206\251\304j?8\322mW\211\231\340\314\300\304"
 270      C46A3F38 
 270      D26D5789 
 270      99E0CCC0 
 270      C4
 271 03ec 86232E30 		.ascii	"\206#.0\330a\0126\\\005\353i\270l\340F\250`\3676\256"
 271      D8610A36 
 271      5C05EB69 
 271      B86CE046 
 271      A860F736 
 272 0401 7D205530 		.ascii	"} U0\013\324\016\0146\022q\010:\330~\357\240Y\251\014"
 272      0BD40E0C 
 272      36127108 
 272      3AD87EEF 
 272      A059A90C 
 273 0415 87B3FEB1 		.ascii	"\207\263\376\261\313(\366Hz/l\036\305\036u\016\354Z"
 273      CB28F648 
 273      7A2F6C1E 
 273      C51E750E 
 273      EC5A
 274 0427 7BE29C85 		.ascii	"{\342\234\205\030x`\300\347\274]6\341\367\003\277n\362"
ARM GAS  /tmp/ccjLFx4D.s 			page 22


 274      187860C0 
 274      E7BC5D36 
 274      E1F703BF 
 274      6EF2
 275 0439 3A68BC76 		.ascii	":h\274v\371\322,\270\315\371\231T\233\205\353\252\315"
 275      F9D22CB8 
 275      CDF99954 
 275      9B85EBAA 
 275      CD
 276 044a 3328559B 		.ascii	"3(U\233WJSm\254\212|\011*\321\342\246\225*\323Q\350"
 276      574A536D 
 276      AC8A7C09 
 276      2AD1E2A6 
 276      952AD351 
 277 045f E205B806 		.ascii	"\342\005\270\006\271M\325'\301\360b*\207~\254|\350P"
 277      B94DD527 
 277      C1F0622A 
 277      877EAC7C 
 277      E850
 278 0471 C90BF842 		.ascii	"\311\013\370B\355\334\373\000\371\362\011M\344\313$"
 278      EDDCFB00 
 278      F9F2094D 
 278      E4CB24
 279 0480 47D7D5F3 		.ascii	"G\327\325\363p\0374,\004\255\353\223f\364\247:\216\264"
 279      701F342C 
 279      04ADEB93 
 279      66F4A73A 
 279      8EB4
 280 0492 36A04BE2 		.ascii	"6\240K\342\372iye\344Jv\234mA\217\216\213\242\355/C"
 280      FA697965 
 280      E44A769C 
 280      6D418F8E 
 280      8BA2ED2F 
 281 04a7 C7424757 		.ascii	"\307BGW\213\007=&\234Y\255\2211)\216<\246\231I\257\226"
 281      8B073D26 
 281      9C59AD91 
 281      31298E3C 
 281      A69949AF 
 282 04bc F729F916 		.ascii	"\367)\371\0269\032[\217\003J\327\305\372\030U\235\227"
 282      391A5B8F 
 282      034AD7C5 
 282      FA18559D 
 282      97
 283 04cd 9A0A35BF 		.ascii	"\232\0125\277\003\027w.mY\332\246\264?\371\214\305\203"
 283      0317772E 
 283      6D59DAA6 
 283      B43FF98C 
 283      C583
 284 04df A58EB27F 		.ascii	"\245\216\262\177\022\247\310\177\211,\270D\365j\211"
 284      12A7C87F 
 284      892CB844 
 284      F56A89
 285 04ee F2DC0D21 		.ascii	"\362\334\015!\012\024\2018\377o\275\005t8\247@w\334"
 285      0A148138 
 285      FF6FBD05 
 285      7438A740 
 285      77DC
ARM GAS  /tmp/ccjLFx4D.s 			page 23


 286 0500 1B4C0AF4 		.ascii	"\033L\012\364\024/e\204Z7\364\320\260\350U\240\266\246"
 286      142F6584 
 286      5A37F4D0 
 286      B0E855A0 
 286      B6A6
 287 0512 3F2AD468 		.ascii	"?*\324hx1\222V\305\003\253\333\327\355\223\3129\006"
 287      78319256 
 287      C503ABDB 
 287      D7ED93CA 
 287      3906
 288 0524 FD3E5E15 		.ascii	"\375>^\025\361\306\250\014z\232*@a\"U\242\375;\306\202"
 288      F1C6A80C 
 288      7A9A2A40 
 288      612255A2 
 288      FD3BC682 
 289 0538 3BE64B6F 		.ascii	";\346Ko\016\036#\320\323X\367\010\015\214>\026\375\276"
 289      0E1E23D0 
 289      D358F708 
 289      0D8C3E16 
 289      FDBE
 290 054a E82728FA 		.ascii	"\350'(\372XE\333ri\245\202<\343_\200V,\300\363\020I"
 290      5845DB72 
 290      69A5823C 
 290      E35F8056 
 290      2CC0F310 
 291 055f 5A02E244 		.ascii	"Z\002\342D!\316\027\347$\305\211B\304\211#\036\317\332"
 291      21CE17E7 
 291      24C58942 
 291      C489231E 
 291      CFDA
 292 0571 700579CE 		.ascii	"p\005y\316\277,%\037\364\017j\316\256\267\027@\376*"
 292      BF2C251F 
 292      F40F6ACE 
 292      AEB71740 
 292      FE2A
 293 0583 BC47E1C7 		.ascii	"\274G\341\3071$_>\013_Q\205`\3377\355\355\325vg\261"
 293      31245F3E 
 293      0B5F5185 
 293      60DF37ED 
 293      EDD57667 
 294 0598 2B771575 		.ascii	"+w\025u\331\340\002\024\300_\370~\005\027\301I\243\367"
 294      D9E00214 
 294      C05FF87E 
 294      0517C149 
 294      A3F7
 295 05aa BA1F1A6B 		.ascii	"\272\037\032k\360\2741'\335\375\2532\016\307C?9;\335"
 295      F0BC3127 
 295      DDFDAB32 
 295      0EC7433F 
 295      393BDD
 296 05bd B5A1CA49 		.ascii	"\265\241\312I\345\214]\224\327\256\332\211\344\033\220"
 296      E58C5D94 
 296      D7AEDA89 
 296      E41B90
 297 05cc 43E1EFC5 		.ascii	"C\341\357\305c\262\370\332\227\305\277\301\211!\225"
 297      63B2F8DA 
 297      97C5BFC1 
ARM GAS  /tmp/ccjLFx4D.s 			page 24


 297      892195
 298 05db C89B5E91 		.ascii	"\310\233^\2211\203T\365\015\307\003\212\367\255W\325"
 298      318354F5 
 298      0DC7038A 
 298      F7AD57D5 
 299 05eb 0623DD17 		.ascii	"\006#\335\027\214\265\350v{\014U\343q\000\364+U\015"
 299      8CB5E876 
 299      7B0C55E3 
 299      7100F42B 
 299      550D
 300 05fd 066C026E 		.ascii	"\006l\002nX\354\032\212\252\006_\026\215\244j\202Ru"
 300      58EC1A8A 
 300      AA065F16 
 300      8DA46A82 
 300      5275
 301 060f CBAB2A76 		.ascii	"\313\253*v\220\252\2328\236F\361\276cUt\244\031\032"
 301      90AA9A38 
 301      9E46F1BE 
 301      635574A4 
 301      191A
 302 0621 26B2B058 		.ascii	"&\262\260X\245\241\322\320\020\207\007\020v\015E\303"
 302      A5A1D2D0 
 302      10870710 
 302      760D45C3 
 303 0631 25DF98DF 		.ascii	"%\337\230\337\223\2068:\211\032\253[\016\276\244\206"
 303      9386383A 
 303      891AAB5B 
 303      0EBEA486 
 304 0641 08E51D21 		.ascii	"\010\345\035!\370 4\211N\233\304\356s\325\275\007\247"
 304      F8203489 
 304      4E9BC4EE 
 304      73D5BD07 
 304      A7
 305 0652 A96E1AB0 		.ascii	"\251n\032\260\366\354\356\217\354\352\320\264\300\017"
 305      F6ECEE8F 
 305      ECEAD0B4 
 305      C00F
 306 0660 FD68B338 		.ascii	"\375h\2638j\222<!\235{\215\011\2314\310\011\271\314"
 306      6A923C21 
 306      9D7B8D09 
 306      9934C809 
 306      B9CC
 307 0672 C9F11DAE 		.ascii	"\311\361\035\256\331\273\314\336E\235\254\266\212\337"
 307      D9BBCCDE 
 307      459DACB6 
 307      8ADF
 308 0680 14C5E300 		.ascii	"\024\305\343\000\350\017\234\242)|\212\304\253)\212"
 308      E80F9CA2 
 308      297C8AC4 
 308      AB298A
 309 068f 0B3645EF 		.ascii	"\0136E\357<n\212\256\370\262\270JS4\205\345Y\372\345"
 309      3C6E8AAE 
 309      F8B2B84A 
 309      533485E5 
 309      59FAE5
 310 06a2 7579E5BD 		.ascii	"uy\345\275<Hy\3278\260N\201\257\017\224\367\312#\362"
 310      3C4879D7 
ARM GAS  /tmp/ccjLFx4D.s 			page 25


 310      38B04E81 
 310      AF0F94F7 
 310      CA23F2
 311 06b5 A6E200E8 		.ascii	"\246\342\000\350\017\2247\215\345M\035\212\274\026_"
 311      0F94378D 
 311      E54D1D8A 
 311      BC165F
 312 06c4 16AD246F 		.ascii	"\026\255$o\032\313\263\322Z\263\274\237N\031\362\246"
 312      1ACBB3D2 
 312      5AB3BC9F 
 312      4E19F2A6 
 313 06d4 0F52DE0D 		.ascii	"\017R\336\015\016l\242\300\036o9{\345\275\312\345<="
 313      0E6CA2C0 
 313      1E6F397B 
 313      E5BDCAE5 
 313      3C3D
 314 06e6 704BCEC0 		.ascii	"pK\316\300o%v)1\316`bV<N\314M\337\230\267H\314\014\026"
 314      6F257629 
 314      31CE6062 
 314      563C4ECC 
 314      4DDF98B7 
 315 06fe 1322B645 		.ascii	"\023\"\266E*1\353k\01413\007)\346G_\340\266\201bf\261"
 315      2A31EB6B 
 315      0C313307 
 315      29E6475F 
 315      E0B68162 
 316 0714 98998162 		.ascii	"\230\231\201bf\263\230YC\021\363\037\337\230\267I\314"
 316      66B39859 
 316      4311F31F 
 316      DF98B749 
 316      CC
 317 0725 6CC19BAF 		.ascii	"l\301\233\257\276\302\273\371\374v\233M\254\017S\022"
 317      BEC2BBF9 
 317      FC769B4D 
 317      AC0F5312 
 318 0735 37161912 		.ascii	"7\026\031\022_\033\244\304;\276:\277;\260\034\347<R"
 318      5F1BA4C4 
 318      3BBE3ABF 
 318      3BB01CE7 
 318      3C52
 319 0747 8E093800 		.ascii	"\216\0118\000\372\003\313q.\227c\302P\312\261\335\227"
 319      FA03CB71 
 319      2E9763C2 
 319      50CAB1DD 
 319      97
 320 0758 4507899E 		.ascii	"E\007\211\236\313\362B\373\345m\366\312\2337Hy\367|"
 320      CBF242FB 
 320      E56DF6CA 
 320      9B374879 
 320      F77C
 321 076a 757E7FA0 		.ascii	"u~\177\240\274\371\217\310K\304\001\320\037(o\001\313"
 321      BCF98FC8 
 321      4BC401D0 
 321      1F286F01 
 321      CB
 322 077b 4B1C8ABC 		.ascii	"K\034\212\274\377\372\262x@\362\026\260<;_1\325U\367"
 322      FFFAB278 
ARM GAS  /tmp/ccjLFx4D.s 			page 26


 322      40F216B0 
 322      3C3B5F31 
 322      D555F7
 323 078e EE327509 		.ascii	"\3562u\011L\242\253\341\213~\227V\276@&\251\363\371"
 323      4CA2ABE1 
 323      8B7E9756 
 323      BE4026A9 
 323      F3F9
 324 07a0 74E52403 		.ascii	"t\345$\003\345\177=\320\361\252\330\331_\022\016\261"
 324      E57F3DD0 
 324      F1AAD8D9 
 324      5F120EB1 
 325 07b0 B98683DE 		.ascii	"\271\206\203\336q\027w\030\277-\222\361[\036\020\224"
 325      71177718 
 325      BF2D92F1 
 325      5B1E1094 
 326 07c0 6FABC9EA 		.ascii	"o\253\311\352\356r\254#G\241\026\342\267\221\177;"
 326      EE72AC23 
 326      47A116E2 
 326      B7917F3B 
 327 07d0 04DEEC17 		.ascii	"\004\336\354\027*X]G\232\202\245\340\347'\020\306w\342"
 327      2A585D47 
 327      9A82A5E0 
 327      E72710C6 
 327      77E2
 328 07e2 1405FB3A 		.ascii	"\024\005\373:[\241Rq#\004\242\370V\234J\250]\356\266"
 328      5BA15271 
 328      2304A2F8 
 328      569C4AA8 
 328      5DEEB6
 329 07f5 8E37156C 		.ascii	"\2167\025l\221\372\230\034^\367E\251M}L\000\036\372"
 329      91FA981C 
 329      5EF745A9 
 329      4D7D4C00 
 329      1EFA
 330 0807 B3F8EEBD 		.ascii	"\263\370\356\275\210\225\205\321\217\2466\274\274\267"
 330      889585D1 
 330      8FA636BC 
 330      BCB7
 331 0815 BE6F5137 		.ascii	"\276oQ7OA?\251\000\335\370%\233\032\027\347\234\263"
 331      4F413FA9 
 331      00DDF825 
 331      9B1A17E7 
 331      9CB3
 332 0827 6CF95BCB 		.ascii	"l\371[\313S^wfd;\227-Nsffd\345d;_\377e\362\224xgRR\202"
 332      535E7766 
 332      643B972D 
 332      4E736666 
 332      64E5643B 
 333 0845 735E6A62 		.ascii	"s^jb\312\212x\352\372U&>iiK\342~-tB\351\351\213\263"
 333      CA8A78EA 
 333      FA55263E 
 333      69694BE2 
 333      7E2D7442 
 334 085d 7FA7A767 		.ascii	"\177\247\247g,Y*\337Z\236\243/N\313\3112e\376!sI\226"
 334      2C592ADF 
 334      5A9EA32F 
ARM GAS  /tmp/ccjLFx4D.s 			page 27


 334      4ECBC932 
 334      65FE2173 
 335 0873 25233B73 		.ascii	"%#;s\351\322%Y\346\214\234\2673\227f\231\010\222e\245"
 335      E9D22559 
 335      E68C9CB7 
 335      33976699 
 335      089265A5 
 336 0887 7E6268E9 		.ascii	"~bh\351\223\265\364x-\375\245\377\001;\335\375\372"
 336      93B5F478 
 336      2DFDA5FF 
 336      013BDDFD 
 336      FA
 337              		.text
 338              		.section	.gnu.lto_.symbol_nodes.e768a1a24e336111,"",%progbits
 339 0000 789C6365 		.ascii	"x\234ce`bPc\000\002\246iL\365\014\014\023\31610\000"
 339      60625063 
 339      0002A669 
 339      4CF50C0C 
 339      13CE3130 
 340 0015 A95D0D8E 		.ascii	"\251]\015\216@\221\351L\365\214(\"\014\000\267\341\011"
 340      4091E94C 
 340      F58C2822 
 340      0C00B7E1 
 340      09
 341 0026 12       		.ascii	"\022"
 342              		.text
 343              		.section	.gnu.lto_.refs.e768a1a24e336111,"",%progbits
 344 0000 789C6365 		.ascii	"x\234ce`b`d\000\002\000\000I\000\011"
 344      60626064 
 344      00020000 
 344      490009
 345              		.text
 346              		.section	.gnu.lto_.decls.e768a1a24e336111,"",%progbits
 347 0000 789CCD59 		.ascii	"x\234\315YkPTI\226\256\274YU\024\305C\003\335\0157\242"
 347      6B505449 
 347      96AEBC59 
 347      5514C543 
 347      03DD0D37 
 348 0015 63C735D8 		.ascii	"c\3075\330nvc\264\204vz6vgv[\001\305mz$\012\247g\346"
 348      6E7663B4 
 348      84767A36 
 348      7667765B 
 348      01C56D7A 
 349 002e 17410BB6 		.ascii	"\027A\013\266D+0P\356:\377.\017y#\017EA\324V\300\026"
 349      442B3050 
 349      EE3AFF2E 
 349      0F79230F 
 349      4541D456 
 350 0044 1A141B1B 		.ascii	"\032\024\033\033\024\001\245\021\220\207 \015\210\200"
 350      1401A511 
 350      9087200D 
 350      8880
 351 0052 80080A8A 		.ascii	"\200\010\012\212\210<\032y\210\272'3oQY\267\212\230"
 351      883C1A79 
 351      88BA2733 
 351      6F5159B7 
 351      8A98
ARM GAS  /tmp/ccjLFx4D.s 			page 28


 352 0064 9EDDFD31 		.ascii	"\236\335\3751WOe\236\314/O\236s\362d\346\271\027\225"
 352      574F659E 
 352      CC2F4F9E 
 352      73F264E6 
 352      B91795
 353 0077 4250FCD3 		.ascii	"BP\374\323\317\024\2121\254P\374\036)\024\357\340\201"
 353      CF148A31 
 353      AC50FC1E 
 353      2914EFE0 
 353      81
 354 0088 AAE2A2C2 		.ascii	"\252\342\242\302\364\010@\223@\277@\012\213\347\021"
 354      F4084093 
 354      40BF400A 
 354      8BE711
 355 0097 B4AD82F2 		.ascii	"\264\255\202\3623 '\240\265@\317\201>\000J\206\276$"
 355      332027A0 
 355      B540CF81 
 355      3E004A86 
 355      BE24
 356 00a9 A037504F 		.ascii	"\2407PO\201r\014\312T(u@G\200\322\2006\002\255\203\366"
 356      81720CCA 
 356      54287540 
 356      4780D280 
 356      3602AD83 
 357 00be 0828FF08 		.ascii	"\010(\377\010\324\017\365&\240\237A\275\001Jg(\353\241"
 357      D40FF526 
 357      A09F41BD 
 357      014A6728 
 357      EBA1
 358 00d0 7481F236 		.ascii	"t\201\3626\224\377\014e3\224\377\000e-\224\033\240\254"
 358      94FF0C65 
 358      3394FF00 
 358      652D941B 
 358      A0AC
 359 00e2 23F34139 		.ascii	"#\363A9H\364\001z\0104\0004\014\364\030h\204\263\341"
 359      48F4017A 
 359      08340034 
 359      0CF41868 
 359      84B3E1
 360 00f5 B8151BBE 		.ascii	"\270\025\033\276\204N;\231\015n\200\233\207r\006\250"
 360      844E3B99 
 360      0D6E809B 
 360      877206A8 
 361 0105 42B2C747 		.ascii	"B\262\307G\301\364%\366\250%\035\211~D7\242\017\321"
 361      C1F425F6 
 361      A8251D89 
 361      7E4437A2 
 361      0FD1
 362 0117 85E88156 		.ascii	"\205\350\201V\360\325\011\214\312b\353O\333\017\240"
 362      F0D5098C 
 362      CA62EB4F 
 362      DB0FA0
 363 0126 3E0453A2 		.ascii	">\004S\242\325\264\025!\366\213(Q\366\235\361A\210\266"
 363      D5B41521 
 363      F68B2851 
 363      F69DF141 
 363      88B6
ARM GAS  /tmp/ccjLFx4D.s 			page 29


 364 0138 43ABA090 		.ascii	"C\253\240\220\004\033\233\220q\204\304\013\022+H\"\351"
 364      041B9B90 
 364      7184C40B 
 364      122B4822 
 364      E9
 365 0149 7F6930E2 		.ascii	"\177i0\342$\262n6\223\361Q08\323D\201\330?*N0M\200\020"
 365      24B26E36 
 365      93F15130 
 365      38D34481 
 365      D83F2A4E 
 366 0161 3F8013C8 		.ascii	"?\200\023\310\324\226\372\227\365S\230\214CF\353\307"
 366      D496FA97 
 366      F553988C 
 366      4346EBC7 
 367 0171 9366BE52 		.ascii	"\223f\276R>D\375\010\331)\316~\214h\3337EYOl\261\200"
 367      3E44FD08 
 367      D929CE7E 
 367      8C68DB37 
 367      45594F6C 
 368 0187 48FDE142 		.ascii	"H\375\341B\376\366ME\"{4.&\267\375\020}\371\024>\202"
 368      FEF64D45 
 368      227B342E 
 368      26B7FD10 
 368      7DF9143E 
 369 019c 91931629 		.ascii	"\221\223\026)\201\235j99\354\010\354Z-Z\017\354\345"
 369      819D6A39 
 369      39EC08EC 
 369      5A2D5A0F 
 369      ECE5
 370 01ae CAE8178E 		.ascii	"\312\350\027\216\254\267\032\001\177\255\352\205\033"
 370      ACB71A01 
 370      7FADEA85 
 370      1B
 371 01bb 63DF03EE 		.ascii	"c\337\003\356z\377T\265\035\003\017\222\336\231\374"
 371      7AFF54B5 
 371      1D030F92 
 371      DE99FC
 372 01ca 92331AD6 		.ascii	"\2223\032\326\235O\370go\352\237\253\360\337Q\005&\242"
 372      9D4FF867 
 372      6FEA9FAB 
 372      F0DF5105 
 372      26A2
 373 01dc 9F0CDAB1 		.ascii	"\237\014\332\261\276u\300\266O\3369-\261\253\201\355"
 373      BE75C0B6 
 373      4FDE392D 
 373      B1AB81ED 
 374 01ec 8B8F39A3 		.ascii	"\213\2179\243\306\353)\262\277\241\240\220h\364\201"
 374      C6EB29B2 
 374      BFA1A090 
 374      68F481
 375 01fb 16112FAC 		.ascii	"\026\021/\254\202\246\342\361\362\005\007\326D\020\355"
 375      82A6E2F1 
 375      F20507D6 
 375      4410ED
 376 020a 29D37936 		.ascii	")\323y6\370\037I]\310j\272_\243D.\332\257\211a\325\267"
 376      F81F495D 
 376      C86ABA5F 
ARM GAS  /tmp/ccjLFx4D.s 			page 30


 376      A3442EDA 
 376      AF8961D5 
 377 021f 5F7D9016 		.ascii	"_}\220\026+\212\002*GZt\025\201\017\320&\342\246\017"
 377      2B8A022A 
 377      475A7415 
 377      810FD026 
 377      E2A60F
 378 0232 B4F01B27 		.ascii	"\264\360\033'\212\221bj\224h\353\245@E\350=T\210\336"
 378      8A91626A 
 378      9468EBA5 
 378      4045E83D 
 378      5488DE
 379 0245 53A06BC8 		.ascii	"S\240k\310\205\210%8T\006\215\245\320\010S\024\344\245"
 379      85882538 
 379      54068DA5 
 379      D0085314 
 379      E4A5
 380 0257 E5A87106 		.ascii	"\345\250q\006\242s\324\337x\320\255DZ\027\253\002*\255"
 380      A273D4DF 
 380      78D0AD44 
 380      5A17AB02 
 380      2AAD
 381 0269 0860CACC 		.ascii	"\010`\312\314\025n\250?L\224\251\000e\256\233\224\001"
 381      156EA83F 
 381      4C94A900 
 381      65AE9B94 
 381      01
 382 027a DD98EF87 		.ascii	"\335\230\357\207\256\367E\010x\236N\202NV\374\330\244"
 382      AEF74508 
 382      789E4E82 
 382      4E56FCD8 
 382      A4
 383 028b 621ED100 		.ascii	"b\036\321\000\373\362h]\213\200\227X\337HwT\226\032"
 383      FBF2685D 
 383      8B809758 
 383      DF487754 
 383      961A
 384 029d 47B2A54C 		.ascii	"G\262\245L}\323#\252q\002c\222_\316\237S\3424\306\364"
 384      7DD323AA 
 384      71026392 
 384      5FCE9F53 
 384      E234C6F4 
 385 02b1 44CD7539 		.ascii	"D\315u9\340\023\224\261\215)\276\366\235=r&\317\032"
 385      E01394B1 
 385      8D29BEF6 
 385      9D3D7226 
 385      CF1A
 386 02c3 6767971C 		.ascii	"gg\227\034\242{\365h\363\317\033\246\037\213b\272=U"
 386      A27BF568 
 386      F3CF1BA6 
 386      1F8B62BA 
 386      3D55
 387 02d5 EA1628D5 		.ascii	"\352\026(\325\210\326\230\214)\201\037\005r\205\037"
 387      88D6988C 
 387      29811F05 
 387      72851F
 388 02e4 051BB0F8 		.ascii	"\005\033\260\370\357Ybu4\246\350\0329Z'\003\217\375"
ARM GAS  /tmp/ccjLFx4D.s 			page 31


 388      EF596275 
 388      34A6E81A 
 388      395A2703 
 388      8FFD
 389 02f6 87097C53 		.ascii	"\207\011|S\016\276AE\027!N6\007\257\222\303\257\310"
 389      0EBE4145 
 389      17214E36 
 389      07AF92C3 
 389      AFC8
 390 0308 35E9E5D0 		.ascii	"5\351\345\320\325\326\205St\032\361}\252(~\254T\240"
 390      D5D68553 
 390      741AF17D 
 390      AA287EAC 
 390      54A0
 391 031a 62E8BF44 		.ascii	"b\350\277D\273\010\032\334\217\356\300j\325!g\324\004"
 391      BB081ADC 
 391      8FEEC06A 
 391      D52167D4 
 391      04
 392 032b D400540F 		.ascii	"\324\000T\017t\033\250\031\250\0269\323]\301\346k\342"
 392      741BA819 
 392      A81639D3 
 392      5DC1E66B 
 392      E2
 393 033c E6FBDEAA 		.ascii	"\346\373\336\252\345\274-M^&\364w\326map\026\032\023"
 393      E5BC2D4D 
 393      5E26F477 
 393      D66D6170 
 393      161A13
 394 034f 379C2244 		.ascii	"7\234\"D\021\021\230B\012\013i?\336|\033\335\246\306"
 394      11119842 
 394      0A0B693F 
 394      DE7C1BDD 
 394      A6C6
 395 0361 9D740D85 		.ascii	"\235t\015\205\274\204;e\032\264\306\305\232M\350.\230"
 395      BC843B65 
 395      1AB4C6C5 
 395      9A4DE82E 
 395      98
 396 0372 F29798C5 		.ascii	"\362\227\230\305f\036iP\303\001\200Za`\213)$\211\036"
 396      661E6950 
 396      C301805A 
 396      61608B29 
 396      24891E
 397 0385 74FAA296 		.ascii	"t\372\242\226\333}\322q\020G\266p\307\\[\254\026\217"
 397      DB7DD271 
 397      1047B670 
 397      C75C5BAC 
 397      168F
 398 0397 B2F87AF7 		.ascii	"\262\370z\367\254'\327\226uN\022>\241\364h\356*<\301"
 398      AC27D796 
 398      754E123E 
 398      A1F468EE 
 398      2A3CC1
 399 03aa 3A3B46CE 		.ascii	":;F\316E\333\263\3166\302\037I\271\362\255\026\317\262"
 399      45DBB3CE 
 399      36C21F49 
ARM GAS  /tmp/ccjLFx4D.s 			page 32


 399      B9F2AD16 
 399      CFB2
 400 03bc CEFC9153 		.ascii	"\316\374\221SG\244\316\177\001\266\264\345\332\200\012"
 400      47A4CE7F 
 400      01B6B4E5 
 400      DA800A
 401 03cb 2FB1BEBE 		.ascii	"/\261\276\276\351\256X;\034\205)S\274t\354\002\0047"
 401      E9AE583B 
 401      1C852953 
 401      BC74EC02 
 401      0437
 402 03dd 638CE78B 		.ascii	"c\214\347\213\223t\276,\214g\336\323\260\363Ft\004>"
 402      9374BE2C 
 402      8C67DED3 
 402      B0F34674 
 402      043E
 403 03ef F1704ABC 		.ascii	"\361pJ\274\015N\243`\355\320\324\223\034\255)\336\235"
 403      0D4EA360 
 403      EDD0D493 
 403      1CAD29DE 
 403      9D
 404 0400 73A8B9F5 		.ascii	"s\250\271\365MNGE\261a35\270\007\014\036\202r\331\205"
 404      4D4E4745 
 404      B1613335 
 404      B8070C1E 
 404      8272D985 
 405 0414 66010CE8 		.ascii	"f\001\014\350\032\357\010\272\212\004\334!\007\267#"
 405      1AEF08BA 
 405      8A04DC21 
 405      07B723
 406 0423 197AE813 		.ascii	"\031z\350\023\023\372\236\034\335i\036\356\004\376\237"
 406      13FA9E1C 
 406      DD691EEE 
 406      04FE9F
 407 0432 2678B71C 		.ascii	"&x\267\034^b\001\257\341\244\337\227\303\273\254\307"
 407      5E6201AF 
 407      E1A4DF97 
 407      C3BBACC7 
 408 0442 FB03E8EF 		.ascii	"\373\003\350\357\245]CR`<\201\300\350\207 \030\004z"
 408      A55D4352 
 408      603C81C0 
 408      E8872018 
 408      047A
 409 0454 04F41068 		.ascii	"\004\364\020h\000h\030\3501\320\210)\346\211\212\234"
 409      006818E8 
 409      31D08829 
 409      E6898A9C 
 410 0464 FD3FC8E7 		.ascii	"\375?\310\347l\263T\361S\023\374[9\374\262IE)\346\033"
 410      6CB354F1 
 410      5313FC5B 
 410      39FCB249 
 410      4529E61B 
 411 0478 59CC0F99 		.ascii	"Y\314\017\231\307<\0235\322\302\255S\237\\\326EnjX\367"
 411      C73C1335 
 411      D2C2AD53 
 411      9F5CD645 
 411      6E6A58F7 
ARM GAS  /tmp/ccjLFx4D.s 			page 33


 412 048c EF17C60F 		.ascii	"\357\027\306\017\257\302\231t\335\205\244\330\370\213"
 412      AFC29974 
 412      DD85A4D8 
 412      F88B
 413 049a 027259C3 		.ascii	"\002rY\303&\351\272K\303\373\031\214\0365\205\367\020"
 413      26E9BA4B 
 413      C3FB198C 
 413      1E3585F7 
 413      10
 414 04ab 0D6F6B9E 		.ascii	"\015ok\236BO\301A\177\251\263@\205\256\332\274\034\355"
 414      424FC141 
 414      7FA9B340 
 414      85AEDABC 
 414      1CED
 415 04bd 1A4962DC 		.ascii	"\032Ib\334J\022\025?U\\M\356\345f\007\373\204\345\373"
 415      4A12153F 
 415      555C4DEE 
 415      E56607FB 
 415      84E5FB
 416 04d0 058D71E7 		.ascii	"\005\215q\347\207\002=G\366\022\360\360\364\305\004"
 416      87023D47 
 416      F612F0F0 
 416      F4C504
 417 04df A552606D 		.ascii	"\245R`m\350s%i\253{7W\275\212m\023\201\273Z\327\262"
 417      E8732569 
 417      AB7B3757 
 417      BD8A6D13 
 417      81BB5AD7 
 418 04f4 AB35A3FC 		.ascii	"\2535\243\374\272\350\260\3568\275\370\243\304\325\002"
 418      BAE8B0EE 
 418      38BDF8A3 
 418      C4D502
 419 0503 FAEC6FD1 		.ascii	"\372\354o\321\004H~A%\277D\220\"\242q\244\224\322\210"
 419      04487E41 
 419      25BF4490 
 419      22A271A4 
 419      94D288
 420 0516 B498329B 		.ascii	"\264\2302\233\015g\305\263\203b\365\375\361\365\331"
 420      0D67C5B3 
 420      8362F5FD 
 420      F1F5D9
 421 0525 4531621B 		.ascii	"E1b\033\214\373\230\002Q\201\311\243P\205\337|\260\011"
 421      8CFB9802 
 421      5181C9A3 
 421      5085DF7C 
 421      B009
 422 0537 5D00A314 		.ascii	"]\000\243\024h\022m\200\361/\316G\035]\205{\331\366"
 422      68126D80 
 422      F12FCE47 
 422      1D5D857B 
 422      D9F6
 423 0549 FDA6A560 		.ascii	"\375\246\245`I\211'\3312%\327\234\032\267_\351\016\375"
 423      498927D9 
 423      3225D79C 
 423      1AB75FE9 
 423      0EFD
 424 055b 71C53B74 		.ascii	"q\305;t\264ysw\247(\256G3p\260N\233\346\2570\336\241"
ARM GAS  /tmp/ccjLFx4D.s 			page 34


 424      B4797377 
 424      A728AE47 
 424      3370B04E 
 424      9BE6AF30 
 425 0571 D753CECF 		.ascii	"\327S\316\317c\352\020\202`\016\211\256}\225\346\200"
 425      63EA1082 
 425      600E89AE 
 425      7D95E680 
 426 0581 17D8C447 		.ascii	"\027\330\304G\352n/\250\226\023\204\305]$<\346\001\372"
 426      EA6E2FA8 
 426      961384C5 
 426      5D243CE6 
 426      01FA
 427 0593 4A2ECCAA 		.ascii	"J.\314\252fs\326\323\203\331\330'\255\210\316JD\315"
 427      6673D6D3 
 427      83D9D827 
 427      AD88CE4A 
 427      44CD
 428 05a5 223A6DF6 		.ascii	"\":m\366L\3773\351xt\341R)'\226J\315\237{\234.\340\030"
 428      4CFF33E9 
 428      7874E152 
 428      2927964A 
 428      CD9F7B9C 
 429 05bc 25754D5C 		.ascii	"%uM\\\321\221[X\033GV\344\247\344\023$\023{wl\320\001"
 429      D1915B58 
 429      1B4756E4 
 429      A7E41324 
 429      137B776C 
 430 05d2 27B2E117 		.ascii	"'\262\341\027\347\037\226\251p*c\222\217\325\324(q\006"
 430      E71F96A9 
 430      702A6392 
 430      8FD5D428 
 430      7106
 431 05e4 6372B3D2 		.ascii	"cr\263\322bU\370$c\012\322S/k\361)\306d~s\177\321\026"
 431      6255F824 
 431      630AD253 
 431      2F6BF129 
 431      C6647E73 
 432 05fb 9F61CCF9 		.ascii	"\237a\314\371\305\327\223\344\230\177\237\344X\230\313"
 432      C5D793E4 
 432      987F9FE4 
 432      5898CB
 433 060a B0DE6719 		.ascii	"\260\336g\031\326\315\346\306\257\355q\036\005\013\251"
 433      D6CDE6C6 
 433      AFED711E 
 433      050BA9
 434 0619 E70A136D 		.ascii	"\347\012\023m\215K\007\032\253\\\024\313\021\204\342"
 434      8D4B071A 
 434      AB5C14CB 
 434      1184E2
 435 0628 04173288 		.ascii	"\004\0272\210\252{Xx\017E\013\306\245\273]\366\367\345"
 435      AA7B5878 
 435      0F450BC6 
 435      A5BB5DF6 
 435      F7E5
 436 063a A2B81AC5 		.ascii	"\242\270\032\305\012Z\024#,;\373}i\341n\244=\030\321"
 436      0A5A1423 
ARM GAS  /tmp/ccjLFx4D.s 			page 35


 436      2C3BFB7D 
 436      69E16EA4 
 436      3D18D1
 437 064d E26236C5 		.ascii	"\342b6\305R\324\361\227\246,n\256\320\255\226&N\211"
 437      52D4F197 
 437      A62C6EAE 
 437      D0AD9626 
 437      4E89
 438 065f 3034DE34 		.ascii	"04\3364\024$\031\327I\256F\202\0255`\222\310\371\234"
 438      142419D7 
 438      49AE4682 
 438      15356092 
 438      C8F99C
 439 0672 4A0DBE46 		.ascii	"J\015\276F'Q\316\274J\352\325\"r9,\237\004\202\202\333"
 439      2751CEBC 
 439      4AEAD522 
 439      72392C9F 
 439      048282DB 
 440 0686 65C9023B 		.ascii	"e\311\002;\006RAV\212\340\214\216\010|>0\332\354\\5"
 440      06524156 
 440      8AE08C8E 
 440      087C3E30 
 440      DAEC5C35 
 441 069a 3D288A09 		.ascii	"=(\212\011\366T\255(P\213\014X\326\200\336%\023\\JP"
 441      F654AD28 
 441      508B0C58 
 441      D680DE25 
 441      135C4A50 
 442 06ae F3EB4CB1 		.ascii	"\363\353L\261:\022St\222U4w8\276\255\324\222\300\004"
 442      3A125374 
 442      92553477 
 442      38BEADD4 
 442      92C004
 443 06c1 8C793EA0 		.ascii	"\214y>\240\354\034\230HG\310y\255\361B\353\252r\214"
 443      EC1C9848 
 443      47C879AD 
 443      F142EBAA 
 443      728C
 444 06d3 A06289B8 		.ascii	"\240b\211\270H\020\233.\254\265\226\221\245S\023\243"
 444      48109B2E 
 444      ACB59691 
 444      A55313A3 
 445 06e3 E8616732 		.ascii	"\350ag2\221\200\211\211G\301\304c`b\232\300\347\006"
 445      91808989 
 445      47C1C463 
 445      60629AC0 
 445      E706
 446 06f5 1395EBE8 		.ascii	"\023\225\353\350\011\015(\331\011\015\346\274\252t:"
 446      090D28D9 
 446      090DE6BC 
 446      AA743A
 447 0704 1A454E68 		.ascii	"\032ENh\222\342D\254<1x}\272\262\371\216\260\0264\210"
 447      92E244AC 
 447      3C31787D 
 447      BAB2F98E 
 447      B0163488 
 448 0718 58510385 		.ascii	"XQ\003\205\331\364d\317\336\272Wj\217+Yx>i.\216\324"
ARM GAS  /tmp/ccjLFx4D.s 			page 36


 448      D9F464CF 
 448      DEBA576A 
 448      8F2B5978 
 448      3E692E8E 
 449 072d E06AC69C 		.ascii	"\340j\306\234i\271\324\254\302\265\214\251(\274\324"
 449      69B9D4AC 
 449      C2B58CA9 
 449      28BCD4
 450 073c 2EE026C6 		.ascii	".\340&\306\024\225O&\"\334\316\230\251\330b\003\356"
 450      14954F26 
 450      22DCCE98 
 450      A9D86203 
 450      EE
 451 074d 61F5E8D3 		.ascii	"a\365\350\323\251w\005\266\365~\016\354\361\370S\203"
 451      A97705B6 
 451      F57E0EEC 
 451      F1F85383 
 452 075d 4AE93D85 		.ascii	"J\351=\205\234\220%]\371\025\032\374\220b\035R\013R"
 452      9C90255D 
 452      F9151AFC 
 452      90621D52 
 452      0B52
 453 076f AFB2BC61 		.ascii	"\257\262\274a\2153{ W\216\216\202\365\373\025K\351\336"
 453      8D337B20 
 453      578E8E82 
 453      F5FB154B 
 453      E9DE
 454 0781 80BD27C1 		.ascii	"\200\275'\301\336\\a\245\004\220\240\027\177mB\237\221"
 454      DE5C61A5 
 454      0490A017 
 454      7F6D429F 
 454      91
 455 0792 A317F9D4 		.ascii	"\243\027\371\324\201\240\3078\364[$C\277\226\243\247"
 455      81A0C738 
 455      F45B2443 
 455      BF96A3A7 
 456 07a2 39F49275 		.ascii	"9\364\222u4S\205\277\341N\303.8%\220\276\\)\256\013"
 456      345385BF 
 456      E14EC32E 
 456      382590BE 
 456      5C29AE0B 
 457 07b6 61D12F80 		.ascii	"a\321/\200\327\277\002\312\003\312\007\372\032\350\033"
 457      D7BF02CA 
 457      03CA07FA 
 457      1AE81B
 458 07c5 A002A0F3 		.ascii	"\240\002\240\363@\347\200r\200\316."
 458      40E78072 
 458      80CE2E
 459 07d0 C73E51A0 		.ascii	"\307>Q\240\211sE\226\334\270\033ru\2078u\337\311\325"
 459      89734596 
 459      DCB81B72 
 459      75873875 
 459      DFC9D5
 460 07e3 354F7408 		.ascii	"5Ot\010\274\227\023~B.\374\212\\\370\342\277\231\320"
 460      BC97137E 
 460      422EFC8A 
 460      5CF8E2BF 
ARM GAS  /tmp/ccjLFx4D.s 			page 37


 460      99D0
 461 07f5 D9565785 		.ascii	"\331VW\205\003\267s\2423\255\353\275\254\011\354\252"
 461      03B773A2 
 461      33ADEBBD 
 461      AC09ECAA 
 462 0805 812A2DC3 		.ascii	"\201*-\303g@\220\212r|\211\\\225\021\343\216 \342\217"
 462      6740908A 
 462      727C895C 
 462      9511E38E 
 462      20E28F
 463 0818 5BD7DC2C 		.ascii	"[\327\334,\351\257`\011P\256|\223\243\352\226\371\357"
 463      E9AF6009 
 463      50AE7C93 
 463      A3EA96F9 
 463      EF
 464 0829 5478989D 		.ascii	"Tx\230\235\205\317\262\237\026\332\310\222~\343b\242"
 464      85CFB29F 
 464      16DAC892 
 464      7EE362A2 
 465 0839 4BB086FF 		.ascii	"K\260\206\377\227\365d\232\324\337\240Y\322E\242\257"
 465      97F5649A 
 465      D4DFA059 
 465      D245A2AF 
 466 0849 E978257A 		.ascii	"\351x%zQu\022\232zS\034\371l\344\242\300g#\305\202\275"
 466      5175129A 
 466      7A531CF9 
 466      6CE4A2C0 
 466      6723C582 
 467 085e 3404B057 		.ascii	"4\004\260W\3433G\035\360$S\375^\353T\271#r\261g\263"
 467      E333471D 
 467      F02453FD 
 467      5EEB54B9 
 467      2372B167 
 468 0873 B4F6AE8E 		.ascii	"\264\366\256\216\"\366\226\000\376\262i\032\030\016"
 468      22F69600 
 468      FEB2691A 
 468      180E
 469 0881 C50AD2D1 		.ascii	"\305\012\322\321\267`\224\331\004\347\272\207O;\322"
 469      B76094D9 
 469      04E7BA87 
 469      4F3BD2
 470 0890 AB96C859 		.ascii	"\253\226\310Y`Wm\353\361\363Mx\305\244\346;\201$5W\004"
 470      60576DEB 
 470      F1F34D78 
 470      C5A4E63B 
 470      81243557 
 471 08a5 29A98988 		.ascii	")\251\211\210\311\2300%5\277*4%5\000DS\246<`J\236\324"
 471      C9983025 
 471      35BF2A34 
 471      25350044 
 471      53A63C60 
 472 08bc 940A24A9 		.ascii	"\224\012$\251\231\251\315\237\221\362\253T\362\032r"
 472      99A9CD9F 
 472      91F2AB54 
 472      F21A72
 473 08cb E3EDF326 		.ascii	"\343\355\363&;\374\232\0355_w\234\234R\343h\025e\316"
 473      3BFC9A1D 
ARM GAS  /tmp/ccjLFx4D.s 			page 38


 473      355F779C 
 473      9C52E368 
 473      1565CE
 474 08de 6636C091 		.ascii	"f6\300\221\234\304\230\262\221\306z-\033&\222ay\327"
 474      9CC498B2 
 474      91C67A2D 
 474      1B269261 
 474      79D7
 475 08f0 0661F39E 		.ascii	"\006a\363\236`\235\325\365I/\020\316aL\334\243\330\016"
 475      609DD5F5 
 475      492F10CE 
 475      614CDCA3 
 475      D80E
 476 0902 09394F7D 		.ascii	"\0119O}:Qx\325\201\235W\325\364\275\253f\256\333\001"
 476      3A5178D5 
 476      819D57D5 
 476      F4BDAB66 
 476      AEDB01
 477 0915 E7337042 		.ascii	"\3473pBY\307\200\222\244\016\242\344>\030eZ\233jrE\302"
 477      59C78092 
 477      A40EA2E4 
 477      3E18655A 
 477      9B6A7245 
 478 092a 3E409BE9 		.ascii	">@\233\351\375\227Q\225Q\352\350\224*E\322z%=\274o@"
 478      FD975195 
 478      51EAE894 
 478      2A45D27A 
 478      253DBC6F 
 479 093f 30B1E0FF 		.ascii	"0\261\340\377^p2\216!\350\023\345C\223\216\270\204\315"
 479      5E70328E 
 479      21E813E5 
 479      43938EB8 
 479      84CD
 480 0951 93766B76 		.ascii	"\223vkv\306\016\2271\246/\347\330y%\323\360)\341O/-"
 480      C60E9731 
 480      A62FE7D8 
 480      7925D3F0 
 480      29E14F2F 
 481 0966 452B7105 		.ascii	"E+q\005\353\214\254\350I\223\3743H?\317D\036\315S\343"
 481      EB8CACE8 
 481      4993FC33 
 481      483FCF44 
 481      1ECD53E3 
 482 097a 3AD6F97A 		.ascii	":\326\371z\342\302\244\032\337e\314\325G\0317\245\014"
 482      E2C2A41A 
 482      DF65CCD5 
 482      471937A5 
 482      0C
 483 098b A99BF0B7 		.ascii	"\251\233\360\267fNM\331\343\036\326y8\2573\311\006\017"
 483      664E4DD9 
 483      E31ED679 
 483      38AF33C9 
 483      060F
 484 099d 3366E641 		.ascii	"3f\346Ar\275=~\301\230\332\206\341\016\015\236cLb]i"
 484      72BD3D7E 
 484      C198DA86 
 484      E10E0D9E 
ARM GAS  /tmp/ccjLFx4D.s 			page 39


 484      634C625D 
 485 09b2 BDF486DA 		.ascii	"\275\364\206\332@W\367\351\345X\214#\324\210\367\234"
 485      4057F7E9 
 485      E5588C23 
 485      D488F79C 
 486 09c2 93E4B9A9 		.ascii	"\223\344\271\251\266[\011\2668\221u\266\304\247g\010"
 486      B65B09B6 
 486      389175B6 
 486      C4A76708 
 487 09d2 F82863DE 		.ascii	"\370(c\336eO\236\266\307\331\214\251\314=\\\240\301"
 487      654F9EB6 
 487      C7D98CA9 
 487      CC3D5CA0 
 487      C1
 488 09e3 E7195371 		.ascii	"\347\031Sq\265\262^\372\020\263\231\334%\255\311}\366"
 488      B5B25EFA 
 488      10B399DC 
 488      25ADC97D 
 488      F6
 489 09f4 F822EBBB 		.ascii	"\370\"\353\273\3644\266\332\006\227J\243Z\026\212\034"
 489      F434B6DA 
 489      06974AA3 
 489      5A168A1C 
 490 0a04 7195C43C 		.ascii	"q\225\304<(\325\341\333\254~\356i9d\301m\214y\324?\232"
 490      28D5E1DB 
 490      AC7EEE69 
 490      3964C16D 
 490      8C79D43F 
 491 0a19 E0887B18 		.ascii	"\340\210{\030\023s3\243\312\026\0173\246vp\000\341q"
 491      137333A3 
 491      CA160F33 
 491      A6767000 
 491      E171
 492 0a2b 567F9E50 		.ascii	"V\177\236P\335#\340Y\306\024\224'?R\341\267\214\031"
 492      DD23E059 
 492      C6149427 
 492      3F52E1B7 
 492      8C19
 493 0a3d BE1AFD4A 		.ascii	"\276\032\375J\211#m(S\270t\246\315\026\3072\246\355"
 493      89236D28 
 493      53B874A6 
 493      CD16C732 
 493      A6ED
 494 0a4f FAE01347 		.ascii	"\372\340\023G\234\302\230\306\310\344\013\322\033v&"
 494      9CC298C6 
 494      C8E40BD2 
 494      1B7626
 495 0a5e 89B689E3 		.ascii	"\211\266\211\343%5j)\206l\201\037K<\223\247\304\351"
 495      25356A29 
 495      866C811F 
 495      4B3C93A7 
 495      C4E9
 496 0a70 14EC7CAC 		.ascii	"\024\354|\254{\266\305\0019\233?\354\372s1od'\335\303"
 496      7BB6C501 
 496      399B3FEC 
 496      FA73316F 
 496      6427DDC3 
ARM GAS  /tmp/ccjLFx4D.s 			page 40


 497 0a84 E7B8F84A 		.ascii	"\347\270\370J^c\204\230\267\216\036v\225\260\233g\371"
 497      5E638498 
 497      B78E1E76 
 497      95B09B67 
 497      F9
 498 0a95 5D7B5D90 		.ascii	"]{]\220\235\215\275\331\330t\364^\225\303\313,\340Y"
 498      9D8DBDD9 
 498      D874F45E 
 498      95C3CB2C 
 498      E059
 499 0aa7 1CFC0739 		.ascii	"\034\374\0079\274M\220\337\031C\231\034\276G\216\177"
 499      BC4D90DF 
 499      1943991C 
 499      BE478E7F 
 500 0ab7 6D71C734 		.ascii	"mq\3074\361\370>9\336\342do?\311\301o\313\341\365\026"
 500      F1F83E39 
 500      DEE2646F 
 500      3FC9C16F 
 500      CBE1F516 
 501 0acb EAD4F0D6 		.ascii	"\352\324\360\326VXw\016\377\342<}\022\2637g\330\200"
 501      5658770E 
 501      FFE23C7D 
 501      12B33767 
 501      D880
 502 0add E8A68437 		.ascii	"\350\246\2047nKT%\367\316\020/\376\211ug\362\352\214"
 502      6E4B5425 
 502      F7CE102F 
 502      FE897567 
 502      F2EA8C
 503 0af0 A570F841 		.ascii	"\245p\370A9\336\362\276\346\341\217\344p\213Lg\214_"
 503      39DEF2BE 
 503      E6E18FE4 
 503      708B4C67 
 503      8C5F
 504 0b02 AB1639BC 		.ascii	"\253\0269\274\323B:\357\313[rx\273\034\336\304\333Z"
 504      D3423AEF 
 504      CB5B7278 
 504      BB1CDEC4 
 504      DB5A
 505 0b14 6E110916 		.ascii	"n\021\011\026\351\000\257L\263\034\336h\362$\177\233"
 505      E900AF4C 
 505      B31CDE68 
 505      F2247F9B 
 506 0b24 3E064F0F 		.ascii	">\006O\017\323\256Y\351*}\015\267\316a\354\214&\341"
 506      D3AE59E9 
 506      2A7D0DB7 
 506      CE61EC8C 
 506      26E1
 507 0b36 AA7C09B4 		.ascii	"\252|\011\264\010\364\026(\012\332\306\240\214\2052"
 507      08F41628 
 507      0ADAC6A0 
 507      8C8532
 508 0b45 1EE819D4 		.ascii	"\036\350\031\324\347\200\"\240\376\012\312w@K@\013@"
 508      E78022A0 
 508      FE0ACA77 
 508      404B400B 
 508      40
ARM GAS  /tmp/ccjLFx4D.s 			page 41


 509 0b56 4F814468 		.ascii	"O\201Dh\237\202\362\015\320\217@\321\300G\002=\207z"
 509      9F82F20D 
 509      D08F40D1 
 509      C047023D 
 509      877A
 510 0b68 1C94D350 		.ascii	"\034\224\323P\316\003\275\000\032\001\032\007\232\001"
 510      CE03BD00 
 510      1A011A07 
 510      9A01
 511 0b76 8A81BE51 		.ascii	"\212\201\276Q('\314\322\256E>j\273\344\306\335\263\010"
 511      2827CCD2 
 511      AE453E6A 
 511      BBE4C6DD 
 511      B308
 512 0b88 ABB14C2E 		.ascii	"\253\261L.\254\272\345ae\231\204\362+Sc}e\370\205o\347"
 512      ACBAE561 
 512      659984F2 
 512      2B53637D 
 512      65F8856F 
 513 0b9d 7DDD6E7D 		.ascii	"}\335n}\223\362Y+\037V\017\255G!\237\036\265\022<\274"
 513      93F2592B 
 513      1F560FAD 
 513      47219F1E 
 513      B5123CBC 
 514 0bb1 2FCE0AF2 		.ascii	"/\316\012\362\357C\360\366\321\232\205\013JD1^Mo\260"
 514      EF43F0F6 
 514      D19A850B 
 514      4A44315E 
 514      4D6FB0
 515 0bc4 0EB9B42E 		.ascii	"\016\271\264.\013e\247ye\357X\217R\263\374\235\327v"
 515      0B65A779 
 515      65EF588F 
 515      52B3FC9D 
 515      D776
 516 0bd6 408EB748 		.ascii	"@\216\267HCkx\361\235\326\325\341?\025fq+sW\2762\255"
 516      436B78F1 
 516      9DD6D5E1 
 516      3F156671 
 516      2B7357BE 
 517 0bec 16AEE317 		.ascii	"\026\256\343\027\376\276\365\205\347\367\014\277\220"
 517      FEBEF585 
 517      E7F70CBF 
 517      90
 518 0bf9 0DD68F2B 		.ascii	"\015\326\217+^w^z\277uS\371o\3335F\361\304\365M\326"
 518      5E775E7A 
 518      BF7553F9 
 518      6FDB3546 
 518      F1C4F54D 
 519 0c0e F7985942 		.ascii	"\367\230YB\317\273r\310\352y\302\237\265\374\206\277"
 519      CFBB72C8 
 519      EA79C29F 
 519      B5FC86BF 
 520 0c1e 667DC3F3 		.ascii	"f}\303\363\332\264gr\332<\260~\224\363\233\242\227?"
 520      DAB46772 
 520      DA3CB07E 
 520      94F39BA2 
 520      973F
ARM GAS  /tmp/ccjLFx4D.s 			page 42


 521 0c30 6BEBE4AE 		.ascii	"k\353\344\256\257\265\270\211x\347\364Z\277Y\214\357"
 521      AFB5B889 
 521      78E7F45A 
 521      BF598CEF 
 522 0c40 B9B34545 		.ascii	"\271\263EE\375v\270\213\336\251BT\301t\005Z\376\016"
 522      FD76B88B 
 522      DEA94254 
 522      C174055A 
 522      FE0E
 523 0c52 39918D69 		.ascii	"9\221\215i\356\233\204\327\240\004\274\234a\316\012"
 523      EE9B84D7 
 523      A004BC9C 
 523      61CE0A
 524 0c61 F20F91C6 		.ascii	"\362\017\221\306\263\010%b\227\277\332\343\010l\355"
 524      B3082562 
 524      97BFDAE3 
 524      086CED
 525 0c70 4C6DACD0 		.ascii	"Lm\254\320\360\357\004\3042\356\333\011\246_(II\376"
 525      F0EF04C4 
 525      32EEDB09 
 525      A65F2849 
 525      49FE
 526 0c82 4415DB31 		.ascii	"D\025\3331\352`\366u\324\332_-\024\177\366O\026\344"
 526      EA60F675 
 526      D4DA5F2D 
 526      147FF64F 
 526      16E4
 527 0c94 8BE4D2DD 		.ascii	"\213\344\322\335F\033~\336#f\363\246H\363\246\320yK"
 527      461B7EDE 
 527      2366F3A6 
 527      48F3A6D0 
 527      794B
 528 0ca6 5AF3336C 		.ascii	"Z\3633l\255\316\253\370\351\223\242T\274\006d=\235\032"
 528      ADCEABF8 
 528      E993A254 
 528      BC06643D 
 528      9D1A
 529 0cb8 C9B2D34A 		.ascii	"\311\262\323J\037\005\343\376\354':\224\206\265$;\217"
 529      1F05E3FE 
 529      EC273A94 
 529      86B5243B 
 529      8F
 530 0cc9 79791FE3 		.ascii	"yy\037\343!\226\223}\225.~\253\246\257.\240\236\364"
 530      2196937D 
 530      952E7EAB 
 530      A6AF2EA0 
 530      9EF4
 531 0cdb 6D72B1F7 		.ascii	"mr\261\367D\247\212\266\221\267\234\243\2306&v\024\025"
 531      44A78AB6 
 531      91B79CA3 
 531      98362676 
 531      1415
 532 0ced ACFC8D36 		.ascii	"\254\374\2156\003\223\327\231cXz\235\251\313N^t\200"
 532      0393D799 
 532      63587A9D 
 532      A9CB4E5E 
 532      7480
ARM GAS  /tmp/ccjLFx4D.s 			page 43


 533 0cff D7996AFA 		.ascii	"\327\231j\372:\263\345~.}\2359\3731\005\242tS\260A\325"
 533      3AB3E57E 
 533      2E7D9D39 
 533      FB3105A2 
 533      7453B041 
 534 0d14 FC75E638 		.ascii	"\374u\3468\336\240p\360\013\365\337\357\267\177\177"
 534      DEA070F0 
 534      0BF5DFEF 
 534      B77F7F
 535 0d23 805F5070 		.ascii	"\200_Pp\220A\263\3437\277]\357\356\352\252P\373\354"
 535      9041B3E3 
 535      37BF5DEF 
 535      EEEAAA50 
 535      FBEC
 536 0d35 F0F037F8 		.ascii	"\360\3607\370+\375\367\206\355\327\372\371\035\014\012"
 536      2BFDF786 
 536      EDD7FAF9 
 536      1D0C0A
 537 0d44 367CE8E6 		.ascii	"6|\350\346g\010\320\355\0139\020\250\373\357\300\300"
 537      6708D0ED 
 537      0B3910A8 
 537      FBEFC0C0 
 538 0d54 2F038303 		.ascii	"/\003\203\003t!\241\006\335\027{\366l\364\017;\2601"
 538      7421A106 
 538      DD177BF6 
 538      6CF40F3B 
 538      B031
 539 0d66 38243870 		.ascii	"8$8pc\240\377\347A\033?\332\350\266\331\365\227\033"
 539      63A0FFE7 
 539      411B3FDA 
 539      E8B6D9F5 
 539      971B
 540 0d78 FFE8BAF1 		.ascii	"\377\350\272\361`h\200\277!Pg\326\255\013\012\336\263"
 540      606880BF 
 540      215067D6 
 540      AD0B0ADE 
 540      B3
 541 0d89 FF6040A0 		.ascii	"\377`@\240\356\200\377\236}A\301\201:\277\200\300\275"
 541      EE80FF9E 
 541      7D41C181 
 541      3ABF80C0 
 541      BD
 542 0d9a FE07F71B 		.ascii	"\376\007\367\033\374\014\177\012\015\014\337\264O\241"
 542      FC0C7F0A 
 542      0D0CDFB4 
 542      4FA1
 543 0da8 31CEF687 		.ascii	"1\316\366\207\377\307\331\302\377\024\256\363\0137\004"
 543      FFC7D9C2 
 543      FF14AEF3 
 543      0B3704
 544 0db7 80689802 		.ascii	"\200h\230\002\207\004\204\251Ba@\230MHxh``@\230:\204"
 544      870484A9 
 544      42614098 
 544      4D487868 
 544      60604098 
 545 0dcd 4C1FA63A 		.ascii	"L\037\246:\020\022\020\030F\314\336\367\313M\233t\356"
 545      10121018 
ARM GAS  /tmp/ccjLFx4D.s 			page 44


 545      46CCDEF7 
 545      CB4D9B74 
 545      EE
 546 0dde FB823E0F 		.ascii	"\373\202>\017\332\345\253\013\011\327\355\363\337\257"
 546      DAE5AB0B 
 546      09D7EDF3 
 546      DFAF
 547 0dec 0B0D0933 		.ascii	"\013\015\0113\204\353|w\177\372\241\233\316\333\333"
 547      84EB7C77 
 547      7FFAA19B 
 547      CEDBDB
 548 0dfb 43B7C367 		.ascii	"C\267\303g\347\256\377r#]F/\202l\247p\303\001\320\376"
 548      E7AEFF72 
 548      235D462F 
 548      826CA770 
 548      C301D0FE 
 549 0e0f 8BD0A010 		.ascii	"\213\320\240\020\277\360@\303\301P?\203\332g;\361\246"
 549      BFF040C3 
 549      C1503F83 
 549      DA673BF1 
 549      A6
 550 0e20 DAC79315 		.ascii	"\332\307\223\025\036\254pg\3056Vle\205\027)l}\266z\273"
 550      1EAC7067 
 550      C536566C 
 550      65851729 
 550      6C7DB67A 
 551 0e35 8704EF0D 		.ascii	"\207\004\357\015\372\342\177\247\305\036\305\337,\257"
 551      FAE27FA7 
 551      C51EC5DF 
 551      2CAF
 552 0e43 2BE8F045 		.ascii	"+\350\360EX\310\301Pb\231&(\204\024~\006\373\240\020"
 552      58C8C150 
 552      62992628 
 552      84147E06 
 552      FBA010
 553 0e56 22E6807F 		.ascii	"\"\346\200\177\370\227~\006\345\326\355z/\362\343\255"
 553      F8977E06 
 553      E5D6ED7A 
 553      2FF2E3AD 
 554 0e66 F476FF44 		.ascii	"\364v\377D\257\334\346\253\327\243\337!/\325\236\375"
 554      AFDCE6AB 
 554      D7A3DF21 
 554      2FD59EFD 
 555 0e76 81FE61D2 		.ascii	"\201\376a\322\362\273~\344g\320\030+\030\204\342]\036"
 555      F2BB7EE4 
 555      67D0182B 
 555      1884E25D 
 555      1E
 556 0e87 7ABCD343 		.ascii	"z\274\323C\257\362\371\255\217\207\336f\227\257\217"
 556      AFF2F9AD 
 556      8F87DE66 
 556      97AF8F
 557 0e96 A7A7875E 		.ascii	"\247\247\207^\275k\367\037|<\365\252Owyx\352\3616\275"
 557      BD6BF71F 
 557      7C3CF5AA 
 557      4F777978 
 557      EAF136BD 
ARM GAS  /tmp/ccjLFx4D.s 			page 45


 558 0eaa DE9E7387 		.ascii	"\336\236s\207A\313\246\015\012\000Y\356\237\354\330"
 558      41CBA60D 
 558      0A0059EE 
 558      9FECD8
 559 0eb9 BADBF337 		.ascii	"\272\333\3637z\033\017\367O\334\267\357\320k}\274\275"
 559      7A1B0FF7 
 559      4FDCB7EF 
 559      D06B7DBC 
 559      BD
 560 0eca 7DB7EE34 		.ascii	"}\267\3564Vw\272\371\222\252\312\327\327}\207\336V\357"
 560      5677BAF9 
 560      92AACAD7 
 560      D77D87DE 
 560      56EF
 561 0edc E9EBA9FF 		.ascii	"\351\353\251\377\314\323\343#\354\356\013\012z\270\233"
 561      CCD3E323 
 561      ECEE0B0A 
 561      7AB89B
 562 0eeb 9A7E61BB 		.ascii	"\232~a\273\325g\233\233\267\017\210\"5WV3\366n\261\335"
 562      D5679B9B 
 562      B70F8822 
 562      35575633 
 562      F66EB1DD 
 563 0eff EAB5ED43 		.ascii	"\352\265\355C\251\327k\031\347%\307}hC\244\020u\210"
 563      A9D76B19 
 563      E725C77D 
 563      6843A410 
 563      7588
 564 0f11 0CBEC7CD 		.ascii	"\014\276\307\315\206H\240=^\022\302\313\034\341\252"
 564      8648A03D 
 564      5E12C2CB 
 564      1CE1AA
 565 0f20 2163F5BE 		.ascii	"!c\365\276\273\365\244\342J*\313}\2335d4\353\3632\202"
 565      BBF5A4E2 
 565      4A2ACB7D 
 565      9B356434 
 565      EBF33282 
 566 0f34 BC1808BB 		.ascii	"\274\030\010\273\357\324+\211\2216`/)\005w\275F\362"
 566      EFD42B89 
 566      9136602F 
 566      290577BD 
 566      46F2
 567 0f46 86DBBF9A 		.ascii	"\206\333\277\232/\374\236\220\003\007B\202u\201\207"
 567      2FFC9E90 
 567      03074282 
 567      758187
 568 0f55 0C3AF74F 		.ascii	"\014:\367O}w\372\302\372\263\020\330\276\345\320!\035"
 568      7D77FAC2 
 568      FAB310D8 
 568      BEE5D021 
 568      1D
 569 0f66 F5F1DE2D 		.ascii	"\365\361\336-[>:t\010\"\320N\357\356\356\267\033\302"
 569      5B3E3A74 
 569      0822D04E 
 569      EFEEEEB7 
 569      1BC2
 570 0f78 D92370AF 		.ascii	"\331#p\257\206lk\342\374\377\001\316\336\350\212"
ARM GAS  /tmp/ccjLFx4D.s 			page 46


 570      866C6BE2 
 570      FCFF01CE 
 570      DEE88A
 571              		.text
 572              		.section	.gnu.lto_.symtab.e768a1a24e336111,"",%progbits
 573 0000 5F70616C 		.ascii	"_pal_lld_init\000"
 573      5F6C6C64 
 573      5F696E69 
 573      7400
 574 000e 00       		.ascii	"\000"
 575 000f 00       		.ascii	"\000"
 576 0010 00       		.ascii	"\000"
 577 0011 00000000 		.ascii	"\000\000\000\000\000\000\000\000"
 577      00000000 
 578 0019 F0000000 		.ascii	"\360\000\000\000"
 579 001d 5F70616C 		.ascii	"_pal_lld_setgroupmode\000"
 579      5F6C6C64 
 579      5F736574 
 579      67726F75 
 579      706D6F64 
 580 0033 00       		.ascii	"\000"
 581 0034 00       		.ascii	"\000"
 582 0035 00       		.ascii	"\000"
 583 0036 00000000 		.ascii	"\000\000\000\000\000\000\000\000"
 583      00000000 
 584 003e 35010000 		.ascii	"5\001\000\000"
 585              		.text
 586              		.section	.gnu.lto_.opts,"",%progbits
 587 0000 272D666D 		.ascii	"'-fmath-errno' '-fsigned-zeros' '-ftrapping-math' '"
 587      6174682D 
 587      6572726E 
 587      6F272027 
 587      2D667369 
 588 0033 2D666E6F 		.ascii	"-fno-trapv' '-fno-openmp' '-fno-openacc' '-mcpu=cor"
 588      2D747261 
 588      70762720 
 588      272D666E 
 588      6F2D6F70 
 589 0066 7465782D 		.ascii	"tex-m4' '-mfloat-abi=hard' '-mfpu=fpv4-sp-d16' '-mn"
 589      6D342720 
 589      272D6D66 
 589      6C6F6174 
 589      2D616269 
 590 0099 6F2D7468 		.ascii	"o-thumb-interwork' '-mthumb' '-ggdb' '-O2' '-fomit-"
 590      756D622D 
 590      696E7465 
 590      72776F72 
 590      6B272027 
 591 00cc 6672616D 		.ascii	"frame-pointer' '-falign-functions=16' '-ffunction-s"
 591      652D706F 
 591      696E7465 
 591      72272027 
 591      2D66616C 
 592 00ff 65637469 		.ascii	"ections' '-fdata-sections' '-fno-common' '-flto' '-"
 592      6F6E7327 
 592      20272D66 
 592      64617461 
ARM GAS  /tmp/ccjLFx4D.s 			page 47


 592      2D736563 
 593 0132 6673696E 		.ascii	"fsingle-precision-constant'\000"
 593      676C652D 
 593      70726563 
 593      6973696F 
 593      6E2D636F 
 594              		.text
 595              		.comm	__gnu_lto_v1,1,1
 596              		.comm	__gnu_lto_slim,1,1
 597              		.ident	"GCC: (GNU Tools for ARM Embedded Processors 6-2017-q1-update) 6.3.1 20170215 (release) [AR
ARM GAS  /tmp/ccjLFx4D.s 			page 48


DEFINED SYMBOLS
                            *ABS*:0000000000000000 hal_pal_lld.c
                            *COM*:0000000000000001 __gnu_lto_v1
                            *COM*:0000000000000001 __gnu_lto_slim

NO UNDEFINED SYMBOLS
