ARM GAS  /tmp/ccGKJYp6.s 			page 1


   1              		.cpu cortex-m4
   2              		.eabi_attribute 27, 1
   3              		.eabi_attribute 28, 1
   4              		.eabi_attribute 20, 1
   5              		.eabi_attribute 21, 1
   6              		.eabi_attribute 23, 3
   7              		.eabi_attribute 24, 1
   8              		.eabi_attribute 25, 1
   9              		.eabi_attribute 26, 1
  10              		.eabi_attribute 30, 2
  11              		.eabi_attribute 34, 1
  12              		.eabi_attribute 18, 4
  13              		.file	"memstreams.c"
  14              		.text
  15              	.Ltext0:
  16              		.section	.gnu.lto_.profile.ae6e12998eca4ebf,"",%progbits
  17 0000 789C6365 		.ascii	"x\234ce`b`a```d\010\260\004\000\001Y\000\226"
  17      60626061 
  17      60606064 
  17      08B00400 
  17      01590096 
  18              		.text
  19              		.section	.gnu.lto_.icf.ae6e12998eca4ebf,"",%progbits
  20 0000 789C6365 		.ascii	"x\234ce`bPc@\0006\206y\023^>\340f|\376\364E\027'\323"
  20      60625063 
  20      40003686 
  20      79135E3E 
  20      E0667CFE 
  21 0019 9AAEAB1D 		.ascii	"\232\256\253\035\374\314`\222e\375\307\177\373XX\277"
  21      FCCC6092 
  21      65FDC77F 
  21      FB5858BF 
  22 0029 DE58FE86 		.ascii	"\336X\376\206\215\001\000i\020\022\226"
  22      8D010069 
  22      101296
  23              		.text
  24              		.section	.gnu.lto_.jmpfuncs.ae6e12998eca4ebf,"",%progbits
  25 0000 789C458B 		.ascii	"x\234E\213\273\021\000 \010C\023@-\235\312\241\254\262"
  25      BB110020 
  25      08431340 
  25      2D9DCAA1 
  25      ACB2
  26 0012 BA5888AF 		.ascii	"\272X\210\257\310]~\015\206\205O\203\221.1\221y\352"
  26      C85D7E0D 
  26      86854F83 
  26      912E3191 
  26      79EA
  27 0024 10D56D93 		.ascii	"\020\325m\223o\342\225\246\251\"\342^\246\022\034\360"
  27      6FE295A6 
  27      A922E25E 
  27      A6121CF0 
  28 0034 C60714   		.ascii	"\306\007\024"
  29              		.text
  30              		.section	.gnu.lto_.inline.ae6e12998eca4ebf,"",%progbits
  31 0000 789CB591 		.ascii	"x\234\265\2211\016\3020\014E\277\235\224D4Ua*HHd\002"
  31      310EC230 
  31      0C45BF9D 
ARM GAS  /tmp/ccGKJYp6.s 			page 2


  31      94443455 
  31      612A4848 
  32 0016 A69E8189 		.ascii	"\246\236\201\211\2213p\024\330:vddd\344(\0359\002##"
  32      91337014 
  32      D83A7664 
  32      6464E428 
  32      1D390223 
  33 002b 23D8AD40 		.ascii	"#\330\255@Ht$\221\236\034Ky\266\223\004\214\003\341"
  33      48742491 
  33      9E1C4B79 
  33      B693048C 
  33      03E1
  34 003d BD12200B 		.ascii	"\275\022 \013d\020\011f\255\334)\343pP\227\360M\311"
  34      64100966 
  34      ADDC29E3 
  34      705097F0 
  34      4DC9
  35 004f A09BB32D 		.ascii	"\240\233\263-\005^C\017{\232\007\320\325\215X\011\276"
  35      055E430F 
  35      7B9A07D0 
  35      D58D5809 
  35      BE
  36 0060 E4131112 		.ascii	"\344\023\021\022B\332\371Z\323\236:\241\251\012\270"
  36      42DAF95A 
  36      D39E3AA1 
  36      A90AB8
  37 006f C7E287D0 		.ascii	"\307\342\207\320\034\213~!c<%\373%\344(\023\2505}]\203"
  37      1C8B7E21 
  37      633C25FB 
  37      25E42813 
  37      A8357D5D 
  38 0084 BFF7B6C9 		.ascii	"\277\367\266\311M\036D=\223c\324d\224\344J\3246\003"
  38      4D1E443D 
  38      9363D464 
  38      94E44AD4 
  38      3603
  39 0096 4CBD956D 		.ascii	"L\275\225m>U\272g\370C\021\013\357\010\234TK\244\347"
  39      3E55BA67 
  39      F843110B 
  39      EF089C54 
  39      4BA4E7
  40 00a9 0DEB073C 		.ascii	"\015\353\007<\001\310\1775\215"
  40      01C87F35 
  40      8D
  41              		.text
  42              		.section	.gnu.lto_.pureconst.ae6e12998eca4ebf,"",%progbits
  43 0000 789C6365 		.ascii	"x\234ce`b\340f```e\220b\224b\222b\226b\221\002\000\004"
  43      6062E066 
  43      60606065 
  43      90629462 
  43      92629662 
  44 0018 2200A4   		.ascii	"\"\000\244"
  45              		.text
  46              		.section	.gnu.lto__put.ae6e12998eca4ebf,"",%progbits
  47 0000 789C9552 		.ascii	"x\234\225RKO\023Q\024\276\337\2753\235\026j\215\256"
  47      4B4F1351 
  47      14BEDFBD 
ARM GAS  /tmp/ccGKJYp6.s 			page 3


  47      339D166A 
  47      8DAE
  48 0012 5C74C142 		.ascii	"\\t\301BB\210\261\243A\335\271\362\007\270\360\027\000"
  48      4288B1A3 
  48      41DDB9F2 
  48      07B8F017 
  48      00
  49 0023 21A1098D 		.ascii	"!\241\011\215\304\272\226K\213\205\370\202\370\340\225"
  49      C4BA964B 
  49      8B85F882 
  49      F8E095
  50 0032 D6213104 		.ascii	"\326!1\004Ey\203\002\276\032IT\020\0245\030\343\302"
  50      45798302 
  50      BE1A4954 
  50      10143518 
  50      E3C2
  51 0044 851412A2 		.ascii	"\205\024\022\242h\360\021w\35093M\300\270\201I\346\316"
  51      68F01177 
  51      E839334D 
  51      C0B88149 
  51      E6CE
  52 0056 7D9CEF71 		.ascii	"}\234\357q\276\271\246\220bQ\011qD\010q\230^\230\002"
  52      BEB9A690 
  52      62510971 
  52      44087198 
  52      5E9802
  53 0069 B2E5A510 		.ascii	"\262\345\245\020\365~)\015\007B\027\250\265Y!tP\301"
  53      F57E290D 
  53      074217A8 
  53      B5592174 
  53      50C1
  54 007b F0F60D80 		.ascii	"\360\366\015\200'\332\017Q'\225\201:4\2536\205\327\015"
  54      27DA0F51 
  54      2795813A 
  54      34AB3685 
  54      D70D
  55 008d 83697549 		.ascii	"\203iuI9J\300\240\345\332\\\347b\210\227@\021-s\023"
  55      394AC0A0 
  55      E5DA5CE7 
  55      62889740 
  55      112D7313 
  56 00a1 A955A3B4 		.ascii	"\251U\243\264G\323\223m\273\352\273><\257\003\216\222"
  56      47D3936D 
  56      BBEABB3E 
  56      3CAF038E 
  56      92
  57 00b2 A283CA6F 		.ascii	"\242\203\312o\"\214\036\204Y\375\026J\251\370\355\334"
  57      228C1E84 
  57      59FD164A 
  57      A9F8EDDC 
  58 00c2 428BA522 		.ascii	"B\213\245\"\0204\037i\352\232\010\226tk\235\320\331"
  58      10341F69 
  58      EA9A0896 
  58      746B9DD0 
  58      D9
  59 00d3 D92B4AEF 		.ascii	"\331+J\357u\224B/\324f m\011\334F\011\225\247S\275K"
  59      7594422F 
ARM GAS  /tmp/ccGKJYp6.s 			page 4


  59      D466206D 
  59      09DC4609 
  59      95A753BD 
  60 00e8 4A1D74A1 		.ascii	"J\035t\241\237S\337\277\206\362\320/?\245\016:\344\366"
  60      9F53DFBF 
  60      86F2D02F 
  60      3FA50E3A 
  60      E4F6
  61 00fa 8E072D0B 		.ascii	"\216\007-\013\343\000\003\015\201>\224p\365\217o\013"
  61      E300030D 
  61      813E9470 
  61      F58F6F0B 
  62 010a 2F02AACC 		.ascii	"/\002\252\314E:\343\311\316P\361\015\027\371\261}\367"
  62      453AE3C9 
  62      CE50F10D 
  62      17F9B17D 
  62      F7
  63 011b E5A47EAE 		.ascii	"\345\244~\256\015G\231\350\377W\230\037*\3774\264~m"
  63      0D4799E8 
  63      FF57981F 
  63      2AFF34B4 
  63      7E6D
  64 012d 87CFC000 		.ascii	"\207\317\300\000\212\271!\352c\020>\320w\340\015\262"
  64      8AB921EA 
  64      63103ED0 
  64      77E00DB2 
  65 013d 7AFD4FA3 		.ascii	"z\375O\243\316\276\333\363~tnW\010$))\0222k\322\324"
  65      CEBEDBF3 
  65      7E746E57 
  65      08242929 
  65      12326BD2 
  66 0152 E7E3C1A2 		.ascii	"\347\343\301\242\301\362\363\020\000\273)\344\315 \017"
  66      C1F2F310 
  66      00BB29E4 
  66      CD200F
  67 0161 429C233A 		.ascii	"B\234#:N\373<eE_\265\204D\327\300\205RW\200\3442\324"
  67      4EFB3C65 
  67      455FB584 
  67      44D7C085 
  67      525780E4 
  68 0177 F90A1293 		.ascii	"\371\012\022\223+\027\247|\274\227Q&\371i=\373\344\225"
  68      2B17A77C 
  68      BC975126 
  68      F9693DFB 
  68      E495
  69 0189 C5D99B6E 		.ascii	"\305\331\233n7\277\237\3154\005\035d\352)\374\"G\371"
  69      37BF9FCD 
  69      34051D64 
  69      EA29FC22 
  69      47F9
  70 019b 09842176 		.ascii	"\011\204!vOg\335\271D\277e\367i\357(\200a8h\347\026"
  70      4F67DDB9 
  70      44BF65F7 
  70      69EF2880 
  70      613868E7 
  71 01b0 044660BB 		.ascii	"\004F`\273\334\323\021\217\331\267M\252Q\227\212c\300"
  71      DCD3118F 
ARM GAS  /tmp/ccGKJYp6.s 			page 5


  71      D9B74DAA 
  71      51978A63 
  71      C0
  72 01c1 1851E5D0 		.ascii	"\030Q\345\320\360a\352P\336d\206{\023\334\226\022t\275"
  72      F061EA50 
  72      DE64867B 
  72      13DC9612 
  72      74BD
  73 01d3 94DB4373 		.ascii	"\224\333Cs2\337\203\265-%\013w]%\311J\367\\\323\311"
  73      32DF83B5 
  73      2D250B77 
  73      5D25C94A 
  73      F75CD3C9 
  74 01e7 74AAC3F4 		.ascii	"t\252\303\364\270\010h\261\032)tN\037\345\275\315\001"
  74      B80868B1 
  74      1A29744E 
  74      1FE5BDCD 
  74      01
  75 01f8 59FF05D4 		.ascii	"Y\377\005\324\025\242KA0\214\263\030&\210:\243\002^"
  75      15A24B41 
  75      308CB318 
  75      26883AA3 
  75      025E
  76 020a C8ED49CB 		.ascii	"\310\355I\313#-\334\222\301\375\234\302\344F\012\367"
  76      232DDC92 
  76      C1FD9CC2 
  76      E4460AF7 
  77 021a 3D6FAD29 		.ascii	"=o\255)x,A\217h\254qv\250\200\315\320\337\307\003b "
  77      782C418F 
  77      68AC7176 
  77      A880CDD0 
  77      DFC70362 
  78 022f ADD640DE 		.ascii	"\255\326@\336\351\026U\036n\250<\202M\324n\266\206{"
  78      E916551E 
  78      6EA83C82 
  78      4DD46EB6 
  78      867B
  79 0241 65562145 		.ascii	"eV!E\306=\373\005\020l9=\372t'\353I\234\301c\204\345"
  79      C63DFB05 
  79      106C393D 
  79      FA7427EB 
  79      499CC163 
  80 0257 4CE5E648 		.ascii	"L\345\346H$\004\262\010\253\311\345y\320\365\003sP\264"
  80      2404B208 
  80      ABC9E579 
  80      D0F50373 
  80      50B4
  81 0269 FB2211FB 		.ascii	"\373\"\021\373Xu\264\"z\374\204}2nW\227\327\3305\321"
  81      5875B422 
  81      7AFC847D 
  81      326E5797 
  81      D7D835D1 
  82 027d 0A3B7EFA 		.ascii	"\012;~\372TUy,n\307\252b\371i\244R\310h-*T,^\373\027"
  82      5455792C 
  82      6EC7AA62 
  82      F969A452 
  82      C8682D2A 
ARM GAS  /tmp/ccGKJYp6.s 			page 6


  83 0296 15514510 		.ascii	"\025QE\020"
  84              		.text
  85              		.section	.gnu.lto__get.ae6e12998eca4ebf,"",%progbits
  86 0000 789C9552 		.ascii	"x\234\225R[KTQ\024\336\337\331g\316\2313\214F=\010\301"
  86      5B4B5451 
  86      14DEDFD9 
  86      67CE9933 
  86      8C463D08 
  87 0015 103E2422 		.ascii	"\020>$\"\341\234\242\354\017\364\003z\350\251G\015\301"
  87      E19CA2EC 
  87      0FF4037A 
  87      E8A9470D 
  87      C1
  88 0026 0187A4E9 		.ascii	"\001\207\244\3511r;c\243h\224\024yc\246#\204h\226w\247"
  88      31723B63 
  88      A3689414 
  88      7963A623 
  88      84689677 
  89 003b BC240C49 		.ascii	"\274$\014I\331E\313\012\003{\212R\301\302\302\256Pa"
  89      D945CB0A 
  89      037B8A52 
  89      C1C2C2AE 
  89      5061
  90 004d AD758E94 		.ascii	"\255u\216\224\321K\0368\373\262\366\372\276o\255oo\237"
  90      D14B1E38 
  90      FBB2F6FA 
  90      BE6FAD6F 
  90      6F9F
  91 005f D0C48414 		.ascii	"\320\304\204\024\342\240\020\242\204~\370\004\264\246"
  91      E2A010A2 
  91      847EF804 
  91      B4A6
  92 006d 4742D4F8 		.ascii	"GB\324\3705Mw T@\256\315\010\241\202\022\272\027\327"
  92      354D7720 
  92      5440AECD 
  92      08A18212 
  92      BA17D7
  93 0080 015E283F 		.ascii	"\001^(?D\265&uT\343\274l\221xR;\220\222\347\244#\005"
  93      44B52675 
  93      54E3BC6C 
  93      9178523B 
  93      9092E7A4 
  94 0096 74DAAECD 		.ascii	"t\332\256\315\266\277\316\345-\220O\333\305\261\344"
  94      B6BFCEE5 
  94      2D904FDB 
  94      C5B1E4
  95 00a5 AA5ED4A5 		.ascii	"\252^\324\245\350\313\266\214\032\227\207\346\224\345"
  95      E8CBB68C 
  95      1A9787E6 
  95      94E5
  96 00b3 484DB451 		.ascii	"HM\264Qz7B\350B\210\325\257\242\210\222\237\315\316"
  96      7A3742E8 
  96      4288D5AF 
  96      A288929F 
  96      CDCE
  97 00c5 3799320C 		.ascii	"7\2312\014A\353\341\372\216\261`a\247Rq\225\235\271"
  97      41EBE1FA 
ARM GAS  /tmp/ccGKJYp6.s 			page 7


  97      8EB16061 
  97      A7527195 
  97      9DB9
  98 00d7 28D56E47 		.ascii	"(\325nGJ\364@n\006RH\340\032\0129\377\343\373\371\207"
  98      4AF4406E 
  98      065248E0 
  98      1A0A39FF 
  98      E3FBF987 
  99 00eb 96DCE762 		.ascii	"\226\334\347b\235\321D{n\301\025\027\373\245m\307\205"
  99      9DD1447B 
  99      6EC11517 
  99      FBA56DC7 
  99      85
 100 00fc 84BAA774 		.ascii	"\204\272\247t\207J\276\3767\236?JO%{\226\244,q\241w"
 100      874ABEFE 
 100      379E3F4A 
 100      4F257B96 
 100      A42C71A1 
 101 0111 7E2C4C07 		.ascii	"~,L\0076\240\357\332\362\326\342\252\225\241>\364y\320"
 101      36A0EFDA 
 101      F2D6E2AA 
 101      95A13EF4 
 101      79D0
 102 0123 FD21ECFD 		.ascii	"\375!\354\375\015|5\270~)\307\320\321\217\002\364\242"
 102      0D7C35B8 
 102      7E29C7D0 
 102      D18F02F4 
 102      A2
 103 0134 809BA25E 		.ascii	"\200\233\242^\006`\200&\216\366?EV\255\377\254S\331"
 103      06608026 
 103      8EF63F45 
 103      56ADFFAC 
 103      53D9
 104 0146 E59D939F 		.ascii	"\345\235\223\237\236o\317\001\325\254\2215T\264\217"
 104      9E6FCF01 
 104      D5AC9135 
 104      54B48F
 105 0155 9686C183 		.ascii	"\226\206\301\203I\203\351\347\301\022\214\012p0\310"
 105      4983E9E7 
 105      C1128C0A 
 105      7030C8
 106 0164 99423410 		.ascii	"\231B4\020%\273\336H\033\232\345\022\342\035\337\317"
 106      25BBDE48 
 106      1B9AE512 
 106      E21DDFCF 
 107 0174 16B92224 		.ascii	"\026\271\"$\231&\007V\020\037_\351\23628\226\226>\252"
 107      99260756 
 107      101F5FE9 
 107      9E323896 
 107      963EAA
 108 0187 ABF9CCED 		.ascii	"\253\371\314\355\307&\337\201\356\366\364u\372A}\320"
 108      C726DF81 
 108      EEF6F475 
 108      FA417DD0 
 109 0197 41BA862E 		.ascii	"A\272\206.!\337\221~\002a\220\333\247\263\316\305x\237"
 109      21DF917E 
 109      026190DB 
ARM GAS  /tmp/ccGKJYp6.s 			page 8


 109      A7B3CEC5 
 109      789F
 110 01a9 69F72AEF 		.ascii	"i\367*\357\310\302\020\034\264r\033\002\303\260]\356"
 110      C8C2101C 
 110      B4721B02 
 110      C3B05DEE 
 111 01b9 FBC51EB3 		.ascii	"\373\305\036\263\261E\252\021\227\012L\225!\252E\324"
 111      B145AA11 
 111      970A4C95 
 111      21AA45D4 
 112 01c9 BE983AB0 		.ascii	"\276\230:\260Q$\261\271&6R\375\364\314\244\333CO\302"
 112      5124B1B9 
 112      263652FD 
 112      F4CCA4DB 
 112      434FC2
 113 01dc F48ECD2D 		.ascii	"\364\216\315-)\231\270\341*i\254t\323-:\221J.\370<."
 113      2999B8E1 
 113      2A69AC74 
 113      D32D3A91 
 113      4A2EF83C 
 114 01f1 029AAC46 		.ascii	"\002\232\254F\012\337\032\216z1k\263G\346?\036u\354"
 114      0ADF1A8E 
 114      7A316BB3 
 114      47E63F1E 
 114      75EC
 115 0203 72B8423F 		.ascii	"r\270B?FY\017c\304.\330\367<\327\365~v\335b\221\346"
 115      46590F63 
 115      C42ED8F7 
 115      3CD7F57E 
 115      76DD6291 
 116 0218 E464E694 		.ascii	"\344d\346\224\307\030\360\354\311\324\315\014\006\230"
 116      C718F0EC 
 116      C9D4CD0C 
 116      0698
 117 0226 D402304E 		.ascii	"\324\0020NhRm\2668\345\277:*f\340\304\037\333n\301&"
 117      68526DB6 
 117      38E5BF3A 
 117      2A66E0C4 
 117      1FDB6EC1 
 118 023b 6A26F950 		.ascii	"j&\371P7\233\251\360\244\202\254\316\316\351\356\203"
 118      379BA9F0 
 118      A482ACCE 
 118      CEE9EE83 
 119 024b 588526D2 		.ascii	"X\205&\322n\372g\200\230\226S#w\267q\011\032Nc\022!"
 119      6EFA6780 
 119      98965323 
 119      77B77109 
 119      1A4E6312 
 120 0260 6DFCCD4B 		.ascii	"m\374\315K\020J\266\277\235\003='0\212\254\332\023\016"
 120      104AB6BF 
 120      9D033D27 
 120      308AACDA 
 120      130E
 121 0272 DB872A22 		.ascii	"\333\207*\"e\221\303G\354\3431\273\242\264\322\256\214"
 121      6591C347 
 121      ECE331BB 
 121      A2B4D2AE 
ARM GAS  /tmp/ccGKJYp6.s 			page 9


 121      8C
 122 0283 94D9B193 		.ascii	"\224\331\261\223'\312K\2431;Z\036\335X\206\217\011-"
 122      27CA4BA3 
 122      313B5A1E 
 122      DD58868F 
 122      092D
 123 0295 5225A3B1 		.ascii	"R%\243\261*\224\375\002\204Q<j"
 123      2A94FD02 
 123      84513C6A 
 124              		.text
 125              		.section	.gnu.lto__reads.ae6e12998eca4ebf,"",%progbits
 126 0000 789C9552 		.ascii	"x\234\225R]KTQ\024=\353\236;sgdf\372\003\022>$\"\341"
 126      5D4B5451 
 126      143DEB9E 
 126      3B736764 
 126      66FA0312 
 127 0018 5C822188 		.ascii	"\\\202!\210\250\227^z\013\352\027h\010\0168%M\357s\034"
 127      A8975E7A 
 127      0BEA1768 
 127      080E3825 
 127      4DEF731C 
 128 002c 3FD28C32 		.ascii	"?\322\2142\312\3211\207+\210\231\225_Y\346\230\305`"
 128      CAD13187 
 128      2B889995 
 128      5F59E698 
 128      C560
 129 003e 509469E4 		.ascii	"P\224i\344\307\223\017A\031!\025\025\022>\210\332\336"
 129      C7930F41 
 129      19211515 
 129      123E88DA 
 129      DE
 130 004f E74E593E 		.ascii	"\347NY>\351\205{\3569{\357\265\366^\353\\\2170D\221"
 130      E9857BEE 
 130      397BEFB5 
 130      F65EEB5C 
 130      8F304491 
 131 0063 29C41121 		.ascii	")\304\021!D\204^x\004\214\326Y!j}\206!\027l\241\012"
 131      44845E78 
 131      048CD659 
 131      216A7D86 
 131      21176CA1 
 132 0078 CCC9FD42 		.ascii	"\314\311\375B\005$L7l\002\274Q>\210\204!M$pM\266K\274"
 132      05244C37 
 132      6C02BC51 
 132      3E888421 
 132      4D24704D 
 133 008f AB1FEE92 		.ascii	"\253\037\356\222W\245#\005L:\376\234\351\374\030\342"
 133      57A52305 
 133      4C3AFE9C 
 133      E9FC18E2 
 134 009f 235044C7 		.ascii	"#PD\307[j\256\331*\355S*\251r\355?\216]\257k8\351HC"
 134      5B6AAED9 
 134      2AED532A 
 134      A972ED3F 
 134      8E5DAF6B 
 135 00b7 A4A9FA0E 		.ascii	"\244\251\372\016\012\321\207B\356\335\217R\252\235\237"
 135      0AD18742 
ARM GAS  /tmp/ccGKJYp6.s 			page 10


 135      EEDD8F52 
 135      AA9D9F
 136 00c6 596CB564 		.ascii	"Yl\265d\030\202\366\243M\335\331@I\257\306-\337\220"
 136      1882F6A3 
 136      4DDDD940 
 136      49AFC62D 
 136      DF90
 137 00d8 EA802325 		.ascii	"\352\200#%\356B\376\013\244\220\300=\224P\371z\313b"
 137      EE42FE0B 
 137      A490C03D 
 137      9450F97A 
 137      CB62
 138 00ea CA2F0F69 		.ascii	"\312/\017ihm\357\230c\344\241o\3324\324\304\375\235"
 138      686DEF98 
 138      63E4A16F 
 138      DA34D4C4 
 138      FD9D
 139 00fc 50536040 		.ascii	"PS`@C7\324\315THF44=\325\266\024\374\3235\245\241\006"
 139      4337D4CD 
 139      54484634 
 139      343DD5B6 
 139      14FCD335 
 140 0113 0677420D 		.ascii	"\006wB\015\201!\224p\375\352\367\305i\277<\254\261\316"
 140      81219470 
 140      FDEAF7C5 
 140      69BF3CAC 
 140      B1CE
 141 0125 785D67A8 		.ascii	"x]g\250\270Gcg\333=i\225\253/r\244\007\303\377\303\371"
 141      B8476367 
 141      DB3D6995 
 141      AB2F72A4 
 141      07C3FFC3 
 142 013a A1EA0F23 		.ascii	"\241\352\017#\233mA\257\211\021\024\263\031\344\301"
 142      9B6D41AF 
 142      891114B3 
 142      19E4C1
 143 0149 037841DF 		.ascii	"\003xA\337\2419\344\324\346\326%\225{\261\206\333=W"
 143      A139E4D4 
 143      E6D62595 
 143      7BB186DB 
 143      3D57
 144 015b B00FBA9D 		.ascii	"\260\017\272\235\001\226jR{\257\207\027//\0268\345c"
 144      01966A52 
 144      7BAF8717 
 144      2F2F1638 
 144      E563
 145 016d 397E5E0A 		.ascii	"9~^\012\300\242\002\234\012\362\"\304e\342\346[k\241"
 145      C0A2029C 
 145      0AF222C4 
 145      65E2E65B 
 145      6BA1
 146 017f A9E92B3F 		.ascii	"\251\351+?!\331\375y\332\320\335\250w\206\302+HN\254"
 146      21D9FD79 
 146      DAD0DDA8 
 146      7786C22B 
 146      484EAC
 147 0192 AC473894 		.ascii	"\254G8\224\221|\205\251\206\251\267\026_\241G\013[{"
ARM GAS  /tmp/ccGKJYp6.s 			page 11


 147      917C85A9 
 147      86A9B716 
 147      5FA1470B 
 147      5B7B
 148 01a4 F9BA29E0 		.ascii	"\371\272)\340 S\253\224\"E\026a0\312J(\327\273\234\034"
 148      2053AB94 
 148      22451661 
 148      30CA4A28 
 148      D7BB9C1C 
 149 01b8 B4EC01E5 		.ascii	"\264\354\001\345\246\014<\204\203\016\226#\360\010\266"
 149      A60C3C84 
 149      830E9623 
 149      F008B6
 150 01c7 A67E55E6 		.ascii	"\246~U\3462{\366H5\246\251\330\022<\326Tu\035\215\315"
 150      327BF648 
 150      35A6A9D8 
 150      123CD654 
 150      751D8DCD 
 151 01db 1E978B07 		.ascii	"\036\227\213\007%F\261\214\372\331\347\221\2771K\273"
 151      2546B18C 
 151      FAD9E791 
 151      BF314BBB 
 152 01eb DB42BFC5 		.ascii	"\333B\277\305\202\255\225\256\036\325B\311\243\014\233"
 152      82AD95AE 
 152      1ED542C9 
 152      A30C9B
 153 01fa 412933EF 		.ascii	"A)3\357\202{\207\031\342\327\3627N\273$\276=\015ib\\"
 153      827B8719 
 153      E2D7F237 
 153      4EBB24BE 
 153      3D0D6962 
 154 020f 0F69F090 		.ascii	"\017i\360\220Yw\310\256\306~\313\345\362\023\035\017"
 154      5977C8AE 
 154      C67ECBE5 
 154      F2131D0F 
 155 021f F9058DDD 		.ascii	"\371\005\215\335!\0161A6\373u\311Jl(\237#}iV\207\011"
 155      210E3141 
 155      36FB75C9 
 155      4A6C289F 
 155      237D6956 
 156 0235 24444616 		.ascii	"$DF\026\350z8\322\357\016\264y\334%\011\354j\24026\354"
 156      E87A38D2 
 156      EF0EB479 
 156      DC2509EC 
 156      6AA03236 
 157 024a C9B66193 		.ascii	"\311\266a\223\356,\251F\270,A\242&.\246N\3719\264{\326"
 157      EE2CA946 
 157      B82C41A2 
 157      262EA64E 
 157      F939B47B 
 158 025f A7DBACCF 		.ascii	"\247\333\254\317`\023\225\370F\306n\315\347\2319\361"
 158      601395F8 
 158      46C66ECD 
 158      E79939F1 
 159 026f 0B446E19 		.ascii	"\013Dn\031\244\302+;\337K\372\347\300.\223+\007\303"
 159      A4C22B3B 
 159      DF4BFAE7 
ARM GAS  /tmp/ccGKJYp6.s 			page 12


 159      C02E932B 
 159      07C3
 160 0281 61FB4455 		.ascii	"a\373DU\264\"z\352\214}>nW\225W\333\325\321\012;~\361"
 160      B4227AEA 
 160      8C7D3E6E 
 160      579557DB 
 160      D5D10A3B 
 161 0297 4265792C 		.ascii	"Bey,n\307*c\371m\370\2540\2425FE\015\316\311X\274\346"
 161      6EC72A63 
 161      F96DF8AC 
 161      30A23546 
 161      450DCEC9 
 162 02ae 373F6850 		.ascii	"7?hP\232"
 162      9A
 163              		.text
 164              		.section	.gnu.lto__writes.ae6e12998eca4ebf,"",%progbits
 165 0000 789C9552 		.ascii	"x\234\225RMO\023Q\024\275\367\275\231N[\333\372\007"
 165      4D4F1351 
 165      14BDF7BD 
 165      994E5BDB 
 165      FA07
 166 0012 88B29010 		.ascii	"\210\262\220\020b\354\304\2441~\304\225\033w.\374\005"
 166      62ECC4A4 
 166      317EC495 
 166      1B772EFC 
 166      05
 167 0023 60486842 		.ascii	"`HhB\225X\367}\024\250(\211b\224B\221fH\014AE\276D\201"
 167      9558F77D 
 167      14A82889 
 167      62944291 
 167      66480C41 
 168 003b 029A064D 		.ascii	"\002\232\006M\214\0300\362\261\001W\012\213\006\214"
 168      8C1830F2 
 168      B101570A 
 168      8B068C
 169 004a 31465D18 		.ascii	"1F]\030\300{\3374\242\254\240I\337\274\271\367\236\363"
 169      C07BDF34 
 169      A2ACA049 
 169      DFBCB9F7 
 169      9EF3
 170 005c CE396F4C 		.ascii	"\3169oL\020p\330\0008\005\000\021\372\243\011(Z\347"
 170      1070D800 
 170      38050011 
 170      FAA30928 
 170      5AE7
 171 006e 00EABD42 		.ascii	"\000\352\275B\310E\033\224\337\230:\004* \321p\313\006"
 171      C8451B94 
 171      DF983A04 
 171      2A20D170 
 171      CB06
 172 0080 226F9417 		.ascii	"\"o\224\027!!\244\201\011\274-\333%~h\034\352\222\267"
 172      2121A481 
 172      09BC2DDB 
 172      257E681C 
 172      EA92B7
 173 0093 A423010D 		.ascii	"\244#\001\015z\3756\333\3719\304\257\210\245\364z_\315"
 173      7AFD36DB 
ARM GAS  /tmp/ccGKJYp6.s 			page 13


 173      F939C4AF 
 173      88A5F47A 
 173      5FCD
 174 00a5 DFB02A7A 		.ascii	"\337\260*z\225J\252|\373\324\331;\015M\347\035) C\323"
 174      954AAA7C 
 174      FBD4D93B 
 174      0D4DE71D 
 174      292043D3 
 175 00b9 0FB1047B 		.ascii	"\017\261\004{\261\204\317~\204\0254\2730\273\324j\311"
 175      B184CF7E 
 175      841534BB 
 175      30BBD46A 
 175      C9
 176 00ca 3002ED47 		.ascii	"0\002\355G\232\273s\201\362\036\215\333\270+\325\021"
 176      9ABB7381 
 176      F21E8DDB 
 176      B82BD511 
 177 00da 474A7C8C 		.ascii	"GJ|\214\362_ \225\000\373\260\234\306\177\267,\245}"
 177      F25F2095 
 177      00FBB09C 
 177      C67FB72C 
 177      A57D
 178 00ec F2B886D6 		.ascii	"\362\270\206\326\367\214:\242\010}\235\326P\003\237"
 178      F78C3AA2 
 178      087D9DD6 
 178      50039F
 179 00fb EC861A80 		.ascii	"\354\206\032\200\375\032\272\251\356\245C2\242\241\231"
 179      FD1ABAA9 
 179      EEA54332 
 179      A2A199
 180 010a E9B69560 		.ascii	"\351\266\225`\021\372\261]C\005\016\354\206\012\300"
 180      11FAB15D 
 180      43050EEC 
 180      860AC0
 181 0119 412CE7F9 		.ascii	"A,\347\371\357_\227\336\371\344\011\215u\306\033:Ce"
 181      EF5F97DE 
 181      F9E4098D 
 181      75C61B3A 
 181      4365
 182 012b 0F3476AB 		.ascii	"\0174v\253\315\314\250|c\251#M\034\372\037\316?\232"
 182      CDCCA87C 
 182      63A9234D 
 182      1CFA1FCE 
 182      3F9A
 183 013d FE34BCD5 		.ascii	"\3764\274\325\026\364\0308\214e\034\006e\360\024=H\317"
 183      16F41838 
 183      8C651C06 
 183      65F0143D 
 183      48CF
 184 014f C179CCAB 		.ascii	"\301y\314\253\255\355\353*\377s\015{'\017\034D}\232"
 184      ADEDEB2A 
 184      FF730D7B 
 184      270F1C44 
 184      7D9A
 185 0161 40766AD0 		.ascii	"@vj\320\351\036\223\027\017/\026r\313K[\313\307\213"
 185      E91E9317 
 185      0F2F1672 
ARM GAS  /tmp/ccGKJYp6.s 			page 14


 185      CB4B5BCB 
 185      C78B
 186 0173 1FD95380 		.ascii	"\037\331S\200[A^\000n\0225_Z\013\211\246\247\\\303d"
 186      5B415E00 
 186      6E12355F 
 186      5A0B89A6 
 186      A75CC364 
 187 0187 F7F68CD0 		.ascii	"\367\366\214\320\207\321\321Y*\02709Q(D\270\224\225"
 187      87D1D159 
 187      2A173039 
 187      512844B8 
 187      9495
 188 0199 7C83E9A6 		.ascii	"|\203\351\246\351\367\026\337\240\251}\375z3\323\034"
 188      E9F716DF 
 188      A0A97DFD 
 188      7A33D31C 
 189 01a9 70305BAF 		.ascii	"p0[\257\224\"C^\302\340\010\033\241^\317jr\300\262\373"
 189      9422435E 
 189      C2E0081B 
 189      A15ECF6A 
 189      72C0B2FB 
 190 01bd 95DB12F8 		.ascii	"\225\333\022\370\014\035\354`7\200\317\321\326\324o"
 190      0C1DEC60 
 190      3780CFD1 
 190      D6D46F
 191 01cc C32EB3B9 		.ascii	"\303.\263\271O\252QM\305\211\340\230\246j\350HeL\227"
 191      4FAA514D 
 191      C589E098 
 191      A66AE848 
 191      654C97
 192 01df 8B851223 		.ascii	"\213\205\022#\254b\343\334\253\310\337\232\245\303m"
 192      AC62E3DC 
 192      ABC8DF9A 
 192      A5C36D
 193 01ee A1AF62D1 		.ascii	"\241\257b\321\326N\373\316h\243\224Q\226\303\240\226"
 193      D64EFBCE 
 193      68A39451 
 193      96C3A096 
 194 01fe 514CC1BD 		.ascii	"QL\301\275\302,\361k\373\353\247]\022\357\276DZ8\256"
 194      C22CF16B 
 194      FBEBA75D 
 194      12EFBE44 
 194      5A38AE
 195 0211 450A1699 		.ascii	"E\012\026\231sEv\245\012E\221\276,cMX\307Tw\210KL\220"
 195      734576A5 
 195      0A4591BE 
 195      2C634D58 
 195      C7547788 
 196 0228 CB6DAC58 		.ascii	"\313m\254X\211M\345u\244/\303\356p\002\023\240\207\375"
 196      894DE575 
 196      A42FC3EE 
 196      700213A0 
 196      87FD
 197 023a A4C6917E 		.ascii	"\244\306\221~W\320\306I\227$\260'A\3078\260\311\235"
 197      57D0C649 
 197      9724B027 
 197      41C738B0 
ARM GAS  /tmp/ccGKJYp6.s 			page 15


 197      C99D
 198 024c C0A65C2D 		.ascii	"\300\246\\-\351\024\272,A\242&.\246N\373\270\264w\326"
 198      E914BA2C 
 198      41A2262E 
 198      A64EFBB8 
 198      B477D6
 199 025f 173BAC2F 		.ascii	"\027;\254/\321&*\370B\301\216-\024\231\271\361\003\211"
 199      D1262AF8 
 199      42C18E2D 
 199      1499B9F1 
 199      0389
 200 0271 DC12E4C2 		.ascii	"\334\022\344\302#\227\227%}s\310)S*G\303a\373\\M\264"
 200      23979725 
 200      7D73C829 
 200      532A47C3 
 200      61FB5C4D 
 201 0286 2A7AE1A2 		.ascii	"*z\341\242}%n\327T\326\332\265\321*;~\355jue,n\307\252"
 201      7D256ED7 
 201      54D6DAB5 
 201      D12A3B7E 
 201      ED6A7565 
 202 029e 63C56DF8 		.ascii	"c\305m\370\022\210h\235\250\252\303\3132\026\257\373"
 202      1288689D 
 202      A8AAC3CB 
 202      3216AFFB 
 203 02ae 034A7050 		.ascii	"\003JpP\017"
 203      0F
 204              		.text
 205              		.section	.gnu.lto_msObjectInit.ae6e12998eca4ebf,"",%progbits
 206 0000 789C9D93 		.ascii	"x\234\235\223\313kSA\024\306\347\273s\037\211\266\301"
 206      CB6B5341 
 206      14C6E7BB 
 206      731F89B6 
 206      C1
 207 0011 850BD12E 		.ascii	"\205\013\321.\272\020B\021r\301\235\033A\\\350\316\205"
 207      BA104211 
 207      72C19D1B 
 207      415CE8CE 
 207      85
 208 0022 7F412329 		.ascii	"\177A#)\0156Tzu#Bn\322\326H\205\250\330\332\032\032"
 208      0D36547A 
 208      7523426E 
 208      D2D64885 
 208      A8D8DA1A 
 209 0037 6F5162D4 		.ascii	"oQb\324\232\364\341\263\306\232\030P\261\365\201\305"
 209      9AF4E1B3 
 209      C69A1850 
 209      B1F581C5 
 210 0047 2EC417D8 		.ascii	".\304\027\330R\214 \"\025\012E\033\317LR\320\342\306"
 210      528C2022 
 210      150A451B 
 210      CF4C52D0 
 210      E2C6
 211 0059 0C0CF3B8 		.ascii	"\014\014\363\270\347\373\315\231\363\315\325\230\302"
 211      E7FBCD99 
 211      F3CDD598 
 211      C2
ARM GAS  /tmp/ccGKJYp6.s 			page 16


 212 0066 063963BB 		.ascii	"\0069c\273\030c[\250\2033(\247_0\026q)\200\230\330."
 212      18635BA8 
 212      833328A7 
 212      5F301671 
 212      298098D8 
 213 007b B0B08230 		.ascii	"\260\260\2020N\361~\216blaBiJ\333\324\012\375\027\214"
 213      4EF17E8E 
 213      626C6142 
 213      694ADBD4 
 213      0AFD178C 
 214 008f E376F726 		.ascii	"\343v\367&\207\344\347\251\213\2064\232(\352U\327\350"
 214      87E4E7A9 
 214      8B86349A 
 214      28EA55D7 
 214      E8
 215 00a0 208F7387 		.ascii	" \217s\207\003*-\277?O\314y\304RA#-\027\277\315N\273"
 215      032A2DBF 
 215      3F4FCC79 
 215      C4524123 
 215      2D17BFCD 
 216 00b6 B90F8CE6 		.ascii	"\271\017\214\346\327z3\036o\312\266\243v\341Y/\267\267"
 216      D77A331E 
 216      6FCAB6A3 
 216      76E1592F 
 216      B7B7
 217 00c8 3A9CF6C0 		.ascii	":\234\366\300\211\207\253h\300\02540\332b\030\206\227"
 217      8987AB68 
 217      C0153430 
 217      DA621886 
 217      97
 218 00d9 A2D35DB9 		.ascii	"\242\323]\2717n\276]*_/$\323uU\351\317>)Uq}\255Te\310"
 218      376EBE5D 
 218      2A5F2F24 
 218      D37555E9 
 218      CF3E2955 
 219 00f3 48E9C5C8 		.ascii	"H\351\305\310\354t=\337!\245\261\314di\365\324\307\311"
 219      EC743DDF 
 219      21A5B1CC 
 219      6469F5D4 
 219      C7C9
 220 0105 8D673BED 		.ascii	"\215g;\355\275\016\327\220]+\326\030F\244x)]|\244\362"
 220      BD0ED790 
 220      5D2BD618 
 220      46A47829 
 220      5D7CA4F2 
 221 0119 9D52FC71 		.ascii	"\235R\374q*~f\335\352\271\225\2245\214\376C:\006\257"
 221      2A7E66DD 
 221      EAB99594 
 221      358CFE43 
 221      3A06AF
 222 012c 88FF34B6 		.ascii	"\210\3774\266\322W\257\253\225\022a\034:h\034\231A\301"
 222      D257AFAB 
 222      9512611C 
 222      3A681C99 
 222      41C1
 223 013e 5E29C7EC 		.ascii	"^)\307\354\302|\012\371=\353\251\326tC\025\"Y\035\342"
 223      C27C0AF9 
ARM GAS  /tmp/ccGKJYp6.s 			page 17


 223      3DEBA9D6 
 223      74431522 
 223      591DE2
 224 0151 54172480 		.ascii	"T\027$\200\365\220L\330p\222+b\344%D\227c\231\3341A"
 224      F5904CD8 
 224      70922B62 
 224      E4254497 
 224      6399DC31 
 225 0166 22FAB9EE 		.ascii	"\"\372\271\356\342KC\224\226\313\344\226\236L\235\250"
 225      E24B4394 
 225      96CBE496 
 225      9E4C9DA8 
 226 0176 73908C90 		.ascii	"s\220\214\220?C\233\035\256'\251\3467(#\36115\037\315"
 226      3F439B1D 
 226      AE27A9E6 
 226      372823F1 
 226      31351FCD 
 227 018a 1A664678 		.ascii	"\032fFx\327\350p\0037\341`@\032\207[0\377\204\031\022"
 227      D7E87003 
 227      37E16040 
 227      1A875B30 
 227      FF841912 
 228 019e D6B99C5F 		.ascii	"\326\271\234_\364\204\177\331\344\260qI\304\321\336"
 228      F4847FD9 
 228      E4B07149 
 228      C4D1DE
 229 01ad D3C4F041 		.ascii	"\323\304\360A\301\337\340p\027\356\320\253\270]\205"
 229      C1DFE070 
 229      17EED0AB 
 229      B85D85
 230 01bc 97BF8C67 		.ascii	"\227\277\214g\335\024<@\007_\206@\334%<\241'\020f\224"
 230      DD143C40 
 230      075F8640 
 230      DC253CA1 
 230      27106694 
 231 01d0 74A2F476 		.ascii	"t\242\364v\316\250&\375\037Y\252\270'\263\024EC\016"
 231      CEA826FD 
 231      1F59AAB8 
 231      27B31445 
 231      430E
 232 01e2 66921C95 		.ascii	"f\222\034\225\264w\265\3204\334\2274E\320&\005M\257"
 232      B477B5D0 
 232      34DC9734 
 232      45D02605 
 232      4DAF
 233 01f4 D0DED746 		.ascii	"\320\336\327F{ i\322\330\274\240\271\004\355\307\347"
 233      7B2069D2 
 233      D8BCA0B9 
 233      04EDC7E7 
 234 0204 0FB5D10A 		.ascii	"\017\265\321\012\222\246\012\332\303\277\375\320\300"
 234      92A60ADA 
 234      C3BFFDD0 
 234      C0
 235 0211 5024D557 		.ascii	"P$\325WD\207\312q\010\270\374\335z\250.\364(\350:\333"
 235      4487CA71 
 235      08B8FCDD 
 235      7AA82EF4 
ARM GAS  /tmp/ccGKJYp6.s 			page 18


 235      28E83ADB 
 236 0225 7C3E7377 		.ascii	"|>swk\320\037\334\267\337l\267\314\326\3466\263-\350"
 236      6BD01FDC 
 236      B7DF6CB7 
 236      CCD6E636 
 236      B32DE8
 237 0238 37ADC31D 		.ascii	"7\255\303\035\201\346\220e\206\002\241\352\324w\200"
 237      81E69065 
 237      8602A1EA 
 237      D47780
 238 0247 F1907548 		.ascii	"\361\220uH\367\037ii\011t\250V\360h\200\007\332\255"
 238      F71F6969 
 238      0974A856 
 238      F0688007 
 238      DAAD
 239 0259 DF394440 		.ascii	"\3379D@I"
 239      49
 240              		.text
 241              		.section	.gnu.lto_vmt.ae6e12998eca4ebf,"",%progbits
 242 0000 789C6365 		.ascii	"x\234ce`b\230\305\300\300\240\313\000\001\323\231\031"
 242      606298C5 
 242      C0C0A0CB 
 242      0001D399 
 242      19
 243 0011 77EE7C73 		.ascii	"w\356|s\233\275\376oCGC\303\203\356\365\314\035\314"
 243      9BBDFE6F 
 243      434743C3 
 243      83EEF5CC 
 243      1DCC
 244 0023 F3991966 		.ascii	"\363\231\031f2c\310-x\005\224`\234\311\314\210!\261"
 244      3263C82D 
 244      78059460 
 244      9CC9CC88 
 244      21B1
 245 0035 0A28C134 		.ascii	"\012(\3014\223\231\011C\342\031\323|f\346\231\314\314"
 245      93990943 
 245      E219D37C 
 245      66E699CC 
 245      CC
 246 0046 6089AFCF 		.ascii	"`\211\257\317\236\354\347\260\330\326\320\261\240\301"
 246      9EECE7B0 
 246      D8D6D0B1 
 246      A0C1
 247 0054 613E33CB 		.ascii	"a>3\313\014f\006\306U\214\3653\230\031\031W\202(&\306"
 247      0C6606C6 
 247      558CF533 
 247      98191957 
 247      822826C6 
 248 0068 15208A99 		.ascii	"\025 \212\231q9c=\003\343jF\013\006m==}\347\214\314"
 248      7139633D 
 248      03E36A46 
 248      0B066D3D 
 248      3D7DE78C 
 249 007d A44CFF60 		.ascii	"\244L\377`\375\374b\375\214\304\034\375\234\314$\375"
 249      FDFC62FD 
 249      8CC41CFD 
 249      9CCC24FD 
ARM GAS  /tmp/ccGKJYp6.s 			page 19


 250 008d E292A2D4 		.ascii	"\342\222\242\324\304\334b\375\334\324\\(S/\231\001\000"
 250      C4DC62FD 
 250      DCD45C28 
 250      532F9901 
 250      00
 251 009e 22E749B1 		.ascii	"\"\347I\261"
 252              		.text
 253              		.section	.gnu.lto_.symbol_nodes.ae6e12998eca4ebf,"",%progbits
 254 0000 789C5DC9 		.ascii	"x\234]\311\273\015\2000\020\203a\307G\262\006\022\223"
 254      BB0D8030 
 254      108361C7 
 254      47B20612 
 254      93
 255 0011 C0647715 		.ascii	"\300dw\025%\242\341\3350\006\242c\001\246\240d\010\""
 255      25A2E1DD 
 255      3006A263 
 255      01A6A064 
 255      0822
 256 0023 104DDCFC 		.ascii	"\020M\334\374\322g\017\242A\034\007*\320\236@\314\266"
 256      D2670FA2 
 256      411C072A 
 256      D09E40CC 
 256      B6
 257 0034 1E16A28D 		.ascii	"\036\026\242\215T\227ZOej\035UR\233\251\331o\273U\200"
 257      54975A4F 
 257      656A1D55 
 257      529BA9D9 
 257      6FBB5580 
 258 0048 9F082B00 		.ascii	"\237\010+\000q\013\325\277\027`VFa\300U\337\271\310"
 258      710BD5BF 
 258      17605646 
 258      61C055DF 
 258      B9C8
 259 005a 573CDC49 		.ascii	"W<\334I%q"
 259      2571
 260              		.text
 261              		.section	.gnu.lto_.refs.ae6e12998eca4ebf,"",%progbits
 262 0000 789C05C1 		.ascii	"x\234\005\301\261\001\000\000\010\303\2404\332\335\377"
 262      B1010000 
 262      08C3A034 
 262      DADDFF
 263 000f AF158A1C 		.ascii	"\257\025\212\034\220\265\331:*\206\007\003e\000<"
 263      90B5D93A 
 263      2A860703 
 263      65003C
 264              		.text
 265              		.section	.gnu.lto_.decls.ae6e12998eca4ebf,"",%progbits
 266 0000 789CAD57 		.ascii	"x\234\255WkP\024\331\025\356\323=\314\3000\200\245\306"
 266      6B5014D9 
 266      15EED33D 
 266      CCC03080 
 266      A5C6
 267 0012 7237FC70 		.ascii	"r7\374p\015[\241*\005#Z\265\246R\371\261)\253\262\311"
 267      0D5BA12A 
 267      05235AB5 
 267      A652F9B1 
 267      29ABB2C9 
ARM GAS  /tmp/ccGKJYp6.s 			page 20


 268 0026 0F96AAAC 		.ascii	"\017\226\252\254\232\312\257\011\217F&af\0103\3045\177"
 268      9ACAAF09 
 268      8F462661 
 268      660833C4 
 268      357F
 269 0038 D28028E2 		.ascii	"\322\200(\342\013\037\200\210\200\213\256\242\210\242"
 269      0B1F8088 
 269      808BAEA2 
 269      88A2
 270 0046 B2A88B2C 		.ascii	"\262\250\213,\370\000\361\305S1\312K\024%*\0128,\210"
 270      F800F1C5 
 270      5331CA4B 
 270      14252A0A 
 270      382C88
 271 0059 089373EF 		.ascii	"\010\223s\357\355\231\351\031\207d+\265]\036\272\357"
 271      ED99E919 
 271      87642BB5 
 271      5D1EBAEF 
 272 0069 E973BE73 		.ascii	"\351s\276s\316w\317==\372q<\227\030\302q\367y\216\373"
 272      CE77CF3D 
 272      3DFA713C 
 272      9718C271 
 272      F7798EFB 
 273 007d 338A032F 		.ascii	"3\212\003/\015\307q\225\234\373R\2434\242\\G\271\213"
 273      0DC77195 
 273      9CFB52A3 
 273      34A25C47 
 273      B98B
 274 008f D28BA205 		.ascii	"\322\213\242\005\216\373\020\005\377q?\005\316\343\332"
 274      8EFB1005 
 274      FF713F05 
 274      CEE3DA
 275 009e 8A6B2DDE 		.ascii	"\212k-\336\347\243,D\271\202\262\006\345\014\212\006"
 275      E7A32C44 
 275      B982B206 
 275      E50C8A06 
 276 00ae DFC5E0BD 		.ascii	"\337\305\340\275\235\340\342s+\336\005\342\204\317\263"
 276      9DE0E273 
 276      2BDE05E2 
 276      84CFB3
 277 00bd 78E365CC 		.ascii	"x\343e\314F\356\375k\317\034\270\004\223`\373\302%\230"
 277      46EEFD6B 
 277      CF1CB804 
 277      9360FBC2 
 277      2598
 278 00cf 330ADCEB 		.ascii	"3\012\334\353>p+\274p[e\334vE\276\0043\024e)\274\217"
 278      3E702BBC 
 278      705B65DC 
 278      7645BE04 
 278      33146529 
 279 00e5 CBCBBC7C 		.ascii	"\313\313\274|\010\357c\327\242.\320\007\366}\037\\("
 279      08EF63D7 
 279      A22ED007 
 279      F67D1F5C 
 279      28
 280 00f6 F1957CF0 		.ascii	"\361\225|\3602\347\276\360\177\202/\003\360\276V\021"
 280      32E7BEF0 
ARM GAS  /tmp/ccGKJYp6.s 			page 21


 280      7F822F03 
 280      F0BE5611 
 281 0106 83E0B6CB 		.ascii	"\203\340\266\313\261\010\356\024\336\337\240\370\021"
 281      B108EE14 
 281      DEDFA0F8 
 281      11
 282 0113 5860984E 		.ascii	"X`\230N\374\031\366H\367\323\327^\256\344\231\337\030"
 282      FC19F648 
 282      F7D3D75E 
 282      AEE499DF 
 282      18
 283 0124 CA339417 		.ascii	"\3123\224\027(/e<\025\312$\212\035e\034eB\326\021\216"
 283      282F653C 
 283      15CA248A 
 283      1D651C65 
 283      42D6118E 
 284 0138 1B3977AF 		.ascii	"\0339w\257x_\005\002\324ln*\326\365A\017 <\314\243Z"
 284      785F0502 
 284      D46C6E2A 
 284      D6F5410F 
 284      203CCCA3 
 285 014d 00F617A8 		.ascii	"\000\366\027\250\320\245\303y\001P=jyNN\324\251\002"
 285      D0A5C379 
 285      01503D6A 
 285      794E4ED4 
 285      A902
 286 015f A787BCE6 		.ascii	"\247\207\274\346\345%/C\322\177\2623(\020\331k\026\311"
 286      E5252F43 
 286      D27FB233 
 286      2810D96B 
 286      16C9
 287 0171 79312ED8 		.ascii	"y1.\330\003u\223]\001xw\000\000\245\203\002\220\245"
 287      0375935D 
 287      01787700 
 287      00A58302 
 287      90A5
 288 0183 2DBF77E5 		.ascii	"-\277w\345\307\271\213\003g\365\303\333\354\245\252"
 288      C7B98B03 
 288      67F5C3DB 
 288      ECA5AA
 289 0192 7EE80508 		.ascii	"~\350\005\010\344\016~\012Tw\255\356\300\325\020\001"
 289      E40E7E0A 
 289      5477ADEE 
 289      C0D51001 
 290 01a2 B7069FFB 		.ascii	"\267\006\237\373\247\312\177\033yBb\227\277\306M\333"
 290      A7CA7F1B 
 290      79426297 
 290      BFC64DDB 
 291 01b2 A9ACC163 		.ascii	"\251\254\301c\376;\004\010\325\202\003\310z\370\302"
 291      FE3B0408 
 291      D58203C8 
 291      7AF8C2
 292 01c1 54105B93 		.ascii	"T\020[\223\327\325\015\366J\2250\217<\3635\325\203\373"
 292      D7D50DF6 
 292      4A95308F 
 292      3CF335D5 
 292      83FB
ARM GAS  /tmp/ccGKJYp6.s 			page 22


 293 01d3 B510AE3D 		.ascii	"\265\020\256=B0\032\356\331\027\235\227\244yp\012\264"
 293      42301AEE 
 293      D9179D97 
 293      A479700A 
 293      B4
 294 01e4 5009021C 		.ascii	"P\011\002\034\207H\222P(i\373lI\312\220F\313$a1\007"
 294      87489250 
 294      2869FB6C 
 294      49CA9046 
 294      CB246131 
 295 01f9 2B426159 		.ascii	"+BaY(\007'!\234`\022+8\001\241P\001\241\004\377Xi\371"
 295      28072721 
 295      9C60122B 
 295      3801A150 
 295      01A104FF 
 296 0210 D520E19F 		.ascii	"\325 \341\237\024\2770\357Ru\260\013\337Q\276\364l\226"
 296      14BF30EF 
 296      5275B00B 
 296      DF51BEF4 
 296      6C96
 297 0222 24F17006 		.ascii	"$\361p\006\003T\271\003`<\337\021N\373\2160vm0\017T"
 297      0354B903 
 297      603CDF11 
 297      4EFB8E30 
 297      766D300F 
 298 0237 A4290850 		.ascii	"\244)\010P\234\212\350\354E\007\252\375\250n\215\016"
 298      9C8AE8EC 
 298      4507AAFD 
 298      A86E8D0E 
 299 0247 CE02D535 		.ascii	"\316\002\3255:&\033B\260\360\371Z\340q\3311z\2538\020"
 299      3A261B42 
 299      B0F0F95A 
 299      E071D931 
 299      7AAB3810 
 300 025b 970BB530 		.ascii	"\227\013\2650\017\227Y\333+\013\264\270T#Md\236\241"
 300      0F9759DB 
 300      2B0BB4B8 
 300      54234D64 
 300      9EA1
 301 026d 6A70F46D 		.ascii	"jp\364m\215\212\251H\302_\242\252\270\260\347t\2600"
 301      8D8AA948 
 301      C25FA2AA 
 301      B8B0E774 
 301      B030
 302 027f 0094BAF6 		.ascii	"\000\224\272\366\215U\007\004\006\250\"y\334\336\377"
 302      8D550704 
 302      06A82279 
 302      DCDEFF
 303 028e 3898012E 		.ascii	"8\230\001.\301b\207\007\266\344\370\273\311<\373\363"
 303      C1628707 
 303      B6E4F8BB 
 303      C93CFBF3 
 304 029e F4CDA4D8 		.ascii	"\364\315\244\330:\314\361\202\273X\265\\\253$\345fJ"
 304      3ACCF182 
 304      BB58B55C 
 304      AB24E566 
 304      4A
ARM GAS  /tmp/ccGKJYp6.s 			page 23


 305 02af 01BFE3A0 		.ascii	"\001\277\343\240\026\013\373\026\013\203\213X\255Z\256"
 305      160BFB16 
 305      0B838B58 
 305      AD5AAE
 306 02be F63C2ACF 		.ascii	"\366<*\317\261j_O\215V\253\204\0274\003>g\340\365L\010"
 306      B16A5F4F 
 306      8D56AB84 
 306      1734033E 
 306      67E0F54C 
 307 02d3 68C37D02 		.ascii	"h\303}\0024\370\000p2\277\374\033\312|=&\363\235;\231"
 307      34F80070 
 307      32BFFC1B 
 307      CA7C3D26 
 307      F39D3B99 
 308 02e7 3ACA3C06 		.ascii	":\312<\006\271\267\255\263[-\330Y\220\251\347\315\225"
 308      B9B7ADB3 
 308      5B2DD859 
 308      90A9E7CD 
 308      95
 309 02f8 81AE425A 		.ascii	"\201\256BZ\353\303\366\275\225\244%p\005}/\271}\353"
 309      EBC3F6BD 
 309      95A42570 
 309      057D2FB9 
 309      7DEB
 310 030a 61CE4A2E 		.ascii	"a\316J.\373\256\244\352y\356\327\272\305\371\264a3\245"
 310      FBAEA4EA 
 310      79EED7BA 
 310      C5F9B461 
 310      33A5
 311 031c 793C45AC 		.ascii	"y<E\254\301\367\337\340{\016\256\302b\374[\015*\226"
 311      C1F7DFE0 
 311      7B0EAEC2 
 311      62FC5B0D 
 311      2A96
 312 032e D2ECF0B1 		.ascii	"\322\354\360\261m\332\245\007\245\206\207R\303PK\370"
 312      6DDAA507 
 312      A5868752 
 312      C3504BF8 
 313 033e BE8B8392 		.ascii	"\276\213\203\222\244U\021+8\346\316\002\037\361o9\364"
 313      A455112B 
 313      38E6CE02 
 313      1FF16F39 
 313      F4
 314 034f 031C853E 		.ascii	"\003\034\205><K\215\260\024\2357>\252\310\362\027\036"
 314      3C4B8DB0 
 314      149D373E 
 314      AAC8F217 
 314      1E
 315 0360 B29372F2 		.ascii	"\262\223r\362\304t\225\326\331\033\254]N\346\276\\4"
 315      C47495D6 
 315      D91BAC5D 
 315      4EE6BE5C 
 315      34
 316 0371 7726CD34 		.ascii	"w&\3154\223k\316Ln\177\3276\316\313\231<\372\240Pj\310"
 316      936BCE4C 
 316      6E7FD736 
 316      CECB993C 
ARM GAS  /tmp/ccGKJYp6.s 			page 24


 316      FAA0506A 
 317 0386 90089768 		.ascii	"\220\010\227h\005M\356L\232\2743\271N3i\352\036\232"
 317      054DEE4C 
 317      9ABC33B9 
 317      4E3369EA 
 317      1E9A
 318 0398 520B4F58 		.ascii	"R\013OX&\275\315\307*H\003\305\260\236\013Q\234\316"
 318      26BDCDC7 
 318      2A4803C5 
 318      B09E0B51 
 318      9CCE
 319 03aa 18763A0F 		.ascii	"\030v:\017O\215\234\323\011\303\324\234o\257{9\340\356"
 319      4F8D9CD3 
 319      09C3D49C 
 319      6FAF7B39 
 319      E0EE
 320 03bc A8FEBEA5 		.ascii	"\250\376\276\245\265}d#Z1\331\333\356\3001\256\323\343"
 320      B57D6423 
 320      5A31D9DB 
 320      EEC031AE 
 320      D3E3
 321 03ce BD0F2DB8 		.ascii	"\275\017-\270\0171\362>\334B\345M\266\017%\227G\322"
 321      0F31F23E 
 321      DC42E54D 
 321      B60F2597 
 321      47D2
 322 03e0 75948F56 		.ascii	"u\224\217V\327\371\351\234\336=\306\353r\\(\364h9\201"
 322      D7F9E99C 
 322      DE3DC6EB 
 322      725C28F4 
 322      683981
 323 03f3 3868079D 		.ascii	"8h\007\235<]Z\306oN\004Qg\324A\033;i%\217\217\324\273"
 323      3C5D5AC6 
 323      6F4E0451 
 323      67D4411B 
 323      3B69258F 
 324 040a 4E5F07D3 		.ascii	"N_\007\323\335\232\310\272\304+9n\365\340\370\016\345"
 324      DD9AC8BA 
 324      C42B396E 
 324      F5E0F80E 
 324      E5
 325 041b B8D3C9F1 		.ascii	"\270\323\311\361\365WGO\006\271v{\311\344\241MR\033"
 325      F557474F 
 325      06B9767B 
 325      C9E4A14D 
 325      521B
 326 042d 3A7E4A0D 		.ascii	":~J\015\341\206\273\332\033\3364\337\2454w\036\277\230"
 326      E186BBDA 
 326      1BDE34DF 
 326      A534771E 
 326      BF98
 327 043f 24740930 		.ascii	"$t\0110W}\265c\366\327\240\225gL\366\377\2361\347\233"
 327      577DB563 
 327      F6D7A095 
 327      674CF6FF 
 327      9E31E79B 
 328 0453 EB9FEB94 		.ascii	"\353\237\353\224|\374\313\203\217\373.>v\367\016\267"
ARM GAS  /tmp/ccGKJYp6.s 			page 25


 328      7CFCCB83 
 328      8FFB2E3E 
 328      76F70EB7 
 329 0463 04D360A8 		.ascii	"\004\323`\250\203{\254\366\374\216\214\203\001N>\036"
 329      837BACF6 
 329      FC8E8C83 
 329      014E3E1E 
 330 0473 30DDD0C0 		.ascii	"0\335\320\300\315\262\220\271\371\350\241|t;\3718]\331"
 330      CDB290B9 
 330      F9E8A17C 
 330      743BF938 
 330      5DD9
 331 0485 992BC87C 		.ascii	"\231+\310|\274\316\023\244\275\022\231\314h\004]n.\272"
 331      BCCE13A4 
 331      BD1299CC 
 331      68045D6E 
 331      2EBA
 332 0497 BCB9E8A5 		.ascii	"\274\271\350\245\\\224\344\357\236\015\024\372\346&"
 332      5C94E4EF 
 332      9E0D14FA 
 332      E626
 333 04a5 A3EED6CE 		.ascii	"\243\356\326\316\223\274K\327\317\362k(\2752\240vm\354"
 333      93BC4BD7 
 333      CFF26B28 
 333      BD32A076 
 333      6DEC
 334 04b7 43A674CE 		.ascii	"C\246t\316\314\371lf\356\257\035\277\341\307\226\376"
 334      CCF96C66 
 334      EEAF1DBF 
 334      E1C796FE 
 335 04c7 B89C3C7A 		.ascii	"\270\234<z\271\021G\023\013T\226~\367f\2200\302\026"
 335      B9114713 
 335      0B54967E 
 335      F7669030 
 335      C216
 336 04d9 4737D6DE 		.ascii	"G7\326\336\017\020\306\331b\227\343\360\235\000a\232"
 336      0F10C6D9 
 336      6297E3F0 
 336      9D00619A 
 337 04e9 2D1C23F6 		.ascii	"-\034#\366>\235\340`\213\321\351\314\253\201J\226\311"
 337      3E9DE060 
 337      8BD1E9CC 
 337      AB814A96 
 337      C9
 338 04fa E976B3FC 		.ascii	"\351v\263\374\314\305\362\253M\337\366\006\013\231*"
 338      CCC5F2AB 
 338      4DDFF606 
 338      0B992A
 339 0509 EA35DB94 		.ascii	"\3525\333\2243\244Qz\335\361\360z\341\362\272;ta\"P"
 339      33A4517A 
 339      DDF1F07A 
 339      E1F2BA3B 
 339      74612250 
 340 051d C8665E5B 		.ascii	"\310f^[N?{\023\254\364\352\361\360z\351\362\352\270"
 340      4E3F7B13 
 340      ACF4EAF1 
 340      F07AE9F2 
ARM GAS  /tmp/ccGKJYp6.s 			page 26


 340      EAB8
 341 052f 58D1122C 		.ascii	"X\321\022,\354`^5O\2577i\331\214\227\350\307\264\267"
 341      EC605E35 
 341      4FAF3769 
 341      D98C97E8 
 341      C7B4B7
 342 0542 2C3B4828 		.ascii	",;H(b/\013Jj\316x\244\337\354\0019\346\204T\347e\224"
 342      622F0B4A 
 342      6ACE78A4 
 342      DFEC0139 
 342      E68454E7 
 343 0558 0F0BB020 		.ascii	"\017\013\260 ,,<,l\027\235\230\330\332*\016F\320\366"
 343      2C2C3C2C 
 343      6C179D98 
 343      D8DA2A0E 
 343      46D0F6
 344 056b 1139A9AF 		.ascii	"\0219\251\257pS_\303\002\262\261\360=v\344$\204\201"
 344      70535FC3 
 344      02B2B1F0 
 344      3D76E424 
 344      8481
 345 057d 1D651C65 		.ascii	"\035e\034e\002\302\350\247\275\214\304ipl\025f\217l"
 345      02C2E8A7 
 345      BD8CC469 
 345      706C1566 
 345      8F6C
 346 058f 92726349 		.ascii	"\222rcI\235\360\\\366s\035y=\011\\K\302\313\366\315"
 346      9DF05CF6 
 346      731D793D 
 346      095C4BC2 
 346      CBF6CD
 347 05a2 D0BC8C10 		.ascii	"\320\274\214\020\011\377\3666}L\223\214\"\246l\300\274"
 347      09FFF636 
 347      7D4C938C 
 347      22A66CC0 
 347      BC
 348 05b3 DA2CE02F 		.ascii	"\332,\340/\011b\304\311\035\346\016;\261\022\347\336"
 348      0962C4C9 
 348      1DE60E3B 
 348      B112E7DE 
 349 05c3 4681D404 		.ascii	"F\201\324\004\243\276\221\336\213\212\224\302\260\317"
 349      A3BE91DE 
 349      8B8A94C2 
 349      B0CF
 350 05d1 04695024 		.ascii	"\004iP$\260\264\353Z\255n\201\314H\366\\\214p>\351@"
 350      B0B4EB5A 
 350      AD6E81CC 
 350      48F65C8C 
 350      703EE940 
 351 05e5 F7EC82D9 		.ascii	"\367\354\202\331\333\036\207\364\215\"\022\007S\256"
 351      DB1E87F4 
 351      8D221207 
 351      53AE
 352 05f3 2D1D7B57 		.ascii	"-\035{W|.\200\365\355B\\\316\364\347\346j\330\246\036"
 352      7C2E80F5 
 352      ED425CCE 
 352      F4E7E66A 
ARM GAS  /tmp/ccGKJYp6.s 			page 27


 352      D8A61E
 353 0606 249B3ABE 		.ascii	"$\233:\276\347A\177\260p\223n\252\346y}\351\037!,\014"
 353      E7417FB0 
 353      70936EAA 
 353      E6797DE9 
 353      1F212C0C 
 354 061a 372B2C9C 		.ascii	"7+,\234\025s\343\003V;9,\3570-\207\262\236Gn\026\025"
 354      1573E303 
 354      563B392C 
 354      EF302D87 
 354      B29E476E 
 355 0630 A513D341 		.ascii	"\245\023\323AoS%M\312.\230F\203\267\364\235Cn\201L>"
 355      6F53254D 
 355      CA2E9846 
 355      83B7F49D 
 355      436E814C 
 356 0645 1CD2F930 		.ascii	"\034\322\3710\310@\221Pf\261\356\031\2176pEy\342;\212"
 356      C8409150 
 356      66B1EE19 
 356      8F367045 
 356      79E23B8A 
 357 0659 22A1A6C2 		.ascii	"\"\241\246\302\320=\231\022\232#\0370\344m\256\367\262"
 357      D03D9912 
 357      9A231F30 
 357      E46DAEF7 
 357      B2
 358 066a 6E2954B3 		.ascii	"n)T\263j\311\024x\352\323\232U\300zfb\337\374tI\002"
 358      6AC91478 
 358      EAD39A55 
 358      C07A6662 
 358      DFFC7449 
 359 067f 62A56C1A 		.ascii	"b\245l\032$5\357x\327=\177\241\203\222\312?\330\336"
 359      2435EF78 
 359      D73D7FA1 
 359      8392CA3F 
 359      D8DE
 360 0691 D62340F8 		.ascii	"\326#@\370\002\346\324U\250&\215\266\211_\000\033y\327"
 360      02E6D455 
 360      A8268DB6 
 360      895F001B 
 360      79D7
 361 06a3 342310BE 		.ascii	"4#\020\276\211\201,\344\343\207pC~\010\276\333\332\254"
 361      89812CE4 
 361      E3877043 
 361      7E08BEDB 
 361      DAAC
 362 06b5 55F60489 		.ascii	"U\366\004\211\342\356\211\315\274\263'\236\024\2457"
 362      E2EE89CD 
 362      BCB3279E 
 362      14A537
 363 06c4 B121883A 		.ascii	"\261!\210:\030`\363.kr_\207\307Gk\355\"\305\214\336"
 363      1860F32E 
 363      6B725F87 
 363      C7476BED 
 363      22C58CDE 
 364 06d8 C293199D 		.ascii	"\302\223\031\235\315\3133\332.M\034&\277\013\016\322"
 364      CDCB33DA 
ARM GAS  /tmp/ccGKJYp6.s 			page 28


 364      2E4D1C26 
 364      BF0B0ED2 
 365 06e8 6FD6AF0F 		.ascii	"o\326\257\017\234p}\263\320\020\347\261\253\262>\357"
 365      9C707DB3 
 365      D010E7B1 
 365      ABB23EEF 
 366 06f8 399DC393 		.ascii	"9\235\303\2239]t\274\366\254Z\350g\263\344\366\251g"
 366      395D74BC 
 366      F6AC5AE8 
 366      67B3E4F6 
 366      A967
 367 070a 5BD5C253 		.ascii	"[\325\302S\266\250*zzC\203\271\3016^`\261\252\322\033"
 367      B6A82A7A 
 367      7A4383B9 
 367      C1365E60 
 367      B1AAD21B 
 368 071e 8E06092F 		.ascii	"\216\006\011/\330\353\262\257K:\310\347\005v\340k\330"
 368      D8EBB2AF 
 368      4B3AC8E7 
 368      0576E06B 
 368      D8
 369 072f CEABE61A 		.ascii	"\316\253\346\032\364\371\235\351\331\002\325E\353 \227"
 369      F4F99DE9 
 369      D902D545 
 369      EB2097
 370 073e D93D7D97 		.ascii	"\331=}\227\377\220w~\233v1]W\346\266\211\340\217\354"
 370      FF90777E 
 370      9B76315D 
 370      57E6B689 
 370      E08FEC
 371 0751 AA52C99F 		.ascii	"\252R\311\237F\253+|vVEm\366\360\037Q\315\304\243\355"
 371      46AB2B7C 
 371      7656456D 
 371      F6F01F51 
 371      CDC4A3ED 
 372 0765 7B34C2F7 		.ascii	"{4\302\367,\376X\251\375\010\371T@\036\356\336^B\007"
 372      2CFE58A9 
 372      FD08F954 
 372      401EEEDE 
 372      5E4207
 373 0778 39443D85 		.ascii	"9D=\205\027\375\204\031fQQp\270\215\026P@2\314gQ\036"
 373      17FD8419 
 373      66515170 
 373      B88D1650 
 373      4032CC67 
 374 078e 675617AB 		.ascii	"gV\027\253\224\344b\0022\271\260\017M\240\220\362\273"
 374      94E46202 
 374      32B9B00F 
 374      4DA090F2 
 374      BB
 375 079f DBC9EF93 		.ascii	"\333\311\357\223\374\352C\301\310\357C\374\014\216\224"
 375      FCEA43C1 
 375      C8EF43FC 
 375      0C8E94
 376 07ae FFACB66A 		.ascii	"\377\254\266jP\312\316\221\226I\335<\261\204\255\316"
 376      50CACE91 
 376      9649DD3C 
ARM GAS  /tmp/ccGKJYp6.s 			page 29


 376      B184ADCE 
 377 07be D6819DBC 		.ascii	"\326\201\235\274\212\254\330\177\242\366Sn\263r\273"
 377      8AACD87F 
 377      A2F6536E 
 377      B372BB
 378 07cd 25DDC7   		.ascii	"%\335\307"
 379 07d0 87A4B606 		.ascii	"\207\244\266\006\2727\373\367\342\317\337\371t>\014"
 379      BA37FBF7 
 379      E2CFDFF9 
 379      743E0C
 380 07df B17D714D 		.ascii	"\261}qM\032\216jVc\256E\374\307\350\331}\267y\247\307"
 380      1A8E6A56 
 380      63AE45FC 
 380      C7E8D97D 
 380      B779A7C7 
 381 07f3 2F2112CB 		.ascii	"/!\022\313\335@\007X\003\221\373\034\244;.Lu\010N\200"
 381      DD400758 
 381      0391FB1C 
 381      A43B2E4C 
 381      75084E80 
 382 0807 0C04F87C 		.ascii	"\014\004\370|\221\302?\332\331\177[2\357\335\362\247"
 382      91C23FDA 
 382      D97F5B32 
 382      EFDDF2A7 
 383 0817 AE25D87F 		.ascii	"\256%\330\177\305\274o\337\265J_\344\213u\024\371\\"
 383      C5BC6FDF 
 383      B54A5FE4 
 383      8B7514F9 
 383      5C
 384 0828 6F6E9966 		.ascii	"on\231f?j\017\242{)s\377\252\372\361+\341\2771\\F\031"
 384      3F6A0FA2 
 384      7B2973FF 
 384      AAFAF12B 
 384      E1BF315C 
 385 083e FE8A324C 		.ascii	"\376\2122L\027*CJ\232\315\377\263\317\327,Y\025\025"
 385      172A434A 
 385      9ACDFFB3 
 385      CFD72C59 
 385      1515
 386 0850 C505180C 		.ascii	"\305\005\030\014iF\263\355\227\006[\202>\311b\022\365"
 386      6946B3ED 
 386      97065B82 
 386      3EC96212 
 386      F5
 387 0861 EB45F1AF 		.ascii	"\353E\361\257\2429AoI\261\351\327\305\307G\304\246\232"
 387      A239416F 
 387      49B1E9D7 
 387      C5C747C4 
 387      A69A
 388 0873 22CC16B3 		.ascii	"\"\314\026\263\030!\306\306\031#>\211X\276,je\304\337"
 388      1821C6C6 
 388      19233E89 
 388      58BE2C6A 
 388      65C4DF
 389 0886 A222D252 		.ascii	"\242\"\322R\022bm\242\336\343\265\336h\216ONK\020\365"
 389      12626DA2 
 389      DEE3B5DE 
ARM GAS  /tmp/ccGKJYp6.s 			page 30


 389      688E4F4E 
 389      4B10F5
 390 0899 A6D8F824 		.ascii	"\246\330\370$\243Y\324\033\022\304\304\330\264d\233"
 390      A359D41B 
 390      12C4C4D8 
 390      B4649B
 391 08a8 C1B62145 		.ascii	"\301\266!E\264F&q\0329\330\237~\304`\326\015V\275\301"
 391      B4462671 
 391      1A39D89F 
 391      7EC460D6 
 391      0D56BDC1 
 392 08bc 6A4B4064 		.ascii	"jK@d\214\200\005\341\303\212\345\006\233F\276\373\231"
 392      8C8005E1 
 392      C38AE506 
 392      9B46BEFB 
 392      99
 393 08cd ACEB0CB6 		.ascii	"\254\353\014\266_EF\352W%\031\343\2141_\350-V}\274\305"
 393      5F4546EA 
 393      572519E3 
 393      8C315FE8 
 393      2D567DBC 
 394 08e2 64B298F5 		.ascii	"d\262\230\365)\226T\233U\377\233?D\257\212\376\222\350"
 394      2996549B 
 394      55FF9B3F 
 394      44AF8AFE 
 394      92E8
 395 08f4 528CC962 		.ascii	"R\214\311b\252U\377\331\252U\372\370$g\322\277\360t"
 395      AA55FFD9 
 395      AA55FAF8 
 395      2467D2BF 
 395      F074
 396 0906 4D8A4DD6 		.ascii	"M\212M\326'\033\343\364V[\252\030k\262\352M\242I~\214"
 396      271BE3F4 
 396      565BAA18 
 396      6BB2EA4D 
 396      A2497E8C 
 397 091a 8C4776D7 		.ascii	"\214Gv\327\2116\265\001\227\011V\265\325\370\017\321"
 397      8936B501 
 397      970956B5 
 397      D5F80FD1 
 398 092a 608BFBBF 		.ascii	"`\213\373\277j%\021\320\314\253\346O\"WDF\271+\267%"
 398      6A2511D0 
 398      CCABE64F 
 398      22574446 
 398      B92BB725 
 399 093e 20C18456 		.ascii	" \301\204V\303\372T\243M\264\352L\326\230\270\277\210"
 399      C3FA54A3 
 399      4DB4EA4C 
 399      D698B8BF 
 399      88
 400 094f F1B6DF9B 		.ascii	"\361\266\337\233\2156A\264XU$\005u\\Zb\242\230*\374"
 400      8D3641B4 
 400      58552405 
 400      755C5A62 
 400      A2982AFC 
 401 0963 DD641370 		.ascii	"\335d\023p\357U$9?\352\240\213\026M_\320\334\327F\257"
 401      EF552439 
ARM GAS  /tmp/ccGKJYp6.s 			page 31


 401      3FEAA08B 
 401      164D5FD0 
 401      DCD746AF 
 402 0977 1630F31F 		.ascii	"\0260\363\037^j\022\247\266$&ZE\033\301\260\244n`0j"
 402      5E6A12A7 
 402      B624265A 
 402      451BC1B0 
 402      A46E6030 
 403 098c B4884FD9 		.ascii	"\264\210O\331\240J\026c\0235f\213-)\325\262\036\242"
 403      A04A1663 
 403      1335668B 
 403      2D29D5B2 
 403      1EA2
 404 099e 3489E625 		.ascii	"4\211\346%\326\0241\0365fsZr\362\352\037s\367m\251F"
 404      D614311E 
 404      3566735A 
 404      72F2EA1F 
 404      73F76DA9 
 405 09b3 F33A4CE7 		.ascii	"\363:L\347?\272MmO"
 405      3FBA4D6D 
 405      4F
 406              		.text
 407              		.section	.gnu.lto_.symtab.ae6e12998eca4ebf,"",%progbits
 408 0000 6D734F62 		.ascii	"msObjectInit\000"
 408      6A656374 
 408      496E6974 
 408      00
 409 000d 00       		.ascii	"\000"
 410 000e 00       		.ascii	"\000"
 411 000f 00       		.ascii	"\000"
 412 0010 00000000 		.ascii	"\000\000\000\000\000\000\000\000"
 412      00000000 
 413 0018 0A010000 		.ascii	"\012\001\000\000"
 414              		.text
 415              		.section	.gnu.lto_.opts,"",%progbits
 416 0000 272D666D 		.ascii	"'-fmath-errno' '-fsigned-zeros' '-ftrapping-math' '"
 416      6174682D 
 416      6572726E 
 416      6F272027 
 416      2D667369 
 417 0033 2D666E6F 		.ascii	"-fno-trapv' '-fno-openmp' '-fno-openacc' '-mcpu=cor"
 417      2D747261 
 417      70762720 
 417      272D666E 
 417      6F2D6F70 
 418 0066 7465782D 		.ascii	"tex-m4' '-mfloat-abi=hard' '-mfpu=fpv4-sp-d16' '-mn"
 418      6D342720 
 418      272D6D66 
 418      6C6F6174 
 418      2D616269 
 419 0099 6F2D7468 		.ascii	"o-thumb-interwork' '-mthumb' '-ggdb' '-O2' '-fomit-"
 419      756D622D 
 419      696E7465 
 419      72776F72 
 419      6B272027 
 420 00cc 6672616D 		.ascii	"frame-pointer' '-falign-functions=16' '-ffunction-s"
 420      652D706F 
ARM GAS  /tmp/ccGKJYp6.s 			page 32


 420      696E7465 
 420      72272027 
 420      2D66616C 
 421 00ff 65637469 		.ascii	"ections' '-fdata-sections' '-fno-common' '-flto' '-"
 421      6F6E7327 
 421      20272D66 
 421      64617461 
 421      2D736563 
 422 0132 6673696E 		.ascii	"fsingle-precision-constant'\000"
 422      676C652D 
 422      70726563 
 422      6973696F 
 422      6E2D636F 
 423              		.text
 424              		.comm	__gnu_lto_v1,1,1
 425              		.comm	__gnu_lto_slim,1,1
 426              		.ident	"GCC: (GNU Tools for ARM Embedded Processors 6-2017-q1-update) 6.3.1 20170215 (release) [AR
ARM GAS  /tmp/ccGKJYp6.s 			page 33


DEFINED SYMBOLS
                            *ABS*:0000000000000000 memstreams.c
                            *COM*:0000000000000001 __gnu_lto_v1
                            *COM*:0000000000000001 __gnu_lto_slim

NO UNDEFINED SYMBOLS
