ARM GAS  /tmp/cckeSav8.s 			page 1


   1              		.cpu cortex-m4
   2              		.eabi_attribute 27, 1
   3              		.eabi_attribute 28, 1
   4              		.eabi_attribute 20, 1
   5              		.eabi_attribute 21, 1
   6              		.eabi_attribute 23, 3
   7              		.eabi_attribute 24, 1
   8              		.eabi_attribute 25, 1
   9              		.eabi_attribute 26, 1
  10              		.eabi_attribute 30, 2
  11              		.eabi_attribute 34, 1
  12              		.eabi_attribute 18, 4
  13              		.file	"nullstreams.c"
  14              		.text
  15              	.Ltext0:
  16              		.section	.gnu.lto_.profile.73e5d3bac151da4f,"",%progbits
  17 0000 789C6365 		.ascii	"x\234ce`b`a```d\340f\003\000\000\234\000\036"
  17      60626061 
  17      60606064 
  17      E0660300 
  17      009C001E 
  18              		.text
  19              		.section	.gnu.lto_.icf.73e5d3bac151da4f,"",%progbits
  20 0000 789C6365 		.ascii	"x\234ce`bPc@\0006\206\273\257\337l`d\274\261\355\363"
  20      60625063 
  20      40003686 
  20      BBAFDF6C 
  20      6064BCB1 
  21 0016 436EA6CE 		.ascii	"Cn\246\3167\347Or0/\371s\343<'\313\301e\307\236\362"
  21      37E74F72 
  21      302FF973 
  21      E33C27CB 
  21      C165C79E 
  22 002b B27EBDB1 		.ascii	"\262~\275\261\374\015\033\003\000\214\273\023\377"
  22      FC0D1B03 
  22      008CBB13 
  22      FF
  23              		.text
  24              		.section	.gnu.lto_.jmpfuncs.73e5d3bac151da4f,"",%progbits
  25 0000 789C6365 		.ascii	"x\234ce`bPe@\000V\006fFFF\026\006\206zF\020\003$\304"
  25      60625065 
  25      40005606 
  25      66464646 
  25      1606867A 
  26 0019 C404A699 		.ascii	"\304\004\246\231A$\013P\254\236\001\000\033\012\001"
  26      41240B50 
  26      AC9E0100 
  26      1B0A01
  27 0028 53       		.ascii	"S"
  28              		.text
  29              		.section	.gnu.lto_.inline.73e5d3bac151da4f,"",%progbits
  30 0000 789C6365 		.ascii	"x\234ce`b\210e@\000V\006\006f&F\240 \003\003\333\002"
  30      60628865 
  30      40005606 
  30      06662646 
  30      A0200303 
  31 0016 7910C5C0 		.ascii	"y\020\305\300\210!\302\204!\302\214!\302\302\300\302"
ARM GAS  /tmp/cckeSav8.s 			page 2


  31      8821C284 
  31      21C28C21 
  31      C2C2C0C2 
  32 0026 0C14617C 		.ascii	"\014\024a|\301\316\300\336\241\016\026b\000\000\355"
  32      C1CEC0DE 
  32      A10E1662 
  32      0000ED
  33 0035 770562   		.ascii	"w\005b"
  34              		.text
  35              		.section	.gnu.lto_.pureconst.73e5d3bac151da4f,"",%progbits
  36 0000 789C6365 		.ascii	"x\234ce`b\340f```e``\0042\231\031X\244\000\001\262\000"
  36      6062E066 
  36      60606065 
  36      60600432 
  36      991958A4 
  37 0018 3C       		.ascii	"<"
  38              		.text
  39              		.section	.gnu.lto_writes.73e5d3bac151da4f,"",%progbits
  40 0000 789C5D90 		.ascii	"x\234]\220\275KBQ\030\207\337\3379\327\217 \375\007"
  40      BD4B4251 
  40      1887DFDF 
  40      39D78F20 
  40      FD07
  41 0012 6A680844 		.ascii	"jh\010D\010/\004\2655\265\264545j\004^\270\231d\315"
  41      082F04B5 
  41      35B5B435 
  41      34356A04 
  41      5EB89964 
  42 0027 1EADE843 		.ascii	"\036\255\350C(\243T\354\203\353\"\267o\215 j\223v\203"
  42      28A354EC 
  42      83EB22B7 
  42      6F8D206A 
  42      937683
  43 003a 34A7B66A 		.ascii	"4\247\266j\254\241\271\262\316\2718\204\303\341\274"
  43      ACA1B9B2 
  43      CEB93884 
  43      C3E1BC
  44 0049 BF739EE7 		.ascii	"\277s\236\347\034\336\327E\214\246A4JD}r\201\023X\366"
  44      1CDED745 
  44      8CA64134 
  44      4A447D72 
  44      811358F6 
  45 005d 8128E565 		.ascii	"\201(\345e\200*\204\027\224dHb\233\0278\036W\252\207"
  45      802A8417 
  45      94644862 
  45      9B17381E 
  45      57AA87
  46 0070 7C8B5B12 		.ascii	"|\213[\022\323d\374\254\357\277\372U\004\006d<\020\215"
  46      D364FCAC 
  46      EFBFFA55 
  46      0406643C 
  46      108D
  47 0082 0D4FD016 		.ascii	"\015O\320\026\"-j\205\333\261\235\345\325\011\2133*"
  47      222D6A85 
  47      DBB19DE5 
  47      D5098B33 
  47      2A
ARM GAS  /tmp/cckeSav8.s 			page 3


  48 0093 4AFA18FD 		.ascii	"J\372\030\375\260\321\257\2768AP\262\315z+\353\341:"
  48      B0D1AFBE 
  48      384150B2 
  48      CD7A2BEB 
  48      E13A
  49 00a5 48D6D7EB 		.ascii	"H\326\327\353\245\273\336@\331\361\336v\271\030\264"
  49      A5BBDE40 
  49      D9F1DE76 
  49      B918B4
  50 00b4 38C729F8 		.ascii	"8\307)\370\177Q\036\021\316\020\220\370W\246\225\357"
  50      7F511E11 
  50      CE1090F8 
  50      57A695EF 
  51 00c4 E1C38E9A 		.ascii	"\341\303\216\232*\337X\254\243~\347\034U\303y\267\252"
  51      2ADF58AC 
  51      A37EE71C 
  51      55C379B7 
  51      AA
  52 00d5 112E1CF5 		.ascii	"\021.\034\365G\354\345\375|\304Q\213\367\271g_G}*8*"
  52      47ECE5FD 
  52      7CC4518B 
  52      F7B9675F 
  52      477D2A38 
  53 00ea C365B7CA 		.ascii	"\303e\267\312\010\025\004\024\377r\325\316\371\334\232"
  53      08150414 
  53      FF72D5CE 
  53      F9DC9A
  54 00f9 6A477651 		.ascii	"jGvQ\205[\316\215*\015\324D\373wM\324\336m\264\\r\020"
  54      855BCE8D 
  54      2A0DD444 
  54      FB774DD4 
  54      DE6DB45C 
  55 010f 0E4E9B12 		.ascii	"\016N\233\022R\343\313\310\007\344\316?\220.\331M(\355"
  55      52E3CBC8 
  55      07E4CE3F 
  55      902ED94D 
  55      28ED
  56 0121 882B5112 		.ascii	"\210+Q\022P7\214h(\024\322\307\243F\304\230\234\322"
  56      50378C68 
  56      2814D2C7 
  56      A346C498 
  56      9CD2
  57 0133 E7137A34 		.ascii	"\347\023z4l\352\246\021\321\023\213\013\263\341\271"
  57      6CEAA611 
  57      D1138B0B 
  57      B3E1B9
  58 0142 841E5B32 		.ascii	"\204\036[2\315N\035\232!f\304Y$\216\330\037\026\204"
  58      CD4E1D9A 
  58      2166C459 
  58      248ED81F 
  58      1684
  59 0154 7DF9     		.ascii	"}\371"
  60              		.text
  61              		.section	.gnu.lto_reads.73e5d3bac151da4f,"",%progbits
  62 0000 789C5D90 		.ascii	"x\234]\220\315KBA\024\305\357\231yfA\372\017\344\242"
  62      CD4B4241 
  62      14C5EF99 
ARM GAS  /tmp/cckeSav8.s 			page 4


  62      796641FA 
  62      0FE4A2
  63 0013 452041F8 		.ascii	"E A\370 \250]\2536\355Z\364\027\250\004\012V\222\265"
  63      20A85DAB 
  63      36ED5AF4 
  63      17A8040A 
  63      5692B5
  64 0026 76B4A42F 		.ascii	"v\264\244/(\243|b\005\272\351\373C%\010\332\211\264"
  64      28A37C62 
  64      05BAE9FB 
  64      432508DA 
  64      89B4
  65 0038 B5C81082 		.ascii	"\265\310\020\202Z\3252Z\004A\213\310\272\363(\010\027"
  65      5AD5325A 
  65      04418BC8 
  65      BAF32808 
  65      17
  66 0049 C3DC3373 		.ascii	"\303\3343s~\367r\217\203\004\005A4HD]| \011\"}M\224"
  66      7EF7728F 
  66      83040541 
  66      3448445D 
  66      7C200922 
  67 0060 6817802E 		.ascii	"h\027\200.T;(.\020\307\232\314J\334\316\227v\344\252"
  67      543B282E 
  67      10C79ACC 
  67      4ADCCE97 
  67      76E4AA
  68 0073 CCB3CD60 		.ascii	"\314\263\315`\371V\333zvk\011t\263\334V\365%g\357\276"
  68      F956DB7A 
  68      766B0974 
  68      B3DC56F5 
  68      2567EFBE 
  69 0087 524955C9 		.ascii	"RIU\311\336\017\255\317\245F\362RP\216\335\007\360`"
  69      DE0FADCF 
  69      A546F252 
  69      508EDD07 
  69      F060
  70 0099 1F1E3DE2 		.ascii	"\037\036=\342\020\275\354\275\2535\322Ni\202\270>_,"
  70      10BDECBD 
  70      AB35D24E 
  70      6982B83E 
  70      5F2C
  71 00ab 5C767A77 		.ascii	"\\vzwm\356qC\252\236\274\2248\202\374\017\362\023\341"
  71      6DEE7143 
  71      AA9EBC94 
  71      3882FC0F 
  71      F213E1
  72 00be 185EB67F 		.ascii	"\030^\266\177\2564\254\016\331o\243\211\335\213\274"
  72      AE34AC0E 
  72      D96FA389 
  72      DD8BBC
  73 00cd F845AF32 		.ascii	"\370E\25726j\340\244\0255\010\2476\372\2456-\267\034"
  73      366AE0A4 
  73      153508A7 
  73      36FAA536 
  73      2DB71C
  74 00e0 B0D15C35 		.ascii	"\260\321\\5\363\340\372\233j\331\250\300Y+*\010Ex\265"
ARM GAS  /tmp/cckeSav8.s 			page 5


  74      F3E0FA9B 
  74      6AD9A8C0 
  74      592B2A08 
  74      4578B5
  75 00f3 FFA9DCCC 		.ascii	"\377\251\334\314\270\332\014\275\016oQB\033\347F\305"
  75      B8DA0CBD 
  75      0E6F5142 
  75      1BE746C5 
  76 0103 3A2AAAF9 		.ascii	":*\252\371\275\240*\357{\370p\010\242e\376\326\301\255"
  76      BDA02AEF 
  76      7BF87008 
  76      A265FED6 
  76      C1AD
  77 0115 30CAB77C 		.ascii	"0\312\267|E\262\360r\007\015p\023+U\275q\352\304\004"
  77      45B2F072 
  77      070D7013 
  77      2B55BD71 
  77      EAC404
  78 0128 08653B10 		.ascii	"\010e;\020&\240\235\314\366\371|\346p(\034\010\217\216"
  78      26A09DCC 
  78      F6F97CE6 
  78      70281C08 
  78      8F8E
  79 013a 99533133 		.ascii	"\231S13\344\217\230\221p\300\214\315L\217\373'b\346"
  79      E48F9891 
  79      70C08CCD 
  79      4C8FFB27 
  79      62E6
  80 014c E46C24F2 		.ascii	"\344l$\362[\373\202$\302Q\021\210b\362\007\260\207\202"
  80      5BFB8224 
  80      C2511188 
  80      62F207B0 
  80      8782
  81 015e 2E       		.ascii	"."
  82              		.text
  83              		.section	.gnu.lto_put.73e5d3bac151da4f,"",%progbits
  84 0000 789C4D8F 		.ascii	"x\234M\217OKBA\024\305\357\231y\251\013\363\003\224"
  84      4F4B4241 
  84      14C5EF99 
  84      79A90BF3 
  84      0394
  85 0012 8B169108 		.ascii	"\213\026\221\010\341\213\\\265\016\242]\213>\201F\340"
  85      E18B5CB5 
  85      0EA25D8B 
  85      3E8146E0 
  86 0022 83D71FB2 		.ascii	"\203\327\037\262\326N\226\026\025eDI!\350\242\260\264"
  86      D64E9616 
  86      15654449 
  86      21E8A2B0 
  86      B4
  87 0033 B268E5EE 		.ascii	"\262h\345\356\021m-*\372\002e\2530(ZEXw\254E\003\303"
  87      116D2D2A 
  87      FA0265AB 
  87      30285A45 
  87      5877AC45 
  88 0049 9C3B737E 		.ascii	"\234;s~w\356i#A= \012\023Q'oH\202\310\\\023\315{\004"
  88      77EE6923 
ARM GAS  /tmp/cckeSav8.s 			page 6


  88      413D200A 
  88      1351276F 
  88      4882C85C 
  89 0061 A085F280 		.ascii	"\240\205\362\200\022\002\011l\310\254\304\355\342YN"
  89      1202096C 
  89      C8ACC4ED 
  89      E2594E
  90 0070 AECB3CDB 		.ascii	"\256\313<\333\014.\337j{O>]\002]\\\326\253\351\206\021"
  90      0C2EDF6A 
  90      7B4F3E5D 
  90      025D5CD6 
  90      ABE98611 
  91 0084 2C2A5E4E 		.ascii	",*^N\366s`s!5\234\227\202v\331}\010?\212\360\353/\216"
  91      F6736073 
  91      21359C97 
  91      8276D97D 
  91      083F8AF0 
  92 009b 1064EF7D 		.ascii	"\020d\357}\355!\343\226&\210\365\305r\241\352\015\034"
  92      ED21E396 
  92      2688F5C5 
  92      72A1EA0D 
  92      1C
  93 00ac 289554CE 		.ascii	"(\225T\316\325\226T\335y)Q\202\374\017\362\025\241\214"
  93      D59654DD 
  93      79295182 
  93      FC0FF215 
  93      A18C
  94 00be 00DB73E9 		.ascii	"\000\333s\351\322\263\224\375-\364%\375\376\352\373"
  94      D2B394FD 
  94      2DF425FD 
  94      FEEAFB
  95 00cd 43EB1F42 		.ascii	"C\353\037By\363\322\300\361/\032\366\243O\203\006\341"
  95      79F3D2C0 
  95      F12F1AF6 
  95      A34F8306 
  95      E1
  96 00de 0401ED7E 		.ascii	"\004\001\355~<on\267\273\014=\021\017r\012\027G\247"
  96      3C6F6EB7 
  96      BB0C3D11 
  96      0F720A17 
  96      47A7
  97 00f0 CA1D1CD5 		.ascii	"\312\035\034\325\374^R\316\327>\262C\202h\205\237u\366"
  97      FC5E52CE 
  97      D73EB243 
  97      8268859F 
  97      75F6
  98 0102 551E9E4F 		.ascii	"U\036\236O\331@\262P^\353\320\0007\331I]\336\270uh\001"
  98      D940B250 
  98      5EEBD000 
  98      37D9495D 
  98      DEB87568 
  99 0117 42A59589 		.ascii	"B\245\225\211\011h'\263\275\241\2209\030\263\242\326"
  99      096827B3 
  99      BDA19039 
  99      18B3A2D6 
 100 0127 C8A83915 		.ascii	"\310\2509\0257c\021\333\264\255\250\031\237\235\031"
 100      376311DB 
ARM GAS  /tmp/cckeSav8.s 			page 7


 100      B4ADA819 
 100      9F9D19
 101 0136 8F4CC4CD 		.ascii	"\217L\304\315\3119\333\376\323\2411\022\3264\242?\""
 101      C939DBFE 
 101      D3A13112 
 101      D634A23F 
 101      22
 102 0147 666F93   		.ascii	"fo\223"
 103              		.text
 104              		.section	.gnu.lto_get.73e5d3bac151da4f,"",%progbits
 105 0000 789C6365 		.ascii	"x\234ce`bx\307\300\300`\010\304\322@\314\310\314\300"
 105      606278C7 
 105      C0C06008 
 105      C4D240CC 
 105      C8CCC0
 106 0013 C834E11C 		.ascii	"\3104\341\034\003C#\007\023##\210\321\300\301\310P\317"
 106      03432307 
 106      13232388 
 106      D1C0C1C8 
 106      50CF
 107 0025 C458CFD8 		.ascii	"\304X\317\330\317<\235\231\361b\313\2069\314}\314\363"
 107      CF3C9D99 
 107      F162CB86 
 107      39CC7DCC 
 107      F3
 108 0036 81CA5880 		.ascii	"\201\312X\200\334\217gg=\346\003q\031\031\025\200\334"
 108      DC8F6767 
 108      3DE60371 
 108      19191580 
 108      DC
 109 0047 273BDBDE 		.ascii	"';\333\336\262h.o\000\202\003\323g\261\315\333t\241"
 109      B2682E6F 
 109      008203D3 
 109      67B1CDDB 
 109      74A1
 110 0059 81733E33 		.ascii	"\201s>3\023\303L\240\362\025\2142\214\313\031e@v\254"
 110      13C34CA0 
 110      F2158C32 
 110      8CCB1965 
 110      4076AC
 111 006c 64D4042A 		.ascii	"d\324\004*\276|\366\352\004vf}F\006 {s\307\202\235<"
 111      BE7CF6EA 
 111      0476667D 
 111      4606207B 
 111      73C7829D 
 112 0081 EA4B1B1A 		.ascii	"\352K\033\032\232\032\016\034\231\314\334\2402\237\231"
 112      9A1A0E1C 
 112      99CCDCA0 
 112      329F99
 113 0090 99711523 		.ascii	"\231q\025#3\262F\240\020\003\343jFu\220\372G\033\377"
 113      33B246A0 
 113      1003E36A 
 113      467590FA 
 113      471BFF
 114 00a3 4DE56563 		.ascii	"M\345ec\001\031\0144o\015#\033#\220^\177\211\361@\303"
 114      01190C34 
 114      6F0D231B 
ARM GAS  /tmp/cckeSav8.s 			page 8


 114      23905E7F 
 114      89F140C3 
 115 00b7 BFFFED0D 		.ascii	"\277\377\355\015\007\236,f\334\352\306\304\300\320\005"
 115      079E2C66 
 115      DCEAC6C4 
 115      C0D005
 116 00c6 9406F9A1 		.ascii	"\224\006\371\241\033\350\006 \315\374\226\261i\301\363"
 116      1BE80620 
 116      CDFC96B1 
 116      69C1F3
 117 00d5 1E299006 		.ascii	"\036)\220\006\240!\007\037l\372\310\015r<\023#\013\343"
 117      A021071F 
 117      6CFAC80D 
 117      723C1323 
 117      0BE3
 118 00e7 5AB0D380 		.ascii	"Z\260\323\200:\030A*\201zu\364\364\364\23532\2232\375"
 118      3A18412A 
 118      817A75F4 
 118      F4F49D33 
 118      329332FD 
 119 00fb 83F5F38B 		.ascii	"\203\365\363\213\3653\022s\364s2\223\364\213K\212R\023"
 119      F5331273 
 119      F4733293 
 119      F48B4B8A 
 119      5213
 120 010d 738BF5F3 		.ascii	"s\213\365\363Jsr\240l\275d\006\246\314\002\000\206\035"
 120      4A7372A0 
 120      6CBD6406 
 120      A6CC0200 
 120      861D
 121 011f 5F86     		.ascii	"_\206"
 122              		.text
 123              		.section	.gnu.lto_nullObjectInit.73e5d3bac151da4f,"",%progbits
 124 0000 789C4D50 		.ascii	"x\234MP\313+\304Q\024>\337\357\374fP\310RXX()\315-\377"
 124      CB2BC451 
 124      143EDFEF 
 124      FC6650C8 
 124      52585828 
 125 0018 82B2B5F0 		.ascii	"\202\262\265\360\027 e2\036\03166s\215\307\210<\026"
 125      17206532 
 125      1E193636 
 125      738DC788 
 125      3C16
 126 002a 9831997E 		.ascii	"\2301\231~\204\274\007c!+\223\215\310#\376\000\013D"
 126      84BC0763 
 126      212B938D 
 126      C823FE00 
 126      0B44
 127 003c 5E0B2135 		.ascii	"^\013!5\345q\356\260p\353t\3179\367\273\337\371\276"
 127      E571EEB0 
 127      70EB74CF 
 127      39F7BBDF 
 127      F9BE
 128 004e E3228B46 		.ascii	"\343\"\213FATAD\205\022`\2025vJ\324\235i\001&\321\231"
 128      41544144 
 128      85126082 
 128      35764AD4 
ARM GAS  /tmp/cckeSav8.s 			page 9


 128      9D690126 
 129 0064 A0808500 		.ascii	"\240\200\205\000F9\314\330\017\335\356Ze\213ZN2|\351"
 129      4639CCD8 
 129      0FDDEE5A 
 129      658B5A4E 
 129      327CE9
 130 0077 EED77DF9 		.ascii	"\356\327}\371\016\023MI\230\203E\224\011\352\274ws\232"
 130      0E134D49 
 130      98834594 
 130      09EABC77 
 130      739A
 131 0089 47D861C0 		.ascii	"G\330a\300\226\362\345$z\235kJ\013\305R\336\315&\236"
 131      96F2E524 
 131      7A9D6B4A 
 131      0BC552DE 
 131      CD269E
 132 009c 6C5620C9 		.ascii	"lV \311\303\251\336\025\273tA\353\240N\036\217\263."
 132      C3A9DE15 
 132      BB7441EB 
 132      A04E1E8F 
 132      B32E
 133 00ae 7198B102 		.ascii	"q\230\261\002\026B,\243\010K(\"i\021VQj\360W[_\0239"
 133      16422CA3 
 133      084B2822 
 133      69115651 
 133      6AF0575B 
 134 00c5 6EFB7720 		.ascii	"n\373w \326\340\026\355\264q\201\244\376\372\016\351"
 134      D6E016ED 
 134      B47181A4 
 134      FEFA0EE9 
 135 00d5 E4DB3CDE 		.ascii	"\344\333<\336\253lQn\3404( ca\210-s\363=\202\251Pl\247"
 135      AB6C516E 
 135      E0342820 
 135      6361882D 
 135      73F33D82 
 136 00ed CDFC13AE 		.ascii	"\315\374\023\256\311\276\375\263\014#\213\323R>\016"
 136      C9BEFDB3 
 136      0C238BD3 
 136      523E0E
 137 00fc 8E06B21D 		.ascii	"\216\006\262\035\304\272\305\333L\201\303vL\364\256"
 137      C4BAC5DB 
 137      4C81C376 
 137      4CF4AE
 138 010b CB7CF3B8 		.ascii	"\313|\363\270p\023\214g\250u\343\273\330a\027\342p\020"
 138      70138C67 
 138      A875E3BB 
 138      D86117E2 
 138      7010
 139 011d 499BC606 		.ascii	"I\233\306\006\324\1772W\232\254'\265\367\232\033\370"
 139      D47F3257 
 139      9AAC27B5 
 139      F79A1BF8 
 140 012d D4B21DD7 		.ascii	"\324\262\035\327\234\301I\3570\272\332d\370\363\034"
 140      9CC149EF 
 140      30BADA64 
 140      F8F31C
 141 013c 76634B36 		.ascii	"vcK6\272\371G\376\375\220\210g\0118\"\203\273\014CB"
ARM GAS  /tmp/cckeSav8.s 			page 10


 141      BAF947FE 
 141      FD908867 
 141      09382283 
 141      BB0C4342 
 142 0150 D885791B 		.ascii	"\330\205y\033\001zFp\346q\030Frz\303\203\"V\274XD\345"
 142      017A4670 
 142      E6711846 
 142      727AC383 
 142      2256BC58 
 143 0166 1E8FAA6C 		.ascii	"\036\217\252l\364\326y\253kT\253_5\326\372\224\317["
 143      F4D679AB 
 143      6B54AB5F 
 143      35D6FA94 
 143      CF5B
 144 0178 A7FC1DED 		.ascii	"\247\374\035\355\015\265\315~\325\322\351\363\375\345"
 144      0DB5CD7E 
 144      D5D2E9F3 
 144      FDE5
 145 0186 9E7AE216 		.ascii	"\236z\342\026\177\333\017\261\253\225%"
 145      7FDB0FB1 
 145      AB9525
 146              		.text
 147              		.section	.gnu.lto_vmt.73e5d3bac151da4f,"",%progbits
 148 0000 789C6365 		.ascii	"x\234ce`b\230\311\300\300\240\307\000\001\323\231\031"
 148      606298C9 
 148      C0C0A0C7 
 148      0001D399 
 148      19
 149 0011 77EE7C73 		.ascii	"w\356|s\233\275\376oCGC\303\203\3569\314u\363\231\031"
 149      9BBDFE6F 
 149      434743C3 
 149      83EE39CC 
 149      75F39919 
 150 0025 66326348 		.ascii	"f2cH-x\306<\237\231q&3#\206\304*\240\004\323Lf&\014"
 150      2D78C63C 
 150      9F997126 
 150      332386C4 
 150      2AA004D3 
 151 003d 89574CF3 		.ascii	"\211WL\363\231\231g23\203%\276>{\262\237\303b[C\307"
 151      99996732 
 151      338325BE 
 151      3E7BB29F 
 151      C3625B43 
 152 0052 820687F9 		.ascii	"\202\006\207\371\314,3\230\031\030W1\326\317`fd\\\011"
 152      CC2C3398 
 152      19185731 
 152      D6CF6066 
 152      645C09
 153 0065 A2981857 		.ascii	"\242\230\030W\200(f\306\345\214\365\014\214\253\031"
 153      802866C6 
 153      E58CF50C 
 153      8CAB19
 154 0074 2D1874F4 		.ascii	"-\030t\364\364\364\23532\2232\375\203\365\363\213\365"
 154      F4F49D33 
 154      329332FD 
 154      83F5F38B 
 154      F5
ARM GAS  /tmp/cckeSav8.s 			page 11


 155 0085 331273F4 		.ascii	"3\022s\364s2\223\364\213K\212R\023s\213\365\363Jsr\240"
 155      733293F4 
 155      8B4B8A52 
 155      13738BF5 
 155      F34A7372 
 156 009a 6CBD6406 		.ascii	"l\275d\006\000LFJ\016"
 156      004C464A 
 156      0E
 157              		.text
 158              		.section	.gnu.lto_.symbol_nodes.73e5d3bac151da4f,"",%progbits
 159 0000 789C6365 		.ascii	"x\234ce`b\310e\000\002\246\251L\365\014\014\023\316"
 159      6062C865 
 159      0002A6A9 
 159      4CF50C0C 
 159      13CE
 160 0012 313000A9 		.ascii	"10\000\251\035\013\0166\260\001\305\2461\3253\242\213"
 160      1D0B0E36 
 160      B001C5A6 
 160      31D533A2 
 160      8B
 161 0023 4D67AA67 		.ascii	"Mg\252gB\027\233\301T\317\214.6\213\251\236\005&\266"
 161      42179BC1 
 161      54CF8C2E 
 161      368BA99E 
 161      0526B6
 162 0036 ABC19181 		.ascii	"\253\301\221\201\201u&\023C\203\022\003\0033\003\000"
 162      81752613 
 162      43831203 
 162      03330300 
 163 0046 8DFC1C8F 		.ascii	"\215\374\034\217"
 164              		.text
 165              		.section	.gnu.lto_.refs.73e5d3bac151da4f,"",%progbits
 166 0000 789C05C1 		.ascii	"x\234\005\301\261\001\000\000\010\303\2404\332\335\377"
 166      B1010000 
 166      08C3A034 
 166      DADDFF
 167 000f AF158A1C 		.ascii	"\257\025\212\034\220\265\331\212Q\207\007\003S\000<"
 167      90B5D98A 
 167      51870703 
 167      53003C
 168              		.text
 169              		.section	.gnu.lto_.decls.73e5d3bac151da4f,"",%progbits
 170 0000 789CAD56 		.ascii	"x\234\255V}L\024g\032\237gf\201eY\300HclB.\306\320\204"
 170      7D4C1467 
 170      1A9F6766 
 170      816559C0 
 170      48636C42 
 171 0018 3FCA8EE8 		.ascii	"?\312\216\350\305\273\\\232\246\015\311\365\372\207"
 171      C5BB5C9A 
 171      A60DC9F5 
 171      FA87
 172 0026 3569AB49 		.ascii	"5i\253I\377\332\3601'{\007\013\307\016\327\366r\177"
 172      FFDAF031 
 172      277B070B 
 172      C70ED7F6 
 172      727F
 173 0038 4CA12052 		.ascii	"L\241 R\217B\255 V,\245\255\247\247\200\324\225V\254"
ARM GAS  /tmp/cckeSav8.s 			page 12


 173      8F42AD20 
 173      562CA5AD 
 173      A7A780D4 
 173      9556AC
 174 004b BA50A528 		.ascii	"\272P\245(hEk9+\013\245R\251\210|\027\\\360\216>\357"
 174      68456B39 
 174      2B0BA552 
 174      A9887C17 
 174      5CF08E3E 
 175 0060 FBCED7D2 		.ascii	"\373\316\327\322!\315]:\361Yf\236y~\357\357\367|\274"
 175      21CD5D3A 
 175      F159669E 
 175      797EEFEF 
 175      F77CBC
 176 0073 EF18C1F1 		.ascii	"\357\030\301\361\\m\014\307=\311s\234\0378n\011\257"
 176      5C6D0CC7 
 176      3DC9739C 
 176      1F386E09 
 176      AF
 177 0084 288EE31A 		.ascii	"(\216\343\0329\343\212@\353@\273\210v\023-\210\266\210"
 177      39E38A40 
 177      EB40BB88 
 177      76132D88 
 177      B688
 178 0096 86E1DC43 		.ascii	"\206\341\334C.\374*\001\026\277\032\355\021\264\026"
 178      2EFC2A01 
 178      16BF1AED 
 178      11B416
 179 00a5 B46D689F 		.ascii	"\264mh\237\252\357A]k\371\265g\005\334\005\023\356\242"
 179      AAEF415D 
 179      6BF9B567 
 179      05DC0513 
 179      EEA2
 180 00b7 05EEC432 		.ascii	"\005\356\3042\\\237\212k3\341nZ\340N\343\013\233\005"
 180      5C9F8A6B 
 180      33E16E5A 
 180      E04EE30B 
 180      9B05
 181 00c9 4EC3042D 		.ascii	"N\303\004-0\363\370\202\324f\273\011\367\000m\016m\012"
 181      30F3F882 
 181      D466BB09 
 181      F7006D0E 
 181      6D0A
 182 00db 6D52C54E 		.ascii	"mR\305N\253\177W\252QH\325|\027m\010\3556\332w*\236"
 182      AB7F57AA 
 182      5148D57C 
 182      176D08ED 
 182      36DA772A 
 183 00f0 689A40BB 		.ascii	"h\232@\273\2076\2066\256\372\202j\036\244\006V\365\253"
 183      87368636 
 183      AEFA826A 
 183      1EA40656 
 183      F5AB
 184 0102 11A07567 		.ascii	"\021\240ugg\235s\000\372\001[\011\253X&\300~\201\032"
 184      679D7300 
 184      FA015B09 
 184      AB5826C0 
ARM GAS  /tmp/cckeSav8.s 			page 13


 184      7E811A
 185 0115 7D5CD22E 		.ascii	"}\\\322.\000\352G/O\177Y u\201\206P\237y\365\221W\227"
 185      00EA472F 
 185      4F7F5920 
 185      75818650 
 185      9F79F591 
 186 012b A4FF5430 		.ascii	"\244\377T0\230Vd\257\031\223v\261\032\260\033\012S\241"
 186      985664AF 
 186      199376B1 
 186      1AB01B0A 
 186      53A1
 187 013d 00BC4100 		.ascii	"\000\274A\000`\006\230\026d\262\325\367\272>\316H\016"
 187      60069816 
 187      64B2D5F7 
 187      BA3ECE48 
 187      0E
 188 014e B4ECC776 		.ascii	"\264\354\307v\317\274k\033\204 @\014W\377\024P_\367"
 188      CFBC6B1B 
 188      8420400C 
 188      57FF1450 
 188      5FF7
 189 0160 3B755520 		.ascii	";uU \360@\356\007C\207\177\357:\246\260\313\376\250"
 189      F040EE07 
 189      43877FEF 
 189      3AA6B0CB 
 189      FEA8
 190 0172 51B660D7 		.ascii	"Q\266`\327\221\243B\205\000[\035@8\343\321\325<v*\024"
 190      91A34285 
 190      005B1D40 
 190      38E3D1D5 
 190      3C762A14 
 191 0186 CB5C24E2 		.ascii	"\313\\$\342\203\320\304\307Na5\275\357}\375\370\001"
 191      83D0C4C7 
 191      4E6135BD 
 191      EF7DFDF8 
 191      01
 192 0197 12BDDA01 		.ascii	"\022\275\332\0016|\234\272\274\377v\034>>\342\200u5"
 192      367C9CBA 
 192      BCFF761C 
 192      3E3EE280 
 192      7535
 193 01a9 02DF7BE6 		.ascii	"\002\337{\346\376\220\035\222\035\207\010I\340\213="
 193      FE901D92 
 193      1D870849 
 193      E08B3D
 194 01b8 AE991245 		.ascii	"\256\231\022E\341\241\005\034\320\010\002\374\013\\"
 194      E1A1051C 
 194      D00802FC 
 194      0B5C
 195 01c6 44F25607 		.ascii	"D\362V\007\376\226)J\221RY\254D\377\201\203fH\204&H"
 195      FE96294A 
 195      915259AC 
 195      44FF8183 
 195      66488426 
 196 01db E4E03824 		.ascii	"\344\3408$\023R\022\007\307\320y\024\235\310r\260c\342"
 196      13521207 
 196      C7D07914 
ARM GAS  /tmp/cckeSav8.s 			page 14


 196      9DC872B0 
 196      63E2
 197 01ed 35A78DB4 		.ascii	"5\247\215\264\225\254\224a#\276\346\222\341#vdND\331"
 197      95AC9461 
 197      23BEE692 
 197      E1237664 
 197      4E44D9
 198 0200 60D29CC8 		.ascii	"`\322\234\3104\373\0033\2156\341\357\344\236o\365\017"
 198      34FB0333 
 198      8D36E1EF 
 198      E49E6FF5 
 198      0F
 199 0211 EF77E8AA 		.ascii	"\357w\350\252\346\017\273Jv\022U\037\343Z'\015U\211"
 199      E60FBB4A 
 199      7612551F 
 199      E35A270D 
 199      5589
 200 0223 BAAAC906 		.ascii	"\272\252\311\006EX\313\301\246D\330\200\232ZQS\242\252"
 200      4558CBC1 
 200      A644D880 
 200      9A5A5153 
 200      A2AA
 201 0235 C98F9A4E 		.ascii	"\311\217\232N0MG\336=|>V\270\007\224\241vo\273?Ng\030"
 201      304D47DE 
 201      3D7C3E56 
 201      B80794A1 
 201      766FBB3F 
 202 024c 3CBBFE04 		.ascii	"<\273\376\004\315\273\015\031>1\030\220\320\232\342"
 202      CDBB0D19 
 202      3E311890 
 202      D09AE2
 203 025b 9435C5E9 		.ascii	"\2245\305\351\251\231ip\250\361e?\037\377I\327\271Q"
 203      A9996970 
 203      A8F1653F 
 203      1FFF49D7 
 203      B951
 204 026d A7B35C2F 		.ascii	"\247\263\\/,\234F~\255\266\034|\012N\265\345o\005\307"
 204      2C9C467E 
 204      ADB61C7C 
 204      0A4EB5E5 
 204      6F05C7
 205 0280 AEC4D17A 		.ascii	"\256\304\321z\242\017>\002Z\320\352kE\365\321\324\271"
 205      A20F3E02 
 205      5AD0EA6B 
 205      45F5D1D4 
 205      B9
 206 0291 CD096798 		.ascii	"\315\011g\230\357\302\322| \236u\233\307\307k\223=u"
 206      EFC2D27C 
 206      209E759B 
 206      C7C76B93 
 206      3D75
 207 02a3 31ACDBAB 		.ascii	"1\254\333\253\360qd\250\273!~m5\235\250be\025\353s\000"
 207      F07164A8 
 207      BB217E6D 
 207      359DA862 
 207      6515EB73 
 208 02b8 F9CE51BE 		.ascii	"\371\316Q\276vX\213\277g\301\306HO\335\250(\217]_\257"
ARM GAS  /tmp/cckeSav8.s 			page 15


 208      76588BBF 
 208      67C1C648 
 208      4FDDA828 
 208      8F5D5FAF 
 209 02cc 5CFD4609 		.ascii	"\\\375F\011L\334\334\360\303\373\245\312U\004>E\003"
 209      4CDCDCF0 
 209      C3FBA5CA 
 209      55043E45 
 209      03
 210 02dd E1885126 		.ascii	"\341\210Q&\274\305\337\3030\010\360O\030\300y\357\200"
 210      BCC5DFC3 
 210      3008F04F 
 210      18C079EF 
 210      80
 211 02ee F5880F55 		.ascii	"\365\210\017U]\366G\010\013l\232\255&\342\372\342[S"
 211      5DF64708 
 211      0B6C9AAD 
 211      26E2FAE2 
 211      5B53
 212 0300 BC39FDB6 		.ascii	"\2749\375\266\260\364/\350\351_\231\355\236\213\245"
 212      B0F42FE8 
 212      E95F99ED 
 212      9E8BA5
 213 030f 60F4C179 		.ascii	"`\364\301y\226\352\301\333\207\316Eh\351w2_\317\\I;"
 213      96EAC1DB 
 213      87CE4568 
 213      E977325F 
 213      CF5C493B 
 214 0323 BF72825D 		.ascii	"\277r\202]4\301\317\265\004\273C\025\235Qj\202\337V"
 214      34C1CFB5 
 214      04BB4315 
 214      9D516A82 
 214      DF56
 215 0335 0BCADB88 		.ascii	"\013\312\333\210ZE\202\3403#\271\317\226'w\221&\267"
 215      5A4582E0 
 215      3323B9CF 
 215      96277791 
 215      26B7
 216 0347 343133E0 		.ascii	"413\340\024\024\201&7\365\371\360^\240R\332\364\344"
 216      14148126 
 216      37F5F9F0 
 216      5EA052DA 
 216      F4E4
 217 0359 66DE39E0 		.ascii	"f\3369\340\327\345u3y%\377h\254q`;\"\331\316\215B\327"
 217      D7E57533 
 217      7925FF68 
 217      AC71603B 
 217      22D9CE8D 
 218 036f F0E442AB 		.ascii	"\360\344B\253\215\271\210\350W\320UW\333\337\022'\274"
 218      8DB988E8 
 218      57D05557 
 218      DBDF1227 
 218      BC
 219 0380 4E97E6C7 		.ascii	"N\227\346\307\206v\225\333M[as\355\244\242\254\203^"
 219      867695DB 
 219      4D5B6173 
 219      EDA4A2AC 
ARM GAS  /tmp/cckeSav8.s 			page 16


 219      835E
 220 0392 E4F9C210 		.ascii	"\344\371\302\020\031\251\316\251\362\223\015z\025'/"
 220      19A9CEA9 
 220      F2930D7A 
 220      15272F
 221 03a1 529DBC2B 		.ascii	"R\235\274+\350\274\314&o:4\351\267\221c\201p\224\017"
 221      E8BCCC26 
 221      6F3A34E9 
 221      B7916381 
 221      70940F
 222 03b4 4DFF271E 		.ascii	"M\377'\036\034\311\226\013|i\261\200\266k6\236\244\273"
 222      1CC9960B 
 222      7C69B180 
 222      B66B369E 
 222      A4BB
 223 03c6 E63A8AB9 		.ascii	"\346:\212\271f\210\351\245\273\006I\372v_\277\025)T"
 223      6688E9A5 
 223      BB0649FA 
 223      765FBF15 
 223      2954
 224 03d8 3392D068 		.ascii	"3\222\320hWc\214\236\310\310\275\244}\013$\221>\304"
 224      57638C9E 
 224      C8C8BDA4 
 224      7D0B2491 
 224      3EC4
 225 03ea DE30B0D7 		.ascii	"\3360\260\327a\305L\276\262\316\344\370h\345\207Ns\313"
 225      61C54CBE 
 225      B2CEE4F8 
 225      68E5874E 
 225      73CB
 226 03fc FBC25AFE 		.ascii	"\373\302Z\376o\332\362\036\255\345\035g\233\216\362"
 226      6FDAF21E 
 226      ADE51D67 
 226      9B8EF2
 227 040b FA4CFF7A 		.ascii	"\372L\377z\304\230i\014\204K\206\220K\313\333~\223\266"
 227      C498690C 
 227      844B8690 
 227      4BCBDB7E 
 227      93B6
 228 041d BD39D850 		.ascii	"\2759\330P\026+\364\261\2667\035[<\356\320Z\314\272"
 228      162BF4B1 
 228      B6371D5B 
 228      3CEED05A 
 228      CCBA
 229 042f DE54797F 		.ascii	"\336Ty\177\315\312b\372\251\230[\232\230\226\221C\001"
 229      CDCA62FA 
 229      A9985B9A 
 229      98969143 
 229      01
 230 0440 BB2A6674 		.ascii	"\273*ftm\255\022(RH91\012\2766\224|\275\\I\220*\251"
 230      6DAD1228 
 230      52483931 
 230      0ABE3694 
 230      7CBD5C49 
 231 0457 AC5858B4 		.ascii	"\254XX\264\013\267\230\222\252\245\017\276\214\026F"
 231      0BB79892 
 231      AAA50FBE 
ARM GAS  /tmp/cckeSav8.s 			page 17


 231      8C1646
 232 0466 D9C3FED3 		.ascii	"\331\303\376\323\263\227\"\330\031`\307\307\311\305"
 232      B39722D8 
 232      1960C7C7 
 232      C9C5
 233 0474 E2F331E6 		.ascii	"\342\3631\346]F25v\331\220\276\313\306K\333\202q\302"
 233      5D463235 
 233      76D990BE 
 233      CBC64BDB 
 233      8271C2
 234 0487 385BE4BF 		.ascii	"8[\344\277\235\345#QfTW\030\352\266\216\2721rj.F\230"
 234      9DE52351 
 234      66545718 
 234      EAB68EBA 
 234      31726A2E 
 235 049d 61A85D2D 		.ascii	"a\250]-w\037\304\231Q\355a\250\357tTQ\323lO\234\020"
 235      771FC499 
 235      51ED61A8 
 235      EF745451 
 235      D36C4F9C 
 236 04b2 6228ED94 		.ascii	"b(\355\224Z\315N\251\326;\027;\035\354\320R\310\207"
 236      5ACD4EA9 
 236      D63B173B 
 236      1DECD052 
 236      C887
 237 04c4 A2E660EB 		.ascii	"\242\346`\353Ga\011\364\207-zW[4\262\362\215\206:'$"
 237      476109F4 
 237      872D7A57 
 237      5B34B2F2 
 237      8D863A27 
 238 04d9 24252527 		.ascii	"$%%'%U\321\021\302\316\3328\370\036cG\310\010\335\301"
 238      2555D111 
 238      C2CEDA38 
 238      F81E6347 
 238      C808DDC1 
 239 04ed AA8E4202 		.ascii	"\252\216B\002\251,\334\307q\232\200$\270\2076\2066\016"
 239      A92CDCC7 
 239      719A8024 
 239      B8873686 
 239      360E
 240 04ff 49F403DB 		.ascii	"I\364\003\333@x\002Ke\302\370\241R\2452\235d\012\337"
 240      4078024B 
 240      65C2F8A1 
 240      52A5329D 
 240      640ADF
 241 0512 AA387D16 		.ascii	"\2528}\026EB\334L\350\325\370.\350\332@JIG(,\364\033"
 241      4542DC4C 
 241      E8D5F82E 
 241      E8DA404A 
 241      4947282C 
 242 0528 2A329584 		.ascii	"*2\225\204\262\321\037/\025\360{N\2028\265\305\006\355"
 242      B2D11F2F 
 242      15F07B4E 
 242      8238B5C5 
 242      06ED
 243 053a DC669C02 		.ascii	"\334f\234\002\334\371\230\023\035\001\213\225~\302\212"
 243      DCF99813 
ARM GAS  /tmp/cckeSav8.s 			page 18


 243      1D018B95 
 243      7EC28A
 244 0549 4585614B 		.ascii	"E\205aK\201\224\224\034E\245E{c\023\324\212\224\255"
 244      8194941C 
 244      45A5457B 
 244      6313D48A 
 244      94AD
 245 055b 5411CEB2 		.ascii	"T\021\316\262\034\010/>\320Q\035m\256\377\244\211\211"
 245      1C082F3E 
 245      D0511D6D 
 245      AEFFA489 
 245      89
 246 056c 8329ADFE 		.ascii	"\203)\255\376\302\321\367\352\317\304@Rr\002S\327\271"
 246      C2D1F7EA 
 246      CFC44052 
 246      720253D7 
 246      B9
 247 057d EF577B8A 		.ascii	"\357W{\212\025T\210\0218\275\002\314Z+de\231\253\241"
 247      15548811 
 247      38BD02CC 
 247      5A2B6465 
 247      99ABA1
 248 0590 65990D2F 		.ascii	"e\231\015/K\225z\022\020\321\006\345\254\332\303\031"
 248      4B957A12 
 248      10D106E5 
 248      ACDAC319 
 249 05a0 ECE1B421 		.ascii	"\354\341\264!\364@E\177\253S\360\333\350ysb\327\311"
 249      F440457F 
 249      AB53F0DB 
 249      E8797362 
 249      D7C9
 250 05b2 733C2424 		.ascii	"s<$$[\255\000\363\010\264Z\204I\371j_$\2212\207\001"
 250      5BAD00F3 
 250      08B45A84 
 250      49F96A5F 
 250      24913287 
 251 05c7 3F18FB90 		.ascii	"?\030\373\220(\343\330g\253w\300n\256\307\\X=\036\350"
 251      28E3D867 
 251      AB77C06E 
 251      AEC75C58 
 251      3D1EE8
 252 05da 43DEB573 		.ascii	"C\336\265s~/O\317\007\364\251\007\304\231\207o\354\266"
 252      7E2F4FCF 
 252      07F4A907 
 252      C499876F 
 252      ECB6
 253 05ec 994F88ED 		.ascii	"\231O\210\355kL\007\304\002= B\332\001\361\346{\241"
 253      6B4C07C4 
 253      023D2042 
 253      DA01F1E6 
 253      7BA1
 254 05fe 10F902D7 		.ascii	"\020\371\002\327\323\323\352\211\375\307\364\323\012"
 254      D3D3EA89 
 254      FDC7F4D3 
 254      0A
 255 060b 03F12CD0 		.ascii	"\003\361,\320\265\015,?#\026\351\031\321\323\273\330"
 255      B50D2C3F 
ARM GAS  /tmp/cckeSav8.s 			page 19


 255      2316E919 
 255      D1D3BBD8 
 256 061b 1EFFD8FB 		.ascii	"\036\377\330\373\312\325\200\022\270S\273\006\277o\254"
 256      CAD58012 
 256      B853BB06 
 256      BF6FAC
 257 062a 79830CA9 		.ascii	"y\203\014\251\217\001G=/\342\177\253\037\302c\\\344"
 257      8F01473D 
 257      2FE27FAB 
 257      1FC2635C 
 257      E4
 258 063b CB051E59 		.ascii	"\313\005\036Y\362\331\237yn\333\272\264\324T.\322\347"
 258      F2D99F79 
 258      6EDBBAB4 
 258      D4542ED2 
 258      E7
 259 064c F99BE496 		.ascii	"\371\233\344\2263\304\354\274\\I|Y\222\376,y\263\304"
 259      33C4ECBC 
 259      5C497C59 
 259      92FE2C79 
 259      B3C4
 260 065e BC7C59DC 		.ascii	"\274|Y\334\221\231\231\222^\220\233\342\315\363J)Rz"
 260      91999992 
 260      5E909BE2 
 260      CDF34A29 
 260      527A
 261 0670 86276573 		.ascii	"\206'es\312\306\015\251\277I\371KjJa~V\272,\2119\236"
 261      CAC60DA9 
 261      BF49F94B 
 261      6A4A617E 
 261      56BA2C89 
 262 0686 0C122686 		.ascii	"\014\022&\206\205\211\233]\233\\\251\242\307\233\231"
 262      85899B5D 
 262      9B5CA9A2 
 262      C79B99
 263 0695 53982589 		.ascii	"S\230%\211>9+K\372\243+\233\213v\273\013=^\371\267n"
 263      3E392B4B 
 263      FAA32B9B 
 263      8B76BB0B 
 263      3D5EF9B7 
 264 06aa 39EBFF22 		.ascii	"9\353\377\"\013'\321\226\317M\317\314\366x%\321\215"
 264      0B27D196 
 264      CF4DCFCC 
 264      F67825D1 
 264      8D
 265 06bb 24E98539 		.ascii	"$\351\2059\262[~5_\362!]\224J\366\322/H\346{\325'\272"
 265      B25B7E35 
 265      5FF2215D 
 265      944AF6D2 
 265      2F48E67B 
 266 06d2 31215C19 		.ascii	"1!\\\031\031\036w\271\304\264lO\206g\353\013b\236O\314"
 266      191E77B9 
 266      C4B46C4F 
 266      8667EB0B 
 266      629E4FCC 
 267 06e6 4ECFA105 		.ascii	"N\317\241\005\361\311\005Rz\256O\364\026\346\344\250"
 267      F1C90552 
ARM GAS  /tmp/cckeSav8.s 			page 20


 267      7AAE4FF4 
 267      16E6E4A8 
 268 06f6 F7AE4C2E 		.ascii	"\367\256L.\002o\262|B~\241\214u@\374\246\215n9J\375"
 268      026FB27C 
 268      427EA18C 
 268      7540FCA6 
 268      8D6E394A 
 269 070b 1B91EBDB 		.ascii	"\033\221\353\333\341\226\177\027\276\\f^nn\236W\314"
 269      E1967F17 
 269      BE5C665E 
 269      6E6E9E57 
 269      CC
 270 071c CF2B907D 		.ascii	"\317+\220}\342\323\317oI\333\362\012\361\345{r\244\002"
 270      E2D3CF6F 
 270      49DBF20A 
 270      F1E57B72 
 270      A402
 271 072e 9FF84C5A 		.ascii	"\237\370LZ\232\230\231\255\345*\354\220\3448\302\267"
 271      9A9899AD 
 271      E52AEC90 
 271      E438C2B7 
 272 073e 35E34F52 		.ascii	"5\343OR\246\374\254\327#\013\177\315\225m\2043\2026"
 272      A6FCACD7 
 272      230B7FCD 
 272      956D8433 
 272      8236
 273 0750 3CF6397C 		.ascii	"<\3669|\373\002U\263}\313\213\377\203\362l\316a@\177"
 273      FB0255B3 
 273      7DCB8BFF 
 273      83F26CCE 
 273      61407F
 274 0763 042EFE27 		.ascii	"\004.\376'\236"
 274      9E
 275              		.text
 276              		.section	.gnu.lto_.symtab.73e5d3bac151da4f,"",%progbits
 277 0000 6E756C6C 		.ascii	"nullObjectInit\000"
 277      4F626A65 
 277      6374496E 
 277      697400
 278 000f 00       		.ascii	"\000"
 279 0010 00       		.ascii	"\000"
 280 0011 00       		.ascii	"\000"
 281 0012 00000000 		.ascii	"\000\000\000\000\000\000\000\000"
 281      00000000 
 282 001a FB000000 		.ascii	"\373\000\000\000"
 283              		.text
 284              		.section	.gnu.lto_.opts,"",%progbits
 285 0000 272D666D 		.ascii	"'-fmath-errno' '-fsigned-zeros' '-ftrapping-math' '"
 285      6174682D 
 285      6572726E 
 285      6F272027 
 285      2D667369 
 286 0033 2D666E6F 		.ascii	"-fno-trapv' '-fno-openmp' '-fno-openacc' '-mcpu=cor"
 286      2D747261 
 286      70762720 
 286      272D666E 
 286      6F2D6F70 
ARM GAS  /tmp/cckeSav8.s 			page 21


 287 0066 7465782D 		.ascii	"tex-m4' '-mfloat-abi=hard' '-mfpu=fpv4-sp-d16' '-mn"
 287      6D342720 
 287      272D6D66 
 287      6C6F6174 
 287      2D616269 
 288 0099 6F2D7468 		.ascii	"o-thumb-interwork' '-mthumb' '-ggdb' '-O2' '-fomit-"
 288      756D622D 
 288      696E7465 
 288      72776F72 
 288      6B272027 
 289 00cc 6672616D 		.ascii	"frame-pointer' '-falign-functions=16' '-ffunction-s"
 289      652D706F 
 289      696E7465 
 289      72272027 
 289      2D66616C 
 290 00ff 65637469 		.ascii	"ections' '-fdata-sections' '-fno-common' '-flto' '-"
 290      6F6E7327 
 290      20272D66 
 290      64617461 
 290      2D736563 
 291 0132 6673696E 		.ascii	"fsingle-precision-constant'\000"
 291      676C652D 
 291      70726563 
 291      6973696F 
 291      6E2D636F 
 292              		.text
 293              		.comm	__gnu_lto_v1,1,1
 294              		.comm	__gnu_lto_slim,1,1
 295              		.ident	"GCC: (GNU Tools for ARM Embedded Processors 6-2017-q1-update) 6.3.1 20170215 (release) [AR
ARM GAS  /tmp/cckeSav8.s 			page 22


DEFINED SYMBOLS
                            *ABS*:0000000000000000 nullstreams.c
                            *COM*:0000000000000001 __gnu_lto_v1
                            *COM*:0000000000000001 __gnu_lto_slim

NO UNDEFINED SYMBOLS
