ARM GAS  /tmp/ccDSJwNn.s 			page 1


   1              		.cpu cortex-m4
   2              		.eabi_attribute 27, 1
   3              		.eabi_attribute 28, 1
   4              		.eabi_attribute 20, 1
   5              		.eabi_attribute 21, 1
   6              		.eabi_attribute 23, 3
   7              		.eabi_attribute 24, 1
   8              		.eabi_attribute 25, 1
   9              		.eabi_attribute 26, 1
  10              		.eabi_attribute 30, 2
  11              		.eabi_attribute 34, 1
  12              		.eabi_attribute 18, 4
  13              		.file	"nvic.c"
  14              		.text
  15              	.Ltext0:
  16              		.section	.gnu.lto_.profile.bc7fa2c6bd4de7cc,"",%progbits
  17 0000 789C6365 		.ascii	"x\234ce`b`a```d\220\022\003\000\000\312\000="
  17      60626061 
  17      60606064 
  17      90120300 
  17      00CA003D 
  18              		.text
  19              		.section	.gnu.lto_.icf.bc7fa2c6bd4de7cc,"",%progbits
  20 0000 789C6365 		.ascii	"x\234ce`b\220d@\000\026\206\273\277N>ga|?\253I\215i"
  20      60629064 
  20      40001686 
  20      BBBF4E3E 
  20      67617C3F 
  21 0018 D58FF357 		.ascii	"\325\217\363W9\231'.\234:\203\215\001\000\242\021\013"
  21      3999272E 
  21      9C3A838D 
  21      0100A211 
  21      0B
  22 0029 9B       		.ascii	"\233"
  23              		.text
  24              		.section	.gnu.lto_.jmpfuncs.bc7fa2c6bd4de7cc,"",%progbits
  25 0000 789C6365 		.ascii	"x\234ce`b\220b@\000\026\006&FF\346\372zF \250g\202\260"
  25      60629062 
  25      40001606 
  25      264646E6 
  25      FA7A4620 
  26 0018 99416C06 		.ascii	"\231Al\006\000)\250\003:"
  26      0029A803 
  26      3A
  27              		.text
  28              		.section	.gnu.lto_.inline.bc7fa2c6bd4de7cc,"",%progbits
  29 0000 789C4D8C 		.ascii	"x\234M\214\321\021\2000\014B!M\323\350\217#\324\011"
  29      D1118030 
  29      0C42214D 
  29      D3E88F23 
  29      D409
  30 0012 5CD2453A 		.ascii	"\\\322E:\222\2438\202\261\236U>\270\343\036\220!\330"
  30      92A33882 
  30      B19E553E 
  30      B8E31E90 
  30      21D8
  31 0024 F1498179 		.ascii	"\361I\201y\242pe\204\333\324\316\015\326\252@\216E\021"
ARM GAS  /tmp/ccDSJwNn.s 			page 2


  31      A2706584 
  31      DBD4CE0D 
  31      D6AA408E 
  31      4511
  32 0036 C9833808 		.ascii	"\311\2038\010/d\257$m\365\251\004\325~\"\310J\366\227"
  32      2F64AF24 
  32      6DF5A904 
  32      D57E22C8 
  32      4AF697
  33 0049 14BBDF41 		.ascii	"\024\273\337A(\241\330;\035pLq\001\226\277\015\245"
  33      28A1D83B 
  33      1D704C71 
  33      0196BF0D 
  33      A5
  34              		.text
  35              		.section	.gnu.lto_.pureconst.bc7fa2c6bd4de7cc,"",%progbits
  36 0000 789C6365 		.ascii	"x\234ce`b\340d```a\220b\224b\222b\226\002\000\002\321"
  36      6062E064 
  36      60606061 
  36      90629462 
  36      92629602 
  37 0017 0083     		.ascii	"\000\203"
  38              		.text
  39              		.section	.gnu.lto_nvicEnableVector.bc7fa2c6bd4de7cc,"",%progbits
  40 0000 789C9D53 		.ascii	"x\234\235S\317O\023Q\020~\337N\267\273\205R\317F\"\034"
  40      CF4F1351 
  40      107EDF4E 
  40      B7BB8552 
  40      CF46221C 
  41 0014 4C0807BB 		.ascii	"L\010\007\273\342\301\273\222x#&\372\027h/4\221\226"
  41      E2C1BB92 
  41      782326FA 
  41      17682F34 
  41      9196
  42 0026 8021DE78 		.ascii	"\200!\336x-\330\306j\224(\00516[\023\224\002B)\242\002"
  42      2DD8C66A 
  42      94280531 
  42      365B1394 
  42      024229A2 
  43 003b 6AD23424 		.ascii	"j\3224$\246\0074\032o&\036\304Hz\250\301\306\203\007"
  43      A607341A 
  43      6F261EC4 
  43      487AA8C1 
  43      C68307
  44 004e 8ACEDB6D 		.ascii	"\212\316\333m\242\211z\320\227\274\0373\363}3\363\275"
  44      A2897AD0 
  44      97BC1F33 
  44      F37D33F3 
  44      BD
  45 005f B7AB0B4D 		.ascii	"\267\253\013M\234 !\216\011!\016\360\004\011hc/\205"
  45      9C20218E 
  45      09210EF0 
  45      04096863 
  45      2F85
  46 0071 88991AA0 		.ascii	"\210\231\032\240\016\322\204\030\3260\214\3534I(%?\255"
  46      0ED28418 
  46      D6308CEB 
ARM GAS  /tmp/ccDSJwNn.s 			page 3


  46      34492825 
  46      3FAD
  47 0083 699D3392 		.ascii	"i\2353\222Gq\262\266_\346\212\260\231>\305S\015\314"
  47      4771B2B6 
  47      5FE68AB0 
  47      993EC553 
  47      0DCC
  48 0095 A09351AF 		.ascii	"\240\223Q\257G\227\356\3205\262\011\360\260\371e\363"
  48      4797EED0 
  48      35B209F0 
  48      B0F965F3 
  49 00a5 F6564099 		.ascii	"\366V@\231\032\332\331\254\313\361\211\000\035\201\340"
  49      1ADAD9AC 
  49      CBF18900 
  49      1D81E0
  50 00b4 F35429FD 		.ascii	"\363T)\375\256\245\343\236\224qY\334\030'y\310&\302"
  50      AEA5E39E 
  50      947159DC 
  50      182779C8 
  50      26C2
  51 00c6 1C881362 		.ascii	"\034\210\023b\026\255\310\241U\260K`\036\035\014\237"
  51      16ADC8A1 
  51      55B04B60 
  51      1E1D0C9F 
  52 00d6 8F6F5789 		.ascii	"\217oW\211\216:\324\313\345\372\226\321\240~L7\250\017"
  52      8E3AD4CB 
  52      E5FA96D1 
  52      A07E4C37 
  52      A80F
  53 00e8 FE405D40 		.ascii	"\376@]@\207\302\177(\354\245[\274\036\267W,\302\013"
  53      87C27F28 
  53      ECA55BBC 
  53      1EB7572C 
  53      C20B
  54 00fa DEF36F50 		.ascii	"\336\363oP\224{\337\223\262\370\366>&O\372\001\005\327"
  54      947BDF93 
  54      B2F8F63E 
  54      264FFA01 
  54      05D7
  55 010c 98E821B5 		.ascii	"\230\350!\265\350P\225\015>\352\246Z|\274x\205Hq\016"
  55      E850950D 
  55      3EEAA65A 
  55      7CBC7885 
  55      48710E
  56 011f 75395748 		.ascii	"u9WHS;U\020\257%\353\371&\2256CZ\206 *\030\331I\300"
  56      533B5510 
  56      AF25EBF9 
  56      26953643 
  56      5A86202A 
  57 0137 7510FB7E 		.ascii	"u\020\373~\275\026/<\310s{\025\224&\312m\012\303\321"
  57      BD162F3C 
  57      C8737B15 
  57      9426CA6D 
  57      0AC3D1
  58 014a 894BA557 		.ascii	"\211K\245W\206\212\032\216\274\225\273\237\277\371]"
  58      868A1A8E 
  58      BC95BB9F 
ARM GAS  /tmp/ccDSJwNn.s 			page 4


  58      BFF95D
  59 0159 53964664 		.ascii	"S\226Fd\200]7\252\265\325\200\215L\214o?{\320&\023\005"
  59      805D37AA 
  59      B5D5808D 
  59      4C8C6F3F 
  59      7BD02613 
  60 016e D6B9C489 		.ascii	"\326\271\304\211\024a\363\375\362\330>kA\216\306d\273"
  60      1461F3FD 
  60      F2D83E6B 
  60      418EC664 
  60      BB
  61 017f 4D3E2CC3 		.ascii	"M>,\303\306-\347]T\266\271\2579\352\312\253`6bS\023"
  61      C62DE75D 
  61      54B6B9AF 
  61      39EACAAB 
  61      60366253 
  62 0194 1EC2CA90 		.ascii	"\036\302\312\220\356\274\331\012\272\270E\325p-\221"
  62      EEBCD90A 
  62      BAB845D5 
  62      702D91
  63 01a3 29641B3D 		.ascii	")d\033=\033\034fbyz}\327\357\366\254\343\221\323\363"
  63      1B1C6662 
  63      797A7DD7 
  63      EFF6ACE3 
  63      91D3F3
  64 01b6 C86E62D6 		.ascii	"\310nb\326\347\202L\027tszq\255E\201t\264\341\261\013"
  64      E7824C17 
  64      74737A71 
  64      AD458174 
  64      B4E1B10B 
  65 01ca DA49940D 		.ascii	"\332I\224\015\027\344S\3657^$L7\015\360\004\255Lu\325"
  65      17E453F5 
  65      375E244C 
  65      370DF004 
  65      AD4C75D5 
  66 01de 5B0DF5FF 		.ascii	"[\015\365\377\242\255\031\253\2166\374\256m\310&?\326"
  66      A2AD19AB 
  66      8E36FCAE 
  66      6DC8263F 
  66      D6
  67 01ef 9436C3D1 		.ascii	"\2246\303\321\266\256\264\371\234R\225\324V\363\177"
  67      B6AEB4F9 
  67      9C5295D4 
  67      56F37F
  68 01fe 157BEA14 		.ascii	"\025{\352\024\323\376R\354\331\317b\317\335bU\304\263"
  68      D3FE52EC 
  68      D9CF62CF 
  68      DD6255C4 
  68      B3
  69 020f F9ABCE35 		.ascii	"\371\253\3165:?E\212\033\345\217\204\023\034\016\006"
  69      3A3F458A 
  69      1BE58F84 
  69      131C0E06 
  70 021f ADEEDEF0 		.ascii	"\255\356\336\360\271\360\2513Vt\320\352={\336\352\217"
  70      B9F0A933 
  70      5674D0EA 
  70      3D7BDEEA 
ARM GAS  /tmp/ccDSJwNn.s 			page 5


  70      8F
  71 0230 0E5C18B4 		.ascii	"\016\\\030\264B\321\276\276h\304:~\272\247\273\347\242"
  71      42D1BEBE 
  71      68C43A7E 
  71      BAA7BBE7 
  71      A2
  72 0241 15190A87 		.ascii	"\025\031\012\207\202!\201\210\247\177 \034\375\001\257"
  72      82218188 
  72      A77F201C 
  72      FD01AF
  73 0250 FE179E   		.ascii	"\376\027\236"
  74              		.text
  75              		.section	.gnu.lto_nvicDisableVector.bc7fa2c6bd4de7cc,"",%progbits
  76 0000 789C9592 		.ascii	"x\234\225\222\317k\023Q\020\307\347\273\263I\266\266"
  76      CF6B1351 
  76      10C7E7BB 
  76      B349B6B6 
  77 0010 8957C1A0 		.ascii	"\211W\301\240=\010\245\007\363\314\237 \005oE\320\277"
  77      3D08A507 
  77      F3CC9F20 
  77      056F45D0 
  77      BF
  78 0021 4083D080 		.ascii	"@\203\320\200M\304J\361\326\227\376\330BE-\332\246V"
  78      4DC44AF1 
  78      D697FED8 
  78      42452DDA 
  78      A656
  79 0033 0C1B21D2 		.ascii	"\014\033!\322\264\265M\177Dm=\205E\220\200Q\024<\011"
  79      B4B54D7F 
  79      446D3D85 
  79      45908051 
  79      143C09
  80 0046 1EAC881E 		.ascii	"\036\254\210\036*Zz\360P\253\363v=\010\236|\360~\314"
  80      2A5A7AF0 
  80      50ABF376 
  80      3D089E7C 
  80      F07ECC
  81 0059 DBCFCC77 		.ascii	"\333\317\314wf\336F\310\242\013\026Q\232\210\016\313"
  81      66DE46C8 
  81      A20B1651 
  81      9A880ECB 
  82 0069 0413ACC9 		.ascii	"\004\023\254\311\227D\005\307\002\314A;\240!\013C\270"
  82      974405C7 
  82      02CC413B 
  82      A0210B43 
  82      B8
  83 007a C9330C7F 		.ascii	"\3113\014\177\374\323\246\325=\247e4f\352QW\217\035"
  83      FCD3A6D5 
  83      3DA76534 
  83      66EA5157 
  83      8F1D
  84 008c F2986856 		.ascii	"\362\230hV\246\031\230C\267P\257GW\356\361\015\366\030"
  84      A6199843 
  84      B750AF47 
  84      57EEF10D 
  84      F618
  85 009e B0C5FCDE 		.ascii	"\260\305\374\336\272\273\2250\246\205N1\177\352\251"
ARM GAS  /tmp/ccDSJwNn.s 			page 6


  85      BABB9530 
  85      A6854E31 
  85      7FEAA9
  86 00ad 62824F80 		.ascii	"b\202O\200\344<\353O\277\213w=\320zX7^L\261>\3461c\001"
  86      E43CEB4F 
  86      BF8B773D 
  86      D07A5837 
  86      5E4CB13E 
  87 00c5 2C01318F 		.ascii	",\0011\217$\252H\222\\\021\026\321e\370\017\253\373"
  87      24AA4892 
  87      5C1116D1 
  87      65F80FAB 
  87      FB
  88 00d6 D3F1A81D 		.ascii	"\323\361\250\035\012\342!\242\220\275\366\006\015\275"
  88      0AE221A2 
  88      90BDF606 
  88      0DBD
  89 00e4 FF6B5C37 		.ascii	"\377k\\7>V\360\366\224\003\030\334\022G\233\315b\313"
  89      3E56F0F6 
  89      940318DC 
  89      12479BCD 
  89      62CB
  90 00f6 12219A10 		.ascii	"\022!\232\020\037S\3215\266\314\316_0\262\343\266\326"
  90      1F53D135 
  90      B6CCCE5F 
  90      30B2E3B6 
  90      D6
  91 0107 CB30714A 		.ascii	"\3130qJl\225\030\242\320\254<\335\3530\311F\020\301"
  91      6C9518A2 
  91      D0AC3CDD 
  91      EB30C946 
  91      10C1
  92 0119 92C80BB6 		.ascii	"\222\310\013\266\347\316\267\205\020\207\320\355\312"
  92      E7CEB785 
  92      1087D0ED 
  92      CA
  93 0126 F266DC40 		.ascii	"\362f\334@6\216b9\204\276\271\315X\010\231\232\353\317"
  93      368E6239 
  93      84BEB9CD 
  93      5808999A 
  93      EBCF
  94 0138 9EBB4E18 		.ascii	"\236\273N\030\006\250!)\256\002\371\305\2462\214\000"
  94      06A82129 
  94      AE02F9C5 
  94      A6328C00 
  95 0148 C531FF55 		.ascii	"\3051\377U\314\000\321\240\021\365\373_\177t\204\246"
  95      CC00D1A0 
  95      11F5FB5F 
  95      7F7484A6 
  96 0158 F6477442 		.ascii	"\366GtB\256nm\357l$<\224\012\322\354\362\021\217cX\225"
  96      AE6E6DEF 
  96      6C243C94 
  96      0AD2ECF2 
  96      118F6358 
  97 016d 8EAC889A 		.ascii	"\216\254\210\232qh\275_\233<\250\226\364hAwz\354`\015"
  97      7168BD5F 
  97      9B3CA896 
ARM GAS  /tmp/ccDSJwNn.s 			page 7


  97      F4684177 
  97      7AEC600D 
  98 0181 1EEE04CF 		.ascii	"\036\356\004\317`\242-\354V9]3\037\313\203\036\267a"
  98      60A22DEC 
  98      56395D33 
  98      1FCB831E 
  98      B761
  99 0193 1D4A2A0C 		.ascii	"\035J*\014\236\250\216\264\244h\222\331\375\\\335\212"
  99      9EA88EB4 
  99      A46892D9 
  99      FD5CDD8A 
 100 01a3 FD49E77F 		.ascii	"\375I\347\177\304\016\340Q \206\177\305r\036\267\343"
 100      C40EE051 
 100      20867FC5 
 100      721EB7E3 
 101 01b3 B1114320 		.ascii	"\261\021C \366\004\351\277km\007aCbnc\270\274x=h|\360"
 101      F604E9BF 
 101      6B6D0761 
 101      43626E63 
 101      B8BC783D 
 102 01ca DF4C082E 		.ascii	"\337L\010.O\"\011\036O\245TO_\366|\366\364Y\225\037"
 102      4F22091E 
 102      4FA5544F 
 102      5FF67CF6 
 102      F459951F 
 103 01de 507DE72E 		.ascii	"P}\347.\252K\371\313W\006T&\337\337\237\317\251\223"
 103      AA4BF9CB 
 103      57065426 
 103      DFDF9FCF 
 103      A993
 104 01f0 677A7B7A 		.ascii	"gz{z\257\252\334`6\223\312\020r\277\001\327I\322\272"
 104      AFAADC60 
 104      3693CA10 
 104      72BF01D7 
 104      49D2BA
 105              		.text
 106              		.section	.gnu.lto_nvicSetSystemHandlerPriority.bc7fa2c6bd4de7cc,"",%progbits
 107 0000 789C6D51 		.ascii	"x\234mQKk\023Q\024>\337\234y)\330u\321.\272\020B\027"
 107      4B6B1351 
 107      143EDF9C 
 107      7929D875 
 107      D12EBA10 
 108 0016 CDD89D0B 		.ascii	"\315\330\235\0137\222u\021\364\027\324($\320fJ*\342"
 108      37927511 
 108      F417D428 
 108      24D0664A 
 108      2AE2
 109 0028 AE77266D 		.ascii	"\256w&m\203\025ZQ\323Tq\230@\221jkM\253n\202ABVfQE\227"
 109      83155A51 
 109      D3547198 
 109      40916A6B 
 109      4DAB6E82 
 110 0043 DD694509 		.ascii	"\335iE\011\030\360\321\255\325s\307\010.\274p\037\347"
 110      18F0D1AD 
 110      D573C708 
 110      2EBC701F 
 110      E7
ARM GAS  /tmp/ccDSJwNn.s 			page 8


 111 0054 F19DFB7D 		.ascii	"\361\235\373}\347XdP\017Dg\210\350\204l0\301\270\371"
 111      E7586450 
 111      0F446788 
 111      E8846C30 
 111      C1B8F9
 112 0067 9A28700D 		.ascii	"\232(p\015@?\224\013\23250\213e\2562\332\345O\015cd"
 112      403F940B 
 112      9A35308B 
 112      65AE32DA 
 112      E54F0D63 
 113 007c 5DC96A55 		.ascii	"]\311jU\017\354\0055?\0303\321]\331za\035#\222\365v"
 113      0FEC0535 
 113      3F1833D1 
 113      5DD97A61 
 113      1D2392F5 
 114 0091 6EFB3E2F 		.ascii	"n\373>/q\314\200)\346\267\335{\373\003\33240,f\351\366"
 114      71CC8029 
 114      E6B7DD7B 
 114      FB03DA34 
 114      302C66E9 
 115 00a6 CBA6CBA7 		.ascii	"\313\246\313\247@\362\356\251N`\247\036(\025\252\326"
 115      40F2EEA9 
 115      4E60A71E 
 115      2815AAD6 
 116 00b6 C70AAB93 		.ascii	"\307\012\253\223136\300R\020\2170\204\207\030\"q\021"
 116      313336C0 
 116      52108F30 
 116      84871822 
 116      7111
 117 00c8 369192F4 		.ascii	"6\221\222\364\315\360s\217\371t\002\275\336\371\271"
 117      CDF0738F 
 117      F97402BD 
 117      DEF9B9
 118 00d7 EFF4A107 		.ascii	"\357\364\241\007\325>\364\361\177\240[H\351\374\017"
 118      D53EF4F1 
 118      7FA05B48 
 118      E9FC0F
 119 00e6 3B879563 		.ascii	";\207\225c\266\271\366\227.\236\300\026\345T\177\207"
 119      B6B9F697 
 119      2E9EC016 
 119      E5547F87 
 120 00f6 963AFC55 		.ascii	"\226:\374U\026\002\203{?\\\007\320\010C\260&\353\303"
 120      1602837B 
 120      3F5C07D0 
 120      0843B026 
 120      EBC3
 121 0108 82FE9C68 		.ascii	"\202\376\234hQ@\272!7\330\3207w\021~/\3576\232\320\205"
 121      5140BA21 
 121      37D8D037 
 121      77117E2F 
 121      EF369AD0 
 122 011d 22362206 		.ascii	"\"6\"\006uQ\372\272\320w\260\370\376\355\205\005\023"
 122      7551FABA 
 122      D077B0F8 
 122      FEED8505 
 122      13
 123 012e 75E1D445 		.ascii	"u\341\324E{\2453\252s$\2722\337~\343\350\250\235h\012"
ARM GAS  /tmp/ccDSJwNn.s 			page 9


 123      7BA533AA 
 123      7324BA32 
 123      DF7EE3E8 
 123      A89D680A 
 124 0142 1ACD3BD6 		.ascii	"\032\315;\326\037S\355\225\324\200\306\257\206\357\335"
 124      1F53ED95 
 124      D480C6AF 
 124      86EFDD
 125 0151 1851202D 		.ascii	"\030Q -\257\035\217\331\301\216\210\333\226B\032\360"
 125      AF1D8FD9 
 125      C18E88DB 
 125      96421AF0 
 126 0161 A5F26AE3 		.ascii	"\245\362j\343\250\267\245\346\0025\034\263\213\247\210"
 126      A8B7A5E6 
 126      02351CB3 
 126      8BA788
 127 0170 B19A0C43 		.ascii	"\261\232\014C\202k\267\242\314X]\307j\205\230\217\340"
 127      826BB7A2 
 127      CC585DC7 
 127      6A85988F 
 127      E0
 128 0181 19BC88AD 		.ascii	"\031\274\210\255dN\3171&\014e\364a\355\305RB8\231\337"
 128      644ECF31 
 128      260C65F4 
 128      61EDC552 
 128      423899DF 
 129 0195 A268106D 		.ascii	"\242h\020m\006\321h:\355er\371\213\371s\027<\177\306"
 129      06D1683A 
 129      ED6572F9 
 129      8BF97317 
 129      3C7FC6
 130 01a8 CB4D4C7A 		.ascii	"\313MLz\323~\361\312\214\227\365\247\246\374\202w\366"
 130      D37EF1CA 
 130      8C97F5A7 
 130      A6FC8277 
 130      F6
 131 01b9 FC7866FC 		.ascii	"\374xf\374\232W\270\232\317\246\263\344\344&\012\227"
 131      9A57B89A 
 131      CFA6B3E4 
 131      E4260A97 
 132 01c9 262F17CD 		.ascii	"&/\027\315\351b\336\377\015\205G\256b"
 132      E962DEFF 
 132      0D8547AE 
 132      62
 133              		.text
 134              		.section	.gnu.lto_nvicClearPending.bc7fa2c6bd4de7cc,"",%progbits
 135 0000 789C2D51 		.ascii	"x\234-Q\317OSA\020\236o\347\275\266$\264^Ml\224\203"
 135      CF4F5341 
 135      109E6FE7 
 135      BDB624B4 
 135      5E4D6C94 
 136 0015 0921C63E 		.ascii	"\011!\306>\373'\030\016\236\010\011\376\005\332\013"
 136      FB27180E 
 136      9E0809FE 
 136      05DA0B
 137 0024 4DA43562 		.ascii	"M\2445b\2107\266\005\332\210\211\020\205\"\306\346\325"
 137      8837B605 
ARM GAS  /tmp/ccDSJwNn.s 			page 10


 137      DA888910 
 137      8522C6E6 
 137      D5
 138 0035 58C30F85 		.ascii	"X\303\017\205\002z\020\2744/^8\240\301\253\306\203&"
 138      027A10BC 
 138      342F5E38 
 138      A0C1ABC6 
 138      8326
 139 0047 261E20DA 		.ascii	"&\036 \332x\360\000\350\314{n\262\2733\337~\363\315"
 139      78F000E8 
 139      CC7B6EB2 
 139      BB33DF7E 
 139      F3CD
 140 0059 EC8C4B86 		.ascii	"\354\214K\206\016A\224%\2423\262\301\0043\373\236\250"
 140      0E419425 
 140      A233B2C1 
 140      0433FB9E 
 140      A8
 141 006a 9430801A 		.ascii	"\2240\200\0326\001\0327\030\307\014/0\202\352\367m\323"
 141      36011A37 
 141      18C70C2F 
 141      3082EAF7 
 141      6DD3
 142 007c B76465B5 		.ascii	"\267de\265\027v\342\025;u\332g\242E\331\272\260\204"
 142      1776E215 
 142      3B75DA67 
 142      A245D9BA 
 142      B084
 143 008e 3E61ED4F 		.ascii	">a\355On<\341\373\3543\340\210\373k\357\361\267\224"
 143      6E3CE1FB 
 143      EC33E088 
 143      FB6BEFF1 
 143      B794
 144 00a0 BA063DE2 		.ascii	"\272\006=\342\036\333\271Z\212/\201\304^\014\346?%{"
 144      1EDBB95A 
 144      8A2F81C4 
 144      5E0CE63F 
 144      257B
 145 00b2 9F5B5BB6 		.ascii	"\237[[\266\355wsl\317\373\314X\005\213 V\220\3062\322"
 145      ED77736C 
 145      CFFBCC58 
 145      058B2056 
 145      90C632D2 
 146 00c6 2410E105 		.ascii	"$\020\341\005z\225\377u\363d>\031s\242\204x\211\230"
 146      7A95FF75 
 146      F3643E19 
 146      73A28478 
 146      8998
 147 00d8 D44EAD8F 		.ascii	"\324N\255\217h\333\223\277U\333\376\334\304\376\225"
 147      68DB93BF 
 147      55DBFEDC 
 147      C4FE95
 148 00e7 04A07423 		.ascii	"\004\240t#\201\016\353\341\310\341\272j\021MK\240~\353"
 148      810EEBE1 
 148      C8E1BA6A 
 148      114D4BA0 
 148      7EEB
ARM GAS  /tmp/ccDSJwNn.s 			page 11


 149 00f9 1E1BBDF9 		.ascii	"\036\033\275\371\007&:\225\343\267\015\250X\235M\235"
 149      07263A95 
 149      E3B70DA8 
 149      589D4D9D 
 150 0109 2169769B 		.ascii	"!iv\233;G\335Z\261\013\027kR\203\320\216*w\273\"\022"
 150      3B47DD5A 
 150      B10B176B 
 150      5283D08E 
 150      2A77BB22 
 151 011e 47A487CD 		.ascii	"G\244\207\315\365\355\244\222\034\234\303zD\372YY\211"
 151      F5EDA492 
 151      1C9CC37A 
 151      44FA5959 
 151      89
 152 012f 47240717 		.ascii	"G$\007\027\322B\025\260\334\251\376Ww\005\026 \250\355"
 152      D24215B0 
 152      DCA9FE57 
 152      77051620 
 152      A8ED
 153 0141 6614108D 		.ascii	"f\024\020\215\332T\360!\256\032\261\260\035\257\237"
 153      DA54F021 
 153      AE1AB1B0 
 153      1DAF9F
 154 0150 1EFEE98E 		.ascii	"\036\376\351\216\\\033L\330\224@\017\016:oR>\352%iy"
 154      5C1B4CD8 
 154      94400F0E 
 154      3A6F523E 
 154      EA256979 
 155 0164 E3ACCF71 		.ascii	"\343\254\317qlH_Z\222N\003\366\276l\315\236\362\326"
 155      6C485F5A 
 155      924E03F6 
 155      BE6CCD9E 
 155      F2D6
 156 0176 EC64C9F6 		.ascii	"\354d\311\366\370\234\300&|<\012\207\241j\253\277\227"
 156      F89CC026 
 156      7C3C0A87 
 156      A16AABBF 
 156      97
 157 0187 39DBD2C7 		.ascii	"9\333\322\307\306\230\317]\330\202'_\014\007\365\012"
 157      C698CF5D 
 157      D882275F 
 157      0C07F50A 
 158 0197 59A9870E 		.ascii	"Y\251\207\016Pn<\233\011\313\013\0078\315\320\266\010"
 158      506E3C9B 
 158      09CB0B07 
 158      38CDD0B6 
 158      08
 159 01a8 E76226E3 		.ascii	"\347b&\343\365\017\347\257\347\007\257z\305Qo\370\332"
 159      F50FE7AF 
 159      E707AF7A 
 159      C5516FF8 
 159      DA
 160 01b9 0DEF66F1 		.ascii	"\015\357f\361\326\355Q/W\034\031)\026\274\313C\003\375"
 160      D6ED512F 
 160      571C1929 
 160      16BCCB43 
 160      03FD
ARM GAS  /tmp/ccDSJwNn.s 			page 12


 161 01cb 0377BCC2 		.ascii	"\003w\274\302X>\227\311\021\012\377\000\266\001\252"
 161      583E97C9 
 161      110AFF00 
 161      B601AA
 162 01da 64       		.ascii	"d"
 163              		.text
 164              		.section	.gnu.lto_.symbol_nodes.bc7fa2c6bd4de7cc,"",%progbits
 165 0000 789C6365 		.ascii	"x\234ce`b\360b\000\002\246\251L\365\014\014\023\316"
 165      6062F062 
 165      0002A6A9 
 165      4CF50C0C 
 165      13CE
 166 0012 313000A9 		.ascii	"10\000\251]\015\216@\221iL\365\214\250\"\323\231\352"
 166      5D0D8E40 
 166      91694CF5 
 166      8CA822D3 
 166      99EA
 167 0024 99504566 		.ascii	"\231PEf0\3253\243\2100\000\000\271\320\022\036"
 167      30D533A3 
 167      88300000 
 167      B9D0121E 
 168              		.text
 169              		.section	.gnu.lto_.refs.bc7fa2c6bd4de7cc,"",%progbits
 170 0000 789C6365 		.ascii	"x\234ce`b`d\000\002\000\000I\000\011"
 170      60626064 
 170      00020000 
 170      490009
 171              		.text
 172              		.section	.gnu.lto_.decls.bc7fa2c6bd4de7cc,"",%progbits
 173 0000 789CBD59 		.ascii	"x\234\275YkPT\311\025\236\276=\3000<4H\355\272\011\233"
 173      6B5054C9 
 173      159EBE3D 
 173      C0303C34 
 173      48EDBA09 
 174 0015 DAB2DC92 		.ascii	"\332\262\334\222\252\004\007\335\315\356\246*\225\310"
 174      AA0407DD 
 174      CDEEA62A 
 174      95C8
 175 0023 A2462AE5 		.ascii	"\242F*\345.5\270V\362\213B\234]I\024\014`\242[\331\354"
 175      2E35B856 
 175      F28B429C 
 175      5D49140C 
 175      60A25BD9 
 176 0038 9587222A 		.ascii	"\225\207\"*\202\202\010\210 \210/TD\020TD\007T\344!"
 176      82820888 
 176      20882F54 
 176      44105444 
 176      0754E421 
 177 004c A820226F 		.ascii	"\250 \"oD@DD\036\276@\204\234~\\\346r\235\261\366\307"
 177      44404444 
 177      1EBE4084 
 177      9C7E5CE6 
 177      729DB1F6 
 178 0061 566E79EE 		.ascii	"Vny\356\314\351\376\372\364\327\347t\237>\203V*A\365"
 178      CCE9FEFA 
 178      F4D7E774 
 178      9F3E8356 
ARM GAS  /tmp/ccDSJwNn.s 			page 13


 178      2A41F5
 179 0074 C70F54AA 		.ascii	"\307\017T\252]\202J\265\017\251T\223\360X\251T\252\223"
 179      5D824AB5 
 179      0FA95493 
 179      F058A954 
 179      AA93
 180 0086 2AD3A306 		.ascii	"*\323\243\006\271\000r\011\304\010R\252z\373\331\000"
 180      B9007209 
 180      C40852AA 
 180      7AFBD900 
 181 0096 631DE073 		.ascii	"c\035\340s%\210\023\2103H\036\210\013\310<\220\257I"
 181      25881388 
 181      33481E88 
 181      0BC83C90 
 181      AF49
 182 00a8 1B606681 		.ascii	"\033`f\2014\303\367&\220\307 } \030D\200v[\020\033\020"
 182      34C3F726 
 182      90C7207D 
 182      20184480 
 182      765B101B 
 183 00bd C4E7533E 		.ascii	"\304\347S>?@\207\275\2319\224\366%\273\322<\2604\225"
 183      3F4087BD 
 183      993994F6 
 183      25BBD23C 
 183      B03495
 184 00d0 06B13910 		.ascii	"\006\2619\020_\207\362\331\014\035Z\013\374\211m\003"
 184      5F87F2D9 
 184      0C1D5A0B 
 184      FC896D03 
 185 00e0 F4FB8378 		.ascii	"\364\373\203x f\223\330\371\013\267g\344z(\232n3\322"
 185      206693D8 
 185      F90BB767 
 185      E47A289A 
 185      6E33D2
 186 00f3 824DC2D7 		.ascii	"\202M\302\327\333\014_2\334\226\3334\347\343D\214\012"
 186      DB0C5F32 
 186      DC96DB34 
 186      E7E3448C 
 186      0A
 187 0104 B696A5DA 		.ascii	"\266\226\245\332\267\241\026\004kB3i+B\354\215\250P"
 187      B7A11604 
 187      6B423369 
 187      2B42EC8D 
 187      A850
 188 0116 75527A10 		.ascii	"uRz\020\242\355\320*\250\270a\251\011I#\270.pU\340&"
 188      A2EDD02A 
 188      A8B861A9 
 188      094923B8 
 188      2E7055E0 
 189 012b E93F3E18 		.ascii	"\351?>\030\311,\262n6\223\3640\356\354\013\035\306\207"
 189      C92CB26E 
 189      3693F430 
 189      EEEC0B1D 
 189      C687
 190 013d 22249826 		.ascii	"\"$\230&@H>@f\220\321\346\375S\374T\246\305!i\365\375"
 190      40483E40 
 190      6690D1E6 
ARM GAS  /tmp/ccDSJwNn.s 			page 14


 190      FD53FC54 
 190      A6C52169 
 191 0153 3B46D2D4 		.ascii	";F\322\324\355\250\025!;U\372\"D\333R\356tf\012\030"
 191      EDA81521 
 191      3B55FA22 
 191      44DB52EE 
 191      74660A18 
 192 0167 420BDFDB 		.ascii	"B\013\337\333G\217.\235\177Bd\217\3467&\267\265\226"
 192      478F2E9D 
 192      7F42648F 
 192      E63726B7 
 192      B596
 193 0179 1FCBC631 		.ascii	"\037\313\3061\030\315\323\"2\347\014h\312\351??\352"
 193      18CDD322 
 193      32E70C68 
 193      CAE93F3F 
 193      EA
 194 018a C09A08A2 		.ascii	"\300\232\010\242v\327\360!\033\354B\277\337\2168\275"
 194      76D7F021 
 194      1BEC42BF 
 194      DF8E38BD 
 195 019a 9FA09DB4 		.ascii	"\237\240\235\264H\015\352Pu\362\003GP\235\265\350\243"
 195      480DEA50 
 195      75F20347 
 195      509DB5E8 
 195      A3
 196 01ab 442C2455 		.ascii	"D,$U6\224\252\221\253\3660\231\3048\371l^\334VQ\024"
 196      3694AA91 
 196      ABF63099 
 196      C438F96C 
 196      5EDC5651 
 197 01c0 502ED2A2 		.ascii	"P.\322\242\223\010\243\343h>\241<\217\004>J\024\303"
 197      9308A3E3 
 197      683EA13C 
 197      8F043E4A 
 197      14C3
 198 01d2 C4D870D1 		.ascii	"\304\330p\321v\231\012\345 \027t\012\271\250\320i\344"
 198      76990AE5 
 198      2017740A 
 198      B9A8D069 
 198      E4
 199 01e3 4A262538 		.ascii	"J&%8t\002\032\263\241\021f9v(.\303\032\357@\204\201"
 199      74021AB3 
 199      A1116639 
 199      76282EC3 
 199      1AEF4084 
 200 01f8 5076A9F9 		.ascii	"Pv\251\371\236\032i]\315\032\3107c\200\221yz|NY$!\223"
 200      9E1A695D 
 200      CD1AC837 
 200      63809179 
 200      7A7C4E59 
 201 020f 0764CE98 		.ascii	"\007d\316\230\310\0007\346\207\322\321\366\231j\262"
 201      C80037E6 
 201      87D2D1F6 
 201      996AB2
 202 021e 75086095 		.ascii	"u\010`\225\2324EgU\214\341\251\266\263\2106^\233|i\234"
 202      9A344567 
ARM GAS  /tmp/ccDSJwNn.s 			page 15


 202      558CE1A9 
 202      B6B38836 
 202      5E9B7C69 
 203 0233 C13C2010 		.ascii	"\301< \020\347\014\336H\265c\036\230\011j\325\355\341"
 203      E70CDE48 
 203      B5631E98 
 203      096AD5ED 
 203      E1
 204 0244 06FBD97B 		.ascii	"\006\373\331{\251\227\303\305\231\002Z\371\036:\007"
 204      A997C3C5 
 204      99025AF9 
 204      1E3A07
 205 0253 440A8188 		.ascii	"D\012\201\210\012\235G\263\341]\200\324lJ\361|[-\236"
 205      0A9D47B3 
 205      E15D80D4 
 205      6C4AF17C 
 205      5B2D9E
 206 0266 932EA677 		.ascii	"\223.\246w\200\263\212\347><#\212@QT\023\034:f\342\010"
 206      80B38AE7 
 206      3E3C238A 
 206      40515413 
 206      1C3A66E2 
 207 027b 5FE17D14 		.ascii	"_\341}\024\265#t\004\265\301\016\270\200\346\300\360"
 207      B5237404 
 207      B5C10EB8 
 207      80E6C0F0 
 208 028b FAB6E241 		.ascii	"\372\266\342A\214SY|\315\320\277z:\373\215\243E.\305"
 208      8C53597C 
 208      CDD0BF7A 
 208      3AFB8DA3 
 208      452EC5
 209 029e 94CB4589 		.ascii	"\224\313E\211\313\361\260C=\016\234K\355\007I\2421L"
 209      CBF1B043 
 209      3D0E9C4B 
 209      ED0749A2 
 209      314C
 210 02b0 24DE0214 		.ascii	"$\336\002\024*21)R2\271D\231\344\276z\034\216q\016c"
 210      2A323129 
 210      5232B944 
 210      99E4BE7A 
 210      1C8E710E 
 211 02c5 D250DFBF 		.ascii	"\322P\337\277\323Z\262\364\253)KdM\227M\226.+-\031\251"
 211      D35AB2F4 
 211      AB294B64 
 211      4D974D96 
 211      2E2B2D19 
 212 02da A5E22389 		.ascii	"\245\342#\211^\370\0063\22482t\315\221\033\352\373p"
 212      5EF80633 
 212      94383274 
 212      CD911BEA 
 212      FB70
 213 02ec 1AA51293 		.ascii	"\032\245\022\223\241\022\245\241Rj\350D}Z\221=\013\223"
 213      A112A5A1 
 213      526AE844 
 213      7D5A913D 
 213      0B93
 214 02fe E842766A 		.ascii	"\350Bvj\311\326|\256\017\332\200\036\177\362A!bz\254"
ARM GAS  /tmp/ccDSJwNn.s 			page 16


 214      C9D67CAE 
 214      0FDA801E 
 214      7FF24121 
 214      627AAC
 215 0311 33E8BDF5 		.ascii	"3\350\275\365G\222\035X\034\305\203\010\032R\307\307"
 215      47921D58 
 215      1CC58308 
 215      1A52C7C7 
 216 0321 23D4B895 		.ascii	"#\324\270\225Q\271\177w\242\212o\373p+r\014\012\036"
 216      51B97F77 
 216      A28A6FFB 
 216      702B720C 
 216      0A1E
 217 0333 EDB6D346 		.ascii	"\355\266\323F\021\317\322-H:\244M\250B\025dO!\235\013"
 217      11CFD22D 
 217      483AA44D 
 217      A8421564 
 217      4F219D0B 
 218 0347 2A67FB77 		.ascii	"*g\373w\244\271$]\353\024K\321\242\370\221\232\306\250"
 218      A4B9245D 
 218      EB144BD1 
 218      A2F8919A 
 218      C6A8
 219 0359 0CE0D728 		.ascii	"\014\340\327(\274\0229I\203\010\272+\253+\335\2263\267"
 219      BC123949 
 219      8308BA2B 
 219      AB2BDD96 
 219      33B7
 220 036b 067D4B5C 		.ascii	"\006}K\\g\246#gN\210\335\212\333\261G\315\231\222\323"
 220      67A62367 
 220      4E88DD8A 
 220      DBB147CD 
 220      9992D3
 221 037e 1AD310F7 		.ascii	"\032\323\020\367'\374\220\361\274\227\273\347\264\025"
 221      27FC90F1 
 221      BC97BBE7 
 221      B415
 222 038c C33E25D8 		.ascii	"\303>%\330\241\211\254\004k\213<oI<o2\2369\221]\307"
 222      A189AC04 
 222      6B8B3C6F 
 222      493C6F32 
 222      9E39915D 
 223 03a1 3430DA05 		.ascii	"40\332\005R\001\222\345\001\027\226\007\362\215#'\325"
 223      520192E5 
 223      01179607 
 223      F28D2327 
 223      D5
 224 03b2 B88FCE24 		.ascii	"\270\217\316$\024\344w%keG\375\275s\2428\023\325\303"
 224      14E47725 
 224      6B6547FD 
 224      BD73A238 
 224      13D5C3
 225 03c5 C2EA4CB1 		.ascii	"\302\352L\261q\231:\351\203\031\"\236\255B\237\270 "
 225      71993AE9 
 225      8319229E 
 225      AD429FB8 
 225      20
ARM GAS  /tmp/ccDSJwNn.s 			page 17


 226 03d6 7738A677 		.ascii	"w8\246w\340\230\272\360cZ\013tn\363s\236v\364\252\003"
 226      E098BAF0 
 226      635A0B74 
 226      6EF3739E 
 226      76F4AA03 
 227 03ea 7EC62648 		.ascii	"~\306&HJ(\311w\234\232\000\216o\036=\276\367`\206\273"
 227      4A28C977 
 227      9C9A008E 
 227      6F1E3DBE 
 227      F76086BB 
 228 03fe A619EA91 		.ascii	"\246\031\352\221\205)\032\314O1\322}\261\320\332\024"
 228      85291ACC 
 228      4F31D27D 
 228      B1D0DA14 
 229 040e 0A44ED55 		.ascii	"\012D\355UC\377\015\352\221F\032\212[R(\322O$\365\333"
 229      43FF0DEA 
 229      91461A8A 
 229      5B5228D2 
 229      4F24F5DB 
 230 0422 10F785FF 		.ascii	"\020\367\205\3774\353\355bd\237\215\334z\323\273\254"
 230      34EBED62 
 230      649F8DDC 
 230      7AD3BBAC 
 231 0432 17B4C76F 		.ascii	"\027\264\307o\343[2\235$\323\013\255CF;\246w\020\367"
 231      E35B329D 
 231      24D30BAD 
 231      43463BA6 
 231      7710F7
 232 0445 8FF6EFAB 		.ascii	"\217\366\357\253\327\360@;\202~ed\377\220=\036\347\347"
 232      D7F0403B 
 232      827E6564 
 232      FF903D1E 
 232      E7E7
 233 0457 BDB9388A 		.ascii	"\275\2718\212G\372sP\303\372rSl-\006\372\276\024\350"
 233      47FA7350 
 233      C3FA7253 
 233      6C2D06FA 
 233      BE14E8
 234 046a 0EC633B2 		.ascii	"\016\3063\262'\265EPn\3106\200\267Rx'\345y_\342\231"
 234      27B54550 
 234      6EC83680 
 234      B7527827 
 234      E5795FE2 
 235 047f F864F497 		.ascii	"\370d\364\227|?\312s\276\023\315\371\350T\357\345\375"
 235      7C3FCA73 
 235      BE13CDF9 
 235      E854EFE5 
 235      FD
 236 0490 5ACE9224 		.ascii	"Z\316\222$\304+u)\3316x\013\246,\237EG\276\344\347\206"
 236      C42B7529 
 236      D936780B 
 236      A62C9F45 
 236      47BEE4E7 
 237 04a5 1CBA8683 		.ascii	"\034\272\206\203\335\257\264\026Y\366J,\0372\226\321"
 237      DDAFB416 
 237      59F64A2C 
 237      1F3296D1 
ARM GAS  /tmp/ccDSJwNn.s 			page 18


 238 04b5 FB3352AD 		.ascii	"\3733R\255\225,\273\001\336E\341\217(\313^\211e\324"
 238      952CBB01 
 238      DE45E18F 
 238      28CB5E89 
 238      65D4
 239 04c7 89982B98 		.ascii	"\211\230+\230\305\352\247\334\0120\242\"\275 i\332\261"
 239      C5EAA7DC 
 239      0A30A222 
 239      BD2069DA 
 239      B1
 240 04d8 EC7B97FD 		.ascii	"\354{\227\375\227\005\257\233\371\262\3231\361xQc\034"
 240      9705AF9B 
 240      F9B2D331 
 240      F1785163 
 240      1C
 241 04e9 BF073AE4 		.ascii	"\277\007:\344\307\326\231\037\333\315\275\247\267b\274"
 241      C7D6991F 
 241      DBCDBDA7 
 241      B762BC
 242 04f8 9DF96124 		.ascii	"\235\371a$1r\233\206\201\337\007\265<e\377\257-\272"
 242      31729B86 
 242      81DF07B5 
 242      3C65FFAF 
 242      2DBA
 243 050a 614872C3 		.ascii	"aHr\303 \243y\251\246\371\234\255\322\015\003\000\177"
 243      20A379A9 
 243      A6F99CAD 
 243      D20D0300 
 243      7F
 244 051b 42E1C394 		.ascii	"B\341\303\224\346\220D3\277x(K\312\036\204fwvg\246\026"
 244      E6904433 
 244      BF78284B 
 244      CA1E8466 
 244      777667A6 
 245 0530 27301AC7 		.ascii	"'0\032\307\215\333\313y8\322I\254&S\006S\355q2\353\224"
 245      8DDBCB79 
 245      38D249AC 
 245      26530653 
 245      ED7132EB 
 246 0545 02E9C403 		.ascii	"\002\351\304\003y\363QA\256\200\017\261\3167\355\261"
 246      79F35141 
 246      AE800FB1 
 246      CE37EDB1 
 247 0555 B1367C24 		.ascii	"\2616|$\331\233\355\215\365\271\366\370\030\353,\350"
 247      D99BED8D 
 247      F5B9F6F8 
 247      18EB2CE8 
 248 0565 A9289346 		.ascii	"\251(\223F\222\316m9\235\333\255\360\031\326y\277\365"
 248      92CE6D39 
 248      9DDBADF0 
 248      19D679BF 
 248      F5
 249 0576 61B4232E 		.ascii	"a\264#.d\312\365\262\260\277\343\022\366\275\352A\304"
 249      64CAF5B2 
 249      B0BFE312 
 249      F6BDEA41 
 249      C4
ARM GAS  /tmp/ccDSJwNn.s 			page 19


 250 0587 6FD9A008 		.ascii	"o\331\240\010\222\240\257\035\312M\303\314\177\351t"
 250      92A0AF1D 
 250      CA4DC3CC 
 250      7FE974
 251 0596 FBE79544 		.ascii	"\373\347\225D\207\317\300e\024<\343\312\375#)\0324\227"
 251      87CFC065 
 251      143CE3CA 
 251      FD23291A 
 251      3497
 252 05a8 3FB3C8CB 		.ascii	"?\263\310\313un\206\030\261Y4\266\217\376a\364N\204"
 252      756E8618 
 252      B15934B6 
 252      8FFE61F4 
 252      4E84
 253 05ba 286EB147 		.ascii	"(n\261G\315\310\011\325@r\210\026fM\035;TE\335\264\200"
 253      CDC809D5 
 253      40728816 
 253      664D1D3B 
 253      5445DDB4 
 254 05cf 54AB6C40 		.ascii	"T\253l@\345&xE`\364\030\320\2578Z\012;z9\015\035\016"
 254      E5267845 
 254      60F418D0 
 254      AF385A0A 
 254      3B7A390D 
 255 05e5 E8EF9328 		.ascii	"\350\357\223(\232l\216\315\002CO\355\254+r4\311S\303"
 255      9A6C8ECD 
 255      02434FED 
 255      AC2B7234 
 255      C953C3
 256 05f8 1B996D88 		.ascii	"\033\231m\210\012z\303mK\261\342\373J\206\256\335dB"
 256      0A7AC36D 
 256      4BB1E2FB 
 256      4A86AEDD 
 256      6442
 257 060a BF50A29F 		.ascii	"\277P\242\237+y\367m4\361\236P\362\326)\300c2\360\270"
 257      2B79F76D 
 257      34F19E50 
 257      F2D629C0 
 257      6332F0B8 
 258 061e 12FC5A69 		.ascii	"\022\374Zi\272I\346\222gJ\364\210\011\035\307w\341\""
 258      BA49E692 
 258      674AF488 
 258      091DC777 
 258      E122
 259 0630 B50A3689 		.ascii	"\265\0126\211\013\\\023\244\213\240\341p\241]\202+\332"
 259      0B5C13A4 
 259      8BA0E170 
 259      A15D822B 
 259      DA
 260 0641 2ACC4591 		.ascii	"*\314E\221 Q 1 \341 [@\266\201l\007\331\011\022\013"
 260      20512031 
 260      20E1205B 
 260      40B6816C 
 260      07D90912 
 261 0656 1206B203 		.ascii	"\022\006\262\003$B\230K+Q\346\220N\231C\236*\035\322"
 261      2442984B 
 261      2B51E690 
ARM GAS  /tmp/ccDSJwNn.s 			page 20


 261      4E99439E 
 261      2A1DD2
 262 0669 AF745FE9 		.ascii	"\257t_\351\367\014\015\027(\272\316\321\322\265\212"
 262      F70C0D17 
 262      28BACED1 
 262      D2B58A
 263 0678 AEBEE53E 		.ascii	"\256\276\345>\331\032{\224k|\360\226m\031\2231%\223"
 263      D91A7B94 
 263      6B7CF096 
 263      6D199331 
 263      2593
 264 068a 51139A5D 		.ascii	"Q\023\232]Om\257\2346\213\"\"(\025\277\232L\213z1\352"
 264      4F6DAF9C 
 264      368B2222 
 264      2815BF9A 
 264      4C8B7A31 
 265 069f BC5B14CB 		.ascii	"\274[\024\313\335I^\2052\205\331\222\262-\374^\231\262"
 265      DD495E85 
 265      3285D992 
 265      B22DFC5E 
 265      99B2
 266 06b1 059B7EE2 		.ascii	"\005\233~\342n\373U\204'\350\246\0276_L\253\261C\256"
 266      6EFB5584 
 266      27E8A617 
 266      365F4CAB 
 266      B143AE
 267 06c4 B3D81C77 		.ascii	"\263\330\034w\3074P\271\243=08N\230\272\000\311\214"
 267      C73450B9 
 267      A33D3038 
 267      4E98BA00 
 267      C98C
 268 06d6 E6E38276 		.ascii	"\346\343\202vC8~\216\320\220\263\032\223;\354h\037="
 268      43387E8E 
 268      D090B31A 
 268      933BEC68 
 268      1F3D
 269 06e8 55725316 		.ascii	"UrS\026\246\224\025/\330\323_$\360IJ\257\352\353-<\313"
 269      A694152F 
 269      D8D35F24 
 269      F0494AAF 
 269      EAEB2D3C 
 270 06fd 4491833C 		.ascii	"D\221\203<\371\2501\223\247\244Ablh<\265\220\353\316"
 270      F9A83193 
 270      A7A44162 
 270      6C683CB5 
 270      90EBCE
 271 0710 B2D4E2CC 		.ascii	"\262\324\342\314S\313\370\366\342$\3135K\222\300\263"
 271      53CBF8F6 
 271      E224CB35 
 271      4B92C0B3 
 272 0720 E329961D 		.ascii	"\343)\226\035G#\012;\2202;\356\003\027$\012\004\236"
 272      47230A3B 
 272      90323BEE 
 272      0317240A 
 272      049E
 273 0732 2C384983 		.ascii	",8I\203\010\372lm\303\013[\034\245\246\011(}\".\303"
 273      08FA6C6D 
ARM GAS  /tmp/ccDSJwNn.s 			page 21


 273      C30B5B1C 
 273      A5A60928 
 273      7D222EC3 
 274 0746 4EBA31A2 		.ascii	"N\2721\242~\312\215\261\255\276\345\314\264\311\366"
 274      7ECA8DB1 
 274      ADBEE5CC 
 274      B4C9F6
 275 0755 0BEF98AC 		.ascii	"\013\357\230\254\256\347`\004\277\337o\251d?\025\234"
 275      AEE76004 
 275      BFDF6FA9 
 275      643F159C 
 276 0765 D84F0529 		.ascii	"\330O\005)k:\363\254YTV[\201\360N\306\255t\370\364\021"
 276      6B3AF3AC 
 276      5954565B 
 276      81F04EC6 
 276      AD74F8F4 
 277 077a 3E9664F1 		.ascii	">\226d\361\250\244\341[3,\372$S\362I\206@i6\276\272"
 277      A8A4E15B 
 277      332CFA24 
 277      53F24986 
 277      406936BE 
 278 078f D664A5F4 		.ascii	"\326d\245\364I:\320L\2434\017Q\232\231\022\315\266\274"
 278      493AD04C 
 278      A3340F51 
 278      9A9912CD 
 278      B6BC
 279 07a1 A41E1BE5 		.ascii	"\244\036\033\345\242,\242\267_;[\306\203[N\364\236\211"
 279      A22CA2B7 
 279      5F3B5BC6 
 279      835B4EF4 
 279      9E89
 280 07b3 BC4A1BBC 		.ascii	"\274J\033\274\233\261\336\263\373U\245\006\357eJ\341"
 280      9BB1DEB3 
 280      FB55A506 
 280      EF654AE1 
 281 07c3 4076A103 		.ascii	"@v\241\003C\032\211\236\\\364\254\222W"
 281      431A899E 
 281      5CF4AC92 
 281      57
 282 07d0 2C1A59B7 		.ascii	",\032Y\2673\357\036\311\036\314\262\306\311lltA]\233"
 282      33EF1EC9 
 282      1ECCB2C6 
 282      C96C6C74 
 282      415D9B
 283 07e3 DAE27A4F 		.ascii	"\332\342zOJ\353u\247\313M(N8\353\250\\n6,\3408]\300"
 283      4AEB75A7 
 283      CB4D284E 
 283      38EBA85C 
 283      6E362CE0 
 284 07fa 29BA8093 		.ascii	")\272\200\223\322\002N=\037\271\240U.\327\"\372h\317"
 284      D2024E3D 
 284      1FB9A055 
 284      2ED722FA 
 284      68CF
 285 080c FE181E87 		.ascii	"\376\030\036\207/@\3357z\260\317\001\037`$\237\014\214"
 285      2F40DD37 
 285      7AB0CF01 
ARM GAS  /tmp/ccDSJwNn.s 			page 22


 285      1F60249F 
 285      0C8C
 286 081e E738E24C 		.ascii	"\3478\342L\246\024\025^,\343\253s\0075\373DI\215\035"
 286      A614155E 
 286      2CE3AB73 
 286      0735FB44 
 286      498D1D
 287 0831 3ECAFAC6 		.ascii	">\312\372\306c\323\362l\361)\246\244\214\264>\342\273"
 287      63D3F26C 
 287      F129A6A4 
 287      8CB43EE2 
 287      BB
 288 0842 DF95043A 		.ascii	"\337\225\004:\363\300n[\234\307\372&c\243\222l\3609"
 288      F3C06E5B 
 288      9CC7FA26 
 288      63A3926C 
 288      F039
 289 0854 A6C4D7C4 		.ascii	"\246\304\327\304g\332\341b\246\014Dtw\360\2753\033\324"
 289      67DAE162 
 289      A60C4474 
 289      77F0BD33 
 289      1BD4
 290 0866 D7BDF18D 		.ascii	"\327\275\361\215\374\327\213\275\254\026q\346\265\310"
 290      FCD78BBD 
 290      AC1671E6 
 290      B5C8
 291 0874 A9173189 		.ascii	"\251\0271\211v\370\012\033\332\320\030q\236c\355@\215"
 291      76F80A1B 
 291      DAD01871 
 291      9E63ED40 
 291      8D
 292 0885 AD6AFFAB 		.ascii	"\255j\377\253E\317^\226<{\211\355\244\312\362\033;\325"
 292      45CF5E96 
 292      3C7B89ED 
 292      A4CAF21B 
 292      3BD5
 293 0897 CA72F922 		.ascii	"\312r\371\"8\253\210:\313H\235uYrVfR\370\230\225\262"
 293      38AB883A 
 293      CB489D75 
 293      59725666 
 293      52F89895 
 294 08ac FCB5882E 		.ascii	"\374\265\210.\256mY\204\2573\216\317kZ\356#\\\305\224"
 294      AE6D5984 
 294      AF338ECF 
 294      6B5AEE23 
 294      5CC594
 295 08bf 88AA8A23 		.ascii	"\210\252\212#6\370&S\372\217U\227[\343z\246t\365\214"
 295      36F82653 
 295      FA8F5597 
 295      5BE37AA6 
 295      74F58C
 296 08d2 9DC3B889 		.ascii	"\235\303\270\211)\207\3733v\332\342v>\246k\240\206\373"
 296      2987FB33 
 296      76DAE276 
 296      3EA66BA0 
 296      86FB
 297 08e4 6707394C 		.ascii	"g\0079L\257\007\013\356H\036!\273\255\357y\367\244\006"
ARM GAS  /tmp/ccDSJwNn.s 			page 23


 297      AF070BEE 
 297      481E21BB 
 297      ADEF79F7 
 297      A406
 298 08f6 7753F0FB 		.ascii	"wS\360\373\375\371qY\366\323\213\011\366\270\202\260"
 298      FDF97159 
 298      F6D38B09 
 298      F6B882B0 
 299 0906 CB62E00D 		.ascii	"\313b\340\015\311\331\373\334Q\211\340\204\212!\335"
 299      C9D9FBDC 
 299      5189E084 
 299      8A21DD
 300 0915 D641C293 		.ascii	"\326A\302\223\226\202.\010\212\"\241\364\007S\221P\306"
 300      96822E08 
 300      8A22A1F4 
 300      07539150 
 300      C6
 301 0926 D153C984 		.ascii	"\321S\311\204^\3159\210\241\343\301x\351\217\354n\311"
 301      5ECD3988 
 301      A1E3C178 
 301      E98FEC6E 
 301      C9
 302 0937 02DB0739 		.ascii	"\002\333\0079Z:p\350\200\322\366\260\314\366y\245mV"
 302      5A3A70E8 
 302      80D2F6B0 
 302      CCF679A5 
 302      6D56
 303 0949 5248C669 		.ascii	"RH\306i\275\362_\023\374\254\022\236'7\036O\214s49\004"
 303      BDF25F13 
 303      FCAC129E 
 303      27371E4F 
 303      8C733439 
 304 095e 4795E8C3 		.ascii	"G\225\350\303J*c2*\347\224\350\002%\272R\206\276\246"
 304      4A2A6332 
 304      2AE794E8 
 304      0225BA52 
 304      86BEA6
 305 0971 441F37A1 		.ascii	"D\0377\241\345\227W\005\270\241\234v\325\361\233\253"
 305      E5975705 
 305      B8A19C76 
 305      D5F19BAB 
 306 0981 0D6EAE3B 		.ascii	"\015n\256;p\033\335\000\251\005i\006\271\013\322\012"
 306      701BDD00 
 306      A9056906 
 306      B90BD20A 
 307 0991 52055203 		.ascii	"R\005R\003r\033\244\011\344&H\013H=\310}\220v\220[ "
 307      721BA409 
 307      E426480B 
 307      483DC87D 
 307      9076905B 
 308 09a6 1D20D520 		.ascii	"\035 \325 \367@\032A\032\246\212\016\342\203\261\377"
 308      F7401A41 
 308      1AA68A0E 
 308      E283B1FF 
 309 09b6 987C70DD 		.ascii	"\230|p\335l\360d\213j\222\271\367\214\022|Z\351\202"
 309      6CF0648B 
 309      6A92B9F7 
ARM GAS  /tmp/ccDSJwNn.s 			page 24


 309      8C127C5A 
 309      E982
 310 09c8 26990BAE 		.ascii	"&\231\013\256(\321io\241\1774\241+\225\350\204i\241"
 310      28D1696F 
 310      A17F34A1 
 310      2B95E884 
 310      69A1
 311 09da 23652CDF 		.ascii	"#e,\337E\251\260\213R8Z\272\213\370o\003y\251\311\321"
 311      45A9B08B 
 311      52385ABA 
 311      8BF86F03 
 311      79A9C9D1 
 312 09ee 7047D1C2 		.ascii	"pG\321\302t\032z\257\240\334E\245\262e\026\232\217\264"
 312      741A7AAF 
 312      A0DC45A5 
 312      B265169A 
 312      8FB4
 313 0a00 1C5E2B5B 		.ascii	"\034^+[\347U\363\241\236\006\227Y\3177\277G\345\360"
 313      E755F3A1 
 313      9E069759 
 313      CF37BF47 
 313      E5F0
 314 0a12 4E99F552 		.ascii	"N\231\365R\363^dpV(\015\214\263b\254NY\214\021\257\015"
 314      F35E6470 
 314      56280D8C 
 314      B362AC4E 
 314      598C11AF 
 315 0a27 4CF0622C 		.ascii	"L\360b,\007\034q\202\033\223\322?:\246<\037c\262\363"
 315      071C7182 
 315      1B93D23F 
 315      3AA63C1F 
 315      63B2F3
 316 0a3a 71C4FCF9 		.ascii	"q\304\374\371\230\306T\266\260\\\363\273\203\301!%\325"
 316      98C654B6 
 316      B05CF3BB 
 316      83C12125 
 316      D5
 317 0a4b B427D4A8 		.ascii	"\264'\324\250\361c\232\222\204\302\206\274\004G4\313"
 317      F1639A92 
 317      84C286BC 
 317      044734CB 
 318 0a5b D5DC5940 		.ascii	"\325\334Y@]p\004\376\037\307\201\271\257g\322\232\324"
 318      5D7004FE 
 318      1FC781B9 
 318      AF67D29A 
 318      D4
 319 0a6c 990F60C2 		.ascii	"\231\017`\302NS\235YG\353L\240\275\367FK\270\215\274"
 319      4E539D59 
 319      47EB4CA0 
 319      BDF7464B 
 319      B88DBC
 320 0a7f 147C30AD 		.ascii	"\024|0\255\024\354\346\245`7-\005\217\246\366Lj\361"
 320      14ECE6A5 
 320      60372D05 
 320      8FA6F64C 
 320      6AF1
 321 0a91 3396A333 		.ascii	"3\226\2433z\253+\370\025\371!\371\363\345\236\376\030"
ARM GAS  /tmp/ccDSJwNn.s 			page 25


 321      7AAB2BF8 
 321      15F921F9 
 321      F3E59EFE 
 321      18
 322 0aa2 C452742F 		.ascii	"\304Rt/I\331\007\253G\366jq\230\025\305\236+~\262\220"
 322      49D907AB 
 322      47F66A71 
 322      9815C59E 
 322      2B7EB290 
 323 0ab6 41C96FC3 		.ascii	"A\311o\303\333\007\222;\221\305K\353\261ti\365\261K"
 323      DB07923B 
 323      91C54BEB 
 323      B17469F5 
 323      B14B
 324 0ac8 ABFE55F1 		.ascii	"\253\376U\361\230=\336N\015\251;2\207\037[#W\027\204"
 324      983DDE4E 
 324      0DA93B32 
 324      871F5B23 
 324      571784
 325 0adb B42087A5 		.ascii	"\264 \207\245?\200\253\320S\210h\277\200\245\377@H\026"
 325      3F80ABD0 
 325      538868BF 
 325      80A5FF40 
 325      4816
 326 0aed C1FCE08F 		.ascii	"\301\374\340\217\244\331\334\237\223\236\200\333\237"
 326      A4D9DC9F 
 326      939E80DB 
 326      9F
 327 0afa D2790621 		.ascii	"\322y\006!*\0030Q2\370\210\264\220\237\325/\017gi\344"
 327      2A033051 
 327      32F888B4 
 327      909FD52F 
 327      0F6769E4 
 328 0b0e F71EB1DD 		.ascii	"\367\036\261\335\013\270\2074\342C\364\336{,\335{\261"
 328      0BB88734 
 328      E243F4DE 
 328      7B2CDD7B 
 328      B1
 329 0b1f D507D99F 		.ascii	"\325\007\331\237j\310\034Q\357\234\203\270\273=\271"
 329      6AC81C51 
 329      EF9C83B8 
 329      BB3DB9
 330 0b2e 552BB73D 		.ascii	"U+\267=\374.\333\031\035\017vY}\234)\3362\212\306\327"
 330      FC2EDB19 
 330      1D0F7659 
 330      7D9C29DE 
 330      328AC6D7 
 331 0b42 C5EE2961 		.ascii	"\305\356)aF1|\021\032\201\255\376\010BiDsdC{\240e\205"
 331      46317C11 
 331      1A81ADFE 
 331      08426944 
 331      7364437B 
 332 0b59 A042CF84 		.ascii	"\240B\317\204\217U3\003\377\025\340\277$\320o\325Z\303"
 332      8F553303 
 332      FF15E0BF 
 332      24D06FD5 
 332      5AC3
ARM GAS  /tmp/ccDSJwNn.s 			page 26


 333 0b6b 4A837F68 		.ascii	"J\203\177hP\260\346\317_}\363\221\347\202\005*\255\257"
 333      50B0E6CF 
 333      5F7DF391 
 333      E782052A 
 333      ADAF
 334 0b7d EF8680C0 		.ascii	"\357\206\200\300\320O\026\372\206\256\326\255\011Zg"
 334      D04F16FA 
 334      86AED6AD 
 334      095A67
 335 0b8c D0FDDB60 		.ascii	"\320\375\333`\370\207!p\265.h}\250\356;\177\1777\277"
 335      F8872170 
 335      B52E687D 
 335      A8EE3B7F 
 335      7F37BF
 336 0b9f E0756E81 		.ascii	"\340un\201A\201\0067\203\337\252\000\267\317\334\026"
 336      41810637 
 336      83DFAA00 
 336      B7CFDC16 
 337 0baf BA2FF8DC 		.ascii	"\272/\370\334\355\237\013\3346\254_\355\027j\320M\353"
 337      ED9F0BDC 
 337      36AC5FED 
 337      176AD04D 
 337      EB
 338 0bc0 D60504FA 		.ascii	"\326\005\004\372\257\335\260\332\240[\347\347\277& "
 338      AFDDB0DA 
 338      A05BE7E7 
 338      BF2620
 339 0bcf D0A0F35D 		.ascii	"\320\240\363]m\370\326o\303\332P\337\320M\353\015!\363"
 339      6DF8D66F 
 339      C3DA50DF 
 339      D04DEB0D 
 339      21F3
 340 0be1 D7A834D2 		.ascii	"\327\2504\322l\177\373\031g\013\331\024\242\363\015"
 340      6C7FFB19 
 340      670BD914 
 340      A2F30D
 341 0bf0 095D0DA6 		.ascii	"\011]\015\246a\012\267\371\363u\236k\002V\005|\355\243"
 341      610AB7F9 
 341      F3759E6B 
 341      0256057C 
 341      EDA3
 342 0c02 0B0AD1AD 		.ascii	"\013\012\321\255\361[\253[\037\024\034\032\242\363\017"
 342      F15BAB5B 
 342      1F141C1A 
 342      A2F30F
 343 0c11 5AB72E28 		.ascii	"Z\267.(P\347\241_\356\271|\243\216\270d\276\277\352"
 343      50E7A15F 
 343      EEB97CA3 
 343      8EB864BE 
 343      BFEA
 344 0c23 17E47371 		.ascii	"\027\344sq@\210\3117.\244\305\307\020\352\263)$\324"
 344      4088C937 
 344      2EA4C5C7 
 344      10EAB329 
 344      24D4
 345 0c35 B06E995F 		.ascii	"\260n\231_\340\352\265\206`\357\340\200\240\340\200"
 345      E0EAB586 
ARM GAS  /tmp/ccDSJwNn.s 			page 27


 345      60EFE080 
 345      A0E080
 346 0c44 D04DD493 		.ascii	"\320M\324\223\236k\015~\301\336@; \360;[\375\022\237"
 346      9E6B0D7E 
 346      C1DE403B 
 346      20F03B5B 
 346      FD129F
 347 0c57 25FA954B 		.ascii	"%\372\225K\026\377N\360\362\266e\336\374\3027\324\206"
 347      16FF4EF0 
 347      F2B665DE 
 347      FCC237D4 
 347      86
 348 0c68 7F4E757F 		.ascii	"\177Nu\177\252\366\362\370R?\245~\242\366\362\3646\251"
 348      AAF6F2F8 
 348      523FA57E 
 348      A2F6F2F4 
 348      36A9
 349 0c7a 0BD55E3E 		.ascii	"\013\325^>\336z\215\236i\013\240s\211\251\323\035:\227"
 349      DE7A8D9E 
 349      690BA073 
 349      89A9D31D 
 349      3A97
 350 0c8c E8D53E2B 		.ascii	"\350\325>+\274\364\013\247\257\215\257\310\2601T\347"
 350      BCF40BA7 
 350      AF8DAFC8 
 350      B03154E7 
 351 0c9c B9DCC7CB 		.ascii	"\271\334\307\313g\312#\376A\301\006_\377u\237\202;l"
 351      67CA23FE 
 351      41C1065F 
 351      FF759F82 
 351      3B6C
 352 0cae BF5AE9E5 		.ascii	"\277Z\351\345\351\273\002\374\017f<\364\352\345\313"
 352      E9BB02FC 
 352      0F663CF4 
 352      EAE5CB
 353 0cbd 97EAB1C7 		.ascii	"\227\352\261\307b=^\014\237\336K\365j\217\245>z\365"
 353      623D5E0C 
 353      9FDE4BF5 
 353      6A8FA53E 
 353      7AF5
 354 0ccf 974B3DF4 		.ascii	"\227K=\364V\320\005\200\305D_F^\236\360\262\362Y\346"
 354      56D00580 
 354      C5445F46 
 354      5E9EF0B2 
 354      F259E6
 355 0ce2 E9A3C73E 		.ascii	"\351\243\307>\313\274\261\247'|z\352\255<\274\364\236"
 355      CBBCB1A7 
 355      277C7AEA 
 355      AD3CBCF4 
 355      9E
 356 0cf3 7AF5CA15 		.ascii	"z\365\312\025_\353\201' <\275\277\361Z\014o\017O\275"
 356      5FEB8127 
 356      203CBDBF 
 356      F15A0C6F 
 356      0F4FBD
 357 0d06 C6C7F34B 		.ascii	"\306\307\363K:\227\203\257\357\267\033\002\375}}\347"
 357      3A9783AF 
ARM GAS  /tmp/ccDSJwNn.s 			page 28


 357      EFB71B02 
 357      FD7D7DE7 
 358 0d16 7FF1D9EF 		.ascii	"\177\361\331\357\3355\222\246\366_\343\027\374?\371"
 358      DD3592A6 
 358      F65FE317 
 358      FC3FF9
 359 0d25 8CE6ED   		.ascii	"\214\346\355"
 360              		.text
 361              		.section	.gnu.lto_.symtab.bc7fa2c6bd4de7cc,"",%progbits
 362 0000 6E766963 		.ascii	"nvicEnableVector\000"
 362      456E6162 
 362      6C655665 
 362      63746F72 
 362      00
 363 0011 00       		.ascii	"\000"
 364 0012 00       		.ascii	"\000"
 365 0013 00       		.ascii	"\000"
 366 0014 00000000 		.ascii	"\000\000\000\000\000\000\000\000"
 366      00000000 
 367 001c BA000000 		.ascii	"\272\000\000\000"
 368 0020 6E766963 		.ascii	"nvicDisableVector\000"
 368      44697361 
 368      626C6556 
 368      6563746F 
 368      7200
 369 0032 00       		.ascii	"\000"
 370 0033 00       		.ascii	"\000"
 371 0034 00       		.ascii	"\000"
 372 0035 00000000 		.ascii	"\000\000\000\000\000\000\000\000"
 372      00000000 
 373 003d BE000000 		.ascii	"\276\000\000\000"
 374 0041 6E766963 		.ascii	"nvicSetSystemHandlerPriority\000"
 374      53657453 
 374      79737465 
 374      6D48616E 
 374      646C6572 
 375 005e 00       		.ascii	"\000"
 376 005f 00       		.ascii	"\000"
 377 0060 00       		.ascii	"\000"
 378 0061 00000000 		.ascii	"\000\000\000\000\000\000\000\000"
 378      00000000 
 379 0069 C0000000 		.ascii	"\300\000\000\000"
 380 006d 6E766963 		.ascii	"nvicClearPending\000"
 380      436C6561 
 380      7250656E 
 380      64696E67 
 380      00
 381 007e 00       		.ascii	"\000"
 382 007f 00       		.ascii	"\000"
 383 0080 00       		.ascii	"\000"
 384 0081 00000000 		.ascii	"\000\000\000\000\000\000\000\000"
 384      00000000 
 385 0089 C2000000 		.ascii	"\302\000\000\000"
 386              		.text
 387              		.section	.gnu.lto_.opts,"",%progbits
 388 0000 272D666D 		.ascii	"'-fmath-errno' '-fsigned-zeros' '-ftrapping-math' '"
 388      6174682D 
ARM GAS  /tmp/ccDSJwNn.s 			page 29


 388      6572726E 
 388      6F272027 
 388      2D667369 
 389 0033 2D666E6F 		.ascii	"-fno-trapv' '-fno-openmp' '-fno-openacc' '-mcpu=cor"
 389      2D747261 
 389      70762720 
 389      272D666E 
 389      6F2D6F70 
 390 0066 7465782D 		.ascii	"tex-m4' '-mfloat-abi=hard' '-mfpu=fpv4-sp-d16' '-mn"
 390      6D342720 
 390      272D6D66 
 390      6C6F6174 
 390      2D616269 
 391 0099 6F2D7468 		.ascii	"o-thumb-interwork' '-mthumb' '-ggdb' '-O2' '-fomit-"
 391      756D622D 
 391      696E7465 
 391      72776F72 
 391      6B272027 
 392 00cc 6672616D 		.ascii	"frame-pointer' '-falign-functions=16' '-ffunction-s"
 392      652D706F 
 392      696E7465 
 392      72272027 
 392      2D66616C 
 393 00ff 65637469 		.ascii	"ections' '-fdata-sections' '-fno-common' '-flto' '-"
 393      6F6E7327 
 393      20272D66 
 393      64617461 
 393      2D736563 
 394 0132 6673696E 		.ascii	"fsingle-precision-constant'\000"
 394      676C652D 
 394      70726563 
 394      6973696F 
 394      6E2D636F 
 395              		.text
 396              		.comm	__gnu_lto_v1,1,1
 397              		.comm	__gnu_lto_slim,1,1
 398              		.ident	"GCC: (GNU Tools for ARM Embedded Processors 6-2017-q1-update) 6.3.1 20170215 (release) [AR
ARM GAS  /tmp/ccDSJwNn.s 			page 30


DEFINED SYMBOLS
                            *ABS*:0000000000000000 nvic.c
                            *COM*:0000000000000001 __gnu_lto_v1
                            *COM*:0000000000000001 __gnu_lto_slim

NO UNDEFINED SYMBOLS
