ARM GAS  /tmp/ccuSlLKm.s 			page 1


   1              		.cpu cortex-m4
   2              		.eabi_attribute 27, 1
   3              		.eabi_attribute 28, 1
   4              		.eabi_attribute 20, 1
   5              		.eabi_attribute 21, 1
   6              		.eabi_attribute 23, 3
   7              		.eabi_attribute 24, 1
   8              		.eabi_attribute 25, 1
   9              		.eabi_attribute 26, 1
  10              		.eabi_attribute 30, 2
  11              		.eabi_attribute 34, 1
  12              		.eabi_attribute 18, 4
  13              		.file	"syscalls_cpp.cpp"
  14              		.text
  15              	.Ltext0:
  16              		.section	.gnu.lto_.profile.bb909701e6ce7ac7,"",%progbits
  17 0000 789C6365 		.ascii	"x\234ce`b`a```d\220\347\004\000\000\307\0005"
  17      60626061 
  17      60606064 
  17      90E70400 
  17      00C70035 
  18              		.text
  19              		.section	.gnu.lto_.icf.bb909701e6ce7ac7,"",%progbits
  20 0000 789C6365 		.ascii	"x\234ce`bPc@\0006\206\351\257'5r2^ox{\204\213\251\373"
  20      60625063 
  20      40003686 
  20      E9AF2735 
  20      72325E6F 
  21 001a D8857B6C 		.ascii	"\330\205{l,\035_\346m\344f\375\265t\335}F\266\355_/"
  21      2C1D5FE6 
  21      6DE466FD 
  21      B574DD7D 
  21      46B6ED5F 
  22 002f 37F33300 		.ascii	"7\3633\000\000^`\022\017"
  22      005E6012 
  22      0F
  23              		.text
  24              		.section	.gnu.lto_.jmpfuncs.bb909701e6ce7ac7,"",%progbits
  25 0000 789C6365 		.ascii	"x\234ce`b\250d``\320d\200\000V\006FF\006\006&\306\351"
  25      6062A864 
  25      6060D064 
  25      80005606 
  25      46460606 
  26 0017 CC8C2BFE 		.ascii	"\314\214+\376\375~\312\241\3108\277a\206\302|f\006\006"
  26      FD7ECAA1 
  26      C838BF61 
  26      86C27C66 
  26      0606
  27 0029 A0C8F209 		.ascii	"\240\310\362\011\313\0361\326\377m\220\230\317\314\310"
  27      CB1E31D6 
  27      FF6D9098 
  27      CFCCC8
  28 0038 B89C5191 		.ascii	"\270\234Q\221\201\201q\005c=\003#\013\003H\017\023H"
  28      81817105 
  28      633D0323 
  28      0B03480F 
  28      1348
ARM GAS  /tmp/ccuSlLKm.s 			page 2


  29 004a 27030BC8 		.ascii	"'\003\013\310\014\210\001w\377\275\377\307\250\310\013"
  29      0C880177 
  29      FFBDFFC7 
  29      A8C80B
  30 0059 31800964 		.ascii	"1\200\011d\300\2357+\317\261A\014`f\\\0116`\025\304"
  30      C09D372B 
  30      CFB1410C 
  30      60665C09 
  30      366015C4 
  31 006d 0006EED0 		.ascii	"\000\006\356\320\274\242\324\304\234\314\252\324\024"
  31      BCA2D4C4 
  31      9CCCAAD4 
  31      14
  32 007a 069980D2 		.ascii	"\006\231\200\322\242T\205\262\314\242\222\322\304\034"
  32      A25485B2 
  32      CCA292D2 
  32      C41C
  33 0088 85B4D2BC 		.ascii	"\205\264\322\274\344\222\314\374<\205\344\304\234\034"
  33      E492CCFC 
  33      3C85E4C4 
  33      9C1C
  34 0096 3D0600DE 		.ascii	"=\006\000\336\215-\244"
  34      8D2DA4
  35              		.text
  36              		.section	.gnu.lto_.inline.bb909701e6ce7ac7,"",%progbits
  37 0000 789C6365 		.ascii	"x\234ce`b\310`@\000V\006\006\026nF\240 \220\006\223"
  37      6062C860 
  37      40005606 
  37      06166E46 
  37      A0209006 
  38 0015 0C4CDC0C 		.ascii	"\014L\334\014\014\214@\310\314\004\021f[ \017\021g`"
  38      0C8C40C8 
  38      CC041166 
  38      5B200F11 
  38      6760
  39 0027 61068A30 		.ascii	"a\006\2120]\340\207\013\261`(be`\345E\323\0066\216\001"
  39      5DE0870B 
  39      B1602862 
  39      6560E545 
  39      D306368E 
  40 003c 00FBEF04 		.ascii	"\000\373\357\004\341"
  40      E1
  41              		.text
  42              		.section	.gnu.lto_.pureconst.bb909701e6ce7ac7,"",%progbits
  43 0000 789C6365 		.ascii	"x\234ce`b\340f```e\260`d`\222`a`\225\000\000\004&\000"
  43      6062E066 
  43      60606065 
  43      B0606460 
  43      92606160 
  44 001a 8C       		.ascii	"\214"
  45              		.text
  46              		.section	.gnu.lto__exit.bb909701e6ce7ac7,"",%progbits
  47 0000 789C7551 		.ascii	"x\234uQMh\023Q\020\236og\263\215\224\352Mz\350\241\001"
  47      4D681351 
  47      109E6F67 
  47      B38D94EA 
  47      4D7AE8A1 
ARM GAS  /tmp/ccuSlLKm.s 			page 3


  48 0015 4BE9257B 		.ascii	"K\351%{)\352I\020\361\354A<\227\265\015$\020\232\260"
  48      29EA4910 
  48      F1EC413C 
  48      97B50D24 
  48      109AB0
  49 0028 2F55EA25 		.ascii	"/U\352%\317\262\245\220b[\012R#\326\005\265\246\376"
  49      CFB2A590 
  49      625B0A52 
  49      23D605B5 
  49      A6FE
  50 003a D4FEE8C1 		.ascii	"\324\376\350\301@\204E\274*T\274\365\"\225\024A/\336"
  50      408445BC 
  50      2A54BCF5 
  50      22951441 
  50      2FDE
  51 004c 84DAD479 		.ascii	"\204\332\324y\273\"\366\340\203\371}3\337\314\367^\212"
  51      BB22F6E0 
  51      83F97D33 
  51      DFCCF75E 
  51      8A
  52 005d 2C6A81C8 		.ascii	",j\201\310'\242\323\"H\021\254\205\017D7\323\0268q\030"
  52      27A2D322 
  52      4811AC85 
  52      0F4437D3 
  52      16387118 
  53 0071 76E2D849 		.ascii	"v\342\330I\346<\250j\261\015Q\224\234y^b\274\235\331"
  53      E63CA86A 
  53      B10D5194 
  53      9C795E62 
  53      BC9DD9
  54 0084 6B5A430D 		.ascii	"kZC\015-'Zz}vJO\367\206RP\377S\204\006\206\244j;\330"
  54      2D275A7A 
  54      7D764A4F 
  54      F7865250 
  54      FF538406 
  55 009d B8C7731C 		.ascii	"\270\307s\0342`K\370\343\375\335/\307Mh\241_\302\257"
  55      32604BF8 
  55      E3FDDD2F 
  55      C74D68A1 
  55      5FC2AF
  56 00b0 D37AED18 		.ascii	"\323z\355\030\237\001\211\377\250\035\374<1\270\022"
  56      9F0189FF 
  56      A81DFC3C 
  56      31B812
  57 00bf E3BD5B64 		.ascii	"\343\275[d}*d\306S\260\000\342\011\372\260\212>\222"
  57      7D2A64C6 
  57      53B000E2 
  57      09FAB08A 
  57      3E92
  58 00d1 14E11906 		.ascii	"\024\341\031\006M\375\356f\347v\217c'\003\361\034\216"
  58      4DFDEE66 
  58      E7768F63 
  58      2703F11C 
  58      8E
  59 00e2 D0A2F58F 		.ascii	"\320\242\365\217\210t\347pFG\277\036`\333\226\253\232"
  59      8874E770 
  59      4647BF1E 
ARM GAS  /tmp/ccuSlLKm.s 			page 4


  59      60DB96AB 
  59      9A
  60 00f3 0868962D 		.ascii	"\010h\226-\002\267a\231\316\345\345\316\247\024\237"
  60      02B76199 
  60      CEE5E5CE 
  60      A7149F
  61 0102 8BA7EE2F 		.ascii	"\213\247\356/\276\231\353\031x\250\365\224\216\366\274"
  61      BE99EB19 
  61      78A8F594 
  61      8EF6BC
  62 0111 BA8E82FE 		.ascii	"\272\216\202\376P\270\256\035\235\033\023z\201\001i"
  62      50B8AE1D 
  62      9D1B137A 
  62      810169
  63 0120 58EDECB7 		.ascii	"X\355\354\267\323\231\213\241\276#\205)\003\321Xx\274"
  63      D3998BA1 
  63      BE238529 
  63      03D15878 
  63      BC
  64 0131 8BEA8116 		.ascii	"\213\352\201\026\372\016\326\2211\273\0206P\245o\010"
  64      FA0ED691 
  64      31BB1036 
  64      50A56F08 
  65 0141 3E376EB5 		.ascii	">7n\265\356\237\374\273n\220<Wk\230\015\\\274v\235\361"
  65      EE9FFCBB 
  65      6E903C57 
  65      6B980D5C 
  65      BC769DF1 
  66 0155 2F1D6C4A 		.ascii	"/\035lJ7aK\264d\233\315\357;]\202\235\016\271\253.\217"
  66      37614BB4 
  66      649BCDEF 
  66      3B5D829D 
  66      0EB9AB2E 
  67 016a 662EF152 		.ascii	"f.\361R\240\377;\367\025\252!\247\311\020g\222\357\343"
  67      A0FF3BF7 
  67      15AA21A7 
  67      C9106792 
  67      EFE3
  68 017c 1ADBC6A2 		.ascii	"\032\333\306\242\306\210y\014g\263\356\205|\341j\341"
  68      C688790C 
  68      67B3EE85 
  68      7CE16AE1 
  69 018c D265B7A4 		.ascii	"\322e\267\244\334k\236_(M(w\264\\\036\271\356{\345r"
  69      DC6B9E5F 
  69      284D2877 
  69      B45C1EB9 
  69      EE7BE572 
  70 01a0 CE57AE9A 		.ascii	"\316W\256\232T\243^\261\250F$\233\025!GU\274\312\204"
  70      54A35EB1 
  70      A846249B 
  70      15214755 
  70      BCCA84
  71 01b3 72FC9CA7 		.ascii	"r\374\234\247J\343\335W\306\305)\026n\344\306(s\024"
  71      4AE3DD57 
  71      C6C52916 
  71      6EE4C628 
  71      7314
ARM GAS  /tmp/ccuSlLKm.s 			page 5


  72 01c5 2EEF15C5 		.ascii	".\357\025\305\210\362+\261\315\346\3517\007\333\271"
  72      88F22BB1 
  72      CDE6E937 
  72      07DBB9
  73 01d4 23       		.ascii	"#"
  74              		.text
  75              		.section	.gnu.lto__getpid.bb909701e6ce7ac7,"",%progbits
  76 0000 789C6365 		.ascii	"x\234ce`bX\304\300\300`\006\304\322@\314\310\314\300"
  76      606258C4 
  76      C0C06006 
  76      C4D240CC 
  76      C8CCC0
  77 0013 C834E11C 		.ascii	"\3104\341\034\003C#\007\023##\210\321\300\301\310P\317"
  77      03432307 
  77      13232388 
  77      D1C0C1C8 
  77      50CF
  78 0025 C458CFD8 		.ascii	"\304X\317\330\317<\235\231\361b\313\2069\314}\314\363"
  78      CF3C9D99 
  78      F162CB86 
  78      39CC7DCC 
  78      F3
  79 0036 81CA5880 		.ascii	"\201\312X\200\334\217gg=\346\003q\031\031\025\200\334"
  79      DC8F6767 
  79      3DE60371 
  79      19191580 
  79      DC
  80 0047 273BDBDE 		.ascii	"';\333\336\262h.o\000\202\003\323\257\350Ljn\365\230"
  80      B2682E6F 
  80      008203D3 
  80      AFE84C6A 
  80      6EF598
  81 005a CFCCC430 		.ascii	"\317\314\3040\023\250z\005\243\014\343rF\031\220\025"
  81      13A87A05 
  81      A30CE372 
  81      46199015 
  82 006a 2B193519 		.ascii	"+\0315\031\200\212\037m\3747\225\227\215\005$\013\024"
  82      808A1F6D 
  82      FC379597 
  82      8D05240B 
  82      14
  83 007b 5CC5C8C6 		.ascii	"\\\305\310\306\010\244\327_b<\320\360\357\177{\303\201"
  83      08A4D75F 
  83      623CD0F0 
  83      EF7F7BC3 
  83      81
  84 008c 278B186F 		.ascii	"'\213\030o\262010t\001\245A\356\350\006\032\004\244"
  84      B2303130 
  84      7401A541 
  84      EEE8061A 
  84      04A4
  85 009e 99DF3236 		.ascii	"\231\33726-X\177\223\021\254A\033d\036P\005#H\006\250"
  85      2D587F93 
  85      11AC411B 
  85      641E5005 
  85      234806A8 
  86 00b2 D6444F4F 		.ascii	"\326DOO\3379#3)\323?X?\277X\277,\261(3\277\264X?\271"
ARM GAS  /tmp/ccuSlLKm.s 			page 6


  86      DF392333 
  86      29D33F58 
  86      3FBF58BF 
  86      2CB12833 
  87 00cb A020BEBC 		.ascii	"\240 \276\274(\261\240 \265\250X\277\270\262891'\247"
  87      28B1A020 
  87      B5A858BF 
  87      B8B23839 
  87      3127A7
  88 00de 381E28AA 		.ascii	"8\036(\252\007\304\014\000k\225J]"
  88      07C40C00 
  88      6B954A5D 
  89              		.text
  90              		.section	.gnu.lto__kill.bb909701e6ce7ac7,"",%progbits
  91 0000 789C6D90 		.ascii	"x\234m\220\315+Da\024\306\317s\337\241\321\014v6fa\241"
  91      CD2B4461 
  91      14C6CF73 
  91      DFA1D10C 
  91      76366661 
  92 0015 A629E696 		.ascii	"\246)\346\226\224\205\262\261\261\263\360\007h\014q"
  92      9485B2B1 
  92      B1B3F007 
  92      680C71
  93 0024 6B6A6E73 		.ascii	"kjns\363\265\232\353+!\343\273A\243!\311\3070\303\354"
  93      F3B59AEB 
  93      2B21E3BB 
  93      41A321C9 
  93      C730C3EC 
  94 0038 24354AAC 		.ascii	"$5J\254(\312\202%\033jL\204\2050\234w\262\260p\353t"
  94      28CA8225 
  94      1B6A4C84 
  94      85309C77 
  94      B2B070EB 
  95 004d DF73CEF3 		.ascii	"\337s\316\363;\357s\336<R\250\007DuDT\312\001AP&\317"
  95      3BEF73DE 
  95      3C52A807 
  95      44754454 
  95      CA014150 
  96 0063 89FAAC0A 		.ascii	"\211\372\254\012 \017\246\025\024T\020\304\204\010\013"
  96      200FA615 
  96      145410C4 
  96      84080B
  97 0072 5C0CEE46 		.ascii	"\\\014\356FDHDYf\341\364\371l\361\256H\246@\031\247"
  97      44484459 
  97      66E1F4F9 
  97      6CF1AE48 
  97      A64019A7 
  98 0086 57B3F198 		.ascii	"W\263\361\230\335\265n\362\227\012?U\314\014\0145D\205"
  98      DDB56EF2 
  98      970A3F55 
  98      CC0C0C35 
  98      4485
  99 0098 420BACDE 		.ascii	"B\013\254\336\200\003\353p\310+6\341b\355\353\315\351"
  99      8003EB70 
  99      C82B36E1 
  99      62EDEBCD 
  99      E9
ARM GAS  /tmp/ccuSlLKm.s 			page 7


 100 00a9 BC4DD480 		.ascii	"\274M\324\200\370<1\235\034\267:\327r\334\347\2240\313"
 100      F83C319D 
 100      1CB73AD7 
 100      72DCE794 
 100      30CB
 101 00bb 99C216C4 		.ascii	"\231\302\026\304_P\016B\014N\226gG\216Vl\2426\207\036"
 101      5F500E42 
 101      0C4E9667 
 101      478E566C 
 101      A236871E 
 102 00cf 26CEC379 		.ascii	"&\316\303y\277\350\361\314/\272\375\017\272\003\247"
 102      BFE8F1CC 
 102      2FBAFD0F 
 102      BA03A7
 103 00de D4DFEE65 		.ascii	"\324\337\356e\347\012\363-\322\023[\211#\237\227\247"
 103      E70AF32D 
 103      D2135B89 
 103      239F97A7 
 104 00ee C4255266 		.ascii	"\304%Rf\366{\330L\245W\361a\341\326(\207\334~\214Q\376"
 104      F67BD84C 
 104      A557F161 
 104      E1D62887 
 104      DC7E8C51 
 105 0103 8B07F4BF 		.ascii	"\213\007\364\277\336\037TI\200\207$\322\373\357\205"
 105      DE1F5449 
 105      808724D2 
 105      FBEF85
 106 0112 726D91F3 		.ascii	"rm\221\363\360q\022\011\025\007\277L+\027V\345\\\256"
 106      F0711209 
 106      1507BF4C 
 106      2B1756E5 
 106      5CAE
 107 0124 1D9F6622 		.ascii	"\035\237f\"\366(\226 \375\354\362\363%\344\362\330C"
 107      F6289620 
 107      FDECF2F3 
 107      25E4F2D8 
 107      43
 108 0135 14DC7D7B 		.ascii	"\024\334}{\037\315\024\310\001\012J\220\344\316#\372"
 108      1FCD14C8 
 108      010A4A90 
 108      E4CE23FA 
 109 0145 975FAE91 		.ascii	"\227_\256\2213T)_\211\035@\336\254\020U\273\335j}\207"
 109      3354295F 
 109      891D40DE 
 109      AC1055BB 
 109      DD6A7D87 
 110 0159 D6A23536 		.ascii	"\326\24256\251~C\355\362\0044\177\247\241zu\275\271"
 110      A97E43ED 
 110      F204347F 
 110      A7A17A75 
 110      BDB9
 111 016b 3BE0D1F5 		.ascii	";\340\321\365\266\200\241\032\275\206\327\343\363\031"
 111      B680A11A 
 111      BD86D7E3 
 111      F319
 112 0179 CD5C7573 		.ascii	"\315\\us\220\320\265Vah\355?c\361\220\245"
 112      90D0B556 
ARM GAS  /tmp/ccuSlLKm.s 			page 8


 112      6168ED3F 
 112      63F190A5 
 113              		.text
 114              		.section	.gnu.lto__open_r.bb909701e6ce7ac7,"",%progbits
 115 0000 789C6365 		.ascii	"x\234ce`b\250f``0\003bi fdf`d\232p\216\201\241\221\203"
 115      6062A866 
 115      60603003 
 115      62692066 
 115      64666064 
 116 001b 899111C4 		.ascii	"\211\221\021\304h\340`d\250gb\254g\354g\236\316\314"
 116      68E06064 
 116      A86762AC 
 116      67EC679E 
 116      CECC
 117 002d 78A8FDD9 		.ascii	"x\250\375\331N&\315\345\015@p`\372?\215\246\206V\211"
 117      4E26CDE5 
 117      0D407060 
 117      FA3F8DA6 
 117      865689
 118 0040 F9CC0C0C 		.ascii	"\371\314\014\0143\201\030\004\030\2273j2\000\225=\332"
 118      33811804 
 118      1897336A 
 118      3200953D 
 118      DA
 119 0051 F86F2A2F 		.ascii	"\370o*/\033\013D\234q\005#\033#\220^\177\211\361@\303"
 119      1B0B449C 
 119      7105231B 
 119      23905E7F 
 119      89F140C3 
 120 0065 BFFFED0D 		.ascii	"\277\377\355\015\007\356,b\234\314\312\304\300\320\005"
 120      07EE2C62 
 120      9CCCCAC4 
 120      C0D005
 121 0074 9406D9D1 		.ascii	"\224\006\331\321\315\314\004\242\231\33726-X,\005R\017"
 121      CDCC04A2 
 121      99DF3236 
 121      2D582C05 
 121      520F
 122 0086 36AD8B99 		.ascii	"6\255\213\231\021$\014Th\242\247\247\357\234\221\231"
 122      11240C54 
 122      68A2A7A7 
 122      EF9C9199 
 123 0096 94E91FAC 		.ascii	"\224\351\037\254\237_\254_\226X\224\231_Z\254\237\\"
 123      9F5FAC5F 
 123      96589499 
 123      5F5AAC9F 
 123      5C
 124 00a7 50105F5E 		.ascii	"P\020_^\224XP\220ZT\254_\\Y\234\234\230\223S\034\017"
 124      94585090 
 124      5A54AC5F 
 124      5C599C9C 
 124      9893531C 
 125 00bc 14D50362 		.ascii	"\024\325\003b\006\000\201H=K"
 125      06008148 
 125      3D4B
 126              		.text
 127              		.section	.gnu.lto___cxa_pure_virtual.bb909701e6ce7ac7,"",%progbits
ARM GAS  /tmp/ccuSlLKm.s 			page 9


 128 0000 789C7550 		.ascii	"x\234uP\317k\023Q\020\236\357\275l\032\012\365(\202"
 128      CF6B1351 
 128      109EEFBD 
 128      6C1A0AF5 
 128      2882
 129 0012 396C0E39 		.ascii	"9l\0169\364\262{Q\274y\361\017P\350\037P\266i$\013!"
 129      F4B27B51 
 129      BC79F10F 
 129      50E81F50 
 129      B669240B 
 130 0027 09BB4945 		.ascii	"\011\273IE(\3543M)\264X\245\320\037Q\353\012=\324\332"
 130      28EC334D 
 130      29B458A5 
 130      D01F51EB 
 130      0A3DD4DA 
 131 003b DFBD9440 		.ascii	"\337\275\224@\205\305\273\005\305[\177 J\275\264R<K"
 131      85C5BB05 
 131      C55B7F20 
 131      4ABDB452 
 131      3C4B
 132 004d B79DB701 		.ascii	"\267\235\267\001\321\203\003\363\346\315\3147\337\367"
 132      D18303F3 
 132      E6CDCC37 
 132      DFF7
 133 005b E6192468 		.ascii	"\346\031$h\006D\243Dt\223\035\222 \236\357\023=\311"
 133      0644A344 
 133      74931D92 
 133      209EEF13 
 133      3DC9
 134 006d 08405F54 		.ascii	"\010@_T\006\024\010\004x&\347%>L\374\350\210\376e\305"
 134      06140804 
 134      7826E725 
 134      3E4CFCE8 
 134      88FE65C5 
 135 0081 16CDCFE5 		.ascii	"\026\315\317\345\307\324\370\215P\022\265\331\265a\031"
 135      C7D4F88D 
 135      5012B5D9 
 135      B56119
 136 0090 FDC4B06F 		.ascii	"\375\304\260o\333\361l_:\325\255\343-\322,A\233\237"
 136      DBF16C5F 
 136      3AD5ADE3 
 136      2DD22C41 
 136      9B9F
 137 00a2 11A9F872 		.ascii	"\021\251\370rBE\207Kxipk\222]kLI\241\243<\201\320\323"
 137      4245874B 
 137      7869706B 
 137      925D6B4C 
 137      49A1A33C 
 138 00b9 9F5A5BAF 		.ascii	"\237Z[\257\344\264\014%\220\342\364\327\307\027\337"
 138      E4B40C25 
 138      90E2F4D7 
 138      C717DF
 139 00c8 AFE954C0 		.ascii	"\257\351T\300\344tq1\376b\310;\320\310\3373\357\247"
 139      E4747131 
 139      FE62C83B 
 139      D0C8DF33 
 139      EFA7
ARM GAS  /tmp/ccuSlLKm.s 			page 10


 140 00da FBF24B4A 		.ascii	"\373\362KJ5Ut<\334VQ\313\014\245\304*$+\343\035\262"
 140      3555743C 
 140      DC5651CB 
 140      0CA5C42A 
 140      242BE31D 
 141 00ef 5841B6FB 		.ascii	"XA\266\373\2625\344y\340(>\217\221\273\033\252\005\006"
 141      B235E479 
 141      E0283E8F 
 141      91BB1BAA 
 141      0506
 142 0101 A634C5E1 		.ascii	"\2464\305\341\331\312~:\270P\274\207\201u\344\364k\011"
 142      D9CA7E3A 
 142      B850BC87 
 142      8175E4F4 
 142      6B09
 143 0113 1B08E814 		.ascii	"\033\010\350\024\255\257\347O\367^_\377\263P\253\273"
 143      ADAFE74F 
 143      F75E5FFF 
 143      B350ABBB 
 144 0123 F7C26D43 		.ascii	"\367\302mC\323%\213\265%\376^\030\233<M\330\342\223"
 144      D3258BB5 
 144      25FE5E18 
 144      9B3C4DD8 
 144      E293
 145 0135 AB9DCED9 		.ascii	"\253\235\316\331A\017sgB\311@\2214\261\315\324\377\325"
 145      410F7367 
 145      42C94091 
 145      34B1CDD4 
 145      FFD5
 146 0147 DD4110CA 		.ascii	"\335A\020\312\036:A\323L\276M\313\320O4\337\354\366"
 146      1E3A41D3 
 146      4CBE4DCB 
 146      D04F34DF 
 146      ECF6
 147 0159 26006D93 		.ascii	"&\000m\223,\311\277%\210nY\226}\257\344\016\271\367"
 147      2CC9BF25 
 147      886E5996 
 147      7DAFE40E 
 147      B9F7
 148 016b 07ECAA6F 		.ascii	"\007\354\252o\2178\236[m\370v\241V\033|\3449\265Z\321"
 148      8F389E5B 
 148      6DF876A1 
 148      561B7CE4 
 148      39B55AD1 
 149 017f F36DFFB1 		.ascii	"\363m\377\261_p\312e\177\220\253\026;\245\275\242\343"
 149      5F70CA65 
 149      7F90AB16 
 149      3BA5BDA2 
 149      E3
 150 0190 572BD907 		.ascii	"W+\331\007\015\257h\216\270^\275\341\224\315\207\215"
 150      0DAF688E 
 150      B85EBDE1 
 150      94CD878D 
 151 01a0 4AA1EE56 		.ascii	"J\241\356V+\246\306Z\224\373\227\270\344\2249\360\341"
 151      2BA6C65A 
 151      94FB97B8 
 151      E49439F0 
ARM GAS  /tmp/ccuSlLKm.s 			page 11


 151      E1
 152 01b1 D5936895 		.ascii	"\325\223h\225\350\012\027\021\256\216"
 152      E80A1711 
 152      AE8E
 153              		.text
 154              		.section	.gnu.lto_.symbol_nodes.bb909701e6ce7ac7,"",%progbits
 155 0000 789C558B 		.ascii	"x\234U\213\313\015\2000\014C]\227\2105\200I`\262\224"
 155      CB0D8030 
 155      0C435D97 
 155      88358049 
 155      60B294
 156 0013 0D7AE2CF 		.ascii	"\015z\342\317\"\23493\003\223 \002BB\315\305\326\363"
 156      229C3933 
 156      03932002 
 156      4242CDC5 
 156      D6F3
 157 0025 8B8088B0 		.ascii	"\213\200\210\260cO\005\342\001Xl\24142P\335O\032##\225"
 157      634F05E2 
 157      01586CA1 
 157      343250DD 
 157      4F1A2323 
 158 003a 09919528 		.ascii	"\011\221\225(\236\357\211\352Sw\246f\251\333\321\265"
 158      9EEF89EA 
 158      5377A666 
 158      A9DBD1B5 
 159 004a 95C96EA1 		.ascii	"\225\311n\241\312;\001!\324\200G\216\375\274Z\347\345"
 159      CA3B0121 
 159      D480478E 
 159      FDBC5AE7 
 159      E5
 160 005b 2BB801BA 		.ascii	"+\270\001\272\325\"\355"
 160      D522ED
 161              		.text
 162              		.section	.gnu.lto_.refs.bb909701e6ce7ac7,"",%progbits
 163 0000 789C6365 		.ascii	"x\234ce`b`c```dbdfd\000\000\000\307\000\026"
 163      60626063 
 163      60606064 
 163      62646664 
 163      000000C7 
 164              		.text
 165              		.section	.gnu.lto_.decls.bb909701e6ce7ac7,"",%progbits
 166 0000 789CAD55 		.ascii	"x\234\255U}LSW\024\177\247\257\320\366\265\023\302\314"
 166      7D4C5357 
 166      147FA7AF 
 166      D0F6B513 
 166      C2CC
 167 0012 42329630 		.ascii	"B2\2260\023\0232\007\025g\266d\177-\361\217\231\271"
 167      13133207 
 167      1567B664 
 167      7F2DF18F 
 167      99B9
 168 0024 0F12A35B 		.ascii	"\017\022\243[\366\317K)o\266\261\266][\374\370c\331"
 168      F6CF4B29 
 168      6FB6B1B6 
 168      5D5BFCF8 
 168      63D9
 169 0036 1350D17D 		.ascii	"\023P\321}\204)~\021\277\235\003'H\207\023\001a\026"
ARM GAS  /tmp/ccuSlLKm.s 			page 12


 169      84297E11 
 169      BF9D0327 
 169      48871301 
 169      6116
 170 0048 518409F5 		.ascii	"Q\204\011\365c\"\210|\213|\010*\004\223\201\212\354"
 170      6322887C 
 170      8B7C082A 
 170      0493818A 
 170      EC
 171 0059 DC7B5F69 		.ascii	"\334{_i\351\300d\311nz^\3379\367\334\337\371\235s\356"
 171      E9C064C9 
 171      6E7A5EDF 
 171      39F7DCDF 
 171      F99D73EE 
 172 006d BD2F8253 		.ascii	"\275/\202Sq+t\034\247Rq\234\014\0347\205#\222\343\270"
 172      712B741C 
 172      A752719C 
 172      0C1C3785 
 172      2392E3B8 
 173 0081 221435CA 		.ascii	"\"\0245\312Y\224R\224J\224*\216\0152\337\200\322\214"
 173      59945294 
 173      4A942A8E 
 173      0D32DF80 
 173      D28C
 174 0093 D286D289 		.ascii	"\322\206\322\211\322\215\322\207\2020\334\000\312\003"
 174      D28DD287 
 174      8230DC00 
 174      CA03
 175 00a1 6EE6D88F 		.ascii	"n\346\330\217\330\030\206[\215\022\2032\037%\005\345"
 175      D818865B 
 175      8D128332 
 175      1F2505E5 
 176 00b1 5E488C21 		.ascii	"^H\214!\224\373\212?\257\304x\244\340\206\217b`>\001"
 176      94FB8A3F 
 176      AFC478A4 
 176      E0868F62 
 176      603E01
 177 00c4 AC26C50E 		.ascii	"\254&\305\016\012\257\360Q\016,\237\320\330\313C\326"
 177      0AAFF051 
 177      0E2C9FD0 
 177      D8CB43D6 
 178 00d4 B429FF03 		.ascii	"\264)\377\003a\353.\000\263\257\016\361\355\234\005"
 178      61EB2E00 
 178      B3AF0EF1 
 178      ED9C05
 179 00e3 BF0627B4 		.ascii	"\277\006'\264a\371\221\334\002u\013\317\255\373%\271"
 179      61F991DC 
 179      02750BCF 
 179      ADFB25B9 
 180 00f3 EDE56172 		.ascii	"\355\345ar\344\372\244\341G\036b\004\020P\275\221\345"
 180      E4FAA4E1 
 180      471E6204 
 180      1050BD91 
 180      E5
 181 0104 3DC03355 		.ascii	"=\3003U\215\352hc\336\275y\250\316\027 \036\325\212"
 181      8DEA6863 
 181      DEBD79A8 
ARM GAS  /tmp/ccuSlLKm.s 			page 13


 181      CE17201E 
 181      D58A
 182 0116 0C6F6784 		.ascii	"\014og\204\220-\343\310\311\224u\313\211\333I\210\203"
 182      902DE3C8 
 182      C99475CB 
 182      89DB4988 
 182      83
 183 0127 028843C2 		.ascii	"\002\210C\302\277\202\200Oc\034\344\243\212\336\315"
 183      BF82804F 
 183      631CE4A3 
 183      8ADECD
 184 0136 77B2CA81 		.ascii	"w\262\312\201a\351Q=\327\275\373\202\216a\265\220i\177"
 184      61E9513D 
 184      D7BDFB82 
 184      8E61B590 
 184      697F
 185 0148 FE895C81 		.ascii	"\376\211\\\201W\001yo\032\257zj\340\325\344]]\236;|"
 185      5701796F 
 185      1AAF7A6A 
 185      E0D5E45D 
 185      5D9E3B7C 
 186 015c 5B8FA020 		.ascii	"[\217\240 \240$\344\311\030n\344[\360\"8\276e\310#\307"
 186      A024E4C9 
 186      186EE45B 
 186      F02238BE 
 186      65C823C7 
 187 0170 643E9683 		.ascii	"d>\226\203w\342`q\034\007%\220@\2478\370\015\227\024"
 187      77E26071 
 187      1C072590 
 187      40A738F8 
 187      0D9714
 188 0183 63E03C59 		.ascii	"c\340<YK-\277\020\226G\344#Z\216\250p\032xV\326\"\362"
 188      4B2DBF10 
 188      9647E423 
 188      5A8EA870 
 188      1A7856D6 
 189 0199 822173B7 		.ascii	"\202!s\267\237m\211\210\311\241\271\310r<P\257B\004"
 189      9F6D8988 
 189      C9A1B9C8 
 189      723C50AF 
 189      4204
 190 01ab 39459339 		.ascii	"9E\2239\0031\201\224\210w\331\376-\025zA!\220\375R\002"
 190      03318194 
 190      8877D9FE 
 190      2D157A41 
 190      2190FD52 
 191 01c0 E8DD3ED1 		.ascii	"\350\335>\321X\240\011\305\376}Nl8\0131\270bg\333\223"
 191      58A009C5 
 191      FE7D4E6C 
 191      380B31B8 
 191      6267DB93 
 192 01d4 9F74861D 		.ascii	"\237t\206\035\004\237U\026\315!\245-\005\003%\217\377"
 192      049F5516 
 192      CD21A52D 
 192      0503258F 
 192      FF
 193 01e5 E85C70F9 		.ascii	"\350\\p\371\3429\245\260\257\243Z\224=\334\240\235\263"
ARM GAS  /tmp/ccuSlLKm.s 			page 14


 193      E239A5B0 
 193      AFA35A94 
 193      3DDCA09D 
 193      B3
 194 01f6 2B6581AE 		.ascii	"+e\201\256\234c\334\312\252\036.ak\343HG\333G}z\326"
 194      9C63DCCA 
 194      AA1E2E61 
 194      6BE34847 
 194      DB477D7A 
 195 020b 942E40BD 		.ascii	"\224.@\275\246e\254o^xU*\020\254\234\202\235\247\314"
 195      A665AC6F 
 195      5E78552A 
 195      10AC9C82 
 195      9DA7CC
 196 021e CB0255A9 		.ascii	"\313\002U\251\254\332e\017Osvg\250\244i^9\340/\322\204"
 196      ACDA650F 
 196      4F737667 
 196      A8A4695E 
 196      39E02FD2 
 197 0233 A6593923 		.ascii	"\246Y9#\315*%\315*\232f\323\225\361\366\210\016h\003"
 197      CD2A25CD 
 197      2A9A66D3 
 197      95F1F688 
 197      0E6803
 198 0246 3CEA10CD 		.ascii	"<\352\020\315\272\007\354\011T\250:\025\030\300\006"
 198      BA07EC09 
 198      54A83A15 
 198      18C006
 199 0255 5A559C72 		.ascii	"ZU\234r\226\230\201:C`\025\321U\212\252R \351\217\316"
 199      9698813A 
 199      436015D1 
 199      558AAA52 
 199      20E98FCE 
 200 0269 90671091 		.ascii	"\220g\020\221M\3034\024\303gn\240\234RP\226\002\250"
 200      4DC33414 
 200      C3676EA0 
 200      9C525096 
 200      02A8
 201 027b 82012064 		.ascii	"\202\001 d\204RTh+\363\323\374\270`r\0208\230\303\337"
 201      84525468 
 201      2BF3D3FC 
 201      B8607210 
 201      3898C3DF 
 202 028f 8F1D5677 		.ascii	"\217\035VwB;\200\236;\362\001P[_\3631?\317\353\350\221"
 202      423B809E 
 202      3BF20150 
 202      5B5FF331 
 202      3FCFEBE8 
 203 02a4 395CDF73 		.ascii	"9\\\337s\324\300G\321\367\301\201[w\243\324\230v5\335"
 203      D4C047D1 
 203      F7C1815B 
 203      77A3D498 
 203      7635DD
 204 02b7 E568692C 		.ascii	"\345hi,\036\374.\222\217e\207k\373\35065\231\255\301"
 204      1EFC2E92 
 204      8F65876B 
 204      FBE83635 
ARM GAS  /tmp/ccuSlLKm.s 			page 15


 204      99ADC1
 205 02ca 59B8086A 		.ascii	"Y\270\010jb\364n\366\345\277\302\277A\035\206\207\375"
 205      62F46EF6 
 205      E5BFC2BF 
 205      411D8687 
 205      FD
 206 02db D7B5C4E1 		.ascii	"\327\265\304\3412q\270\304\034\362\352\216o3$\025\312"
 206      3271B8C4 
 206      1CF2EA8E 
 206      6F332415 
 206      CA
 207 02ec 6C683F09 		.ascii	"lh?\011^\031\247\013\237y\0055iJ\212\000\251\324\371"
 207      5E19A70B 
 207      9F790535 
 207      694A8A00 
 207      A9D4F9
 208 02ff F2D4DFBE 		.ascii	"\362\324\337\276(\266\253T\250\336\034i8\250\354\252"
 208      28B6AB54 
 208      A8DE1C69 
 208      38A8ECAA 
 209 030f 68827FA6 		.ascii	"h\202\177\246\341\004\037\273\207\002e\312\321*X\375"
 209      E1041FBB 
 209      870265CA 
 209      D12A58FD 
 210 031f 1AFC894D 		.ascii	"\032\374\211M\257\247M\277\012\261\370\254\0035C\177"
 210      AFA74DBF 
 210      0AB1F8AC 
 210      0335437F 
 211 032f 7C75F2BC 		.ascii	"|u\362\274~\001\036\334j\331we\253fO\246\\ g\341\346"
 211      7E011EDC 
 211      6AD97765 
 211      AB664FA6 
 211      5C2067E1 
 212 0344 4237F001 		.ascii	"B7\360\001n!HB\367ZP\023\015\337.@'\300\037\320\201"
 212      6E214842 
 212      F75A5013 
 212      0DDF2E40 
 212      27C01FD0 
 213 0359 756C8005 		.ascii	"ul\200\005\344t<\367\025\030x\211f\266\345\207\242\275"
 213      E4743CF7 
 213      15187889 
 213      66B6E587 
 213      A2BD
 214 036b 021241A2 		.ascii	"\002\022A\242\244\376\0324\365\216<-U3\023\341\263\021"
 214      A4FE1A34 
 214      F58E3C2D 
 214      553313E1 
 214      B311
 215 037d 4D753F7B 		.ascii	"Mu?{\037\353\371ud\205j\354\311\213R-$\010\364\372\360"
 215      1FEBF975 
 215      64856AEC 
 215      C98B522D 
 215      2408F4FA 
 216 0392 3D3EF4D6 		.ascii	"=>\364\326\355LYV\301M\334\331\327\003\321I\342\370"
 216      ED4C5956 
 216      C14DDCD9 
 216      D703D149 
ARM GAS  /tmp/ccuSlLKm.s 			page 16


 216      E2F8
 217 03a4 0C9E386E 		.ascii	"\014\2368nz\017\303\015\274\017\310,\\C\213\237\035"
 217      7A0FC30D 
 217      BC0FC82C 
 217      5C438B9F 
 217      1D
 218 03b5 B9A9AB2D 		.ascii	"\271\251\253-\337\360~\240\370\023\271#^\3254~\177\305"
 218      DFF07EA0 
 218      F813B923 
 218      5ED5347E 
 218      7FC5
 219 03c7 FBC5B7C8 		.ascii	"\373\305\267\310\321iB\374\277\202\3707a\316\000\267"
 219      D16942FC 
 219      BF82F837 
 219      61CE00B7 
 220 03d7 6609D0D0 		.ascii	"f\011\320\320\261e\347\274\320\002\023\270`\205o\323"
 220      B165E7BC 
 220      D00213B8 
 220      60856FD3 
 221 03e7 0AA72A05 		.ascii	"\012\247*\005\2761Y]\032\211\005\366va\201k\205\275"
 221      BE31595D 
 221      1A8905F6 
 221      7661816B 
 221      85BD
 222 03f9 A4C08402 		.ascii	"\244\300\204\002zAc\220Bcxu\233iu\033O\236\352\024\370"
 222      7A416390 
 222      42637875 
 222      9B69751B 
 222      4F9EEA14 
 223 040e 42766DCF 		.ascii	"Bvm\317\262\023\272\363\357\247\007,w\330N\332\261\275"
 223      B213BAF3 
 223      EFA7072C 
 223      77D84EDA 
 223      B1BD
 224 0420 EFD00C76 		.ascii	"\357\320\014v)\241\344\356Rr\255\201\3667\035\3529\245"
 224      29A1E4EE 
 224      5272AD81 
 224      F6371DEA 
 224      39A5
 225 0432 25ED4776 		.ascii	"%\355Gv\265+\367\313\276\014\231\324\037\275\240%H\256"
 225      B52BF7CB 
 225      BE0C99D4 
 225      1FBDA025 
 225      48AE
 226 0444 259C5C1B 		.ascii	"%\234\\\033%w\264\244;\037\370\022Fn|sS\2650\347\256"
 226      2577B4A4 
 226      3B1FF812 
 226      466E7C73 
 226      53B530E7 
 227 0459 EB985193 		.ascii	"\353\230Q\223\332\255\307\316\203R\223\027\346\351\250"
 227      DAADC7CE 
 227      83529317 
 227      E6E9A8
 228 0468 E8840770 		.ascii	"\350\204\007p:j{x\324N\0325+\347x\231\201\257`Q\353"
 228      3A6A7B78 
 228      D44E1A35 
 228      2BE77899 
ARM GAS  /tmp/ccuSlLKm.s 			page 17


 228      81AF6051 
 229 047d 1BEAC635 		.ascii	"\033\352\3065\204\277O\366\265\346\362r.\002ES\240\256"
 229      84BF4FF6 
 229      B5E6F272 
 229      2E024553 
 229      A0AE
 230 048f 20505738 		.ascii	" PW8P7\005\362\215\374\274\217\347\033\031\220w\242"
 230      503705F2 
 230      8DFCBC8F 
 230      E71B1990 
 230      77A2
 231 04a1 BA352AF4 		.ascii	"\2725*\364\252$\227k\360\252\274\307\256Jt<\3232\322"
 231      AA24976B 
 231      F0AABCC7 
 231      AE4A743C 
 231      D332D2
 232 04b4 16494B8E 		.ascii	"\026IK\2166\245\0135;\363\236E\315\231\373}\232{o\240"
 232      36A50B35 
 232      3BF39E45 
 232      CD99FB7D 
 232      9A7B6FA0 
 233 04c8 E4BE4B47 		.ascii	"\344\276KG\373H\311\273pCN\265&\370\275\275r\266@\275"
 233      FB48C9BB 
 233      70434EB5 
 233      26F8BDBD 
 233      72B640BD 
 234 04dc A027C8B9 		.ascii	"\240'\310\271'\360\001\355\243\\sG'\353\264\374\204"
 234      27F001ED 
 234      A35C7347 
 234      27EBB4FC 
 234      84
 235 04ed 6AB31C4F 		.ascii	"j\263\034O0v\355\353\357\217\\x\034?\270\270\251\372"
 235      3076EDEB 
 235      EF8F5C78 
 235      1C3FB8B8 
 235      A9FA
 236 04ff F4074AE4 		.ascii	"\364\007J\344,\035\351s?\003\010!\336Os\037\200\205"
 236      2C1DE973 
 236      3F030821 
 236      DE4F731F 
 236      8085
 237 0511 B86A6CFC 		.ascii	"\270jl\374\322\023\003?\025\000\031\033\032x\304\023"
 237      D213033F 
 237      1500191B 
 237      1A78C413 
 238 0521 908B7832 		.ascii	"\220\213x2\006\337\036-\221e\035\2542\300\340\277@\210"
 238      06DF1E2D 
 238      91651DAC 
 238      32C0E0BF 
 238      4088
 239 0533 25090FC3 		.ascii	"%\011\017\303\003\012sp<g \"\264T\204z\320yH\371\252"
 239      030A7370 
 239      3C672022 
 239      B454847A 
 239      D07948F9 
 240 0548 0CD1AF4A 		.ascii	"\014\321\257J\375\211\214Q=_\315\323\"\373[w\237\216"
 240      FD898C51 
ARM GAS  /tmp/ccuSlLKm.s 			page 18


 240      3D5FCDD3 
 240      22FB5B77 
 240      9F8E
 241 055a E29B9852 		.ascii	"\342\233\230Rv\260\375#,\203\017;w\355\371\342\211\226"
 241      76B0FD23 
 241      2C830F3B 
 241      77EDF9E2 
 241      8996
 242 056c 5E5946CC 		.ascii	"^YF\314,\274i\010\336\303`)\206\303\333\367\010\026"
 242      2CBC6908 
 242      DEC36029 
 242      86C3DBF7 
 242      0816
 243 057e 7060569B 		.ascii	"p`V\233-&W\204(m\264z\264v\207K\362\244\273\354j\233"
 243      2D265784 
 243      286DB47A 
 243      B476874B 
 243      F2A4BBEC 
 244 0594 64FA4A63 		.ascii	"d\372Jcwx,.\307\006\341\303OW\305/[\264(y)\2674)\311"
 244      77782C2E 
 244      C706E1C3 
 244      4F57C52F 
 244      5BB42879 
 245 05ad B8CC624D 		.ascii	"\270\314bM\265~\266\322\350p\033\327\233\\VG\272\333"
 245      B57EB6D2 
 245      E8701BD7 
 245      9B5C5647 
 245      BADB
 246 05bf 68763AC5 		.ascii	"hv:\305\015.\223\323)\271\334F\367&\267\331d\263\271"
 246      0D2E93D3 
 246      29B9DC46 
 246      F726B7D9 
 246      64B3B9
 247 05d2 45B426A1 		.ascii	"E\264&\241p\032q\215\344qZ\3234\242\210O\321\363\205"
 247      701A718D 
 247      E4715AD3 
 247      34A2884F 
 247      D1F385
 248 05e5 D1E25827 		.ascii	"\321\342X'\0317H\322Z\311\236ft8=\3065fs\242\311\265"
 248      193748D2 
 248      5AC99E66 
 248      74383DC6 
 248      356673A2 
 249 05fb 2ED1EEB0 		.ascii	".\321\356\260K\211\222)\325\232\370n\342\222\305\311"
 249      4B899229 
 249      D59AF86E 
 249      E292C5C9 
 250 060b EF257E9D 		.ascii	"\357%~\235\234\230\356L3y$\343\214i\243\325n\266\245"
 250      9C98EE4C 
 250      337924E3 
 250      8C69A3D5 
 250      6EB6A5
 251 061e A7492498 		.ascii	"\247I$\230Q\364lrJ\356$\013\027A\341?\377\237\341\247"
 251      51F46C72 
 251      4AEE240B 
 251      1741E13F 
 251      FF9FE1A7 
ARM GAS  /tmp/ccuSlLKm.s 			page 19


 252 0632 D1C5B556 		.ascii	"\321\305\265V\233M#:\234\222]t\305\210\242y\243It\246"
 252      9B4D233A 
 252      9C925D74 
 252      C588A279 
 252      A34974A6 
 253 0646 BB2471BD 		.ascii	"\273$q\275\325\345I7\331tf\313\312M\356\345&\233\347"
 253      D5E54937 
 253      D97466CB 
 253      CA4DEEE5 
 253      269BE7
 254 0659 CD996572 		.ascii	"\315\231ery\246\001\315\026\204$`\222\313ew\030D1\315"
 254      79A601CD 
 254      16842460 
 254      92CB6577 
 254      184431CD 
 255 066d ED102D26 		.ascii	"\355\020-&{\232M\372\317\265\265`m_\025\277\37489\331"
 255      7B9A4DFA 
 255      CFB5B560 
 255      6D5F15BF 
 255      FC3839D9 
 256 0681 E136D994 		.ascii	"\3416\331\224\320)+\314\372\0205\214\211\305d3\222Y"
 256      D0292BCC 
 256      FA10358C 
 256      89C56433 
 256      9259
 257 0693 4289FC23 		.ascii	"B\211\374#\223\177\000\326ir\037"
 257      937F00D6 
 257      69721F
 258              		.text
 259              		.section	.gnu.lto_.symtab.bb909701e6ce7ac7,"",%progbits
 260 0000 5F657869 		.ascii	"_exit\000"
 260      7400
 261 0006 00       		.ascii	"\000"
 262 0007 00       		.ascii	"\000"
 263 0008 00       		.ascii	"\000"
 264 0009 00000000 		.ascii	"\000\000\000\000\000\000\000\000"
 264      00000000 
 265 0011 CC000000 		.ascii	"\314\000\000\000"
 266 0015 5F676574 		.ascii	"_getpid\000"
 266      70696400 
 267 001d 00       		.ascii	"\000"
 268 001e 00       		.ascii	"\000"
 269 001f 00       		.ascii	"\000"
 270 0020 00000000 		.ascii	"\000\000\000\000\000\000\000\000"
 270      00000000 
 271 0028 D7000000 		.ascii	"\327\000\000\000"
 272 002c 5F6B696C 		.ascii	"_kill\000"
 272      6C00
 273 0032 00       		.ascii	"\000"
 274 0033 00       		.ascii	"\000"
 275 0034 00       		.ascii	"\000"
 276 0035 00000000 		.ascii	"\000\000\000\000\000\000\000\000"
 276      00000000 
 277 003d DC000000 		.ascii	"\334\000\000\000"
 278 0041 5F6F7065 		.ascii	"_open_r\000"
 278      6E5F7200 
 279 0049 00       		.ascii	"\000"
ARM GAS  /tmp/ccuSlLKm.s 			page 20


 280 004a 00       		.ascii	"\000"
 281 004b 00       		.ascii	"\000"
 282 004c 00000000 		.ascii	"\000\000\000\000\000\000\000\000"
 282      00000000 
 283 0054 DF000000 		.ascii	"\337\000\000\000"
 284 0058 5F5F6378 		.ascii	"__cxa_pure_virtual\000"
 284      615F7075 
 284      72655F76 
 284      69727475 
 284      616C00
 285 006b 00       		.ascii	"\000"
 286 006c 00       		.ascii	"\000"
 287 006d 00       		.ascii	"\000"
 288 006e 00000000 		.ascii	"\000\000\000\000\000\000\000\000"
 288      00000000 
 289 0076 E1000000 		.ascii	"\341\000\000\000"
 290 007a 5F5F6473 		.ascii	"__dso_handle\000"
 290      6F5F6861 
 290      6E646C65 
 290      00
 291 0087 00       		.ascii	"\000"
 292 0088 00       		.ascii	"\000"
 293 0089 00       		.ascii	"\000"
 294 008a 00000000 		.ascii	"\000\000\000\000\000\000\000\000"
 294      00000000 
 295 0092 EA000000 		.ascii	"\352\000\000\000"
 296 0096 6572726E 		.ascii	"errno\000"
 296      6F00
 297 009c 00       		.ascii	"\000"
 298 009d 02       		.ascii	"\002"
 299 009e 00       		.ascii	"\000"
 300 009f 00000000 		.ascii	"\000\000\000\000\000\000\000\000"
 300      00000000 
 301 00a7 E8000000 		.ascii	"\350\000\000\000"
 302 00ab 63685379 		.ascii	"chSysHalt\000"
 302      7348616C 
 302      7400
 303 00b5 00       		.ascii	"\000"
 304 00b6 02       		.ascii	"\002"
 305 00b7 00       		.ascii	"\000"
 306 00b8 00000000 		.ascii	"\000\000\000\000\000\000\000\000"
 306      00000000 
 307 00c0 E6000000 		.ascii	"\346\000\000\000"
 308              		.text
 309              		.section	.gnu.lto_.opts,"",%progbits
 310 0000 272D6665 		.ascii	"'-fexceptions' '-fmath-errno' '-fsigned-zeros' '-ft"
 310      78636570 
 310      74696F6E 
 310      73272027 
 310      2D666D61 
 311 0033 72617070 		.ascii	"rapping-math' '-fno-trapv' '-fno-openmp' '-fno-open"
 311      696E672D 
 311      6D617468 
 311      2720272D 
 311      666E6F2D 
 312 0066 61636327 		.ascii	"acc' '-mcpu=cortex-m4' '-mfloat-abi=hard' '-mfpu=fp"
 312      20272D6D 
ARM GAS  /tmp/ccuSlLKm.s 			page 21


 312      6370753D 
 312      636F7274 
 312      65782D6D 
 313 0099 76342D73 		.ascii	"v4-sp-d16' '-mno-thumb-interwork' '-mthumb' '-ggdb'"
 313      702D6431 
 313      36272027 
 313      2D6D6E6F 
 313      2D746875 
 314 00cc 20272D4F 		.ascii	" '-O2' '-fomit-frame-pointer' '-falign-functions=16"
 314      32272027 
 314      2D666F6D 
 314      69742D66 
 314      72616D65 
 315 00ff 2720272D 		.ascii	"' '-ffunction-sections' '-fdata-sections' '-fno-com"
 315      6666756E 
 315      6374696F 
 315      6E2D7365 
 315      6374696F 
 316 0132 6D6F6E27 		.ascii	"mon' '-flto' '-fsingle-precision-constant'\000"
 316      20272D66 
 316      6C746F27 
 316      20272D66 
 316      73696E67 
 317              		.text
 318              		.comm	__gnu_lto_v1,1,1
 319              		.comm	__gnu_lto_slim,1,1
 320              		.ident	"GCC: (GNU Tools for ARM Embedded Processors 6-2017-q1-update) 6.3.1 20170215 (release) [AR
ARM GAS  /tmp/ccuSlLKm.s 			page 22


DEFINED SYMBOLS
                            *ABS*:0000000000000000 syscalls_cpp.cpp
                            *COM*:0000000000000001 __gnu_lto_v1
                            *COM*:0000000000000001 __gnu_lto_slim

NO UNDEFINED SYMBOLS
